0.485172598465 -0.365760428685 -0.177309482276
0.485257715404 -0.365057417404 -0.176768279828
0.484891644073 -0.364679467406 -0.177746202135
0.484244171988 -0.364814879358 -0.177248728212
0.483783748925 -0.364090240887 -0.177064211783
0.483224330001 -0.363752847547 -0.176231956447
0.482684634858 -0.363657365207 -0.176396628356
0.482579715503 -0.364176441111 -0.176531828556
0.481993932339 -0.365476955681 -0.177336891882
0.481624338055 -0.364953815978 -0.175561593774
0.480019623834 -0.364524155018 -0.175003367045
0.479503200997 -0.36398224353 -0.176127853541
0.479022873399 -0.364504099319 -0.175790447577
0.478299370517 -0.364666023208 -0.175298100077
0.477228120528 -0.364761530416 -0.175318671929
0.47656892173 -0.364485082048 -0.175376944391
0.476356368864 -0.364679822667 -0.174769032175
0.476459086247 -0.363646399212 -0.174881059544
0.475715471464 -0.364168732839 -0.174315868594
0.475115721515 -0.363958899653 -0.175189658011
0.475018565278 -0.363869045869 -0.174587291426
0.474753531887 -0.363887033437 -0.173769264476
0.47418288684 -0.364764802369 -0.173982693884
0.474021733807 -0.363900185895 -0.174394486062
0.473547766418 -0.364266894182 -0.174060101681
0.473775177522 -0.363140893697 -0.173740975771
0.473377313752 -0.363926454963 -0.174167682704
0.473214453532 -0.364053687115 -0.173724415757
0.472642345769 -0.363546206171 -0.173954814209
0.472596328574 -0.363322073878 -0.173351026513
0.471976122435 -0.363525567719 -0.173224549574
0.470463142622 -0.364559265695 -0.172999979268
0.469205074761 -0.362901574356 -0.173170711506
0.467031941206 -0.364213045699 -0.173093899633
0.465373046328 -0.362859186999 -0.174147488469
0.463370297354 -0.3624563444 -0.174248551283
0.460829177992 -0.362093014065 -0.173839070552
0.456917814469 -0.362031903182 -0.174480660172
0.454405073147 -0.362178501813 -0.174143210789
0.452217693528 -0.361872614231 -0.173560155815
0.448804549896 -0.361559264334 -0.173555131506
0.442758690484 -0.361078936608 -0.173828319264
0.440301367022 -0.360185171237 -0.174999639202
0.436199802071 -0.36000147579 -0.174938975994
0.432250001033 -0.360183385426 -0.174057723036
0.428241525835 -0.358591720971 -0.175364454423
0.421807579157 -0.357876789533 -0.1759876422
0.417490132837 -0.356734356293 -0.175603934955
0.413197124088 -0.355209637176 -0.175418177811
0.408555900645 -0.354795519543 -0.177016158317
0.402452449716 -0.351567336101 -0.175401982605
0.397465765248 -0.351666843331 -0.176956549402
0.394713965077 -0.350240744754 -0.176751761837
0.391806210442 -0.349678697064 -0.176151410154
0.388834993235 -0.349195174277 -0.17552328705
0.383809133495 -0.347586240421 -0.174688964813
0.381258839522 -0.346444472703 -0.17552284102
0.379424832202 -0.345795317731 -0.176330515159
0.377158205743 -0.345014120612 -0.175251328052
0.372897179361 -0.343560690106 -0.173739301934
0.371262434615 -0.342323042846 -0.174362143977
0.369940831382 -0.342352119137 -0.174238855611
0.368638174949 -0.341284294416 -0.174278663238
0.367062639217 -0.340805305993 -0.173395785148
0.364029635209 -0.339502177937 -0.172504942475
0.362435776133 -0.338933308773 -0.172624485701
0.361035158781 -0.338582043362 -0.17207790535
0.359068805319 -0.337928997617 -0.171130265079
0.355712727638 -0.335891997853 -0.170443946437
0.354143592211 -0.335804882858 -0.170986247751
0.352509411496 -0.335686490936 -0.171745104725
0.350656820395 -0.334888083543 -0.170603632504
0.34756549609 -0.332919985468 -0.170978588947
0.345986013306 -0.332234217289 -0.170983847175
0.344418425023 -0.332120363228 -0.171462784966
0.343195890146 -0.330712878718 -0.171245508656
0.338957667901 -0.329550024465 -0.170759294331
0.337162335885 -0.328627803012 -0.171235466597
0.335419532941 -0.327170399539 -0.171607410885
0.333716674047 -0.327001897199 -0.171423766559
0.328632245934 -0.324267366142 -0.171522025673
0.327379276349 -0.322462725097 -0.172187213902
0.325524281206 -0.321836922429 -0.172540862541
0.323729261058 -0.320998122214 -0.172958622525
0.318720616285 -0.318734898817 -0.17316739812
0.317261773361 -0.317529267767 -0.173054687858
0.315878518064 -0.316664375791 -0.17350885635
0.313995892632 -0.315875106789 -0.174011888012
0.31116039719 -0.313831985542 -0.17432588055
0.308761759677 -0.312451565728 -0.174464571179
0.306930325879 -0.311358308683 -0.174709034093
0.305158731536 -0.31040485119 -0.174947667937
0.300848250217 -0.30683838697 -0.175053910943
0.299936682377 -0.306053943689 -0.175141657589
0.298892892635 -0.305059233721 -0.175574293494
0.297183551662 -0.303827081311 -0.175794601732
0.291665403224 -0.30089602838 -0.176010251396
0.290575110987 -0.299614880706 -0.176582575897
0.289315193283 -0.298540873474 -0.176484936166
0.283385310544 -0.294329149667 -0.17685675093
0.282706044378 -0.292459674099 -0.17757308669
0.281679732332 -0.291155909097 -0.177181172891
0.273487615504 -0.283721747752 -0.177432153042
0.272587936211 -0.28180651605 -0.177794618106
0.265459031756 -0.276980829779 -0.178662187727
0.265232760373 -0.275410724859 -0.178377593533
0.26530077586 -0.273326827302 -0.178584832812
0.259154149944 -0.271660662825 -0.179152381417
0.259216192318 -0.271705572649 -0.178846204209
0.25951864924 -0.270582390374 -0.179311094799
0.255206049756 -0.270955232128 -0.179040697906
0.255934939388 -0.270248358509 -0.178565399657
0.256452042698 -0.269317060468 -0.179640409499
0.253384430753 -0.270128302772 -0.178744219633
0.253974737754 -0.270734576519 -0.178418364068
0.248539777369 -0.270927143064 -0.178604944301
0.250004252471 -0.273634489951 -0.178458310997
0.250801612519 -0.274097219541 -0.178766481357
0.247202269947 -0.278001214277 -0.17821873449
0.247087038174 -0.280175944023 -0.177497607353
0.246900189883 -0.279771060646 -0.178038905172
0.246482371905 -0.27677999252 -0.178893764096
0.249619018435 -0.281132174094 -0.179437111858
0.251095021677 -0.277023482704 -0.179942537082
0.251255336194 -0.276654108875 -0.180238004116
0.252863963509 -0.277913357399 -0.1797509643
0.249842612382 -0.276466356355 -0.179834983925
0.251705080746 -0.277064614879 -0.178886931884
0.252465057019 -0.276824045452 -0.178577788061
0.249252845365 -0.275505839325 -0.178800688464
0.24473695894 -0.272149233609 -0.179739814201
0.245515578654 -0.27157517331 -0.179682467214
0.24261302804 -0.268086662581 -0.179906273686
0.243061318423 -0.26796539188 -0.18006670481
0.237829525674 -0.266016226898 -0.179627283743
0.238548436255 -0.266163110927 -0.180267018166
0.239206715782 -0.266059453623 -0.180034678601
0.235171335877 -0.26368254162 -0.179309969636
0.237147857928 -0.262321449776 -0.179789990055
0.237737421347 -0.26130543387 -0.179300161481
0.234744846646 -0.260751666584 -0.179250900328
0.235720614367 -0.25977049189 -0.178998350237
0.235848048178 -0.260666189629 -0.178464119197
0.232086918462 -0.25993226364 -0.178493748809
0.232712999543 -0.260432459571 -0.178994697303
0.229186293746 -0.259293425649 -0.178450775405
0.229706343944 -0.26010298216 -0.178972016229
0.226660926575 -0.257434541022 -0.177753031059
0.225144125915 -0.255154502067 -0.178056385822
0.22623456092 -0.255524863097 -0.177821350206
0.22818767941 -0.254580569245 -0.179280037496
0.224499956869 -0.252863922617 -0.178355550541
0.225220884027 -0.252232223795 -0.17729176111
0.221046754314 -0.248993649101 -0.177746506896
0.220925721503 -0.247970445025 -0.178478365681
0.221256960212 -0.246052847487 -0.179158915018
0.215609022888 -0.242348903458 -0.179107591945
0.215315194338 -0.242380248486 -0.179579130347
0.210428399793 -0.240033013786 -0.179667420565
0.210488920574 -0.240243918134 -0.178698710976
0.20775089937 -0.235871154909 -0.178749105768
0.208104910355 -0.236101673382 -0.178761874099
0.205187458623 -0.229598499294 -0.179232928444
0.205840438055 -0.229344838002 -0.178299273409
0.201521012845 -0.225153744474 -0.178554778872
0.201817986155 -0.223871216906 -0.178778339731
0.196405255696 -0.217228581693 -0.179552933409
0.196158552247 -0.216432221008 -0.179495328019
0.193667156314 -0.21422255479 -0.17896395055
0.194017662518 -0.214736263882 -0.179640393468
0.189620618809 -0.2101462618 -0.17949464556
0.186681080184 -0.203775843413 -0.179014150555
0.187105825725 -0.203567780149 -0.179089477353
0.184350702146 -0.196491834501 -0.177858171212
0.180067869523 -0.192568780977 -0.177928276017
0.180595133733 -0.189165816012 -0.178823420272
0.177417885752 -0.186338383126 -0.179164541421
0.173739628029 -0.180394751059 -0.178808045412
0.174522148645 -0.179049522378 -0.178557310586
0.170560223489 -0.173596061649 -0.178441417116
0.170745180725 -0.171792324848 -0.17926700746
0.167142245452 -0.165761659104 -0.178863254945
0.168056182496 -0.161744821456 -0.179697977806
0.165444662807 -0.156274775453 -0.17951166658
0.161244090238 -0.149290908753 -0.180395117808
0.161584943638 -0.147016299826 -0.179733261032
0.158418041022 -0.139217614344 -0.180047353083
0.159097473007 -0.136037809861 -0.179890208954
0.160183628025 -0.133268924093 -0.18010475879
0.156786333544 -0.125514146656 -0.179579713165
0.157285486634 -0.123267619596 -0.180005465854
0.154848864089 -0.117643981235 -0.179921574597
0.157245740821 -0.114883946438 -0.17989765049
0.155221814065 -0.113774631465 -0.180798184907
0.156029789032 -0.113436779368 -0.180410758697
0.150314055081 -0.115136608653 -0.180543320534
0.151180609662 -0.115306524618 -0.179865297433
0.149063331654 -0.113657725252 -0.181141984219
0.150874821617 -0.115688614382 -0.180942096748
0.149517501256 -0.113799491415 -0.180791596693
0.148087238642 -0.113448709859 -0.18029348248
0.14903541094 -0.114899081942 -0.179706888727
0.147296277147 -0.11090736863 -0.17990549786
0.147692258361 -0.111835033019 -0.179627903114
0.146075583456 -0.112038123836 -0.179564858952
0.146783066909 -0.113403711695 -0.178444212516
0.147534007976 -0.11505433219 -0.178686593354
0.145821448997 -0.115915900989 -0.177975374169
0.143738634465 -0.114893534618 -0.178391973012
0.143509452728 -0.115515434943 -0.178156804173
0.143297914664 -0.115537345395 -0.178710830958
0.142754907268 -0.113803091996 -0.178665907852
0.142292717727 -0.114941892477 -0.17876455307
0.141908956881 -0.113346614855 -0.178864775626
0.141987454882 -0.113478884212 -0.178741808772
0.142070534006 -0.107361075181 -0.178711121802
0.14205962286 -0.105971101386 -0.178294468631
0.14174567073 -0.100580809527 -0.178182612863
0.14229981186 -0.0996272293276 -0.178246262761
0.140884261362 -0.097599362036 -0.179152395421
0.141251771702 -0.096678190446 -0.178270888558
0.141892498126 -0.096492420459 -0.178904765649
0.141292679861 -0.0925726551736 -0.178351620156
0.138997301512 -0.0877372753274 -0.178513194151
0.139978414299 -0.0871023029788 -0.178637131421
0.13868910035 -0.0830933454813 -0.179813908551
0.138425088482 -0.0749754043661 -0.180039584358
0.138652678459 -0.0754218403252 -0.180134368917
0.136267441997 -0.0702357497841 -0.179588773802
0.135116887691 -0.0670061242796 -0.180191030592
0.133376197672 -0.0706962697192 -0.180051389227
0.134386416017 -0.0637649909683 -0.179941959153
0.133674598938 -0.0674193203406 -0.18002536759
0.135389434017 -0.0601366214591 -0.18051136414
0.134223433875 -0.0609026864227 -0.179691322796
0.135068839465 -0.0536307705722 -0.179278168349
0.13426120661 -0.0537184459154 -0.178793054222
0.134826998904 -0.0447080140486 -0.178854060738
0.135248123679 -0.0436906055352 -0.178104044045
0.136961585396 -0.0369916443966 -0.179126894126
0.136236233609 -0.026534808321 -0.178756434225
0.13690864195 -0.0270115737598 -0.179260825788
0.137385791782 -0.0203952505191 -0.17888557045
0.138214948153 -0.0200844304488 -0.180217437226
0.140417367779 -0.0127408112822 -0.180012347994
0.141956346119 -0.0119516964257 -0.180686062786
0.140578467331 -0.00386771633809 -0.180516138082
0.139273682404 -0.00582785497141 -0.181242879578
0.138675927014 -0.0065779106837 -0.181390900111
0.138901073195 0.00332247574755 -0.181283559249
0.13909358547 0.00318727394642 -0.18086044864
0.140622797291 0.0116532881597 -0.181651076438
0.141584721994 0.0127528677825 -0.180409800391
0.142199468411 0.0194674644311 -0.180617150669
0.142333961202 0.0180801644105 -0.180191500146
0.142725753214 0.0165476567396 -0.180123278899
0.141780269294 0.02091410374 -0.180474268688
0.141859520161 0.0205663073261 -0.179702296865
0.140370265065 0.0211482619769 -0.178818777076
0.139812594653 0.0196543452428 -0.178873614884
0.138426675571 0.0178741015772 -0.179150110576
0.13796847124 0.0149240964534 -0.177908844202
0.138849706265 0.0153836039861 -0.17788512706

