0.394083339429 -0.338891941516 -0.175853027205
0.394029399279 -0.338227093963 -0.175533300787
0.393865406226 -0.33861471038 -0.175876522523
0.393674305231 -0.338493856028 -0.175686509056
0.393222189223 -0.338796443427 -0.175665417166
0.393290962246 -0.338241737815 -0.175934923494
0.392981788022 -0.338590821324 -0.175672990408
0.393056333857 -0.338538743085 -0.175481848448
0.392913216079 -0.338930712874 -0.175835283343
0.392512882143 -0.338841526337 -0.176040509932
0.39215724972 -0.338395587891 -0.174484974258
0.391128441894 -0.337945493411 -0.17493308018
0.390825509998 -0.337719702605 -0.174762500651
0.390124673034 -0.338331914972 -0.176082099443
0.38980999773 -0.338603690584 -0.17484063287
0.388774091335 -0.338694137191 -0.174615972792
0.388514151844 -0.338413155873 -0.175252209786
0.387696240527 -0.338559149263 -0.175203293535
0.387130312618 -0.337872548718 -0.174472345849
0.386532274253 -0.338540296824 -0.174380033469
0.385906952733 -0.338921727306 -0.175311326747
0.385794867536 -0.338800819375 -0.174915457937
0.385837722879 -0.338037842128 -0.174417867012
0.385649560577 -0.338134967331 -0.174004235015
0.384837619689 -0.3386217586 -0.174518294035
0.384592873281 -0.337927575646 -0.174594798645
0.384317006263 -0.338669222942 -0.173691032478
0.384062306748 -0.338617500127 -0.174492886008
0.383878228535 -0.338871833972 -0.174450284568
0.383319395086 -0.338362631866 -0.174300855507
0.38347016985 -0.338040359491 -0.174145068463
0.383381191416 -0.338680417226 -0.173878224747
0.382759054069 -0.339218145469 -0.173984279449
0.382655198639 -0.338125379085 -0.17410863296
0.382341959627 -0.338887590333 -0.173993725689
0.382551184031 -0.337800038059 -0.174537721845
0.382484345872 -0.337738266248 -0.173756097344
0.382044948627 -0.338124606185 -0.173478483448
0.381765995093 -0.33796604634 -0.174071586499
0.38140071043 -0.338360329629 -0.174587135387
0.381260279676 -0.33856443762 -0.173968614223
0.381069378296 -0.338276597075 -0.173564911198
0.380323424453 -0.338252063593 -0.174063498795
0.379373456795 -0.337887281576 -0.174416301228
0.37790351222 -0.337761855665 -0.173129822432
0.375886932338 -0.338767412444 -0.173207874757
0.374044382603 -0.338646471518 -0.174224320744
0.370428024843 -0.338390627551 -0.174835682102
0.367752351064 -0.338337433204 -0.174142533665
0.365979526778 -0.337675717957 -0.174612191775
0.362579052717 -0.338351280989 -0.174620796083
0.357028435191 -0.337850660165 -0.1747902489
0.353659008662 -0.338128099564 -0.174986929156
0.350126680169 -0.338023137307 -0.174923840915
0.345423802315 -0.338110803336 -0.175698623583
0.342138682128 -0.33670612549 -0.175676958726
0.335363507209 -0.336361472317 -0.175857118235
0.331228712136 -0.335659800007 -0.174312185025
0.325961074547 -0.336026645262 -0.175708143118
0.320977518753 -0.334343512537 -0.174230898888
0.313067437423 -0.332928790438 -0.175783279437
0.306365199422 -0.332075068698 -0.177084502219
0.301183220856 -0.330817781193 -0.176894942343
0.295844888578 -0.329451907808 -0.175805913228
0.292215945354 -0.328002033415 -0.175454338814
0.285417523582 -0.325935323578 -0.176299893192
0.283199020342 -0.324812141082 -0.177614967285
0.280956974303 -0.322968757751 -0.178282795757
0.279182177431 -0.322429184499 -0.178205449168
0.273216500092 -0.321385819218 -0.179657940544
0.271404508961 -0.320020435412 -0.180024212215
0.26968334404 -0.319274606817 -0.180992048088
0.269155209145 -0.318576276088 -0.18084412469
0.263189363273 -0.319187106279 -0.181864040021
0.262348763275 -0.317593868635 -0.183014616043
0.262163161178 -0.316523496087 -0.183311438038
0.26239166082 -0.315883362674 -0.183059579931
0.257048458587 -0.317153433247 -0.184176396914
0.2574204273 -0.316299762003 -0.184153478103
0.257783035746 -0.315853369535 -0.184596719703
0.258258270188 -0.315964377743 -0.183637498809
0.253888976507 -0.316092519679 -0.184940112124
0.255994528369 -0.316703581279 -0.184711815091
0.256398840744 -0.316661673523 -0.185752129376
0.25439001741 -0.316752691462 -0.184500224101
0.254507605831 -0.316098190074 -0.184272593821
0.254980397133 -0.315978118232 -0.184017680396
0.254859626837 -0.316409499946 -0.184555712592
0.250534638385 -0.314868893299 -0.183561886987
0.250289618868 -0.314819707447 -0.182858828103
0.249292438386 -0.31441036778 -0.18398598338
0.244443145692 -0.31385035366 -0.18399430138
0.244257637007 -0.314385720989 -0.183089545682
0.244048855347 -0.314081542003 -0.183602323482
0.24452577066 -0.31307655087 -0.183387234192
0.240460821679 -0.311972509484 -0.184051231162
0.241112689982 -0.311029267372 -0.183484465596
0.241255558143 -0.310286051368 -0.183881308433
0.241689775697 -0.309890911089 -0.183183206325
0.239231584033 -0.309809833412 -0.182495628122
0.23948110455 -0.308494058582 -0.182788100513
0.239764661497 -0.307897806479 -0.181876209936
0.239959163614 -0.306138167266 -0.182546773979
0.235384416471 -0.306751507122 -0.182975901851
0.235397216747 -0.306175024674 -0.183044296384
0.235796017646 -0.304196589073 -0.182479948217
0.231379899195 -0.304602647037 -0.182849099918
0.231888316636 -0.303143447721 -0.182910010691
0.2316895426 -0.301940026973 -0.182920287036
0.231644760711 -0.300530033249 -0.181959105395
0.225812556368 -0.300962884035 -0.182592505387
0.225767814636 -0.298738700285 -0.183534744021
0.22588874698 -0.297924405902 -0.183897259381
0.226021619105 -0.297046461286 -0.184054248735
0.222927389111 -0.295607004468 -0.183517645888
0.223407223963 -0.294707199629 -0.183121076884
0.217521143282 -0.29315405983 -0.183301813511
0.217540434537 -0.293101078351 -0.183565660804
0.21181865984 -0.294506845385 -0.183675971583
0.210345772836 -0.289042835302 -0.183165433545
0.203701175716 -0.291536183454 -0.183902765061
0.202318790825 -0.291255404906 -0.185579370642
0.197979287204 -0.291782909758 -0.185325768114
0.197581998451 -0.292159614903 -0.184709916307
0.198960123408 -0.293348462672 -0.185330366263
0.198931401384 -0.293034880912 -0.186194738337
0.199667553337 -0.295047781421 -0.18646787646
0.200104887562 -0.294566167404 -0.185984682068
0.200639058583 -0.297495638493 -0.186514217386
0.200887646609 -0.296286606472 -0.185524751159
0.201391011389 -0.297829022681 -0.185041198661
0.201557973543 -0.298910912914 -0.184902674192
0.202250823711 -0.300891861774 -0.184092641113
0.201896470365 -0.297682589077 -0.1842625863
0.202063837159 -0.299330787561 -0.184193413591
0.199367941975 -0.299715185369 -0.183025556409
0.199611733208 -0.300575555175 -0.183820532921
0.196790767733 -0.296031186579 -0.18227933403
0.196565499076 -0.295670616614 -0.183024137414
0.192869195926 -0.293160431099 -0.182914308598
0.185854708577 -0.289875322699 -0.182887724882
0.18450776411 -0.290167080299 -0.182191683205
0.176788976118 -0.281559800434 -0.182049233817
0.174735752552 -0.278194684293 -0.183195755778
0.168701293004 -0.273527631481 -0.18232210843
0.160128032006 -0.268270664134 -0.184229755709
0.158626216852 -0.266555454137 -0.184792346748
0.155779648926 -0.265837787753 -0.184405611348
0.155655178544 -0.26669840365 -0.184398973838
0.151601658439 -0.264314688902 -0.18486740759
0.151152745034 -0.264751618932 -0.184708805248
0.150614306268 -0.265680130894 -0.184562475287
0.147987940061 -0.259358679521 -0.18451754672
0.147591593304 -0.258763825996 -0.184806030854
0.147038243748 -0.255714139721 -0.185247888823
0.143043432844 -0.250365547219 -0.185580314292
0.142160731578 -0.249952031892 -0.186288544451
0.141210652076 -0.250075572207 -0.186685900354
0.137878421043 -0.248626973706 -0.187191471354
0.137610429696 -0.24977481747 -0.186555061612
0.133254301539 -0.246776124373 -0.18649527362
0.131795786294 -0.248893556586 -0.18644142958
0.128889456074 -0.246076143207 -0.186205219718
0.128531618594 -0.248876070639 -0.187002416432
0.127140233595 -0.240886570429 -0.186369521658
0.126682232807 -0.241346968074 -0.186837313521
0.125019986309 -0.231784911278 -0.187496323391
0.12499498283 -0.230848327282 -0.186999932273
0.122925132623 -0.227826962935 -0.187180524298
0.123846877142 -0.227488836739 -0.186296966226
0.120461896334 -0.224725568575 -0.186644349242
0.122364087378 -0.225050753843 -0.186932400579
0.11969530606 -0.222700417155 -0.185938907712
0.116053680439 -0.222561870461 -0.186923035746
0.117329037139 -0.223095836218 -0.186163443151
0.117018273612 -0.223891857299 -0.186466302622
0.11720850277 -0.223828318919 -0.186218527207
0.119526795924 -0.225195585252 -0.18492810559
0.118185606664 -0.224761182716 -0.185554045055
0.11884858492 -0.223691798609 -0.18451343889
0.113803267203 -0.217494063194 -0.185042837125
0.113511158479 -0.215661406548 -0.185957450963
0.113269091354 -0.214143107983 -0.186282529423
0.107803759534 -0.209658722811 -0.185734703264
0.107735616455 -0.208226343626 -0.185324117027
0.104178328522 -0.208532512518 -0.185136734154
0.104109897447 -0.208350729581 -0.18610707113
0.104231661471 -0.209662062265 -0.185105678746
0.101232770243 -0.21029301111 -0.185110072386
0.0992567734159 -0.207119862623 -0.185394611345
0.0997372703596 -0.207531013287 -0.185066349335
0.0990732362052 -0.203166187465 -0.185742870682
0.100431332692 -0.20458315259 -0.185097870736
0.100640232159 -0.203672601903 -0.184710584727
0.101476055195 -0.204031938103 -0.185604814529
0.100373191712 -0.201001266077 -0.185088934902
0.0965478609243 -0.19619460811 -0.184786966674
0.0962095985323 -0.192101329916 -0.184316556096
0.0906053361269 -0.189532971301 -0.184056363378
0.0917325673636 -0.185384967156 -0.184262099361
0.0855979209079 -0.184399574301 -0.184688837803
0.0866661256083 -0.18189080391 -0.184415027815
0.081378513674 -0.178866875002 -0.1843257277
0.0826787046863 -0.178949478281 -0.184147469882
0.0830652120746 -0.179070735772 -0.18408031142
0.0804581712632 -0.177620783182 -0.185734276729
0.078963086098 -0.176783248399 -0.184631797491
0.0822061175057 -0.178765730695 -0.184035646275
0.0789936914479 -0.177314148737 -0.184220414991
0.0820651428695 -0.177938382693 -0.184552546025
0.0785330992216 -0.175520717293 -0.184153403307
0.0798623974522 -0.173273694625 -0.183627986871
0.0775617751868 -0.17167202979 -0.183967371803
0.0787711755521 -0.169958331114 -0.183147709101
0.0746867082073 -0.169022379925 -0.183379235888
0.0762863558522 -0.166420397054 -0.183479964461
0.0785283902504 -0.16322535505 -0.184718582768
0.0798293239994 -0.161008171532 -0.183838722767
0.0741118769109 -0.161978473796 -0.183841796423
0.0747792246298 -0.160127241762 -0.184780799474
0.069773520094 -0.159838063862 -0.183859341934
0.0706206130343 -0.15880007671 -0.184119221454
0.0715170864708 -0.157535633096 -0.184444413888
0.0665561395346 -0.160382775961 -0.184084404526
0.0682304116759 -0.161205350858 -0.183663085938
0.0678963900035 -0.162451643942 -0.183552425552
0.0698227693711 -0.161070538843 -0.183096857904
0.0678205832743 -0.160337052517 -0.183678113319
0.0614456717477 -0.160256705966 -0.184214891066
0.0578577718871 -0.158871974729 -0.183451295932
0.0566942178 -0.158617796851 -0.183916401047
0.0569780886411 -0.154542491999 -0.183252767144
0.0569276464718 -0.15432413362 -0.183513298116
0.0571838610366 -0.153154048223 -0.18359536669
0.0574001693452 -0.15291635332 -0.182276187767
0.0564850509676 -0.151520950105 -0.18334168348
0.0560423053302 -0.149736073181 -0.182415232339
0.0536321199179 -0.143203285024 -0.181778910562
0.0503723413629 -0.134499496817 -0.182898092462
0.0503570230899 -0.128759494249 -0.18345037438
0.0500982049358 -0.123761592406 -0.183467870478
0.0469206131923 -0.121194157542 -0.183085774702
0.0469334813602 -0.119162941896 -0.183237070986
0.0431826192594 -0.111838587334 -0.183040678937
0.0439127459296 -0.109881424361 -0.182647490762
0.0397818330503 -0.106703361236 -0.183207672138
0.0419436944609 -0.106412647394 -0.182414957961
0.0393004145433 -0.104800187149 -0.182719922039
0.0404395375759 -0.104701495848 -0.182485411165
0.0378214110521 -0.102216563611 -0.181989864127
0.0384841130631 -0.100205229956 -0.18287322931
0.0389843896402 -0.0962149483777 -0.182845316564
0.0353038932299 -0.0935000060661 -0.183245551669
0.0391870320465 -0.0900280536132 -0.183662485054
0.0354892632298 -0.0891467808732 -0.18404334643
0.0391338915179 -0.0872224016561 -0.183752304659
0.03987128274 -0.0868795790621 -0.183473590725
0.0355011096115 -0.0890431125372 -0.183970248667
0.0368599720739 -0.0893786557262 -0.184103170311
0.0376983976185 -0.0902224159996 -0.184006075595
0.0382862606268 -0.091019144721 -0.183550095065
0.0348680389551 -0.0936863218024 -0.183625975459
0.035942671693 -0.0942115112276 -0.183594555803
0.0347418747802 -0.0956427433624 -0.18262704797
0.0366317477583 -0.0972099317608 -0.183134310514
0.0358992912041 -0.0985656974354 -0.183504836483
0.0375740629773 -0.100455333429 -0.183672073699
0.0350382602189 -0.104604175782 -0.182840408628
0.0317664242263 -0.105840812372 -0.182361393927
0.0304197730528 -0.103196909868 -0.182038277106
0.0293052065585 -0.104171232904 -0.18294215816
0.0270604333502 -0.103056293082 -0.182358076718
0.0275457022636 -0.09161459324 -0.183270231328
0.0262714362606 -0.0934315384261 -0.18351049645
0.0264737012098 -0.0796970254451 -0.182840951805
0.0266680909283 -0.0679717360117 -0.182118115648
0.0250001977992 -0.0642915901506 -0.182517902339
0.0231034357704 -0.0518362465746 -0.181276256533
0.0213226347775 -0.0511305718181 -0.181336710079
0.0200034077932 -0.0503010799857 -0.181023537129
0.0195926633888 -0.0454103590495 -0.181299985974
0.0199216500091 -0.0436833016072 -0.180933271654
0.020194917213 -0.0426114111766 -0.180566005332
0.0217882638745 -0.0346457151854 -0.181538018333
0.0225437727139 -0.0360811130086 -0.180983713819

