0.466704007711 -0.204395875632 -0.179391526428
0.466914929253 -0.205055605708 -0.178613173676
0.4668212152 -0.205377432266 -0.178647159152
0.466509441589 -0.204429147743 -0.178261268829
0.465992485902 -0.204133209107 -0.178670619192
0.465909156281 -0.204363014016 -0.178104868785
0.465904041299 -0.204399571168 -0.178375818051
0.466180944116 -0.202625596357 -0.178572265708
0.466029666398 -0.202638355497 -0.178171261326
0.46600629101 -0.203193930298 -0.178313331166
0.466217910645 -0.201868527358 -0.17779501531
0.466228625412 -0.201506470054 -0.177985869712
0.466244537738 -0.201455951538 -0.178087006396
0.46594535052 -0.202782140534 -0.177587112281
0.465889314911 -0.20221807608 -0.177941683167
0.465813375483 -0.202145361552 -0.17790272955
0.465813375483 -0.202145361552 -0.17790272955
0.464912702873 -0.203788975031 -0.178025242249
0.465082367038 -0.203379807651 -0.177362410321
0.46507752376 -0.20427799357 -0.177421179904
0.464878449183 -0.203139794367 -0.178209956409
0.464847465431 -0.204503336936 -0.177287330395
0.464923510005 -0.204767406481 -0.17782702196
0.465159584374 -0.204148308182 -0.177464261068
0.465256857642 -0.204140883157 -0.17743549392
0.46556758732 -0.202834163701 -0.177494740068
0.465023331344 -0.202982408268 -0.177962400515
0.464971150753 -0.202408856773 -0.178214434054
0.465341642553 -0.200533112054 -0.17788379983
0.463684298512 -0.203232489216 -0.178161735549
0.463561881035 -0.202571726268 -0.178220271495
0.463897407962 -0.20269570223 -0.177427581902
0.463809634123 -0.202254560486 -0.177754908103
0.464197459678 -0.20258030084 -0.177854668131
0.461789091696 -0.206258969847 -0.177866586458
0.462044583963 -0.206323029523 -0.177046008855
0.461945424105 -0.205934820302 -0.177272841813
0.462517825412 -0.206058317901 -0.178051144346
0.460952788681 -0.207833793135 -0.177425945621
0.461036687789 -0.208346975488 -0.177967525292
0.46113180747 -0.209300166465 -0.177351837215
0.461486557977 -0.208512829893 -0.177686553299
0.460765984173 -0.210041830509 -0.177284778811
0.460704503145 -0.208784705878 -0.177435687523
0.460965650429 -0.208215898069 -0.177210515844
0.461083773354 -0.208003266304 -0.17650951881
0.459395265481 -0.209545574411 -0.176742219059
0.459386142355 -0.209189504571 -0.176829041918
0.45967621357 -0.209963869946 -0.176632871131
0.459712378455 -0.210440823881 -0.177669486807
0.458079047149 -0.210976664308 -0.176718658095
0.458235914498 -0.210668626719 -0.176231138793
0.458468863523 -0.211124896411 -0.177263552956
0.458392240355 -0.21247312761 -0.177553945815
0.45829998795 -0.212700597762 -0.177412417185
0.457768148985 -0.213224812092 -0.176764523366
0.457900056232 -0.214269516495 -0.177558891038
0.458018329856 -0.214416185037 -0.177160008534
0.457979223694 -0.216160768323 -0.17644377401
0.45849091873 -0.212459538448 -0.176959524707
0.458531720472 -0.213711250282 -0.177467731973
0.458531720472 -0.213711250282 -0.177467731973
0.458824750753 -0.213689172395 -0.176855116091
0.459587144677 -0.211168234865 -0.176853211042
0.459923812445 -0.211131532156 -0.178127304259
0.460103786117 -0.211404469054 -0.177426692994
0.460482606126 -0.210984488365 -0.177389018146
0.459665846629 -0.212183205699 -0.177586389042
0.459632048758 -0.212574910342 -0.177690561672
0.45965866903 -0.21347922428 -0.178022713681
0.460103133845 -0.213105223346 -0.177880948059
0.459948686843 -0.213461269169 -0.177817506374
0.459750144091 -0.214666313306 -0.177811479029
0.45961393001 -0.215633797246 -0.178856002842
0.459985710252 -0.215222001463 -0.178670113361
0.459519847607 -0.216929722213 -0.178912249929
0.458998769266 -0.217235240088 -0.178560266078
0.458821789677 -0.218747287429 -0.178570950465
0.458520778347 -0.220494632885 -0.178160484592
0.457780927744 -0.2228983732 -0.178412581063
0.459035338364 -0.219269274517 -0.177990377814
0.458462363569 -0.220744926383 -0.178549648417
0.457541002014 -0.223451997862 -0.178129318159
0.457111804089 -0.225207178674 -0.17725824175
0.458346382904 -0.217378607717 -0.176583398749
0.457643020049 -0.218722668733 -0.176995535244
0.457523401368 -0.219298349485 -0.176704979115
0.457044001268 -0.221059758578 -0.17682581445
0.459109220654 -0.213173282083 -0.176841907591
0.45923862318 -0.213514401185 -0.176755741452
0.458787996946 -0.214813516245 -0.176766861699
0.458373042909 -0.215976721641 -0.176977480218
0.458438037807 -0.214049799179 -0.176691304113
0.458339478445 -0.213743160424 -0.176408394271
0.458220827696 -0.215359347954 -0.176245602395
0.458270365803 -0.215626270618 -0.176758867172
0.458319574944 -0.213479811622 -0.176747531546
0.457713368043 -0.213790956187 -0.175797774236
0.457771847452 -0.213099055329 -0.176830402969
0.456477929374 -0.214454973147 -0.175766278126
0.456492213498 -0.214427401106 -0.175468779399
0.456139070923 -0.215937234397 -0.174996863246
0.455210314171 -0.215044420086 -0.174989750135
0.45406643269 -0.215973638136 -0.175517935361
0.453654377359 -0.217214391899 -0.174926475456
0.452683334188 -0.218744784969 -0.174368163455
0.451726580204 -0.219380719855 -0.174468025737
0.451046336648 -0.218189166479 -0.174337367594
0.450373065328 -0.219391094865 -0.173067579093
0.449343712634 -0.220482250443 -0.174626225759
0.450273082445 -0.21701330682 -0.173926519394
0.44870675235 -0.22090300796 -0.173219301506
0.447883162481 -0.22190516543 -0.173954648183
0.446783751344 -0.222230326707 -0.17475312747
0.449057234553 -0.218540045138 -0.173519185969
0.448694072234 -0.218807636321 -0.173588012925
0.448456614246 -0.218997597215 -0.17255532976
0.450303623337 -0.212849187857 -0.173026764048
0.450108501137 -0.212568435402 -0.172920335151
0.448626993007 -0.212923235768 -0.173011907664
0.448145278706 -0.213662552633 -0.172071637304
0.44093256361 -0.212610889176 -0.173243275639
0.438658515382 -0.213638660315 -0.172402694938
0.429001771736 -0.211525364279 -0.172051497415
0.424868257913 -0.211302428594 -0.173082632992
0.410792571687 -0.209709013098 -0.173650758257
0.40303261322 -0.209727764815 -0.174566834733
0.394707992632 -0.208238512291 -0.172550676816
0.379729326427 -0.20529591965 -0.173129335827
0.374278216226 -0.20452651366 -0.170899587043
0.368843276816 -0.20347244242 -0.169319889626
0.350284207148 -0.19861540982 -0.162247551572
0.346888065786 -0.197517408009 -0.161936519595
0.336420101091 -0.194448508436 -0.158596429636
0.334133286365 -0.193973653708 -0.158382043281
0.325587493405 -0.194721346002 -0.157937679303
0.323833658248 -0.196252223846 -0.158726064161
0.319172338402 -0.19330287838 -0.158139157181
0.318541962037 -0.196005613289 -0.158482158955
0.317630837131 -0.192284532055 -0.157281836827
0.317424258922 -0.194308174545 -0.157559798802
0.317710445546 -0.191891530045 -0.156673951844
0.317807945671 -0.19324757775 -0.15738062659
0.318516907278 -0.195587932639 -0.157286218831
0.318526303437 -0.191681606759 -0.157217554698
0.316283028746 -0.186438301632 -0.156438227111
0.315720611914 -0.189816352027 -0.156621671703
0.312392520732 -0.186523757881 -0.15621070115
0.312660798278 -0.188631319001 -0.156532499047
0.31151770664 -0.185685088397 -0.156686735515
0.311498992376 -0.186450333022 -0.153841793717
0.308018456288 -0.184077710803 -0.152915906699
0.306766569021 -0.1829498637 -0.152757405797
0.301719598893 -0.179413086719 -0.153918604923
0.29967538702 -0.178666182405 -0.153341029614
0.296618296534 -0.176937693629 -0.153233879639
0.289970629054 -0.173965040506 -0.15419557458
0.28835692445 -0.174502775657 -0.156665766642
0.282649576748 -0.171659713192 -0.156301611916
0.280958495382 -0.171662633521 -0.155863748749
0.280055746726 -0.171964167216 -0.156184899768
0.276823665068 -0.170093828749 -0.156660321737
0.272576823946 -0.167437078793 -0.157075715794
0.271904745108 -0.170369862951 -0.157290244008
0.268478554297 -0.167576824962 -0.15769804973
0.267972777924 -0.168583271813 -0.157599886639
0.265047120414 -0.164033595358 -0.157081030019
0.26446922141 -0.165462381033 -0.157334254571
0.264346927682 -0.167228999268 -0.158048320502
0.261335783435 -0.162048125021 -0.157941623928
0.257904748943 -0.157664586948 -0.158147978624
0.25779789063 -0.15876001051 -0.157578471029
0.255752407041 -0.154358710819 -0.157197367799
0.255590455593 -0.153803580665 -0.157702842531
0.252178414961 -0.14792573802 -0.158696289562
0.252436321466 -0.145436780679 -0.159547906907
0.245368603207 -0.143760406203 -0.159229826388
0.238725255108 -0.142150538063 -0.159894438054
0.236840154667 -0.139075458785 -0.159911079486
0.229867060092 -0.136829223266 -0.160771056353
0.229392703279 -0.137285151227 -0.162707592
0.229613372102 -0.139499285038 -0.16239245299
0.228023056562 -0.139219563561 -0.162478344586
0.228916441584 -0.139476189306 -0.162550251796
0.227133013487 -0.134429474062 -0.162239811978
0.228059377213 -0.135250962692 -0.161945608475
0.224879258016 -0.130354112915 -0.163267617512
0.22590178338 -0.131124001432 -0.162594613742
0.221363721468 -0.128977256474 -0.163311451406
0.216136267033 -0.126051009545 -0.162167963818
0.216271095238 -0.125875331813 -0.162965213139
0.216497783883 -0.12803382745 -0.163649540917
0.212522592641 -0.124224111742 -0.163844466393
0.213454476566 -0.124645399594 -0.163427514859
0.211713378069 -0.121411702632 -0.163578606768
0.213428719405 -0.121258441728 -0.164157894523
0.210381747029 -0.117480034718 -0.16450281673
0.210757456689 -0.115398561398 -0.165079485384
0.205405249098 -0.112241963587 -0.165969145119
0.205280667724 -0.111908265117 -0.165386373454
0.200164297179 -0.109094850133 -0.165519150429
0.200336003908 -0.108099240367 -0.166072758398
0.200666147596 -0.107461009938 -0.165995160035
0.19525107113 -0.1052159223 -0.166081511748
0.195795937304 -0.103455434222 -0.16623661841
0.194459183989 -0.101140401681 -0.166423289029
0.195347727103 -0.0997939530109 -0.166603316145
0.190842487226 -0.0970488363341 -0.166437325946
0.191465689877 -0.0958522361341 -0.165800925793
0.185999440911 -0.0959341826135 -0.166470551855
0.187937888641 -0.0921850542103 -0.166848090469
0.182726100966 -0.093392906815 -0.166344101172
0.187916833555 -0.0915540769977 -0.168153695873
0.184650131018 -0.091247378343 -0.167805768116
0.178874133752 -0.0918950322632 -0.167127432417
0.179371833285 -0.088694456217 -0.165587853018
0.179097312373 -0.0885957690365 -0.16539524488
0.176275400878 -0.0846940734114 -0.166868349844
0.176496622 -0.0830851729821 -0.166125836615
0.171469878433 -0.079669047544 -0.166278390028
0.164825382712 -0.0765930974505 -0.166180879961
0.165095109364 -0.0729911349664 -0.166518843641
0.165230087836 -0.0708121767625 -0.166436547992
0.159306099596 -0.0683829297575 -0.166972730243
0.159200729011 -0.0653948173815 -0.16703312989
0.154181738305 -0.0620435478695 -0.167079889721
0.153262386777 -0.0601420847635 -0.167501033241
0.150858689117 -0.0563620785307 -0.167884139082
0.150684819123 -0.0561124873025 -0.167923461752
0.147184459763 -0.0510528978066 -0.168080270529
0.143228720119 -0.0453975826683 -0.167938169362
0.143075279295 -0.0445331405049 -0.16791988061
0.143427842615 -0.0437140610546 -0.167419736253
0.140440847291 -0.0388383760978 -0.167638629453
0.140472885653 -0.0387969006938 -0.167747629176
0.140662134695 -0.038112704547 -0.167004199408
0.13681542211 -0.0332338057658 -0.166931731742
0.136675548695 -0.0321200030431 -0.167364132794
0.136631654029 -0.0314744873014 -0.167005807167
0.133048352414 -0.0273782371972 -0.166481644448
0.13308023536 -0.0273356553595 -0.166590407183
0.130479003372 -0.0236065851377 -0.166925230722
0.127602063248 -0.0195392367634 -0.166731214244
0.125984916945 -0.0117012579504 -0.167513217467
0.1256604445 -0.0107343089101 -0.167471684559
0.124383483023 -0.0023290627118 -0.16738718273
0.12466286775 -0.00239728748493 -0.167426023131
0.124869954297 -0.00214046113219 -0.167402414183
0.121882213719 0.00189508684368 -0.167310237633
0.12193708112 0.0017117480385 -0.166966818545
0.119628157412 0.00486351696722 -0.167140989415
0.119928255171 0.00280629230133 -0.166776678927
0.120460472592 0.00202914512954 -0.167201176372
0.119388467397 0.00752795006818 -0.166948226582
0.119487659374 0.00786371233313 -0.167061298569
0.119749731594 0.00812256648846 -0.16675607634
0.117459257224 0.0146657146834 -0.1672122162
0.11752713461 0.0142204005116 -0.167021084016
0.117470244253 0.0140966966505 -0.167085749773
0.11487924162 0.0202105522387 -0.16738199121
0.115377863852 0.0209857570579 -0.166863710635
0.113230795113 0.0274626850306 -0.166694930279
0.113269854161 0.0276763025221 -0.166874731031
0.112035610551 0.0370673544407 -0.167119182453
0.112533281672 0.045237450201 -0.166697592001
0.114150983886 0.0462502989732 -0.16666331114
0.111111333068 0.0509596146151 -0.167025665053
0.112233435473 0.0509771941717 -0.167118383717
0.109640288405 0.0544145138445 -0.16695643872
0.111210483891 0.0559911443382 -0.166824848603
0.112352975852 0.0551711529791 -0.167162160025
0.109688304836 0.0587851008684 -0.166964572174
0.108553295876 0.0633424779361 -0.167169150252
0.109464196585 0.0646199822224 -0.166914078248
0.107334147066 0.070087045984 -0.167059447918
0.105556385984 0.0752241415959 -0.167205801948
0.106144124293 0.0747830804778 -0.166486329662
0.103616910954 0.0787671458366 -0.167114369376
0.102656535346 0.0793014592393 -0.167513139301
0.100253342244 0.0829241718546 -0.166615977155
0.0995769713008 0.0824584211291 -0.166978138322
0.0996269959933 0.0825319128338 -0.166852126717
0.100757605997 0.0909086956832 -0.167170671015
0.100999345108 0.0908356688869 -0.167711762566
0.101050377534 0.091088897957 -0.167898292742
0.102359673948 0.100322414058 -0.167653634846
0.102459461771 0.109141341472 -0.16773766323
0.101306510389 0.114970433656 -0.167498442905
0.102101689868 0.114167365126 -0.166517600885
0.104219053621 0.114523038143 -0.166297163604
0.104053880388 0.123268824203 -0.166553086712
0.106134085476 0.125671877714 -0.166678800564
0.102283162302 0.129104097055 -0.166046469632
0.100179796106 0.132761802983 -0.167073366613
0.100978003353 0.133456654591 -0.168310187901
0.0997422685213 0.137861499088 -0.167696211054
0.100805035409 0.143537146364 -0.16810708912
0.103136927671 0.146753091356 -0.169064237946
0.104716683238 0.145072572283 -0.167973286052
0.107075960499 0.145751935489 -0.169166527344
0.103800995559 0.135264963557 -0.167827074619

