0.367943457074 -0.23812519475 -0.154120734742
0.368059589032 -0.238353131803 -0.154642079995
0.367971128475 -0.238634497051 -0.154680532864
0.36757647423 -0.237989732612 -0.155039437677
0.367165801964 -0.238249146837 -0.154862505526
0.367113654752 -0.238636321347 -0.154740899313
0.367081560712 -0.238170126454 -0.15490780236
0.366903308137 -0.238153515125 -0.154519264101
0.366485175153 -0.237839878087 -0.15319502518
0.365685847489 -0.238071083869 -0.153456812534
0.365037408284 -0.237981405355 -0.153845538929
0.364623543077 -0.23792868759 -0.153844902827
0.364446875557 -0.238158157819 -0.153547506843
0.363637685216 -0.238237919652 -0.153462883671
0.362581668063 -0.237921184259 -0.153214663374
0.362019786959 -0.237951501714 -0.152663048883
0.361616046072 -0.238298659756 -0.152495159816
0.361262311827 -0.23804855403 -0.152529788477
0.361257465591 -0.237700394462 -0.152155619985
0.361298341345 -0.236569890331 -0.151742364009
0.361871870699 -0.237773868422 -0.151710726506
0.361683503316 -0.237301265488 -0.152343360936
0.362493897043 -0.236675021707 -0.152332707186
0.363457702577 -0.237175034914 -0.152083996795
0.364096217396 -0.237518872203 -0.15210127833
0.360517548842 -0.238276250432 -0.151824238648
0.361133796503 -0.237620234945 -0.151922129492
0.362254687318 -0.237137985102 -0.151776826954
0.362880545322 -0.237330625359 -0.152027372638
0.359257849956 -0.238107608385 -0.151523522126
0.359998156726 -0.237644456091 -0.151234618541
0.360688231945 -0.237458225482 -0.151993759488
0.361533412983 -0.236879431204 -0.151851257973
0.362179741312 -0.236949322633 -0.151275137436
0.358501743195 -0.237916131441 -0.15163098739
0.359389293587 -0.238439127506 -0.151542829728
0.360558158082 -0.238464694134 -0.15154998837
0.361300142151 -0.23799126709 -0.151238603712
0.359291561993 -0.238674489008 -0.151863284903
0.360123370063 -0.238963922032 -0.151443773139
0.360878930183 -0.23851014151 -0.151336908675
0.361570207907 -0.238478778146 -0.151087342087
0.358406979447 -0.239565229506 -0.151128538715
0.359218514008 -0.239315387283 -0.151160050971
0.359377686876 -0.239451984264 -0.151639298531
0.359678098741 -0.238627013385 -0.151267163032
0.356878758408 -0.240452773884 -0.151107556573
0.357506300885 -0.240217136555 -0.15149381914
0.358449429687 -0.240109859739 -0.151155818678
0.359335928349 -0.240988363378 -0.151016551619
0.357105215074 -0.240173588735 -0.150775144133
0.358155173708 -0.240436134286 -0.151055890675
0.359015969205 -0.240807519086 -0.15092440742
0.359838721201 -0.241546103488 -0.150765966407
0.360710389403 -0.240993115332 -0.150964674145
0.357212907469 -0.2406978281 -0.15078590371
0.35754808258 -0.241968729548 -0.150703820063
0.358034599885 -0.242616769317 -0.150813117814
0.358550695955 -0.243446171816 -0.150668660231
0.35485214925 -0.241932333624 -0.149975342551
0.355274926704 -0.242531659411 -0.14991845843
0.355544486361 -0.243246891258 -0.149682572426
0.355947114268 -0.243384475757 -0.149777907149
0.355824989094 -0.243546194813 -0.149555792604
0.353090199513 -0.242032807697 -0.150337366365
0.35273220416 -0.242000734985 -0.14971874447
0.351869647759 -0.241459548482 -0.150046257043
0.351024804552 -0.242121967792 -0.149932887878
0.349937080278 -0.241146907046 -0.150074360534
0.34396778233 -0.238973057611 -0.150590311161
0.342647690691 -0.239210401092 -0.150484538625
0.341575049083 -0.238596613233 -0.151464801252
0.339896572397 -0.238669908636 -0.150222452671
0.331538633075 -0.238577990325 -0.151537868198
0.329894022909 -0.239122811433 -0.150330908934
0.32766261077 -0.238366254878 -0.151222912782
0.325654471289 -0.238712062781 -0.150345331517
0.317163407451 -0.236543677833 -0.151098367779
0.314202216953 -0.236290451189 -0.151337807942
0.311405743534 -0.236043412775 -0.150496501528
0.308544916966 -0.235571876557 -0.151195498523
0.296402970639 -0.231659045588 -0.151894201829
0.29423243343 -0.230703868665 -0.151433822727
0.291938294217 -0.229287997304 -0.151953224945
0.286539464289 -0.229503932318 -0.152368863177
0.285019525811 -0.228684753508 -0.152563776496
0.282033882864 -0.226920249235 -0.152310595857
0.280920298128 -0.227496613203 -0.15263187769
0.273682080162 -0.228726132314 -0.152631013317
0.273493801537 -0.228760442015 -0.153399086949
0.273906642742 -0.228833954736 -0.15383998183
0.268433315208 -0.228680065886 -0.153578772666
0.268577094797 -0.229456172476 -0.152858199183
0.268654276003 -0.229894106122 -0.152164698898
0.268763235146 -0.230296961012 -0.152618780151
0.268849819148 -0.230345143457 -0.151915757636
0.263881921275 -0.228525890484 -0.151783926008
0.263652711223 -0.228107228852 -0.151276117213
0.262864798635 -0.228766553939 -0.151667558424
0.258040247025 -0.226505391318 -0.151380041607
0.257519484429 -0.227217668822 -0.151117406447
0.257001967876 -0.227449685236 -0.151096852338
0.251486285999 -0.225634802767 -0.150945137773
0.250059774623 -0.226291813531 -0.151343949354
0.249747840513 -0.226931519507 -0.151574508438
0.249516579513 -0.229087690551 -0.15105187343
0.247865556637 -0.225472744884 -0.150699557301
0.247614244427 -0.226151609535 -0.151045314776
0.24743348598 -0.225981367789 -0.150736638257
0.24349013481 -0.221030592008 -0.150774207049
0.243493907825 -0.221182273123 -0.150694197164
0.243269364108 -0.221281383491 -0.150959948495
0.238964962756 -0.21921002145 -0.150498354077
0.238952214869 -0.219272842039 -0.150651859562
0.235339848103 -0.217867991405 -0.150183068399
0.235423215835 -0.217538708042 -0.150553289913
0.23009847007 -0.214344868548 -0.150084828146
0.229854547937 -0.21501852049 -0.150422893155
0.229839844013 -0.21439177222 -0.150505349096
0.226243119152 -0.213573715002 -0.150442775168
0.226186883647 -0.214417096041 -0.15048966807
0.22635907431 -0.214293997145 -0.150958959502
0.222116016485 -0.212014899568 -0.150289469764
0.217597976516 -0.208817543117 -0.150000326482
0.217455576504 -0.20783194012 -0.149562352083
0.212524834965 -0.206611329849 -0.150348206748
0.2141999338 -0.207175832313 -0.151543135524
0.210066429966 -0.205469175779 -0.151444444941
0.20974362806 -0.205664401877 -0.1516613909
0.208985210194 -0.206359582132 -0.151039611376
0.204719692024 -0.20459498895 -0.150282405106
0.20200833996 -0.200277874842 -0.150563844553
0.201854999922 -0.199739440597 -0.151317404247
0.198014784805 -0.198352986215 -0.15275226691
0.197828109582 -0.197162188433 -0.152366028469
0.192256156476 -0.196458637758 -0.15242390316
0.192321513395 -0.196431269721 -0.152389245228
0.187776056743 -0.193448306521 -0.152173568967
0.18789124363 -0.192756974652 -0.152426188556
0.182702837351 -0.189568029803 -0.152509234916
0.179379686028 -0.187720382084 -0.153126886943
0.179863485076 -0.186457161352 -0.153484814459
0.174057704974 -0.184191072379 -0.152828145456
0.173935931662 -0.184114437162 -0.152695792866
0.173640631545 -0.182586077489 -0.152515500518
0.168193094004 -0.182256207748 -0.152997262131
0.167728660291 -0.181803726431 -0.153302771764
0.164487390608 -0.179028996604 -0.152293238104
0.165077281791 -0.178916301251 -0.15189164814
0.161973526095 -0.174846869077 -0.151343459163
0.158521701272 -0.169909413782 -0.150872743501
0.159000158573 -0.16777727017 -0.151507804579
0.15895637368 -0.166112347565 -0.151547187298
0.152008329119 -0.166194112194 -0.151682704384
0.151879708701 -0.165248823649 -0.151879463172
0.151413442725 -0.164538109911 -0.151363238147
0.144669418732 -0.165506546061 -0.151588175886
0.139296305614 -0.16396148324 -0.151227676222
0.1394868837 -0.164354813064 -0.150910360713
0.13588863984 -0.161708585703 -0.151236118887
0.133634476921 -0.160553217548 -0.15047315655
0.133965170142 -0.16129196552 -0.151312896839
0.134676003058 -0.159530740982 -0.152446120656
0.136915140125 -0.161325517811 -0.15294044871
0.137076901156 -0.160988777599 -0.153353806322
0.138498415051 -0.161784528716 -0.152860965599
0.134185372927 -0.161916788091 -0.153192193015
0.133567644851 -0.162678420627 -0.153135947168
0.130221349456 -0.159865268876 -0.1531379464
0.129912901057 -0.161028633488 -0.15299820524
0.126413379591 -0.155685063693 -0.152313481572
0.124195838431 -0.151178309586 -0.152464283804
0.125005059055 -0.151395035288 -0.152363089067
0.12399161908 -0.150949148122 -0.151347272089
0.124719853669 -0.152015086811 -0.152256412807
0.121727120115 -0.150085850777 -0.152214091676
0.121442666408 -0.150359581023 -0.152752021678
0.116367155307 -0.146164545459 -0.151739739443
0.115331158417 -0.144419530006 -0.151892979398
0.110538546078 -0.136905520187 -0.15150889365
0.10911363155 -0.134159218056 -0.15153305892
0.101595780488 -0.127693666699 -0.151299984549
0.0994469591715 -0.126287541311 -0.151159320367
0.0953563667628 -0.121884456205 -0.152160353965
0.0952009704216 -0.122354904833 -0.151654206966
0.0916002423218 -0.116575388009 -0.152451307392
0.0912264012821 -0.115573579492 -0.152612232109
0.0910475258775 -0.114855361658 -0.152967109368
0.0872862047482 -0.110622799153 -0.153155460434
0.0826777425963 -0.106349597264 -0.153066534393
0.077931022257 -0.098625153714 -0.153195504302
0.0771370251652 -0.100322282617 -0.153661920818
0.0756734471554 -0.0967262430611 -0.152685012208
0.0763470943841 -0.0957611402414 -0.152824786933
0.0734911804338 -0.0890875376696 -0.152483576724
0.0689435544829 -0.080630272726 -0.15254694277
0.0692272285317 -0.0782265037027 -0.153270588647
0.0647885641887 -0.0731384215322 -0.153239820859
0.0607135762029 -0.0713632714683 -0.153380320315
0.0616844877789 -0.0706344915382 -0.153292424337
0.0595978674354 -0.0693019092408 -0.153048213273
0.0602565583027 -0.0680236610725 -0.152958484491
0.055955491861 -0.0666283819982 -0.153519044605
0.0556096715924 -0.0673356136367 -0.153735901648
0.0533873689903 -0.0626881845487 -0.15315641259
0.0538270082415 -0.0634302988156 -0.153734465004
0.0529829499464 -0.0581101653002 -0.153826365662
0.054119317646 -0.058393955145 -0.153247847437
0.0504083591181 -0.0559267323938 -0.153355800334
0.0512673764579 -0.0580049902757 -0.152167808301
0.0494216632378 -0.0558639995264 -0.152839383175
0.0502325728285 -0.0567072786088 -0.152786356066
0.049846050857 -0.0527918560168 -0.151898651403
0.0502070472184 -0.052567986593 -0.151779069479
0.0479491623966 -0.049202881426 -0.152271028746
0.0480389455836 -0.0481480801081 -0.152425315645
0.0485235131789 -0.047081794852 -0.152286552431
0.0463246761823 -0.0428142904545 -0.152315908044
0.0468936218182 -0.0413772795386 -0.15236339937
0.0434424844084 -0.0400389040913 -0.151604511833
0.0403195878802 -0.0384621239633 -0.152246436552
0.0375761481543 -0.0355710075449 -0.152139410654
0.0372097517201 -0.036559053658 -0.152317406309
0.0371072996492 -0.036976003328 -0.152436126141
0.0369289847426 -0.0375318697144 -0.152347787086
0.0353146051491 -0.0393198611801 -0.153019690078
0.0353865505208 -0.0353366290942 -0.152772223345
0.0341091201474 -0.0420213393185 -0.152901669282
0.0355256208377 -0.036518701715 -0.152545771838
0.0335166091175 -0.0489667776192 -0.152897137518
0.0354526174359 -0.0439879893149 -0.151749249145
0.0372836921392 -0.0337243735514 -0.151028229702
0.033264332484 -0.0334898835926 -0.150776250995
0.0344462630996 -0.0218742665067 -0.150476038089
0.0332361985065 -0.016882130597 -0.150227184111
0.0336332284832 -0.00744614862643 -0.150892109654
0.0335292820529 0.000705043316698 -0.151893482137
0.0301628558682 0.00739863237559 -0.152075770962
0.0305624956555 0.00912078591186 -0.151616677086
0.0267602878226 0.0146752360483 -0.151970753765
0.0266501411821 0.0165090066787 -0.151730370138
0.0278880750368 0.015671212981 -0.152073947362
0.0272629451059 0.0173986978414 -0.152111453651
0.0291743610669 0.0173393089761 -0.151947970256
0.0295262047106 0.0190727696764 -0.152454064879
0.0323122338312 0.0208830368992 -0.154157781004
0.0297565153993 0.0192468144774 -0.153468288476
0.0325075791072 0.0186424502628 -0.152783273348
0.0321306305127 0.0127025616993 -0.152616456598
0.0302621062012 0.00649721120803 -0.152501558193
0.035947173647 0.00209436359964 -0.15183836269
0.0331594813707 -0.00545029614573 -0.15217663068
0.0344071990012 -0.00873625717407 -0.152413729925
0.0317918084279 -0.0135927563582 -0.151587051896
0.0324149362051 -0.0166655472586 -0.151939134213
0.032025195122 -0.0189513236848 -0.151806134439
0.0324090790811 -0.0210681781502 -0.151976755513
0.0327805633111 -0.0218216428279 -0.151646939889
0.0335934631838 -0.02248407073 -0.152196021838
0.034298539591 -0.0209530239246 -0.152215731477
0.0343496466895 -0.0193873953428 -0.152363058163
0.0327755071143 -0.0187476055717 -0.152021558051
0.0324452214854 -0.0223590580394 -0.152638174749
0.0315696839152 -0.0202917290499 -0.152356252672
0.0309924682711 -0.0234590061146 -0.15226020818
0.0314758331463 -0.0183907996118 -0.152075393453
0.0310436637675 -0.0232326755676 -0.151398815683
0.0321511035417 -0.0204326485877 -0.151135635403
0.0332651776346 -0.0187039062321 -0.150760366406
0.0336997115703 -0.0204395965357 -0.150952666199
0.0315701897115 -0.018347554272 -0.150112265004
0.0312319832189 -0.0168676742848 -0.150111992834
0.0311617070003 -0.00882358863547 -0.150223829594
0.0291667584269 -0.00653008077128 -0.150445412914
0.0288372171505 -0.00371376464016 -0.14945568821
0.0265248361594 0.00788057910471 -0.150421019113
0.0226382844385 0.0129537628585 -0.150234697604
0.0148647855872 0.0427708927306 -0.151083146549
0.0106684227629 0.0611221172187 -0.15179578368
0.00962377175071 0.0629989489523 -0.151928131158
0.00878688625156 0.0665907472989 -0.15254448542
0.00757401283032 0.0630785918979 -0.152261403229
0.00878661680793 0.0697404297863 -0.153058831496
0.0112607193293 0.077854602412 -0.152944161172
0.00985131249461 0.0739631056911 -0.15291985984
0.0131518899386 0.086084014246 -0.152684170979
0.0126394547477 0.0850158347739 -0.152744073818
0.0135061067553 0.0927607703015 -0.153104970109
0.0116454942684 0.0913411214504 -0.152709387029
0.0130709495213 0.103176422247 -0.151357831816
0.012347529163 0.104361079816 -0.152318101629
0.0146764840431 0.107974311276 -0.152774975428
0.0145616323791 0.106002479073 -0.152120496868
0.0150316631676 0.108476442305 -0.151808859568
0.0165859719074 0.104493937459 -0.152625028359
0.0142191248348 0.111897361691 -0.148145421631

