0.368097147611 -0.313475348387 -0.133693541866
0.36784113671 -0.313329652992 -0.133300972696
0.367770521445 -0.313535885102 -0.13336217799
0.367664034665 -0.313831586791 -0.133450014358
0.367513640171 -0.313322442563 -0.13297852988
0.367470071646 -0.313456261436 -0.133192432953
0.366844080807 -0.313314256434 -0.13277041281
0.367011072562 -0.313414029699 -0.132235673709
0.366731817567 -0.313628464855 -0.132948955539
0.366182531585 -0.313020666686 -0.132672929043
0.364872671344 -0.313062594491 -0.131997164376
0.364413828634 -0.313110381109 -0.13196861764
0.364107089166 -0.312776961135 -0.133193556018
0.363294626215 -0.313696373297 -0.132343475301
0.36246383807 -0.312661015327 -0.131983347272
0.361838352442 -0.313377172926 -0.132988055157
0.361526232497 -0.313026299236 -0.132841133011
0.360874296602 -0.31325704102 -0.132419002045
0.360707134834 -0.31337545666 -0.132188934789
0.360443454103 -0.312857803468 -0.132630216982
0.360174236592 -0.31330834966 -0.133031446801
0.359576422962 -0.313573754262 -0.132192387416
0.359200280313 -0.312969689591 -0.131817050106
0.359317029125 -0.312669292382 -0.132392691289
0.359102399489 -0.312485744691 -0.132006428731
0.359029246992 -0.312572774922 -0.132374438041
0.358848414122 -0.312539618353 -0.132315611298
0.358523325415 -0.313000202913 -0.132211384445
0.358360804736 -0.312363567163 -0.131776784249
0.358420686693 -0.311919601559 -0.131749512368
0.358435707367 -0.312111904722 -0.13175147185
0.357884904066 -0.313203974575 -0.131538409418
0.358114884631 -0.313396246771 -0.131681108905
0.358862956287 -0.312603151207 -0.131804407686
0.358904357658 -0.312662973196 -0.131473088093
0.356210744122 -0.312326215273 -0.13119662371
0.355758225908 -0.312190861474 -0.13136305334
0.35456740774 -0.311858472773 -0.131572838086
0.353606487348 -0.311715386211 -0.131922546077
0.352835706195 -0.31140727773 -0.131912391666
0.347274748021 -0.31268709884 -0.131315930382
0.346279847928 -0.311710479495 -0.131603364606
0.344181853209 -0.311264782216 -0.131893962918
0.342691278149 -0.31024131745 -0.131680860319
0.336952292365 -0.311558904779 -0.131919834936
0.335801620503 -0.311081387069 -0.131868110037
0.33301701351 -0.310366957709 -0.132544695669
0.331258102383 -0.30974733616 -0.132491295349
0.326003706955 -0.309440075622 -0.133521726195
0.324253181329 -0.309509266955 -0.133138946189
0.320276841537 -0.309134940109 -0.13296751461
0.318401588139 -0.308521019272 -0.133799943649
0.309332981056 -0.309497350625 -0.132544237884
0.306211665029 -0.309170559749 -0.133012561954
0.303369916886 -0.308218416004 -0.13346630777
0.299138936118 -0.308195208456 -0.133259646677
0.290137188218 -0.307859657009 -0.133264557701
0.288514273502 -0.307161574465 -0.134057952349
0.287410076543 -0.307232905375 -0.134104192255
0.286521035851 -0.306477979998 -0.134524967762
0.280240598526 -0.3053877295 -0.134631306244
0.280141640251 -0.305458848584 -0.134684144514
0.280170092722 -0.30558259397 -0.134693084629
0.280201185689 -0.30507035918 -0.13494253304
0.275125452436 -0.303822240978 -0.134546317411
0.275081530968 -0.304336121891 -0.13424425623
0.27499587671 -0.3055668772 -0.133638678211
0.275093384799 -0.306078101261 -0.133020124039
0.27031698902 -0.303364534333 -0.133024484469
0.270109860463 -0.304331882592 -0.132568872854
0.270162911041 -0.304754037954 -0.132133054982
0.270030953511 -0.304565938201 -0.132656796205
0.266991018412 -0.302569648255 -0.133111045768
0.266833837804 -0.302374361135 -0.13237107199
0.26658905286 -0.30188995926 -0.132551919423
0.265868297874 -0.301715305715 -0.132437383241
0.260108675286 -0.298879918602 -0.132200433146
0.259414179782 -0.298636438703 -0.132225043982
0.258735800711 -0.298133551225 -0.132198064282
0.257547624254 -0.298035100678 -0.131894524973
0.25672867508 -0.297544464581 -0.131885776943
0.248760695206 -0.294998346823 -0.131488726947
0.248322369662 -0.294656831163 -0.131986470354
0.247194963848 -0.294449292733 -0.132346025437
0.245963069448 -0.292847785329 -0.131212805614
0.237830820727 -0.291635627722 -0.131399700251
0.236628894724 -0.29082898943 -0.131684595405
0.235081055429 -0.289595374171 -0.131722742665
0.233490600054 -0.289451253581 -0.131143825453
0.225401621036 -0.288746356659 -0.131272157332
0.223330887789 -0.288405222022 -0.131915574463
0.222458781418 -0.288488202506 -0.132288315588
0.222074490211 -0.288176104177 -0.132162136743
0.218240371951 -0.28624485892 -0.133169508653
0.218802480669 -0.286271321204 -0.133847153223
0.219510343877 -0.287056576129 -0.133730273157
0.220286204816 -0.286299214659 -0.133903083185
0.216349712514 -0.283813495831 -0.133942410901
0.21717877352 -0.283693897347 -0.134282086987
0.217893349774 -0.284440625811 -0.133163505011
0.217932354471 -0.284728822982 -0.133849956823
0.212504215511 -0.283824707665 -0.133712293508
0.212303598158 -0.284721756883 -0.133330855901
0.212151322756 -0.284922753556 -0.133401644187
0.207554903538 -0.282504219872 -0.133464779999
0.207832474274 -0.283087016925 -0.133486812736
0.205425906602 -0.281049998826 -0.133623389653
0.206161293126 -0.281904390808 -0.132496473386
0.206190619644 -0.281975949991 -0.132347944394
0.203212222381 -0.280110162001 -0.132454118418
0.203367361685 -0.280615719403 -0.131666451705
0.203367361685 -0.280615719403 -0.131666451705
0.203844056962 -0.281438929273 -0.132057286776
0.199222775164 -0.277365241064 -0.131946615212
0.199347990205 -0.277748045232 -0.131220315872
0.19929127693 -0.278070928617 -0.131202691277
0.195234220886 -0.273652037106 -0.132465863763
0.195517337679 -0.272768443097 -0.132386556764
0.195545068932 -0.272318755781 -0.131810635628
0.189284590001 -0.269774760759 -0.131890227804
0.188986463086 -0.268714680583 -0.132353381043
0.181182438874 -0.266357917558 -0.13195671528
0.180454133539 -0.265297788393 -0.132377690527
0.173617146467 -0.262824935965 -0.131422275579
0.172286461557 -0.262619288427 -0.131979901183
0.171708175006 -0.261540021237 -0.132096363628
0.168328933928 -0.258295648206 -0.133311638079
0.167961594996 -0.257591986251 -0.133789030573
0.168032759002 -0.257045491017 -0.133895864536
0.163644880762 -0.253103653279 -0.134503844045
0.164031124525 -0.252283578243 -0.134347814349
0.158690506382 -0.249700541301 -0.134235563903
0.158883808624 -0.24957789552 -0.134897718522
0.152983672465 -0.248486833573 -0.134246873071
0.148629799215 -0.245317098824 -0.134534087768
0.14912180295 -0.24717604898 -0.135652738818
0.146444993601 -0.245364433093 -0.134981720506
0.149002593824 -0.248127022026 -0.136999352567
0.146913345776 -0.245440796842 -0.136972941966
0.148212663555 -0.246500151375 -0.136324644188
0.145289177638 -0.243110928427 -0.136687533277
0.146449640607 -0.245222824696 -0.135639334866
0.14357048302 -0.241616966134 -0.136641160256
0.140053859921 -0.238303096876 -0.13632707866
0.140454904146 -0.238565827374 -0.136248812892
0.14115104514 -0.238472814591 -0.136112971987
0.138878887615 -0.23649571135 -0.13622674982
0.139010712121 -0.236697073964 -0.135722430619
0.139559193574 -0.235728174788 -0.136422814161
0.135446583255 -0.233295343489 -0.136426745004
0.131857859794 -0.230977246453 -0.136280307334
0.132962238716 -0.23024403741 -0.135588489039
0.13317121131 -0.230812500777 -0.136772402967
0.128303379366 -0.229253555389 -0.136038851737
0.128689126114 -0.229371175487 -0.135938561342
0.128262838193 -0.230367539422 -0.135721711177
0.124287750274 -0.226452726248 -0.135571154077
0.124531328543 -0.226556795004 -0.134928378389
0.123345561829 -0.223529988001 -0.135480853828
0.123703678852 -0.22356269109 -0.135793412443
0.120958456483 -0.21973665988 -0.136248911578
0.121644963515 -0.220543485777 -0.136224301135
0.117411495359 -0.216990254092 -0.135877611724
0.113155332441 -0.213241175452 -0.136929765738
0.113326062616 -0.213694264868 -0.136267699466
0.109515408044 -0.209448356952 -0.136777228746
0.105601959647 -0.205900523591 -0.136988687997
0.10610730656 -0.206403387309 -0.136044501568
0.103927748559 -0.203862873783 -0.135587383001
0.106537305351 -0.203292188521 -0.135608635676
0.10244119495 -0.201424203 -0.135290577437
0.0974036513289 -0.197739048917 -0.134726911777
0.0977445838629 -0.197624812476 -0.13473164326
0.0982325499761 -0.19700639871 -0.134304069604
0.0940462728201 -0.194405928519 -0.135325930205
0.0945516853071 -0.19371992861 -0.135314480186
0.0942130743093 -0.194498574331 -0.134711487469
0.0902192820774 -0.19078931382 -0.134623534694
0.090819211156 -0.191269196145 -0.134711016941
0.0879517682321 -0.186955312169 -0.134750207823
0.0882749652184 -0.18737350513 -0.134865698009
0.0861308320536 -0.182812787334 -0.134663468079
0.0871235601244 -0.180906469797 -0.135251290705
0.0830430499757 -0.178483507563 -0.134548208481
0.0789268570952 -0.173996055821 -0.133889202339
0.0794438459627 -0.173665537726 -0.1340596079
0.0797170775885 -0.173897422802 -0.134231471955
0.0765077359316 -0.170001374653 -0.133964317979
0.0728432689209 -0.166749289783 -0.134710739289
0.0728641614265 -0.165662947254 -0.134487070521
0.0730931193465 -0.166335061827 -0.134434473876
0.0706326249097 -0.161438204803 -0.135030843846
0.0712965513336 -0.161064909273 -0.133648704372
0.069888442236 -0.154906023761 -0.134049878713
0.0704455169088 -0.153231404467 -0.134228631048
0.0668354314804 -0.144079978369 -0.133869059006
0.0605828678682 -0.140642025896 -0.134211246451
0.0608348515589 -0.139371614193 -0.134191460726
0.0612378263392 -0.13860357625 -0.133949200274
0.0564028640224 -0.136832452382 -0.134000864961
0.0531667125078 -0.134815125989 -0.133689737071
0.0534874114631 -0.135406716147 -0.133724459028
0.0513214855442 -0.131905831396 -0.133929992348
0.0519867510972 -0.131634969824 -0.133591566522
0.0505278598499 -0.129620092774 -0.133402216955
0.0500974572894 -0.130029569466 -0.132436074506
0.0502806085088 -0.130111713675 -0.132788632319
0.0503157739449 -0.129910129156 -0.132624133229
0.0501955164647 -0.129097783694 -0.133111338645
0.0505868309062 -0.127665065672 -0.132529781477
0.0506644322571 -0.125544100109 -0.132287324023
0.051098944221 -0.123913076799 -0.132495624643
0.051310096837 -0.122830207893 -0.132697373653
0.0487489052415 -0.120069202703 -0.133566597481
0.0492638583234 -0.11693224395 -0.133675368552
0.0456348997317 -0.110375537074 -0.133818826059
0.0457815725931 -0.105739776701 -0.133711484268
0.0413887822686 -0.100457894063 -0.134352285248
0.0393076757317 -0.0946821319191 -0.134577491733
0.0371946653314 -0.0879809204292 -0.134711235548
0.0379781520972 -0.0860654372381 -0.134744267598
0.0352471989915 -0.0767807640691 -0.134275268805
0.0360710870537 -0.0733697450497 -0.134986145946
0.0339640949259 -0.0689726857236 -0.134444092431
0.0342981511956 -0.0677609705515 -0.135152240429
0.0348325982701 -0.0665823941041 -0.134407014386
0.0322224426724 -0.0637627202123 -0.134696369369
0.0329314580665 -0.0634444719134 -0.135133883724
0.0342769310325 -0.0626008463667 -0.134910009549
0.0304548614002 -0.0629580021197 -0.134952924494
0.0304751838465 -0.0633100283689 -0.134472384546
0.0279949312326 -0.0600200768645 -0.135020978037
0.0288377938746 -0.0612246626082 -0.134613311453
0.0304046802922 -0.0597870019085 -0.135145120701
0.0262395810067 -0.0475484382607 -0.134814384008
0.0271588394514 -0.0427303874478 -0.134835920958
0.0254410429226 -0.0389999402569 -0.133916337442
0.0276955732116 -0.0389024926916 -0.134609642679
0.0258950115103 -0.0369387877014 -0.13392612001
0.0271291618767 -0.0364190532202 -0.133539422274
0.0241929704182 -0.0354420620009 -0.13275541765
0.0251206854333 -0.0374502476256 -0.133112768894
0.0258055458425 -0.0376162675407 -0.133047450017
0.0227710259342 -0.0376995694664 -0.134136991938
0.0202324800748 -0.0360578653359 -0.13386495746
0.0200841402696 -0.0371774046015 -0.133626245472
0.0209018852828 -0.0306679180423 -0.134026313808
0.0209575567553 -0.0305784370563 -0.133965659676
0.0205689264205 -0.0313172859724 -0.133774359293
0.0207232817934 -0.0288213683144 -0.133947025889
0.0201448379113 -0.0222169469058 -0.134525838047
0.0192075226234 -0.0213120365654 -0.133514833213
0.0174953649053 -0.0164637489697 -0.133636240121
0.0171608049922 -0.0157690578519 -0.133031835159
0.0181067276871 -0.00636328492943 -0.132927959654
0.0188122784437 -0.00386580031595 -0.133219126467
0.0193552309632 0.00260471934887 -0.133113745404
0.0190283599376 0.00746658350318 -0.133283512932
0.0195961647913 0.0089026981312 -0.133072986483
0.0192113718669 0.0160513464966 -0.133469783187
0.0213452769681 0.0180720278692 -0.133204876449
0.0207437947257 0.0250673739901 -0.133253253289
0.0217365867881 0.0260201424341 -0.132611433111
0.0196957180544 0.0287366639516 -0.132178344331
0.0158842253183 0.0318793987399 -0.132814615782
0.0172088808802 0.0320366166103 -0.132450456978
0.0198866548607 0.0318383472589 -0.13259323929
0.0151366909335 0.0308322939539 -0.132540023642
0.0116589887257 0.0294436494395 -0.132652420944

