0.446206339427 -0.345511619775 -0.276040704416
0.442880723836 -0.343242620358 -0.275031105043
0.436658772511 -0.340250325751 -0.273803667847
0.430860351108 -0.336930636027 -0.271910808514
0.424588992296 -0.335825733337 -0.270298784428
0.421038269222 -0.334666057765 -0.27019388784
0.415028149172 -0.336655912703 -0.270500795804
0.407697936925 -0.337610580279 -0.270667842096
0.398471273792 -0.339250207026 -0.270934210541
0.387424230934 -0.341245952984 -0.2721933841
0.374600572653 -0.345086644445 -0.273198448046
0.364798036595 -0.347689683313 -0.272857177238
0.351711345119 -0.350577750094 -0.275193966566
0.338627754042 -0.356688134034 -0.275712369657
0.327461626379 -0.361720935012 -0.276149321405
0.316900224322 -0.364822047769 -0.277173654108
0.307608817561 -0.369402458285 -0.276828186944
0.300289505846 -0.372538267034 -0.277898592206
0.291445352772 -0.377488700828 -0.277710123329
0.284755480828 -0.380069269571 -0.278420449077
0.275352750477 -0.3858754272 -0.278336840203
0.268836087634 -0.389879044442 -0.278705255295
0.261735739589 -0.393734809911 -0.278931380383
0.255763030165 -0.39684300233 -0.279215577439
0.250238370985 -0.400776740719 -0.279487654681
0.244458439464 -0.404342374266 -0.279085530372
0.229355681765 -0.404528022252 -0.281382236449
0.224082436432 -0.405832900467 -0.282565768628
0.221304441437 -0.407954493355 -0.281625605309
0.218116017439 -0.406400521437 -0.283342403435
0.216979734007 -0.407287261882 -0.282412406161
0.215409969004 -0.408356743985 -0.282086331136
0.213999000356 -0.40928431775 -0.281299875609
0.210807586524 -0.411302022483 -0.280962548877
0.207146641329 -0.412888905886 -0.281173554695
0.205381776227 -0.415394715296 -0.280643618475
0.19662971359 -0.420498329975 -0.28090241801
0.197740202309 -0.420068211947 -0.280799048134
0.184806166006 -0.428261692984 -0.2809380615
0.179991226514 -0.430462238245 -0.279817509221
0.17119308016 -0.434724811394 -0.281544796473
0.16354174164 -0.437615850687 -0.280946215167
0.157816614495 -0.436127448179 -0.280808345201
0.15477775208 -0.435103745785 -0.280704783158
0.15163858808 -0.435337110004 -0.280137616445
0.14997362954 -0.433311301056 -0.280564119068
0.146823012273 -0.433757562372 -0.280317365247
0.143086962793 -0.436199263889 -0.279421072416
0.140064547455 -0.438922737525 -0.279531268643
0.128607952286 -0.444111858868 -0.279310158937
0.121633808247 -0.44809404442 -0.279486217182
0.122790352387 -0.446180274443 -0.279755948461
0.111672624893 -0.452429217718 -0.279493424576
0.102262083243 -0.456970439212 -0.280381618718
0.0949687768515 -0.457769596922 -0.279895174472
0.0925369782161 -0.45361285398 -0.279539428182
0.090813359829 -0.452599684824 -0.278553976496
0.0906448695071 -0.453176461017 -0.278867411931
0.0895940681426 -0.454909929534 -0.278646547321
0.0889018999564 -0.456198921914 -0.278125539548
0.0890621685821 -0.459924331513 -0.277772756739
0.0842254230271 -0.459575831413 -0.278283401687
0.0827868829706 -0.462933822084 -0.277995292412
0.0843659530406 -0.465043394529 -0.277828220065

