0.404571272851 -0.417547635056 -0.258424084803
0.401546969604 -0.413660358326 -0.257981715888
0.39687750844 -0.410798733485 -0.255769343168
0.386554225705 -0.410561312173 -0.251996350704
0.384650349508 -0.409320258751 -0.251965049711
0.383492572067 -0.411087020931 -0.251474560522
0.382713087565 -0.410028446372 -0.251801580796
0.383682093827 -0.407816310095 -0.253289088158
0.385385910187 -0.405779913798 -0.252394855411
0.385160006862 -0.402922824317 -0.253181668734
0.383574183191 -0.401107193412 -0.253044256772
0.381952737616 -0.398947849847 -0.252653989917
0.381106986816 -0.393992243158 -0.25355949713
0.376206652718 -0.398952189944 -0.252972960164
0.371331544344 -0.403800089119 -0.252108955345
0.365904407688 -0.411357215335 -0.251727765824
0.364369311502 -0.410255985434 -0.251912350225
0.361777268979 -0.413374637567 -0.250892566133
0.354821893642 -0.408507694314 -0.253097634394
0.350016461372 -0.40717488 -0.25284376936
0.344804585983 -0.404916419358 -0.2539412223
0.339550500223 -0.403010341487 -0.254037531132
0.33497446787 -0.403639523194 -0.254512529831
0.32965170052 -0.40681406433 -0.25393335404
0.323576624044 -0.404210310354 -0.253682729395
0.310109287442 -0.415275328538 -0.254270530576
0.296926815079 -0.425646509184 -0.255111346401
0.291091670777 -0.427968537669 -0.255012645981
0.286534051745 -0.429580731678 -0.255662008403
0.282382688336 -0.4315500827 -0.255715710507
0.2768594153 -0.433154324117 -0.255337747633
0.26993632856 -0.437057830548 -0.255840507951
0.260091980855 -0.441279735438 -0.257761059581
0.250799332416 -0.446929691913 -0.257535097502
0.241356689012 -0.453154087211 -0.258898286361
0.230426731658 -0.459098835584 -0.259773709075
0.220945665058 -0.465787149945 -0.260394022671
0.214049287556 -0.471088967252 -0.26020370621
0.206973012836 -0.476888871606 -0.260839797232
0.203028247498 -0.479164593711 -0.260944194411
0.199504581374 -0.478707598404 -0.262295026186
0.195623749078 -0.478778963689 -0.26423405711
0.192036872979 -0.480732848827 -0.264259768479
0.188483842871 -0.484363702618 -0.263753880529
0.187580187878 -0.483853821396 -0.262998615896
0.185567677637 -0.484494142239 -0.26305053899
0.181073512504 -0.48880341751 -0.26297562268
0.176086744999 -0.493436861009 -0.263444344999
0.170638457208 -0.49921038287 -0.263752550538
0.157421080498 -0.510124847894 -0.264527860304
0.14761449048 -0.516579018743 -0.265188571304
0.142284316661 -0.518947737815 -0.264045670014
0.138881984792 -0.519936841696 -0.264404716769
0.138082443245 -0.519051195657 -0.263689512337
0.136131417801 -0.518529385721 -0.263599062016
0.133580088 -0.518586789964 -0.263885365382
0.131180255911 -0.51917995553 -0.263709124294
0.129993914457 -0.520053762147 -0.263996383035
0.126859457865 -0.524309745604 -0.263050890764
0.122383208955 -0.526865254531 -0.263940820489
0.108319960038 -0.538820759664 -0.264026238539
0.107626865031 -0.539063064113 -0.264582664005
0.103186892931 -0.543470116063 -0.26497658023
0.0949606870504 -0.544938848 -0.264065097832
0.09186443167 -0.545003356048 -0.263900257353
0.0906993577373 -0.542413445687 -0.26450831753
0.0880013279231 -0.543218163724 -0.26360959463
0.0850702025124 -0.542971505795 -0.263585305539
0.0820520742849 -0.544942314908 -0.263542260237
0.0786157151483 -0.547389720098 -0.263070368604
0.0756857394155 -0.548535291396 -0.262727230327
0.0728330844252 -0.550818164666 -0.26237661076
0.0678293698786 -0.555044381282 -0.263279741905
0.0624781367228 -0.559446014076 -0.263008293542
0.0572705859131 -0.564096434757 -0.263749428872
0.0507853004448 -0.570737989161 -0.263276323471
0.0404765915326 -0.574456864376 -0.263594912115
0.0374677271016 -0.572034034436 -0.263512021706
0.0361285498663 -0.57133952823 -0.263072329981
0.0332325321061 -0.571042347446 -0.262824892947
0.0298078474078 -0.570600776414 -0.262827475512
0.0257836637644 -0.571126362942 -0.26310379329
0.0228042646071 -0.573681380508 -0.263067310278
0.0196018418676 -0.57608433626 -0.262865744273
0.0218918245961 -0.578826073216 -0.261580299106
0.0198518166606 -0.583376097198 -0.262252161492
0.0128195217763 -0.595973253669 -0.26197938301
0.0161731356007 -0.599099802134 -0.261507309312
0.0135805360863 -0.600245681394 -0.260078222759

