0.445982657887 -0.233449439247 -0.246738101683
0.442188245439 -0.232443332868 -0.245558584542
0.432830821901 -0.2302321574 -0.243175344355
0.426591625159 -0.22956691292 -0.241107722172
0.422861108776 -0.230843981825 -0.241247035631
0.418561734768 -0.231275228653 -0.241377912753
0.410676167048 -0.232182427493 -0.242197424107
0.40260805976 -0.232777787373 -0.242157987882
0.391062577938 -0.234883091543 -0.243524400945
0.380542639084 -0.235841012747 -0.243830532701
0.369994369524 -0.237689774534 -0.244954525537
0.360692803537 -0.240263911223 -0.244784286586
0.349968581318 -0.243033776459 -0.245840825969
0.341398622537 -0.245647340638 -0.246476320477
0.329903347112 -0.250979937895 -0.247520102843
0.321678496526 -0.256410495572 -0.247643970591
0.313854251609 -0.257371463059 -0.247900802119
0.310443856044 -0.256840049616 -0.247709679718
0.30617290342 -0.259926861826 -0.247471411988
0.301652882402 -0.261396193768 -0.247929199877
0.291558771508 -0.266565748141 -0.247494991388
0.282516185212 -0.269618227973 -0.247883218968
0.270725593055 -0.276195205592 -0.249130389464
0.260497883197 -0.280270256504 -0.248704372276
0.254776377596 -0.284013647963 -0.249320304041
0.249693964838 -0.286240200118 -0.249331013222
0.245964157733 -0.288855281173 -0.249670225988
0.239289176039 -0.293211700112 -0.249662602425
0.232981224478 -0.296618913499 -0.250919156714
0.220020234182 -0.304876386152 -0.253025440673
0.214234972938 -0.311989549936 -0.25395218133
0.203526624881 -0.313656586451 -0.254192402814
0.19582176571 -0.313971804755 -0.254119307164
0.194620694734 -0.313558025373 -0.253342076168
0.19255562082 -0.313179889906 -0.253984612142
0.18999988675 -0.314525037625 -0.253378530982
0.18456823766 -0.317024353664 -0.252868182667
0.182917871643 -0.317508214116 -0.251725774236
0.181218235824 -0.317398111695 -0.251244453505
0.179649510769 -0.316924757853 -0.250922515149
0.179474239526 -0.317411399485 -0.251110813755
0.175758369447 -0.322390160102 -0.250730587941
0.170297871851 -0.328131945211 -0.25096082145
0.165216598558 -0.330798198239 -0.250940473366
0.161925207833 -0.332217605504 -0.251428579686
0.158104981765 -0.332063556334 -0.250734585223
0.155290050764 -0.333956255952 -0.250358789303
0.151436273088 -0.336947512524 -0.250447113686
0.144188306913 -0.341229242755 -0.250727674438
0.138123294307 -0.345760140898 -0.250640659163
0.131630814969 -0.350867923602 -0.250637728196
0.125291943448 -0.35468173552 -0.250221521016
0.122860510997 -0.354127525262 -0.250094722241
0.119310424449 -0.35235969128 -0.249811724567
0.117733381106 -0.352198717376 -0.249601727644
0.117631995468 -0.35332106554 -0.249270576659
0.115461734203 -0.355374196831 -0.249361744884
0.110242292259 -0.358295305285 -0.249534418202
0.106825232044 -0.357174821224 -0.249977712935
0.104797592269 -0.357460647722 -0.250037973343
0.0992613851258 -0.360529635835 -0.249325587001
0.0966434288321 -0.362235256967 -0.249902168482
0.0942662690707 -0.363350172348 -0.249765856269
0.0926166494596 -0.366685408754 -0.24976870842
0.0880098524705 -0.368769645183 -0.250457721246
0.0832897351643 -0.372805410746 -0.250684530394
0.0794692859734 -0.37236629168 -0.251053117136
0.0782095971287 -0.37344091208 -0.250499506834
0.0757719069435 -0.376626948422 -0.249926007073
0.0745293084347 -0.378142813468 -0.248962098748
0.0699386653547 -0.382254867768 -0.249388660487
0.0732346966562 -0.383997822192 -0.249015326199
0.0672729827546 -0.390990478353 -0.248435907774
0.0639197284034 -0.395975587655 -0.248539283913
0.064667920997 -0.398881907432 -0.248102954487
0.0636473576147 -0.404045074803 -0.248285435
0.0626801795439 -0.406682937207 -0.247323414262

