0.321703939956 -0.344760300904 -0.243534549615
0.318282141726 -0.343023366148 -0.243343579659
0.311510157123 -0.340485888146 -0.242533173916
0.304020733826 -0.340539924434 -0.240179038983
0.301125036536 -0.33958749749 -0.240037151393
0.297855669978 -0.339262391055 -0.240011539761
0.295382609595 -0.340099708069 -0.239570528051
0.289315739019 -0.340205884765 -0.24012081117
0.279040826905 -0.342199541638 -0.240965344652
0.270177318552 -0.343278966504 -0.24094897381
0.262398879322 -0.34549792852 -0.24094894141
0.256198480456 -0.348455219238 -0.242082454533
0.249695020632 -0.351861734256 -0.241863313376
0.243008709999 -0.352832604523 -0.242553993741
0.232696448219 -0.357178677865 -0.242951245678
0.227348743106 -0.360121542674 -0.242470286922
0.222943934097 -0.359868266358 -0.242684496221
0.218788533179 -0.359961952937 -0.242843963809
0.214104714554 -0.362591182124 -0.242888867162
0.212030145494 -0.363843674943 -0.242885210487
0.208324708723 -0.364458463867 -0.241791253778
0.204754415881 -0.36397015668 -0.242480548975
0.200814829349 -0.365116803137 -0.242529165461
0.198122235614 -0.368633985905 -0.241256534447
0.193397992521 -0.369915317473 -0.241079318205
0.188576661847 -0.37142856343 -0.241428716067
0.177785968004 -0.376459382124 -0.240890291536
0.174031564651 -0.378639789205 -0.241307046842
0.167645583274 -0.38246854814 -0.240853273597
0.160333491023 -0.384171209689 -0.241367138265
0.155895187704 -0.382620387764 -0.240977445479
0.153773317854 -0.382159185583 -0.240678055946
0.148023859201 -0.384115122806 -0.241088647244
0.142117375249 -0.386321217922 -0.241376975906
0.131231492018 -0.390084041451 -0.242806345571
0.123989250955 -0.391569506185 -0.242972054389
0.124374599009 -0.390322683765 -0.243773614393
0.110691305896 -0.398054622619 -0.243210514106
0.104033288355 -0.400277382041 -0.243014483615
0.0997709012623 -0.399836897954 -0.242874327954
0.0936221463219 -0.401799035927 -0.243190791673
0.0867726288524 -0.403979395863 -0.243104364513
0.0787744947621 -0.403770742703 -0.243577090361
0.0742071312759 -0.405162332483 -0.242706680319
0.0667143973242 -0.400875925931 -0.24299860371
0.0640934134469 -0.399472760531 -0.242797068776
0.0622527780774 -0.399230975991 -0.242302559294
0.0598496140754 -0.399368314731 -0.242760458624
0.0555965944726 -0.400391292643 -0.242913601041
0.0509496476848 -0.401258163834 -0.242522404017
0.0473718031023 -0.399835655772 -0.243140295389
0.043360182313 -0.398828718124 -0.241629803438
0.0409266169153 -0.397511272752 -0.24193125359
0.037514891592 -0.397726693935 -0.241633766812
0.0350974206243 -0.398101688916 -0.241701260531
0.0325280223461 -0.396754383832 -0.241716101466
0.0285586154883 -0.395775102133 -0.241119296012
0.0246639105299 -0.395453992387 -0.240700616745
0.020677657735 -0.392964474643 -0.241516767666
0.0160559763513 -0.391956672313 -0.240326380892
0.0162544664499 -0.392081143832 -0.240881969916
0.0076481554058 -0.396592170017 -0.240639897926
0.0023070790335 -0.394180642766 -0.240865729063
-0.000584439281267 -0.393254349035 -0.24085067966
-0.00394038372764 -0.390531711158 -0.240769854194
-0.00762306196676 -0.386894221517 -0.240329649619
-0.0111258358103 -0.386817810528 -0.240181185909
-0.0126499357952 -0.385909786889 -0.240207606493
-0.0163853464393 -0.384270919579 -0.23996964297
-0.0192292754388 -0.388744760395 -0.239699678361
-0.022607605825 -0.389744013966 -0.240533985282
-0.0259389272594 -0.393376327606 -0.239589361635
-0.0242108939558 -0.394884886648 -0.239475210607
-0.0285129621916 -0.39704635448 -0.239137753039
-0.0286076714126 -0.396933765461 -0.238647768507
-0.0275160403842 -0.396591792803 -0.2391593134
-0.0297083839773 -0.397774274611 -0.239108564451
-0.0297848431462 -0.399004855738 -0.239637255806
-0.0299786954048 -0.400398776074 -0.239618145342
-0.0295647660259 -0.401469836228 -0.239984360737

