0.435005795159 -0.341885452514 -0.266961305631
0.43185344305 -0.340274735843 -0.266238711516
0.423142168497 -0.335242703458 -0.26357294291
0.416545922077 -0.333149294039 -0.260958748145
0.412764281617 -0.333491354277 -0.260442900246
0.407713976675 -0.33248702104 -0.261746635531
0.402132252372 -0.33461328731 -0.261080234364
0.39224788527 -0.335029400243 -0.262302354166
0.382219986379 -0.33632615216 -0.262767725222
0.370126520366 -0.339807871787 -0.263989107646
0.36000508287 -0.341935004157 -0.264591626066
0.347305529324 -0.345741656838 -0.265868132243
0.33605594638 -0.348630331342 -0.266284015755
0.324979177639 -0.353312303249 -0.266806856679
0.31309975272 -0.357183663213 -0.268126001766
0.304743573843 -0.360766236165 -0.268040961157
0.294403334461 -0.36591936446 -0.268422749763
0.285877775993 -0.369985307041 -0.268476196145
0.277492468501 -0.374930363109 -0.268820231548
0.270662514383 -0.377956814485 -0.269191702462
0.264855836812 -0.38024932241 -0.269185239829
0.256517474946 -0.384844019969 -0.269513795585
0.247872819408 -0.38882509902 -0.270119624019
0.241166309023 -0.391347567364 -0.269498199682
0.235861581666 -0.394996121936 -0.269846065323
0.230490482979 -0.396233289678 -0.270103843764
0.220017068441 -0.4021385527 -0.271659194501
0.221403245738 -0.401612691149 -0.271551847989
0.217375074287 -0.40352890616 -0.271535054317
0.212350331298 -0.407240797967 -0.271509096735
0.206579766774 -0.41208766692 -0.27123465864
0.201303971801 -0.416967567108 -0.271376451902
0.192458204202 -0.422821467907 -0.271505955736
0.180434693778 -0.427711820674 -0.270970876639
0.176475228443 -0.428242758474 -0.270944870194
0.171654312455 -0.428880286381 -0.270932728369
0.166241977541 -0.431907555607 -0.270925170641
0.160314279991 -0.433660471919 -0.270886102991
0.156308926459 -0.433829957685 -0.270679281385
0.154015632555 -0.433760753112 -0.270534180921
0.152673889466 -0.433890699456 -0.27025375274
0.150396252687 -0.434675840688 -0.270053304737
0.146108880947 -0.437366073368 -0.269972142211
0.139948138656 -0.441062076697 -0.270085035847
0.13898782707 -0.442973188102 -0.27058379484
0.128191289287 -0.44087176788 -0.27111989138
0.123532465697 -0.442798813014 -0.271266198758
0.120114797044 -0.445325735963 -0.270120008604
0.116266364918 -0.447188441475 -0.27092286642
0.111394675648 -0.448550699907 -0.270516201205
0.110771233011 -0.448728569234 -0.270867394954
0.107883711413 -0.45073139623 -0.270437766466
0.105490799474 -0.450724149825 -0.26962841983
0.103720451017 -0.45136351517 -0.270369157206
0.104780676622 -0.445785880422 -0.270124192699
0.105333141896 -0.446296461714 -0.270342422957
0.10536515025 -0.444846159771 -0.269982145274
0.102449125295 -0.444113493171 -0.26990938159
0.102353226837 -0.444363041435 -0.269526793023
0.101410738559 -0.445684906743 -0.270161779365
0.099906073258 -0.449015067297 -0.270041899148
0.0972777309176 -0.452901477696 -0.269838041064
0.0944309035468 -0.456420967497 -0.27005957654
0.09335794274 -0.456879153562 -0.269755838559
0.0920455120132 -0.457748524943 -0.268854660877
0.0905097595616 -0.460682713999 -0.268794927119
0.0873986238914 -0.466363578469 -0.26887101268
0.083411034458 -0.467465622573 -0.269460319364
0.080804085533 -0.467336536555 -0.269231837329
0.0721445223986 -0.473670543353 -0.268905769888
0.0657056299508 -0.478592170954 -0.270045627623
0.0652911189887 -0.483378812625 -0.26931428139
0.061264653333 -0.491074950602 -0.269104332969
0.0588907791302 -0.495158984223 -0.268918524096
0.0597740424353 -0.494950359348 -0.268433483117
0.0609424421519 -0.492002253824 -0.268102585865
0.0619880132806 -0.489292219712 -0.268175665229

