0.387619084561 -0.324855230312 -0.258799086243
0.38395229499 -0.322110453791 -0.25769855731
0.376275237674 -0.318085256284 -0.256182366349
0.368446184495 -0.315715628114 -0.253572547197
0.365773992775 -0.316562044442 -0.253522518222
0.362725545767 -0.316051349051 -0.253632711924
0.356085672347 -0.316997100952 -0.254101633086
0.346576176912 -0.318233698712 -0.254626020835
0.336930493862 -0.320000234317 -0.256039145
0.326645485098 -0.321916331686 -0.256489385423
0.314549685913 -0.32397162849 -0.256771264747
0.304024802349 -0.325649523407 -0.257497496255
0.292999928458 -0.328182795518 -0.258838503031
0.280454674969 -0.332787608892 -0.258487619349
0.269616966378 -0.335292741238 -0.259580921162
0.261134417619 -0.340215146081 -0.26024225411
0.252541735097 -0.344373777819 -0.259817265604
0.239072919806 -0.349277125072 -0.259982446433
0.233271809527 -0.35186539184 -0.259658375996
0.232183513809 -0.352512592313 -0.258731999285
0.230468752388 -0.350928187596 -0.258617704889
0.226252433956 -0.351937803617 -0.258451582778
0.222557086272 -0.353846272277 -0.258077689045
0.216502482307 -0.357878590143 -0.257934432297
0.211701725458 -0.362002993536 -0.258475981115
0.203594671477 -0.366667268788 -0.258120754493
0.197049914693 -0.369699138376 -0.258118729441
0.190126552493 -0.373605688184 -0.257314622043
0.18811077557 -0.372797903006 -0.25762003039
0.189797289595 -0.37285952499 -0.257736044393
0.183006412873 -0.375272004832 -0.25745427189
0.180704204657 -0.377493166481 -0.256999525187
0.177541419905 -0.379349154442 -0.257496044865
0.172833706717 -0.38234768605 -0.256834732865
0.164417598714 -0.384733178798 -0.260102884532
0.159732231024 -0.386589288432 -0.260157552347
0.155639581577 -0.388872674471 -0.259832387843
0.151168058083 -0.392638350933 -0.259157018408
0.145666379385 -0.398301691883 -0.258626856527
0.136704230735 -0.404229125105 -0.259127545875
0.137508063172 -0.405896214328 -0.258678705581
0.129002567489 -0.409390389121 -0.259222312904
0.125317576184 -0.410419345421 -0.259237639794
0.124774108956 -0.409822345078 -0.25913179756
0.124128816414 -0.407874573978 -0.258579355207
0.119930462547 -0.411849156776 -0.258176291848
0.116296938173 -0.415764795044 -0.258679168151
0.114329485968 -0.418902959347 -0.257778618229
0.110042378137 -0.422954415745 -0.257538271785
0.107328077848 -0.426067285319 -0.257185448178
0.101808371795 -0.430456732314 -0.257718182029
0.1025258963 -0.430218199533 -0.257829057287
0.0942480880825 -0.43712867808 -0.258067791604
0.0904906261442 -0.439409425681 -0.258500079665
0.0875321554532 -0.4412317025 -0.258212701399
0.0857539401223 -0.439653555986 -0.25743830348
0.0818787821979 -0.442243405344 -0.257306456261
0.0776089874215 -0.44388838624 -0.257665866765
0.072548959636 -0.445828381855 -0.257542273111
0.0626996982127 -0.455112085385 -0.257530988859
0.0631552954717 -0.454578161843 -0.257354718087
0.0580245791748 -0.457010335334 -0.257128132021
0.050311933175 -0.460564275585 -0.257689792445
0.0451875335707 -0.466580644289 -0.258272845026
0.0404900481943 -0.469863652791 -0.258396936864
0.0367663687898 -0.471822779645 -0.257957147166
0.0347204621246 -0.471552744628 -0.257794739818
0.0335425973727 -0.469733455023 -0.257486219689
0.0318367379437 -0.468968853884 -0.257755314213
0.0305068621283 -0.470327104946 -0.25799011482
0.0297937364184 -0.473146216147 -0.258449516346
0.0288377415632 -0.475903675682 -0.258138421423
0.0225756577399 -0.483421749249 -0.258474197503
0.0155252207169 -0.492810881546 -0.257963787641
0.00994023051194 -0.497756410613 -0.258810911668
-0.000830538096311 -0.508454115358 -0.259134405035
-0.00202782653174 -0.508268932108 -0.259338010215
-0.0116459383867 -0.515019987747 -0.259225096511
-0.0129309807261 -0.51336118099 -0.258861865215
-0.0118360501044 -0.50986043922 -0.258958478517
-0.0116829390401 -0.50508192021 -0.257931315396
-0.0106462287552 -0.506419288078 -0.259140452024
-0.0101949073213 -0.50991984254 -0.258639826922
-0.00965853384546 -0.51249093742 -0.258393091835
-0.0109867415862 -0.517761427167 -0.257998932285
-0.011199436527 -0.523982039285 -0.257934159787
-0.012815185413 -0.528299524896 -0.258386194388
-0.0168800964258 -0.532978333312 -0.258259613915
-0.0171078408634 -0.532185423177 -0.257837570271
-0.0177288030805 -0.531724592235 -0.257481411162
-0.0180656756322 -0.532831511637 -0.257264674555
-0.0154420414199 -0.533101231784 -0.257238247842
-0.0143160160048 -0.535872178368 -0.257648064089

