0.418643955766 -0.389163507646 -0.252541799908
0.413576129023 -0.385027926043 -0.251898781794
0.408227021921 -0.381698258808 -0.251091759679
0.398694621081 -0.380814431702 -0.248035782875
0.395681467765 -0.380244114483 -0.24721823992
0.392126635909 -0.379691634343 -0.247245505226
0.388232877443 -0.380050036661 -0.247795137302
0.379490774638 -0.384016410671 -0.248040618324
0.367821701314 -0.385300651786 -0.248399213816
0.361362362555 -0.38808538408 -0.249398588305
0.35671652528 -0.384898262661 -0.249861917646
0.354042006038 -0.383744620489 -0.250050686728
0.352795334733 -0.38144327296 -0.249703036494
0.35084145016 -0.38232512674 -0.249590038207
0.35300649436 -0.376076099734 -0.248856500036
0.34938937164 -0.378422724419 -0.249340644965
0.34198070067 -0.381026241555 -0.249460486962
0.33208924174 -0.389579424543 -0.249739616254
0.323921335173 -0.394336893313 -0.250730953516
0.318145366941 -0.398243265742 -0.249685359007
0.314528952847 -0.399343752449 -0.249863267838
0.31519920395 -0.39433663171 -0.250418104013
0.308960775545 -0.396980542424 -0.250712259044
0.299138087237 -0.399686850504 -0.251750132981
0.286849746056 -0.402188456797 -0.251657230083
0.271929444346 -0.41030102479 -0.253691520232
0.267602704481 -0.412429984246 -0.254630552143
0.263081388966 -0.418085345213 -0.253959340988
0.254240753631 -0.425282638346 -0.255177213443
0.248639433619 -0.428515359513 -0.254700599139
0.236392352036 -0.436298502225 -0.255134900311
0.228860787124 -0.442152240991 -0.255096962352
0.230244223249 -0.441763733024 -0.254600640433
0.225432697043 -0.443185519556 -0.254648083406
0.216789468821 -0.444615062648 -0.25800055597
0.212227546718 -0.446093361368 -0.258119783384
0.20682271742 -0.451115687526 -0.257491299257
0.206640805642 -0.452090751347 -0.257463081752
0.205355037227 -0.453054731725 -0.257273084982
0.202357271746 -0.456089291934 -0.256598287661
0.197913184908 -0.461500743625 -0.256563851993
0.198809493731 -0.461763329752 -0.256876480659
0.192974961804 -0.467162891178 -0.256910225004
0.186387656291 -0.473628617 -0.256563014257
0.179382921942 -0.479386517754 -0.256944141532
0.179821868494 -0.478851337449 -0.257006797658
0.17049602711 -0.48719149491 -0.256692029708
0.161576870607 -0.493073933139 -0.257593182553
0.157100442452 -0.49295817404 -0.257865858024
0.150788586232 -0.493614810539 -0.257062184065
0.150715589021 -0.49410717381 -0.256943173091
0.145645495361 -0.497212497611 -0.257232427879
0.1411913701 -0.499536709254 -0.257654978055
0.13885069853 -0.498856746702 -0.256587461489
0.139551674515 -0.49805776721 -0.25637518748
0.137710536213 -0.498733918339 -0.25674583531
0.135334239146 -0.502547586349 -0.256398253026
0.132534999558 -0.505874800008 -0.256852518758
0.128791900121 -0.5102141329 -0.255971870526
0.129417472799 -0.50995303846 -0.256451385533
0.12366242324 -0.51827167346 -0.256505468934
0.115559137656 -0.530743161217 -0.257698914535
0.107534580631 -0.540840529893 -0.258333430335
0.105556297052 -0.54224346067 -0.25875108904
0.1031294523 -0.538941200141 -0.257585983086
0.10328682872 -0.532473975644 -0.257609509933
0.103667406508 -0.532626860148 -0.256996350977
0.102520038475 -0.532130432281 -0.257387636169
0.10372015366 -0.530493535673 -0.257292901632
0.100943667874 -0.532498481532 -0.256963003402
0.0968242022155 -0.539507872876 -0.25672125433
0.092253001725 -0.544138403239 -0.257592678808
0.0927161828313 -0.543043342087 -0.257603842306
0.0838035578404 -0.556674358586 -0.257998527622
0.0762089830799 -0.56717430473 -0.257718042091
0.0748648652338 -0.565248139089 -0.257209811413
0.0756765264329 -0.558722338123 -0.257591635534
0.0764620580263 -0.556840658494 -0.25747745155
0.0735064954057 -0.557680866201 -0.257503096279
0.0698763182454 -0.561808924864 -0.257320583779
0.0671991674769 -0.563988635059 -0.257429802329
0.068526857376 -0.561412420952 -0.25714201607
0.0638273021158 -0.566318401931 -0.257226279026
0.0554915333601 -0.583132557736 -0.257288641322
0.0504115333801 -0.589711890955 -0.257511642645
0.0475542463109 -0.589180024039 -0.258276821005
0.0481536179444 -0.586474312055 -0.257507973275
0.0476610348618 -0.582966555946 -0.257651770678
0.0460774721397 -0.581012057468 -0.258178743165
0.0417953359323 -0.585586316737 -0.258129738172
0.0426851155171 -0.583000028782 -0.258071660664
0.0365925207881 -0.593334595516 -0.258437793175
0.0304538167716 -0.609565556706 -0.257938288193
0.0258100750669 -0.626935750052 -0.257588859567
0.0271412592647 -0.626047422159 -0.258067768354
0.0228597921824 -0.624926422944 -0.257579176979
0.023907650228 -0.620541605434 -0.257938985022
0.0234253358511 -0.618599712118 -0.257372458802
0.0255298924649 -0.619144597389 -0.257175130239
0.0282381807117 -0.621531431104 -0.256539160534

