0.408586116319 -0.307707896546 -0.247197362177
0.405293096381 -0.305634801559 -0.246173796691
0.400281376635 -0.303547119901 -0.2443268998
0.391348364702 -0.29879288365 -0.243450970351
0.386363628684 -0.298519430637 -0.242355111544
0.382947278083 -0.298934758718 -0.242461401873
0.3777647646 -0.30018003477 -0.242189041498
0.371323274074 -0.302221677817 -0.241861496625
0.361859590159 -0.303466638251 -0.243313686643
0.351026200305 -0.306001078346 -0.244794037069
0.339646380474 -0.30896096548 -0.244915529392
0.327291770431 -0.31280688489 -0.246138163915
0.31606123649 -0.316591066473 -0.246980465968
0.302370632912 -0.320897001729 -0.247546323514
0.291421814606 -0.325183956399 -0.247229393947
0.279756332501 -0.330896472418 -0.248053717449
0.273281248588 -0.335456298006 -0.247364261929
0.266650112043 -0.339981244839 -0.248037185546
0.254237990612 -0.346401072199 -0.248743168177
0.247625500836 -0.348089919627 -0.248322114622
0.23967506475 -0.345271765987 -0.247970262437
0.24013555777 -0.345623974609 -0.248106158711
0.235733886023 -0.346124315668 -0.247332533319
0.236323863547 -0.346433177255 -0.247612058569
0.231692613416 -0.34896662473 -0.246643589671
0.225669526196 -0.351517878278 -0.247797481196
0.221448172653 -0.351508860241 -0.246676856534
0.217453438409 -0.352855460833 -0.246856873612
0.213112988641 -0.35623334574 -0.245761079074
0.212264376159 -0.358493072483 -0.245773892561
0.205046911132 -0.362348258683 -0.246197261558
0.195555193181 -0.367136088284 -0.247379955566
0.18525741846 -0.368082351122 -0.248999325454
0.186128392181 -0.368825640331 -0.248566319547
0.175064938795 -0.37290002878 -0.249000345314
0.16694459531 -0.376730590092 -0.248957529903
0.16041712014 -0.377692898321 -0.248981883393
0.159291690326 -0.374959266219 -0.247594425235
0.160682431311 -0.374856116925 -0.248479694819
0.157337539185 -0.377762944198 -0.247839183309
0.152594815479 -0.381152175625 -0.248373379113
0.152958359145 -0.38302611458 -0.248268911757
0.149807519916 -0.383501825072 -0.248311307055
0.145115611044 -0.385114333595 -0.248183044119
0.140214067063 -0.386166839136 -0.248328813098
0.132861463149 -0.390928525976 -0.248269089729
0.125609031866 -0.394384731588 -0.248547266432
0.12658050253 -0.394738241572 -0.248191922421
0.117545452444 -0.398615433462 -0.248031521376
0.109799491701 -0.402250469656 -0.249303356712
0.108699768143 -0.399698220452 -0.24889945788
0.10218055634 -0.397830306618 -0.248533254681
0.0971968268002 -0.398912818241 -0.248239330768
0.0932071771389 -0.399360732206 -0.247579779681
0.0894860956632 -0.401906851118 -0.247363231693
0.0889920636633 -0.403420194996 -0.247962932226
0.0824974700006 -0.407325965338 -0.248060129527
0.0780347445226 -0.408586656644 -0.247841067359
0.0743430761832 -0.40905279566 -0.248136759524
0.0696223995017 -0.410094832975 -0.247648817203
0.0712897335785 -0.41087560793 -0.247182364373
0.0667005608325 -0.417320875396 -0.246817905885
0.0607838710505 -0.424577854324 -0.246304728196
0.0568205959179 -0.431747779776 -0.24614908588
0.0606715852134 -0.431660244123 -0.24432827438
0.054331147916 -0.436968385856 -0.24489916153
0.0492114131469 -0.441499177359 -0.244589668101
0.0481460335304 -0.440372626443 -0.244631007581
0.0487544524086 -0.440188251203 -0.243728651804
0.0501590964998 -0.444971622273 -0.242985318673

