0.465075726248 -0.197134306332 -0.258392153763
0.459401822094 -0.193768580572 -0.257179363128
0.451466024788 -0.191280150659 -0.253738752642
0.447782663246 -0.193408458219 -0.253546631172
0.44206131651 -0.19333601563 -0.253052052198
0.436268964809 -0.193792742045 -0.253473971254
0.428125145031 -0.19452410819 -0.254009807594
0.417411928116 -0.19614069371 -0.254726622807
0.408992312526 -0.19707823157 -0.254977432627
0.39715765926 -0.200631571902 -0.255260680647
0.388257906448 -0.203694848497 -0.256739717326
0.377278505574 -0.206445291734 -0.257155833399
0.364997311534 -0.206078467671 -0.257895211074
0.356130575279 -0.209222946239 -0.258518622249
0.346459086334 -0.212219305638 -0.25882056363
0.338209402099 -0.217091421421 -0.259524422864
0.335408939297 -0.220613593751 -0.25992031524
0.332978877672 -0.222804670166 -0.260200734986
0.33312248695 -0.227821597634 -0.259850229547
0.327217613823 -0.228215779407 -0.259263875947
0.32059316576 -0.2287502772 -0.259446973412
0.315495341053 -0.22802335296 -0.258465041998
0.310204440982 -0.22924620617 -0.258745166278
0.309344684181 -0.232949768941 -0.259040120183
0.302441513202 -0.234860381739 -0.25852887061
0.294167498891 -0.235692633893 -0.259516194477
0.283727042238 -0.242412362785 -0.259002384189
0.275741478988 -0.248922101947 -0.258349478552
0.274828673855 -0.25359939894 -0.257974572152
0.267838470735 -0.257812577469 -0.25816638417
0.257591922772 -0.264106479389 -0.259663805778
0.248979517058 -0.266999216719 -0.259675879427
0.244068321724 -0.271538835311 -0.259624854462
0.234360996929 -0.275321787561 -0.260932934382
0.223425242508 -0.283778661759 -0.261556891956
0.214484106877 -0.29023958948 -0.262075075306
0.209312424272 -0.295320232558 -0.262239338137
0.200976536369 -0.304636197348 -0.261862598519
0.196251124896 -0.310035723097 -0.26207548194
0.193407043619 -0.312468742579 -0.26179660212
0.186139274256 -0.319139612197 -0.261168327511
0.183779555036 -0.321466116948 -0.261546343166
0.177000990504 -0.321388430715 -0.261402654815
0.169575803115 -0.320318408699 -0.261806713101
0.165117858592 -0.318163124055 -0.262289932565
0.16202365479 -0.318682421128 -0.262571691354
0.163169788053 -0.319727790964 -0.26235940238
0.1595297193 -0.321410083548 -0.261656579647
0.154779249938 -0.325474991165 -0.261678209618
0.153178856265 -0.330549172319 -0.262227278527
0.149041174025 -0.330996181859 -0.262111348991
0.144715649302 -0.332209583003 -0.261870064831
0.142730212524 -0.336651061191 -0.261641318878
0.141254809284 -0.336002424478 -0.261130406414
0.142953254515 -0.336582211992 -0.261896565521
0.139618278595 -0.33933114093 -0.261321647366
0.134343020226 -0.344625890271 -0.260708128723
0.128416302224 -0.353149560285 -0.260989601414
0.128971065427 -0.352295459734 -0.261321058528
0.120667404833 -0.356067182518 -0.260956139184
0.116456806321 -0.35700609379 -0.26098708072
0.114001738423 -0.358965173359 -0.260727507637
0.112151827856 -0.35895585912 -0.260186265346
0.113211603405 -0.359959108658 -0.259819541042
0.112687708342 -0.359783283268 -0.259548627145
0.110010033923 -0.359765397287 -0.259389660489
0.107041070793 -0.361744778212 -0.259612648214
0.109837971307 -0.365082255731 -0.259110763867
0.104305817835 -0.371607031765 -0.259158608019
0.101336603085 -0.376222563194 -0.259261023626
0.0975376094681 -0.37706431738 -0.259106025286
0.0944738689937 -0.377236506549 -0.25898807658
0.0945764597555 -0.375642521885 -0.259359244664
0.0920220442193 -0.381316547702 -0.25998521348
0.0879498748171 -0.394719736546 -0.260008723754
0.0834000462881 -0.407407068965 -0.259920058942
0.0851041387666 -0.407568820439 -0.258818766303
0.088691474534 -0.399437122375 -0.258688283566
0.086646650968 -0.3970894688 -0.258032307874
0.0895404319056 -0.394773259871 -0.258577384672
0.0886110731072 -0.396176879908 -0.257978577554

