0.305098065651 -0.306897433957 -0.25935125239
0.300463495589 -0.304793380624 -0.260420415511
0.293906678235 -0.303703695205 -0.259110708577
0.28831098812 -0.303698923342 -0.258168988371
0.284993286262 -0.304103671138 -0.258023279735
0.281142017201 -0.304303156672 -0.258499045101
0.276169085779 -0.30534180583 -0.25871152393
0.273661466748 -0.306477578423 -0.259027695423
0.267108793445 -0.307466783037 -0.25967715214
0.256826926749 -0.309218711351 -0.259932667376
0.248838277861 -0.309389599254 -0.260089274173
0.248769399867 -0.310208968679 -0.260505694514
0.241198959865 -0.312805932447 -0.259808585634
0.233098089958 -0.314876554583 -0.260170112337
0.226343706573 -0.314340173213 -0.260324984261
0.219729394398 -0.317388940087 -0.260424020066
0.220590180419 -0.318344332592 -0.25896359044
0.216406075146 -0.317947493943 -0.2595797236
0.20994392445 -0.32048214222 -0.259406177337
0.203263888248 -0.320886375851 -0.259467015357
0.203595223709 -0.322991157731 -0.258449816764
0.197239805567 -0.323985683449 -0.25914710694
0.191244080226 -0.327260386697 -0.259717577774
0.185731523267 -0.327701588998 -0.259104893566
0.180858196429 -0.329440686511 -0.259208507716
0.181423816524 -0.331025257114 -0.258600585903
0.177473995426 -0.332127248659 -0.259239815931
0.171171853662 -0.334418454111 -0.25900781279
0.165073724517 -0.336426834471 -0.258390920041
0.165465668647 -0.336490705513 -0.258887494282
0.158505468615 -0.339312103166 -0.2578572613
0.149763810247 -0.345160867861 -0.25884103277
0.141223394472 -0.343275021354 -0.259099024038
0.13824514972 -0.333705084941 -0.259213391736
0.13421376852 -0.334296616341 -0.258605909298
0.129863590692 -0.336395995674 -0.258567722462
0.127153285387 -0.336776916116 -0.258791877824
0.123252508557 -0.33803990711 -0.258909283197
0.116884266045 -0.34102152422 -0.25929325881
0.117388040026 -0.342433150024 -0.258598201192
0.110055741955 -0.346022599442 -0.258033952681
0.100953039431 -0.351094053026 -0.257815424209
0.0988879319974 -0.339439058433 -0.258480889341
0.0876275860821 -0.316005035311 -0.258671585756
0.0776538360057 -0.302576483904 -0.256856746658
0.0721157439779 -0.306692879341 -0.255964945474
0.06497818915 -0.310777550512 -0.256652454875
0.0627638490158 -0.312443431648 -0.259726575833
0.0563040411029 -0.318217870287 -0.260112664209
0.0489882256588 -0.320984191312 -0.259586681375
0.0427363684888 -0.311741223674 -0.260350457338
0.0372741643993 -0.298542270144 -0.260448260003
0.0395919322058 -0.296530042862 -0.259721419699
0.036689395537 -0.296341066339 -0.259597600532
0.0331637900453 -0.298004259916 -0.259289872973
0.0369885495272 -0.298937806261 -0.259302811761
0.0356833894661 -0.302079462217 -0.258922047125
0.0321541113908 -0.303783366736 -0.258582632286
0.0328325119309 -0.305068924361 -0.258860514371
0.0328231720467 -0.305579662773 -0.258974059397
0.0350563645168 -0.308736630769 -0.258448318342
0.0354301601326 -0.311958683003 -0.257654229722
0.0361672590518 -0.307612452366 -0.25872320813
0.0369223142819 -0.30326503971 -0.25786661958
0.0439291105723 -0.298814792198 -0.258239155572
0.0443773504363 -0.304842668299 -0.259034518696
0.0495303533887 -0.28698495755 -0.258199255294
0.0487978816744 -0.285267303591 -0.257376446799
0.0471533960248 -0.29031876191 -0.258222616162
0.0446415764493 -0.296581842607 -0.259111229684
0.0415682484805 -0.296246844843 -0.258712348716

