0.432295926991 -0.312567148867 -0.249483253823
0.432256034184 -0.312497613347 -0.249641112077
0.432264218275 -0.311698670891 -0.249334155691
0.430852625566 -0.310071014123 -0.249380827208
0.430235070828 -0.310287722251 -0.249422538622
0.429564699674 -0.310172661032 -0.249038089532
0.429617229448 -0.309571065782 -0.249170611158
0.428663212759 -0.309645853212 -0.249084216055
0.428130250757 -0.310169029576 -0.247958019598
0.426068665999 -0.309393074971 -0.248052160128
0.425774895043 -0.309201300189 -0.248327691984
0.424455731954 -0.310768984152 -0.248091390104
0.423160823137 -0.310151416338 -0.248086044709
0.421512196142 -0.310417234525 -0.247839647669
0.420514507565 -0.30902836382 -0.248505309383
0.419723795309 -0.310039307335 -0.248116926415
0.418291941019 -0.310130050144 -0.248165687379
0.416111233416 -0.310912169349 -0.248320017128
0.415521899805 -0.310236800064 -0.2479936299
0.413730483731 -0.309212006878 -0.249152146053
0.411725455163 -0.309013259756 -0.24863123484
0.40900520522 -0.31021297908 -0.249052981636
0.40727556338 -0.30904104996 -0.249380127487
0.404490444072 -0.309225928078 -0.249110516791
0.401257096145 -0.309858691574 -0.249491347323
0.3987066335 -0.30993399252 -0.251077296688
0.396628909607 -0.308750562717 -0.251144303788
0.394784331777 -0.309150970683 -0.25031508827
0.392770225047 -0.309748356294 -0.251099867275
0.389000280841 -0.308693259035 -0.252395722983
0.387765251055 -0.308659371479 -0.251644268209
0.385263301558 -0.309310698198 -0.252748277383
0.383575299427 -0.309549813127 -0.251845431789
0.380834940306 -0.308557047205 -0.252858346384
0.379316508029 -0.308127686634 -0.253224384553
0.377788073779 -0.308649600924 -0.253076365521
0.376105990704 -0.30821073036 -0.253196234497
0.373167844954 -0.308205900698 -0.254369622557
0.371591834117 -0.308965981393 -0.254226313467
0.369733376591 -0.308526816964 -0.254912505682
0.367914525431 -0.308091597594 -0.254493009125
0.364575479288 -0.308649402838 -0.255675804749
0.362965808883 -0.308331481246 -0.25599959295
0.361409729481 -0.308447735819 -0.255728238605
0.359302656668 -0.307950944263 -0.255786914261
0.357243719866 -0.307788093702 -0.257407905514
0.354238599111 -0.308054322295 -0.257601295294
0.351849484055 -0.308230407984 -0.257429247004
0.350039570101 -0.308260378842 -0.257333998147
0.34746739239 -0.308239579412 -0.25947533144
0.344404665945 -0.307042050111 -0.258981302607
0.342363708916 -0.307749982073 -0.259980697495
0.340726615554 -0.307543169202 -0.260177178945
0.338620496321 -0.30794342027 -0.259970256764
0.334895840646 -0.306668893149 -0.261395921497
0.333274685295 -0.307283068911 -0.261800156378
0.33099647839 -0.307749837701 -0.262020473184
0.328647415961 -0.306736374406 -0.262679335338
0.32485725206 -0.306486936707 -0.26400625495
0.323047004959 -0.307403825454 -0.26442987995
0.321058357896 -0.306934546711 -0.264797737269
0.319724126893 -0.306534651294 -0.264335536131
0.315309562067 -0.307210658553 -0.266564640273
0.312645646251 -0.306732886925 -0.267260744891
0.311387580354 -0.305609665177 -0.267227444298
0.308313712169 -0.305844344038 -0.268436274602
0.306179210528 -0.305878510439 -0.268599538819
0.304102051081 -0.306386423358 -0.268890022232
0.302514284344 -0.305289494578 -0.269341035394
0.298692397394 -0.305351692194 -0.270546677675
0.296644708897 -0.305815478714 -0.270992380377
0.294754272318 -0.305485393146 -0.272117154644
0.293129008181 -0.305121423645 -0.272375638046
0.290120241828 -0.304791273417 -0.273066939573
0.287195628262 -0.305248739591 -0.2737979749
0.285545076523 -0.304719604583 -0.274718810922
0.283561996275 -0.304469315875 -0.274772879484
0.280663710893 -0.304702103851 -0.275953241346
0.278784796332 -0.304368687673 -0.276516470094
0.27727515927 -0.305454401753 -0.27685758823
0.275640715316 -0.30536410932 -0.277024886215
0.272067630655 -0.304735314511 -0.278644736677
0.269818344305 -0.304357164037 -0.279375912001
0.268882660339 -0.304460566947 -0.279233859152
0.267679785971 -0.303625806799 -0.279244334615
0.264868404813 -0.303473073972 -0.281086927716
0.263132968266 -0.302861406076 -0.282712302549
0.261686299717 -0.304047145941 -0.283801385953
0.260378739433 -0.304441989851 -0.284559426263
0.250506005599 -0.304100622954 -0.28798645406
0.248553967643 -0.304132593094 -0.289362509009
0.240874148355 -0.303260706469 -0.292042795947
0.240183656441 -0.302863547258 -0.292581064336
0.239701661783 -0.30355905564 -0.292863370526
0.23428497985 -0.302110468714 -0.294897861274
0.233507852353 -0.302234251459 -0.296379298619
0.232932418382 -0.303363685383 -0.296529604296
0.226278145805 -0.303471263552 -0.29598836194
0.22644396543 -0.302609904796 -0.295283414021
0.226356883879 -0.302812780221 -0.294933899743
0.22764006494 -0.301694363825 -0.294451145023
0.227428592192 -0.302223019361 -0.295037062835
0.227211086443 -0.302465982126 -0.295227599953
0.227225714456 -0.303028710975 -0.294730190347
0.226901172293 -0.30235863169 -0.294834259686
0.22764104603 -0.301288395901 -0.295088912372
0.22654160018 -0.301744660238 -0.295925304564
0.221364349753 -0.302989455551 -0.298716838275
0.220226792179 -0.30318892499 -0.29969819326
0.215188869618 -0.301067091241 -0.302700454406
0.214594838316 -0.301429626463 -0.303441486171
0.208282670789 -0.301951329075 -0.30552585227
0.202986676522 -0.301959673855 -0.306977655821
0.2028626495 -0.301637181655 -0.307876718473
0.19744562911 -0.30208805715 -0.309610737083
0.19728173863 -0.301659653415 -0.310677352666
0.194221164355 -0.301941548366 -0.312708606783
0.188598724175 -0.301625639688 -0.314290473949
0.188681428589 -0.301572863391 -0.315187637083
0.183129515068 -0.301115882292 -0.317795838749
0.179432148369 -0.301489764276 -0.317915781603
0.179884662334 -0.300254777483 -0.319615939892
0.175457962097 -0.300817306638 -0.320496941729
0.175890568004 -0.300904807839 -0.321688405856
0.17283579274 -0.300954853682 -0.322363015083
0.174213306148 -0.299879651582 -0.323170164659
0.169100965991 -0.300001022821 -0.324222644473
0.169352210949 -0.300318194499 -0.326328241159
0.163984052327 -0.300208389409 -0.326907814887
0.163911087222 -0.300321544639 -0.328663157668
0.158355147786 -0.302214626807 -0.329890267226
0.156121244437 -0.302130876156 -0.331761273984
0.153014689746 -0.301416296706 -0.331708670982
0.15298533027 -0.299769312837 -0.331158494316
0.153781766547 -0.300014885774 -0.331136596482
0.154425003574 -0.298752174119 -0.330950564929
0.155637116487 -0.299918810968 -0.331014570433
0.156329988676 -0.300929038581 -0.332177244318
0.150827384806 -0.30167287936 -0.33389051245
0.149371075396 -0.300994687172 -0.336069414499
0.14140680257 -0.300529380187 -0.339581841093
0.13943623185 -0.300359672682 -0.342205807309
0.132037052865 -0.299706665729 -0.347642614912
0.130928213913 -0.299495140886 -0.348597904706
0.12181019825 -0.300585120543 -0.352991153912
0.120828497748 -0.300659836821 -0.354275833852
0.113152186847 -0.29940129086 -0.36033411456
0.113029595951 -0.299444166912 -0.361685526749
0.107071266965 -0.300046049444 -0.363448510872
0.106058120085 -0.299366770726 -0.365569191036
0.101014971879 -0.300082780516 -0.371956312764
0.0983614065917 -0.301127263508 -0.369003413967
0.0980307362998 -0.30048518142 -0.372489566654
0.101093532144 -0.300965402967 -0.374235924834
0.102615215111 -0.29896243181 -0.379112099448
0.102950750859 -0.297530661416 -0.376600737711
0.102958304653 -0.296120588253 -0.368840886181
0.0993388704909 -0.296367154778 -0.367931225372
0.0990196168898 -0.294948888874 -0.369737880424
0.0933865158703 -0.294742864793 -0.37464894097
0.0927415791471 -0.294760254687 -0.372369963119
0.0924630675409 -0.29390291058 -0.380425893059
0.0881670942308 -0.294413171973 -0.384339479935
0.0878104666956 -0.294755090549 -0.386621513933
0.0814881422156 -0.29363038003 -0.388640344902
0.0811151985236 -0.294104848824 -0.390280251091
0.0755817234283 -0.293618540037 -0.396142209746
0.075630921834 -0.294335473178 -0.398510232891
0.0701460507783 -0.29367174164 -0.403130999524
0.0655140038323 -0.294474535985 -0.403751378086
0.0668009374664 -0.29472124096 -0.405156895783
0.0646717643314 -0.293843675793 -0.40611002236
0.0670110665258 -0.295581736725 -0.412323498023
0.0650847883467 -0.296016562038 -0.415527576663
0.069722395485 -0.295414144946 -0.421408262785
0.0670923331334 -0.295905474599 -0.416554718323
0.0700393732145 -0.295839355909 -0.41963636179
0.0662124800662 -0.295584388932 -0.420654516495
0.0691370743353 -0.298663901029 -0.421286602083
0.0668472987903 -0.300691182658 -0.421132110413
0.0698507023727 -0.303191285513 -0.418963973261
0.0660339088158 -0.30405800396 -0.420426740913
0.0631374183626 -0.306407327823 -0.42357422526
0.064538556728 -0.306252967417 -0.42400166686
0.066131989388 -0.307227675177 -0.419695733401
0.0630985814944 -0.307223841953 -0.423312330628
0.0642783875246 -0.307128616542 -0.425213830959
0.0626081052348 -0.307729406245 -0.425701278078
0.0630118849877 -0.308231978059 -0.427843721933
0.0579487954934 -0.307969379916 -0.431609277365
0.0572926817679 -0.307525936347 -0.429819640705
0.0511705461253 -0.306128166623 -0.43675307643
0.0509478334318 -0.304734667398 -0.440329228672
0.0449940881393 -0.306106429061 -0.441242472801
0.0446278949261 -0.306372892303 -0.442860251503
0.0410152455201 -0.307078128719 -0.445870871407
0.040629810784 -0.307769814404 -0.447407440787
0.0360278565548 -0.306612487006 -0.449372157722
0.0371401186052 -0.307428157121 -0.452870262455
0.032129356556 -0.308899204275 -0.45568943502
0.0323723847362 -0.310444792294 -0.4552220946
0.0269864164763 -0.311076888347 -0.457226720339
0.0219432096857 -0.310298436868 -0.462506235517
0.0216369919244 -0.310085977385 -0.46587960114
0.0174451997008 -0.309674619131 -0.470795709871
0.016916727924 -0.309790704098 -0.473314360624
0.0168155173537 -0.308827522848 -0.478844906222
0.0114438594676 -0.308467664994 -0.48077383634
0.00610958216782 -0.308700188324 -0.486393918188
0.00637643961746 -0.307996239277 -0.488438700726
0.000302502688744 -0.310901538257 -0.490406666688
0.000223194806582 -0.311925106138 -0.491585497696
-8.55935330905e-05 -0.311637335191 -0.494047516437
-0.00411893725024 -0.312217869807 -0.499374445191
-0.00877370730409 -0.313388250719 -0.50295718328
-0.00845933643574 -0.312748097523 -0.505195460613
-0.011796574327 -0.311637202763 -0.50751296549
-0.0107414508343 -0.310389800675 -0.507948400583
-0.0140423614056 -0.310643224666 -0.509904844869
-0.0120211667232 -0.310411807951 -0.510379315732
-0.0158911795512 -0.310107138858 -0.512708531926
-0.0156943600018 -0.308334888926 -0.51403770147
-0.019230632261 -0.308096472428 -0.516294227913
-0.0196195466805 -0.306422305004 -0.520291889822
-0.0240614304439 -0.304652645198 -0.522488318351
-0.0235208552103 -0.301513091914 -0.529446428771
-0.028690569843 -0.301236623407 -0.532605047895
-0.0281724205384 -0.30145780259 -0.537699153118
-0.0337030000593 -0.302694962869 -0.539252162275
-0.0320070523988 -0.302782787472 -0.54207984913
-0.0373811682155 -0.303636353984 -0.542977666748
-0.0419331101796 -0.303262375795 -0.541718661264
-0.0424051795704 -0.303080055031 -0.54161846271
-0.0478441926265 -0.30412667012 -0.542400605575
-0.0477679308074 -0.304502016794 -0.542589323676
-0.0517675324666 -0.303931799875 -0.543097715383
-0.0514377671096 -0.30311208782 -0.543078999876
-0.0573461435587 -0.304993428846 -0.543943409925
-0.0572889909405 -0.304796151419 -0.544928361097
-0.0594598275805 -0.304085254972 -0.548458013849
-0.0584993104808 -0.303517310514 -0.55062140447
-0.0575709312871 -0.303573633107 -0.553448062379
-0.0616091309749 -0.303639715735 -0.555225917004
-0.0608551016082 -0.303199090685 -0.556752522085
-0.0650477688893 -0.304021815618 -0.559731964685
-0.0645033457496 -0.303045554581 -0.561488337643
-0.0698418407152 -0.304741636532 -0.561669869601
-0.0733026493454 -0.304524698745 -0.56891553413
-0.0723428176037 -0.303048090555 -0.575212588391
-0.0774025303007 -0.304413610731 -0.579027157001
-0.0837178574228 -0.305234104842 -0.58564001257
-0.0837353033249 -0.304114100865 -0.592322438475
-0.0887353372741 -0.304068318843 -0.597054174818
-0.0880187809779 -0.304224330151 -0.603540167069
-0.0928451314087 -0.304945799336 -0.607329257389
-0.0955340444946 -0.304181213433 -0.613517306403
-0.0960377628833 -0.304753649998 -0.61654020175
-0.101850977805 -0.306296872871 -0.620407082558
-0.102014350501 -0.305200184972 -0.621702703417
-0.10076726332 -0.307399423187 -0.62481548716
-0.100568326988 -0.307127167799 -0.625404855126
-0.100950293027 -0.308146839443 -0.625964325851
-0.10099352565 -0.308705757436 -0.626438879879
-0.10245580527 -0.309768369176 -0.625974425328
-0.103275354035 -0.309587614056 -0.625055362497
-0.10513311127 -0.308622373848 -0.626212971289
-0.105769950514 -0.309424665144 -0.626752749514
-0.10449843022 -0.309774345651 -0.630586323203
-0.105612876872 -0.309209731081 -0.631832907787
-0.104149219879 -0.309601463401 -0.636174327371
-0.108327821079 -0.310074981575 -0.638788675754
-0.110767155352 -0.309388201508 -0.64280009147
-0.108966544453 -0.309119015639 -0.647293171872
-0.112642860491 -0.309160818486 -0.650296833492
-0.112546957621 -0.309323332368 -0.655405758097
-0.116157067296 -0.310620539016 -0.659250120736
-0.114775873599 -0.314408692706 -0.667585920383
-0.113161074278 -0.316453514285 -0.674009425528
-0.113210883003 -0.314872803508 -0.683043056974
-0.113934086894 -0.315867398061 -0.686541141511
-0.117307705329 -0.31554502287 -0.69295414049
-0.118772611032 -0.31557110171 -0.695631558109
-0.124507433451 -0.314854814519 -0.699018446578
-0.127150222307 -0.3158078821 -0.699308431907
-0.131510048575 -0.31476942616 -0.700911794955
-0.131834375535 -0.315107357901 -0.701975376085
-0.131945726006 -0.314940284664 -0.70186282166
-0.132218349372 -0.314898924106 -0.701513915417
-0.132276950136 -0.314762333612 -0.701801399122
-0.132655723767 -0.314753672695 -0.701778436319
-0.132675337377 -0.31391588393 -0.702767017402
-0.132897768798 -0.314938366684 -0.704704769913
-0.133895194394 -0.314031076018 -0.70707667518
-0.135146698354 -0.315156374204 -0.713703799787
-0.13582314345 -0.314913646279 -0.717196734488
-0.137622820691 -0.31536365252 -0.724541941512
-0.138848613681 -0.315936197608 -0.731201251706
-0.14036581589 -0.316689946982 -0.739598508321
-0.140665192468 -0.314959274935 -0.743191932509
-0.141138838595 -0.315576448904 -0.745713133653
-0.140982927028 -0.315771057069 -0.745260753402
-0.140889188007 -0.315702503595 -0.744416858015
-0.140242381578 -0.315881211267 -0.742533621644
-0.140050538984 -0.315157787827 -0.741224952403
-0.14065194084 -0.315178389856 -0.741624444413
-0.140554443285 -0.315688896318 -0.741287596435
-0.140579367997 -0.314726233983 -0.741709482729
-0.140674772518 -0.315938487438 -0.741347593027
-0.140664921091 -0.315935279744 -0.741543946078
-0.140602005814 -0.316127944522 -0.741201687443
-0.140592106351 -0.314734707524 -0.741513130906
-0.140047855201 -0.315301108981 -0.741031061887
-0.140590880357 -0.316267088259 -0.741203802474
-0.140677629399 -0.31591974615 -0.741347593027
-0.140571826461 -0.315676656281 -0.741287596435
-0.140637457514 -0.315330896745 -0.741430549474
-0.139990535348 -0.315681908916 -0.740888008538
-0.140677855642 -0.315738931079 -0.74134524507
-0.140107596959 -0.315917671436 -0.740948171864
-0.140648811684 -0.315323579517 -0.741430549474
-0.140021649374 -0.314710391101 -0.741309914715
-0.140033065028 -0.316274048696 -0.740804280414
-0.140056873502 -0.315287054886 -0.741031061887
-0.140066021873 -0.315120140101 -0.741028617587
-0.140573541033 -0.315687519539 -0.741287596435
-0.140078235495 -0.315144896933 -0.741028617587
-0.140682361223 -0.315919885422 -0.741347593027
-0.140166618301 -0.315561310307 -0.741091561839
-0.140707668229 -0.314967127285 -0.741573001272
-0.139979010799 -0.315674388326 -0.740888008538
-0.140118026008 -0.314958160708 -0.741173613642
-0.140135701271 -0.314786240355 -0.741170936268
-0.140093355206 -0.315912473419 -0.740948171864
-0.140627087338 -0.31543519118 -0.741389484491

