0.461885178734 -0.40417150982 -0.265322535429
0.461702230767 -0.404513286973 -0.265356312262
0.461537014606 -0.405039502139 -0.26533472822
0.460707593715 -0.403448190359 -0.265833015672
0.460384140768 -0.402038553287 -0.265471282192
0.459987342161 -0.402269258257 -0.264771316848
0.459939198643 -0.402635815283 -0.263952058516
0.459669633884 -0.40145913541 -0.265485101632
0.458720068485 -0.402139185889 -0.264510557085
0.456902655913 -0.400632167129 -0.263532053466
0.456140041286 -0.398874887448 -0.26377692367
0.454819638794 -0.399356080902 -0.263927275612
0.45419041943 -0.398687476279 -0.262871012507
0.452495448586 -0.399195323397 -0.263054220557
0.45120538472 -0.398054421573 -0.263423147432
0.449936607475 -0.398830170363 -0.263755426163
0.448791156102 -0.398629114508 -0.26379354557
0.447469802829 -0.399552121422 -0.262511701418
0.445413792619 -0.399504158772 -0.263163423443
0.444297192149 -0.399691877431 -0.263123142482
0.44299788306 -0.398495229149 -0.263343526652
0.440890670698 -0.39898532244 -0.263895949499
0.437493733954 -0.398864684266 -0.265313108358
0.43671567665 -0.398347297637 -0.264688133317
0.434428560951 -0.398311158774 -0.2641061164
0.432511867358 -0.398663004895 -0.264474643566
0.429109316049 -0.398782620174 -0.265584616686
0.427609074804 -0.398758703271 -0.265864414255
0.423959710194 -0.399502140379 -0.265703126354
0.422462373158 -0.398136698338 -0.266169859029
0.420053572159 -0.398675079057 -0.2661564907
0.417647545379 -0.398954951651 -0.266453413919
0.41574679901 -0.398087355631 -0.266948557161
0.414540957583 -0.398138309319 -0.266577884017
0.412873008271 -0.398267188648 -0.26681326504
0.409509607759 -0.398262297137 -0.267666100008
0.407342984654 -0.398365876924 -0.268499478744
0.405841818279 -0.398890563465 -0.268512947074
0.404769303266 -0.398098835253 -0.267577452688
0.400781784982 -0.398083846668 -0.269203967142
0.399428823071 -0.398563752064 -0.268913052878
0.397934808777 -0.39846438495 -0.268946458612
0.3958746348 -0.397910202441 -0.269465771431
0.391856437931 -0.398500889505 -0.270268307907
0.39036991983 -0.398852268773 -0.270621568644
0.38902480824 -0.397635131884 -0.270699822767
0.387121390279 -0.397299734295 -0.270963084527
0.384297541941 -0.398382126282 -0.271491748254
0.382795052045 -0.39775857402 -0.272055086041
0.38111622044 -0.397314196186 -0.271755840501
0.379099179579 -0.397548337186 -0.271624790406
0.375698112607 -0.396334393677 -0.273744175126
0.374378258368 -0.395273780038 -0.273920706255
0.372378891014 -0.395255427398 -0.27391506413
0.369105488535 -0.397211741697 -0.274699033306
0.366058778151 -0.397134703602 -0.27526191147
0.365338802171 -0.396199479738 -0.27654581495
0.363168767166 -0.396536020603 -0.277281526783
0.362903391718 -0.396212115343 -0.276890262794
0.363233301493 -0.395110857829 -0.276768492242
0.363316641003 -0.394400616661 -0.276320611093
0.3605010621 -0.395112900225 -0.277193886784
0.360485350591 -0.394262957387 -0.276740715094
0.359953764413 -0.392539723057 -0.277236866398
0.356968745452 -0.394563469551 -0.277948367566
0.356571316833 -0.393273586464 -0.278080475714
0.3540565837 -0.390353219731 -0.279206943095
0.35044212106 -0.392567702866 -0.279733925419
0.349724691409 -0.391239978318 -0.279919621014
0.348141149682 -0.390286210182 -0.280709275994
0.341911933395 -0.393048143833 -0.282282419764
0.340213541441 -0.391865545956 -0.283899857996
0.339105946163 -0.39023749252 -0.283625764889
0.331452263232 -0.392239583285 -0.28533099682
0.330466835854 -0.390374437961 -0.285544041637
0.329215545431 -0.38870792835 -0.285716477914
0.320746823215 -0.392693291989 -0.287040553503
0.319694660102 -0.392235800938 -0.287363199142
0.317596775089 -0.391881504705 -0.288470104936
0.31096030156 -0.394659023249 -0.289921595433
0.309099310016 -0.394893988185 -0.290512765863
0.307917642876 -0.394863079004 -0.289792015562
0.30323695955 -0.39718011505 -0.291537979429
0.302503172975 -0.396002453872 -0.2922630945
0.301278083182 -0.396243819011 -0.291992175689
0.298181971958 -0.395598172458 -0.29350664298
0.297088834699 -0.396347083107 -0.293640191748
0.292842680582 -0.396177259182 -0.295108630764
0.291232818501 -0.39656872383 -0.295878937325
0.28971907111 -0.396096447317 -0.29605798583
0.285020715292 -0.396478101841 -0.297421482198
0.283316565562 -0.396331549313 -0.298233215439
0.277373327917 -0.396192764906 -0.30052733422
0.275559461691 -0.396339383632 -0.301165484559
0.268928797622 -0.395932825361 -0.30390095133
0.267611916876 -0.395325897377 -0.304538774409
0.261469808403 -0.395718792343 -0.306820969133
0.260378328728 -0.395598885173 -0.307115480662
0.25351076407 -0.396606446614 -0.309454020596
0.2518579425 -0.395757368307 -0.310564728619
0.245870127707 -0.395163292974 -0.313085846139
0.241089297745 -0.395609617156 -0.315136070227
0.238861970102 -0.395164232989 -0.316304491935
0.234011964086 -0.393925020867 -0.318887769066
0.229999314399 -0.394143509604 -0.320842587494
0.225663292932 -0.394388287164 -0.323026371731
0.222495659366 -0.394093428235 -0.324750721353
0.219304559114 -0.394309217812 -0.327651961134
0.214638721908 -0.394326402729 -0.32962225581
0.206287586286 -0.394283787737 -0.333840466612
0.204493324202 -0.39446472268 -0.335697201037
0.196134353078 -0.394566509873 -0.339338693666
0.194342634273 -0.393996299535 -0.341665136521
0.190159688515 -0.394131256 -0.344054768414
0.189532637078 -0.393723550178 -0.345478684957
0.183564009913 -0.395141262793 -0.347329072743
0.181690217575 -0.393811499837 -0.346843014301
0.182486167529 -0.394611631824 -0.346269459855
0.184428835457 -0.393648666201 -0.345292123533
0.185421198137 -0.394152319182 -0.344418043951
0.18649100413 -0.394284407972 -0.343552026699
0.18693086726 -0.394255005014 -0.342852583687
0.187044501019 -0.39411420215 -0.343095489505
0.186462088808 -0.3938245766 -0.34310707971
0.186384192141 -0.393533204196 -0.343890679548
0.185830452571 -0.393156905685 -0.34399833044
0.184951241529 -0.393937252686 -0.344427393583
0.185725780805 -0.394206126235 -0.346275207636
0.181133099021 -0.392792988298 -0.348047647842
0.176171977305 -0.393006837074 -0.350437184586
0.176179182682 -0.393193531751 -0.351119891553
0.175890123876 -0.39254408932 -0.35382027653
0.170460526551 -0.393350724079 -0.354627959903
0.1690692681 -0.392804452979 -0.35735448818
0.167402956193 -0.393436417842 -0.358468439692
0.163590486442 -0.394113024346 -0.358717219372
0.168566237351 -0.394075057134 -0.356636520756
0.167193624038 -0.39469588515 -0.35956660494
0.160986723961 -0.39621562851 -0.361408297574
0.157107196209 -0.393868800358 -0.36113278184
0.15451710144 -0.394113529575 -0.368298581181
0.151066354571 -0.394123758677 -0.37246753016
0.150913272656 -0.3942608305 -0.373247054533
0.14542764492 -0.3941956859 -0.374107190709
0.138168498009 -0.394867446992 -0.379780969609
0.137423735129 -0.394446335854 -0.384660891888
0.13304595496 -0.395385898039 -0.387012821133
0.1340435842 -0.394759679369 -0.389202422175
0.128934739887 -0.395596456999 -0.389907514239
0.125095436276 -0.394064860446 -0.390618090085
0.122901626117 -0.397941078162 -0.393207415657
0.124047130509 -0.398458285106 -0.393110565576
0.123641544027 -0.401598817881 -0.392432146142
0.12201461485 -0.403792991763 -0.399621433842
0.11774311499 -0.404158418253 -0.400300965835
0.113381916225 -0.402669159879 -0.407165987716
0.110156876043 -0.401581479872 -0.413539128195
0.11217740606 -0.401181470929 -0.41686105483
0.113202865533 -0.399327850989 -0.422154550947
0.109060736289 -0.399446854455 -0.423158444882
0.104056621649 -0.400552333971 -0.423903382777
0.105473960093 -0.399279261505 -0.420001182276
0.104517576745 -0.398363418467 -0.425073650407
0.105602339983 -0.400009377758 -0.428866812872
0.101620359013 -0.400994203895 -0.429292783824
0.0990593695018 -0.401210857514 -0.434850125697
0.0991556326849 -0.401200685606 -0.43391823627
0.100614187753 -0.401574857775 -0.432901381152
0.101115167307 -0.400382023864 -0.43225007917
0.098699989626 -0.399849908866 -0.429408061213
0.0909704974825 -0.401674876202 -0.435185655692
0.0884822530982 -0.400705882144 -0.440244578736
0.0893808030848 -0.399941655736 -0.444400717684
0.0878885628298 -0.399166300514 -0.440735678208
0.0875942767468 -0.400570060437 -0.44221457622
0.0855117287831 -0.403022832354 -0.447948849443
0.0816260213323 -0.408508576214 -0.450033357542
0.0819716603993 -0.407599760404 -0.451392171259
0.0774417413132 -0.414557985446 -0.45597058854
0.0760633208154 -0.416162941457 -0.44911579752
0.0774229120516 -0.415498751669 -0.452915014684
0.0785266706727 -0.414365453247 -0.452088282907
0.0800719854994 -0.41571457221 -0.451957931514
0.0783852405913 -0.420477140252 -0.452850393391
0.0761912419896 -0.422636197855 -0.455288318587
0.0720115126317 -0.421698300593 -0.455310361913
0.0656189447741 -0.414329148823 -0.457882195852
0.0655647284544 -0.413038983471 -0.46293132969
0.0612127852638 -0.415779387165 -0.467788526039
0.0594651107827 -0.414159126225 -0.469681544326
0.0603691696392 -0.411350998513 -0.469374145279
0.05994082726 -0.408712752238 -0.467671586999
0.0561401446473 -0.408529838122 -0.466987518164
0.0542032993212 -0.409502515338 -0.465662699619
0.0540456060293 -0.407779521494 -0.465990596095
0.0521600986297 -0.407398050227 -0.465478654112
0.0518446232627 -0.408753636473 -0.462640511892
0.0456302568938 -0.411716803355 -0.465413178862
0.0377212505662 -0.413210911882 -0.471348887095
0.0308766256351 -0.413258477666 -0.479674389922
0.0256754542841 -0.412517964188 -0.484921578373
0.0281620109325 -0.410082858313 -0.487385981022
0.0268530832503 -0.409964197294 -0.487736697688
0.0222475709128 -0.412200599976 -0.487787547623
0.0169837146025 -0.411858611157 -0.489643126001
0.0117286402096 -0.411858983515 -0.497985819345
0.0114132165881 -0.412185953674 -0.499566292154
0.00734586623901 -0.413211356061 -0.505588881014
0.00518362805695 -0.413645194919 -0.509469629852
0.00110400109443 -0.4133206417 -0.512444095333
-0.00424972008942 -0.413102211675 -0.514744642174
-0.0088838819399 -0.412782471439 -0.519890567362
-0.00789152695711 -0.413695617362 -0.523951085235
-0.00679036352078 -0.415011931271 -0.525924784126
-0.00939352214855 -0.418207532406 -0.526453353642
-0.0129892343089 -0.420864975915 -0.525665251358
-0.0185963630271 -0.422631312265 -0.528143288647
-0.0203572029038 -0.421443480066 -0.530771852124
-0.028787089213 -0.421664850088 -0.543647082131
-0.0384457971508 -0.421536813956 -0.55869704359
-0.0439485216292 -0.420673996222 -0.568038791163
-0.0511080054316 -0.421119388652 -0.582472157422
-0.054098902845 -0.420709901833 -0.59379495271
-0.0572530600581 -0.421310844205 -0.597073696598
-0.0634524545518 -0.42195297078 -0.608064418619
-0.0663360929662 -0.421063099967 -0.612482417354
-0.0675966694459 -0.421226330733 -0.614019413186
-0.06318107106 -0.421416161223 -0.614018492863
-0.0652735950741 -0.421351536868 -0.614747561929
-0.0658241148732 -0.422676318254 -0.613804962687
-0.0663743897926 -0.426181845677 -0.613099168734
-0.0648050539424 -0.436846147347 -0.61275180823
-0.065153299843 -0.440028344606 -0.613288234101
-0.0675186053761 -0.442232242911 -0.614775349558
-0.0706505912221 -0.442856080051 -0.615190915766
-0.0734867903738 -0.44279186346 -0.618959629864
-0.0738811869191 -0.442010335452 -0.623398743166
-0.0775818950695 -0.442243248649 -0.632799802906
-0.0782227372289 -0.441807633601 -0.645520402392
-0.0832755569281 -0.44278801362 -0.653800326247
-0.0872937240168 -0.441479537787 -0.659645725988
-0.0909506671342 -0.442700557801 -0.669038095102
-0.0943663985953 -0.442447834602 -0.674362186494
-0.0916438133422 -0.446441037325 -0.678536616053
-0.0910973659019 -0.448570231324 -0.680104011958
-0.0873961871119 -0.453384204819 -0.68546676126
-0.0862414830462 -0.454728894273 -0.689162190347
-0.0892256661623 -0.455300631961 -0.690133047712
-0.091770494173 -0.45669158508 -0.690096204823
-0.0964377941302 -0.458078978855 -0.689500183991
-0.098498912408 -0.456044151169 -0.690304247262
-0.100456258409 -0.454771012437 -0.693915530657
-0.102283675788 -0.454445913453 -0.697203248506
-0.103973113412 -0.455285115463 -0.699532138628
-0.103477030353 -0.455559375203 -0.701158663473
-0.106480903437 -0.456375568269 -0.709910257403
-0.108487017113 -0.456034161232 -0.71566590181
-0.111261171443 -0.456107383571 -0.722685853233
-0.111830054047 -0.454938246107 -0.729995910229
-0.112510077994 -0.455709600265 -0.735981658205
-0.114486860748 -0.456410689266 -0.747661623714
-0.117140888749 -0.456984795371 -0.761674420686
-0.119000731472 -0.457715402301 -0.774279853943
-0.120097553774 -0.457546121364 -0.778710339881
-0.119215348797 -0.457450187933 -0.782567141904
-0.120046274533 -0.457823588472 -0.784125506519
-0.119336667978 -0.457199318591 -0.783447602773
-0.119056353943 -0.45724923488 -0.781654134655
-0.118962278658 -0.457697264668 -0.781033456878
-0.118656220404 -0.458863362535 -0.779043555787
-0.118389263775 -0.458151504191 -0.778275993417
-0.118245718599 -0.457642139303 -0.777965550642
-0.118341809679 -0.458203717126 -0.777842212341
-0.118360109004 -0.458176949265 -0.777564025814
-0.118043438506 -0.457500466436 -0.777148335037
-0.1180354615 -0.457596750904 -0.777071270731
-0.118035523241 -0.457598849433 -0.777071270731
-0.118105466809 -0.458271250228 -0.77667436666
-0.118629040231 -0.457709357976 -0.777207322611
-0.118025545662 -0.457703673056 -0.776797788021
-0.118025762674 -0.457697647688 -0.776994321755
-0.118617043205 -0.457794877433 -0.777327032992
-0.118709137521 -0.458387138551 -0.777006893432
-0.118622723864 -0.457798433342 -0.777327032992
-0.118622308507 -0.457804699371 -0.777130507103
-0.118612132224 -0.457902358959 -0.777053807466
-0.11861549421 -0.45890406697 -0.776700889545
-0.118614248533 -0.457891441969 -0.777053807466
-0.118517204548 -0.458306336667 -0.777021921706
-0.118608091284 -0.457812595542 -0.776971419012
-0.118595401745 -0.457966083564 -0.777173733977
-0.118595192837 -0.457972836317 -0.776977223882
-0.118527700629 -0.459430387933 -0.776590633412
-0.118688467064 -0.458667153856 -0.776973495509
-0.118429964633 -0.458945125149 -0.776639270541
-0.117909600404 -0.459507228557 -0.776104143654
-0.118596682236 -0.458070309103 -0.777097258199
-0.118529353584 -0.458348329881 -0.77686280575
-0.118603015553 -0.459097364005 -0.776743971624
-0.118465890344 -0.458806473295 -0.776633742706
-0.118452532137 -0.458973189397 -0.776639270541
-0.118608961277 -0.458094025357 -0.777097258199

