0.442645379296 -0.182341675808 -0.270409125247
0.442605437084 -0.182469909036 -0.270617851808
0.442483192752 -0.182210421935 -0.270395642008
0.4423003167 -0.182336056409 -0.270546843505
0.441343001543 -0.182028737314 -0.269935898355
0.439853390253 -0.181570702929 -0.269160215582
0.439422047465 -0.181894576516 -0.269842178954
0.438798906555 -0.18145232527 -0.269269642685
0.437717812448 -0.182825761228 -0.268357536476
0.436256012949 -0.181759837896 -0.268843959615
0.435643596426 -0.183423370897 -0.269099399316
0.434907083115 -0.184890164078 -0.269103695708
0.433237807954 -0.18379265268 -0.26815690815
0.432811141261 -0.18537310776 -0.267516989091
0.431540729185 -0.186068065913 -0.268902947077
0.431467043543 -0.187015452203 -0.268957101769
0.430188287879 -0.183207979096 -0.269159030417
0.429325451966 -0.184603149403 -0.269173151509
0.428021624216 -0.185707893923 -0.269600591592
0.427094602613 -0.18688983111 -0.270063960083
0.425714040058 -0.185135329156 -0.269584201647
0.423319438226 -0.185738417677 -0.269618684083
0.42108799471 -0.18787095873 -0.269978333328
0.41965610788 -0.18979013529 -0.270610487588
0.417114798241 -0.184829656982 -0.27097313885
0.414529698976 -0.18612012451 -0.27060238972
0.4107436787 -0.188198636815 -0.271483102862
0.407190105156 -0.183118851056 -0.271273097045
0.405268518239 -0.186063038524 -0.271267572063
0.403229148554 -0.187477606766 -0.2719479847
0.400031943973 -0.188008734115 -0.2733962999
0.397702799464 -0.183211141478 -0.273668776893
0.394330673565 -0.185650032868 -0.274188320189
0.392538810678 -0.187726851916 -0.274037852511
0.389537944154 -0.189605462761 -0.274263369924
0.387442691726 -0.186994130497 -0.274862005603
0.385581564288 -0.188484344036 -0.274729664317
0.382993651837 -0.190256155967 -0.27522931444
0.382856277181 -0.183074848487 -0.275762169208
0.381290584735 -0.182370138627 -0.275649239505
0.378430454484 -0.182535201606 -0.275820538783
0.377076700155 -0.181796505664 -0.276033959361
0.375756813745 -0.177901706694 -0.276486940134
0.373753977089 -0.177764255907 -0.276528514113
0.372006159776 -0.177990930174 -0.276655316535
0.370210283412 -0.178837623057 -0.277113117307
0.366298149296 -0.17885081621 -0.278527296246
0.364225562216 -0.178792009315 -0.279233549773
0.362490419409 -0.177491826217 -0.27900968125
0.357850769322 -0.178230340425 -0.279626080803
0.355460176167 -0.178246284111 -0.280455308432
0.353391279044 -0.177996772993 -0.281138948566
0.351176117489 -0.178294680664 -0.28116921533
0.346878523318 -0.177492239439 -0.282156404549
0.344845381845 -0.177036645766 -0.282583999785
0.343414061728 -0.177299716523 -0.28322246308
0.342273392444 -0.177233942244 -0.283168422208
0.338394663678 -0.177647524047 -0.28541574026
0.33732706439 -0.177796829044 -0.285561950442
0.334584650434 -0.177509847202 -0.286292028843
0.332120711923 -0.177522675182 -0.287858249017
0.329169538771 -0.17877940646 -0.288891542013
0.324501442901 -0.178914222137 -0.28972751362
0.323494787519 -0.179954899038 -0.289727736505
0.322603778088 -0.179860390927 -0.290799708375
0.321472534246 -0.179934614909 -0.291496878192
0.316593199244 -0.1783503695 -0.291456235952
0.315672581752 -0.178109259437 -0.292475130458
0.315145433867 -0.177703744421 -0.29309946344
0.308577859648 -0.178204739576 -0.293542090306
0.308218675512 -0.177908124758 -0.293721681332
0.301747437852 -0.179779194133 -0.294454523774
0.301295452961 -0.179770336824 -0.294953507905
0.301505660102 -0.180674549751 -0.29486545687
0.301037259016 -0.180383906516 -0.295712053267
0.297672135372 -0.181059055084 -0.296257877054
0.29768577964 -0.181377357337 -0.296671432552
0.297994409577 -0.18249578812 -0.296269176975
0.298157690444 -0.183736309405 -0.296288920092
0.29379804803 -0.181647935278 -0.296694526248
0.294019054125 -0.182617058745 -0.297241622412
0.294426187708 -0.182803469398 -0.297331313532
0.294393991763 -0.18353854145 -0.297999068139
0.290915399458 -0.181932530783 -0.298797476986
0.291407934614 -0.182836393728 -0.29828780241
0.291398587081 -0.183410220162 -0.299248938261
0.287768591462 -0.183783257874 -0.300097927093
0.287418559903 -0.184909182835 -0.300757154598
0.284561717981 -0.184423142968 -0.30110705277
0.284766696294 -0.186897739406 -0.301410984304
0.28100751682 -0.183061039617 -0.301496992512
0.281028399421 -0.186939249788 -0.301591109246
0.278316041387 -0.183008706089 -0.301039545217
0.278462091448 -0.185088301395 -0.301939778058
0.274968589424 -0.18068363972 -0.302719868687
0.274939195413 -0.180419626678 -0.302885524918
0.274194839668 -0.180690491139 -0.304354257287
0.269240707423 -0.178207304566 -0.304864438334
0.26845408383 -0.179077734582 -0.305573863413
0.262925474443 -0.179575951683 -0.30746355364
0.261597637486 -0.179486718358 -0.309043785568
0.253661348832 -0.179916952506 -0.311359878761
0.252873967201 -0.179791707817 -0.311790363184
0.243232086575 -0.180891517089 -0.315083911224
0.235653363087 -0.181894893783 -0.316944459892
0.234066521442 -0.182908852601 -0.317175710812
0.230058756161 -0.182791446168 -0.318673333714
0.229439138341 -0.182024173268 -0.319789458308
0.225612757002 -0.179428672196 -0.320849308408
0.224592392573 -0.178638085206 -0.321903044887
0.21739777683 -0.180576215118 -0.324258469894
0.215056283624 -0.180552079567 -0.325657417001
0.208311055409 -0.182677965283 -0.327238797834
0.20571746137 -0.184450372891 -0.329215457444
0.202316303965 -0.182060963061 -0.329968375944
0.197368758922 -0.181707633214 -0.333467786915
0.192941128262 -0.186510822569 -0.336207961551
0.186559355249 -0.186939017247 -0.338664963114
0.184437247001 -0.183783614425 -0.339505056546
0.182923945784 -0.180695631314 -0.340937293939
0.181056969734 -0.18130464866 -0.342008189128
0.180431043939 -0.177882736631 -0.342954152012
0.178179625436 -0.178138369937 -0.344274995826
0.175849646656 -0.179037664905 -0.344954822012
0.169275134664 -0.178532420411 -0.349198931051
0.165005069922 -0.177820325964 -0.352581464649
0.158093988836 -0.177607446007 -0.358300097831
0.153885996717 -0.177873154676 -0.361636773468
0.14642051957 -0.178535191622 -0.368216885828
0.136001957235 -0.177694159667 -0.375538922819
0.128008096782 -0.176226106993 -0.379529824178
0.124335160444 -0.175962397001 -0.383888863122
0.112642320468 -0.176103210824 -0.389352876606
0.107980702031 -0.175010582218 -0.393619899456
0.107804179558 -0.175541931035 -0.39821584928
0.104257437723 -0.17514252935 -0.398283988135
0.102934987682 -0.174611850129 -0.399509862429
0.104272569077 -0.174031771608 -0.399256654824
0.101988524503 -0.174026514362 -0.40136462738
0.10223165987 -0.171802468732 -0.403304130004
0.100553201877 -0.170188804583 -0.405089620762
0.103963884047 -0.169576790446 -0.404066547765
0.105000532462 -0.169598029031 -0.398163010561
0.1036933773 -0.170428666745 -0.403246931632
0.100651027848 -0.172453304134 -0.406306292815
0.0964678480282 -0.173105059061 -0.407215584279
0.0932999033253 -0.172721219832 -0.408431159375
0.0924234110812 -0.173259945493 -0.414908726142
0.088356373942 -0.175857247633 -0.419682080964
0.0856250269794 -0.178149973926 -0.417626546325
0.0829781836979 -0.178387713112 -0.421881451914
0.0825357307766 -0.178349895394 -0.422273506589
0.0846466500113 -0.178847096872 -0.421926868501
0.0787282384248 -0.178919403489 -0.423234803774
0.0748585395006 -0.178021119597 -0.430385197621
0.0700435648494 -0.177745139288 -0.435672092684
0.0666108356357 -0.177284016078 -0.435392569134
0.0673706124463 -0.176348732676 -0.441898337546
0.0602663004381 -0.18179988369 -0.441372398796
0.0558175016155 -0.181795541867 -0.44608501812
0.0530045292359 -0.17934267118 -0.449289619309
0.0560886762068 -0.172358335171 -0.456127709289
0.0510121847618 -0.173510481135 -0.453646882504
0.0474865251351 -0.176880293618 -0.460012664603
0.051385942837 -0.176706635156 -0.459608905687
0.0472396191505 -0.176760970975 -0.458680996098
0.04624380462 -0.176873363093 -0.459218429298
0.0473425864088 -0.175100415189 -0.457801522213
0.0455319904598 -0.172871446919 -0.458113067693
0.0439411044796 -0.173494087129 -0.458422861578
0.0477865160883 -0.173879736656 -0.45801651081
0.0463968099251 -0.175744343064 -0.456163389183
0.0474174429226 -0.175965860219 -0.454356585752
0.0493938529755 -0.175131057396 -0.452576922436
0.052126654955 -0.175686291543 -0.452700749944
0.0487855051282 -0.17723224619 -0.453103339622
0.0444728957928 -0.176422891441 -0.456791080184
0.042813334216 -0.175793921781 -0.461103064801
0.038219741293 -0.176543301666 -0.463146716617
0.0334427956157 -0.176828367553 -0.465284472485
0.0294904727526 -0.175922175876 -0.469333259213
0.02964959283 -0.176881528361 -0.471861090938
0.0250773715665 -0.176232721676 -0.4783381516
0.017883796718 -0.174676270192 -0.485618987139
0.0112983337345 -0.175846179328 -0.491596340362
0.00646852179219 -0.175559938421 -0.496082752481
0.00420554564344 -0.175245256874 -0.499382751519
0.000435423789742 -0.175788998141 -0.5013772808
-0.00288963715634 -0.175443303356 -0.503664003168
-0.00297176441072 -0.176513333359 -0.508276236249
-0.0068961147177 -0.175295718707 -0.512364740449
-0.007509254596 -0.17646641339 -0.514358992242
-0.0167263696963 -0.175315425864 -0.520018535685
-0.0196520731897 -0.174478001843 -0.522591108921
-0.0212326210419 -0.173687835248 -0.526937134565
-0.0219216850396 -0.174400964848 -0.528869767295
-0.0216059498557 -0.174351054346 -0.531270567793
-0.0232726895661 -0.175472724071 -0.530196857773
-0.0281728928963 -0.175894771079 -0.529856047587
-0.0301033270825 -0.175522438734 -0.533146708868
-0.0362289788661 -0.175430549071 -0.542768099193
-0.0432509035239 -0.177760490224 -0.558357239403
-0.0516151265427 -0.176485452236 -0.575327080201
-0.0626685740485 -0.174995004266 -0.594058064261
-0.0700298734684 -0.175822183946 -0.603645403954
-0.0768598330825 -0.175100731462 -0.616009509038
-0.0758572865123 -0.17530304662 -0.622095374901
-0.0782700505273 -0.175302785163 -0.62302784812
-0.0778363589851 -0.17518032082 -0.624178119547
-0.0820404428111 -0.174775356134 -0.622680219275
-0.0794777570335 -0.175109351265 -0.620251051782
-0.0781324266606 -0.174959532735 -0.618852025679
-0.0756410712256 -0.176636869539 -0.615533465814
-0.0745528778375 -0.176390782186 -0.614864920536
-0.073644261506 -0.176309748626 -0.613272235059
-0.0739164585665 -0.176545187113 -0.612990197188
-0.0763484970117 -0.176239161109 -0.612863019476
-0.0778960741007 -0.177302063921 -0.613040415168
-0.0799745942865 -0.176270718566 -0.614631696714
-0.0803006407723 -0.175929318427 -0.61648131036
-0.0805912015426 -0.177181982155 -0.62216131454
-0.0805615976782 -0.176076755855 -0.626537079979
-0.0848333901104 -0.175546267183 -0.634759017687
-0.0851187249036 -0.17588136215 -0.639538509725
-0.0905397299878 -0.176698979586 -0.646939740017
-0.0902755188263 -0.176632067447 -0.649772087132
-0.0943481271741 -0.175260753141 -0.657678640795
-0.0947249101932 -0.175607719314 -0.661164791299
-0.0981924576597 -0.174870008039 -0.666071822075
-0.103092353585 -0.176047548112 -0.669444240239
-0.102971502284 -0.177678754939 -0.672621792925
-0.102029760089 -0.178251014226 -0.675130808718
-0.100046713623 -0.179286747128 -0.679175886517
-0.0987181094408 -0.179854693488 -0.681954406227
-0.0982074104013 -0.179967616932 -0.683588815593
-0.0991745532967 -0.179420252253 -0.685368888071
-0.100956523652 -0.179227070704 -0.686819132154
-0.103057538244 -0.178490515163 -0.686747705087
-0.107170428793 -0.179517704531 -0.686502032002
-0.11049199506 -0.178424070245 -0.686778244374
-0.112734113523 -0.17861699074 -0.691159290096
-0.113415451398 -0.178131888529 -0.692402013505
-0.114639266896 -0.178444770269 -0.695016559638
-0.114396773885 -0.178090001263 -0.698209987735
-0.11407069723 -0.178042331673 -0.699257619395
-0.113502887272 -0.177765491213 -0.70468247214
-0.11579208893 -0.177759516166 -0.708111321703
-0.115937489692 -0.178238801554 -0.713377817786
-0.120132533137 -0.17847867233 -0.718103000947
-0.121887958707 -0.178321130845 -0.723767447528
-0.124154157465 -0.178483437042 -0.733290537527
-0.126082804936 -0.178560501699 -0.742233558967
-0.127206783076 -0.179115319601 -0.74777712943
-0.127965088537 -0.178811600786 -0.756583132625
-0.129518139595 -0.179010258113 -0.762176430507
-0.130106111321 -0.178720098836 -0.765209351419
-0.130950714309 -0.179001881675 -0.770082445043
-0.130342395066 -0.17931246243 -0.77045305639
-0.131067127584 -0.179704223198 -0.770545862784
-0.130377237932 -0.18009114696 -0.767016245547
-0.130096157966 -0.179529907526 -0.766287412629
-0.130111802881 -0.179559684841 -0.766287412629
-0.130168803243 -0.179180487774 -0.76664503734
-0.130165061018 -0.179181895571 -0.76664503734
-0.130178144204 -0.180142865011 -0.766399456426
-0.130157992942 -0.179165937117 -0.76664503734
-0.130066280999 -0.178654606597 -0.766674817673
-0.130066280999 -0.178654606597 -0.766674817673
-0.130098369825 -0.179464331244 -0.766428466834
-0.13015329604 -0.179259131029 -0.766591407603
-0.130027344722 -0.178980080545 -0.766458813738
-0.130022247454 -0.179152198065 -0.766460925943
-0.130028591193 -0.179164148351 -0.766460925943
-0.130088172293 -0.178786826317 -0.766621363036
-0.130311904847 -0.179643706515 -0.766740908039
-0.130165399508 -0.179383604909 -0.766341311183
-0.130304526242 -0.179912767518 -0.7666894875
-0.130385442955 -0.179383740843 -0.766848459469
-0.130303922171 -0.178959144588 -0.766737942959
-0.129850952549 -0.179393604276 -0.766731703826
-0.130050103425 -0.179235903202 -0.766970272513
-0.129857941772 -0.179409508025 -0.766731703826
-0.130512689298 -0.179976652265 -0.767055597342
-0.130492701126 -0.178998661767 -0.767300729875
-0.130572730674 -0.179598196605 -0.767217187934
-0.12990365968 -0.179009597965 -0.766892550411
-0.130413367648 -0.179352750662 -0.767139987943
-0.130551568956 -0.179666261997 -0.767163987626
-0.130491451377 -0.180044638556 -0.767002266597
-0.130509622872 -0.179897307592 -0.766999698469
-0.130505111299 -0.180069143152 -0.767002266597
-0.130583583045 -0.179726618534 -0.767163987626
-0.130528004507 -0.179933165088 -0.766999698469
-0.130362961213 -0.178998526921 -0.767117709738
-0.130572088364 -0.179795806211 -0.767110907932

