0.35156820446 -0.302645000826 -0.269821877168
0.351568055411 -0.303492182567 -0.269642120135
0.351002440122 -0.30212745027 -0.269920848323
0.350446116614 -0.301978490982 -0.27006376979
0.348612664579 -0.300536403204 -0.269387780042
0.348197293144 -0.300378558022 -0.268754615583
0.347326059419 -0.301302624225 -0.269239564229
0.346613050083 -0.30154931136 -0.268566278065
0.343841658658 -0.300648386583 -0.268745367765
0.343083392736 -0.30046052634 -0.269015690233
0.34180925964 -0.30081110904 -0.26880756132
0.340138191442 -0.300033291115 -0.268520687029
0.339397122005 -0.300875869452 -0.269021699949
0.33836121782 -0.301716718293 -0.269061632107
0.337595663685 -0.301582648104 -0.267946949505
0.335701201607 -0.301483724897 -0.268599133892
0.333806563783 -0.301500873189 -0.269232162169
0.332390377823 -0.300724602564 -0.269502547012
0.330759069661 -0.300409166053 -0.269572747303
0.329460918058 -0.300897488405 -0.269368118971
0.326253288471 -0.300795138763 -0.271010130971
0.324738283763 -0.300652095324 -0.270655349543
0.32302050329 -0.300434545693 -0.270656161423
0.321005488092 -0.300672630685 -0.270806052557
0.318055884545 -0.299980844705 -0.271606020778
0.315480324959 -0.299627921264 -0.271311509234
0.313348504657 -0.300013366202 -0.271562613615
0.311764153755 -0.299625440933 -0.271909019702
0.307941820877 -0.299118318947 -0.272698341286
0.306074766105 -0.299719662291 -0.2725609525
0.304577012136 -0.300500439395 -0.272531439442
0.302560442904 -0.299136773594 -0.273001569955
0.298700872287 -0.298926372425 -0.273764528409
0.297003245013 -0.299469737911 -0.273556712366
0.295392354619 -0.299110956035 -0.273765655356
0.292824209316 -0.298955620762 -0.274876234312
0.290135403274 -0.299208368967 -0.275100360108
0.287864820125 -0.298281414222 -0.276142483534
0.285850089864 -0.298505554118 -0.276399753592
0.284315330021 -0.297958801018 -0.276011003309
0.280713076937 -0.297661281848 -0.276924356934
0.278858157433 -0.298045978494 -0.27735714619
0.277230922445 -0.298116563304 -0.277082072945
0.275020697759 -0.29800422637 -0.277794117307
0.271471261262 -0.297149843836 -0.279144236434
0.270105473376 -0.297723280578 -0.278347223521
0.267599820669 -0.297799499146 -0.279075166445
0.266363671528 -0.297085734794 -0.279470210997
0.26402019693 -0.297645029385 -0.280270113162
0.262588339523 -0.296782834035 -0.281702991409
0.259263156555 -0.296515085965 -0.282282660664
0.257282117035 -0.296888699935 -0.283157648497
0.254512132221 -0.296597133848 -0.284133305884
0.252838633599 -0.296647284107 -0.284714238714
0.248078952036 -0.297417760971 -0.285350155384
0.246846672523 -0.296867539187 -0.28628264722
0.244860482107 -0.296003126833 -0.286587585393
0.239157974509 -0.295639712448 -0.287553916403
0.238980788894 -0.295239148314 -0.287180434915
0.238882662289 -0.295038000734 -0.287558669352
0.234008088945 -0.295816840037 -0.287983862229
0.2338942551 -0.295420456763 -0.288356048012
0.233310201837 -0.295838116192 -0.288913669255
0.232856332269 -0.296751502353 -0.288981951407
0.227419899781 -0.296487882613 -0.289735555477
0.227082075499 -0.29665773368 -0.28937357653
0.226676585961 -0.295621800091 -0.289625126505
0.226233436443 -0.295661239791 -0.289398522382
0.225710849671 -0.294830601321 -0.288966726255
0.22606302421 -0.294753594589 -0.289250833001
0.225448308772 -0.294564602831 -0.290632118024
0.221274245406 -0.294862184199 -0.291190085477
0.220311107719 -0.294182606632 -0.292067515084
0.219887235973 -0.294056455343 -0.291999245978
0.218892524976 -0.294659346618 -0.292737434521
0.213063575934 -0.294528786948 -0.293486886874
0.211740915339 -0.294890506672 -0.294248717357
0.210816539324 -0.294208760095 -0.294881125739
0.204921200234 -0.293855648744 -0.295373148437
0.204544555928 -0.292753992381 -0.295646746454
0.20398745543 -0.292733461299 -0.296394456251
0.204384959049 -0.293413365143 -0.296685639086
0.201198363928 -0.293542386258 -0.296855982704
0.202088852927 -0.294046513525 -0.297885438098
0.197956836903 -0.294044025216 -0.297737562379
0.198348874859 -0.293107772518 -0.297894252574
0.199420788129 -0.293817821083 -0.297942670466
0.193423606788 -0.294398057637 -0.298384159686
0.193295075469 -0.293818408894 -0.299268626038
0.188198229837 -0.293980401686 -0.299577549959
0.188017621748 -0.294316850785 -0.30035880919
0.185261367971 -0.29303547385 -0.301579567185
0.185682933558 -0.293031826804 -0.301401264175
0.180663688462 -0.293386320607 -0.303092923762
0.180627807714 -0.293948678617 -0.303143008892
0.175113046414 -0.293799413269 -0.304755991112
0.17495317556 -0.29400905627 -0.304974177547
0.174649924391 -0.293045054932 -0.306167476345
0.169036457413 -0.292415161161 -0.307792329046
0.168954891824 -0.293337033085 -0.308047700904
0.163388469565 -0.293014220932 -0.310040916493
0.163977778785 -0.293370033885 -0.309546114688
0.160770243649 -0.292318633454 -0.311568728546
0.15430376727 -0.292216670833 -0.314232234666
0.154134889053 -0.292734582401 -0.314710908271
0.147044210371 -0.291520601511 -0.317556016643
0.138849220356 -0.290892814369 -0.321463944648
0.134227964962 -0.291045422919 -0.322330819938
0.133567622571 -0.290842681116 -0.323874242616
0.128129590271 -0.291779807462 -0.324658036562
0.12810057326 -0.291246147789 -0.326758314855
0.123143779235 -0.292420639623 -0.327396801157
0.117870237949 -0.292670375703 -0.329090450025
0.117373740566 -0.291526589979 -0.33062559517
0.110942569539 -0.291555291598 -0.333726076083
0.105369643289 -0.291787211426 -0.334926188112
0.105984358516 -0.290594506939 -0.333533272344
0.106770710774 -0.290663465707 -0.33361263935
0.108641192048 -0.292402201975 -0.332228333058
0.109575773053 -0.290980293034 -0.331604932899
0.10786613544 -0.290912328409 -0.333452815454
0.103185542415 -0.291571153127 -0.337525904205
0.0968054060889 -0.290764215253 -0.338959387015
0.0873848642296 -0.291595845664 -0.343555330256
0.084309303391 -0.290798169857 -0.348679313112
0.0792278007769 -0.290559545072 -0.351981204198
0.0730166475167 -0.29088358768 -0.352683931395
0.0677179317132 -0.290051718747 -0.355413278782
0.0644833485486 -0.289553726121 -0.358418980512
0.0606294511025 -0.290152840709 -0.35746084069
0.0593581337669 -0.289874194743 -0.363583581098
0.0602589334037 -0.288808827761 -0.363166155846
0.056317630602 -0.289877638192 -0.365444632102
0.0510107243947 -0.289197675934 -0.369015567918
0.046465251884 -0.288634803362 -0.370137481872
0.0470479919893 -0.28833499362 -0.370640694532
0.0434141765076 -0.288161256686 -0.37655170193
0.0396160548566 -0.286654052261 -0.380932341518
0.0345371123862 -0.286373277876 -0.387112815051
0.0369637369903 -0.286885109447 -0.383152229536
0.0272720954943 -0.287241480549 -0.386249642963
0.030548495877 -0.28736056092 -0.385695649018
0.0282843908094 -0.287706173608 -0.388583790725
0.0264155035743 -0.287608913025 -0.386471157179
0.0301089815243 -0.28779746861 -0.388339951803
0.0251757839049 -0.287122359473 -0.38825228461
0.0204400897603 -0.288715070224 -0.39414824501
0.0213279908358 -0.288354029265 -0.394319085956
0.0187854552114 -0.289298863309 -0.397307332567
0.0193685803716 -0.288521877024 -0.401955800767
0.0144307500652 -0.290236913924 -0.407566328548
0.014417869268 -0.289415804864 -0.412264394845
0.00954645060918 -0.288956457444 -0.417104392808
0.00946490647913 -0.28866240403 -0.418809113524
0.00562010535628 -0.287675860758 -0.426386605258
0.00469187187504 -0.290199878848 -0.421245207064
0.00354504478753 -0.289497004402 -0.42330226646
0.00614334094444 -0.291257554954 -0.426692835279
0.00298854368282 -0.290959795822 -0.425354313867
0.00373405348153 -0.29105319113 -0.426808005516
-9.19136784865e-05 -0.29150141568 -0.427777775861
-0.00432618212204 -0.291147962776 -0.430051962504
-0.00392529804573 -0.290806298852 -0.435955452034
-0.00702836316406 -0.289758238963 -0.436276757038
-0.0067753798681 -0.290518475546 -0.438694497747
-0.0112052322587 -0.290528115014 -0.440271540748
-0.0155255984741 -0.289786344252 -0.442083531304
-0.0159044570122 -0.289488478483 -0.44435867418
-0.0208501692668 -0.288185794836 -0.448531968309
-0.0210949424885 -0.288399958569 -0.450766117231
-0.0247124715489 -0.288778766742 -0.455299154084
-0.0249545630923 -0.288954882993 -0.455496996253
-0.0291416446874 -0.287094465334 -0.459186675514
-0.0289210072705 -0.288437495717 -0.463600281863
-0.034818006715 -0.289958193857 -0.464135557573
-0.0357788889109 -0.291432959701 -0.466233029425
-0.0416603011925 -0.290087414507 -0.471474360735
-0.0445751156569 -0.289336175988 -0.475646397481
-0.044895150976 -0.28911809445 -0.476689758235
-0.052357964365 -0.292621513977 -0.481082786091
-0.0533589264668 -0.292686888439 -0.48466755788
-0.0597312395608 -0.291431851482 -0.493634697282
-0.0608235996229 -0.290384324306 -0.495928739841
-0.0661969696508 -0.290632643074 -0.502175926468
-0.0721232271751 -0.291054360429 -0.504601600821
-0.0714742818661 -0.291369195821 -0.503920291521
-0.0744029149034 -0.292232389178 -0.505578240267
-0.0759574447219 -0.292862035773 -0.504445202409
-0.0747293465994 -0.293270072679 -0.507395202097
-0.0762165593831 -0.293006229465 -0.506785344545
-0.0730554664765 -0.292823580555 -0.506287642262
-0.0741842397495 -0.293038294368 -0.506434430965
-0.071897194666 -0.293122108623 -0.506571925261
-0.0729277946371 -0.29234212391 -0.506262086578
-0.0713425229249 -0.292108882178 -0.506066741591
-0.0734281332848 -0.292152491399 -0.505664980657
-0.0768837116795 -0.294673642106 -0.505289782525
-0.077687227802 -0.294167566748 -0.50577741005
-0.082434417581 -0.291614599278 -0.507970971288
-0.082386876408 -0.290982243477 -0.508333394237
-0.0841785470447 -0.289478139115 -0.513953220238
-0.0835451972103 -0.289051662048 -0.516914082298
-0.08725319774 -0.289622438542 -0.52128503279
-0.0866236117452 -0.290117560338 -0.523483592785
-0.0914533693775 -0.292131048772 -0.527388674247
-0.0971863063218 -0.293033604895 -0.527256236957
-0.0978604994112 -0.294791020723 -0.527594859511
-0.103419012207 -0.293510534604 -0.527058201323
-0.101424248245 -0.289994205803 -0.530531792114
-0.103923011194 -0.28892892888 -0.531521585955
-0.104619721931 -0.289955230843 -0.530689456514
-0.110659245067 -0.290007218102 -0.530460664407
-0.116981826554 -0.291119249735 -0.530765407132
-0.117878892847 -0.290618720515 -0.532937994993
-0.122435529632 -0.290351571989 -0.53723026759
-0.122704756956 -0.290728474142 -0.541289481246
-0.129509587669 -0.29033391881 -0.546845629729
-0.130185330699 -0.291084367783 -0.551632571789
-0.134963475651 -0.291652507008 -0.559335366398
-0.135239130116 -0.291268508816 -0.562887254854
-0.141141235301 -0.291055285495 -0.568624775922
-0.141168120651 -0.291112886845 -0.571502452203
-0.147270049931 -0.291304563929 -0.576178361057
-0.147869427113 -0.291090748379 -0.579978517391
-0.15365950205 -0.290637463105 -0.584502802851
-0.153713304642 -0.290668782069 -0.588588503027
-0.158320586973 -0.289141702357 -0.59422833158
-0.1586967051 -0.290348265342 -0.597922184644
-0.162273737589 -0.289626967574 -0.604045314315
-0.167039995553 -0.288718954381 -0.606293756735
-0.166454982859 -0.289147967653 -0.611969636711
-0.170510472866 -0.287245690205 -0.615132900782
-0.169607874528 -0.287932458082 -0.620428627583
-0.1755988594 -0.286757972444 -0.62485189283
-0.175674200594 -0.287227050933 -0.627292339834
-0.177475251111 -0.287829400479 -0.628230742032
-0.176460750417 -0.290999061059 -0.632124881996
-0.175913064326 -0.293556867063 -0.633337308259
-0.176751013414 -0.294000010139 -0.633981013579
-0.176744078936 -0.294196668206 -0.634206213768
-0.178832057458 -0.296281197774 -0.634072508878
-0.179933563677 -0.29580428025 -0.632977988749
-0.18108036399 -0.295410620895 -0.633094553273
-0.180351334546 -0.294905623042 -0.635289079139
-0.182223174666 -0.29557543656 -0.640142316502
-0.182284111978 -0.29671652528 -0.644100052501
-0.187403867072 -0.296447169962 -0.650536702731
-0.186974191674 -0.296693455904 -0.654440238257
-0.190739375958 -0.295972261546 -0.661239062311
-0.190387147276 -0.296252659655 -0.664942347032
-0.192416086235 -0.296350517186 -0.670070842789
-0.19725516702 -0.29532473934 -0.676127476639
-0.196811486078 -0.296044477119 -0.679272276625
-0.198701244923 -0.296149126085 -0.68620405919
-0.197729171821 -0.297916241699 -0.688528235907
-0.196590176506 -0.302857145568 -0.697859804358
-0.196041693323 -0.302968051957 -0.702069673495
-0.197987592129 -0.302973457503 -0.708215180221
-0.199875705913 -0.302826531224 -0.71074868726
-0.203800750261 -0.302388016657 -0.712931394151
-0.205300700186 -0.301944427265 -0.71341222746
-0.209608067306 -0.302642951945 -0.713423998864
-0.211368762123 -0.302866164906 -0.713895217636
-0.21290877029 -0.302035275737 -0.714582167035
-0.213376625688 -0.302799458767 -0.715228083927
-0.213260105735 -0.301893505829 -0.714788784251
-0.213422672886 -0.301374433924 -0.715297818127
-0.213331920237 -0.302700356932 -0.715507121226
-0.213877750979 -0.301924226885 -0.716409745003
-0.214545516894 -0.302987067821 -0.719761959728
-0.214833695674 -0.302244791518 -0.721621633659
-0.216243858812 -0.302129801533 -0.728608931162
-0.217321296965 -0.302232600903 -0.73322486494
-0.218597601822 -0.302041516869 -0.740444981352
-0.221015253935 -0.302839514046 -0.750205342262
-0.221595616347 -0.302092823619 -0.756518336762
-0.222616766629 -0.303075914397 -0.762488977724
-0.224858554333 -0.303037627035 -0.774497012253
-0.224995615252 -0.302630981105 -0.776506158133
-0.225869384286 -0.303110823993 -0.782952524717
-0.225834490407 -0.303356459008 -0.783891664743
-0.225759410308 -0.303726265289 -0.783723603806
-0.225343007065 -0.303126249391 -0.779210022562
-0.224800212808 -0.302690509783 -0.775959922062
-0.224538982296 -0.302812481473 -0.774649043187
-0.224457860161 -0.303163353219 -0.774481793364
-0.224583227756 -0.302567118518 -0.774819185708
-0.225179721009 -0.302410865124 -0.775218148379
-0.224526027684 -0.302795436335 -0.774649043187
-0.224587616009 -0.302403448446 -0.774815769252
-0.224605801658 -0.302595961891 -0.774622708103
-0.224570549131 -0.301828509311 -0.774934330227
-0.22451751013 -0.302946529265 -0.774652226004
-0.22455115274 -0.301975214441 -0.774937850382
-0.224537901591 -0.301949463039 -0.774937850382
-0.224592135993 -0.302234045089 -0.774812224314
-0.224493187601 -0.30218279629 -0.774571962738
-0.224560599762 -0.301919525028 -0.774893978073
-0.224589685645 -0.302682824173 -0.774778985812
-0.224641960768 -0.302105013506 -0.774745237827
-0.22459300939 -0.302692738127 -0.774582515558
-0.224587093942 -0.302685279655 -0.774582515558
-0.224563739081 -0.302478771402 -0.774775353507
-0.224559156505 -0.302645372306 -0.774778985812
-0.225093771504 -0.303032379085 -0.774817905112
-0.22457389541 -0.302487895596 -0.774578886743
-0.224501865529 -0.30302859024 -0.774415405759
-0.224538394839 -0.301899671938 -0.774893978073
-0.224533357832 -0.30188529317 -0.774893978073

