0.455366079789 -0.308482593116 -0.264982210444
0.455235010067 -0.308407456009 -0.264951696284
0.454626850547 -0.30836686846 -0.264001176234
0.453626230406 -0.307890334423 -0.263519273571
0.452383163683 -0.307520916086 -0.264097939401
0.452100717839 -0.307302994212 -0.263690475393
0.451077614665 -0.3075741292 -0.263435520963
0.44991166123 -0.307875355563 -0.262389022818
0.448303149631 -0.306414445723 -0.264084249147
0.447952737997 -0.30690331356 -0.263676350809
0.446990505028 -0.308082729679 -0.262536127695
0.445594767593 -0.307587678764 -0.262531094257
0.443737084534 -0.305945325689 -0.263678461292
0.44285675636 -0.30705403327 -0.263570202615
0.441953939892 -0.307017897597 -0.26271885594
0.440636596433 -0.306194961638 -0.262602209538
0.439068686619 -0.306433191284 -0.26315510356
0.436308781067 -0.306428877035 -0.263541372132
0.435106471093 -0.306110040714 -0.26374271732
0.433914519877 -0.306171364472 -0.263396363891
0.431787473788 -0.305702043758 -0.264766092495
0.428042274809 -0.30701077775 -0.264760294206
0.427061730241 -0.305608031329 -0.264654931452
0.424608905486 -0.306053084263 -0.265234205216
0.422225156641 -0.306170756622 -0.265196197015
0.41982141094 -0.305431703944 -0.26554375689
0.418006651919 -0.305433819188 -0.265976575064
0.416291285685 -0.305514317594 -0.265605115595
0.414352346121 -0.305590023983 -0.266059770495
0.411536701191 -0.306424760066 -0.266135241549
0.409274539649 -0.304885827507 -0.267848454711
0.407046635143 -0.304358471585 -0.268171289118
0.405712126022 -0.305433357182 -0.266815642677
0.402579382701 -0.305628172492 -0.267967672349
0.400625362142 -0.304838840814 -0.268393505342
0.398820095654 -0.305611323459 -0.268592704527
0.397210331831 -0.304569420788 -0.268827601181
0.394057152711 -0.304300817458 -0.26945869675
0.391626039828 -0.30444356081 -0.270369293434
0.390453196064 -0.304896107734 -0.269243934555
0.388284817188 -0.304657097823 -0.270693448707
0.384581949609 -0.304680577671 -0.271420092054
0.383169395853 -0.304293627048 -0.271218907544
0.381599847582 -0.304028411009 -0.27137718908
0.379852513982 -0.304044267803 -0.270994123897
0.375271109241 -0.304675480793 -0.273261899117
0.373931664675 -0.304036856081 -0.272937688579
0.371351698152 -0.30395285105 -0.272875662294
0.368268876563 -0.30424147184 -0.274470667839
0.366408243961 -0.30351821486 -0.274911011972
0.365218071367 -0.303388261113 -0.274893360838
0.361951681867 -0.30298169019 -0.275048754225
0.358850139098 -0.303456389899 -0.276288096209
0.356886631286 -0.30323711233 -0.276647615076
0.354813875583 -0.303858096063 -0.276746374999
0.353060605402 -0.303884989187 -0.277059808786
0.350988213065 -0.303739500281 -0.278247336121
0.347896058032 -0.303275798818 -0.27902063759
0.346270722197 -0.302635822153 -0.279337110686
0.344155973639 -0.303045689408 -0.279732671795
0.342050413233 -0.303394136323 -0.280135607106
0.338831910037 -0.30204071656 -0.281529861014
0.336848944413 -0.303057446052 -0.28151953755
0.334800792592 -0.303215612003 -0.282404464636
0.332700296047 -0.302683889951 -0.283024139761
0.330586350591 -0.30225862434 -0.283646344238
0.327707383878 -0.302311621037 -0.284553595863
0.325469207001 -0.302908338155 -0.28493123295
0.323523481616 -0.303122459559 -0.284936361767
0.321808300575 -0.301793218146 -0.285425829715
0.318503556208 -0.301993420924 -0.286599014374
0.316526592519 -0.302240258662 -0.287711367088
0.314912612137 -0.301656660775 -0.288214637206
0.313138336905 -0.302039965601 -0.288291571002
0.309442372533 -0.302238676478 -0.289789369342
0.30846276524 -0.30150368521 -0.289767534711
0.306555907251 -0.302130844582 -0.291002094107
0.30498145483 -0.30088230226 -0.290463351886
0.301662287151 -0.30094606414 -0.291713852222
0.299102461771 -0.300810936285 -0.292735089191
0.297432576136 -0.300890035734 -0.293284346975
0.2963455586 -0.301660579033 -0.293200378281
0.293509152028 -0.300941413878 -0.294154234484
0.292116525573 -0.301573617906 -0.294465713655
0.290414792482 -0.301179381232 -0.295677056802
0.289222275098 -0.300129873599 -0.29628968086
0.286279147486 -0.3012292162 -0.296484612542
0.284565227751 -0.300415298697 -0.297926801353
0.28389683538 -0.300100244045 -0.297430432822
0.282020059507 -0.300853094362 -0.298341768692
0.280700482597 -0.300711346623 -0.298511401918
0.275156192454 -0.29951657919 -0.301037069312
0.274157485326 -0.300161684447 -0.301033696915
0.269339889797 -0.299064299812 -0.302951953905
0.268058037277 -0.299336937092 -0.303100301518
0.262896703987 -0.299678440332 -0.305224774795
0.261062124425 -0.299287268853 -0.306032453851
0.254751962818 -0.299922137182 -0.308435647358
0.253200066494 -0.298468186195 -0.308788904051
0.252304092066 -0.298282274673 -0.30893867378
0.248129432308 -0.297384918818 -0.312959679015
0.242299488789 -0.297454207818 -0.316981226361
0.230309938347 -0.298148750531 -0.323397383857
0.224670124689 -0.297622688335 -0.325190295715
0.222402164294 -0.297409441839 -0.328181790133
0.216753580966 -0.296953895678 -0.329110501813
0.210419596283 -0.298931323079 -0.33080473836
0.20952909439 -0.298335031781 -0.332712404737
0.204684826712 -0.297716873872 -0.333428320983
0.203756801614 -0.298332027777 -0.332346945148
0.203808697567 -0.29714327244 -0.33227438864
0.204982068683 -0.297163453484 -0.331591584709
0.204667231797 -0.296659168375 -0.332347401718
0.204562563261 -0.297989501572 -0.331974975723
0.203879868366 -0.296263650322 -0.332368244397
0.204102557964 -0.296703259935 -0.333789007901
0.200364637222 -0.297251989022 -0.336047374155
0.194100457206 -0.297392926997 -0.338145723755
0.193891544004 -0.297675777895 -0.339240757199
0.18789036816 -0.296437304504 -0.341973357244
0.187373448517 -0.296631216764 -0.343003438798
0.183229684511 -0.296602734996 -0.346321376694
0.183006537939 -0.296148778167 -0.347130728463
0.177716833469 -0.295875694857 -0.349398616247
0.172701807067 -0.296741288728 -0.35087978312
0.17279883638 -0.295777303581 -0.352585796065
0.168338205941 -0.295747370934 -0.354910105215
0.168370983836 -0.296086318962 -0.355626628085
0.163649690416 -0.296607077878 -0.357816821746
0.159491037429 -0.29671622024 -0.361075460597
0.157702598724 -0.297547868331 -0.361158908897
0.155495509902 -0.296682627708 -0.360572617838
0.153565834674 -0.296721516875 -0.363610638895
0.154576082141 -0.296042160559 -0.362657032082
0.152141719385 -0.295721230467 -0.364036820904
0.147508682889 -0.29591784963 -0.367395181289
0.148350380543 -0.296594264842 -0.366525593219
0.144150343578 -0.294098698353 -0.368500566023
0.141318126859 -0.294712362514 -0.378400605193
0.135758752315 -0.296950885991 -0.38193074707
0.136037605335 -0.297517649163 -0.383229301006
0.131243795002 -0.297083630746 -0.383376027532
0.132371117408 -0.297077964333 -0.385075273218
0.12806411346 -0.298047574205 -0.388230018234
0.130020982843 -0.297573916017 -0.391412896596
0.127256581858 -0.296189719606 -0.395898728366
0.129333872695 -0.295985799986 -0.398848316217
0.128141864105 -0.29583351328 -0.405624250776
0.123844258122 -0.295250342428 -0.405917783556
0.118203448972 -0.295883774887 -0.410267075152
0.118691487535 -0.293699995619 -0.40834056771
0.113548855631 -0.292340702779 -0.410818305044
0.114137743412 -0.292488665237 -0.413796276957
0.110131912209 -0.292014186465 -0.415893607058
0.107125263753 -0.291138711067 -0.418918659147
0.10768937679 -0.290494319313 -0.419926411804
0.103220859841 -0.290157473454 -0.421548684612
0.103231445631 -0.288853718071 -0.425361129131
0.0983911415144 -0.289884142632 -0.426988003831
0.0989876502874 -0.28928054299 -0.428174784471
0.0949925546663 -0.290094254149 -0.430020888458
0.0919225392733 -0.289987579686 -0.435556390923
0.0930592876764 -0.292139770813 -0.436328221728
0.0896810892919 -0.29322109401 -0.436657325843
0.0849890300896 -0.291639437887 -0.439419611256
0.0851650197823 -0.292246974402 -0.440118004474
0.0807627969145 -0.291233214023 -0.443244065182
0.0809581338407 -0.291006623339 -0.446009041359
0.0755844544079 -0.290871948932 -0.453546121206
0.0716267554704 -0.29066503687 -0.450599140816
0.0720536798014 -0.291379920502 -0.452185308354
0.0706697061312 -0.291647152984 -0.457805385613
0.0716126526545 -0.292430124214 -0.457545198386
0.0661924479847 -0.294343221233 -0.460471584973
0.0657637471701 -0.295029802024 -0.465676738574
0.0590674449289 -0.294992344394 -0.47131122881
0.0538876640928 -0.29492390877 -0.474308566885
0.0531220479468 -0.293577689851 -0.480302343628
0.0493021655931 -0.294136628157 -0.478026241054
0.0438756581609 -0.295500839185 -0.485901894981
0.0445663552188 -0.295415564701 -0.490572524147
0.038187226978 -0.296990434248 -0.488853466169
0.0379118792275 -0.2942951385 -0.496048123824
0.0313975985408 -0.29461833449 -0.498336641167
0.025394711679 -0.294066266321 -0.505256461936
0.0260014402818 -0.293545651256 -0.508991006267
0.0208707662432 -0.294901448761 -0.508707563711
0.0166177081495 -0.296125523914 -0.510610634373
0.0150271173791 -0.294343274142 -0.508392194021
0.0104322309555 -0.292732310881 -0.511592118766
0.0112630249071 -0.293067785483 -0.514061766387
0.00636648772656 -0.293072397309 -0.516302833378
0.00710447616341 -0.292611735366 -0.516555477048
0.00368271419773 -0.293368429699 -0.518153982044
0.00162504042748 -0.292111265036 -0.519956186233
0.00320933263148 -0.291015285572 -0.519886289047
0.00328720732735 -0.291818037524 -0.520004449849
0.00517341332457 -0.290728922652 -0.520038889469
0.00340308252067 -0.290653026861 -0.519706633424
-0.000624143794701 -0.291564441105 -0.519530907413
0.00253425955448 -0.290963247094 -0.518176583018
6.04417083245e-05 -0.289145350521 -0.519891445939
0.00232994189681 -0.288776937616 -0.521226909797
-0.00239972542809 -0.288433592124 -0.519852209884
-0.00621570514367 -0.286502542343 -0.519825229093
-0.0099464718759 -0.285362020091 -0.521435313592
-0.00750079328506 -0.286624744746 -0.526078969778
-0.0107687577099 -0.28514073975 -0.528983713284
-0.0108675812951 -0.288266074973 -0.530616431833
-0.0155530165304 -0.286059165489 -0.531983621047
-0.0164106947577 -0.290064005274 -0.533987014321
-0.0198263092281 -0.285829024043 -0.536405778337
-0.0249571097395 -0.282995100418 -0.540443200021
-0.0250951950062 -0.283634069371 -0.544921235895
-0.0313590079198 -0.283998943556 -0.552540073822
-0.0330444978064 -0.283592308773 -0.559657349373
-0.0417703836283 -0.284662108582 -0.568087722016
-0.0432275797329 -0.28520749333 -0.574540284176
-0.0489085794206 -0.283692455945 -0.581728076301
-0.0534900150286 -0.283583831362 -0.587920599313
-0.0532287844628 -0.282724006543 -0.5904566297
-0.0569803156203 -0.283050858141 -0.593742290288
-0.0599473489571 -0.283818530636 -0.595939293162
-0.0580046746069 -0.283267425883 -0.600270813958
-0.0643644773432 -0.282904991773 -0.603209788252
-0.063815733545 -0.284823419996 -0.604540591264
-0.0637897563096 -0.287067436544 -0.605129023466
-0.0643513062553 -0.289186667906 -0.606359003789
-0.0632767952571 -0.289974227504 -0.607381265666
-0.0633067369386 -0.291349649637 -0.610055389196
-0.0646568084612 -0.292099970688 -0.610065321151
-0.0669544043333 -0.291150833132 -0.610648756395
-0.0701016803781 -0.291751731156 -0.612258225914
-0.0752216177406 -0.292779479799 -0.621402310234
-0.0761070529801 -0.292197210078 -0.626343195463
-0.0833858032072 -0.292056376503 -0.640530402758
-0.0888131019317 -0.292261037336 -0.652370650183
-0.0893857005668 -0.292685922824 -0.659089659929
-0.093128901236 -0.292322827313 -0.669509612448
-0.0924073675471 -0.290165538527 -0.678614017607
-0.089563908725 -0.290485099222 -0.685673154112
-0.0852658672733 -0.293802627639 -0.693271104953
-0.0856411007147 -0.294496150719 -0.694795720631
-0.0885567231744 -0.294028257125 -0.69911825465
-0.0889335018791 -0.294809499721 -0.700891922857
-0.0895714250149 -0.294650004171 -0.701718297606
-0.0920164189579 -0.293067645721 -0.702423966261
-0.0939220280904 -0.292976339894 -0.701374314188
-0.0974018579833 -0.293549995501 -0.699171306715
-0.0992250121709 -0.293362589097 -0.699018468781
-0.103897938266 -0.29340133795 -0.69787322123
-0.106655948803 -0.294075902742 -0.698850485603
-0.107010896032 -0.29385074188 -0.699429993335
-0.105261506707 -0.293425184379 -0.7013270196
-0.104473089073 -0.29399335427 -0.701758638043
-0.106247804395 -0.294102158016 -0.702218080316
-0.103602701698 -0.293905366031 -0.702407782472
-0.106746958427 -0.293548563996 -0.70185927213
-0.104848486608 -0.29386130422 -0.703179259451
-0.103347595284 -0.293053996187 -0.705786471404
-0.108009770755 -0.293098260681 -0.707910906023
-0.107880962053 -0.292146364021 -0.71119684275
-0.11098620455 -0.294912408526 -0.719265114699
-0.112519773767 -0.294834290236 -0.722004149521
-0.116933973574 -0.29456157307 -0.744707104984
-0.119813453398 -0.295235440153 -0.761339192919
-0.12196458407 -0.294537931071 -0.774936465855
-0.123141725099 -0.296158704259 -0.781795137714
-0.123127661537 -0.29506661972 -0.784599089856
-0.122687131518 -0.293961223425 -0.78361244883
-0.122586072135 -0.295387967407 -0.782430605059
-0.122426519548 -0.295558218651 -0.781154485262
-0.122034715121 -0.295209968091 -0.77999848174
-0.122392767999 -0.295597883284 -0.778907472673
-0.121944982564 -0.295480997135 -0.777002736199
-0.121930524155 -0.295493913274 -0.776609524542
-0.121927351992 -0.29557151388 -0.776566144811
-0.121875146472 -0.294964681842 -0.776850413729
-0.121980760025 -0.295173658805 -0.776918060201
-0.12187364026 -0.293969940304 -0.777091325453
-0.121931662065 -0.294402609722 -0.777002449185
-0.12198394605 -0.295186299042 -0.776721458441
-0.12192761363 -0.294551807694 -0.77700486698
-0.121766658289 -0.295094549511 -0.776358274866
-0.121877718895 -0.294980303201 -0.776850413729
-0.12186774832 -0.294956267507 -0.776850413729
-0.121866925637 -0.294961839919 -0.776850413729
-0.121922047161 -0.294563903331 -0.77700486698
-0.121931689766 -0.294574157553 -0.77680826701
-0.121937455581 -0.29458544171 -0.77700486698
-0.121935628003 -0.294588082258 -0.77680826701
-0.12166035163 -0.294920214847 -0.776094109045
-0.121706807757 -0.295509657271 -0.776203056008
-0.121923846169 -0.294668589417 -0.776765195761
-0.121919979174 -0.295662055547 -0.776719488853
-0.121601963152 -0.294404800007 -0.776334852544
-0.121923138976 -0.295669960297 -0.776719488853
-0.121925662577 -0.295500476687 -0.776520591892
-0.121928544757 -0.29567199395 -0.776719488853

