0.44129752185 -0.17215014371 -0.27123380869
0.441252358683 -0.172157229573 -0.271425046603
0.441132355029 -0.172014121904 -0.270590917423
0.440648666702 -0.17161069283 -0.270825209728
0.439315211513 -0.170885224647 -0.271053226186
0.438724811424 -0.170240790198 -0.269925406789
0.437721491515 -0.169272728666 -0.270149662876
0.437114534203 -0.169017459115 -0.269571228601
0.436462959699 -0.169775992198 -0.269230116392
0.434574458696 -0.170345841845 -0.269215213814
0.433755201498 -0.170522967588 -0.2693330162
0.433136329828 -0.170240313355 -0.269094128821
0.432080782692 -0.169773170218 -0.269521630175
0.429676753663 -0.170557769774 -0.268869283026
0.428681359559 -0.16918936158 -0.269656014981
0.428195206218 -0.169156100669 -0.269639131389
0.427616691237 -0.168852539385 -0.269208842415
0.425806530229 -0.171271743196 -0.26905512267
0.425879015527 -0.17095908627 -0.268836330455
0.425516062153 -0.170463061699 -0.26927545847
0.42592093971 -0.16987012263 -0.26856994664
0.424080148773 -0.171178540732 -0.268757998672
0.423394348325 -0.170275030024 -0.269637965568
0.423378311827 -0.169695903711 -0.269002685798
0.42040871585 -0.170628889397 -0.26906571866
0.420197128057 -0.171908585545 -0.269393253676
0.420472161744 -0.170871192123 -0.268924174178
0.42060628877 -0.171898987094 -0.269572027989
0.419164251549 -0.172857495405 -0.269282214774
0.419676418548 -0.17294197998 -0.269096037908
0.420012581147 -0.173565003361 -0.268750761744
0.41721485756 -0.174353496983 -0.269676280187
0.417741717052 -0.174442196696 -0.269243602305
0.418112800284 -0.174316891798 -0.268878330741
0.418048192096 -0.174146982087 -0.269075671977
0.415036802138 -0.175061262228 -0.268764297773
0.414657274505 -0.17596739878 -0.268699907058
0.414049964949 -0.176755705796 -0.269503582631
0.411247611795 -0.176523924811 -0.269913819704
0.411774319389 -0.177346709976 -0.268759771961
0.412277008975 -0.177891143436 -0.268620394915
0.410510994761 -0.176184629198 -0.269874798685
0.410499469055 -0.176929440371 -0.270008924595
0.410583875225 -0.177536496632 -0.269912214017
0.410857009748 -0.178905729288 -0.269328370501
0.408820107081 -0.176634371478 -0.269705003582
0.409291449599 -0.177793098733 -0.269214526841
0.409659787529 -0.177774624311 -0.269992764816
0.410180723465 -0.177672385981 -0.270327213501
0.409882785668 -0.174779125016 -0.269319281022
0.409748370663 -0.174248574597 -0.270281587504
0.409714621286 -0.174193097369 -0.270251906235
0.40914481182 -0.175274855002 -0.269872893479
0.406601270673 -0.175842735782 -0.270147210765
0.405963108524 -0.173895146377 -0.270813540775
0.405809119074 -0.174008268372 -0.270770273793
0.403650603032 -0.175606820197 -0.270812523519
0.403586385831 -0.173748193946 -0.270852835038
0.403903953109 -0.172438935756 -0.270491013864
0.402608626895 -0.172718100631 -0.271045677263
0.402127973009 -0.172786580193 -0.271497807538
0.402091064194 -0.171201929129 -0.271736768497
0.402091064194 -0.171201929129 -0.271736768497
0.399811701877 -0.176546907736 -0.271720765338
0.399730876967 -0.176773967126 -0.272023761575
0.399642040636 -0.177799945187 -0.271409769345
0.39729463504 -0.180693678198 -0.271026087434
0.396892712603 -0.181100728066 -0.270495563677
0.396963535085 -0.181925796632 -0.270318959986
0.397025914911 -0.182861561634 -0.270159114921
0.395851215542 -0.179352340444 -0.270476550858
0.395675053069 -0.182079517516 -0.270546336812
0.395776585285 -0.182205973021 -0.270436703668
0.395079958426 -0.183969180617 -0.271175982818
0.394015619692 -0.184328895261 -0.271811701163
0.394174974476 -0.186292027993 -0.271267176234
0.394245713191 -0.189431422869 -0.270777774719
0.394114327341 -0.187552164223 -0.271009864468
0.394725140754 -0.194586058203 -0.270089351762
0.394802832592 -0.196928636172 -0.270728373703
0.397377534309 -0.188102748726 -0.270300438473
0.397641551389 -0.19481576908 -0.27065855032
0.397095698796 -0.195996584332 -0.271362846979
0.399946320691 -0.185167792136 -0.271019881068
0.399516645138 -0.187950877967 -0.270508462822
0.397572932593 -0.191700625649 -0.270443511076
0.399230760668 -0.181594022057 -0.27078974951
0.398369394749 -0.183807095765 -0.270802762631
0.395929497345 -0.186431002737 -0.270423087884
0.394020881952 -0.187159107532 -0.271677168937
0.393327440889 -0.178965828525 -0.271948090455
0.390802975106 -0.179674618133 -0.271935504871
0.385890622802 -0.18330538136 -0.273235134507
0.38290529404 -0.181280013073 -0.2731436675
0.37931585393 -0.183918912334 -0.273213527708
0.376077029512 -0.186046039927 -0.273431420175
0.373735835536 -0.180137198184 -0.274666433531
0.36876188187 -0.18412510289 -0.275405810473
0.366001516141 -0.185181991017 -0.275343567714
0.362956649561 -0.17348950401 -0.277275520479
0.361732663486 -0.173223132584 -0.277124791772
0.356733765145 -0.170202376672 -0.277503620725
0.355126831333 -0.169687684262 -0.278827595807
0.347894812668 -0.170154127334 -0.280545770658
0.341811110453 -0.170141197608 -0.281244901336
0.336934255719 -0.169601798838 -0.282282392464
0.330102265904 -0.169890588762 -0.283589491135
0.324954005136 -0.169320317372 -0.284735935693
0.317643429976 -0.16837684314 -0.287011940965
0.313087332844 -0.168330001841 -0.287908262162
0.307133676543 -0.167662145373 -0.289867402405
0.303701743552 -0.167779875547 -0.291134207949
0.297887686889 -0.167576716469 -0.292439927116
0.296741007642 -0.1665319663 -0.292725277016
0.291465313737 -0.167435693435 -0.294435918982
0.289307162304 -0.167470061102 -0.294674693548
0.286247215138 -0.16767851921 -0.295479242062
0.282290269896 -0.167354935868 -0.297362605688
0.277491422488 -0.167081751426 -0.298801935213
0.275181670589 -0.166933383483 -0.299555309001
0.27198908429 -0.167225085872 -0.30062194448
0.268063804608 -0.166563879621 -0.3016686357
0.267271015649 -0.165922441698 -0.301683982433
0.265618341354 -0.165849723975 -0.30214716478
0.261050814298 -0.165939427607 -0.30419156261
0.257991443442 -0.165438929046 -0.305416489775
0.249417310764 -0.167788405786 -0.308389478554
0.246586546194 -0.168292416926 -0.310574152476
0.239316674496 -0.169671461804 -0.313942892633
0.234575559627 -0.169268265898 -0.315375556548
0.230806865979 -0.167090974452 -0.316102634485
0.230086643672 -0.167703145583 -0.316881543654
0.226043698387 -0.163964301949 -0.318717327411
0.220703895446 -0.162580196105 -0.320684732144
0.218518907419 -0.163449288858 -0.322623429414
0.206637617704 -0.167615697016 -0.32778422932
0.195357429623 -0.167174495911 -0.332403271551
0.186640744482 -0.167327122578 -0.334920587898
0.183712168625 -0.168351157776 -0.338788576308
0.176740169207 -0.168222152276 -0.341595423403
0.175684973057 -0.166128058654 -0.339991373928
0.177104063529 -0.165422923295 -0.339758084419
0.177293914832 -0.16609469548 -0.338770106281
0.177270979634 -0.166159603977 -0.338560986378
0.175156377773 -0.166752154235 -0.341758173101
0.168790671363 -0.168229769068 -0.345252846209
0.159566412244 -0.167565160165 -0.351176425629
0.156244764522 -0.170090122518 -0.354874814863
0.150474663781 -0.166720274245 -0.358933640609
0.145740034672 -0.16559432801 -0.362265986791
0.146005082356 -0.165060669077 -0.365401677439
0.143246412634 -0.166745156781 -0.364811059935
0.140562095345 -0.164566601997 -0.366567393738
0.137738043742 -0.164886721479 -0.366523148488
0.134857997864 -0.164871855333 -0.364337945841
0.130632238576 -0.163449285633 -0.372908953625
0.132165611289 -0.163184285756 -0.373081712293
0.12367011107 -0.163051841584 -0.376520946428
0.124838113966 -0.162770878218 -0.379053941162
0.120893740401 -0.161509597922 -0.378331531731
0.11763295395 -0.16195221706 -0.378817285959
0.119831711618 -0.163368181404 -0.381378403385
0.117658998037 -0.16248765067 -0.382996713273
0.120050295905 -0.162183267647 -0.383624398303
0.1164755047 -0.16256782575 -0.385298743862
0.118387329002 -0.162776656033 -0.383571696537
0.114755866119 -0.160856141089 -0.382881282486
0.116561113439 -0.162176187845 -0.386943041488
0.113940027983 -0.160198844121 -0.386643721447
0.114927524337 -0.160302226846 -0.385484132631
0.110638530683 -0.160053423356 -0.390884643713
0.108750702295 -0.160307855243 -0.393209441791
0.109223418447 -0.161133390019 -0.392458085908
0.105761466551 -0.159063042655 -0.39101071282
0.105966029857 -0.158172290799 -0.395641314256
0.103470765094 -0.153441285481 -0.399768113879
0.103088269706 -0.152757489589 -0.402097423653
0.0993843734132 -0.150796741549 -0.405561291899
0.0991744621941 -0.151405536001 -0.403884686739
0.093388376253 -0.153563136543 -0.411991511952
0.0936362498264 -0.15430392634 -0.410013109324
0.0903211312028 -0.155160667481 -0.421584768548
0.0853223663394 -0.156031735623 -0.429372581539
0.085234857553 -0.156529827626 -0.434454318364
0.0805035561703 -0.155548864618 -0.444083114109
0.0750948778737 -0.156086642793 -0.444698077329
0.0693144757131 -0.154434553461 -0.443777498847
0.0660723411056 -0.152780888346 -0.452918767231
0.0664881317742 -0.151984767223 -0.454407961238
0.0616292864029 -0.152578391737 -0.459143406444
0.0555183280381 -0.155129737425 -0.459966933895
0.0500305958613 -0.155294989423 -0.464877446905
0.0485658193202 -0.15227996209 -0.469913659187
0.0489838476307 -0.15293607517 -0.474482650821
0.0436985838486 -0.151818386851 -0.469913018521
0.0412592774974 -0.148545737378 -0.47619040359
0.0382427351059 -0.147511218917 -0.482412677372
0.0350895441458 -0.147160240996 -0.484999460905
0.0319671697874 -0.146649104023 -0.487569538109
0.0282092961995 -0.147482060583 -0.493076043002
0.025305868046 -0.14801194489 -0.491426018566
0.0291862532224 -0.14861720811 -0.49131566032
0.0276382971825 -0.149308514153 -0.490902633858
0.0293961296122 -0.146809421978 -0.488171057933
0.0264870862743 -0.148882576918 -0.481486628499
0.0226781657484 -0.151469607661 -0.477915073186
0.0203936871034 -0.152877257554 -0.478240669783
0.0218877891928 -0.153049024216 -0.479002645134
0.0199767935802 -0.154075980047 -0.47773006914
0.0218137612195 -0.153664574126 -0.477283225244
0.022525965777 -0.148903374897 -0.476065117647
0.0234757451923 -0.14885579815 -0.475290219091
0.0190179095101 -0.149974132658 -0.474325205977
0.0201401915481 -0.149469552476 -0.476026139051
0.0142256345336 -0.148354133585 -0.482501281108
0.0144763408246 -0.14956632067 -0.483911293789
0.00798018304702 -0.149022230169 -0.485568746669
0.00400631049403 -0.149428550962 -0.490304157532
-0.00313223750544 -0.149836373091 -0.49670113557
-0.00883247509552 -0.149545863905 -0.504537661656
-0.0110219969801 -0.149615362752 -0.513226916416
-0.0165828447079 -0.149577051491 -0.515621306128
-0.0197048556845 -0.149474025593 -0.519630620635
-0.0235919009138 -0.149846288161 -0.522211479667
-0.0259813901078 -0.149763054127 -0.525901148482
-0.0259442356688 -0.150875562864 -0.52962908948
-0.0317141305708 -0.151324394613 -0.534482711642
-0.0377266965858 -0.150669850663 -0.542046503812
-0.0446697146976 -0.148312268106 -0.549429668501
-0.0465277382156 -0.145631775932 -0.550934986564
-0.0461630899674 -0.144839268921 -0.554502275653
-0.0453703506845 -0.144193132304 -0.554421756389
-0.0466257089606 -0.144685753748 -0.553068107657
-0.0495433451399 -0.143848092398 -0.552452883846
-0.0525052436137 -0.143578250087 -0.554781778669
-0.0573413952654 -0.142984002552 -0.562762529949
-0.0663519650458 -0.143094067895 -0.577626694412
-0.069011059365 -0.14292381511 -0.58251519574
-0.0775069633702 -0.143696437741 -0.600305099932
-0.0806230561384 -0.142916607978 -0.612968509656
-0.0873486030574 -0.142807386009 -0.626783081065
-0.0928682662012 -0.143209023991 -0.638100752591
-0.092889138373 -0.143842764117 -0.643221213202
-0.0950459124444 -0.141607199099 -0.648768877315
-0.0963194140539 -0.140003855005 -0.652865834455
-0.0979066905104 -0.140464269149 -0.65452310547
-0.100773139517 -0.140206208898 -0.656667803741
-0.101097363545 -0.138357643747 -0.658883938986
-0.0964320655648 -0.138468709298 -0.661018124913
-0.0941445813736 -0.140624117857 -0.663370902011
-0.0927902661054 -0.13936114368 -0.667700495522
-0.0947509812835 -0.138087412719 -0.670618017256
-0.0990531956778 -0.136165753792 -0.669914837119
-0.105208676403 -0.136843728652 -0.671164490644
-0.108912901599 -0.134800666443 -0.676647753984
-0.112081466356 -0.136870376594 -0.680873485322
-0.111864584757 -0.137502108007 -0.691086074257
-0.11551398873 -0.138202109407 -0.698180234891
-0.115376398543 -0.136173195257 -0.702547606464
-0.117335715158 -0.135607161782 -0.703996542295
-0.119792259563 -0.134840195414 -0.70825419726
-0.123049771791 -0.134720615105 -0.714691886411
-0.121682198989 -0.135788961699 -0.723296487918
-0.123834768228 -0.136891024984 -0.733633494399
-0.123352933814 -0.138646378762 -0.756514092999
-0.121525907418 -0.136504060924 -0.764805475111
-0.124791735438 -0.132611271786 -0.780175346548
-0.129708864987 -0.130021175654 -0.787757320178
-0.13239865569 -0.129669729505 -0.790426143773
-0.134411196403 -0.129296428683 -0.792041353375
-0.133502404701 -0.128458044716 -0.790241047913
-0.13311797733 -0.129627762075 -0.7884196895
-0.133331507007 -0.129692354838 -0.788782965692
-0.133012420026 -0.129260835996 -0.788081881455
-0.133224861981 -0.128887467921 -0.788685175318
-0.133233767347 -0.12933306659 -0.788641806197
-0.133042584736 -0.128676025848 -0.788049400972
-0.133106323262 -0.129798702434 -0.787936263938
-0.133182102134 -0.130401024161 -0.787639659922
-0.133247153351 -0.129371388981 -0.788354405798
-0.133060544953 -0.128803118483 -0.787913113192
-0.133338355694 -0.129513771618 -0.788420886585
-0.133088483987 -0.129810665009 -0.787648273522
-0.13312433379 -0.129564646837 -0.787816125894
-0.133231107577 -0.12943726938 -0.788309635084
-0.133125681358 -0.129554511558 -0.787816125894
-0.133218235986 -0.129256929317 -0.788307900327
-0.133036535991 -0.128946806119 -0.787915055789
-0.133015108019 -0.128924471453 -0.787915055789
-0.13298246432 -0.129344480996 -0.787749677499
-0.133313773328 -0.129680502815 -0.788331626347
-0.133272811011 -0.130099946434 -0.788165133859
-0.132705304985 -0.12963348474 -0.787851632032
-0.133305750479 -0.129591898903 -0.788284822663
-0.132710891035 -0.129804167061 -0.787853969108
-0.1326646395 -0.130035275236 -0.787685169346
-0.132838214033 -0.129250259906 -0.788513064246
-0.13293507207 -0.1294162059 -0.788580328648
-0.132906066353 -0.130011933563 -0.788416359526
-0.132931903331 -0.12942044083 -0.788580328648
-0.132887003206 -0.130294240029 -0.788247283349
-0.13287361287 -0.128939441738 -0.788634265562
-0.132824741916 -0.129339400726 -0.788468789542
-0.132824741916 -0.129339400726 -0.788468789542
-0.132853745322 -0.128743638821 -0.788631317031

