0.35475794606 -0.305597893549 -0.265215195983
0.354762352987 -0.305325495197 -0.265435633145
0.354657521344 -0.30514568753 -0.265963694975
0.354623725941 -0.305635063443 -0.26499823819
0.353660329372 -0.304963073902 -0.265299933849
0.353312847469 -0.303922587464 -0.265239635409
0.35335266909 -0.304462122128 -0.264838768797
0.352810487271 -0.304478411025 -0.264394554681
0.351366891507 -0.304202851996 -0.264840968212
0.349895462219 -0.303036884022 -0.264268367434
0.348717487717 -0.302959096588 -0.264107240085
0.347929824158 -0.304207568551 -0.264227696958
0.347071113623 -0.302976078645 -0.263515106866
0.345127592064 -0.303081119128 -0.264022263926
0.344779327649 -0.302956145086 -0.263791448135
0.343639801081 -0.303797036645 -0.263259918333
0.341956030978 -0.303869115248 -0.263776657888
0.340757725273 -0.303797071489 -0.264166621395
0.339195728015 -0.303352041076 -0.264295543287
0.338199856774 -0.303687493249 -0.264131057662
0.336121945607 -0.303636637925 -0.264170210535
0.333618040504 -0.303215540241 -0.265101018879
0.332461780526 -0.303937313676 -0.265469488477
0.331327085341 -0.303084289654 -0.265046281836
0.329967171991 -0.302817632198 -0.264780913146
0.328281611916 -0.303216750222 -0.265647454185
0.325787100077 -0.303539393987 -0.265874324441
0.32436186303 -0.302869545739 -0.265924754076
0.322208376993 -0.302850196604 -0.265871690989
0.318324917788 -0.302968626113 -0.26726791969
0.315322612824 -0.303101306687 -0.267076467254
0.313246296539 -0.303660487685 -0.26755570627
0.311394248324 -0.303059351437 -0.268186340768
0.307872299177 -0.302355133893 -0.268470719638
0.306050545409 -0.302917040855 -0.2683567291
0.30400326706 -0.302329605015 -0.269297014365
0.302131506745 -0.302501797022 -0.269104416624
0.298309665704 -0.301905889829 -0.269976302073
0.29656325906 -0.303031372648 -0.270174429932
0.295233463022 -0.302635747569 -0.269860665298
0.2931321256 -0.30171643364 -0.270085355945
0.289916068424 -0.302738505709 -0.270768271969
0.288585235727 -0.302143070595 -0.271401364485
0.286677305951 -0.302745042707 -0.271454463772
0.285014402788 -0.302936433134 -0.271651431949
0.281463381671 -0.302199581991 -0.27242140221
0.279283064875 -0.302604533416 -0.272871062474
0.277978858799 -0.301719671317 -0.273491119231
0.275423918653 -0.301799977095 -0.273689204181
0.271279136563 -0.302421890171 -0.274241911703
0.269172121033 -0.302240410205 -0.274409609501
0.267715331861 -0.301474439974 -0.274299708933
0.265862884116 -0.301539230629 -0.275314423781
0.263037238971 -0.301799586066 -0.27638698211
0.261548916384 -0.30167842093 -0.276605236901
0.256604411761 -0.301533999971 -0.277983318482
0.254734574547 -0.301673740683 -0.279049220008
0.251870837499 -0.301952357748 -0.279830465746
0.246962543702 -0.302149171003 -0.280406438502
0.244902069783 -0.301839766007 -0.281520803582
0.244237951323 -0.301853049837 -0.281328722747
0.242166824847 -0.302018855394 -0.28249251226
0.236862459355 -0.301137472986 -0.282650840583
0.236363774731 -0.300779526176 -0.283581468033
0.236381650231 -0.301996172492 -0.283497423849
0.236308370427 -0.300581201874 -0.283767728324
0.231534230267 -0.301028321058 -0.283959463123
0.231824896863 -0.301374174065 -0.283988410412
0.23137655737 -0.301178747427 -0.284362516534
0.225933881198 -0.301413348104 -0.284784282738
0.225827016342 -0.301837278021 -0.284766449678
0.225695534529 -0.301845846793 -0.285375275344
0.223026864856 -0.301912214916 -0.285410629515
0.223539844909 -0.301861828644 -0.284915058708
0.223221448497 -0.300866676882 -0.28644873211
0.223623012665 -0.301479952161 -0.285867851082
0.218672359539 -0.300589763355 -0.286447380272
0.218664796367 -0.300580986186 -0.287117426506
0.218418505201 -0.300502797329 -0.287309469284
0.218084687032 -0.299586693667 -0.287628892033
0.210468919856 -0.300677205251 -0.2890772406
0.209607616884 -0.301059589239 -0.289838119595
0.209133012006 -0.301067129659 -0.289995828118
0.202235319119 -0.301122449288 -0.29131044119
0.201785362163 -0.30167445688 -0.291526346271
0.197908713007 -0.302175105415 -0.291988289781
0.197029373224 -0.301535556724 -0.293962715358
0.19742758745 -0.302093042199 -0.293667155662
0.19211529316 -0.301408221099 -0.294161002447
0.19284211951 -0.301767623871 -0.294397651373
0.187606880551 -0.301846560093 -0.294785414342
0.187417190207 -0.301267408711 -0.295909028023
0.187555857371 -0.301343037196 -0.296211229977
0.181219850412 -0.301070181051 -0.296960805244
0.181315600322 -0.301138235297 -0.297454103032
0.177563677591 -0.301047558469 -0.298330204056
0.177915013166 -0.301714413756 -0.298599165891
0.177717708702 -0.30118377233 -0.299278105086
0.178152687987 -0.300417113869 -0.299125748307
0.173034792333 -0.301387148964 -0.299362273033
0.173156745679 -0.301143055174 -0.30049497093
0.173260685572 -0.30129060778 -0.300355381232
0.173425778218 -0.300793924868 -0.300841818635
0.16785678075 -0.301602671804 -0.301616926428
0.167611232164 -0.301396425355 -0.30228719793
0.16757002944 -0.300418325391 -0.302694153995
0.161220495446 -0.300783556193 -0.304513846725
0.161002722801 -0.3003545876 -0.305432018518
0.157863755917 -0.30123620757 -0.305705770485
0.158031603809 -0.301037546524 -0.306281388389
0.158248227774 -0.300800117121 -0.306736115877
0.152766030497 -0.301190992056 -0.309511414525
0.146753828448 -0.3018471825 -0.310379804848
0.140786896853 -0.301140801153 -0.312326482358
0.14028311214 -0.30107088613 -0.314157159671
0.137912906616 -0.30049353717 -0.315348109543
0.138483509816 -0.300195799481 -0.316104606418
0.132878545784 -0.301003808827 -0.317212647044
0.132933724852 -0.300919966164 -0.318175103056
0.127634838459 -0.300984201528 -0.318912783545
0.12149023725 -0.302289391585 -0.321141705434
0.120851164091 -0.301527221577 -0.323013090155
0.113169452553 -0.301673389039 -0.325646408226
0.108920077896 -0.302520113756 -0.328189426389
0.102638495302 -0.30132880021 -0.331097800254
0.101759902484 -0.301697678516 -0.333248797891
0.0947653962942 -0.301120660447 -0.335804214624
0.0869565835946 -0.301671965639 -0.339503754838
0.0857962953809 -0.302461534233 -0.341068553088
0.0807464315007 -0.301978765169 -0.344054236371
0.0799989532419 -0.30138875553 -0.346081640068
0.0744673093399 -0.30139522524 -0.347569138357
0.066616055843 -0.302450220875 -0.351685951096
0.0666721808464 -0.302270880953 -0.352597316081
0.0604242314672 -0.301454458683 -0.355614818147
0.0547091641928 -0.302470222509 -0.358081415149
0.0523363186034 -0.301844351558 -0.360158323144
0.0529803538023 -0.301275459565 -0.362694958379
0.0486026906908 -0.302111530425 -0.363359985474
0.0495047941548 -0.301425381101 -0.367406151875
0.0449856030653 -0.301345118215 -0.36767559452
0.0399917020714 -0.301537627823 -0.369939931657
0.0403662024303 -0.30162761959 -0.369759547515
0.0358001989122 -0.302060266286 -0.372801189218
0.0354673337446 -0.30204320514 -0.375157657064
0.0302672582144 -0.301388971174 -0.380889735063
0.0300915523153 -0.301038263647 -0.383650710277
0.0253086050293 -0.299845422226 -0.385751229611
0.0252734999511 -0.2998411746 -0.387818361096
0.0212361883555 -0.29967188303 -0.390695368353
0.0222291239452 -0.299299989439 -0.393719473975
0.0191153565714 -0.300911104722 -0.399467105846
0.0199739859671 -0.300651510279 -0.399320776245
0.0179843944908 -0.300687693395 -0.409194080512
0.0129767403211 -0.302861004051 -0.412224229303
0.0132830611984 -0.303018050123 -0.413329629977
0.00974611775218 -0.303146294105 -0.415275091381
0.00450328600441 -0.302065588338 -0.417288198567
0.00581952906259 -0.301975139392 -0.420825958438
0.002054972952 -0.303467325368 -0.421610736558
0.00315720580903 -0.304212483949 -0.425833242328
-0.00202334178094 -0.304040886633 -0.425531350807
-0.00690464930228 -0.304562398801 -0.426823234682
-0.00648692231581 -0.305031927362 -0.428782051645
-0.00988279075049 -0.306486480297 -0.429964025838
-0.00834526148756 -0.307136292832 -0.429958775533
-0.00956550729911 -0.310631198366 -0.433053876713
-0.0130475485989 -0.313144007776 -0.43365720331
-0.0116692885769 -0.312601736852 -0.432882255615
-0.0149354943361 -0.313094613044 -0.435243280814
-0.0138302190372 -0.312436353395 -0.43691013569
-0.0191636852963 -0.31314206352 -0.440666638384
-0.0187806771259 -0.313281375892 -0.441581886374
-0.022377372398 -0.312566148977 -0.444428537488
-0.0275845815682 -0.313183268989 -0.449584289609
-0.0267262718982 -0.312394640907 -0.452834465338
-0.0319676296788 -0.312197030313 -0.453305377506
-0.0360235913145 -0.312681547557 -0.455454033263
-0.0339221715629 -0.314524444849 -0.454241560183
-0.0368380659491 -0.313067504206 -0.455667723465
-0.035749438254 -0.311327155981 -0.458768753546
-0.0401542680697 -0.311794828615 -0.460807552228
-0.0456247486754 -0.311685369591 -0.464600859361
-0.0458743729566 -0.310901053419 -0.468721856459
-0.0507911810748 -0.311626315889 -0.470583369971
-0.0494367093216 -0.309394543271 -0.473685136129
-0.0541453991544 -0.310796951162 -0.475148410488
-0.0571394286894 -0.31275245116 -0.477399768259
-0.0559836808985 -0.312829233884 -0.478025317531
-0.0617186086134 -0.311621656172 -0.479852630232
-0.0616010281769 -0.310729854597 -0.479924149925
-0.0663450698371 -0.309928484137 -0.481531651247
-0.0663450698371 -0.309928484137 -0.481531651247
-0.0713805253738 -0.309082628015 -0.48286825015
-0.0711389407146 -0.309362279722 -0.483197042759
-0.0748694577978 -0.309215437373 -0.483265217187
-0.0801698132717 -0.308424012543 -0.483602703153
-0.0793983779362 -0.308832552099 -0.484254080958
-0.0845106916104 -0.307845943618 -0.48592528324
-0.0823694476488 -0.30696086975 -0.488999781163
-0.0874260279496 -0.308021150883 -0.490497417502
-0.0869978676549 -0.307709111887 -0.490745692681
-0.0906118835777 -0.307837872628 -0.49385704937
-0.0959423246692 -0.309178001262 -0.496395030702
-0.0957387735058 -0.307896306991 -0.50110611331
-0.100742797091 -0.308513469202 -0.503671873659
-0.104341423431 -0.308628797378 -0.507710584143
-0.104562601659 -0.308779253287 -0.511178233507
-0.10771733757 -0.30942518127 -0.513640753228
-0.108041062225 -0.309611796906 -0.516465842611
-0.110878649452 -0.310906726113 -0.516771888083
-0.114525199429 -0.309848031883 -0.517754065266
-0.115109544379 -0.309990664412 -0.519176390379
-0.117800113443 -0.310417075599 -0.52375099297
-0.118051061712 -0.311024855642 -0.52691462589
-0.123097779156 -0.31039386699 -0.531759099063
-0.123658964061 -0.311202480401 -0.53656143177
-0.12773769313 -0.311088664833 -0.543107047824
-0.128312060174 -0.310936109937 -0.546849234197
-0.13325577896 -0.310769612273 -0.552641064931
-0.132880468123 -0.310579954414 -0.555371169886
-0.136804696207 -0.309877652793 -0.560214291368
-0.143665793439 -0.311354385918 -0.563524137103
-0.144328136597 -0.310930184413 -0.565800686132
-0.145297483698 -0.312923201395 -0.567407275806
-0.142452511131 -0.313202745924 -0.571160905147
-0.139699404867 -0.315091430549 -0.575147709084
-0.138715234892 -0.315697116334 -0.578548590039
-0.1374167124 -0.314671160221 -0.578819411216
-0.138918419899 -0.315725230533 -0.578825579143
-0.140298521258 -0.31596607416 -0.578250821253
-0.14471979905 -0.315970706261 -0.575875601908
-0.146240708973 -0.315790571685 -0.573431781516
-0.150246708992 -0.317837253932 -0.574257810337
-0.150481172523 -0.317378494108 -0.576360062427
-0.154252987724 -0.317287552527 -0.582583445901
-0.153722780288 -0.317678224978 -0.585973405272
-0.159584475953 -0.316654899784 -0.591366847442
-0.159163348696 -0.317919375863 -0.59503029013
-0.16185445363 -0.317168583792 -0.599764712888
-0.166240461192 -0.317789755781 -0.602108104784
-0.163276896999 -0.318082676413 -0.604773877629
-0.168871047309 -0.318952176665 -0.606761936554
-0.171121794539 -0.317111136465 -0.607462286747
-0.170294512085 -0.317099207079 -0.610818020619
-0.169513276865 -0.318166268243 -0.613580018711
-0.16676322375 -0.321727388755 -0.628190897375
-0.165306356085 -0.326160352559 -0.643432616471
-0.162995048262 -0.327104039486 -0.656713735974
-0.162726396633 -0.32557210169 -0.662906725351
-0.164531000259 -0.325885535269 -0.670886765685
-0.16561717479 -0.324968941341 -0.67498336605
-0.169768564793 -0.324846746218 -0.681933240021
-0.174276913043 -0.324797219384 -0.689127535931
-0.17933709422 -0.326335898573 -0.693339683111
-0.184966038064 -0.326123482107 -0.697127253702
-0.19036051761 -0.326473764777 -0.698642117315
-0.196845099295 -0.327941004545 -0.70483974021
-0.202739739173 -0.327523256336 -0.709306553734
-0.204738396774 -0.326587498044 -0.720195304542
-0.210567087016 -0.326380158561 -0.726447550564
-0.209279776783 -0.327654155011 -0.734703218476
-0.211861278024 -0.327493533265 -0.73749942071
-0.214446642941 -0.326585014299 -0.739284695901
-0.210942823965 -0.326867836752 -0.739088333224
-0.214380695517 -0.327024088435 -0.739464056652
-0.211447404939 -0.327959141919 -0.739159666592
-0.212610090818 -0.326832835384 -0.739357595082
-0.213076760752 -0.327316880856 -0.742003367534
-0.218318443684 -0.327728831805 -0.744970118367
-0.21804696504 -0.327511422828 -0.748516126736
-0.218254289113 -0.328032980412 -0.751098400483
-0.218497565401 -0.32760221391 -0.753393004885
-0.219025965739 -0.327645447438 -0.754813397592
-0.21870141224 -0.327558158924 -0.755682957533
-0.219013860346 -0.327898781351 -0.756279270949
-0.218912164882 -0.327739135997 -0.756235394648
-0.218526072596 -0.327478321114 -0.756043875063
-0.218492047598 -0.32704710999 -0.756160025453
-0.218406587234 -0.327222427013 -0.755803457575
-0.21899553088 -0.327350341347 -0.756196118842
-0.219117631099 -0.327627580461 -0.75658765989
-0.219117631099 -0.327627580461 -0.75658765989
-0.218982601482 -0.327160268603 -0.75619225798
-0.21926231632 -0.327102590522 -0.756904941269
-0.218980632102 -0.327358360702 -0.756196118842
-0.219068366916 -0.32757323758 -0.756240341706
-0.219207432561 -0.327746907326 -0.756666033265
-0.218966964418 -0.327245433832 -0.756426528412
-0.218991674792 -0.327818846453 -0.756313566154
-0.219098637527 -0.327670677536 -0.756821889499
-0.218892924303 -0.327554156468 -0.756269767215
-0.218998336784 -0.327826249218 -0.756313566154
-0.218967266084 -0.327231778131 -0.756426528412
-0.218916158821 -0.32814602792 -0.756155984534
-0.218993343045 -0.327799558327 -0.756313566154
-0.218625688952 -0.327901849009 -0.756477338982
-0.218591531983 -0.327298432034 -0.756394086261
-0.218401170203 -0.327223079465 -0.755841526682
-0.218538280478 -0.327669147556 -0.75623706645
-0.218555822926 -0.328138485043 -0.756157870914
-0.218964756188 -0.327091135537 -0.756264689048

