0.402281345352 -0.404560050733 -0.239549770375
0.402033955348 -0.404957786059 -0.239367666838
0.402010976076 -0.404558004439 -0.239896236362
0.40197319051 -0.403466363175 -0.23909732989
0.40146403048 -0.402185405154 -0.239298478545
0.400954036374 -0.401162583991 -0.239953713183
0.400348611541 -0.401693741808 -0.238983511339
0.400142187559 -0.401062829802 -0.239703879839
0.400040582003 -0.399597281613 -0.239427650126
0.39935481673 -0.398921141599 -0.239060707913
0.397862993835 -0.396595561845 -0.238951431073
0.396872484143 -0.396078251526 -0.238887271766
0.396276371665 -0.396044286995 -0.238270620418
0.394852711614 -0.395759788063 -0.237790043895
0.393748846633 -0.395420883227 -0.238662815229
0.392566853995 -0.395074098836 -0.23848122973
0.391721191872 -0.395030023246 -0.238801243285
0.391083758919 -0.395269132196 -0.237853568137
0.390367496023 -0.39438342077 -0.237865803435
0.38873230151 -0.394798688305 -0.23832559056
0.387811776833 -0.394479447635 -0.238811173153
0.387021971855 -0.393953995608 -0.239137680303
0.386121323207 -0.394189545121 -0.238826572185
0.384832274328 -0.393391632368 -0.238853732277
0.381409244279 -0.394145771025 -0.238317865915
0.380397991137 -0.393621066288 -0.239072078579
0.378914156224 -0.392952270188 -0.239792071409
0.377557913299 -0.39316058408 -0.239350345291
0.376543945521 -0.392330158 -0.239441351748
0.371732689432 -0.392366304052 -0.24032622007
0.370323742794 -0.39116866095 -0.24136627081
0.368891523407 -0.390251566435 -0.242192077176
0.368151094727 -0.389338275834 -0.242057498431
0.364165597785 -0.389881965732 -0.242190219891
0.362985124676 -0.388992221701 -0.242721854924
0.362345750466 -0.387022583332 -0.243446197574
0.361217320838 -0.386033477786 -0.243368416776
0.359982988203 -0.385686375999 -0.243008228069
0.355986383256 -0.387656729282 -0.243533478953
0.354832839505 -0.386846575 -0.2439969103
0.353828861745 -0.385452649153 -0.244992698677
0.353450886246 -0.384548435328 -0.244625078999
0.348623322604 -0.390966684376 -0.24455680998
0.348300054274 -0.389896373348 -0.244519554899
0.348084392107 -0.389500139276 -0.243994942061
0.346963360961 -0.38862369009 -0.245251507131
0.34409994102 -0.392272841269 -0.24436809766
0.342870711738 -0.390991408076 -0.244931086496
0.342177850805 -0.390832454087 -0.245270617927
0.341595913913 -0.389627993334 -0.245477657501
0.339082496678 -0.391706251485 -0.245164925968
0.336917761791 -0.390511691859 -0.246045995378
0.336461463178 -0.389621260526 -0.245805571746
0.335097244615 -0.391119433666 -0.24562977393
0.333729839241 -0.39136332879 -0.245667632529
0.331831382298 -0.389938737082 -0.246467372506
0.330970271852 -0.390154776606 -0.246401452678
0.329557403452 -0.392290059317 -0.246402542162
0.328557163222 -0.392506886631 -0.246008455032
0.326539039068 -0.390946359106 -0.24724198783
0.325310381788 -0.39154311845 -0.247654908212
0.324523149465 -0.391682657336 -0.247544822969
0.32269102239 -0.392122069683 -0.247484655375
0.320387883839 -0.391753828462 -0.248613984709
0.318930162527 -0.392266015707 -0.248515930127
0.317370253159 -0.392303869977 -0.248623757874
0.315549562496 -0.391635939605 -0.249195912573
0.313588379395 -0.391061655424 -0.249697175527
0.310997849202 -0.391842527614 -0.249718748162
0.307690904876 -0.391723540168 -0.250753878994
0.305540975536 -0.391354754643 -0.251921482634
0.303528254666 -0.391094817021 -0.251821075386
0.299090252038 -0.390214976875 -0.253483624013
0.296905591378 -0.39156241214 -0.253326612561
0.294838280934 -0.390603687009 -0.25421632919
0.293210008062 -0.390522070442 -0.254009954103
0.289578506687 -0.390330287672 -0.256012987026
0.287943343906 -0.390346848261 -0.25649837703
0.285478565328 -0.390086202239 -0.256856405168
0.282397555454 -0.390791507782 -0.257247869306
0.280380742537 -0.390155542453 -0.257524133923
0.278386414759 -0.390542243848 -0.258460333437
0.27661331493 -0.390286512024 -0.258814814372
0.274453220347 -0.390697237051 -0.259304846103
0.271661058079 -0.390661630695 -0.259656981773
0.269006833447 -0.39032185571 -0.261016186936
0.266707833681 -0.390319699637 -0.261678118607
0.265469038529 -0.39014034283 -0.261528397698
0.263005653065 -0.389945401543 -0.2625954289
0.260938310042 -0.389748378478 -0.263209589945
0.259126369244 -0.3894221087 -0.264138052625
0.257235765753 -0.389714928434 -0.264042029975
0.254016580482 -0.389904262738 -0.265756295276
0.251329877626 -0.389552003175 -0.265975746082
0.248996112716 -0.390024307045 -0.266364072235
0.24734233645 -0.389395220489 -0.267026294794
0.242411143991 -0.38915463503 -0.269015833781
0.240335747594 -0.388671768853 -0.270487225686
0.239452356836 -0.388950298076 -0.270186361079
0.237479518031 -0.389145993627 -0.271763937685
0.235787592437 -0.388767391331 -0.273206626668
0.232658052589 -0.389234756289 -0.273710418909
0.231027047178 -0.388874408251 -0.275103912392
0.222919753155 -0.389065448838 -0.278357154062
0.222296004319 -0.388472489146 -0.278988094003
0.221516973765 -0.388232295335 -0.279499394217
0.220304024122 -0.388461108063 -0.28058779717
0.21653954491 -0.388845232708 -0.28121057228
0.216225841647 -0.388824723026 -0.281212413082
0.215898915264 -0.389532344653 -0.280848219574
0.215599725107 -0.388135438248 -0.281809576288
0.210456240983 -0.389134779301 -0.28271873362
0.209904413777 -0.389590826794 -0.282664573467
0.209407736773 -0.389053115521 -0.283860298057
0.20329519096 -0.387510187746 -0.28597303793
0.203154238073 -0.387513767069 -0.286635151655
0.196430029454 -0.38744589261 -0.28954604996
0.196708212969 -0.387091734441 -0.289453612632
0.193202429647 -0.385109224938 -0.292246045526
0.187574719799 -0.386274797295 -0.293095401862
0.187591077176 -0.384852930643 -0.294995126693
0.18005784495 -0.387208734551 -0.296825317068
0.174459354703 -0.390008487894 -0.297419625706
0.17515615151 -0.389551987668 -0.298875959637
0.175202434869 -0.389317936307 -0.299792257493
0.169024200783 -0.390493268468 -0.301382567586
0.165950827691 -0.389573453254 -0.302830889106
0.166363295619 -0.389573014603 -0.303508982249
0.166443178342 -0.38975638308 -0.304949723765
0.161027807344 -0.391230461747 -0.305779507909
0.155965499975 -0.390675204908 -0.30764047799
0.155411478756 -0.389936486443 -0.307789116611
0.155394782832 -0.389501222849 -0.307641524374
0.150791922225 -0.390195051243 -0.309447474936
0.149438485256 -0.390241154732 -0.309389582226
0.149108915849 -0.389768177269 -0.31027995619
0.145032530861 -0.390095906141 -0.31216525661
0.14437820487 -0.390456014595 -0.31243323963
0.140287888544 -0.390909647638 -0.314826435841
0.139318399092 -0.39026233691 -0.315680824381
0.135761830587 -0.390518464869 -0.317420524597
0.134002592499 -0.390511594937 -0.318151077146
0.13471705149 -0.390175037819 -0.318238707591
0.132947573508 -0.389204230542 -0.318890210909
0.130720196034 -0.38932695584 -0.31976015306
0.131566360418 -0.389323265742 -0.319276191513
0.129505637995 -0.389892196977 -0.319757563722
0.129448978638 -0.389468067346 -0.319942908306
0.12834530434 -0.389659623988 -0.320597286882
0.128144017572 -0.389571771888 -0.321426646073
0.126996572459 -0.389230405161 -0.321261287772
0.126444599624 -0.389947765845 -0.322268259743
0.124956119859 -0.390377110584 -0.321965934427
0.125224166878 -0.389680466112 -0.321847563077
0.125987621389 -0.390059988943 -0.321696208641
0.124948825268 -0.389605394901 -0.322553441523
0.125631828305 -0.389836829131 -0.321786219143
0.124435818359 -0.389879165301 -0.322134706727
0.125021000692 -0.389316137127 -0.322430558732
0.122811830017 -0.388754557059 -0.323605096151
0.119381503961 -0.389365591553 -0.325143581968
0.118513002875 -0.389349400198 -0.325516779159
0.117676134136 -0.389516435351 -0.326110194724
0.117539162047 -0.389322183834 -0.326628455372
0.116069514005 -0.389262029813 -0.326710797487
0.116404860502 -0.389063232474 -0.326895695674
0.116632233145 -0.390185077348 -0.326459010435
0.114804274958 -0.390235943079 -0.326662938604
0.115727256947 -0.389478823648 -0.327112613118
0.115195718281 -0.389808215586 -0.326741281215
0.113757292048 -0.389203027886 -0.327474755669
0.113932328383 -0.389381531561 -0.327680400972
0.113596496174 -0.388662767684 -0.327564158754
0.113479538815 -0.388864618137 -0.327744657061
0.112453431654 -0.389400610036 -0.328334100925
0.113078939065 -0.389022583755 -0.328364815748
0.112681358923 -0.388801581542 -0.328429518811
0.113238223497 -0.389008631401 -0.328602751307
0.112796461827 -0.388373032603 -0.328848564618
0.111278830314 -0.389533091596 -0.328951266506
0.111292740466 -0.388775460595 -0.330041563389
0.109388324281 -0.389189391606 -0.33026454062
0.109527436173 -0.388425216761 -0.33084707151
0.109464989405 -0.389062563096 -0.331076907032
0.107392959052 -0.389166537505 -0.33178151262
0.107372935466 -0.388422655003 -0.332122561236
0.106350090324 -0.388909023374 -0.332842437614
0.105083506534 -0.388851602216 -0.333840092019
0.102648103007 -0.389527052436 -0.334387235985
0.102405825416 -0.38937047247 -0.335434556724
0.100899046329 -0.389127629603 -0.336200293378
0.100162976314 -0.38944969097 -0.335929994174
0.100847437034 -0.38833693022 -0.336172790143
0.101279308712 -0.388149118164 -0.336291927306
0.10081394566 -0.388463354749 -0.336271908464
0.100735965418 -0.38900634621 -0.336669726597
0.0999082686083 -0.389234967657 -0.336599278863
0.0999142082788 -0.388816011035 -0.337122069484
0.0988383636077 -0.388571599654 -0.338168733146
0.0992651353224 -0.388578638858 -0.338768741863
0.0983453584496 -0.388739728192 -0.338918007505
0.0968268733993 -0.388432338823 -0.33913404144
0.0964530853429 -0.389146422327 -0.339761183318
0.0949386128975 -0.388612215771 -0.340218244619
0.0948384642027 -0.389167905557 -0.340306939731
0.0937537329046 -0.389506008276 -0.340386130228
0.0926767151118 -0.38966308835 -0.341133427571
0.0925304122424 -0.389478315504 -0.341410019641
0.0917454945292 -0.389048486409 -0.342238156403
0.0917457543359 -0.389588590573 -0.342542037143
0.0910124745771 -0.389186188945 -0.342268951514
0.0913548291392 -0.38940776438 -0.341656263308
0.090847607188 -0.389257705897 -0.34217783389
0.0911244507398 -0.388874736228 -0.342286738985
0.0897554129353 -0.389271084335 -0.34324883389
0.0894142351018 -0.388720622089 -0.344195435604
0.0865481524397 -0.388756080757 -0.346033031314
0.0860511379093 -0.388574317601 -0.346975870932
0.0829445962415 -0.389765649036 -0.347855107202
0.081359560975 -0.388593584506 -0.349119703535
0.0810003674641 -0.388790322983 -0.350045090999
0.0790725458055 -0.388907637793 -0.350438936347
0.0791138471202 -0.389092709022 -0.350923637583
0.0771702909192 -0.389638401445 -0.351593637583
0.0763318814171 -0.38941730381 -0.351480326567
0.0762255981477 -0.390167447803 -0.351745875303
0.0759957986552 -0.389973362515 -0.352098017545
0.0759957986552 -0.389973362515 -0.352403017545
0.0742799323777 -0.389045778587 -0.353856599145
0.0748394784789 -0.389237548828 -0.35421365694
0.0729119891911 -0.388493900127 -0.354954059281
0.0729119891911 -0.388493900127 -0.355355059281
0.0717573400022 -0.388777037042 -0.35552879093
0.0717339418596 -0.388365723997 -0.356711743954
0.0701270115124 -0.389073073244 -0.356330399602
0.0698437454097 -0.388288194039 -0.357867752273
0.067194476101 -0.389257404508 -0.358186695358
0.0673082762811 -0.388701387579 -0.359112752273
0.0645334688566 -0.389645669473 -0.359406885839
0.0639032974638 -0.388685222792 -0.359852319625
0.063948119478 -0.389068087125 -0.360797317888
0.0634615414742 -0.388939167258 -0.360374539883
0.063582404677 -0.388579513802 -0.361023854681
0.0619679615749 -0.388566295768 -0.362102982114
0.0603321131209 -0.38909102372 -0.362543541728
0.0605552427113 -0.388172128866 -0.363748199768
0.057936044055 -0.388929974998 -0.364077838581
0.0573138081579 -0.388753962492 -0.365478567714
0.0551286213172 -0.389137956186 -0.366204980967
0.0553396251294 -0.388779041772 -0.366335467257
0.0536319953567 -0.389186747795 -0.367097765946
0.0533883910027 -0.389555352308 -0.367160980967
0.0527071626767 -0.389872852337 -0.36747528846
0.0526908729018 -0.389128708235 -0.368265742057
0.0528526121127 -0.389306673715 -0.368226014841
0.0520202914876 -0.389176550315 -0.368559568942
0.0517693480703 -0.389687210914 -0.368846683615
0.0509305337346 -0.388987098687 -0.369865186361
0.050778677827 -0.389356429434 -0.369932316142
0.0499647344548 -0.388958995979 -0.370784248554
0.047714713997 -0.388911434661 -0.371253320794
0.0472863215191 -0.389428149111 -0.372752391789
0.0452392954933 -0.389373313476 -0.373123932439
0.0448208269358 -0.388938074632 -0.374254676517
0.0432028936878 -0.389298704321 -0.374418554311
0.0432136257636 -0.388871422483 -0.375361723666
0.0424822050615 -0.389278210947 -0.375681740071
0.0424879378131 -0.389474422434 -0.376013562739
0.0416081813504 -0.389476406593 -0.37609965819
0.0416201541933 -0.389343375619 -0.376104961098
0.039309717622 -0.39002659545 -0.376752155654
0.0394064841477 -0.389051895039 -0.378032086133
0.0387631148077 -0.389584883239 -0.378663878863
0.0373778765847 -0.389177598612 -0.37964384818
0.0373478268497 -0.389186471967 -0.38017596142
0.0359231536214 -0.389220616006 -0.381569879758
0.0336597694354 -0.389040704263 -0.38244441281
0.0340893251588 -0.388615781062 -0.382858673533
0.032320552513 -0.388497032503 -0.383596259172
0.0325507789817 -0.38846162227 -0.384843678858
0.0299357728392 -0.388505192045 -0.38559069659
0.0287543437599 -0.389298353867 -0.386039701357
0.0297105372608 -0.389290339362 -0.385922179081
0.0285382429279 -0.389413718967 -0.385894795769
0.0282757168652 -0.388934380597 -0.386704952835
0.0273641221376 -0.388259874914 -0.387072619022
0.0283646132736 -0.387827654002 -0.387423084417
0.0245665638073 -0.388119902595 -0.390257054039
0.0206594942051 -0.38880083856 -0.392794280397
0.0207436931692 -0.388247926227 -0.393441170812
0.0181258584749 -0.388572501506 -0.39555075426
0.0176571013233 -0.388570830812 -0.3959255802
0.0156442199494 -0.388537374459 -0.396671346124
0.0152385417136 -0.38851800896 -0.396958626942
0.0148836359897 -0.388827323862 -0.396650083182
0.0141547513714 -0.388795811945 -0.397154905369
0.0140620728519 -0.388019671791 -0.398595437109
0.0141908053292 -0.388982982719 -0.398069671711
0.0131506384518 -0.388895157975 -0.398954897897
0.0123110039101 -0.388297300507 -0.399380260726
0.0116052462664 -0.388657107945 -0.400678740506
0.0107488394951 -0.388329488373 -0.401036824759
0.00919659487087 -0.388333844861 -0.402276761961
0.00782898992941 -0.3877682607 -0.403854577827
0.00832976676001 -0.387761414415 -0.403713325433
0.00723866818125 -0.38781367405 -0.403755884418
0.00736582309658 -0.388210420396 -0.40404429683
0.00668405413699 -0.388478274182 -0.404341546558
0.00715137592806 -0.388479936639 -0.404316348013
0.00657960577736 -0.388230231118 -0.40436303433
0.00648733495243 -0.388021532113 -0.405129042587
0.00555592580938 -0.389011295467 -0.405116826418
0.00583850743406 -0.38819666263 -0.405743087707
0.00552804281546 -0.388580374977 -0.405718593877
0.00543416506789 -0.388373541038 -0.406340536571
0.00445809655254 -0.387769376509 -0.406865489279
0.00415820200319 -0.387437124106 -0.40641689263
0.00446858286167 -0.387900043978 -0.406140708786
0.00434644454885 -0.387705198523 -0.406338353966
0.00430724092002 -0.387726463963 -0.406635353966
0.00427631779511 -0.387660910566 -0.405652174587
0.00425315577199 -0.388419054741 -0.406898670212
0.00398596242653 -0.387698556774 -0.406660223079
0.00422207285335 -0.387770323196 -0.406720999936
0.00361543025248 -0.387756485621 -0.40761139113
0.00370715742585 -0.387739424307 -0.407364786302
0.00316975113838 -0.388159837935 -0.40733607551
0.00298801720553 -0.388219915859 -0.407643610568
0.00299267387683 -0.387895938493 -0.407847690153
0.00257532978317 -0.388082269718 -0.408304052914
0.00281742838873 -0.387387725563 -0.407854224955
0.00281376703488 -0.387191747129 -0.40830198582
0.00250514038554 -0.387453079019 -0.408400011425
0.00272877072526 -0.387309342249 -0.408245441221
0.00224954671485 -0.387929767759 -0.40811273767
0.00294068470424 -0.387235857467 -0.407733701262
0.00296051409137 -0.387083754378 -0.407878943942
0.00283605938365 -0.387298668862 -0.407676440132
0.00341609696415 -0.387170716646 -0.407469528776
0.00344066919158 -0.387359126206 -0.407773036569
0.00392186337761 -0.387098784338 -0.40693837837
0.00392533620816 -0.387294678745 -0.407570135604
0.00363192661941 -0.386936609913 -0.407730263016
0.0032086984784 -0.387124119336 -0.408581552324
0.00296045151165 -0.387189478793 -0.407997561524
0.00289054449039 -0.387617585407 -0.407910659443
0.00285270046682 -0.3872125449 -0.407914676646
0.00275521663581 -0.387042430444 -0.40889373377
0.00296256835273 -0.3874188596 -0.408254677529
0.00253804809187 -0.387607631713 -0.408691405601
0.00297984159295 -0.387608370945 -0.408654825479
0.00293570595944 -0.38657694041 -0.409588635748
0.0029175906021 -0.386584189339 -0.410256291434
0.00163903991811 -0.386638951675 -0.411397998862
-0.000137016299234 -0.386640444867 -0.411920540629
-0.00027007622983 -0.386789557932 -0.413047440821
-0.000576363303421 -0.386546059442 -0.413752089307
-0.00311579484735 -0.386970676431 -0.415122590596
-0.00319477459021 -0.386975782325 -0.415268617603
-0.0040925460717 -0.387603265684 -0.415997958354
-0.00480309845347 -0.386733634926 -0.416294351026
-0.00697560551075 -0.386383060021 -0.418633542531
-0.0081379310465 -0.386256209121 -0.419807028435
-0.00804918506569 -0.385707469264 -0.420712277805
-0.008967733752 -0.386694589389 -0.420733012348
-0.0100526124411 -0.38630617961 -0.421791459473
-0.00960538038542 -0.386305361937 -0.421722691122
-0.00973098369475 -0.387124430914 -0.420564047183
-0.00983745826334 -0.386743419334 -0.420571795008
-0.00972253799082 -0.386383626393 -0.421038968956
-0.00969945939204 -0.386572607935 -0.421182808025
-0.0102735600685 -0.387026064734 -0.420807588306
-0.0096325810548 -0.386139140331 -0.420523990537
-0.00922319856955 -0.386382951012 -0.42037052415
-0.00847057277349 -0.386943224505 -0.420138581977
-0.00892802983318 -0.386951972109 -0.420971887851
-0.00968471957869 -0.386353818174 -0.420857345866
-0.00982602796229 -0.385988169425 -0.422045675563
-0.0116003029117 -0.385701086615 -0.423037353045
-0.0143422653775 -0.386133724349 -0.425707082614
-0.0172156882375 -0.38611964385 -0.428578439116
-0.0180496724726 -0.38566657746 -0.431588414449
-0.0198831675981 -0.385937095951 -0.432131158034
-0.0216854393503 -0.386232035213 -0.433779559833
-0.0233371548368 -0.386016535226 -0.434521719618
-0.02495209135 -0.385686711926 -0.43604083692
-0.0249546528752 -0.38619544593 -0.436914044035
-0.0247927926633 -0.385898361167 -0.438560151125
-0.0268352312583 -0.3858790662 -0.441118542343
-0.0288770023569 -0.385540190605 -0.441415580758
-0.0311153467355 -0.386358458827 -0.442948270491
-0.0317114212109 -0.38637466508 -0.443400862117
-0.0320498015964 -0.387071678054 -0.444430532541
-0.0333824658172 -0.386093509734 -0.445377471855
-0.0330470222088 -0.385659190633 -0.446394678032
-0.0341697808591 -0.385441393875 -0.446495415963
-0.0342833813512 -0.385809896039 -0.446762497359
-0.034784289327 -0.386067652476 -0.446981867712
-0.0337288490809 -0.386449652211 -0.446268823166
-0.0352278300676 -0.386406120848 -0.447398506641
-0.034766028816 -0.386601431287 -0.447683515737
-0.0355726109431 -0.38612598641 -0.447578605867
-0.0372144828838 -0.386236200588 -0.448442431417
-0.0390967082846 -0.386604586471 -0.45115210819
-0.0392092747867 -0.386275247546 -0.452881238648
-0.0420023372433 -0.386797980313 -0.454891994409
-0.0430467187433 -0.38567297136 -0.456139766767
-0.0440827782456 -0.38600473604 -0.456606189784
-0.0444392729165 -0.386231457371 -0.457601357656
-0.0443553465709 -0.385672999952 -0.458318049102
-0.046317637367 -0.387088768119 -0.459911263594
-0.0480325356087 -0.38636409408 -0.461290873752
-0.0495690085305 -0.386146210634 -0.462836203627
-0.0492291623004 -0.38684967029 -0.463374492482
-0.0497183007615 -0.385894858384 -0.46396513934
-0.0505465704404 -0.386099858501 -0.463659979971
-0.049965516597 -0.387352399712 -0.463614527289
-0.0492860133814 -0.386213445775 -0.464157758782
-0.0505308602042 -0.386142381825 -0.463763804392
-0.0512846534757 -0.386082621984 -0.463634542526
-0.0506958321784 -0.38603223098 -0.46389645876
-0.0515346162685 -0.385884454092 -0.464792405141
-0.0530440028627 -0.386193419751 -0.467402415407
-0.0554578725147 -0.386075956265 -0.469962210727
-0.054907631624 -0.38629664889 -0.469985454344
-0.0573518151423 -0.387031267842 -0.47201122537
-0.0573643766468 -0.387368737083 -0.47274793724
-0.0577914551487 -0.386286097628 -0.473823769839
-0.0591857312241 -0.387123247495 -0.474621417455
-0.058617189528 -0.386860239649 -0.47505084034
-0.0603141619437 -0.386134907922 -0.476508075004
-0.0604371348644 -0.386256650476 -0.477394541697
-0.0621107073725 -0.38625550667 -0.477811674243
-0.0636921055031 -0.386497654758 -0.480937883353
-0.0631304438078 -0.38626416457 -0.481051343684
-0.0652236550822 -0.385824127399 -0.483252832035
-0.0663871682967 -0.386674453268 -0.484108569815
-0.0670706696112 -0.386063827416 -0.48462441571
-0.0677478033003 -0.386258834997 -0.48541747294
-0.0676085278244 -0.386486921086 -0.485357307362
-0.0684110930509 -0.386896269834 -0.4855596567
-0.0692949500295 -0.386298549791 -0.487048139254
-0.0696707801989 -0.386022755584 -0.487777961006
-0.0693039170479 -0.385795183183 -0.48801611747
-0.0697958629494 -0.385709288677 -0.488624771284
-0.0701297781801 -0.386162555066 -0.488357652889
-0.070971863602 -0.385675134874 -0.488812114606
-0.0721305543989 -0.386425469333 -0.489998071603
-0.0732217147616 -0.385907776154 -0.491981164504
-0.0732314912984 -0.38564248469 -0.493690926392
-0.0756899648569 -0.386187632817 -0.496060407407
-0.0762819860553 -0.386285239084 -0.495689424847
-0.0776253565775 -0.385833931213 -0.497801233124
-0.0777527573636 -0.386782461953 -0.497783478889
-0.0776291898915 -0.386665455263 -0.497758912548
-0.0783545897814 -0.386222520274 -0.498625011168
-0.0780018220788 -0.386561512879 -0.497930498073
-0.0789383721663 -0.385710947205 -0.49884318204
-0.0792835316545 -0.386595506865 -0.498850166871
-0.0790596217648 -0.385732257314 -0.499396551273
-0.079907509946 -0.385505010889 -0.500860273394
-0.0801461998864 -0.386035609167 -0.502121602186
-0.0811896895019 -0.385822646751 -0.503218987499
-0.0822450282174 -0.386307341346 -0.503834572131
-0.0814595409701 -0.386178954813 -0.503737328522
-0.0822172433053 -0.385574127779 -0.504318386115
-0.0817461065539 -0.3855699257 -0.504551939138
-0.082600981381 -0.385772872678 -0.50455319105
-0.0831742058025 -0.385174162551 -0.505103981666
-0.0835384518658 -0.384921188537 -0.505922966857
-0.0829636308763 -0.385140853467 -0.50582627684
-0.0833527815932 -0.384888137752 -0.506560192648
-0.0835334764216 -0.384579919346 -0.507103166888
-0.0846022545259 -0.384543443167 -0.507564445323
-0.0840448627796 -0.384305300916 -0.508387685928
-0.0845430234489 -0.384975153107 -0.507768309384
-0.0849299762552 -0.385177734887 -0.508669774768
-0.0839915757523 -0.385359035717 -0.508260879796
-0.0847298877029 -0.385629796593 -0.508782597783
-0.0843770031157 -0.385198108349 -0.508957326391
-0.0858479104062 -0.385838932753 -0.509493470472
-0.0873339925064 -0.385268576421 -0.510882089329
-0.0884838534316 -0.385743089679 -0.513402828297
-0.0902971086647 -0.384750002413 -0.51572807273
-0.0901489043043 -0.385013532346 -0.515989021988
-0.0906052667318 -0.38526715585 -0.516395651225
-0.0915972506095 -0.384167026191 -0.517162599517
-0.0920069567588 -0.384777562295 -0.518376117932
-0.0921265386922 -0.384548573118 -0.519107844333
-0.0941140317928 -0.384582499601 -0.520850055236
-0.0948149362451 -0.384917475888 -0.522109656486
-0.0955218984472 -0.384798001142 -0.523202427911
-0.0954171789779 -0.385855497499 -0.523596947432
-0.0953747533115 -0.384889771935 -0.525153368934
-0.096684598683 -0.385925500952 -0.524877556427
-0.0962156333411 -0.38509763789 -0.525238134251
-0.0969518978899 -0.385601424738 -0.525818738192
-0.0972358416243 -0.385086567209 -0.526640759335
-0.0975695784941 -0.385266304531 -0.527270497097
-0.0979142673281 -0.384909268071 -0.527227268418
-0.0981421516235 -0.383931258906 -0.527468445536
-0.0984406798781 -0.385684053021 -0.526786630637
-0.0978808924463 -0.384258870503 -0.527266019393
-0.0985806804804 -0.384816286902 -0.528782390084
-0.099681145389 -0.384521966121 -0.529652304145
-0.100927858388 -0.384403824573 -0.531985586803
-0.100442059067 -0.384939562415 -0.53248598442
-0.102203981962 -0.385268171818 -0.534481853189
-0.102915068947 -0.384834559338 -0.535040326182
-0.102915068947 -0.384834559338 -0.535672326182
-0.103818719603 -0.385287791397 -0.536187543702
-0.103477438073 -0.384337247947 -0.536450645383
-0.103635549611 -0.384488110515 -0.536252750938
-0.104761340563 -0.384753106995 -0.537242332
-0.10406102752 -0.384390759102 -0.538409208171
-0.105964623512 -0.384618617497 -0.540130939885
-0.107361197417 -0.385309888527 -0.541537835761
-0.107944705662 -0.385120963145 -0.543285284958
-0.109163407927 -0.385097513974 -0.544506470472
-0.108319782993 -0.385669481019 -0.544003656858
-0.109339346888 -0.385251432009 -0.544372801637
-0.109184788885 -0.384684055255 -0.544290495921
-0.108907896009 -0.385013256986 -0.544652663475
-0.108858056385 -0.385311527601 -0.543806585301
-0.109114465214 -0.385249948907 -0.544868875306
-0.109467708391 -0.384487150874 -0.546089403873
-0.111391587244 -0.384188580306 -0.54763116656
-0.11093500546 -0.384060248943 -0.549351618978
-0.112703888014 -0.384398399495 -0.55184987848
-0.1132780767 -0.384534308297 -0.552829706246
-0.114431330636 -0.385799718588 -0.552963096219
-0.115271889687 -0.385329579341 -0.553311473336
-0.114316509095 -0.384819096597 -0.553795082196
-0.115003665153 -0.38438481645 -0.553692148592
-0.11535218358 -0.384534434746 -0.555979776495
-0.11756958429 -0.384826892584 -0.557567171779
-0.118333107459 -0.384700297567 -0.559275675999
-0.11841862871 -0.384435183216 -0.559945126847
-0.118859583493 -0.38530857522 -0.560224618288
-0.118071541237 -0.384185260942 -0.560002539115
-0.119483525443 -0.384159140855 -0.560999219998
-0.120127991604 -0.384586523715 -0.561920002305
-0.121179420149 -0.385756666073 -0.562764148185
-0.12104068625 -0.385400065619 -0.564080172298
-0.122450108716 -0.385281068127 -0.565787055608
-0.122889520567 -0.386078820865 -0.566215444907
-0.123176138932 -0.384568094885 -0.567754456093
-0.123360442 -0.385081835459 -0.567718770202
-0.122314515334 -0.38360941736 -0.567641761798
-0.124277034817 -0.385648335801 -0.56768459088
-0.124075059057 -0.384084912617 -0.569383971342
-0.125598232326 -0.385035774217 -0.571989621685
-0.126885956254 -0.385709927446 -0.573073665961
-0.127045753993 -0.385190513892 -0.573950703483
-0.127762571409 -0.385136539226 -0.57458107736
-0.128306988825 -0.385942942738 -0.574462104991
-0.129025546344 -0.385608888554 -0.575816432737
-0.129362113678 -0.384568797229 -0.578113564526
-0.130181825697 -0.385740946929 -0.579670243203
-0.131226880667 -0.385469088071 -0.581546780465
-0.131802981609 -0.385439110251 -0.581629103496
-0.132361062386 -0.386497274327 -0.581448659892
-0.132264892447 -0.38643772761 -0.581221136195
-0.133385062064 -0.385609811979 -0.583125215593
-0.133155414224 -0.385823060978 -0.584385807548
-0.134760793725 -0.385522067605 -0.586544695489
-0.136419648937 -0.385060984718 -0.591490874033
-0.137108344561 -0.384519210488 -0.594189338644
-0.138621422443 -0.385697306302 -0.595532123092
-0.138750625054 -0.386106473802 -0.59539083683
-0.139566994482 -0.386690982366 -0.59524295903
-0.138339995683 -0.386476277502 -0.593610616344
-0.139131832424 -0.386582274551 -0.594723070673
-0.139142340151 -0.385387194155 -0.594385308109
-0.138216474432 -0.385566170378 -0.594417374973
-0.137726042196 -0.385949330517 -0.594477818953
-0.139073368755 -0.386076028453 -0.594292216916
-0.138125046398 -0.385872710149 -0.593693418313
-0.138205953082 -0.386669059043 -0.593942114603
-0.139249307096 -0.386200978288 -0.594314720568
-0.139158020149 -0.385590325699 -0.594688699632
-0.139240841445 -0.385665583761 -0.595200556464
-0.139645081625 -0.386442612454 -0.595398234434
-0.140251233495 -0.385897292061 -0.598235198613
-0.141889495919 -0.386178683209 -0.599737138108
-0.141733620609 -0.385874418492 -0.599644257065
-0.143435322931 -0.386022497986 -0.603233894709
-0.143573744324 -0.385085731187 -0.605759357947
-0.144964920819 -0.384955102954 -0.607487913044
-0.144996969058 -0.38534456239 -0.608123692895
-0.145167333758 -0.3861168273 -0.607920399652
-0.144587418096 -0.385698311992 -0.607535328673
-0.145208686068 -0.385673623122 -0.60782845614
-0.145146864754 -0.385789448313 -0.608094244127
-0.146048370222 -0.385673443375 -0.607780417226
-0.145078789666 -0.385661101695 -0.607849750038
-0.145574581908 -0.386661940142 -0.608735363612
-0.146204541675 -0.385281413399 -0.609298647386
-0.147265184353 -0.385421327531 -0.610808640486
-0.146943853221 -0.385190792215 -0.611503197132
-0.147395678007 -0.385974071868 -0.611579037874
-0.14772374711 -0.385262743081 -0.61198158672
-0.147261136191 -0.386173107983 -0.611569504655
-0.147030068334 -0.385119820018 -0.611825957028
-0.147778875184 -0.385502552042 -0.612005735282
-0.148267203429 -0.384800521206 -0.612358449539
-0.147810044568 -0.385706187418 -0.611721365939
-0.148462770097 -0.385832103378 -0.612366131796
-0.148631319172 -0.384868822917 -0.613229632473
-0.148631319172 -0.384868822917 -0.613229632473
-0.14911034237 -0.385889727416 -0.613316976195
-0.149018604564 -0.385476503936 -0.613726928212
-0.150051066523 -0.385936341857 -0.615507398312
-0.15110469783 -0.385117455559 -0.616360356836
-0.152377035498 -0.386279089116 -0.618606201696
-0.153346117565 -0.385436901207 -0.622883146465
-0.154138572419 -0.385631918125 -0.625004960066
-0.154603335225 -0.385273537861 -0.625913351615
-0.155021481592 -0.385587162953 -0.626634950986
-0.154839903153 -0.385872788511 -0.626045723805
-0.154770522627 -0.386195872215 -0.626754272302
-0.155489236793 -0.385498327441 -0.627864358168
-0.15571232614 -0.385136178657 -0.628047993382
-0.155789324201 -0.386427583807 -0.627987639384
-0.155614696659 -0.385734249074 -0.627772449609
-0.155714744985 -0.385305912846 -0.627841460058
-0.156005518721 -0.385468126987 -0.627758531487
-0.155881159645 -0.385938535721 -0.62714932423
-0.155817196825 -0.385923600646 -0.627172022031
-0.155887240989 -0.385471231476 -0.628588773955
-0.156215427031 -0.385778377118 -0.628584274475
-0.156190976194 -0.384683622959 -0.62886652176
-0.156107594482 -0.385699189041 -0.628500268733
-0.15607708988 -0.385044946919 -0.628928068804
-0.156235690858 -0.385009897575 -0.629182825181
-0.156293814694 -0.384893018074 -0.629815133824
-0.156654855968 -0.385133861492 -0.629999377607
-0.156804047687 -0.385430177451 -0.630555151463
-0.156591033604 -0.38544036296 -0.630272172969
-0.156809235858 -0.385240233775 -0.630892409844
-0.157018940447 -0.384839721073 -0.631098825181
-0.157013358919 -0.385029651254 -0.631666377607
-0.157386604836 -0.385090720166 -0.632257146548
-0.157806232568 -0.384847667001 -0.632445421507
-0.158026320553 -0.384641401073 -0.633372234272
-0.157936137567 -0.385580790401 -0.633624061657
-0.158451921466 -0.385181233662 -0.634078511208
-0.158784676009 -0.384684201567 -0.634756859783
-0.158855188799 -0.384361508434 -0.634244564405
-0.158787600966 -0.384901340208 -0.63442630756
-0.158698617835 -0.38475475948 -0.634234353118
-0.158608069615 -0.384085005086 -0.633647820176
-0.158530071611 -0.384166114697 -0.633413882652
-0.158404865967 -0.384381816956 -0.633714363927
-0.158829918913 -0.384140023054 -0.634295775058
-0.158895359788 -0.384544683336 -0.634247826281
-0.159200507546 -0.383840557 -0.63485235705
-0.159168191919 -0.384683206265 -0.634811820018
-0.15916255647 -0.384873130245 -0.634809037794
-0.159640737846 -0.385196652947 -0.635101444677
-0.159598564221 -0.384597035721 -0.636038362438
-0.159519675404 -0.385014261327 -0.634936444439

