0.300305585779 -0.305159741148 -0.240659633786
0.300159086233 -0.304842034508 -0.241215122268
0.300175594911 -0.304956238247 -0.240430162123
0.299711700807 -0.305335230812 -0.240659266844
0.299507411371 -0.304692250393 -0.240439356624
0.299067480419 -0.305124533781 -0.240109626469
0.298403716105 -0.304575360956 -0.240651233019
0.298050434907 -0.304688898635 -0.24032579875
0.297831619839 -0.304248955395 -0.24030009984
0.297270685223 -0.30352947294 -0.240187714175
0.295699992759 -0.304356358301 -0.23978500177
0.294652322647 -0.303918317315 -0.239555944195
0.293529454018 -0.304329745902 -0.2397384776
0.292544725565 -0.304058716546 -0.239225806346
0.291442677319 -0.303977085984 -0.239792388885
0.29039217705 -0.304350822987 -0.23993221601
0.289215326166 -0.304101387406 -0.240269296737
0.288037643492 -0.303407952468 -0.239645852694
0.286960805365 -0.304050705409 -0.239991704711
0.285027396597 -0.304205678243 -0.240379355984
0.283940108193 -0.304153576122 -0.240304991539
0.282835348358 -0.304116178897 -0.240225348275
0.281723477394 -0.303850921574 -0.239759740566
0.280211640171 -0.303589846588 -0.239912528707
0.277859420309 -0.302960207346 -0.240981895217
0.276229840259 -0.30344738701 -0.241368326202
0.275218001635 -0.303618852579 -0.240519532584
0.273774311359 -0.303858841238 -0.240710415471
0.270037967354 -0.304058240999 -0.241965813517
0.268235508408 -0.303848981779 -0.242610680364
0.266531861067 -0.303692650394 -0.242558472875
0.265248209319 -0.302881345157 -0.243129085856
0.258033303055 -0.30387538421 -0.243885965552
0.256644569275 -0.303126099692 -0.24472670862
0.255488380663 -0.303636948282 -0.244744595193
0.254448562409 -0.302988753568 -0.244790971121
0.253316045746 -0.302394293037 -0.245740291286
0.246712656801 -0.304328997134 -0.24540055547
0.246291927903 -0.303809184837 -0.246176869022
0.246028470031 -0.304399648064 -0.246238647585
0.245334677129 -0.304203744614 -0.246639234189
0.241717438569 -0.304325364874 -0.247360579884
0.242067422013 -0.304844835549 -0.246972422882
0.242096582679 -0.304326330861 -0.246966590427
0.242402537668 -0.303514443308 -0.247521268216
0.237688851844 -0.30431046588 -0.246985082086
0.238058277928 -0.304415366342 -0.247044353092
0.238420571152 -0.304642940307 -0.247030388836
0.238344411753 -0.305016752088 -0.247388676704
0.232870261843 -0.304532584001 -0.24797534801
0.23296795297 -0.304696509346 -0.247893563842
0.232854752475 -0.305067233571 -0.24844314443
0.232852446075 -0.305096232433 -0.248463764922
0.228586501073 -0.305111364568 -0.247887562584
0.228741181567 -0.305192139856 -0.248379728993
0.228650641157 -0.305690737486 -0.248548933142
0.228593636088 -0.306441634693 -0.248766154214
0.225522160382 -0.305451062972 -0.24838993792
0.225474829137 -0.305373801612 -0.24934374667
0.225819514896 -0.305376817752 -0.249139694044
0.226046064127 -0.305106931571 -0.249083971067
0.223451687701 -0.304280226867 -0.249854045214
0.223439543747 -0.3039726156 -0.249232233
0.223390223517 -0.30345323924 -0.249611647099
0.218277162205 -0.30400217148 -0.250245692851
0.218066408682 -0.303512873692 -0.250723799593
0.218066408682 -0.303512873692 -0.250723799593
0.217681503593 -0.303514935687 -0.251120094309
0.212348134435 -0.304466018858 -0.251516112289
0.212726536385 -0.305207627229 -0.25131859988
0.213061057623 -0.304354683353 -0.25148596224
0.213467999498 -0.305184361299 -0.251526514614
0.209105554062 -0.304892923348 -0.251751307137
0.209681939648 -0.304287083755 -0.251672861695
0.209536422689 -0.303290439805 -0.252001928487
0.209128672908 -0.303179262221 -0.252968616883
0.204052998929 -0.304597096237 -0.252920488639
0.204000662638 -0.304404921533 -0.25311241437
0.203701451587 -0.304297555131 -0.253365081586
0.203948989699 -0.303569554496 -0.253863094128
0.200950159407 -0.304369281981 -0.253671565086
0.201261236729 -0.304370369268 -0.253659526752
0.201474858625 -0.303620225599 -0.253820100392
0.201138952561 -0.303890602957 -0.254260772082
0.195790023027 -0.305160133612 -0.255186341661
0.19544895852 -0.305381968043 -0.255411727002
0.195487531461 -0.305063939407 -0.255593516728
0.190727313636 -0.305151955188 -0.255370129946
0.19065138338 -0.30517340341 -0.255948749743
0.190156623059 -0.304443289122 -0.256536110219
0.190119593937 -0.304767477255 -0.256505743901
0.190180980904 -0.30524656291 -0.256419995607
0.185175600813 -0.304413995221 -0.256747110115
0.184636121658 -0.304008413087 -0.257846984647
0.18378694879 -0.303210540421 -0.258390570659
0.183427790424 -0.303236659935 -0.258611849278
0.176384251198 -0.304820557007 -0.259682482627
0.17601115789 -0.304626285609 -0.259879396433
0.175110264004 -0.304543940924 -0.260793720363
0.170997699937 -0.305542669289 -0.261607031572
0.170629292277 -0.305338697356 -0.26160608299
0.170279955021 -0.305299300397 -0.262757815453
0.169778433588 -0.304507353497 -0.263280781655
0.163636848461 -0.30657515963 -0.263437523319
0.163234602106 -0.305896471517 -0.263844720238
0.162829580022 -0.305898755345 -0.264228770678
0.162341188371 -0.305063877217 -0.265363302707
0.162474593492 -0.304895062462 -0.265793214688
0.156418851844 -0.306534645461 -0.266182430664
0.156872106643 -0.305533717165 -0.266678249188
0.157299599835 -0.306088142848 -0.266146888371
0.157692414891 -0.306938841803 -0.266411411704
0.152032434309 -0.307079668597 -0.267184594177
0.152943439164 -0.307304740004 -0.267945818831
0.148100205922 -0.306973944604 -0.268081044829
0.144674061763 -0.30722613644 -0.269502302384
0.144609982067 -0.307962858511 -0.269917407617
0.139660854109 -0.308153959454 -0.271068934492
0.13998408483 -0.308007183794 -0.27142935125
0.134761061631 -0.307942535932 -0.273004818302
0.134417957239 -0.308138220324 -0.273226990188
0.134185057347 -0.308232730512 -0.27413657712
0.128860778827 -0.307278206811 -0.274469029184
0.128868802843 -0.307657555655 -0.274666465508
0.12874086966 -0.307191097075 -0.2751635232
0.122806206152 -0.307777850917 -0.276858240607
0.116570095795 -0.308042740634 -0.27903657549
0.116399507564 -0.307934984467 -0.27958152751
0.116580274638 -0.306659739568 -0.279842786602
0.111721015106 -0.307471755392 -0.280839107326
0.105183077087 -0.308454848386 -0.283162074832
0.105126084794 -0.308261989217 -0.283353591757
0.104928627205 -0.307749098588 -0.284352546544
0.104828022978 -0.308896820032 -0.285047319134
0.0986741526046 -0.309460159421 -0.285873369815
0.0983572108234 -0.308235163612 -0.28749622028
0.0929406013011 -0.308702497731 -0.288441028887
0.0892893417108 -0.309626033795 -0.288926328428
0.0900728993902 -0.310310431443 -0.290059842886
0.086622938403 -0.309680536507 -0.291577529533
0.0864203217438 -0.310241810564 -0.292502708822
0.0806108230525 -0.310612072989 -0.293664142815
0.0795550128734 -0.30969098242 -0.295085052665
0.0786452388071 -0.310917387334 -0.295994371805
0.0721442882632 -0.311005137814 -0.2973712391
0.0704111871557 -0.311424404142 -0.299402401437
0.0650159413813 -0.310970411697 -0.30096118933
0.0640198801243 -0.310572375395 -0.303514823714
0.0586821171348 -0.311252370246 -0.304138988274
0.0546174771026 -0.311866837442 -0.305939162493
0.0543757749043 -0.311888360657 -0.307008742538
0.0495352430668 -0.311258650829 -0.308158257849
0.0492272226411 -0.310641609605 -0.308668891344
0.0493608770374 -0.311158913711 -0.308606265705
0.0473944148031 -0.311092676045 -0.308305505386
0.0473884286688 -0.311019098019 -0.308463079072
0.0475295675381 -0.311574173536 -0.308073058674
0.0463116133708 -0.310986237985 -0.308363241009
0.0462272678836 -0.311069125713 -0.309162715963
0.0460136163688 -0.311302752978 -0.309275503304
0.0446073862188 -0.311289031505 -0.309570952127
0.0441541513905 -0.311448303331 -0.310146383951
0.0417208513574 -0.311676694031 -0.310640719803
0.0397609306679 -0.310748891764 -0.311522086426
0.0366141277736 -0.311153907376 -0.313927520173
0.0366728975176 -0.312077075911 -0.313819609883
0.0360358325861 -0.311682658486 -0.315254347277
0.0339326774755 -0.312088059223 -0.315731687408
0.0333629237679 -0.310823038334 -0.316821253762
0.0323409446947 -0.3119554809 -0.316565154787
0.0321566657173 -0.311110604427 -0.316773283651
0.0311379022395 -0.311240275328 -0.317156995831
0.0311051985288 -0.312108578409 -0.317462953702
0.0305408460486 -0.311543689455 -0.317377225344
0.0310372095579 -0.312299367044 -0.317556769946
0.0298411059724 -0.311390277944 -0.317538835478
0.0300824894608 -0.311672851794 -0.317553068812
0.0297297463747 -0.311555585559 -0.318712400728
0.0304494019466 -0.311531339805 -0.318031991338
0.0288008686696 -0.311360617814 -0.318225158752
0.028640517924 -0.311942382777 -0.318795584698
0.0281803962803 -0.311186169919 -0.319529041083
0.0264288269239 -0.31204081389 -0.319739588301
0.0255818093527 -0.311659809013 -0.31991035008
0.0255060831133 -0.311824504877 -0.32091532758
0.0247628978631 -0.311264384767 -0.32128664953
0.0251147023305 -0.312045647188 -0.321284323426
0.0238947704098 -0.311658513875 -0.321733272303
0.0244307863376 -0.311800077591 -0.321776336885
0.0238068473395 -0.311866421144 -0.322000975691
0.0246296880693 -0.311889856034 -0.32155316871
0.0237647314938 -0.311563583471 -0.321528469798
0.0241799632937 -0.311004013345 -0.32193269799
0.0230628217513 -0.311697420285 -0.322332406393
0.0240598888865 -0.310716024206 -0.321771713871
0.0227717566115 -0.311546164255 -0.322370688293
0.0228041944888 -0.311544362514 -0.3225857646
0.0228041944888 -0.311544362514 -0.3225857646
0.0206373860019 -0.311265010827 -0.323750837731
0.0206249359457 -0.31106954189 -0.324135391687
0.0194014522741 -0.311510736893 -0.324268430864
0.0199793614347 -0.311881687772 -0.323824886592
0.020252195292 -0.310884644569 -0.32389552325
0.0200467246637 -0.311235447114 -0.323816686168
0.0200587664896 -0.31121537492 -0.323837101665
0.0214308960379 -0.31121005977 -0.323428892766
0.0202501405637 -0.31184162947 -0.323623047195
0.0202045866079 -0.310979012454 -0.32433561819
0.0194882419843 -0.311385091941 -0.323932665443
0.016884426158 -0.311820800418 -0.324821038812
0.0167728062178 -0.312241856102 -0.325778287901
0.0163293223888 -0.311684596654 -0.326448736208
0.0150909511594 -0.31244507995 -0.326431287901
0.0150783714725 -0.312249593111 -0.326859789354
0.0135488047709 -0.312093347882 -0.327277432774
0.0134074954229 -0.312066535143 -0.32786136436
0.0135481925367 -0.312399381502 -0.327991856878
0.0138645003182 -0.312065524062 -0.328393033047
0.0124160041133 -0.311846216897 -0.32885795383
0.0124320025902 -0.312404103747 -0.329058694539
0.0107223710996 -0.312475791866 -0.328867262037
0.011092508317 -0.31253286711 -0.329017136533
0.0102734638384 -0.312092012141 -0.329188136631
0.0106586985394 -0.311952415526 -0.329085028173
0.00933592193375 -0.312818863996 -0.329971843549
0.00939013632635 -0.312400813089 -0.330186176728
0.00839945831251 -0.312636315872 -0.330600176728
0.00833082937305 -0.312497091145 -0.33137607911
0.00611556611554 -0.31255243849 -0.331830398837
0.00615523557339 -0.312692359084 -0.33252206382
0.00626666812403 -0.313388136928 -0.33257898877
0.00386107690748 -0.312643180235 -0.333476478875
0.00374886360494 -0.31270078937 -0.334570370589
0.0020325661448 -0.313524304729 -0.335027131564
0.0020325661448 -0.313524304729 -0.335675131564
0.000646591176537 -0.313855788802 -0.335893717211
0.000463367175396 -0.313270670567 -0.33682023394
0.000396490851393 -0.313129405813 -0.337173486737
-0.00148101158979 -0.312836337335 -0.337263623585
-0.00377061087551 -0.313411171785 -0.338352870803
-0.00422455557392 -0.312656036271 -0.339298486737
-0.0063455902445 -0.313308612222 -0.339961174181
-0.00657042138123 -0.313333340227 -0.340674386959
-0.00899699232045 -0.313896902592 -0.341389782668
-0.00930243463211 -0.313218298375 -0.342181279038
-0.0102624409288 -0.313898355372 -0.342724179359
-0.0104566624366 -0.313919464308 -0.343242538511
-0.00925262281057 -0.3140444348 -0.342230899587
-0.0111131323386 -0.314548266704 -0.3428125791
-0.0128865795469 -0.313661909715 -0.343510676283
-0.0124830563471 -0.314079366692 -0.343220677219
-0.0124474009961 -0.313451609626 -0.343457615995
-0.0124071463944 -0.313646456543 -0.343605084629
-0.0139444751928 -0.313269519331 -0.344216619247
-0.0138385528454 -0.313973530783 -0.344327834991
-0.0147621126276 -0.312772177858 -0.344669576752
-0.0147894894626 -0.312772420269 -0.344864286627
-0.0146443778295 -0.313672034907 -0.344743301996
-0.0166161347198 -0.313476382145 -0.346004324254
-0.0177855843975 -0.313533955157 -0.346330866373
-0.0183222175784 -0.314458394353 -0.347452758838
-0.0200103087355 -0.313700584551 -0.34754711371
-0.0218090761972 -0.314978900648 -0.349181161643
-0.0243597850634 -0.314777337967 -0.351011613121
-0.0242650020687 -0.314921856652 -0.351226901692
-0.0251429131115 -0.313343678327 -0.351812660839
-0.0250237051389 -0.314244154948 -0.351884516757
-0.0261347303896 -0.313857559137 -0.352009648834
-0.0262406810177 -0.31351742038 -0.352597760147
-0.0274354613468 -0.31339116868 -0.353415027511
-0.0268751569452 -0.314855241972 -0.353111475015
-0.02861478145 -0.313799097972 -0.353460357767
-0.0292908603831 -0.314574285776 -0.354986387944
-0.0292908603831 -0.314574285776 -0.355334387944
-0.0309400813841 -0.314154926713 -0.355659645348
-0.0333263777556 -0.31496683824 -0.356829827882
-0.0338774614829 -0.31481932046 -0.358083195123
-0.0345028213425 -0.314640380896 -0.358575372953
-0.0360448829719 -0.315194680216 -0.358760020441
-0.0349684995924 -0.315230794599 -0.358132090247
-0.0354826524398 -0.314730085518 -0.358232110615
-0.0354781275398 -0.3144824017 -0.358075621988
-0.0348800829718 -0.314319507621 -0.357366013983
-0.0354896262033 -0.314792476237 -0.357549952067
-0.0370291944206 -0.315188867482 -0.358815700048
-0.0365779389738 -0.315191185994 -0.358985774017
-0.0383959098842 -0.314706625753 -0.360023921235
-0.0389656459825 -0.314562891664 -0.361155086035
-0.0414301953106 -0.314533348376 -0.362583416251
-0.0428655103452 -0.31528320247 -0.363944563341
-0.0433728628129 -0.314526773302 -0.365134011171
-0.0448756834048 -0.315725564958 -0.36500372581
-0.0448981820026 -0.314604936514 -0.365977479408
-0.0469562708967 -0.315885661562 -0.366477240686
-0.0478760304384 -0.315085608395 -0.367406121778
-0.0473946047616 -0.315085934096 -0.36726108389
-0.048594909848 -0.315056788919 -0.367317574725
-0.0491437203592 -0.315216436814 -0.368516548027
-0.0500986299553 -0.315652713065 -0.368404751446
-0.0501823378189 -0.31601006268 -0.369149680437
-0.0501926504577 -0.315449809745 -0.369626108017
-0.0508920693511 -0.315519726293 -0.369602895317
-0.0526917903583 -0.315620868906 -0.370630895317
-0.0512922561491 -0.316082911493 -0.370435610727
-0.0529472582673 -0.314570417539 -0.37114682427
-0.0539767100674 -0.315306098449 -0.372185734668
-0.055481812937 -0.315003286747 -0.372815644507
-0.056026937432 -0.314854847185 -0.373735310992
-0.058034443038 -0.315584603735 -0.374303172265
-0.0580465959452 -0.315389039156 -0.374303844901
-0.058500399672 -0.315021604032 -0.375426499288
-0.0598200849403 -0.31579702934 -0.376010500151
-0.0600464733244 -0.315619537032 -0.377099738765
-0.0610587216327 -0.316064727927 -0.377681765845
-0.0606149807578 -0.315871115829 -0.377631035911
-0.060678410839 -0.315355101085 -0.377983273304
-0.0622870947486 -0.315451306138 -0.378198001833
-0.0622870947486 -0.315451306138 -0.378198001833
-0.0622936019603 -0.316520789447 -0.378943182411
-0.0637495094244 -0.315788167648 -0.379271046446
-0.0637684312162 -0.316663232069 -0.380269240234
-0.0634545380771 -0.315760627128 -0.380358233655
-0.0651941290822 -0.316109745495 -0.381729035618
-0.0668123671523 -0.315776186264 -0.382395026262
-0.0705973988645 -0.316714699322 -0.384772565031
-0.0727399284931 -0.315479621463 -0.386917047602
-0.0746402769628 -0.315745862618 -0.388599779067
-0.0746578284138 -0.315943529333 -0.389416867603
-0.075648360567 -0.316635986771 -0.388953724994
-0.0752812363033 -0.316484713595 -0.389214950252
-0.0752812363033 -0.316484713595 -0.389214950252
-0.0762143710671 -0.316368723601 -0.389936005915
-0.0774273813924 -0.316521744575 -0.390265376476
-0.0775786751382 -0.316004387617 -0.39149585157
-0.0792384550506 -0.315608347127 -0.391697956434
-0.0797350233483 -0.315556656023 -0.393416792824
-0.0814761939361 -0.316320515977 -0.393918121231
-0.0822368782146 -0.317073021917 -0.394388840077
-0.0813368755412 -0.315945869375 -0.394393285695
-0.0812262631691 -0.316078560654 -0.39350434138
-0.08280630337 -0.315941553733 -0.394152048356
-0.0826855300247 -0.31614666321 -0.393844760819
-0.0839595745259 -0.316126588551 -0.39493866774
-0.0840404115835 -0.31653806683 -0.395883719115
-0.0853945352712 -0.315470830686 -0.397507681224
-0.0864556084644 -0.315637475599 -0.398678515087
-0.0881623690409 -0.316140887659 -0.39985821594
-0.0891616985614 -0.316641106191 -0.400374499708
-0.0889363582197 -0.316317184139 -0.39990985689
-0.0883722444648 -0.316302999219 -0.400036206054
-0.0888505080672 -0.31639168522 -0.400206572632
-0.0886396385855 -0.317056314655 -0.40006607585
-0.0891722829259 -0.317113096132 -0.400536390007
-0.0909554944913 -0.31670757473 -0.401522265876
-0.0901479107665 -0.315904003989 -0.402281070987
-0.0902012082755 -0.316313782362 -0.402338329693
-0.0916126972838 -0.316428280705 -0.40275436209
-0.0925905016599 -0.316312901522 -0.403102914601
-0.0916795826065 -0.31631617793 -0.403058675169
-0.0925668973594 -0.315958994158 -0.404195888492
-0.092478265796 -0.316480489291 -0.403918473442
-0.0947037911088 -0.316386338999 -0.405516717889
-0.0947262325461 -0.315626509137 -0.406002675958
-0.0961361208897 -0.316951450501 -0.406799908163
-0.0961846624393 -0.316193023768 -0.407505761947
-0.0973146269413 -0.316156521793 -0.408138994928
-0.0987405745271 -0.317148945771 -0.409259368261
-0.0988305220009 -0.31699301557 -0.410301628594
-0.100463179609 -0.317380710276 -0.411779419979
-0.102401780735 -0.31717102547 -0.41304494038
-0.103593437287 -0.316727032688 -0.415626886898
-0.106336861413 -0.317236991085 -0.417985151351
-0.106721935644 -0.316828917299 -0.418755408546
-0.108547131853 -0.316525251124 -0.419196227229
-0.108666475616 -0.317253891018 -0.42015717906
-0.110168729483 -0.315850639566 -0.42070936973
-0.109701802886 -0.315852499122 -0.421106246717
-0.109783521932 -0.316855281164 -0.420378393883
-0.110664830126 -0.317291460099 -0.420928113032
-0.111091796602 -0.31731954845 -0.420829138548
-0.110735860796 -0.317285155562 -0.421787722992
-0.112316419151 -0.317427951473 -0.422729422158
-0.114476623834 -0.316547091144 -0.424319793637
-0.115711924601 -0.316952349949 -0.425529127231
-0.115157806388 -0.317121360911 -0.425453416354
-0.116263084008 -0.316693125353 -0.425987740542
-0.117553005903 -0.316729929292 -0.426845630745
-0.117004410364 -0.317275613931 -0.426536015158
-0.119255982265 -0.317379226256 -0.428154178613
-0.121349984351 -0.317806934981 -0.430859591336
-0.123325127358 -0.317864123046 -0.432085745932
-0.123809157352 -0.317622560798 -0.432884216788
-0.125580477744 -0.317678418551 -0.434460339373
-0.125590501282 -0.317105568735 -0.434948948
-0.126892800201 -0.317231550242 -0.436151505126
-0.127818306686 -0.31716132129 -0.43633901861
-0.128087428102 -0.316579763243 -0.437186203733
-0.129477689696 -0.317471823426 -0.43840560457
-0.131664489344 -0.317664840962 -0.4402675044
-0.132634342081 -0.317799181336 -0.441731845724
-0.133879531009 -0.317173187325 -0.443761499448
-0.133967404513 -0.31661899158 -0.44441817514
-0.135098284747 -0.316540101561 -0.445342637196
-0.135425962453 -0.316576702696 -0.446050474137
-0.13669791669 -0.318196366812 -0.446865120662
-0.136086210105 -0.318040120273 -0.445893423651
-0.136304459423 -0.316618046566 -0.447266685826
-0.136942247701 -0.317084521426 -0.447083833188
-0.137587042662 -0.317451136864 -0.447215279196
-0.137117828001 -0.317830304862 -0.447269217785
-0.137427877515 -0.317905433293 -0.447248854117
-0.137676261532 -0.317889800417 -0.448630039707
-0.137619866927 -0.31736034313 -0.447982182838
-0.139151137846 -0.317486017232 -0.448319759877
-0.140149517035 -0.317417494992 -0.449928490069
-0.141322511127 -0.317778816319 -0.451279980822
-0.142514742283 -0.317387390374 -0.45331952229
-0.144276464976 -0.317367458691 -0.455007639167
-0.144141983615 -0.317587756727 -0.45492566929
-0.144532016438 -0.317191850897 -0.455722532559
-0.145033418801 -0.318171205738 -0.456282078421
-0.144895128156 -0.317634440387 -0.456667725443
-0.145774924245 -0.317821217313 -0.45739414537
-0.14666391568 -0.317836166221 -0.45765046048
-0.146139100981 -0.317814986564 -0.458121580798
-0.14756010664 -0.318112560564 -0.458910410468
-0.147114702308 -0.318112078784 -0.459063842871
-0.147138847875 -0.317830035821 -0.458107403778
-0.147674696383 -0.317147317511 -0.459019833163
-0.146844289662 -0.31698407621 -0.458176350555
-0.146858731043 -0.317556989396 -0.45857213028
-0.147437828755 -0.31726678081 -0.458616256075
-0.14771067244 -0.318183937293 -0.459035593392
-0.148775688054 -0.317439561584 -0.459949766589
-0.149268452118 -0.317066072413 -0.461529172432
-0.150867912396 -0.317811635538 -0.462780329716
-0.150930192815 -0.318149609777 -0.463905666981
-0.152658163042 -0.317313248811 -0.465942217819
-0.153267834615 -0.31826940106 -0.466166052049
-0.153739788716 -0.318273461054 -0.46705532931
-0.154659945631 -0.317410535924 -0.467938237477
-0.15398723653 -0.317182282629 -0.467770016312
-0.15507713895 -0.317004021347 -0.468407821247
-0.154827354372 -0.316635323933 -0.468270031421
-0.155200978205 -0.31673071031 -0.467877096167
-0.155186621099 -0.317303066136 -0.468060247974
-0.155092721737 -0.317477095345 -0.468254811266
-0.155328512693 -0.317272887583 -0.469345396744
-0.155554626183 -0.317250589735 -0.469136365158
-0.155739529636 -0.31665071178 -0.470747868751
-0.15783451315 -0.317104986047 -0.471722640758
-0.157468869929 -0.317119321353 -0.472389167714
-0.159332283373 -0.318025877943 -0.474343846344
-0.158925072102 -0.317215362217 -0.475179137353
-0.160276626188 -0.31746787782 -0.474776066206
-0.160337591404 -0.316700212087 -0.475418295664
-0.159931836774 -0.317625807877 -0.475675474068
-0.162436101476 -0.317725604004 -0.475930579707
-0.162090408232 -0.317883300535 -0.476640423403
-0.161556101734 -0.316907401269 -0.477216338612
-0.162323746526 -0.317514588652 -0.476786696127
-0.161852291529 -0.317127608248 -0.476538027535
-0.161458841598 -0.317514333186 -0.476719509038
-0.161965268578 -0.317326005438 -0.477459523897
-0.163904078943 -0.316656132084 -0.479083744644
-0.164027922017 -0.316818985001 -0.480098137414
-0.164877168745 -0.317147307592 -0.480988184356
-0.166603387649 -0.316377568038 -0.483392626284
-0.168077355745 -0.316741168657 -0.484562567863
-0.168277597896 -0.316908588839 -0.48603642812
-0.169575726042 -0.317852395976 -0.486371428958
-0.170552234323 -0.316910325151 -0.486530198771
-0.170611588556 -0.318065049184 -0.48638696041
-0.170243279612 -0.317293703372 -0.486760998816
-0.170481592008 -0.317499747141 -0.486752635759
-0.169859400506 -0.317271161588 -0.487461387784
-0.171518065398 -0.317461029838 -0.488729470417
-0.173285429461 -0.31775640766 -0.490024644268
-0.17219248602 -0.317806855675 -0.491682927474
-0.174260296441 -0.317954909197 -0.492433382642
-0.175833025651 -0.318025843243 -0.493323098704
-0.175413175718 -0.317437209838 -0.493535410855
-0.175673206653 -0.316954727673 -0.494192733157
-0.175991771141 -0.317362615389 -0.493563558289
-0.176376834819 -0.318587164406 -0.494025006074
-0.178002160438 -0.318694978667 -0.495483364986
-0.17851462482 -0.317178248408 -0.498479872679
-0.181142821121 -0.31842041218 -0.501233010029
-0.182540377359 -0.318443012948 -0.503250463582
-0.182094651942 -0.318816476374 -0.502977465496
-0.183224326861 -0.319445525348 -0.504299250383
-0.183306545317 -0.31861868542 -0.504432037509
-0.184331657475 -0.318664909805 -0.504867891962
-0.184323284086 -0.319229816862 -0.504763704032
-0.185546157313 -0.318470284986 -0.505806866636
-0.18662257047 -0.319077611438 -0.506392343649
-0.185997644801 -0.318563076228 -0.508350309295
-0.185631506054 -0.319269561193 -0.508424752437
-0.187033399397 -0.319253384333 -0.509917358616
-0.187542110846 -0.318663375881 -0.510142763659
-0.188786029411 -0.318735842652 -0.510649351429
-0.18871921195 -0.319191568286 -0.50967488671
-0.188196557421 -0.318622285426 -0.510064489521
-0.189053185421 -0.31950903299 -0.510109454183
-0.189984072765 -0.319142861863 -0.510122272118
-0.19008241807 -0.319478671076 -0.511072594183
-0.190889278901 -0.31957497529 -0.51155682327
-0.191014366725 -0.318933938787 -0.513029917895
-0.19166434036 -0.318900033902 -0.514080379327
-0.193024418601 -0.319423679517 -0.516046941381
-0.19256866176 -0.319816976093 -0.516214996422
-0.193186203281 -0.319213811882 -0.517851663906
-0.194042876285 -0.320255882479 -0.518933332185
-0.194668897702 -0.319055093831 -0.520656278036
-0.195675244311 -0.319390652017 -0.521584450385
-0.197127119547 -0.319387930397 -0.522397412361
-0.19738648267 -0.319442580822 -0.524008690689
-0.198523540148 -0.319875332389 -0.524729732713
-0.199867712245 -0.320454418453 -0.525858733376
-0.199650657923 -0.31952689537 -0.527455677154
-0.200465072844 -0.320256413289 -0.527437459539
-0.199771989213 -0.320273110692 -0.526439565991
-0.19936482491 -0.319442423594 -0.526582777103
-0.199837447929 -0.319582581625 -0.527019342405
-0.200318777431 -0.319761964666 -0.527573967567
-0.201699983749 -0.320044357335 -0.528825121469
-0.201831973492 -0.320178191553 -0.530269904379
-0.203009069203 -0.320287457884 -0.532175679173
-0.203758706872 -0.320640833076 -0.533664747538
-0.203761392183 -0.320835242373 -0.534595701362
-0.20413348959 -0.320645414021 -0.533893320152
-0.204932794625 -0.320492375607 -0.534433836872
-0.204551271498 -0.320026866512 -0.535203609705
-0.204689972244 -0.320535018903 -0.534329385821
-0.206245671576 -0.321210857469 -0.535669276615
-0.206031299092 -0.31984565939 -0.536639678788
-0.20724824524 -0.321120744776 -0.538644840049
-0.209074387268 -0.320717653736 -0.540337735771
-0.209704060415 -0.321111793502 -0.541808757574
-0.209770883488 -0.320863900927 -0.542941367972
-0.210347774838 -0.320847134283 -0.543400785892
-0.210827997072 -0.320028328671 -0.543869435598
-0.210213869662 -0.321718328783 -0.543471927247
-0.210136854463 -0.320422837949 -0.543066764139
-0.21042662176 -0.32020436861 -0.54265557673
-0.210941122276 -0.320752976094 -0.543641461553
-0.211121236013 -0.319431150082 -0.544013510086
-0.211608992927 -0.320458864216 -0.544593590637
-0.212288173411 -0.320038907029 -0.545476404741
-0.212102784578 -0.319550983768 -0.545233085677
-0.212895551191 -0.31929160838 -0.547129080063
-0.213454169984 -0.320309951719 -0.547957133169
-0.213596969463 -0.320445381392 -0.548743934368
-0.213680381435 -0.32020220759 -0.549679207338
-0.214746267303 -0.31999265056 -0.550478476345
-0.215465343823 -0.319869509907 -0.551430081304
-0.215835587809 -0.319174139298 -0.552125871758
-0.215973231545 -0.318689218842 -0.552823850636
-0.216186763374 -0.320097378009 -0.553220251701
-0.216669516125 -0.319546537487 -0.553857214836
-0.217033026318 -0.320010729992 -0.553918787385
-0.217024121385 -0.31960906711 -0.554348308666
-0.216961478135 -0.319890407585 -0.554281445461
-0.217238685941 -0.319595404844 -0.554335387947
-0.217247302272 -0.32034259284 -0.554468355453
-0.217176415651 -0.319792057217 -0.554111615841
-0.216950672603 -0.320160933915 -0.554651632238
-0.217302789769 -0.320058779926 -0.555004805825
-0.217495373065 -0.319034390618 -0.555389107179
-0.217400040305 -0.319494466855 -0.555300783739
-0.217036169786 -0.319851901474 -0.554178369546
-0.217436867381 -0.319602111248 -0.554427232721
-0.217312019574 -0.32030437812 -0.554068109042
-0.217249775742 -0.319808025874 -0.55419183825
-0.216862612932 -0.320129754075 -0.554538034005
-0.217431417808 -0.31985636188 -0.555552361491
-0.217895509026 -0.319757594404 -0.556073423127
-0.217949256691 -0.320123782305 -0.556381737615
-0.218556250908 -0.319212355262 -0.557557212403
-0.218750252712 -0.319520297384 -0.557838870151
-0.219347644741 -0.318916768906 -0.558690487322
-0.218872815979 -0.319104060514 -0.558935790852
-0.21904431798 -0.319077105422 -0.558545691781
-0.218963813858 -0.318903431439 -0.558795791904
-0.218673437557 -0.319285646678 -0.558731738623
-0.218656634765 -0.319874694101 -0.558651914181
-0.219837875594 -0.319311579112 -0.558870096254
-0.21968002181 -0.319224511165 -0.557906657377
-0.21951255384 -0.319977023133 -0.55837545885
-0.220047954947 -0.319758427084 -0.55923392939
-0.220065627987 -0.318581144515 -0.560488278995
-0.220916969674 -0.318981807603 -0.560423422443
-0.220873073958 -0.318551299299 -0.560005404904
-0.220800100965 -0.318803720922 -0.560122912825
-0.220610595833 -0.319320148938 -0.559537305216
-0.220523724367 -0.319203208281 -0.559389293949
-0.220756926357 -0.319188240898 -0.559343478299
-0.221120259764 -0.319032065095 -0.559973321193
-0.221595662704 -0.319063751167 -0.561494938193
-0.222072118885 -0.318959213047 -0.561722224122
-0.222043981844 -0.319063141945 -0.562048395087
-0.222404174839 -0.318531136227 -0.563010764669
-0.222091085645 -0.319203622732 -0.562747109369
-0.222445989679 -0.318460945688 -0.564049707653
-0.222600040601 -0.31816816421 -0.563788318339
-0.223325293502 -0.318687756357 -0.564513221601
-0.223190707118 -0.31802579909 -0.564119650844
-0.223248797007 -0.318404984706 -0.564178052852
-0.223035832548 -0.317990764599 -0.564091886431
-0.222872002796 -0.317966202861 -0.564211045785
-0.222978940165 -0.319061563166 -0.564412493728
-0.222838631241 -0.319111882948 -0.564384305851
-0.223188145166 -0.319122528965 -0.565125059923
-0.223090360168 -0.319025226527 -0.565408758206
-0.222710859216 -0.31842957583 -0.565826050551
-0.223609748361 -0.318557784627 -0.565973157583
-0.224319588521 -0.318832960579 -0.566272383686
-0.224022612326 -0.318778721034 -0.567658657157
-0.224025813902 -0.318574331609 -0.568249945626
-0.224440525799 -0.317383465167 -0.568589263728
-0.225213068105 -0.319207647641 -0.568326099272
-0.225631154863 -0.31855034753 -0.569637159656
-0.226267795471 -0.31819523114 -0.57032060812
-0.226460264428 -0.318409138062 -0.570813937996
-0.226911345625 -0.318368176826 -0.571630024028
-0.227405116496 -0.31790795201 -0.574057499462
-0.228344899266 -0.318623005315 -0.574809255718
-0.228506079006 -0.318142957269 -0.575581023821
-0.228927894793 -0.318506099029 -0.575641101017
-0.228530402359 -0.318485155751 -0.575261540447
-0.228489330885 -0.31813953634 -0.575881102416
-0.22864272119 -0.317554433214 -0.577024094953
-0.228488560323 -0.318424960708 -0.576632365705
-0.229587997724 -0.317914540878 -0.577637301794
-0.229521980548 -0.317475899814 -0.578736061497
-0.229692318743 -0.317549993702 -0.579019347355
-0.229271750975 -0.317928868322 -0.579363220857
-0.229631665396 -0.31819984338 -0.57923296999
-0.229046032262 -0.317870362454 -0.578772732952
-0.230207033432 -0.317418775928 -0.579192481595
-0.229304044357 -0.317402198188 -0.578796555182
-0.230047482011 -0.318040847711 -0.579392023287
-0.230189728642 -0.317659928731 -0.579499967782
-0.23096386785 -0.318133130011 -0.580200261256
-0.231358318274 -0.317642004282 -0.581022421598
-0.231323895167 -0.317896575728 -0.581781843407
-0.23129197711 -0.317269505613 -0.581427780099
-0.231578624242 -0.317983167984 -0.581924085558
-0.231443193459 -0.318220729628 -0.582185161493
-0.231253204029 -0.31783619717 -0.582024378275
-0.231531292348 -0.317423427911 -0.582840064383
-0.232427276801 -0.317410102435 -0.584064526139
-0.232431608468 -0.316991438727 -0.58430508067
-0.232414833722 -0.317304416788 -0.584910404787
-0.233034479646 -0.317675221562 -0.58556088056
-0.233038435806 -0.316754395368 -0.586409204523
-0.232991489862 -0.317863849574 -0.586261430803
-0.233483720495 -0.31734515163 -0.587044152623
-0.233395816823 -0.317576811821 -0.587288523143
-0.23263325283 -0.317532769827 -0.587949959134
-0.233300409461 -0.31754458885 -0.587815426817
-0.234200112388 -0.317671291955 -0.58805264561
-0.234969361603 -0.316929456481 -0.588149547637
-0.234986014804 -0.317157967197 -0.58838103918
-0.234879192345 -0.317474320059 -0.588865019591
-0.234461146656 -0.317083827256 -0.589360268899
-0.235446324637 -0.316922416712 -0.590151634616
-0.23624093968 -0.317641825328 -0.591564132395
-0.237457260582 -0.317496373919 -0.593423751152
-0.237879946305 -0.317858089419 -0.59451852279
-0.237092834567 -0.317409631385 -0.595011684544

