0.287779556364 -0.310675735178 -0.239411387524
0.288116434698 -0.310967783994 -0.238572965518
0.287561734083 -0.311785886132 -0.239715751783
0.287476323847 -0.311322627956 -0.239712802661
0.286952931817 -0.311221044991 -0.239336841482
0.286486878588 -0.31122595035 -0.238986725122
0.285976614689 -0.310872703759 -0.238410599779
0.285311377092 -0.310868898837 -0.238899436615
0.284618599393 -0.309756073309 -0.239004149291
0.283681767935 -0.309331103176 -0.238483559532
0.282629182564 -0.309518885528 -0.237725139744
0.28058332851 -0.309164436049 -0.238393277844
0.279982583946 -0.309421874665 -0.237877112543
0.279027796041 -0.309146366835 -0.238498445385
0.277938483989 -0.309004781169 -0.238129928351
0.276412657405 -0.308913854808 -0.238800388209
0.27574966161 -0.308890430659 -0.238454459447
0.275062391674 -0.30964915535 -0.237946161716
0.274158805715 -0.308700752989 -0.23838654767
0.273429504042 -0.309226579843 -0.238024942811
0.272267830837 -0.30920612764 -0.238614311571
0.271141592942 -0.30936594998 -0.239040871311
0.270379274147 -0.309566202907 -0.239068768278
0.26961575855 -0.309484794085 -0.239672091223
0.268365881958 -0.309608626157 -0.239630080146
0.263425384811 -0.309230050459 -0.240090309889
0.26247871841 -0.309509000729 -0.23996869224
0.261332651359 -0.309758853104 -0.240761713917
0.260556388267 -0.309252211824 -0.24096633018
0.256870766836 -0.309146588602 -0.240459852542
0.25651980432 -0.3086768389 -0.241244523876
0.256264616055 -0.308760588887 -0.240491342656
0.255746823777 -0.308690096638 -0.241243097142
0.255825017623 -0.308438640943 -0.241480016264
0.252264206235 -0.309035901303 -0.241090388931
0.252217947573 -0.309275853561 -0.241660008802
0.252538508495 -0.309082345633 -0.241448470493
0.252499347733 -0.30908271762 -0.241641155226
0.248938731237 -0.309218346794 -0.241038957601
0.248921010183 -0.309265241774 -0.241413912641
0.249197772915 -0.308555137858 -0.241593490857
0.249158348067 -0.308555662224 -0.241786123324
0.244903477058 -0.308160600037 -0.241742950591
0.244846258517 -0.307450946981 -0.242131748514
0.244421466941 -0.307261056975 -0.242724956163
0.244454822765 -0.307585531502 -0.242332505039
0.239820936338 -0.307930676867 -0.242540331212
0.239757801575 -0.307531567421 -0.242703611538
0.23927539952 -0.307460099299 -0.243260964655
0.239411829948 -0.307341057682 -0.242910342579
0.236793264368 -0.30784642914 -0.24271327511
0.236575721211 -0.307388557454 -0.243249302087
0.236535228895 -0.307388958829 -0.243441711341
0.236561648681 -0.307196044474 -0.243246770997
0.23165869805 -0.306052394152 -0.243788923001
0.231667308005 -0.306570617636 -0.243594305335
0.231626733131 -0.306570774868 -0.24378669755
0.23157055417 -0.30628882465 -0.244551535738
0.231585235043 -0.306481223537 -0.244554681
0.226376017819 -0.307031186291 -0.244383607698
0.226262020848 -0.307281689927 -0.244339669897
0.225934051921 -0.306054518941 -0.244740518297
0.225775365647 -0.306094966658 -0.244856304687
0.220668233709 -0.306207678713 -0.245239919187
0.220763586508 -0.305764933895 -0.245280752388
0.220785517604 -0.305480356408 -0.2456591226
0.220736967265 -0.305713409957 -0.246230793285
0.215593181762 -0.307193961122 -0.246022217374
0.21552586487 -0.307152529984 -0.24600630137
0.215218811268 -0.30663645261 -0.246213031559
0.214992595321 -0.306286600802 -0.246506932644
0.211009576271 -0.306480595144 -0.247289434317
0.210689440828 -0.306196745186 -0.247873206519
0.210337115508 -0.305679255153 -0.248267592884
0.210635973984 -0.305672611363 -0.248253334707
0.205153438541 -0.306736415224 -0.248822005772
0.205123840481 -0.306762104318 -0.248662299272
0.204641845014 -0.307306215856 -0.249098976597
0.204660595675 -0.30691937859 -0.249196642801
0.204145607448 -0.306825775152 -0.249553944471
0.204051450297 -0.307267591528 -0.249515386329
0.198394751605 -0.307468486145 -0.250122885223
0.198483965369 -0.307775029396 -0.250359216811
0.198382326934 -0.306453253334 -0.25067769233
0.191447035712 -0.306416431252 -0.250865118161
0.191392675405 -0.306579832455 -0.251185991478
0.191409626361 -0.306898549244 -0.251453380434
0.19129593633 -0.30601083266 -0.251345487444
0.191151235087 -0.30634144229 -0.252068445579
0.185819879399 -0.306740599554 -0.25205727019
0.185902319756 -0.307458286871 -0.252684368028
0.185897175054 -0.306626081722 -0.253239862866
0.186231505162 -0.306053372502 -0.253507205773
0.181184224449 -0.307108724089 -0.253289636216
0.181101254748 -0.307269627823 -0.253650914052
0.181134979612 -0.307709950633 -0.253870349679
0.177433858176 -0.307204918634 -0.254808987849
0.177337500715 -0.306801754097 -0.255324061517
0.177353318303 -0.306995521147 -0.255326329782
0.177775689199 -0.306361762659 -0.255156109239
0.172659454758 -0.306410217327 -0.255307106243
0.17308692242 -0.306436575511 -0.255578104071
0.173191163672 -0.30634444839 -0.255923757846
0.168787967716 -0.306704353364 -0.256650239296
0.168728724695 -0.306204674006 -0.257044065432
0.168746170124 -0.305729006215 -0.257078043074
0.163193919511 -0.307264095903 -0.257392690604
0.162861828161 -0.306728956692 -0.257577948765
0.162201021663 -0.30680541205 -0.258882685329
0.161525266663 -0.306551045618 -0.25851036279
0.160379702494 -0.306851089954 -0.25944927118
0.154237888196 -0.307421709993 -0.259987986714
0.15293004248 -0.30639731182 -0.26141167269
0.15270520437 -0.306151260548 -0.26145045485
0.149524632447 -0.305744286367 -0.261774946145
0.149500432706 -0.306300990146 -0.261826228817
0.14931302661 -0.305170139984 -0.26270621017
0.149360633115 -0.304360813222 -0.26272886724
0.14456069991 -0.305884558212 -0.262647881266
0.144017403771 -0.304804124429 -0.264804704521
0.138836608378 -0.306525993551 -0.264641767402
0.137309972934 -0.30512434251 -0.266810958203
0.131272562905 -0.306230325838 -0.268165668714
0.124745557414 -0.306418449612 -0.269444020408
0.120505037966 -0.305857136737 -0.271358246952
0.119576560444 -0.30561960161 -0.272662182615
0.114422805414 -0.305861097475 -0.273674687244
0.114112486428 -0.304579852841 -0.274655740042
0.107402276723 -0.305358999434 -0.276017755222
0.107012232718 -0.305829625615 -0.276866909172
0.101030740525 -0.30642024333 -0.278311495843
0.101249754447 -0.306065190458 -0.27905598517
0.0967641640755 -0.305736958785 -0.279995127756
0.0972222249445 -0.305468566118 -0.281153246575
0.0943520220232 -0.305572528719 -0.281552288023
0.0945499400287 -0.305657707626 -0.282489715081
0.0892631208796 -0.304917866175 -0.283118684796
0.0888228347741 -0.304840227121 -0.284123755533
0.0824302504299 -0.305407172778 -0.285456952192
0.0771180604375 -0.305859310326 -0.286658219227
0.0765217292005 -0.306421210315 -0.287778733296
0.076340159199 -0.306411607913 -0.288908473273
0.0718084260016 -0.30518940915 -0.290556690242
0.0693822286968 -0.306103528587 -0.29037780121
0.0698812330033 -0.305979173668 -0.291198024193
0.0701512343931 -0.305969019505 -0.291619712207
0.0654418981732 -0.305627855874 -0.293675657785
0.0653120567108 -0.306420162304 -0.294075342574
0.0598862883065 -0.30514047709 -0.295254865285
0.058782627558 -0.304619783667 -0.296700865663
0.0529324275145 -0.305644265452 -0.297862533627
0.0475765304175 -0.305931707242 -0.300925722653
0.047149802767 -0.305505924759 -0.302969289285
0.0464026500838 -0.30569887067 -0.304300516036
0.0410345237826 -0.305506547031 -0.305727434346
0.0404241685584 -0.304544158442 -0.306773010897
0.0340656471804 -0.304702225566 -0.30879516058
0.033420453121 -0.304321692531 -0.309937057922
0.0326853111317 -0.304439266407 -0.31145796488
0.026283905666 -0.304567521492 -0.313457609143
0.0249790735278 -0.305245171884 -0.314786955526
0.0192013147984 -0.304170936248 -0.316195218309
0.0188681102949 -0.304372947252 -0.316321312743
0.0145906512117 -0.304253501372 -0.317832244197
0.0144930779037 -0.304823612724 -0.318154943778
0.0124228467385 -0.304959359083 -0.318929989699
0.0114575566515 -0.304778495014 -0.318348613148
0.0112823987979 -0.304365226283 -0.319430679043
0.0113211559889 -0.304366989984 -0.319558919466
0.010314730583 -0.304736651242 -0.319177348817
0.010860232906 -0.304304817469 -0.319330165295
0.0095444170907 -0.304100632923 -0.319766746944
0.0100239942797 -0.304778163112 -0.320091200862
0.00840516535777 -0.304932352964 -0.320426475197
0.00878222509888 -0.304405823214 -0.321327125761
0.00727353160908 -0.30446343899 -0.321190923617
0.00560690618562 -0.305238680802 -0.321478786056
0.00606333234603 -0.303910761051 -0.321609243768
0.00484876770027 -0.304549693019 -0.321847330175
0.00489002879724 -0.304921439436 -0.321813440651
0.00353522990585 -0.304319581401 -0.322812171848
0.00349195949388 -0.304363691634 -0.322739947155
0.00119828160935 -0.303599604795 -0.324785507344
-0.0018077490613 -0.304315494467 -0.326109916902
-0.00130429488091 -0.304075031318 -0.326150258029
-0.00277857061588 -0.304164400196 -0.32659504589
-0.00237585428672 -0.304557035899 -0.326659624697
-0.00403565307272 -0.304618469967 -0.32711528129
-0.00452582861811 -0.304230433011 -0.327973487925
-0.00620548465825 -0.305108747318 -0.32814966138
-0.00678631434168 -0.304567828958 -0.329597440162
-0.00951445490755 -0.304239661857 -0.330602425568
-0.00954195143789 -0.303655079796 -0.331063937659
-0.00954908086152 -0.303830854388 -0.33092984768
-0.0109031669325 -0.304058688902 -0.332000290465
-0.0126019002135 -0.303940028463 -0.332423935933
-0.0127383275703 -0.303520076707 -0.33367031562
-0.0143954800523 -0.302768293018 -0.333318034905
-0.0139321065836 -0.304005507729 -0.333694788409
-0.0151794492772 -0.302794098305 -0.334206900027
-0.0145493096685 -0.303692917744 -0.333839337441
-0.0159043448947 -0.304419199627 -0.334190552931
-0.015427974374 -0.304418365549 -0.334611111821
-0.0162748071849 -0.303762700771 -0.334504332095
-0.0158142344818 -0.303566350574 -0.334893878744
-0.0173231663088 -0.303389241974 -0.335245657264
-0.0166978879644 -0.303395786379 -0.335631878402
-0.017785242521 -0.302996603773 -0.33623169178
-0.0172256266513 -0.302739293844 -0.33615310109
-0.0172746761618 -0.303344833751 -0.336465949822
-0.0186337634326 -0.302290920392 -0.33689738881
-0.0185971031749 -0.303053997271 -0.337132886043
-0.0181720338566 -0.302994332642 -0.33747638757
-0.021147553285 -0.302118954408 -0.337966759357
-0.0217579662679 -0.303435997463 -0.338992752038
-0.0243448315189 -0.302625140786 -0.339911522346
-0.025770660705 -0.303002434449 -0.341897865738
-0.0279050459243 -0.302390869595 -0.342570516005
-0.0284745582903 -0.303103248846 -0.343900597007
-0.0292322692797 -0.302974398905 -0.343705471285
-0.0288955912151 -0.302525936373 -0.344539203679
-0.0300360080403 -0.302855845493 -0.344260067146
-0.0301187055923 -0.303108197 -0.344928429216
-0.0299472849416 -0.303424986581 -0.344706272788
-0.0316665863227 -0.302902911095 -0.34543847059
-0.0318179207373 -0.302281496991 -0.346288194708
-0.0341550430165 -0.30222350632 -0.346841428748
-0.0360679209445 -0.302853583564 -0.348327008657
-0.0359982052252 -0.302818570877 -0.348549804488
-0.0373469233146 -0.302691157605 -0.348742963947
-0.0368684274726 -0.302688529832 -0.348874135961
-0.0381319024985 -0.302553903525 -0.348968702983
-0.0366318715168 -0.302898223998 -0.348373510909
-0.0382453946307 -0.303052727068 -0.348563294097
-0.0378057143516 -0.302674674948 -0.34882286341
-0.0374139648389 -0.302512631173 -0.34891812669
-0.0382888394687 -0.302774373157 -0.348713793367
-0.0378593621396 -0.302575534012 -0.348535521004
-0.0392898324459 -0.302752572414 -0.348991128282
-0.039705941367 -0.301818189044 -0.350410417073
-0.0421122886171 -0.301828265141 -0.351751230172
-0.043812311901 -0.302498721702 -0.352259139866
-0.0437149667258 -0.302851428286 -0.35254763276
-0.0443249924547 -0.302775704277 -0.353002762974
-0.0442602788975 -0.302739815997 -0.35346995661
-0.0448889835358 -0.303052454333 -0.353408983622
-0.0456728875572 -0.303129799979 -0.354226211466
-0.0467283948392 -0.303043436272 -0.35372814201
-0.0472400471447 -0.302281798363 -0.355383230655
-0.0489995027171 -0.302898493507 -0.356127964884
-0.0501307008923 -0.302840496921 -0.358014287137
-0.0519021201438 -0.302314099402 -0.358838743151
-0.0525574826341 -0.301740682015 -0.360102582055
-0.0547987951855 -0.302160684145 -0.361165437279
-0.0554200668746 -0.30238764871 -0.362083333598
-0.0571066407232 -0.30247581447 -0.362705807094
-0.0577420314022 -0.303235224517 -0.362898783321
-0.0573911404883 -0.302878697576 -0.363224358111
-0.057803192065 -0.302719197654 -0.363271417972
-0.0577443743479 -0.302721753506 -0.363308598547
-0.0580537360684 -0.302302925518 -0.363895499462
-0.0594381927238 -0.302343766958 -0.364965077034
-0.0592779399843 -0.302780355614 -0.364903422324
-0.0606300754491 -0.303143419432 -0.365895075633
-0.0611840928648 -0.302880733895 -0.366830756977
-0.0621753685906 -0.303165160832 -0.367102958028
-0.0617447696393 -0.30255664412 -0.368154859531
-0.0634941096082 -0.302490621729 -0.368487073696
-0.0654216656178 -0.302137384023 -0.369724964526
-0.0675684910398 -0.302734024311 -0.371150913345
-0.0676764724852 -0.302275632022 -0.372617478626
-0.0688916722439 -0.302792665927 -0.372512679376
-0.0688916722439 -0.302792665927 -0.373082679376
-0.0702783259123 -0.302657148386 -0.373524018227
-0.0711874157113 -0.302852489396 -0.375107613604
-0.0721525634931 -0.302264351134 -0.375657224809
-0.0721152353063 -0.303029126057 -0.375547568026
-0.0735220178818 -0.302841896921 -0.376722629617
-0.0733640805443 -0.30316647748 -0.376814308463
-0.0742114714401 -0.303563356877 -0.377465948127
-0.0745133316561 -0.302789648345 -0.377269195755
-0.0745425354776 -0.302788486883 -0.377791636679
-0.0740951387114 -0.302787311152 -0.377618403988
-0.0739960619547 -0.303520077038 -0.37813565763
-0.0754278229693 -0.303102550993 -0.378772157163
-0.0763285371601 -0.302745171384 -0.378368910198
-0.0752229191901 -0.302695029942 -0.378521350982
-0.076876431315 -0.302810520431 -0.378654408247
-0.0765234442663 -0.30245069311 -0.379566234546
-0.0765077964749 -0.303320857482 -0.379850354492
-0.0777046729426 -0.303810446296 -0.38030011041
-0.0786721258097 -0.302968676389 -0.381698481713
-0.0807984739678 -0.302744679395 -0.382399328017
-0.0828215651176 -0.303163667273 -0.383912171228
-0.0829451809686 -0.303103329783 -0.384729867055
-0.0853904218775 -0.302930762273 -0.38606382074
-0.0859652401502 -0.303259038238 -0.386835215426
-0.087314909292 -0.303616588164 -0.387099154846
-0.0879732991322 -0.303776362474 -0.388308332398
-0.089880903393 -0.302047758375 -0.389182850197
-0.0898373180156 -0.302621502136 -0.389390984361
-0.0913563340402 -0.302479161793 -0.390091984361
-0.0908628275704 -0.303052273026 -0.389942122812
-0.0923004406974 -0.302297362401 -0.390955534806
-0.0917537501195 -0.303039703787 -0.390933190766
-0.0913872589953 -0.303174948082 -0.391256667383
-0.0937956853058 -0.302990557179 -0.391602667383
-0.0937557239578 -0.302965842513 -0.392018865841
-0.0933583566391 -0.302796049901 -0.392149300394
-0.0949210481081 -0.302047469245 -0.393307180708
-0.0949349815791 -0.301852964153 -0.39368458272
-0.0964020171547 -0.301737530139 -0.394068784357
-0.0986016614638 -0.302594445963 -0.395452405962
-0.0987562661996 -0.302534192961 -0.396793835283
-0.10001466668 -0.302124978969 -0.397077843864
-0.0999685205654 -0.302391930623 -0.397031734135
-0.10055495432 -0.302204528045 -0.396999261135
-0.100050453924 -0.30160725036 -0.397151426101
-0.100544886123 -0.301414080881 -0.397280163603
-0.0998911412352 -0.301950699406 -0.397331597317
-0.0993731819142 -0.302902503845 -0.396516683956
-0.100266579222 -0.302778487694 -0.396838530248
-0.101047065669 -0.302439364822 -0.397864610423
-0.100651962004 -0.302267216957 -0.397600573474
-0.102805737416 -0.302565550773 -0.398527368441
-0.102900058188 -0.301819212371 -0.398762487732
-0.102834877013 -0.301417647147 -0.399178216592
-0.104192591169 -0.301481452146 -0.400307300688
-0.104791832572 -0.302190758588 -0.401677466363
-0.105270616126 -0.302190783392 -0.402745344137
-0.106420237505 -0.302524616782 -0.402393491322
-0.106434480379 -0.301949762631 -0.403159078666
-0.108232913566 -0.302252496744 -0.403798760528
-0.108138412826 -0.302621186006 -0.404040823502
-0.108249447799 -0.302757175787 -0.404806375274
-0.10947394518 -0.302704618631 -0.405075333782
-0.10947394518 -0.302704618631 -0.405408333782
-0.110133048793 -0.301868889616 -0.406200957412
-0.110186809173 -0.301695515719 -0.406506928299
-0.111236641323 -0.302533118447 -0.406277344312
-0.112559619333 -0.302390713468 -0.408539571846
-0.114029809298 -0.302287372063 -0.409759930603
-0.114278563365 -0.302247212475 -0.410658545897
-0.115410960015 -0.302418082948 -0.410740772413
-0.115532962683 -0.302436009889 -0.412012257954
-0.116610522392 -0.302056500836 -0.412648878755
-0.115788543022 -0.302188630947 -0.412797234958
-0.116523570806 -0.30174516682 -0.412827592964
-0.116207083817 -0.302092126521 -0.413262830832
-0.117559816789 -0.301773317877 -0.41329950346
-0.11705314093 -0.302155754178 -0.413428929747
-0.116585969067 -0.302348283461 -0.413548713316
-0.117877658576 -0.301791547107 -0.413675069735
-0.11855120264 -0.302298497961 -0.414235899656
-0.118048114513 -0.301917869051 -0.414462570951
-0.118785073348 -0.301425411499 -0.414428005557
-0.119487122072 -0.301574111392 -0.416483546835
-0.120844458782 -0.301385622518 -0.417580546835
-0.123344146218 -0.301440066599 -0.419877076403
-0.125574950948 -0.30224599951 -0.421698369629
-0.126101073234 -0.302052075481 -0.422993684594
-0.127227285734 -0.301589181258 -0.42387704143
-0.126849720783 -0.301403220342 -0.42427719445
-0.128033354191 -0.301701458581 -0.425429145159
-0.129310342287 -0.300974459969 -0.425323209353
-0.128632872223 -0.302111036996 -0.425258745651
-0.129908524604 -0.301314756904 -0.425454081416
-0.129930969446 -0.301056391998 -0.426513787416
-0.130935863509 -0.300859131455 -0.426629083952
-0.13280923886 -0.301631273149 -0.429539340759
-0.132960565554 -0.300607846971 -0.430525500498
-0.135004813769 -0.30063290939 -0.431177894486
-0.134579462824 -0.300950344667 -0.431966887763
-0.136263843574 -0.301528775999 -0.432255413445
-0.135843843555 -0.301147001796 -0.432555591176
-0.136762805135 -0.302034250234 -0.432604915284
-0.135712174867 -0.30221726605 -0.432179091007
-0.136156510136 -0.301200099958 -0.432534269277
-0.135639832406 -0.301971894698 -0.432034563869
-0.135723974035 -0.301012232885 -0.432424466127
-0.137112238478 -0.301839878746 -0.432544627468
-0.136669130906 -0.301641155268 -0.432693419746
-0.136763893919 -0.300873382584 -0.432926287657
-0.13714457079 -0.301065784365 -0.43370386573
-0.138240702774 -0.302184398368 -0.434327432814
-0.138282621163 -0.301601766319 -0.434986467634
-0.139424432413 -0.301525091295 -0.435234364798
-0.13940963553 -0.301719352737 -0.436075269859
-0.141029989796 -0.300996806376 -0.437251272108
-0.143246230711 -0.301634938013 -0.440024989288
-0.144760133228 -0.301263389771 -0.440295555182
-0.144411335731 -0.301391678171 -0.441552129448
-0.145857773169 -0.30106169976 -0.441786825152
-0.146134175368 -0.301040720463 -0.441594098584
-0.146885574221 -0.302269041352 -0.442236013104
-0.147636854396 -0.302016866696 -0.444113446055
-0.148899619171 -0.301132247246 -0.444844367359
-0.150839271098 -0.302054871641 -0.446463871382
-0.150880320954 -0.301285668535 -0.446992526183
-0.150778807979 -0.300625029074 -0.446912329288
-0.15043174869 -0.301138870621 -0.446123867392
-0.150213125796 -0.300875203757 -0.446403218178
-0.149537343129 -0.301319356278 -0.445936874602
-0.149458924355 -0.300896219628 -0.44629116364
-0.150446208221 -0.301778673515 -0.446370835713
-0.149908472756 -0.301358649574 -0.446621866455
-0.150871386882 -0.300754993103 -0.447903473041
-0.149913664508 -0.301329733278 -0.447500348823
-0.150960551729 -0.301545711946 -0.447846194079
-0.15286520154 -0.301860701722 -0.448913690564
-0.152874984511 -0.3003136419 -0.450832012089
-0.154736981399 -0.301027756699 -0.452374499688
-0.156911527167 -0.300806631155 -0.454275599258
-0.158015651947 -0.301150319177 -0.455173214344
-0.159383945583 -0.300767280362 -0.456214908318
-0.158418223488 -0.301287803742 -0.456807341776
-0.159978817025 -0.301228035419 -0.458118009953
-0.160548104536 -0.300362760884 -0.458312696505
-0.160145085257 -0.300491142587 -0.458626424139
-0.162159503254 -0.30042471297 -0.45914334799
-0.164021737412 -0.3002438976 -0.461609430801
-0.16451234117 -0.300247107396 -0.462616171845
-0.165648858697 -0.300836682583 -0.463232252581
-0.165327593816 -0.299789839511 -0.464083245109
-0.165956757562 -0.300800826766 -0.463736247626
-0.165688019985 -0.301307710993 -0.464649824825
-0.16618682021 -0.301465761163 -0.464139203511
-0.166856421609 -0.301018002695 -0.463963651411
-0.165396701634 -0.301008549622 -0.463686716933
-0.166066906222 -0.300980572775 -0.464253764196
-0.167601684875 -0.300984731717 -0.466273475325
-0.169216690813 -0.3004398069 -0.468371804974
-0.171815196815 -0.300191553768 -0.470089665416
-0.171439691302 -0.300139251577 -0.471354299922
-0.174065812546 -0.300787193406 -0.472798796931
-0.174360604567 -0.300642432805 -0.472828723248
-0.174018493736 -0.300179560856 -0.474053110955
-0.175649688269 -0.300090825859 -0.474664756598
-0.175659517286 -0.300256489181 -0.474674226553
-0.175405300326 -0.300544573963 -0.475319276598
-0.176417566566 -0.300821709945 -0.475578918001
-0.178143513665 -0.299773492753 -0.477582339893
-0.179283050772 -0.300330642069 -0.479720545721
-0.179322456131 -0.299737573612 -0.480546513995
-0.180897365079 -0.300674996486 -0.481377684969
-0.181196340632 -0.30027385788 -0.481823082427
-0.181320155154 -0.299810514526 -0.482717242672
-0.181281431597 -0.300529361147 -0.482050584286
-0.182149852549 -0.30054765594 -0.48223588898
-0.181696411975 -0.29973976148 -0.482012753932
-0.182749474359 -0.299885619873 -0.483193527325
-0.183798848638 -0.300089369163 -0.484476808108
-0.184506682781 -0.300576491632 -0.485257913664
-0.184848230241 -0.30082630768 -0.485652940326
-0.184885950408 -0.300356539921 -0.486135458415
-0.186064757111 -0.299179331223 -0.487301189775
-0.185953351724 -0.300774514717 -0.487411955238
-0.185880918668 -0.300212542649 -0.487582428635
-0.186959607011 -0.300212133403 -0.488492086251
-0.186396828351 -0.300428206149 -0.488950876706
-0.187465933395 -0.300733825796 -0.489239949882
-0.18839099776 -0.299066774288 -0.490409373723
-0.188222450584 -0.299838082564 -0.490421572637
-0.188150745004 -0.300056741877 -0.490639942502
-0.187932573214 -0.29974174922 -0.491604393484
-0.189545458392 -0.299564991389 -0.492781655423
-0.189530451873 -0.299758757115 -0.493247899251
-0.190847607812 -0.300448531799 -0.493988999792
-0.190881535699 -0.299854410459 -0.4947747404
-0.191661602925 -0.299908316204 -0.495417246233
-0.191696653084 -0.299313631674 -0.496356562556
-0.192406265901 -0.300174774514 -0.495933007561
-0.192331603887 -0.299998553508 -0.496314164424
-0.191898302595 -0.299636167229 -0.496140369778
-0.192380514549 -0.299050911478 -0.496862827971
-0.192861414367 -0.299641076075 -0.496691587303
-0.192893390474 -0.299218382945 -0.497426625764
-0.193710255322 -0.300030910211 -0.49776585142
-0.193308538649 -0.29978051274 -0.498946786668
-0.194376957747 -0.300503252757 -0.498558927692
-0.194819453734 -0.300269858206 -0.499336927692
-0.194909838702 -0.298996437137 -0.500090546302
-0.195784867186 -0.300330228765 -0.500282164319
-0.195313789632 -0.300132190567 -0.5004190051
-0.196265225839 -0.299113598396 -0.501425142948
-0.196550068522 -0.299172323952 -0.503741922453
-0.197391122607 -0.299841432316 -0.504047968179
-0.198534059654 -0.29966992275 -0.505865412864
-0.198483065044 -0.299892451042 -0.506900010071
-0.199809931953 -0.299009518742 -0.508605667361
-0.200718214102 -0.299103074792 -0.50961175984
-0.200519924245 -0.29939128065 -0.509012867037
-0.199133897674 -0.298998079333 -0.508223963459
-0.200070879574 -0.299119385003 -0.508184345291
-0.200976321431 -0.299332881331 -0.50881180657
-0.201292396249 -0.299302354845 -0.508475888811
-0.201276526376 -0.299496207298 -0.509025024455
-0.20137813283 -0.299061106389 -0.510132408154
-0.201555253155 -0.29895491275 -0.511691478456
-0.204091590329 -0.298885408519 -0.512795135585
-0.204770409609 -0.298793856096 -0.514639042765
-0.204734620135 -0.298827275806 -0.515265989181
-0.20593924096 -0.299599449072 -0.515753073973
-0.206032964243 -0.2991561885 -0.515843526277
-0.205529483075 -0.299343214006 -0.515948471529
-0.205600755182 -0.299114039368 -0.516598179422
-0.206390116955 -0.299261149078 -0.516779404752
-0.206345225812 -0.299302698339 -0.516506226326
-0.20645212401 -0.300025566812 -0.516981446786
-0.207093558666 -0.298779357774 -0.517366360162
-0.207454016302 -0.299404830773 -0.517177785706
-0.206465366095 -0.299422116515 -0.517843350975
-0.20760177981 -0.299187943682 -0.518755958714
-0.20855710691 -0.298608615259 -0.519735185707
-0.209626404083 -0.299221841251 -0.520989471071
-0.209728651336 -0.299544107521 -0.522155669171
-0.21024253575 -0.299450367024 -0.522678305207
-0.211204058783 -0.298596337815 -0.523749889513
-0.21175713807 -0.299119989907 -0.524663537059
-0.21187323811 -0.298913971563 -0.525217814408
-0.211393037252 -0.299498282735 -0.525201883295
-0.212402560616 -0.298586549517 -0.526277534167
-0.213205475987 -0.299075221417 -0.526738443939
-0.212295607963 -0.299425144717 -0.526193515283
-0.212622330164 -0.298344484636 -0.52625124528
-0.213925156693 -0.298922222706 -0.527092770759
-0.212977191812 -0.298905531509 -0.527000254577
-0.213184901414 -0.298617433384 -0.526932503451
-0.212789973533 -0.298186456899 -0.526998557491
-0.213940133681 -0.299630917503 -0.527409708349
-0.213472417092 -0.299030082246 -0.527449179237
-0.214097426229 -0.299160885414 -0.527140541207
-0.213789357425 -0.298299553212 -0.527867467324
-0.213856200959 -0.298067660451 -0.528330272275
-0.215396426741 -0.298129575595 -0.528692151893
-0.215425057087 -0.299085285563 -0.529479027992
-0.215503673142 -0.298256683636 -0.529724047606
-0.215628241371 -0.298381142194 -0.530778709716
-0.217020461492 -0.298519713724 -0.531115657258
-0.217206492875 -0.298778972323 -0.532695767182
-0.218591453762 -0.29914600032 -0.534711937655
-0.21812438081 -0.299136940152 -0.534765626677
-0.21903536629 -0.298405732596 -0.535718859842
-0.218550598098 -0.298399253292 -0.535551133062
-0.218501900708 -0.298634915113 -0.536006774913
-0.219346574673 -0.298864543305 -0.535851663101
-0.218851683429 -0.29945511994 -0.535297566846
-0.218814970652 -0.298902922122 -0.535933818454
-0.219401352755 -0.299055383152 -0.535799518741
-0.219331698653 -0.298903726443 -0.535675653975
-0.219865408758 -0.299651059363 -0.536347754521
-0.220736042522 -0.298801141414 -0.537551479542
-0.2218952025 -0.299062966819 -0.539600727088
-0.22214811168 -0.298459525021 -0.541764483484
-0.224082447986 -0.299238086771 -0.543599589056
-0.22421002599 -0.298941350743 -0.545040114997
-0.223880562318 -0.300014834183 -0.544594824924
-0.223645782988 -0.299663388894 -0.543667878569
-0.224005429119 -0.298602409065 -0.544067000575
-0.224798068421 -0.299541268604 -0.544386657532
-0.22603921386 -0.300213841697 -0.546897888987
-0.226307750509 -0.300201043998 -0.548763798638
-0.227354534062 -0.300317577216 -0.550985192983
-0.228200373642 -0.299342229728 -0.552519424385
-0.229831239128 -0.299638494953 -0.55349046877
-0.22982627831 -0.29999931702 -0.552955814714
-0.228858000123 -0.29979733979 -0.552573608536
-0.229608540017 -0.299988295535 -0.552757571591
-0.230421768693 -0.30042096288 -0.553274939318
-0.230635780716 -0.299507490124 -0.55562124975
-0.232621768006 -0.299814589697 -0.557593195819
-0.235153653409 -0.300155951623 -0.561527126648
-0.237755739445 -0.300214870916 -0.567705619184
-0.238204877541 -0.300080210467 -0.569817514772
-0.239167535698 -0.300498250454 -0.572170840371
-0.238802969888 -0.299386817786 -0.573249754163
-0.239200512569 -0.299747528639 -0.572661911062
-0.239884413068 -0.299820252435 -0.572204843479
-0.240679677195 -0.299870877687 -0.571775689419
-0.240761184095 -0.300277863879 -0.571517159195
-0.24095442697 -0.29987515566 -0.572548684176
-0.24154126013 -0.300091348779 -0.573183281214
-0.242149756227 -0.299790555899 -0.574107705494
-0.242173920914 -0.29985240503 -0.575011705494
-0.241694758022 -0.300258251119 -0.575003080907
-0.242510887461 -0.300393151768 -0.575880143927
-0.242683660073 -0.300528546639 -0.575933462178
-0.242790955383 -0.300540218615 -0.575719442034
-0.24336817054 -0.300150157105 -0.576751201155
-0.243186099105 -0.300505864273 -0.576545926857
-0.243716654162 -0.299761964164 -0.57731084465
-0.244090558231 -0.300371912389 -0.578315129041
-0.244018114905 -0.299571831388 -0.578271140686
-0.244700727368 -0.300378013317 -0.57857032866
-0.244487174948 -0.300540942466 -0.578584794012
-0.244949621873 -0.300114331107 -0.579099150746
-0.245356863116 -0.299271809851 -0.580001020589
-0.245356863116 -0.299271809851 -0.580869020589
-0.245558980917 -0.300034283612 -0.58103462856
-0.245978514201 -0.299288104088 -0.581628610226
-0.246339597396 -0.299363328405 -0.581509483185
-0.24631838073 -0.299373093593 -0.581982186244
-0.24671547283 -0.299271459638 -0.58238187135
-0.2460793025 -0.299228232465 -0.581831157047
-0.245780893836 -0.299139486879 -0.581401709639
-0.246158772713 -0.29967584955 -0.582008340592
-0.24645174439 -0.299113219028 -0.582268552635
-0.246351375457 -0.298999959835 -0.582043514852
-0.246128522302 -0.298691333223 -0.582449033208
-0.246501738407 -0.299336993059 -0.582530040358
-0.246401048873 -0.298618652756 -0.582965690073
-0.247110775998 -0.298607069117 -0.583010834769
-0.24758508303 -0.298981051606 -0.583890747557
-0.24808817265 -0.299002102329 -0.584283747557
-0.247958830304 -0.298939403095 -0.583863006717
-0.248391224469 -0.298964214447 -0.584377921451
-0.248286866451 -0.299369467588 -0.585142008202
-0.248476355904 -0.298873712338 -0.584762577575
-0.248750061304 -0.298699832303 -0.584781917886
-0.248686949325 -0.298635866019 -0.585216582586
-0.249041084771 -0.298788926986 -0.585709321975
-0.249423516114 -0.298677677609 -0.585986640931
-0.249307176156 -0.298830650646 -0.586219404106
-0.249189970691 -0.298925135981 -0.586155496382
-0.249140011268 -0.298216872344 -0.586042720356
-0.249524903172 -0.299301486567 -0.586582533942
-0.249455538743 -0.299186327965 -0.586420648946
-0.249445630158 -0.298628504008 -0.586325336587
-0.24946029016 -0.29910111724 -0.586293518613
-0.249558180623 -0.299234842456 -0.587105606599
-0.249547505773 -0.299824756189 -0.586434097415
-0.249518734365 -0.299457050187 -0.586557925042
-0.24990024578 -0.299334875852 -0.587051055947
-0.24978164815 -0.299228493053 -0.587639388768
-0.250155591755 -0.299591063662 -0.587311598894
-0.250097003762 -0.299834946346 -0.587945146824
-0.25021144576 -0.298750675664 -0.588321776275
-0.25026490838 -0.299243134868 -0.587729903963
-0.250820366029 -0.299414336704 -0.588630010738
-0.251440657258 -0.299189322307 -0.589976810974
-0.251319249954 -0.299120299804 -0.589934659591
-0.251859071 -0.299266714649 -0.590810871644
-0.251856331398 -0.299312557878 -0.591062776923
-0.251777588095 -0.299191817694 -0.590872807382
-0.251817132831 -0.299178745204 -0.591158807382
-0.251817132831 -0.299178745204 -0.591514807382
-0.251603460536 -0.299175296687 -0.590534953919
-0.252123992671 -0.299228294564 -0.591345682225
-0.25219901794 -0.298205233107 -0.591588129865
-0.252106338376 -0.298869172631 -0.591225999394
-0.252048182002 -0.299102435968 -0.591441673016
-0.252487105173 -0.29815510945 -0.591931324859
-0.252487815505 -0.298749071811 -0.592124891057
-0.252400410856 -0.298675732888 -0.591871614831
-0.252283223359 -0.298598891908 -0.591823431586
-0.252357065448 -0.29913792343 -0.591842548994
-0.252676665509 -0.298662014459 -0.592097101637
-0.252735840659 -0.298428274315 -0.59265857462
-0.252716584734 -0.29926101985 -0.592844625299
-0.25262574322 -0.299009936489 -0.592640013883
-0.253086168419 -0.298098055228 -0.593386300585
-0.252905583867 -0.298509726765 -0.592907483261
-0.253258631619 -0.298579281005 -0.593378454808
-0.253179453815 -0.298276025146 -0.593968830868
-0.25310985072 -0.298743616935 -0.593686292606
-0.253135022287 -0.298243735204 -0.593690664315
-0.253566057277 -0.297848092 -0.594532791856
-0.253437963454 -0.298541346987 -0.594037968475
-0.253528944194 -0.298300464738 -0.59457992548
-0.253767044382 -0.2984941502 -0.59510292548
-0.254105823395 -0.298579488757 -0.595493091802
-0.254373227013 -0.298519269706 -0.59702721656
-0.254373304385 -0.299109366281 -0.597231541061
-0.254885171326 -0.29779376443 -0.598054986812
-0.255166167838 -0.297929121112 -0.59818182093
-0.255481361724 -0.298054527762 -0.598686611569
-0.255677395359 -0.298793444719 -0.599262354884
-0.256041656361 -0.297735740133 -0.600421340132
-0.255973053123 -0.297643388768 -0.600260333002
-0.25585902099 -0.297738544963 -0.599796209473
-0.256178523581 -0.299011624267 -0.600099368099
-0.256044567249 -0.29842734587 -0.599955015629
-0.256050552674 -0.298479504608 -0.599905126462
-0.255911743085 -0.298756990719 -0.599174532862
-0.255989983318 -0.297765622913 -0.599824247125
-0.255842045597 -0.298666535507 -0.599244137489
-0.25622925856 -0.298298993427 -0.59984112416
-0.256304389245 -0.297887571398 -0.600388656586
-0.256170466842 -0.298402946832 -0.599648466969
-0.256066104648 -0.298510221505 -0.60048647492
-0.256383280947 -0.298247062599 -0.600436913658
-0.256354327141 -0.298436338967 -0.600924163296
-0.256595238097 -0.298957923816 -0.601293101237
-0.256967567333 -0.298310057829 -0.602291445679
-0.257193754914 -0.298226066926 -0.602497114533
-0.257618402867 -0.29764525301 -0.603821244219
-0.257891861037 -0.298518330802 -0.604488783918
-0.25827316878 -0.298969556758 -0.605310109234
-0.25821999308 -0.298022100126 -0.605850974994
-0.258569396925 -0.298086859911 -0.606177503576
-0.258443469735 -0.29841032681 -0.606073385865
-0.258423008496 -0.297728100756 -0.606241703989
-0.258788796175 -0.298182937507 -0.606799308737
-0.258735962955 -0.29840744166 -0.606273504239
-0.258620221896 -0.298472307324 -0.606303103421
-0.258560715412 -0.29853375639 -0.606035388095
-0.258574719693 -0.298253844325 -0.606341920923
-0.25887880315 -0.298319636694 -0.606637693512
-0.258898972623 -0.298575216913 -0.606101343085
-0.258823961512 -0.298750748596 -0.606503776007
-0.258895842383 -0.29855864476 -0.606860343085
-0.258895842383 -0.29855864476 -0.606860343085
-0.258784306567 -0.298038228692 -0.606500615742
-0.258868317187 -0.297306435769 -0.607421448059
-0.259223391718 -0.297735589798 -0.608061136623
-0.259607833189 -0.297414637993 -0.608612817837
-0.259609026808 -0.297990488459 -0.609446837744
-0.260334291341 -0.297677110148 -0.61057161608
-0.260273393736 -0.29812231574 -0.610422394467
-0.260637992048 -0.297992277155 -0.610876077691
-0.261002560037 -0.297893922184 -0.611868857455
-0.26093944691 -0.298081864137 -0.612140429411
-0.260953770852 -0.298106746219 -0.611545007335
-0.261299957597 -0.298169198891 -0.612060645078
-0.261301500125 -0.297590913791 -0.612641570493
-0.261328256631 -0.297404921221 -0.612930460368
-0.261199313877 -0.298239023712 -0.612786200731
-0.261264258675 -0.297475627767 -0.613410631461
-0.261630231732 -0.297893397365 -0.613676439409
-0.261631993547 -0.297315765627 -0.613796225812
-0.261963139524 -0.297706653432 -0.615161693312
-0.261920150696 -0.298148555803 -0.614646379782
-0.262130019368 -0.297584439334 -0.615403987633
-0.262056244825 -0.297961395103 -0.615447702513
-0.261707792957 -0.297917038794 -0.615392433799
-0.261221908524 -0.298672961063 -0.614694444241
-0.259789799026 -0.297994556762 -0.614344036943
-0.257878900837 -0.298187991541 -0.614209191367
-0.257077216675 -0.298118052377 -0.614490268092

