0.403308397848 -0.401085164442 -0.242071927646
0.403204382099 -0.400910267095 -0.242454249396
0.402949259578 -0.401561587136 -0.241749581119
0.402328704028 -0.401396317048 -0.24129518906
0.40124895784 -0.401904330692 -0.241398235544
0.40110025302 -0.401570903416 -0.241579377342
0.400802986652 -0.40173183486 -0.24102601979
0.400396273225 -0.401091730569 -0.241706110883
0.400113344128 -0.400419813582 -0.240534901867
0.398981132325 -0.400624954262 -0.240754157804
0.397840553294 -0.400243814919 -0.241035054931
0.397495851359 -0.400077195431 -0.241077887225
0.396440903455 -0.400131316245 -0.240944293232
0.395340497526 -0.40037100624 -0.240997136937
0.39452974412 -0.400418582212 -0.240298641159
0.393370137055 -0.399695374125 -0.24089174344
0.392079957128 -0.400398533711 -0.240938582602
0.391300711765 -0.40000368827 -0.240921443368
0.390003832049 -0.399442987303 -0.240567864092
0.388093817149 -0.399982419566 -0.240755446167
0.387255535813 -0.398625199787 -0.241644959545
0.386126563923 -0.398690227432 -0.241765427757
0.384741963453 -0.399835707309 -0.24138679384
0.383377830363 -0.399179313574 -0.242182873005
0.382816529991 -0.399635137407 -0.24238179797
0.382166949735 -0.399383022354 -0.242722555843
0.380229579146 -0.399139035909 -0.242708336725
0.379653788702 -0.399371757022 -0.24236460864
0.379274392661 -0.398470432101 -0.242420660937
0.378936496593 -0.398314990999 -0.242845232454
0.376854532388 -0.398077052129 -0.242985740813
0.376695804845 -0.398462057472 -0.242807600908
0.37640887687 -0.398923225749 -0.242794215052
0.376498430577 -0.39800037421 -0.243489481517
0.376504554942 -0.398365438021 -0.24316392
0.375229615966 -0.39907141202 -0.242837805224
0.375210583231 -0.398529870284 -0.243164680738
0.374930182931 -0.399831050154 -0.242803991771
0.375059858395 -0.399347513344 -0.243063981603
0.372702975912 -0.398796848104 -0.243003520707
0.372070004507 -0.399570129202 -0.24298777622
0.370975462702 -0.399801988097 -0.243667695349
0.370893804208 -0.399829969049 -0.24306306027
0.369461702086 -0.399009234531 -0.243275704199
0.369080657179 -0.39910799975 -0.244339690588
0.36893492069 -0.397841055512 -0.244197349843
0.368669119637 -0.397348255325 -0.244487236579
0.367059676918 -0.395084370708 -0.244704078632
0.366748792284 -0.395449233252 -0.244621290964
0.366834006267 -0.393850604713 -0.244574584537
0.366391218156 -0.39250172564 -0.245669673165
0.363151864847 -0.395052712765 -0.246021119326
0.363549140947 -0.394085353853 -0.24503708794
0.363458172021 -0.392554058813 -0.245989876572
0.363844569523 -0.391468806529 -0.245776533619
0.360123742647 -0.395260777908 -0.246059598084
0.360240768688 -0.393947701219 -0.246771310695
0.36042686889 -0.39228278752 -0.247042331816
0.360657220051 -0.390768688916 -0.248049461598
0.35711404778 -0.393830432942 -0.248311991871
0.35711404778 -0.393830432942 -0.248311991871
0.35690155945 -0.392746419212 -0.248605430847
0.356495918651 -0.391387602125 -0.247712816672
0.34948582477 -0.396023659615 -0.246823032391
0.349654645145 -0.393905085403 -0.247241488421
0.349299466205 -0.39259517 -0.247836138737
0.349053847741 -0.390942098726 -0.246977306667
0.340057780776 -0.398289737832 -0.247364458722
0.338875113779 -0.397008550004 -0.248884412475
0.337526573644 -0.395645823431 -0.249728358269
0.336677265206 -0.394653128865 -0.249183242373
0.335729540691 -0.394416212388 -0.248974839435
0.326967745289 -0.40085285188 -0.250845280955
0.325388937722 -0.401313468644 -0.251367102728
0.324370529219 -0.400784047183 -0.252252689358
0.322739942621 -0.400293356909 -0.251885698353
0.316859919694 -0.402915678419 -0.252479381625
0.316355621949 -0.40268373085 -0.252261390753
0.315797768358 -0.402858299543 -0.252210711113
0.315533162664 -0.402238927342 -0.252248061232
0.314492060201 -0.402820715813 -0.251515976155
0.314052900395 -0.403417521548 -0.252455635455
0.313799822176 -0.402002609749 -0.252893421771
0.313249152707 -0.402242341135 -0.252910301711
0.312090893065 -0.402295521452 -0.253034413307
0.311777336585 -0.402144700231 -0.253037471691
0.310857836345 -0.402850631946 -0.252599200766
0.310424886235 -0.402135174169 -0.252513284672
0.307279274027 -0.401719792596 -0.254119596974
0.306074051487 -0.401686815051 -0.254350285631
0.304775920603 -0.402064824741 -0.254113177425
0.303168560156 -0.401783393554 -0.254331185206
0.30048323288 -0.402179635689 -0.255226346296
0.298782680996 -0.401195469833 -0.255642198142
0.29671285653 -0.401842403115 -0.256112468136
0.294352742408 -0.401276158601 -0.256582904221
0.292563451765 -0.401723227398 -0.256761582589
0.287076512007 -0.401365178279 -0.258822370913
0.285109695823 -0.400636051266 -0.259395149638
0.283468832772 -0.400757354405 -0.259968185263
0.280315143384 -0.400706887693 -0.260344238172
0.278254117634 -0.400455713712 -0.261507428619
0.276179297636 -0.401443612738 -0.260832617069
0.274262890931 -0.400600207088 -0.262087611503
0.271612388941 -0.400803783592 -0.262219265005
0.268089222701 -0.400530031782 -0.26423406355
0.266081036957 -0.400004265488 -0.264139398226
0.263927439165 -0.400581881112 -0.264809275178
0.25876790449 -0.399644085398 -0.266561252015
0.257619245606 -0.399767436302 -0.266562755414
0.255898940131 -0.399811013819 -0.267200748802
0.250304038447 -0.399848971349 -0.26905887797
0.248701917774 -0.399350225223 -0.270194340534
0.247827250372 -0.399457841454 -0.269827264126
0.241898343739 -0.40028026924 -0.271921133702
0.241096110266 -0.399525929267 -0.271755413816
0.240081290037 -0.399150789312 -0.271936291286
0.234174417658 -0.399109924144 -0.274144170386
0.233140814456 -0.399248295212 -0.274602054801
0.229418279447 -0.398526441173 -0.276616513504
0.22725666743 -0.398407446683 -0.277448513688
0.217192275321 -0.398980472524 -0.281443430837
0.216062050235 -0.398990171716 -0.281823016974
0.213796456101 -0.398411358172 -0.283856521351
0.20699832085 -0.397620677647 -0.285349820265
0.205852108439 -0.397781548597 -0.286270807736
0.196798158938 -0.397394345841 -0.289795184165
0.195857446355 -0.397073049633 -0.289173209385
0.193623648664 -0.396210623251 -0.290137955032
0.193336751638 -0.396535334455 -0.291740707477
0.193089847339 -0.397454213155 -0.292580677435
0.188074080143 -0.397359473468 -0.293851321669
0.18795097868 -0.397867289523 -0.293825881
0.187360289717 -0.397424093772 -0.294288512897
0.179918695457 -0.395923988267 -0.297315051327
0.178732967202 -0.39547184971 -0.298882315744
0.171974676991 -0.396180094787 -0.301242749622
0.171052335229 -0.395392024709 -0.302633253084
0.166935136518 -0.394023376579 -0.305304810918
0.1667836621 -0.393525877958 -0.306453323933
0.160517166299 -0.394334113181 -0.308251616714
0.159898066321 -0.394517505963 -0.309827519087
0.153856038796 -0.396955060862 -0.309917489697
0.153145972936 -0.397308960305 -0.310848262768
0.152515243443 -0.396197708854 -0.311802326222
0.146221122949 -0.395938638803 -0.313835518656
0.145553217385 -0.396109318208 -0.314102753391
0.142097224189 -0.396409325554 -0.314711017604
0.141637681535 -0.396516169675 -0.315421525495
0.141477831139 -0.395958370769 -0.315599583226
0.140109643908 -0.396460986845 -0.315973208112
0.140223576761 -0.396320292491 -0.315666972344
0.140250807041 -0.39633188548 -0.31589189896
0.13907852778 -0.396108849544 -0.316661779587
0.13863962582 -0.396165067528 -0.316495838879
0.138924438064 -0.395440342065 -0.316263315449
0.139098481201 -0.394874375995 -0.316578263241
0.137414674968 -0.395388794673 -0.316627567557
0.136871384202 -0.395076287227 -0.317441602416
0.136895788873 -0.395081314262 -0.317593039575
0.13657581162 -0.395051548372 -0.317641480549
0.135023172591 -0.395569149534 -0.317902451235
0.133462011862 -0.394765868091 -0.319699615555
0.133115346203 -0.394780648218 -0.320156704623
0.131308979708 -0.395005244307 -0.320878710616
0.129045758173 -0.395882356683 -0.321883293796
0.129267950365 -0.395008572356 -0.322132437783
0.127370282951 -0.395906643033 -0.322369140448
0.127285905439 -0.395684171945 -0.322763380566
0.126360190855 -0.395944592811 -0.323472991218
0.126878186697 -0.395206819517 -0.322948702655
0.125611104112 -0.395245017987 -0.32361628428
0.125094770699 -0.39502145899 -0.324225017412
0.124619664608 -0.395027762786 -0.324587662653
0.12247047369 -0.395402928123 -0.325524872368
0.12271560342 -0.395054795706 -0.325852984974
0.120776821567 -0.394694898747 -0.326793120192
0.118910347202 -0.39459930515 -0.328246868935
0.117449206786 -0.394619247261 -0.328515387072
0.116391882244 -0.395442735158 -0.328205966994
0.117351400314 -0.394793017512 -0.327812228816
0.119152718005 -0.39460139032 -0.327148935713
0.117214855576 -0.394824774665 -0.328848775878
0.117341992968 -0.394234720921 -0.329235420388
0.115477445424 -0.395185445011 -0.329440537625
0.114876234287 -0.394982950832 -0.330438123648
0.11240785524 -0.394738073524 -0.33104657905
0.111758686912 -0.395111820965 -0.331912496446
0.110291244808 -0.394707362311 -0.331918807301
0.109836798744 -0.394907610033 -0.333129469363
0.108573201841 -0.395333102638 -0.332988976615
0.108839427921 -0.39420995605 -0.333780564829
0.108437659437 -0.394615083854 -0.333304566444
0.108614239325 -0.393277999102 -0.33403828067
0.108847571488 -0.39389319728 -0.334159559255
0.107399105357 -0.393916053264 -0.334435184171
0.105222925371 -0.394580304095 -0.335890180973
0.104803481664 -0.393836736349 -0.336564223581
0.10185923442 -0.394398569456 -0.337726693141
0.0992791340005 -0.395006612924 -0.339057615988
0.0989340404177 -0.394108846298 -0.339630685697
0.098913143132 -0.394450352903 -0.340482323471
0.096573143377 -0.393787122235 -0.341044098673
0.0955604585617 -0.394493087657 -0.341323887294
0.096312178287 -0.394132121951 -0.341144017632
0.0940014469524 -0.394781145834 -0.341738498309
0.0942771967129 -0.394423104051 -0.342374774367
0.0930941642587 -0.393815678959 -0.342900020941
0.0926026824743 -0.393049980058 -0.343847327997
0.0904114367799 -0.392906032368 -0.344766043975
0.0905746475841 -0.393645699129 -0.345134337776
0.0906149729754 -0.393639423883 -0.345288994001
0.0884516354848 -0.393970573765 -0.345649874621
0.0874757808145 -0.39303382233 -0.345495886813
0.0875316544142 -0.39302724548 -0.345702950788
0.0875366138943 -0.393060065912 -0.345488139754
0.0879572571124 -0.393807203484 -0.345148748447
0.0884495213101 -0.393999802654 -0.345248537217
0.0875501027266 -0.393450836966 -0.346465407896
0.0860972366086 -0.392588025289 -0.347025757197
0.0862536098338 -0.392254739117 -0.346878091226
0.084485744813 -0.393359740634 -0.347667158779
0.0837845515474 -0.393304025263 -0.34840332042
0.0839440182311 -0.393503919425 -0.348426815574
0.0840519314375 -0.392943718298 -0.34886139476
0.0831836369147 -0.392677516287 -0.348846368764
0.081652912599 -0.39252093241 -0.350259000679
0.082246613037 -0.392723111899 -0.349983620436
0.0809019282162 -0.393262815321 -0.350311909933
0.0793164478467 -0.393973637327 -0.350516233221
0.0779232418152 -0.393211797722 -0.352985196581
0.0766188693051 -0.393069706407 -0.353594556258
0.0756370528059 -0.393624455881 -0.35407243044
0.0747439301983 -0.393184311996 -0.353977319263
0.0731449652964 -0.393528689807 -0.355267349683
0.0733768504556 -0.393172394983 -0.355201700773
0.0731449652964 -0.393528689807 -0.355645349683
0.0733914719236 -0.393399863447 -0.35534904227
0.072498669949 -0.393807171002 -0.355513964714
0.0725541329053 -0.392491821521 -0.356587594549
0.0720630600841 -0.392930149656 -0.35644671562
0.0726573258216 -0.39312990301 -0.356535733026
0.0724492505148 -0.393272423712 -0.356695069357
0.0713343501563 -0.393500450101 -0.3563720795
0.072069228745 -0.392248827934 -0.356058862645
0.0721655619895 -0.393169155879 -0.356729896488
0.0709028440924 -0.392574132312 -0.356972775662
0.0709049050061 -0.393535773577 -0.357764456946
0.0693950973808 -0.39272837693 -0.358424865959
0.0687308204091 -0.393083955808 -0.359409617713
0.0670748689625 -0.3923915019 -0.360657562155
0.0660482554759 -0.392665209599 -0.360281064826
0.0659131395574 -0.392804077424 -0.361677837781
0.0645044373351 -0.392089780765 -0.362302536741
0.0634009545899 -0.39214930549 -0.362927729946
0.0632988690828 -0.39228112267 -0.363305855214
0.0635580929108 -0.392343346482 -0.363069673169
0.0615716023542 -0.392501959729 -0.364479283926
0.0598252306109 -0.392967429093 -0.365670240005
0.0593024988308 -0.392217867124 -0.366563536461
0.0565483235777 -0.392329725654 -0.368032109433
0.0553266087497 -0.391773847155 -0.369150832558
0.0544032339243 -0.391448998438 -0.369457802319
0.0546219259087 -0.391854232095 -0.369821888243
0.055813388226 -0.39243943184 -0.3691969365
0.0564199932422 -0.391869274997 -0.36925076096
0.0560375966305 -0.392042353362 -0.369925509258
0.0538651676318 -0.391959086505 -0.369928981297
0.0524055595359 -0.392195849693 -0.371258300825
0.0528396157245 -0.392197203804 -0.371516820899
0.0534116289086 -0.391632921728 -0.37157964044
0.0526649232089 -0.391460741322 -0.371015081136
0.0529927539327 -0.392021402652 -0.371612097749
0.0518726859925 -0.39142157551 -0.372381434977
0.0507534860137 -0.391227958417 -0.373174706273
0.0507386220014 -0.391225850785 -0.373646996816
0.0490326334727 -0.391476048107 -0.374841817643
0.0479427501406 -0.391524267275 -0.37517487924
0.0482499254651 -0.391889451775 -0.375305662173
0.0470718665175 -0.391315578103 -0.376743250543
0.0459403334691 -0.392041155719 -0.376995859648
0.045352033481 -0.391844474065 -0.377567220168
0.0436428087931 -0.391694257402 -0.378373521629
0.0435703445714 -0.392248079459 -0.378395700351
0.0416357464651 -0.391727307013 -0.379834202991
0.0414066742559 -0.392085890383 -0.380291304585
0.040127305425 -0.391509041348 -0.381362721711
0.0387490744401 -0.391807211101 -0.382157825327
0.0388733292085 -0.3920088835 -0.382357655459
0.0377445781344 -0.390970611519 -0.383561408981
0.0379208880862 -0.391362356411 -0.383546902768
0.0361547245118 -0.391517873395 -0.385156131203
0.036187828517 -0.391512410738 -0.385301389217
0.0346967196877 -0.391459032517 -0.386154131203
0.0362185955852 -0.390682523609 -0.38536714954
0.0350500692665 -0.39158881459 -0.385339222862
0.0354792631867 -0.390624937601 -0.385715242475
0.035553608965 -0.391158214172 -0.385706117709
0.0358968865718 -0.390950569638 -0.385863050762
0.0343519240845 -0.391943811072 -0.385882493397
0.0327439902352 -0.390752811178 -0.387703027593
0.0321668746776 -0.39109093677 -0.389047492667
0.0308959307111 -0.391325265036 -0.389817925651
0.0304779568631 -0.392088486149 -0.390054590371
0.0301327553715 -0.390681682662 -0.390709879123
0.0286817741152 -0.391432320592 -0.391049221302
0.0292509675435 -0.391433761459 -0.391145916472
0.0279039986839 -0.391187343993 -0.391722076204
0.0282078677291 -0.391326113608 -0.392371961401
0.0263272891318 -0.390964345895 -0.393445864858
0.0256691339592 -0.391917264007 -0.394171251041
0.0263981880381 -0.390978906506 -0.394312929715
0.0257270359188 -0.390811581424 -0.39448270899
0.0257292701665 -0.391575868467 -0.394494068159
0.0255818766308 -0.390947554154 -0.395397926261
0.0211939437784 -0.390680560222 -0.397268755656
0.0190997982871 -0.390961143681 -0.400529633608
0.016905807099 -0.3914209884 -0.401432819791
0.0161843078528 -0.391931132949 -0.401101967913
0.0166368908828 -0.391156000911 -0.402101202994
0.015777406715 -0.39055639214 -0.402869352734
0.0152663958726 -0.391336127518 -0.402350073172
0.0140677559657 -0.391388048409 -0.402910312298
0.0147626451787 -0.3910282812 -0.403114914854
0.01339845057 -0.390832687298 -0.403890272869
0.0135187561873 -0.391042211602 -0.40434560866
0.0122870585143 -0.391316456599 -0.404431447014
0.0126033880826 -0.391107240959 -0.404997660434
0.0126559156986 -0.391441247007 -0.405271673784
0.0111232974664 -0.391268827292 -0.405639729525
0.011242960609 -0.391479423612 -0.405771530399
0.00959443858178 -0.390854326917 -0.406547729525
0.00950840442938 -0.391758530562 -0.406900018593
0.00930247617203 -0.390401655076 -0.40749702149
0.00780038303303 -0.390569954521 -0.408417292898
0.00717249157155 -0.390716940171 -0.40956793442
0.00558521067038 -0.390823084683 -0.411505195366
0.00219522409502 -0.390509156497 -0.414423145803
0.00263527650662 -0.390509070871 -0.414238011403
0.000477035300015 -0.390750454441 -0.414765280605
0.000781206917475 -0.390534039583 -0.415688446517
-0.000496591792225 -0.390122738675 -0.416948787385
-0.00213314800119 -0.389689581157 -0.418591821773
-0.00390453127621 -0.390006400137 -0.419074561274
-0.00513432181797 -0.390513953623 -0.421056801262
-0.00649178612614 -0.390147178384 -0.42124119461
-0.00616788863716 -0.389929147092 -0.421940449418
-0.00613443171849 -0.389923853944 -0.421746763357
-0.00803909372338 -0.389896478447 -0.4228628457
-0.00691417129259 -0.390296470351 -0.422599864519
-0.00831216078361 -0.390487291647 -0.422412683781
-0.00831216078361 -0.390487291647 -0.422412683781
-0.00738918906863 -0.390040768441 -0.423271275938
-0.00831529520239 -0.389723503128 -0.423398194454
-0.00951512966137 -0.389880392836 -0.4231638678
-0.00797932543244 -0.390086505696 -0.423006575471
-0.00870293006528 -0.390151140752 -0.42339950959
-0.0102915101316 -0.390657854908 -0.424411424803
-0.0123027003167 -0.390077793019 -0.42636613491
-0.0128002592304 -0.390878578665 -0.426619926292
-0.0141116113468 -0.390003290133 -0.428563955868
-0.0149606458734 -0.390005105424 -0.428774566801
-0.0150171074944 -0.389571149566 -0.430099899005
-0.0150930556134 -0.39013394442 -0.430129557642
-0.0161317351616 -0.389970059461 -0.43078680471
-0.0161463157891 -0.389966102633 -0.431222655334
-0.0166610811876 -0.38963744183 -0.431923312736
-0.0184738439613 -0.389420227336 -0.433586631679
-0.0190275729071 -0.390330638982 -0.434230822717
-0.0207226963531 -0.390177930243 -0.435031206508
-0.0213502909709 -0.389311578122 -0.436956636039
-0.0231472761704 -0.390491745452 -0.438134397747
-0.0230618651829 -0.390723348485 -0.438474871663
-0.0240732574101 -0.389383447196 -0.439217233647
-0.023337153993 -0.389714876464 -0.438883313431
-0.0233567054171 -0.389519411002 -0.43926050294
-0.0239021253816 -0.389694590362 -0.438788718954
-0.0241953708961 -0.389642064546 -0.438761352419
-0.0233066316063 -0.389593745196 -0.439125711557
-0.0234567364363 -0.390028073742 -0.438173300424
-0.0235084922002 -0.390061555369 -0.437823053977
-0.0245951832901 -0.390157293001 -0.438512492417
-0.0240072740417 -0.390374684161 -0.43844842545
-0.0246683007527 -0.389768149806 -0.439768273752
-0.0267626449466 -0.390827961911 -0.442572465066
-0.0294252822247 -0.389434004919 -0.445529662878
-0.0310851737558 -0.390026884596 -0.446073133033
-0.0310084099369 -0.389461876735 -0.447204854295
-0.0326696756732 -0.390510463565 -0.448686989073
-0.0325052816817 -0.38917780522 -0.449477408426
-0.0337085237552 -0.390060494762 -0.449588782621
-0.0325932168909 -0.389513124307 -0.449273466534
-0.0342755299761 -0.38991333787 -0.449827640352
-0.0339049611158 -0.389223516865 -0.450577096581
-0.0349995786387 -0.389760976826 -0.449981514667
-0.0346498253894 -0.389518966583 -0.450564560619
-0.0363426093042 -0.390109826263 -0.451602719599
-0.0377428798976 -0.389954107426 -0.453322272496
-0.0376156357251 -0.389148820489 -0.454945092692
-0.0388286404521 -0.389351804933 -0.45584336902
-0.0385150291582 -0.389268948993 -0.456666623636
-0.0403545421227 -0.389458209136 -0.45722945087
-0.0408879097088 -0.389286827669 -0.457897383588
-0.0404051918357 -0.390094616112 -0.457449343809
-0.0403426126093 -0.389286176228 -0.457045331571
-0.0395690182739 -0.389382692157 -0.457775413877
-0.0409305412986 -0.389492344168 -0.457768233235
-0.0407180215933 -0.389634225162 -0.458170179524
-0.0435337877298 -0.389513256105 -0.460642386216
-0.0434575382767 -0.389763429334 -0.460961946021
-0.0455986284052 -0.390138369879 -0.46234216367
-0.0460203936542 -0.390293394553 -0.463988757898
-0.0470775365627 -0.389030567074 -0.464876665448
-0.0470408445056 -0.389214873221 -0.465198155518
-0.049118590923 -0.389650624711 -0.466011321677
-0.0489229616183 -0.389125903391 -0.466519887218
-0.0509889678 -0.389263024751 -0.468074162519
-0.0518348993558 -0.389243843925 -0.468996230988
-0.0522152090136 -0.3886964214 -0.468877421692
-0.0526051173989 -0.3898589609 -0.469873447264
-0.0534627906697 -0.390281848987 -0.470719427983
-0.0541820485751 -0.389011541596 -0.473749695895
-0.0570134934942 -0.388834823972 -0.476814243922
-0.0589229645716 -0.388729472545 -0.477430704953
-0.0600269587477 -0.389471420621 -0.479329463814
-0.0614398484279 -0.389741638571 -0.479702989518
-0.0612188621513 -0.390059846321 -0.479919582754
-0.0608828452432 -0.389540893042 -0.48003586622
-0.0613036467868 -0.389246808828 -0.480199444345
-0.0616937603115 -0.389429159239 -0.480007406272
-0.0623022562823 -0.389934764583 -0.480595540459
-0.0624728592582 -0.389409855696 -0.480891335585
-0.0629883774053 -0.389434330713 -0.481605280406
-0.0625290012193 -0.389794130028 -0.482298489003
-0.0636117001231 -0.38988902353 -0.483402659729
-0.0646808667509 -0.388401425737 -0.484604994166
-0.0640743685845 -0.388448818613 -0.484428417148
-0.0654799468704 -0.389500137373 -0.485678476522
-0.0665594304899 -0.388472328943 -0.487058967681
-0.0661464048672 -0.388645371424 -0.487547137423
-0.067666406468 -0.388715786619 -0.488077395572
-0.0681842538226 -0.388557871411 -0.488308004813
-0.0689154174185 -0.389380469179 -0.488759791861
-0.068966662906 -0.389397187277 -0.488782835454
-0.0694414635542 -0.389126193848 -0.490474233132
-0.0706259389906 -0.38862614895 -0.491947012569
-0.0716486250965 -0.388876063021 -0.492959317497
-0.0714823720943 -0.389045367849 -0.494288341384
-0.0729934479736 -0.388684980562 -0.494327938264
-0.0731324154794 -0.388797587241 -0.495375577667
-0.0738730229018 -0.388596445981 -0.495513502565
-0.0734849517933 -0.388331899347 -0.495314592845
-0.0735933547884 -0.388912336753 -0.495607480497
-0.0739654279274 -0.388709753148 -0.495256605854
-0.0738229016303 -0.389138741266 -0.496225513829
-0.0727060218676 -0.388541588581 -0.495713587475
-0.0736104290461 -0.388964924497 -0.495213342732
-0.073903077478 -0.389020689132 -0.495740004663
-0.0744924409379 -0.388790426372 -0.495995583563
-0.076259164604 -0.389034087673 -0.498432612198
-0.076687866523 -0.389199729563 -0.499111990307
-0.0772660293864 -0.389300155242 -0.500855358435
-0.0782023755465 -0.389310933653 -0.50233719249
-0.0775199817413 -0.38899369222 -0.5020351425
-0.0793817120046 -0.388676235473 -0.50409372591
-0.078326178337 -0.38789316085 -0.504067373852
-0.0803562946361 -0.388071583961 -0.504932586646
-0.0818603473004 -0.388945334393 -0.505748353177
-0.0828179021372 -0.388513261545 -0.506772753369
-0.0814500799238 -0.387731009184 -0.506919974974
-0.0828538157618 -0.388891168239 -0.508200192776
-0.0839359332648 -0.388495529603 -0.509041852601
-0.0858384820086 -0.388206904051 -0.511199349034
-0.0855508939321 -0.388512799982 -0.511224184045
-0.0865788874665 -0.388439031383 -0.511410142076
-0.0858732959725 -0.388122078616 -0.511202257236
-0.0861985844938 -0.389134266113 -0.511327809275
-0.0858043227145 -0.38885685642 -0.511506576678
-0.0851777958018 -0.388261894515 -0.511351916427
-0.0854348607004 -0.388458456542 -0.511578993416
-0.0865839194883 -0.387921341701 -0.512753173483
-0.0868097889032 -0.388037474221 -0.513185244647
-0.0867289607112 -0.388117366236 -0.513332010453
-0.0885169468714 -0.388309437107 -0.51485575383
-0.0885578623831 -0.387637184647 -0.515555797842
-0.0908431399584 -0.387934940756 -0.51679828084
-0.0911179002631 -0.388347644886 -0.519142180641
-0.0927787408536 -0.387886269284 -0.519848824931
-0.0932258114442 -0.387417456765 -0.521073240422
-0.0926275331889 -0.387688658152 -0.520843468138
-0.0932919757302 -0.387488472972 -0.521317906752
-0.09388241815 -0.387589905587 -0.522902831219
-0.0944138126723 -0.38750967953 -0.522852120516
-0.094890952603 -0.387510936686 -0.523493402442
-0.0950646483258 -0.387198587168 -0.523333471932
-0.0958253732324 -0.387703687053 -0.524216716921
-0.0962031926239 -0.387129375497 -0.525717733677
-0.0960209009397 -0.387582790386 -0.525282175946
-0.0966590308245 -0.387355143881 -0.526035997922
-0.0966359077866 -0.387150566977 -0.525648590973
-0.0965167661866 -0.387619597446 -0.525782451638
-0.0971300107075 -0.387056937164 -0.526304375381
-0.0984331422046 -0.387153934471 -0.528525722672
-0.099003993961 -0.386853849683 -0.529562382711
-0.100081807266 -0.387639684983 -0.531236496188
-0.099856389886 -0.388183316829 -0.530927299745
-0.100455788273 -0.386872822435 -0.532264838329
-0.100780596441 -0.386962021927 -0.532340528038
-0.100773599665 -0.386996750307 -0.532635887919
-0.100897539394 -0.387464921475 -0.532426489367
-0.101109493916 -0.386891230177 -0.533382795737
-0.100979236348 -0.386754149165 -0.533232232181
-0.101566917179 -0.387431164265 -0.533853441972
-0.101231786078 -0.387013997994 -0.533380921623
-0.101596958616 -0.386937093319 -0.534139183549
-0.101837223281 -0.387327472921 -0.534197695826
-0.102334188578 -0.387334530907 -0.53510569099
-0.102939928539 -0.386503437587 -0.536280289453
-0.102695126451 -0.387224793083 -0.536020278945
-0.103281110693 -0.387441545241 -0.536432206237
-0.10303138017 -0.38652721228 -0.536335266224
-0.103004257607 -0.386749905555 -0.5368325296
-0.102984791652 -0.386183078881 -0.536683404657
-0.102970510941 -0.387226571738 -0.536357124607
-0.10308283593 -0.387272307731 -0.536954796626
-0.103523922419 -0.38693045722 -0.537327872707
-0.103893664258 -0.386864567518 -0.537934859179
-0.104220677364 -0.386731353197 -0.538103807145
-0.103824291773 -0.38698809496 -0.537928964361
-0.103815360085 -0.387018634477 -0.538138771093
-0.104033065541 -0.386573160248 -0.537778690206
-0.10408973701 -0.387000348161 -0.538169226882
-0.104230983995 -0.386566398253 -0.538342894527
-0.104664111658 -0.387205060567 -0.538933738833
-0.104698721426 -0.386618698348 -0.539361640343
-0.104944743734 -0.386759870693 -0.53948854535
-0.104786570432 -0.386680331417 -0.539359222953
-0.105230992129 -0.386515414693 -0.540071367797
-0.105284637337 -0.386819483083 -0.540519999052
-0.105491558448 -0.387166981843 -0.540322206294
-0.105729372388 -0.386121059958 -0.541172691544
-0.106297239392 -0.386682298405 -0.541861079552
-0.106414931175 -0.385875530393 -0.541646686424
-0.106384024288 -0.387166569343 -0.541950694851
-0.10662201236 -0.386509377228 -0.542155082086
-0.106503092905 -0.386396876733 -0.542242273284
-0.107056200229 -0.385792359428 -0.543300113942
-0.107152437226 -0.386824101962 -0.542676114162
-0.107131753264 -0.386793074813 -0.543328839558
-0.106909654677 -0.386103302763 -0.543066592828
-0.1072605056 -0.385989988123 -0.543224767434
-0.107161657712 -0.385693592839 -0.543034406563
-0.107133970694 -0.385882179146 -0.543217157959
-0.107610061377 -0.385889038469 -0.544080185368
-0.107597221172 -0.387139374935 -0.543562247517
-0.107374911586 -0.385989965758 -0.543952534602
-0.107463425521 -0.385849966001 -0.544254717333
-0.107457121177 -0.386070964683 -0.544097285192
-0.10729990329 -0.386169521437 -0.543881882392
-0.107671568258 -0.38588626703 -0.544295230915
-0.107571614682 -0.385772187755 -0.544411137385
-0.107923499131 -0.385912927892 -0.54458743352
-0.108299572455 -0.385612658446 -0.545447308337
-0.108747283403 -0.385843314844 -0.546857181365
-0.108814204431 -0.386866910645 -0.546053766042
-0.108944140839 -0.386404810988 -0.54612107905
-0.108967121739 -0.386092950942 -0.546399164056
-0.109219927149 -0.385754690993 -0.547093293527
-0.109332970929 -0.386128472392 -0.547237909479
-0.109758883405 -0.385994258903 -0.547585487107
-0.109551131006 -0.38590245699 -0.547003809961
-0.109637584721 -0.385869053966 -0.547433184066
-0.110216686172 -0.386478295142 -0.548036998853
-0.110127880849 -0.385717016332 -0.548701417936
-0.109979235818 -0.385766936944 -0.548794194381
-0.110320264055 -0.385631338266 -0.549306777942
-0.110650115785 -0.385704367838 -0.549848595246
-0.110603348154 -0.386542608941 -0.549463265793
-0.110599783201 -0.385957235009 -0.549518003837
-0.11050141618 -0.38531547555 -0.549327039513
-0.110392099479 -0.385190098223 -0.54963284546
-0.110911903705 -0.386363335681 -0.549835900623
-0.110731933992 -0.385157840204 -0.550029181153
-0.110794297228 -0.385631225087 -0.549866299155
-0.110914198947 -0.386169008599 -0.549637308615
-0.109810360125 -0.385275301814 -0.549638525512
-0.110359493119 -0.385963601004 -0.550523425255
-0.111099114262 -0.385831627068 -0.550187451316
-0.111051926026 -0.38626109223 -0.550792213053
-0.111436215935 -0.385345924024 -0.551646115989
-0.111872871049 -0.385545748438 -0.552351940169
-0.112353545615 -0.385540633578 -0.552698115989
-0.111904595729 -0.385537117061 -0.552852042612
-0.111969177595 -0.385256319454 -0.553045414617
-0.112064410198 -0.385241142247 -0.553579117682
-0.112081382435 -0.385048411883 -0.553582290055
-0.112075400223 -0.385820208533 -0.553577146196
-0.113177085384 -0.385764288811 -0.553836255172
-0.113267886707 -0.385779499516 -0.554285997192
-0.113232198441 -0.385008711127 -0.554371546699
-0.113214982695 -0.385201473138 -0.55436835618
-0.113124068899 -0.38522019603 -0.555029718273
-0.11289473699 -0.385572387454 -0.554906846852
-0.113820578443 -0.38506143081 -0.55489148492
-0.113369420964 -0.385086463132 -0.555355114768
-0.11398309736 -0.385328294213 -0.556073790813
-0.114290739512 -0.386034309809 -0.556031164118
-0.114852310296 -0.38533268119 -0.555809875607
-0.114630917894 -0.385604334828 -0.555414907914
-0.115220758682 -0.385016783341 -0.556501371077
-0.114798296847 -0.385375516394 -0.555963554339
-0.114865570883 -0.385121120344 -0.556165528287
-0.115189466632 -0.385212567272 -0.556145391583
-0.115001595273 -0.384927676119 -0.555964460137
-0.115100629792 -0.385564929938 -0.556187727855
-0.115088132221 -0.384995459082 -0.556872460137
-0.115428230112 -0.385659942563 -0.556481196262
-0.115328903348 -0.385018209194 -0.556493840746
-0.115432536016 -0.385576406813 -0.556493530433
-0.115432536016 -0.385576406813 -0.556493530433
-0.115432536016 -0.385576406813 -0.556798530433
-0.115417679748 -0.38530055419 -0.556792866817
-0.115307969701 -0.385358808692 -0.556784240983
-0.115354029794 -0.385165595855 -0.556587641135
-0.115677688737 -0.385395050823 -0.556780762591
-0.115603382567 -0.38506592269 -0.556724330589
-0.115708062177 -0.38562589865 -0.556926505657
-0.115619888205 -0.384990541903 -0.557048260083
-0.115731745413 -0.38479546167 -0.557927510326
-0.116312204866 -0.384871231249 -0.558544686335
-0.116398547979 -0.385624424987 -0.558778302205
-0.116294400313 -0.385064249201 -0.559168586531
-0.116821017136 -0.385242859809 -0.559336302205
-0.117033760683 -0.384831157501 -0.56053315421
-0.116940450315 -0.384725199664 -0.560814973321
-0.117593393578 -0.38547916598 -0.5619785004
-0.117972702127 -0.384540860488 -0.562434372981
-0.11844929094 -0.38394134184 -0.563681972492
-0.117899505093 -0.384127156257 -0.56374427497
-0.11804039573 -0.383853416331 -0.56375403686
-0.118905994156 -0.38480094835 -0.563525936602
-0.118364264269 -0.385576945045 -0.562770837031
-0.11871497031 -0.384765013701 -0.5628855123
-0.118508260841 -0.383919542697 -0.563847321127
-0.118742906316 -0.384782835352 -0.563736417197
-0.118426040771 -0.384588623037 -0.564529705853
-0.118540047305 -0.384682378425 -0.564767917547
-0.118578902109 -0.384349483304 -0.565684361922
-0.119723487105 -0.384481127211 -0.566827632905
-0.12115728532 -0.384706770596 -0.56848185026
-0.121131435394 -0.384607105984 -0.568698840515
-0.121067580803 -0.384417391963 -0.569346512412
-0.121776890027 -0.384841966066 -0.570046020842
-0.120818012675 -0.385018900564 -0.569795949844
-0.121863859172 -0.384766892746 -0.571166415068
-0.121852779818 -0.3854700238 -0.570713986292
-0.12134354337 -0.384907919396 -0.571332235468
-0.121572086948 -0.385055806039 -0.571413078512
-0.120967346906 -0.385366988141 -0.571229439798
-0.121633939209 -0.385108149426 -0.571623924633
-0.123039021832 -0.385129189934 -0.570925185861
-0.122186933994 -0.386085775464 -0.571699803237
-0.122862463754 -0.385381438347 -0.572386753557
-0.123263099778 -0.385882348192 -0.57173981282
-0.123539612281 -0.385904766406 -0.572241503882
-0.121793723815 -0.384775564926 -0.572082383446
-0.123089174949 -0.385207308165 -0.573228571367
-0.121940458681 -0.384651580276 -0.573476063452
-0.123410022613 -0.384097478428 -0.574145105805
-0.125235430672 -0.386148840912 -0.574683628404
-0.126817512177 -0.386575650547 -0.575827573272
-0.127719931391 -0.386277105892 -0.577708271775
-0.127590356251 -0.386090675297 -0.578404106816
-0.128522761997 -0.386422260867 -0.579319211756
-0.128380155248 -0.385748917985 -0.579346664391
-0.129101755559 -0.385956734591 -0.579703568579
-0.128170915656 -0.386322039912 -0.579576559535
-0.128535815593 -0.385441441025 -0.580384531505
-0.129582347812 -0.385561562892 -0.582192898747
-0.129406890056 -0.38518583203 -0.582753119762
-0.130591809803 -0.38569219556 -0.58363926311
-0.131990960966 -0.386372949565 -0.585175523658
-0.131370863984 -0.385205654726 -0.58515317727
-0.132151345695 -0.386261128818 -0.585157271205
-0.132361243653 -0.386806752285 -0.585094655393
-0.133592184883 -0.387093624559 -0.586164356057
-0.134171287202 -0.387538874947 -0.587158986576
-0.135847627784 -0.386967875144 -0.589975836435
-0.136379083583 -0.386970312948 -0.591711555786
-0.136794859769 -0.386968503383 -0.592645580736
-0.136790126116 -0.386356039075 -0.593267892494
-0.136750723421 -0.387011091563 -0.592609331608
-0.136890775303 -0.387661973888 -0.592674807497
-0.137228096177 -0.386949498344 -0.593555554667
-0.1373609473 -0.386448928632 -0.593533703317
-0.137241373045 -0.38704527502 -0.593580133936
-0.137275670302 -0.386931917659 -0.593400333003
-0.137360259861 -0.386719781509 -0.593928076361
-0.137356145721 -0.386711692076 -0.594066660201
-0.137455877129 -0.386564118263 -0.594270813701
-0.137770337221 -0.386969679524 -0.594747433716
-0.137893752389 -0.387397573742 -0.594734043036
-0.138106106992 -0.38720043144 -0.595682253972
-0.137954943426 -0.386502449433 -0.595576384095
-0.137911065572 -0.38678841126 -0.594580345179
-0.138110530637 -0.386755466624 -0.59599668403
-0.137651489153 -0.386632786881 -0.59543220202
-0.13797922258 -0.386669355377 -0.595723989148
-0.137656770407 -0.386465442665 -0.596603509568
-0.137979937984 -0.387366644302 -0.5961524664
-0.138062364634 -0.387162632432 -0.596617630983
-0.13841228549 -0.38657660357 -0.596493756861
-0.138810744531 -0.386628406324 -0.597413966584
-0.137673630793 -0.387406037911 -0.597192050102
-0.138175863496 -0.386338290108 -0.597885962509
-0.138315090035 -0.386606565572 -0.597481214578
-0.137541664652 -0.386737854114 -0.598178434988
-0.13838935246 -0.386837639801 -0.598013760195
-0.138329036314 -0.386394621686 -0.599760244051
-0.137456188719 -0.386428838802 -0.599578481193
-0.138681313389 -0.386202640695 -0.600073017235
-0.139847874589 -0.386373439989 -0.600348860558
-0.139580700894 -0.387066307627 -0.60114097941
-0.139450177585 -0.38684996516 -0.602510939814
-0.141275101243 -0.386681917086 -0.603942416996
-0.141221763409 -0.38602023161 -0.604455879337
-0.141258238615 -0.386346896107 -0.605692523374
-0.141464651846 -0.387503135915 -0.605821827646
-0.142541581698 -0.386489400926 -0.606434543248
-0.143537570245 -0.386605428624 -0.608231862176
-0.143306748937 -0.386066371904 -0.6082620736
-0.143382367651 -0.38748864572 -0.608128059099
-0.143302219428 -0.386474881026 -0.608192946894
-0.143258186253 -0.386331119391 -0.607843911295
-0.143309497844 -0.386952705651 -0.607901632803
-0.143758208063 -0.386810380526 -0.609063129472
-0.143685249524 -0.38593511135 -0.609076568341
-0.1436118191 -0.386873628056 -0.608108072139
-0.143515196366 -0.386220127176 -0.608141253389
-0.14410064144 -0.386582116157 -0.60932587274
-0.143850265111 -0.385970271764 -0.608922472012
-0.143850265111 -0.385970271764 -0.608921472012
-0.143962223514 -0.386569352961 -0.609209617854
-0.143963311467 -0.38652885516 -0.609209617854
-0.142373671833 -0.38639546707 -0.610527293005
-0.142594878444 -0.386607788391 -0.61093678279
-0.14422146623 -0.387268897109 -0.613015071416
-0.144025815009 -0.386370432635 -0.614962573862
-0.144774721416 -0.387409310281 -0.615733658247

