0.397818119046 -0.320513979355 -0.238620013279
0.397755272822 -0.321215256177 -0.238588978774
0.398066546285 -0.320560492086 -0.23774230267
0.397576660199 -0.319615908586 -0.23870962798
0.396948201204 -0.319138852785 -0.238521443033
0.396412875072 -0.319210740671 -0.238171752899
0.395838480959 -0.318776735616 -0.238189521703
0.395404574166 -0.318944110014 -0.23801335649
0.395288410394 -0.318735109166 -0.23800494411
0.39432810618 -0.317458117778 -0.238007727423
0.392759676581 -0.317099492805 -0.238070529642
0.392361983668 -0.317671922164 -0.23693338577
0.391470982661 -0.317251054291 -0.237192829451
0.390141681485 -0.317768581762 -0.237474968672
0.389327896189 -0.318009628441 -0.237327967433
0.387484133512 -0.317623001154 -0.237573224102
0.386705985687 -0.317486963624 -0.237589130365
0.385483480495 -0.318315384931 -0.237848017325
0.384655763961 -0.318323884981 -0.23690523333
0.382491746776 -0.317995487197 -0.237562363009
0.381417102606 -0.318875468727 -0.238161973983
0.380034729811 -0.317183099287 -0.238776952006
0.378694156253 -0.317244286607 -0.23767429308
0.376848530202 -0.317550643562 -0.2377970781
0.374670359082 -0.317551765728 -0.23843696241
0.373276932038 -0.317641144349 -0.238819045499
0.37208241682 -0.316452126163 -0.238402739483
0.370159334947 -0.317331848191 -0.238423400099
0.367729581943 -0.317048994886 -0.239270168765
0.36627829003 -0.317550994685 -0.239447122753
0.363847700952 -0.317464358787 -0.239939185208
0.361630703036 -0.317588009149 -0.240450827771
0.360451626052 -0.317242559096 -0.239477144599
0.35719569097 -0.31727044622 -0.240404909702
0.355315248578 -0.3171908741 -0.241365633398
0.353571714749 -0.316649854997 -0.241813970391
0.35136684735 -0.31753235502 -0.241330699888
0.34812292203 -0.318114639168 -0.241949876945
0.346561661039 -0.31772515696 -0.241581712336
0.344493480368 -0.317679694866 -0.242526865439
0.342019258798 -0.317725275887 -0.242840199811
0.340504322808 -0.317333403912 -0.242836848061
0.337497705218 -0.316953973785 -0.243710873501
0.335942088756 -0.317742519052 -0.24408522673
0.33375367515 -0.316778633814 -0.245232593112
0.331845256422 -0.317435686097 -0.244324741707
0.32808767862 -0.317961050364 -0.245884282207
0.326341342387 -0.316990918471 -0.246075539366
0.324433930557 -0.317374263381 -0.245916341828
0.322259212902 -0.318255123638 -0.246163793133
0.320333707052 -0.31771193014 -0.246134149243
0.317437312101 -0.318045894531 -0.247933244024
0.315752742171 -0.317516683831 -0.247839060633
0.314044314408 -0.317364714477 -0.247492879209
0.312166878818 -0.318050562418 -0.247968395527
0.309266212657 -0.317886697895 -0.249516611712
0.30752883729 -0.317793433761 -0.249567340422
0.305585798287 -0.317695975465 -0.250019465903
0.303746601539 -0.318035937089 -0.249269053269
0.302571017661 -0.31810386205 -0.249758878247
0.299902791347 -0.318220275868 -0.250402467102
0.298325115524 -0.317973712401 -0.251087279533
0.296731446913 -0.317644977026 -0.251187687159
0.294742833783 -0.317867352577 -0.251382414387
0.292842490089 -0.317690352333 -0.252314803005
0.290137666975 -0.317949329775 -0.252780965356
0.288600482786 -0.318165211007 -0.25301665151
0.286727248318 -0.318166071545 -0.253906315598
0.284708127242 -0.31785707307 -0.254757142912
0.28355430409 -0.318423254976 -0.254187116396
0.280431185141 -0.318671378064 -0.255171499017
0.279135760384 -0.318262407878 -0.255351398529
0.278005394908 -0.317034489898 -0.255990298958
0.276613988369 -0.317844421052 -0.255612091985
0.274529046136 -0.31723807077 -0.257020433714
0.272836284391 -0.317260830589 -0.258550982698
0.271538650812 -0.317608515041 -0.258885984579
0.270599669201 -0.317755596278 -0.259222120514
0.265753372123 -0.318234764151 -0.260727902672
0.262924596187 -0.318648281634 -0.262115089582
0.261085502391 -0.318823235905 -0.262441460495
0.253961931138 -0.318771568497 -0.264270621756
0.252729098387 -0.319191769302 -0.263990267547
0.249532893451 -0.318738129578 -0.266169354183
0.242877230652 -0.318274935127 -0.266605032989
0.242067407729 -0.317945093576 -0.267717728813
0.239755715458 -0.318064691467 -0.269700228969
0.238808080151 -0.318282633983 -0.270312207323
0.234911178132 -0.319110742335 -0.270337750102
0.234179037567 -0.318406007516 -0.271109499771
0.228518175518 -0.318494046187 -0.271962886759
0.227639162483 -0.318657852975 -0.273124944574
0.227190409672 -0.318013430389 -0.273138219586
0.220178508068 -0.318544456633 -0.274770299315
0.219386300139 -0.318536423159 -0.275336092039
0.218539722521 -0.318343880364 -0.276097308128
0.213524447548 -0.318351937249 -0.277447875507
0.21341676804 -0.318712647929 -0.277496752373
0.213190149745 -0.3178318767 -0.278598984598
0.213253492396 -0.317929360884 -0.278837414439
0.210187448144 -0.317848101307 -0.279190647778
0.210516742842 -0.31797061455 -0.279621543248
0.210396983887 -0.317799660312 -0.279999561374
0.210275777496 -0.318504592967 -0.28049653976
0.204742512096 -0.318594534001 -0.281235378739
0.204554090808 -0.317924050455 -0.282174375428
0.204287001287 -0.318008293568 -0.282408595215
0.199061333799 -0.31817243713 -0.283946365326
0.199159991305 -0.317227897025 -0.283917853862
0.198848184125 -0.31714472826 -0.284936606275
0.19242980211 -0.319499049709 -0.287011972681
0.192418589945 -0.319534241127 -0.28705032214
0.188857660564 -0.319119329526 -0.289188358834
0.188610266212 -0.319337417881 -0.290185601624
0.183604076742 -0.318674117647 -0.29210786888
0.178161493732 -0.319450145236 -0.292001313878
0.171819909914 -0.319803865765 -0.294731282214
0.170625923956 -0.319235819405 -0.297510388319
0.166027351003 -0.319531417234 -0.29836067012
0.166255964946 -0.320394549588 -0.29841755419
0.162920742417 -0.320736274991 -0.299392409554
0.162317177107 -0.321366525674 -0.301018959044
0.157797977372 -0.321344767896 -0.301885371683
0.157272895836 -0.321374603611 -0.302480950991
0.156753685306 -0.321051159258 -0.302906988606
0.155281783316 -0.321066215286 -0.303802792116
0.15271834359 -0.319559941375 -0.303289182668
0.151743515412 -0.319894828244 -0.304205260007
0.151315981211 -0.3205612878 -0.30496357845
0.149725670743 -0.319287393373 -0.305214338954
0.149799763708 -0.319578437737 -0.30524799512
0.14980463665 -0.319691067983 -0.305542046901
0.14986083165 -0.319672572964 -0.305654111485
0.148794896147 -0.31993470465 -0.306451364691
0.148621954382 -0.3199518872 -0.306458879103
0.147178049113 -0.319595478088 -0.306548556636
0.146564678812 -0.319376197717 -0.307517309503
0.14482028505 -0.318438996825 -0.307968083267
0.145268587574 -0.318788083775 -0.307799696572
0.144329090962 -0.31938854124 -0.307886196255
0.144006117026 -0.31895130192 -0.308262807157
0.143821623844 -0.319355347894 -0.309014786555
0.142926098573 -0.319003365203 -0.308756418084
0.143469176041 -0.318967154152 -0.309289513471
0.142476114678 -0.319511347706 -0.308947078385
0.142669135919 -0.319102409723 -0.30960057686
0.141882739281 -0.319540137758 -0.308899530724
0.142298050718 -0.319347315033 -0.309173465904
0.142926670465 -0.319684671735 -0.308770873654
0.142209117622 -0.319056204195 -0.309302759656
0.142565051702 -0.319423458436 -0.309322489396
0.140404899578 -0.319324191827 -0.310154854529
0.138027316353 -0.319338303702 -0.311217059174
0.137774258145 -0.319481252981 -0.311025774977
0.136141298207 -0.319206163844 -0.312592550272
0.135643922488 -0.319037560996 -0.313036459926
0.136258126271 -0.319907474832 -0.31272955373
0.134814772412 -0.319344062465 -0.313070867723
0.134739254789 -0.319375957393 -0.313288630222
0.134427064207 -0.319458106198 -0.313297600887
0.134924924056 -0.31909343275 -0.31355645615
0.133767603042 -0.319193007306 -0.313481971772
0.132894156707 -0.319684468361 -0.313933375448
0.132814805383 -0.319520672148 -0.314295405865
0.132940494398 -0.319673901967 -0.314465777926
0.131297435815 -0.319144564655 -0.314793991607
0.130950330402 -0.320050096145 -0.314987990083
0.130820898416 -0.319701123004 -0.31551772756
0.128790441045 -0.319369768031 -0.316370071861
0.126786763697 -0.319027562981 -0.317730006549
0.126248100442 -0.319946240481 -0.318012019679
0.126346725469 -0.31957650638 -0.318302136326
0.122984070644 -0.319261966541 -0.319522754805
0.123752236397 -0.319000353069 -0.318963301169
0.123748490406 -0.318803933131 -0.319583182036
0.122633811949 -0.319659879632 -0.319870845846
0.122371774171 -0.319094812934 -0.32085674752
0.122371774171 -0.319094812934 -0.32085674752
0.120804099221 -0.31935034991 -0.321508915196
0.11872936359 -0.319325730075 -0.322137661894
0.118690573166 -0.31913712469 -0.323004267214
0.116764701173 -0.319538064621 -0.323424661894
0.116666676396 -0.319907612863 -0.323479543038
0.115391994825 -0.319891885978 -0.323912113727
0.11542763657 -0.319883785386 -0.324144915196
0.115845508424 -0.319886054102 -0.324364783761
0.113735312971 -0.320403729357 -0.324325039424
0.111808808863 -0.320017582123 -0.325336366363
0.112180431088 -0.319739570128 -0.324958861533
0.112122412002 -0.320493612044 -0.325132824205
0.110250855165 -0.320093916977 -0.326129588758
0.109606691999 -0.319827523393 -0.326294564422
0.109705266646 -0.319874499839 -0.326830434905
0.107586934905 -0.320458774626 -0.327455582045
0.107135513477 -0.320463490584 -0.32820778701
0.105455988506 -0.320411395965 -0.329034692358
0.104159340697 -0.320042483171 -0.329468593366
0.104675716085 -0.32074326818 -0.329109784106
0.104512140562 -0.32019588465 -0.328786042779
0.103787144458 -0.320452064862 -0.329622892775
0.102385288558 -0.320431268311 -0.330673323207
0.10194293423 -0.320976110423 -0.330886358336
0.100363207658 -0.320079928174 -0.331561028645
0.0997948900137 -0.320694303326 -0.331630805542
0.0988145142533 -0.319652963726 -0.332683865294
0.0981706348458 -0.319702851687 -0.332947808821
0.0983744229623 -0.320661877988 -0.332812132732
0.0984651468387 -0.320619392225 -0.333196255853
0.0977530296873 -0.32063854748 -0.332933844827
0.0977578897027 -0.320114550708 -0.333086461947
0.0979528864805 -0.319903828574 -0.333328327834
0.0975789462425 -0.321020729687 -0.332899842365
0.0982089883371 -0.320605691371 -0.332954033062
0.0973727329395 -0.320801654722 -0.33320917295
0.096432815824 -0.320667309465 -0.333403247689
0.0963681355211 -0.320377666312 -0.333823109005
0.0950318805283 -0.320890809426 -0.334650365959
0.0942675653946 -0.320333246803 -0.335537959557
0.0917507172077 -0.320572551206 -0.337191204073
0.0904951744716 -0.320381621944 -0.336511998503
0.0895144210967 -0.320761281661 -0.337991593059
0.0884414798473 -0.320198482968 -0.338113161474
0.0888233270093 -0.320547791379 -0.338992447763
0.0886020217648 -0.320268068895 -0.33933568216
0.0892011190408 -0.319856336026 -0.339844150436
0.0871964581325 -0.319741446895 -0.34039211774
0.0869773273902 -0.319752705315 -0.340956457722
0.0873869706851 -0.319555584777 -0.341222794383
0.0853587610256 -0.319607933409 -0.341242962891
0.0852123117651 -0.319780735411 -0.342376076655
0.0829516816399 -0.319603319105 -0.342834049427
0.0826610611867 -0.319551900011 -0.343278543092
0.080874201785 -0.320350747502 -0.344092377709
0.0808036668191 -0.319652112467 -0.344766112549
0.0808993477566 -0.319803831981 -0.34522728904
0.0795464856037 -0.320245173569 -0.344993822925
0.0799228496297 -0.319682226266 -0.344959142149
0.080278440465 -0.320235239678 -0.345042416239
0.0808376922304 -0.319656875398 -0.344770617248
0.0803812844404 -0.319338441049 -0.34504702097
0.0796259810628 -0.3194994617 -0.345620768729
0.0804193389539 -0.320043612051 -0.345267497046
0.0797025322728 -0.319763333504 -0.34538545032
0.0794334806256 -0.320328985644 -0.346158715393
0.0800172928703 -0.319610844628 -0.345536760768
0.078078624856 -0.319409545029 -0.345946418587
0.0765588152235 -0.319999530202 -0.347312487789
0.0759631896272 -0.319352801354 -0.348744485053
0.0741355689548 -0.320333647852 -0.348398481924
0.0731938808814 -0.320388987709 -0.349268799291
0.071863262039 -0.320033795442 -0.350452368388
0.0712973372788 -0.319897502909 -0.351791969279
0.0697807136857 -0.320039218984 -0.352136047074
0.0695268182592 -0.320375135926 -0.352334127943
0.069156480602 -0.319617979579 -0.352480224959
0.0693145429142 -0.319951711733 -0.352482211886
0.067825544639 -0.319975497751 -0.353318840878
0.0677681520535 -0.320530910261 -0.353909201509
0.0654172277041 -0.319806751034 -0.355801761276
0.0617332631054 -0.319847631495 -0.357787519405
0.06138558166 -0.320204205508 -0.358528250118
0.0591547758028 -0.320800928858 -0.359815634377
0.0588631139163 -0.320406763188 -0.360307521492
0.0572886971868 -0.320634488411 -0.361564053702
0.0582912081024 -0.319505478422 -0.361110496672
0.057433715522 -0.320394278557 -0.361349384585
0.0581090898544 -0.31890068934 -0.361332768976
0.0567123882355 -0.319744921351 -0.361829875478
0.0559608026033 -0.319855851516 -0.36182516865
0.0562662576503 -0.320448662424 -0.361965223331
0.0539686404459 -0.320682678371 -0.363173284355
0.0536670780959 -0.31987189897 -0.364350564321
0.0503610184435 -0.321004563764 -0.365731591076
0.0485956629749 -0.321399937192 -0.366568826506
0.0486684421055 -0.321784085355 -0.366173369514
0.0481569750841 -0.321427561824 -0.367123152289
0.0489380879023 -0.320301808515 -0.366967094762
0.0470900595171 -0.320650779947 -0.367883271353
0.0464982064944 -0.320703955447 -0.368658399096
0.0464922665868 -0.320507465859 -0.36895763178
0.0461307851098 -0.320144026751 -0.369657791448
0.0439648240897 -0.321338538118 -0.37037524299
0.0437550163844 -0.321748738384 -0.371294949107
0.0418411761286 -0.321227461004 -0.372706396726
0.0404171931856 -0.321160695398 -0.373588243518
0.038730751299 -0.321473262636 -0.373881487103
0.0383993581136 -0.322031174128 -0.375288118997
0.0368437991145 -0.321029275234 -0.375752271102
0.0367693072139 -0.321065933463 -0.376695988968
0.0363366762035 -0.321092835451 -0.376924116925
0.0349034610369 -0.322187845917 -0.377871182467
0.0353535811066 -0.322183726962 -0.377890937551
0.0350496236531 -0.321489162113 -0.378350859715
0.0333583231436 -0.32256670751 -0.379111103582
0.0335849909693 -0.321600073869 -0.379211376411
0.0333525810019 -0.322370246864 -0.379832016133
0.0315941290958 -0.321453114186 -0.380825235071
0.0317647371767 -0.321400494534 -0.380283227212
0.0316323035715 -0.321973403506 -0.381074597042
0.0309894735158 -0.32139721008 -0.381142702172
0.0302753113266 -0.322052852673 -0.38142297262
0.0305879661704 -0.322095448521 -0.381810381004
0.0284456777495 -0.321946179309 -0.383243955396
0.027590261413 -0.322076252262 -0.383914086544
0.0257381762499 -0.32210166555 -0.384964389139
0.0251655930091 -0.321750657125 -0.386434752394
0.0229594922693 -0.321691893107 -0.387888732179
0.0231016349146 -0.321844360519 -0.387965572945
0.0213166602285 -0.322230353832 -0.389615405026
0.0202279514104 -0.322361183541 -0.390186262227
0.0190161216087 -0.321990936697 -0.390334796503
0.0192853830969 -0.3222500815 -0.391780689001
0.0171470507063 -0.322714886 -0.392337632468
0.014681609861 -0.322264994006 -0.39449662803
0.0135922823703 -0.322965034126 -0.395057781611
0.0134966640815 -0.322543392343 -0.396356996871
0.0127495816601 -0.321930195762 -0.396344435987
0.0132269918463 -0.322855083399 -0.396566743992
0.0121038367293 -0.322763732443 -0.396547087119
0.0128390411681 -0.322609032805 -0.396818219768
0.0132289830191 -0.32272816543 -0.396688307423
0.0127464412584 -0.322545862406 -0.39681817265
0.0134901873103 -0.323121846899 -0.396984142912
0.0140480898783 -0.321792481376 -0.396895951014
0.0121210034729 -0.32256093702 -0.397561880476
0.00968510288221 -0.32279956652 -0.397881020206
0.00698505534932 -0.322960498492 -0.40019960069
0.00589573348048 -0.322675902587 -0.402310396035
0.0039989619952 -0.322254465419 -0.403604318628
0.00267325635963 -0.32251870772 -0.404362328227
0.00134562054876 -0.323288987276 -0.405427547019
0.00142606202571 -0.322340136959 -0.406952011449
-0.000135512445945 -0.322362227783 -0.407040158997
-0.00339664826786 -0.323589757328 -0.408797059733
-0.00331133818038 -0.323013965393 -0.409296832877
-0.00513366430764 -0.323052472461 -0.411280904877
-0.0053675817548 -0.322811342666 -0.412379586258
-0.00694915702512 -0.322960626472 -0.412869550172
-0.00682023143631 -0.322570895293 -0.413372105455
-0.00850730493165 -0.323254654551 -0.413877446301
-0.00901925460029 -0.323438021686 -0.414302683776
-0.0091281197998 -0.323069317334 -0.414722412052
-0.0105993085563 -0.323230725539 -0.416316697603
-0.0116148265286 -0.322742778603 -0.417357688519
-0.0116834927978 -0.322563103376 -0.418004491832
-0.0125860858072 -0.323471221783 -0.418603078295
-0.0127855823906 -0.323209430686 -0.417978643463
-0.0133198203184 -0.322994305914 -0.418556198095
-0.0129144398346 -0.322744858873 -0.419538597366
-0.0133577541637 -0.322915842879 -0.419357613619
-0.0136838669441 -0.322925128864 -0.41925011859
-0.0134132445431 -0.323522342953 -0.419506505031
-0.0145021878589 -0.323321291692 -0.419332377189
-0.0145839227638 -0.323689235265 -0.420161369089
-0.0160654028728 -0.322485357356 -0.421491516234
-0.0180221920625 -0.322830456145 -0.423038211498
-0.0186188149697 -0.322465701397 -0.424133766675
-0.0191633893609 -0.323531071886 -0.42523679954
-0.0211202678342 -0.324405809386 -0.425995504581
-0.0226085970609 -0.323104283103 -0.427848584551
-0.0226371063608 -0.323669250994 -0.427975612723
-0.0230890119171 -0.322945802512 -0.429322400695
-0.0237183912088 -0.323479528782 -0.429122234729
-0.0244654108285 -0.324158350905 -0.429170780064
-0.0250240535333 -0.324645602154 -0.429610686031
-0.0250288666975 -0.323890572048 -0.43057568504
-0.0260674893441 -0.324177649616 -0.431239870393
-0.0273522422892 -0.324095541193 -0.432355600587
-0.0272325712283 -0.322756342003 -0.433293857707
-0.0286874739021 -0.32433788899 -0.433109352336
-0.0295607898517 -0.324198965367 -0.434560012575
-0.0289737750717 -0.324174214231 -0.434308373126
-0.0290302650668 -0.323262335636 -0.434973640743
-0.0301138403484 -0.323388852061 -0.436255643028
-0.0306440282368 -0.324367492357 -0.436294491548
-0.0316714329033 -0.323277778353 -0.436993470192
-0.0313059754137 -0.323856336067 -0.437581476484
-0.0324216601505 -0.32419589808 -0.438188286542
-0.0324477998738 -0.323540384781 -0.439008221901
-0.0346575707396 -0.324009870107 -0.44002586053
-0.0350550635202 -0.323436779982 -0.440875383789
-0.0362404355787 -0.324235728778 -0.441437109839
-0.03723174203 -0.323018438224 -0.443487639115
-0.0374428979424 -0.323914122537 -0.444159913533
-0.0388804734215 -0.324120975741 -0.445102979958
-0.0389491512675 -0.324498546801 -0.445384997696
-0.0393760462729 -0.324045133973 -0.445693457107
-0.0389361162943 -0.323581960902 -0.446503313404
-0.0384447293904 -0.323584400364 -0.446353650051
-0.0405024556162 -0.323940379503 -0.447057799274
-0.0397006390619 -0.323759876912 -0.447316271438
-0.0416570046587 -0.324642312004 -0.447845289918
-0.0408355413673 -0.32349991443 -0.448137820849
-0.0425658818231 -0.323646578042 -0.44807500736
-0.0418983119877 -0.324172947142 -0.449591609484
-0.0433924561143 -0.323821584657 -0.450446782539
-0.0430224805274 -0.324404507368 -0.450137075827
-0.0451262392114 -0.324189418637 -0.451724228117
-0.0451955867596 -0.324569927466 -0.451959511926
-0.0451247189697 -0.324295089145 -0.453129186383
-0.0469436425748 -0.324949287961 -0.454040950928
-0.0468965258964 -0.324037946823 -0.454486123733
-0.0481550848026 -0.324122481256 -0.454812371519
-0.0477747384732 -0.324231907257 -0.455296466753
-0.0495127971468 -0.324926975839 -0.45571833214
-0.0490852190582 -0.325234414686 -0.456643019905
-0.0509843340167 -0.323763096536 -0.458801081238
-0.0524925047378 -0.324445936068 -0.458958995039
-0.0538565153216 -0.325056569719 -0.462113110611
-0.0554237967598 -0.324747685236 -0.462961065371
-0.0569664097498 -0.324214209694 -0.464027887951
-0.0577486474975 -0.324876870932 -0.464370356258
-0.059053672964 -0.325350854429 -0.465619223313
-0.0595822953891 -0.323896177858 -0.467417177883
-0.0614943012646 -0.324578241371 -0.469278799451
-0.0636238673195 -0.32466789475 -0.472006812552
-0.0642650505529 -0.324296803838 -0.473839631707
-0.0656245387655 -0.324847073078 -0.47521225461
-0.065569590952 -0.325240278146 -0.47510433218
-0.0658777397106 -0.325354304261 -0.475332077956
-0.0665533141249 -0.324999676359 -0.475177181524
-0.0657843322685 -0.32458941169 -0.475145343908
-0.0652457346942 -0.324802324338 -0.475099826055
-0.0671905405177 -0.324500793805 -0.475408004927
-0.0660585771701 -0.324913521365 -0.474728081041
-0.066054486104 -0.324119736762 -0.475044656997
-0.0666676147609 -0.324878044753 -0.475644186509
-0.067917514496 -0.325301503912 -0.476256160693
-0.0695405257328 -0.324095738005 -0.477815734206
-0.0708064858634 -0.325088688099 -0.480675538452
-0.0721209508574 -0.324580973959 -0.482424913228
-0.0734182155539 -0.32398770902 -0.483778080101
-0.0745903345158 -0.324583961066 -0.484711907135
-0.0739869129191 -0.323990539416 -0.485140121034
-0.0749619245268 -0.325255470044 -0.485460339396
-0.074630408708 -0.32494298095 -0.485742948915
-0.0750543984288 -0.324374672703 -0.486446431436
-0.0746848424231 -0.325262305606 -0.487154831859
-0.0758163270382 -0.325373002528 -0.48748216862
-0.0782503363087 -0.325353245892 -0.490013441934
-0.0793824122684 -0.324457348055 -0.490369925754
-0.0790575448647 -0.324567177472 -0.491810722671
-0.0793032332294 -0.32521238825 -0.491601359472
-0.0799536903662 -0.324356152185 -0.492300707969
-0.0810137715476 -0.325449127186 -0.492893175381
-0.0800600969218 -0.325254347634 -0.492428930455
-0.0804482047472 -0.324575740081 -0.492811352404
-0.0804398098037 -0.32556849114 -0.492398743317
-0.0801056783343 -0.324674826937 -0.49324727462
-0.0812185780729 -0.324061405337 -0.494391641595
-0.0834024422857 -0.325509832093 -0.49644978183
-0.0833448660284 -0.325238253579 -0.497101702446
-0.0857777106926 -0.325828654483 -0.498707620768
-0.0858691707883 -0.324652988038 -0.500284530509
-0.0859862749691 -0.325447081712 -0.500863454839
-0.0867559493595 -0.325598434125 -0.502317393182
-0.0887112686588 -0.325954342374 -0.504067689635
-0.0876676028036 -0.324776010048 -0.504187092975
-0.0873418415658 -0.325473651349 -0.504395617543
-0.0887026130708 -0.324452729031 -0.504896849302
-0.0882243686921 -0.324442374512 -0.504532038835
-0.087646507061 -0.323849212793 -0.504417095573
-0.0894568525071 -0.324938754921 -0.504390078219
-0.0895531703692 -0.325290940147 -0.504793452059
-0.0904549217322 -0.325736287335 -0.505237633591
-0.0913240791467 -0.325026370024 -0.506196217804
-0.0915148720235 -0.326197964794 -0.507529100714
-0.0911962616927 -0.325286712756 -0.508163434985
-0.0920381558786 -0.325263923855 -0.50898349954
-0.0938564026347 -0.325697575558 -0.509567795372
-0.0950554302578 -0.326317657555 -0.511390417586
-0.0942841409669 -0.325967156507 -0.509795135342
-0.0944574622503 -0.326597730741 -0.51009521338
-0.0951405822244 -0.326523150827 -0.510772661918
-0.0964324774516 -0.326681099784 -0.512270639801
-0.0964730550593 -0.32689808917 -0.5136120154
-0.097414788878 -0.32512718421 -0.515224288528
-0.0978305944242 -0.325736292818 -0.515665168456
-0.0986116216983 -0.326107628541 -0.516113015684
-0.0990969459062 -0.32537954373 -0.516984444909
-0.0990895401023 -0.326009838591 -0.517214479012
-0.0991115786063 -0.325162292933 -0.517892239485
-0.0992237783779 -0.325944216107 -0.517247461721
-0.100096029847 -0.325715365466 -0.518858546417
-0.100834866255 -0.325960187712 -0.519209633941
-0.0998488379309 -0.326157393233 -0.518564114317
-0.100543603626 -0.325980475876 -0.518652238722
-0.101656590598 -0.326196254825 -0.520624508849
-0.103140394653 -0.325937148835 -0.523056825071
-0.103161195876 -0.325943145621 -0.523647254938
-0.105173814005 -0.325975440613 -0.525718053549
-0.105531514332 -0.326156835236 -0.525779063558
-0.105021909975 -0.326175778465 -0.526368837761
-0.105389294534 -0.325983241234 -0.526650910272
-0.105255457357 -0.326842731533 -0.526232389136
-0.105847658145 -0.326660920531 -0.526302696136
-0.105444322186 -0.326425885008 -0.527071914201
-0.106077291649 -0.326032816771 -0.527281895827
-0.106808179691 -0.326224709592 -0.527690168484
-0.108295915702 -0.326106259953 -0.52905277108
-0.109188559577 -0.326448232867 -0.530826959436
-0.109942173794 -0.326058102997 -0.532853583866
-0.109895509955 -0.325914665035 -0.532600810537
-0.110672440895 -0.327191047128 -0.533332002748
-0.110574886171 -0.326903680861 -0.533870193637
-0.110075673563 -0.326569164925 -0.534606253436
-0.110532395822 -0.327462636519 -0.534712662761
-0.111411033319 -0.326394400393 -0.535928956989
-0.112121847495 -0.326292302058 -0.536451129115
-0.111541469286 -0.326554742949 -0.536482711283
-0.1118151692 -0.326734992956 -0.536477405853
-0.111792365427 -0.326552035336 -0.536306660826
-0.112680669731 -0.326843330187 -0.536526255194
-0.111504724167 -0.326731826262 -0.536172174933
-0.111978169588 -0.326144486721 -0.536116567033
-0.11309635784 -0.327046879862 -0.538125737697
-0.115020098644 -0.326546898444 -0.540159810804
-0.115805163331 -0.327231893946 -0.541536601949
-0.115957653413 -0.327060986392 -0.541865386067
-0.115904508359 -0.326508610928 -0.54294268757
-0.116556562729 -0.326854432472 -0.543155098194
-0.116784303423 -0.326560366566 -0.543660649221
-0.116858292982 -0.326312865844 -0.544148525591
-0.116304949519 -0.326390446288 -0.543901530752
-0.117031505024 -0.326362042458 -0.544160783982
-0.117285103417 -0.325945140299 -0.544316943341
-0.11721500197 -0.326855825077 -0.544100713603
-0.116741305034 -0.327057726977 -0.543995895
-0.117414417174 -0.326368662196 -0.544958564991
-0.11694065123 -0.326570313038 -0.54451090676
-0.116956725902 -0.326109882196 -0.544911150565
-0.116186889606 -0.325972958142 -0.545091066852
-0.118024401739 -0.326606463506 -0.545878573979
-0.118140379792 -0.326711822655 -0.547115442474
-0.119659670645 -0.32636310606 -0.548718077754
-0.119878921543 -0.327215638921 -0.550040328944
-0.121707029208 -0.327410191946 -0.552577576707
-0.123231071023 -0.326285315864 -0.55400192101
-0.124675160711 -0.326833391677 -0.556932828939
-0.124738154906 -0.32705682209 -0.556594588366
-0.124246592152 -0.326200274431 -0.556992363627
-0.125004253686 -0.325740202036 -0.556592437467
-0.124926516711 -0.326031734487 -0.557568260176
-0.125648370358 -0.326020597725 -0.558761025235
-0.126314273959 -0.326205189997 -0.560238481
-0.127683732677 -0.32625281102 -0.560726697309
-0.127683732677 -0.32625281102 -0.561461697309
-0.128685582979 -0.327374158044 -0.562478860825
-0.128123921752 -0.326781070191 -0.562942025628
-0.128536770547 -0.326840645931 -0.56297756655
-0.129347473094 -0.325820544958 -0.563118584524
-0.128965019496 -0.326428348286 -0.563793566536
-0.12884702204 -0.326576511774 -0.563711386398
-0.128898128512 -0.326267852148 -0.565437289895
-0.129486327691 -0.327167695448 -0.565090498401
-0.13052369861 -0.325944330147 -0.56707608819
-0.131248575105 -0.326269953269 -0.567778541865
-0.131838013172 -0.32605244436 -0.568730158765
-0.131372907437 -0.325866223041 -0.569525922523
-0.131841288675 -0.326497862183 -0.569593332819
-0.131168410233 -0.325796575855 -0.568801439817
-0.132357628541 -0.325793497391 -0.569497576589
-0.132760005433 -0.325522729328 -0.57033411448
-0.133309235982 -0.326343441662 -0.570456999915
-0.132904483772 -0.3262755622 -0.57134987963
-0.133671835414 -0.32582242715 -0.571758969848
-0.133126787281 -0.326287378848 -0.571763343327
-0.133289730572 -0.325744043103 -0.572398856361
-0.1332891778 -0.325939146358 -0.572705743932
-0.133805160026 -0.32688443769 -0.571968080599
-0.133791850434 -0.326019381977 -0.572911489675
-0.134429519074 -0.326666723362 -0.572508731306
-0.134290721069 -0.327198939935 -0.572154582559
-0.133806421783 -0.32606227321 -0.572266804281
-0.133339718124 -0.32712012752 -0.572607271959
-0.134126126017 -0.326086188545 -0.572811887037
-0.134303898559 -0.326085635214 -0.574163462159
-0.13472567837 -0.326252697179 -0.575076655537
-0.134810341984 -0.326347494258 -0.575825923821
-0.136724323427 -0.326588690428 -0.577691183159
-0.136909006834 -0.326586322776 -0.579086480204
-0.137785521701 -0.326650847943 -0.580686613241
-0.138218899886 -0.325595693939 -0.580863993061
-0.137718409 -0.326095195223 -0.580133246884
-0.137582855676 -0.326575251169 -0.579826152958
-0.138378914031 -0.325432064744 -0.580454520938
-0.137962799045 -0.325584641552 -0.58032862499
-0.138916901585 -0.32545669627 -0.581411988175
-0.139175266932 -0.325408398205 -0.581808637811
-0.139516528024 -0.326316231474 -0.582187268048
-0.139366558694 -0.325989120824 -0.582904028662
-0.140144859768 -0.326159646967 -0.584814137517
-0.141145243349 -0.326933231039 -0.587360486513

