0.39395080464 -0.317349605132 -0.238784142678
0.393853564786 -0.317352204655 -0.238584702269
0.393779520751 -0.317955213268 -0.238593818745
0.393254947216 -0.317934854807 -0.238404757774
0.392578026726 -0.31660151853 -0.237815117924
0.391599512047 -0.315880941977 -0.238043363859
0.390777370594 -0.315348690962 -0.237522199611
0.38979178197 -0.314565221122 -0.238539424881
0.389301852436 -0.314529747829 -0.237960652169
0.388748319516 -0.314058593125 -0.237370450401
0.387417648002 -0.312754479838 -0.236868384237
0.386458725644 -0.312730232748 -0.237495490586
0.38615087313 -0.313442475228 -0.236746610737
0.385150102266 -0.312401414127 -0.237155458842
0.384219202624 -0.312201224947 -0.237017796
0.38300777393 -0.313221072278 -0.23670742637
0.381877382138 -0.312842382414 -0.237310433119
0.380889956326 -0.312391597122 -0.237331299716
0.379864741554 -0.312922812965 -0.236213220713
0.378803171193 -0.31262294352 -0.23738170216
0.377363366343 -0.311742846294 -0.237778372231
0.376170050763 -0.311587569024 -0.23759674635
0.375016133093 -0.312057339368 -0.238007276024
0.374157746975 -0.311931819025 -0.23687562544
0.371717111034 -0.311998271143 -0.238336058888
0.370567000933 -0.311982804805 -0.238149106411
0.369561008207 -0.311556435421 -0.238333940476
0.367588874336 -0.311828920618 -0.238724367148
0.366126194549 -0.311936814455 -0.238233055961
0.363273459073 -0.311858247973 -0.239007173941
0.361919157479 -0.311070247827 -0.238944650715
0.360055054501 -0.311283462929 -0.239597857938
0.358198629559 -0.311672055455 -0.238609205845
0.35509060369 -0.311290632012 -0.239631468581
0.353262003006 -0.311334835191 -0.239879108041
0.351616418965 -0.31190964676 -0.240133870014
0.349315551289 -0.311741122018 -0.240584743738
0.347796014253 -0.312161870652 -0.240137924063
0.345017697784 -0.311046300482 -0.241291364856
0.343532530416 -0.311488795955 -0.241288848209
0.341841618049 -0.311850090369 -0.241737982289
0.339727217386 -0.311716374886 -0.241693064033
0.336379391515 -0.311923997054 -0.242413901694
0.334502221026 -0.312148317668 -0.242870000221
0.332109452299 -0.312062182247 -0.242911239633
0.329809518523 -0.311979408079 -0.243153255568
0.326797827515 -0.311702820968 -0.243934042488
0.324988216564 -0.311702668481 -0.244138510367
0.322855469888 -0.311684360546 -0.24463456874
0.320446635064 -0.311286647282 -0.24511723235
0.318490322644 -0.311852481533 -0.245470880949
0.315861536728 -0.312018405755 -0.245810076577
0.314128937827 -0.311967694645 -0.246127742399
0.31271298378 -0.311197330485 -0.24650398342
0.310602448901 -0.311629975335 -0.24737827828
0.307127400358 -0.311818331823 -0.247884717823
0.305897099972 -0.311738020852 -0.248005270286
0.304021518436 -0.311378529395 -0.248237389716
0.301904708201 -0.311886756129 -0.249066339463
0.300364710818 -0.311854717182 -0.249029443707
0.296968335119 -0.311404048693 -0.249358519192
0.295436836337 -0.31123234527 -0.249869962056
0.293386234089 -0.311481951258 -0.25021584346
0.290529646792 -0.312235102675 -0.251165335238
0.288978981521 -0.312441740968 -0.251059469134
0.287802408349 -0.312474482305 -0.251041050556
0.285841686901 -0.312335347661 -0.251907665871
0.284721910996 -0.311723224657 -0.25162480045
0.281012718262 -0.311979444838 -0.2529266729
0.279726900637 -0.311549327709 -0.252930167261
0.277822732428 -0.311819483702 -0.253948739189
0.276164040117 -0.311914684053 -0.253928409366
0.274646474294 -0.31144584959 -0.254195148012
0.271944323629 -0.311728745546 -0.255069906258
0.270361463633 -0.31146499181 -0.255224868684
0.268502840273 -0.311672383929 -0.256269927686
0.266694809265 -0.311983056141 -0.256971240922
0.261004387636 -0.312118459704 -0.25899393836
0.258858287323 -0.311366839829 -0.25986426889
0.257135329147 -0.311513985832 -0.260449467795
0.255496206989 -0.311561266302 -0.261284576634
0.253030280152 -0.312147741727 -0.26258907758
0.246734760586 -0.312638352838 -0.263394496247
0.245392257024 -0.312709414343 -0.264184750383
0.244221368598 -0.31216839748 -0.265490248483
0.23803029016 -0.312170816134 -0.266493272499
0.237161112071 -0.311799284061 -0.267471038021
0.23675052336 -0.311799353813 -0.267851796978
0.236345053321 -0.312327153292 -0.267894451403
0.235933377434 -0.312519136007 -0.268261415712
0.23252593685 -0.311475202365 -0.269171778176
0.232112740937 -0.311475135155 -0.269550308136
0.231953934528 -0.310989937284 -0.270440453451
0.22630317165 -0.311259107663 -0.270936405
0.226438333593 -0.312049787585 -0.270653692142
0.225909739677 -0.311932867401 -0.271187539451
0.220859889602 -0.311867809897 -0.271333706374
0.220204608679 -0.312366137115 -0.272760995409
0.219966964589 -0.311214833507 -0.273430328578
0.215557794686 -0.311387423895 -0.273124910458
0.215548711107 -0.311585288921 -0.274692420236
0.215492944425 -0.311405228407 -0.274893096181
0.211718895986 -0.311663554409 -0.275714747649
0.210973330027 -0.311222740211 -0.276865121542
0.205435505543 -0.312453993443 -0.277679950423
0.205589742578 -0.312022875178 -0.277652790761
0.205403458557 -0.310528737313 -0.279622714601
0.200295753338 -0.310595081938 -0.280171455947
0.200496136479 -0.310746500569 -0.281531571174
0.194456860396 -0.312070008136 -0.282069118407
0.194494720017 -0.312281903 -0.282169708267
0.194614089181 -0.311832715976 -0.283366815013
0.190911664344 -0.31262270984 -0.283990955969
0.191445296546 -0.312547511176 -0.283991072191
0.191490619736 -0.312448267432 -0.284965916059
0.191851941585 -0.312088408232 -0.285348230143
0.186121849239 -0.312508831381 -0.286746250932
0.186441074196 -0.312894070341 -0.286979085348
0.186245955264 -0.313090914084 -0.28780425783
0.180320220601 -0.313419089855 -0.289024690141
0.180052305355 -0.313911028361 -0.290475066777
0.176090627793 -0.313763516996 -0.29117833172
0.175758765259 -0.313411536916 -0.293079635004
0.172490211633 -0.314173595955 -0.2934175331
0.172172455609 -0.313480633539 -0.294853651805
0.166776217822 -0.312979077512 -0.295263613589
0.166230113038 -0.313426994786 -0.296235258817
0.166055830698 -0.313622662964 -0.297256303722
0.159754161332 -0.313092809992 -0.299172287158
0.157986727589 -0.313439698801 -0.301843022514
0.151369794192 -0.313724117277 -0.303553809529
0.146795537878 -0.313806942131 -0.304645337175
0.143109560734 -0.314264002627 -0.306611146017
0.141938367272 -0.314008587407 -0.308459522185
0.136874771693 -0.313316434373 -0.309719877507
0.136706186021 -0.313498304714 -0.308883786143
0.137229075234 -0.313792184229 -0.309042976039
0.135964065551 -0.312997727147 -0.308810173613
0.136409289819 -0.313171903492 -0.308192715513
0.135625424254 -0.313479974946 -0.30768065952
0.135307584548 -0.313991480573 -0.308440750874
0.134928316266 -0.31357602345 -0.308445009301
0.133011406416 -0.313375185101 -0.310063567378
0.130373179152 -0.313291097406 -0.311806676416
0.129402371712 -0.312913613217 -0.312307355232
0.127225066269 -0.31355553275 -0.313125356489
0.126571768295 -0.31267142141 -0.314270202068
0.124404588276 -0.312656945275 -0.315479369854
0.124020998297 -0.313285929705 -0.315377176905
0.123939450102 -0.313669071769 -0.315415075099
0.121457756631 -0.31389187881 -0.317285262311
0.119659662095 -0.312786596667 -0.317464412829
0.119659662095 -0.312786596667 -0.317989412829
0.117912988622 -0.313604638634 -0.318787253617
0.117600555335 -0.313629979422 -0.318731939739
0.117600555335 -0.313629979422 -0.319416939739
0.117198329435 -0.313917391423 -0.318649599659
0.117449614034 -0.31314225146 -0.319854036573
0.116794872353 -0.313305329074 -0.318740034282
0.1172654677 -0.313501254474 -0.319238868136
0.115842076631 -0.313390287298 -0.319586868136
0.115826025476 -0.313746982923 -0.31961168014
0.114268947554 -0.313278753085 -0.320954522326
0.113452051677 -0.313634151866 -0.32150264854
0.110502829726 -0.313443834736 -0.323277332313
0.110485249286 -0.31360380231 -0.323327495115
0.108489918388 -0.313159650171 -0.323595231552
0.108519086317 -0.312075338846 -0.324333719796
0.107429886242 -0.312373632565 -0.324528573281
0.107307166027 -0.312022658141 -0.324690157158
0.107388543374 -0.3129417746 -0.324908974466
0.106566597754 -0.313671874904 -0.325097821538
0.106654617547 -0.312823098958 -0.324763191149
0.106871110406 -0.312321313145 -0.324180765189
0.107257961146 -0.31242326845 -0.324190720623
0.107935994311 -0.312986759011 -0.32381572101
0.108459919587 -0.313283514167 -0.323680594986
0.109605821534 -0.312567423766 -0.323368610574
0.109474309684 -0.312460645548 -0.323371525137
0.109479558475 -0.312912549223 -0.323305001036
0.108048774664 -0.312535788696 -0.324356492161
0.106858194792 -0.313100682385 -0.324868694828
0.107570141875 -0.312845623522 -0.324904524747
0.10570580928 -0.31241476888 -0.325282099594
0.106049701287 -0.312457818926 -0.32548648492
0.106163615511 -0.312411310121 -0.325663649904
0.104890062203 -0.313188587745 -0.325448531177
0.104704645702 -0.312330405184 -0.32632250847
0.104804037926 -0.313031105905 -0.326137156125
0.1040057686 -0.313251263912 -0.326084480764
0.103966222567 -0.312338844645 -0.326487367329
0.104371872537 -0.312894440526 -0.326364170047
0.104207337733 -0.313054813367 -0.326071767735
0.104320590169 -0.311640532273 -0.326226440114
0.104436528434 -0.311788808343 -0.326070235017
0.103603043803 -0.312264634894 -0.326035801679
0.104327612471 -0.312769133123 -0.3261472331
0.104376740866 -0.312210010289 -0.326559398257
0.102705739433 -0.312558093556 -0.326801504837
0.102906294528 -0.312148449673 -0.327203400722
0.101449911542 -0.312357644966 -0.327916965167
0.0998039011328 -0.312238274126 -0.328823236696
0.0989958186474 -0.312105058835 -0.329781628158
0.0966324201854 -0.312274559992 -0.330696399074
0.0967315067946 -0.312134183407 -0.330302722332
0.0963890966632 -0.312089607524 -0.330867245843
0.0962632571012 -0.312885509732 -0.331185966164
0.0946823668037 -0.312604795963 -0.331192866334
0.0947307940048 -0.31204600482 -0.331824167177
0.0946667048043 -0.313352059601 -0.331745823625
0.0946110627339 -0.313547847448 -0.331413665496
0.0950060714153 -0.311895544608 -0.332084850398
0.0950076558718 -0.311913098911 -0.331825322977
0.0954913299718 -0.3124269312 -0.331689417897
0.0940791238433 -0.312112025621 -0.332000546203
0.0940301600125 -0.312670875197 -0.331865125566
0.0942412058074 -0.311700767176 -0.332261819068
0.0926349558577 -0.312286741084 -0.332798483322
0.0927200440833 -0.312442248262 -0.333228201145
0.090321991866 -0.313022273356 -0.334436810813
0.0898961210224 -0.311689856256 -0.336132382387
0.0869982710277 -0.312516092379 -0.337237847495
0.0852602956022 -0.312963309367 -0.337150209617
0.0851325713534 -0.313563131079 -0.337685818647
0.0847123134598 -0.312979120229 -0.337448966196
0.0848534255984 -0.313120840101 -0.337971659767
0.0844291443634 -0.313211231433 -0.337812639951
0.0836104624344 -0.313234614593 -0.338547007154
0.083178453222 -0.312487695945 -0.339251250529
0.083178453222 -0.312487695945 -0.339872250529
0.0814846969279 -0.312833432115 -0.340276036171
0.0813886520104 -0.311936064378 -0.341210523883
0.0795036111707 -0.313139972708 -0.34186847258
0.0774229390898 -0.313074145127 -0.343122391281
0.0773555914848 -0.31216969568 -0.343791120909
0.0778120495619 -0.312364089596 -0.343762175348
0.0757092616173 -0.312056026522 -0.344330841844
0.0756652688637 -0.312811939258 -0.344195175348
0.0757763035025 -0.312960796316 -0.34446337332
0.074248740046 -0.312765040231 -0.345572904621
0.0742778902783 -0.312758970984 -0.345378546444
0.0741144796332 -0.312973329328 -0.345405539683
0.0728444327625 -0.312027296937 -0.346196213589
0.0732474455132 -0.312585774485 -0.346064417029
0.0718840493741 -0.312505901204 -0.346515052786
0.0722538393192 -0.312349812003 -0.346862398925
0.0709517855658 -0.312981134277 -0.347325456962
0.0703806233491 -0.312655734632 -0.34770651005
0.0691341610233 -0.312649133498 -0.348900720116
0.0675018060998 -0.313012500331 -0.349227312855
0.0681197886032 -0.31231270678 -0.348386894719
0.0688988335231 -0.312452445802 -0.349423725894
0.066800093788 -0.313203626106 -0.349713141467
0.066754498122 -0.313960300781 -0.349847338955
0.0648106970777 -0.313658319298 -0.351301901726
0.0649664788138 -0.313248696591 -0.351629877787
0.0626323964004 -0.312551259931 -0.353092635434
0.062686807021 -0.312186521992 -0.35351959116
0.060475061921 -0.313299721502 -0.35401127295
0.0603894100807 -0.313056134649 -0.354579894723
0.0593699719059 -0.312054245696 -0.355351444241
0.0579187816565 -0.312851177734 -0.357040467518
0.0579908537685 -0.312276094135 -0.357342452143
0.0565803831463 -0.313204861454 -0.357580968077
0.0566244249176 -0.312634971202 -0.357744320464
0.0544516024704 -0.312621784899 -0.358460034599
0.0539973356433 -0.313700230558 -0.358792442895
0.0539530809546 -0.313378286147 -0.359397775769
0.0524693339943 -0.313970372484 -0.35936749759
0.0495354670684 -0.314234891035 -0.361565627682
0.0493902484947 -0.313844725793 -0.362699693295
0.0494416098487 -0.313282558336 -0.363315940797
0.0476024689063 -0.313030459685 -0.363631179287
0.0463300892857 -0.313254209192 -0.363599706352
0.0467113661683 -0.312827818591 -0.364338719775
0.0462759850594 -0.313477195781 -0.364318741778
0.0449652502496 -0.313964203465 -0.364839275676
0.0438114240863 -0.312717781415 -0.365974314055
0.0416050992772 -0.313572458071 -0.367100741778
0.0407831375416 -0.313446193135 -0.367972613041
0.040260151548 -0.312862479684 -0.368708866122
0.0396251527485 -0.312914061212 -0.368549447853
0.0396911671879 -0.313340793107 -0.368840044541
0.0380878974944 -0.313404654713 -0.370426042651
0.036439628532 -0.312291596 -0.371731470497
0.0335968776018 -0.312245817949 -0.373280930138
0.0334821674803 -0.312774071578 -0.374495781155
0.0310499113947 -0.313085034714 -0.375808478949
0.0310792121893 -0.313078543517 -0.375931157049
0.0311001654208 -0.312522193211 -0.376653778917
0.0294984724422 -0.312582341393 -0.377322630846
0.0287868735558 -0.312782740719 -0.377467190273
0.0288602264089 -0.31274787939 -0.378216235937
0.0280378894234 -0.312691402803 -0.377810232144
0.0272508093996 -0.312847027001 -0.378350085502
0.0283023999871 -0.312348570774 -0.37775839503
0.0278784944098 -0.312343362655 -0.378252368606
0.0273671805659 -0.312572252017 -0.37822182249
0.0274261863127 -0.3134842286 -0.378637190675
0.0261989299177 -0.312340755775 -0.37946439503
0.0262818093268 -0.313049813149 -0.378995774138
0.0261069007106 -0.312469864257 -0.38021260158
0.0244485299538 -0.31340408361 -0.380661811168
0.0243976657988 -0.313966541174 -0.380976018411
0.0230094988977 -0.312741988846 -0.381739074654
0.0227329745754 -0.313285603866 -0.382782410382
0.0219884985963 -0.312646307293 -0.382929718875
0.0222745812575 -0.313539946903 -0.383619962943
0.0226957441711 -0.313348660541 -0.383980167762
0.0205423008776 -0.313206388508 -0.384097624559
0.0209947941499 -0.313204875501 -0.384136388732
0.0194349528327 -0.313029446186 -0.384629063148
0.018037702396 -0.312560360806 -0.385752703159
0.0183283395472 -0.313695097288 -0.384945910084
0.0188330650077 -0.313325766994 -0.385789470739
0.0171989405735 -0.31283713574 -0.38716549078
0.0156418608217 -0.312615320859 -0.388536458776
0.0130470273073 -0.313267532973 -0.390131402056
0.0129040278831 -0.312870865035 -0.391253813571
0.0117244841884 -0.314159709912 -0.391574767907
0.00980148597452 -0.313396823695 -0.392766993249
0.0105753683955 -0.31382401617 -0.394118386667
0.0088913117489 -0.313830070539 -0.394352249517
0.00739130501654 -0.313117841182 -0.394936877256
0.00771957429376 -0.313576685396 -0.395080673257
0.0069706328782 -0.313200092565 -0.396376485144
0.00553079991585 -0.31335454893 -0.396923623721
0.00531399976993 -0.313522667967 -0.398342151508
0.00346139354174 -0.313597448061 -0.398911799741
0.00342661050445 -0.313354534267 -0.400167603969
0.00242019041145 -0.313309184242 -0.401068565286
0.0023620178253 -0.312378659363 -0.401666180242
-0.000443543288192 -0.314226725266 -0.402712909474
-0.000471871235971 -0.314232935821 -0.403251384741
-0.00108525303596 -0.313331602921 -0.404452196982
-0.00282008480602 -0.313492951553 -0.404562646735
-0.00317129818719 -0.313858669233 -0.405221325419
-0.00433808324571 -0.313286050305 -0.4058197873
-0.00453409724728 -0.31418957325 -0.406479621217
-0.00443533787673 -0.313314702833 -0.406266157615
-0.00494443468648 -0.313885224344 -0.406920329661
-0.00560804254024 -0.313671003888 -0.40700556089
-0.0057558643853 -0.314268419972 -0.407370928842
-0.00564841263672 -0.313689152375 -0.407473841874
-0.00580277514878 -0.314352803298 -0.407489866128
-0.00590913838766 -0.313989339507 -0.407943225067
-0.00526723655055 -0.31377750968 -0.407679434765
-0.00600035372478 -0.313602348291 -0.407440535218
-0.00667491401182 -0.314506268917 -0.408028481875
-0.00786855870158 -0.314760803015 -0.409107072674
-0.0082735461898 -0.314193203344 -0.410528306201
-0.0100669877287 -0.314094521393 -0.412341052801
-0.0117051690742 -0.313952938115 -0.413945821805
-0.0125868707423 -0.314373603298 -0.413617074884
-0.0122328618901 -0.315048518178 -0.414282066027
-0.0131615477834 -0.314708087733 -0.414619936441
-0.0138529574847 -0.313729463606 -0.415361313588
-0.013423622264 -0.314095024487 -0.415134176685
-0.0141652939219 -0.313652784812 -0.415092162707
-0.0142478659534 -0.313738052113 -0.415397479584
-0.013814569469 -0.314495882814 -0.41528942892
-0.0133040341219 -0.314822624816 -0.415458141807
-0.0148594840785 -0.314067042701 -0.416912479683
-0.0163067052417 -0.313588145146 -0.417166794792
-0.0175971720667 -0.314502567076 -0.42001238585
-0.0198795080942 -0.314983813188 -0.422493636651
-0.020768544359 -0.314559409379 -0.422709437803
-0.0210340495892 -0.313974270406 -0.424720050871
-0.0227851592672 -0.31473191789 -0.425509907648
-0.0227851592672 -0.31473191789 -0.425835907648
-0.0243138268306 -0.315040358598 -0.426095322111
-0.0249233602836 -0.315362123716 -0.426450254551
-0.0245843230863 -0.315489338227 -0.427238940743
-0.0249969334603 -0.316141522898 -0.42746265529
-0.0255173988389 -0.31442698476 -0.427915106313
-0.0257354919787 -0.314380854203 -0.428660999511
-0.0266539400132 -0.314538253187 -0.429433986681
-0.0279452449888 -0.314430771273 -0.430454986681
-0.0287690016302 -0.314718130575 -0.431398614172
-0.0284381711843 -0.314640880908 -0.432090360118
-0.0298179117505 -0.31531712768 -0.432434292514
-0.0306494403021 -0.315189214535 -0.43300084211
-0.0302454839924 -0.315759925388 -0.4328116384
-0.0314799573874 -0.315299708819 -0.433801801066
-0.0316119936628 -0.315405051231 -0.433614265113
-0.0313898193832 -0.316021246119 -0.434768555102
-0.0330223646403 -0.315476381773 -0.435845482005
-0.0351863460861 -0.314503672242 -0.437549842217
-0.0374114990314 -0.314480372523 -0.440021580653
-0.0375635872117 -0.315071027373 -0.440572210431
-0.0384513068709 -0.314734889568 -0.441849904987
-0.039192489023 -0.315066315422 -0.44220655914
-0.038799359248 -0.314421310337 -0.442924894633
-0.0404980579048 -0.31523820777 -0.443595557732
-0.0418450828296 -0.315035603282 -0.445085524382
-0.0414186722258 -0.314579173806 -0.445213817203
-0.0412614084537 -0.315818837119 -0.445192352892
-0.0422899688638 -0.315251753621 -0.446121678446
-0.0445901107406 -0.315883514666 -0.447497791747
-0.0441302872862 -0.315685747319 -0.447651481895
-0.045918961928 -0.314533334307 -0.449317163954
-0.0458537339039 -0.314529381864 -0.449703729219
-0.0477306151242 -0.314646065877 -0.450761922162
-0.0466783361458 -0.314260010205 -0.450771725936
-0.0481822951734 -0.314768774129 -0.451558605958
-0.0473961903746 -0.315093653731 -0.451855619975
-0.0488883038114 -0.31468426223 -0.451740320718
-0.0491021124446 -0.314807838695 -0.453214851784
-0.0508152980971 -0.314519457287 -0.453947907054
-0.0506098441119 -0.314580598879 -0.453590664345
-0.0508733117743 -0.315286771112 -0.454611808061
-0.0527132703234 -0.315198232154 -0.455620372472
-0.052866357748 -0.315388520827 -0.456113663732
-0.0528978956756 -0.31512166095 -0.456946977556
-0.0540861517029 -0.31603569379 -0.457434671163
-0.0539072318871 -0.315643147079 -0.457201451093
-0.0556358531878 -0.315351515751 -0.458775799464
-0.0557862389313 -0.315737019207 -0.459278215103
-0.056932894854 -0.315516973264 -0.459659023504
-0.057596474226 -0.315805102685 -0.460240282862
-0.057584630071 -0.314516454865 -0.460189012485
-0.0585648069004 -0.315430824275 -0.460566933604
-0.0588516691739 -0.31471744281 -0.461512736221
-0.0584124688413 -0.31472306476 -0.462114580022
-0.0594990270395 -0.31488388763 -0.462970356363
-0.0595929671445 -0.314692198754 -0.463421195041
-0.0596497424587 -0.315270583727 -0.463306920479
-0.0606587843476 -0.315625182313 -0.464574229477
-0.0605079882254 -0.315239212481 -0.464534342033
-0.0605676617518 -0.315621661395 -0.464764953792
-0.0611243996441 -0.314927376427 -0.46463036566
-0.0611501194635 -0.315240574767 -0.465423250949
-0.0612438248462 -0.315046874941 -0.465966699179
-0.0607989716632 -0.315556714491 -0.466306217646
-0.0608986970019 -0.314969591888 -0.466471536472
-0.0636852188237 -0.314987725899 -0.467527660478
-0.0632737521884 -0.315566241669 -0.467466438547
-0.0640680390107 -0.315292379076 -0.467662829297
-0.0648331508549 -0.315142540093 -0.468778123798
-0.0654840864896 -0.315259437663 -0.470050853917
-0.0655144553483 -0.315069122498 -0.470640012789
-0.0662596786303 -0.314445666725 -0.470894862335
-0.0662835112418 -0.314647806688 -0.471470012789
-0.0678157828606 -0.31554994962 -0.472481416428
-0.0685177838789 -0.315311234083 -0.473610416428
-0.0693904464558 -0.314657206825 -0.475271283958
-0.0698625395973 -0.314659172462 -0.475980945401
-0.0708734378171 -0.315191071587 -0.476704830683
-0.071470530389 -0.315000861725 -0.477872506673
-0.07311044367 -0.31580665209 -0.479334296826
-0.0732643756162 -0.315746061266 -0.480612460986
-0.0731454253127 -0.315927812357 -0.480602638059
-0.0740735579673 -0.315043029498 -0.481889612131
-0.0752498978523 -0.314862164789 -0.482349191061
-0.0751280388877 -0.314861775898 -0.483207869789
-0.0759580032401 -0.315082794903 -0.483207869789
-0.0767116669644 -0.3156085209 -0.483989267531
-0.075698162299 -0.315218048858 -0.483977451049
-0.0758488404647 -0.315794476688 -0.484317454663
-0.0759309191375 -0.31532699212 -0.483682808902
-0.0755454048146 -0.315515524411 -0.484330441201
-0.0765415066234 -0.315432115892 -0.484247307765
-0.0759730347653 -0.315630854285 -0.484246803384
-0.0771533589839 -0.315509272476 -0.484591803384
-0.0772418778968 -0.315595780967 -0.484919140268
-0.07778974 -0.315494361325 -0.485057068023
-0.0775998255601 -0.315894747488 -0.485067813751
-0.0780239513442 -0.314718127017 -0.485793877722
-0.0781423575638 -0.314522638784 -0.486526938283
-0.0781423575638 -0.314522638784 -0.486883938283
-0.0791694304946 -0.314794576794 -0.487836944006
-0.0792667729807 -0.314397147169 -0.488259723687
-0.0801238571805 -0.315201987731 -0.488876820219
-0.0802230642237 -0.315313808334 -0.489853498201
-0.0797410473084 -0.315105293162 -0.491151319901
-0.0811498756262 -0.315626846906 -0.490985986206
-0.080770066518 -0.315477042382 -0.492159669991
-0.080770066518 -0.315477042382 -0.492725669991
-0.0826532287653 -0.316073122566 -0.493403924045
-0.0839789929215 -0.315872625 -0.495551279571
-0.0841001043809 -0.315848422073 -0.496257820152
-0.0849116716668 -0.315932136787 -0.496159614383
-0.0842883975017 -0.315357304695 -0.496424421931
-0.0857667323087 -0.315864929586 -0.497440429889
-0.0849145904397 -0.314344863053 -0.497325873993
-0.0867676806761 -0.315553839673 -0.497972420883
-0.0880631556118 -0.315911430129 -0.49999424009
-0.0878315501969 -0.315597514379 -0.50058112967
-0.0885737578376 -0.315128294134 -0.502561279925
-0.0897140734976 -0.315380149211 -0.503705000623
-0.0892578269282 -0.315381606179 -0.503998364367
-0.0906334483839 -0.316661249041 -0.504470040071
-0.0910163082135 -0.316576051656 -0.504545891465
-0.0915462846637 -0.315953713334 -0.504465139934
-0.091184125242 -0.31548461432 -0.504634268365
-0.0923169426013 -0.315957780309 -0.506134999154
-0.0922152813604 -0.315359714773 -0.506486839756
-0.0919049235122 -0.315730589884 -0.506320381224
-0.0932282604546 -0.31535490021 -0.507866440455
-0.0945943643669 -0.315350616576 -0.509483094169
-0.0945151616522 -0.315181175515 -0.509336136737
-0.095913286585 -0.31662242057 -0.510024150155
-0.0957483729087 -0.314898805001 -0.509942820147
-0.0963585035487 -0.315986860574 -0.510406573407
-0.095850055885 -0.315462930971 -0.510238018623
-0.0960241998872 -0.315853832908 -0.510388520837
-0.096027555998 -0.315658357011 -0.510392544653
-0.0962425131441 -0.316061129489 -0.511781694473
-0.0973171479574 -0.316500300501 -0.512117225604
-0.0972656198109 -0.316207109936 -0.513333152094
-0.0992175356745 -0.316131229189 -0.515179711232
-0.0993980962536 -0.315468413377 -0.516552150514
-0.100169634058 -0.316798576399 -0.516955094732
-0.101882519176 -0.316422347835 -0.518973329535
-0.101566754622 -0.316789641859 -0.51880867554
-0.101566754622 -0.316789641859 -0.51911267554
-0.101022513154 -0.316197125738 -0.519205946851
-0.101936682583 -0.316555240008 -0.519043535617
-0.101936682583 -0.316555240008 -0.519043535617
-0.101936682583 -0.316555240008 -0.519514535617
-0.102373381715 -0.315878594241 -0.519481634166
-0.101410910455 -0.315874915608 -0.518650389454
-0.103459977258 -0.315758744802 -0.519409752827
-0.10247814762 -0.315944952371 -0.519819314454
-0.103439841309 -0.315116483613 -0.519930650616
-0.103498037472 -0.315902296828 -0.520292441969
-0.10406805686 -0.316053768304 -0.520374687908
-0.104358718475 -0.315749516901 -0.520912963506
-0.104091164342 -0.316772583602 -0.522479988204
-0.105457660725 -0.316411740299 -0.523426056737
-0.106535397281 -0.316288895163 -0.52454638878
-0.106499741105 -0.315486428208 -0.525265570606
-0.106595604113 -0.315779599524 -0.526181529753
-0.107337838458 -0.31538199474 -0.526998655028
-0.107864122084 -0.315906235947 -0.527626614764
-0.107274325712 -0.316346739771 -0.527278436778
-0.108126639188 -0.316633346069 -0.527572241831
-0.109412786749 -0.316016787969 -0.528433956841
-0.107534447009 -0.316323818571 -0.527487845879
-0.108689892735 -0.316772617006 -0.526684760478
-0.108258910569 -0.316107959522 -0.527334243118
-0.10825675538 -0.316303306018 -0.527709492153
-0.108424894096 -0.315423567055 -0.527943592305
-0.107543601947 -0.315990218855 -0.527568729161
-0.107539979207 -0.31601017651 -0.527528359008
-0.108846445698 -0.31614550501 -0.528106808543
-0.108372471961 -0.316142815481 -0.528115948739
-0.108617132779 -0.316581920607 -0.529011424208
-0.109753911649 -0.316311022128 -0.529603911542
-0.110009335619 -0.316225911966 -0.530546569262
-0.110021289631 -0.316363767784 -0.530791509243
-0.112723055308 -0.316175842456 -0.533490084065
-0.113812704413 -0.316599600782 -0.535693525007
-0.114222054138 -0.316345445848 -0.536369831457
-0.113110402454 -0.315983625806 -0.535842606749
-0.113092084294 -0.316813493916 -0.535911039414
-0.113638462722 -0.316494384776 -0.535901773106
-0.113176260744 -0.315856673766 -0.536396809504
-0.113975737205 -0.315609649 -0.536313805594
-0.113072546758 -0.317025939855 -0.535445572757
-0.112791577548 -0.31669550238 -0.536080230493
-0.11383380263 -0.315796119487 -0.536325318773
-0.113407117204 -0.316401902783 -0.535900334463
-0.112784735967 -0.316858325677 -0.535717544812
-0.113392553748 -0.316544890825 -0.535586087772
-0.113680385157 -0.315851598236 -0.53707510481
-0.115517968135 -0.316551898319 -0.538900439716
-0.117308515698 -0.315915730495 -0.541742385478
-0.11865173201 -0.31623950831 -0.543429887054
-0.119850380591 -0.316615241541 -0.544991782034
-0.11939830007 -0.315919292696 -0.54596042162
-0.119579468106 -0.316594716321 -0.545819498318
-0.119616470053 -0.315856228683 -0.545904813398
-0.118933511196 -0.316540296056 -0.545658416819
-0.119390941977 -0.315650259527 -0.545237915405
-0.120578132849 -0.315769624949 -0.546096940942
-0.120158529347 -0.315647364652 -0.547403737408
-0.12230500196 -0.31668035262 -0.549714433876
-0.123828175599 -0.316453699819 -0.551839475997
-0.125056437595 -0.315707920615 -0.553663282616
-0.125323889936 -0.316516929038 -0.553149949131
-0.124913045094 -0.316079590464 -0.552992052625
-0.124906351264 -0.316321772921 -0.553331908761
-0.125155131126 -0.316339585579 -0.553606652776
-0.125472316935 -0.315799068637 -0.554226631151
-0.125931480792 -0.316234133473 -0.554539797998
-0.127164125098 -0.31598540912 -0.555204142199
-0.127736118509 -0.316404022118 -0.557359447367
-0.128340875035 -0.316212375989 -0.558704613468
-0.128867927517 -0.316681926523 -0.559602949886
-0.128788665554 -0.316056311317 -0.560025955199
-0.12948018604 -0.315627499699 -0.560806343338
-0.129641811483 -0.316061758307 -0.561188257386
-0.129321559782 -0.316456113353 -0.561285444329
-0.128777132318 -0.315661361789 -0.56141536321
-0.129085734392 -0.316559799068 -0.561452606312
-0.129799829912 -0.316019704428 -0.561811598338
-0.12992004711 -0.315995853243 -0.561902420498
-0.130865232143 -0.316222095021 -0.563040216009
-0.129765781329 -0.316490047255 -0.562654517833
-0.129753925173 -0.31605198678 -0.562869827942
-0.130202848114 -0.316761976543 -0.563004503344
-0.131239920528 -0.315301254609 -0.563737782514
-0.131359745883 -0.316140547558 -0.563134364613
-0.132184668398 -0.316114421489 -0.564347602149
-0.132105679941 -0.316360707664 -0.564747981817
-0.132614794615 -0.316019710302 -0.565268521126
-0.132763941152 -0.315973527255 -0.566573587223
-0.132869990799 -0.315500024752 -0.566538088124
-0.133017606393 -0.315850814309 -0.567287082757
-0.133512135672 -0.315354560655 -0.568274161455
-0.134361830852 -0.315664370439 -0.569472223995
-0.13483164503 -0.316293084742 -0.570375893557
-0.13548510945 -0.314895933093 -0.571789795543
-0.134540335932 -0.315528188017 -0.571237129071
-0.134740372967 -0.315415436372 -0.571895502643
-0.134276635856 -0.315214188185 -0.571710513173
-0.1351108548 -0.314826954874 -0.571798084735
-0.134938767328 -0.315160639504 -0.57127520531
-0.134567850612 -0.31506540725 -0.571780636228
-0.135301406803 -0.315291372758 -0.572060296373
-0.135036092286 -0.314884201307 -0.571825968768
-0.135915519873 -0.314873249432 -0.572439800463
-0.135791778289 -0.314679268409 -0.572338636551
-0.134940727132 -0.315260941802 -0.572096460198
-0.135829986077 -0.31551951749 -0.571709176437
-0.135455097447 -0.315273097819 -0.572272631579
-0.135997577699 -0.315337282379 -0.572098250622
-0.13561238458 -0.31573058535 -0.572510017438
-0.136723681807 -0.315663304454 -0.572935750765
-0.136664515514 -0.314772618618 -0.574133640814
-0.137152054669 -0.314532011536 -0.574423327088
-0.137221662336 -0.315328624298 -0.574510130905
-0.13723034997 -0.314485583465 -0.575493586177
-0.138555243578 -0.315110700576 -0.577140341184
-0.138713143827 -0.315817765979 -0.578251319633
-0.138655423509 -0.314723107421 -0.578866116661
-0.139486235154 -0.315106386005 -0.580371666252
-0.139640576784 -0.314954073238 -0.581266182333
-0.140189720104 -0.314961058074 -0.581541656691
-0.140759379663 -0.315652636736 -0.582300482495
-0.141050944366 -0.315851744369 -0.582036438885
-0.14066612239 -0.314733562127 -0.582208971718
-0.141352711243 -0.315430212629 -0.582382289629
-0.141718540567 -0.315143071613 -0.583422375467
-0.142366579409 -0.315788263498 -0.583972991332
-0.142881683215 -0.315180849151 -0.584237873687
-0.142736045497 -0.314479979901 -0.584379954773
-0.142780494608 -0.315230098867 -0.584537463416
-0.142627935285 -0.314966419415 -0.584160642946
-0.143219690357 -0.315317590882 -0.58509991844
-0.143339325216 -0.315081337644 -0.585805860426
-0.143273030641 -0.314484092166 -0.586380078154
-0.143567869499 -0.314078106391 -0.587116225484
-0.143556669445 -0.315120087894 -0.586839372557
-0.14465797729 -0.315477399308 -0.588604860426
-0.14465797729 -0.315477399308 -0.589390860426
-0.145027401638 -0.315242143784 -0.589860372557
-0.144718379352 -0.314735024303 -0.590131589497
-0.145281385088 -0.315015917376 -0.590467867144
-0.145561376101 -0.314585843892 -0.591322269073
-0.145110383039 -0.314581936096 -0.591441779722
-0.145673250368 -0.314919546282 -0.591733863634
-0.145669484369 -0.315114637812 -0.592166760659

