0.392463086918 -0.217853987174 -0.23813556812
0.392742338015 -0.218488867055 -0.238036584118
0.39251511458 -0.21818259096 -0.238029177881
0.391926192367 -0.21867309714 -0.237885898584
0.391345967803 -0.218047955455 -0.237720610932
0.390584763692 -0.217271699694 -0.237349839986
0.38976439612 -0.217479606322 -0.237281722624
0.389368367592 -0.216430787592 -0.237827257414
0.388953858192 -0.217187819102 -0.237097358121
0.387601278342 -0.216735000194 -0.236621267635
0.386078271734 -0.216658105986 -0.23671567588
0.385476678864 -0.217164558055 -0.236651745812
0.384606009278 -0.216353288655 -0.236518393143
0.383925715481 -0.216080060381 -0.236673851915
0.382825008062 -0.216484700402 -0.23592168509
0.381577100654 -0.217033404075 -0.236650940723
0.38076784229 -0.216712641866 -0.236433058062
0.379830223631 -0.21659132451 -0.236778605032
0.378789250292 -0.216183706536 -0.236751999042
0.377743082604 -0.216816452186 -0.23661548393
0.376517704119 -0.216550800858 -0.236547116766
0.375220165253 -0.216529634521 -0.236649077044
0.374327239105 -0.216099607593 -0.236827402779
0.373181014129 -0.215517449589 -0.237022222392
0.371392295234 -0.215207155703 -0.236489344711
0.369918585905 -0.215656002793 -0.237296772856
0.368777583269 -0.216189952912 -0.23750036824
0.367062026836 -0.216100664065 -0.237525781462
0.36462782664 -0.215957132267 -0.237278633707
0.362774346425 -0.215617341499 -0.238492526959
0.361154143261 -0.214897135312 -0.237978084991
0.359548644453 -0.215486743847 -0.237681227979
0.357921986154 -0.215829438662 -0.238216368062
0.3548243181 -0.215498012867 -0.239185295794
0.353472964756 -0.216257544638 -0.239479032659
0.351865420092 -0.216755864745 -0.239138493531
0.350612935383 -0.216726071055 -0.23970270599
0.348282985683 -0.216660043995 -0.240194766083
0.347586903894 -0.217269025271 -0.240381920901
0.347071133506 -0.217668891653 -0.240018474678
0.346331478874 -0.218277686969 -0.241200944648
0.343693557682 -0.217151664443 -0.240893006692
0.342465121151 -0.219165670869 -0.241589494607
0.342059491816 -0.220468041921 -0.240884947142
0.341625253453 -0.220756900939 -0.240983902149
0.339229947695 -0.220013648199 -0.2414214644
0.339107047264 -0.222411163578 -0.241198866285
0.339173955336 -0.224268040512 -0.241107023756
0.339191105447 -0.224610444614 -0.241098136834
0.336208766158 -0.219602205941 -0.241374993867
0.336002652374 -0.221596579555 -0.241402573739
0.335369630032 -0.223524170601 -0.242141226257
0.335020175864 -0.224800063545 -0.241882396647
0.332040571597 -0.218127358871 -0.242244055506
0.331718404568 -0.219140398883 -0.242630340536
0.331470246172 -0.221314976248 -0.242755061613
0.330824598033 -0.222135496579 -0.243436819669
0.327848539112 -0.214208949536 -0.243206754104
0.327540449009 -0.216236607617 -0.243573299962
0.327567549387 -0.21681835312 -0.24348693898
0.326932272764 -0.218567367911 -0.244147238176
0.322479092633 -0.214257531498 -0.244670303097
0.322518349517 -0.214651586198 -0.244533161631
0.322133773294 -0.214955596494 -0.244340937749
0.321282961929 -0.215954680544 -0.244881447034
0.318063938105 -0.214054631633 -0.245248543937
0.317318655268 -0.215594752981 -0.244821578547
0.316603073443 -0.215758789987 -0.245625173851
0.315988430507 -0.215619148568 -0.246118138977
0.309621000095 -0.213940558135 -0.246136299042
0.307812776622 -0.214677490855 -0.24769075532
0.306739383521 -0.214691769888 -0.247550111749
0.305690160107 -0.216084143713 -0.247984966507
0.303425220776 -0.215985287114 -0.248839870467
0.297481303347 -0.214758813838 -0.249277237763
0.296243097378 -0.215737192903 -0.249592100767
0.295132540746 -0.216084129581 -0.249511419954
0.287217185906 -0.214324137859 -0.251484895632
0.28595135538 -0.215551587368 -0.251765710896
0.285003222535 -0.215803377684 -0.251774796251
0.283634912264 -0.217762858156 -0.252386462344
0.277085268777 -0.216095085909 -0.253685700425
0.275953043989 -0.216725092201 -0.2541536007
0.274851933407 -0.217581982865 -0.254588039158
0.273753122066 -0.218830226024 -0.25491753185
0.269215518895 -0.214791576024 -0.255625252004
0.268559044309 -0.216264937229 -0.255262502211
0.267379651084 -0.216813897829 -0.25648786522
0.2660285578 -0.217610569705 -0.256858481547
0.265458926755 -0.219102209658 -0.256703653563
0.26169191475 -0.216184307289 -0.257377646614
0.260675308812 -0.217698089754 -0.258094692362
0.259712827458 -0.21906795952 -0.257855953375
0.258551779686 -0.218875501311 -0.258716625144
0.25321610412 -0.216208864195 -0.259589605434
0.251836686433 -0.217501235237 -0.25969881624
0.250106064212 -0.218719709019 -0.260053674733
0.248662382244 -0.219261948063 -0.260101474922
0.243093625826 -0.217826440638 -0.261246263644
0.24140019221 -0.219870413508 -0.261292678182
0.239890928161 -0.221486192793 -0.26203735106
0.23843164717 -0.222513858619 -0.26225788553
0.237228646791 -0.217053869953 -0.262245099519
0.235043257007 -0.218550093046 -0.262823590732
0.233424446684 -0.218852603063 -0.263307057913
0.232439402876 -0.219073588005 -0.2637235436
0.231774469525 -0.220043960456 -0.263222954002
0.234086566183 -0.213045359026 -0.263459673855
0.231139930384 -0.212547753586 -0.26472146257
0.230534875769 -0.209864455339 -0.265331956523
0.225707604854 -0.211267312814 -0.266160668564
0.224036820453 -0.211280987616 -0.26681916244
0.222686804085 -0.211577430153 -0.267162183853
0.220232190492 -0.211651841515 -0.268300828055
0.219120284868 -0.211823456185 -0.268813738722
0.216283703055 -0.212117176122 -0.269871118118
0.214233962163 -0.211774092372 -0.271675912582
0.202080208714 -0.212251298812 -0.276664255456
0.200033175645 -0.212449083554 -0.278065455071
0.191075038423 -0.210997996957 -0.281012967844
0.188973896948 -0.210313565965 -0.282302398561
0.188004524149 -0.211054023366 -0.283487618971
0.186751818778 -0.211582818218 -0.284478994932
0.183026448478 -0.211616779542 -0.285610769644
0.18290721128 -0.212398039964 -0.286479249739
0.182459086553 -0.211782901171 -0.28717455946
0.177912910516 -0.211013068438 -0.28777649754
0.178478310168 -0.211354552939 -0.288060079131
0.17835394983 -0.212105413871 -0.28910986987
0.173674766942 -0.211704883778 -0.290001736902
0.169800088283 -0.210643084353 -0.291114633044
0.169415202753 -0.210565978359 -0.293191224082
0.164673314508 -0.21007697867 -0.294724666401
0.164543351222 -0.209750813168 -0.294868901818
0.159437670881 -0.210219270906 -0.29672956378
0.159115672804 -0.208921919975 -0.297608951167
0.155248525006 -0.209330312859 -0.29960320667
0.15488688561 -0.208919758674 -0.301064780878
0.149532399178 -0.20974286362 -0.302674189092
0.144312898286 -0.209707464536 -0.303497779904
0.144032615487 -0.21086472441 -0.305639063286
0.139117417967 -0.210619927457 -0.306548941657
0.138031264077 -0.209464233334 -0.309023079977
0.136188116988 -0.209487750692 -0.307775008036
0.136219650561 -0.210014323822 -0.306782638477
0.136880158205 -0.209867571572 -0.306997217386
0.136421338512 -0.210641720647 -0.306604495256
0.136719916914 -0.209498246526 -0.307007495843
0.13432189045 -0.209143204186 -0.307903364717
0.133383479142 -0.210328471257 -0.307882136768
0.132541675279 -0.209791603044 -0.309041069954
0.13041264045 -0.21045988642 -0.309540330359
0.129896072762 -0.210066046917 -0.310661260076
0.127229471508 -0.209969565504 -0.311473920892
0.125646488307 -0.210305574961 -0.312006722564
0.12595601427 -0.210147239817 -0.312312794636
0.124963219851 -0.209769098212 -0.312788568064
0.125294601587 -0.208848915961 -0.313033501231
0.125378984858 -0.208841360164 -0.312987484521
0.125521360515 -0.209286238941 -0.312590824417
0.12494377622 -0.209440953364 -0.312931372703
0.12637213907 -0.209382846726 -0.312332772651
0.125957597699 -0.210612155785 -0.311947072143
0.126876397058 -0.210014822068 -0.311764230343
0.12551005413 -0.209443260664 -0.312360705415
0.124178142551 -0.209964393432 -0.31252555423
0.123609494891 -0.209277061128 -0.31366531904
0.121898072162 -0.20982390771 -0.314285127526
0.121496286791 -0.209472406931 -0.315371153886
0.119769900837 -0.209273094522 -0.315329788542
0.118620618061 -0.209470234236 -0.316113673552
0.118566551844 -0.210080336931 -0.316358935943
0.11771287865 -0.209254383009 -0.316004906584
0.117769742352 -0.210006665829 -0.31597755194
0.117693823045 -0.210014898484 -0.317104317278
0.117588105153 -0.20991159057 -0.316892010048
0.117568905803 -0.210111436231 -0.317392398813
0.117804647572 -0.209532567196 -0.316802816991
0.116523533618 -0.209696203389 -0.317503622796
0.115648466706 -0.209078185104 -0.317852688043
0.114755655083 -0.209718147518 -0.318486118173
0.112861052114 -0.210386737826 -0.319585541261
0.111742722508 -0.210053821485 -0.320222895571
0.111252855595 -0.209858934573 -0.321392028107
0.109450868863 -0.209659264448 -0.320999103042
0.107520566382 -0.210638938004 -0.321568211216
0.10693596063 -0.209203765038 -0.323581310266
0.105280361607 -0.209719316954 -0.324019516698
0.105807253223 -0.210156626172 -0.323229150574
0.105321801666 -0.209606006933 -0.323451962984
0.105701930906 -0.210005886542 -0.323338366463
0.106666447913 -0.209357875511 -0.323231833479
0.105693079053 -0.209480635862 -0.322991789122
0.106126878917 -0.209267511004 -0.322962707065
0.104988538047 -0.209560545767 -0.323309801877
0.104948206122 -0.209415852541 -0.323575323096
0.103855521385 -0.210060877446 -0.323696279106
0.104285306744 -0.208633975258 -0.323772364711
0.103232581551 -0.210213291894 -0.324269958945
0.103344841543 -0.209233285212 -0.324789778301
0.101745905418 -0.20973036758 -0.325444674979
0.100524527846 -0.20954844678 -0.325931052247
0.100250260929 -0.209137670164 -0.326381967776
0.0992170015121 -0.208668625477 -0.326429494973
0.0989271194816 -0.209014683695 -0.326992581274
0.0989278096248 -0.208456366578 -0.327125868725
0.0969691640664 -0.208606283766 -0.327848217257
0.0971072944935 -0.209297675241 -0.327383813652
0.0971029378045 -0.208645160519 -0.327606807791
0.095979472055 -0.208581804152 -0.327605616839
0.0956886677005 -0.209483314818 -0.328167137164
0.0941201763676 -0.209392258415 -0.328481534438
0.0937856058073 -0.209808257681 -0.329002096073
0.093862535704 -0.209388146834 -0.329191976097
0.0933448289622 -0.208701692984 -0.329612738157
0.0933569065796 -0.209060075859 -0.329587139381
0.0934209409947 -0.208153309394 -0.329673561148
0.0926093309023 -0.209511006436 -0.32973554158
0.0926615366649 -0.209147289676 -0.33032699695
0.0920231623563 -0.209934411362 -0.330534836805
0.0920479402302 -0.20939264308 -0.330154786958
0.0916214687701 -0.209443342387 -0.330753157498
0.092172295426 -0.209272604971 -0.329789422956
0.0921412779975 -0.209630873305 -0.329856800014
0.0920220219698 -0.208749359548 -0.330122238922
0.092477881313 -0.209725706617 -0.329674514966
0.0930373156464 -0.210036549574 -0.329161898915
0.0919671737498 -0.209260998651 -0.330510909558
0.0904160809691 -0.209413596862 -0.331096393188
0.0896242317132 -0.209090966624 -0.332095209133
0.0877582306203 -0.20879224722 -0.333414063915
0.0860806285013 -0.209037307926 -0.334154582531
0.0856882973574 -0.20924504446 -0.335016242126
0.0842470104417 -0.209505294791 -0.335779730007
0.0842246982186 -0.209864396222 -0.336046684442
0.082723881575 -0.209149688236 -0.336654377237
0.0823936981584 -0.209649317361 -0.336927779507
0.0827763709727 -0.20879773473 -0.337063150336
0.0814380995112 -0.209121063617 -0.337866760112
0.0815411896244 -0.209249247627 -0.338140591844
0.0802244723733 -0.209000034229 -0.338580445216
0.0809119995044 -0.208796561737 -0.337969075075
0.0804121534347 -0.209475478385 -0.337951921109
0.0804416300798 -0.20920969454 -0.338814986901
0.0785297138846 -0.208364265643 -0.339828799425
0.0782423008359 -0.209268374225 -0.339730058065
0.0766327334872 -0.209426513434 -0.340567722497
0.0765267340442 -0.209853497867 -0.340937777775
0.0760732030359 -0.209117604121 -0.341789654032
0.0746681075077 -0.208993312011 -0.342426440431
0.0746084173345 -0.208110967022 -0.342744324138
0.0734306996277 -0.208773972077 -0.343839035708
0.0718562295892 -0.209950807521 -0.344035286028
0.0722277598397 -0.209253522627 -0.344206056106
0.0716128946325 -0.209713875288 -0.344282989349
0.0703765672051 -0.209207033406 -0.344424152202
0.070536587153 -0.209078418178 -0.345271231105
0.0686996523186 -0.209245867673 -0.346724124271
0.06656315321 -0.209314696499 -0.347752895301
0.0665560466835 -0.208399229913 -0.348608304894
0.0636830879308 -0.208719221422 -0.349458581016
0.0636977789969 -0.209216987752 -0.350465869144
0.0611731989134 -0.20982352989 -0.350963429722
0.0596486959258 -0.210160553983 -0.352411316558
0.059527895695 -0.209828962267 -0.352575662729
0.0595446566391 -0.2094639369 -0.35311892527
0.0584762922835 -0.210188142445 -0.353466553324
0.0571385938276 -0.21016852083 -0.354381327378
0.0570297596543 -0.209282982608 -0.354624259166
0.0548168971473 -0.209396410957 -0.356009414512
0.0522888945986 -0.210320431235 -0.356628597811
0.0516378831227 -0.20977008677 -0.358611555116
0.0514688107211 -0.20888859832 -0.359586708209
0.0495720906975 -0.209124280042 -0.360336803308
0.0466140032045 -0.210332438918 -0.361213956654
0.0436461122036 -0.210823971608 -0.362398407898
0.0435219740765 -0.210951069547 -0.364136805489
0.041555805901 -0.210085136898 -0.364517663776
0.0423434238334 -0.209734516668 -0.364735407357
0.0416534083779 -0.21029347715 -0.364845728394
0.0430802847736 -0.210410734362 -0.364282730032
0.0418181006788 -0.210545653603 -0.364269776996
0.0398845409579 -0.210573209456 -0.365277397636
0.0399532306991 -0.211005479875 -0.365277687229
0.0379212494536 -0.210887618069 -0.367199884068
0.0376532141928 -0.211294472667 -0.368249044928
0.036017454292 -0.210867147089 -0.369205452999
0.0335534489269 -0.21086658135 -0.370685217199
0.0335251249033 -0.211111226012 -0.37096332398
0.0319327126908 -0.211217636865 -0.371526814426
0.0325255224792 -0.210983183886 -0.370942774853
0.0314833061837 -0.211554468275 -0.371430240521
0.0304305753171 -0.211359804452 -0.371819945312
0.0305338974249 -0.210940026002 -0.372628196285
0.0305356741514 -0.212056072591 -0.372631596023
0.029912561733 -0.211745268439 -0.373190909085
0.0284497567966 -0.211464421116 -0.374595443501
0.0283014456549 -0.210935912377 -0.375801428849
0.0260899827234 -0.210908146334 -0.376577513467
0.0231238068617 -0.211675425437 -0.377791645301
0.0230926412489 -0.211161510358 -0.378254898003
0.023515097781 -0.210405041444 -0.378828151812
0.0221099837343 -0.211360587736 -0.378683290565
0.021909251135 -0.211348624199 -0.37940246029
0.0219010939742 -0.211438903077 -0.379130112545
0.0224550177712 -0.21101903652 -0.378741907189
0.0214363923283 -0.211387715532 -0.37922167925
0.0211593953922 -0.211916930078 -0.379773160025
0.0211593953922 -0.211916930078 -0.379773160025
0.0202797612686 -0.211737928448 -0.380819093941
0.0202006446782 -0.211403707549 -0.380799345522
0.0201048905918 -0.212017593052 -0.381318082762
0.0192627625366 -0.212300307458 -0.38160823658
0.0172571278461 -0.211938048076 -0.38305707317
0.0177158639293 -0.212134948415 -0.383140881418
0.0165353441218 -0.212757913618 -0.384131937606
0.0169326639343 -0.213038659221 -0.38480014258
0.0156265668757 -0.21298051647 -0.384409131072
0.0155296342347 -0.211834148168 -0.385280060797
0.0155292372727 -0.21250485292 -0.384539458135
0.0153195760124 -0.213248334427 -0.385575360364
0.0148062038933 -0.212603853154 -0.385733160071
0.0153382054625 -0.212752081807 -0.38522614812
0.0153023495757 -0.213117817411 -0.385456931187
0.0138005188918 -0.212940773944 -0.386418165795
0.0133412656686 -0.21261801896 -0.387224451299
0.0113067264353 -0.212739696697 -0.389101726476
0.00899873650917 -0.213480840152 -0.391030759651
0.00856832761306 -0.21271812943 -0.391913454156
0.00655729321736 -0.212842635648 -0.392583728262
0.00515110235567 -0.212648865013 -0.394036300686
0.00548335950879 -0.214345671994 -0.393507076705
0.00555085271639 -0.213974769135 -0.394013052151
0.00537419463783 -0.212774900442 -0.394141235444
0.00598099123983 -0.213834062903 -0.394070080573
0.00629303453908 -0.213461520157 -0.393531871546
0.00625880990339 -0.21229031909 -0.392641827157
0.00669590892272 -0.213371781055 -0.3924348209
0.00661275362692 -0.214173684429 -0.392668958857
0.00544154299156 -0.213430964879 -0.393059587045
0.00439831077094 -0.215083137199 -0.394606386654
0.00315180608256 -0.213752463936 -0.39522385091
0.0026913997374 -0.21371390187 -0.395867342523
0.00268247905933 -0.21400594352 -0.396847508131
0.00169764656258 -0.212190029706 -0.39783106057
0.00169770255179 -0.213430169943 -0.397917988847
0.000175830975333 -0.212367493616 -0.398667557645
0.000260877773934 -0.212612715173 -0.3992922423
0.000246009146415 -0.213383456553 -0.399390076007
-0.00155797288687 -0.212060671803 -0.39986203176
-0.00247425487223 -0.211414228164 -0.40104303176
-0.00239470335797 -0.212134381132 -0.401313359934
-0.00264746018287 -0.211809390571 -0.401738312849
-0.00265029263179 -0.212363646658 -0.401764999079
-0.00284457211211 -0.21253462383 -0.401782495987
-0.0026870690231 -0.212112562379 -0.401883995421
-0.00331553503281 -0.211651363364 -0.401846075702
-0.00295637859011 -0.211793419326 -0.402205929126
-0.00274658241692 -0.211785793831 -0.401469721923
-0.00312319777507 -0.211667709267 -0.401588997718
-0.0031583820552 -0.212520108643 -0.402511290405
-0.00274295978011 -0.212524295764 -0.402747945526
-0.00391702687185 -0.211861451878 -0.40251490868
-0.00405872624494 -0.211823081225 -0.404052998848
-0.00496427012568 -0.212506712928 -0.404157511116
-0.00591380757254 -0.210856462325 -0.406210179898
-0.00829563920465 -0.212353251964 -0.408321319847
-0.0103864177244 -0.212226881947 -0.409826418719
-0.0117185075848 -0.212180500812 -0.410804327654
-0.0114549835646 -0.211681155342 -0.41105294098
-0.0121760187796 -0.212398308804 -0.41204698394
-0.0112192031332 -0.212907677084 -0.411421783148
-0.012092372014 -0.212166850541 -0.41150312552
-0.0122322242376 -0.21196644069 -0.41121332085
-0.0122322242376 -0.21196644069 -0.41165232085
-0.0133833991459 -0.212360229362 -0.412836341414
-0.0134864644267 -0.212767918668 -0.412653276268
-0.0150734482168 -0.211947518084 -0.414919961572
-0.015082642077 -0.211751307842 -0.41520387726
-0.0161553321929 -0.211790117973 -0.415788567995
-0.0168618107418 -0.212461222766 -0.41753537356
-0.0168249523731 -0.212094682603 -0.4176651803
-0.0191536684109 -0.21182643824 -0.418697305876
-0.0198011899043 -0.212682510437 -0.420212860166
-0.0193538514353 -0.212122618878 -0.420159505706
-0.019512046802 -0.212540274953 -0.420788096926
-0.0217154047518 -0.212850050793 -0.422158003598
-0.0212662659452 -0.212288720187 -0.422482863293
-0.0233146642952 -0.212109767834 -0.422929342838
-0.0233447512562 -0.212115603908 -0.42349256536
-0.0243043769726 -0.212338918947 -0.423803290974
-0.0242151126186 -0.212753535209 -0.423697032172
-0.0237370610459 -0.212186152209 -0.423965029146
-0.0251204761639 -0.213024869675 -0.423838322116
-0.0250475715589 -0.213184889619 -0.42435539313
-0.0257100575794 -0.212476136277 -0.42444658837
-0.0256359691554 -0.213195290992 -0.425490582022
-0.026362668038 -0.211799650218 -0.425727074395
-0.0257340444174 -0.211749605402 -0.425565483447
-0.0261411066915 -0.211533709034 -0.42766661782
-0.0281582807285 -0.212059841655 -0.428057058235
-0.027704492546 -0.211601019556 -0.428670287451
-0.0286784056733 -0.211761519976 -0.428862850805
-0.028801977533 -0.211712709771 -0.429750141655
-0.0287773410874 -0.212212111094 -0.430395803235
-0.0301549119798 -0.211765676489 -0.430228278546
-0.0302480074119 -0.212167055142 -0.430472110423
-0.0327712976368 -0.212466112733 -0.432227519475
-0.0346542948087 -0.212900710402 -0.433557349987
-0.0350394193753 -0.211467288726 -0.434502881961
-0.0350585174563 -0.211668117828 -0.435031168345
-0.0355607867891 -0.21213524451 -0.435280399371
-0.0365298649442 -0.212347858737 -0.435137322045
-0.0360745517574 -0.211281039132 -0.43561907126
-0.0363040104543 -0.212473044466 -0.435627971725
-0.0362664530793 -0.212101769934 -0.436423699406
-0.0371073896852 -0.211696783518 -0.43690555252
-0.0377635792756 -0.212701538952 -0.438034409424
-0.0389960301152 -0.212497718839 -0.439462062565
-0.041282407808 -0.21191833332 -0.440727387679
-0.041937685799 -0.212657284571 -0.441914820833
-0.0421782475216 -0.212641847208 -0.443196480122
-0.0445589195059 -0.212554833494 -0.444327298075
-0.0454175770907 -0.21253339971 -0.445506272034
-0.04687956857 -0.212157572526 -0.446497755594
-0.0464218194767 -0.212155370186 -0.446109371575
-0.0461086361356 -0.211299294955 -0.446290791732
-0.0467561734876 -0.211709874796 -0.446374151234
-0.0454211226386 -0.211707597369 -0.445818665764
-0.0454659128216 -0.21218354088 -0.445945063888
-0.0466989232999 -0.212400791272 -0.446191200843
-0.0466815944885 -0.212200186388 -0.446465511149
-0.0483020889156 -0.211713247815 -0.447530308181
-0.0484176208878 -0.212818249891 -0.448337975197
-0.0495964380477 -0.21221083514 -0.449404097966
-0.0495584797362 -0.211836224228 -0.44988178865
-0.0512491530118 -0.212648652018 -0.450929453979
-0.0513885920152 -0.21347342055 -0.451960738999
-0.0514151038198 -0.212923895429 -0.452329348036
-0.0514827571042 -0.213303396415 -0.452398360306
-0.0534462672305 -0.21335131232 -0.453468378508
-0.0534462672305 -0.21335131232 -0.453908378508
-0.0547663448379 -0.213281238964 -0.45410066973
-0.0552336996887 -0.213087073781 -0.455193079338
-0.0557570716077 -0.212206162063 -0.455003258542
-0.0556922641022 -0.213227204144 -0.455059469171
-0.0562608031796 -0.213125678739 -0.4559028007
-0.0562322154995 -0.21198616279 -0.456805105425
-0.058055578671 -0.213437353056 -0.458334512798
-0.0592103790784 -0.212271530988 -0.46022375271
-0.0608717809791 -0.212901047131 -0.461036398221
-0.060996853948 -0.21284623567 -0.462085631968
-0.0607252013546 -0.213043867775 -0.463007795049
-0.0609935525384 -0.213464562251 -0.462619707153
-0.0612018810746 -0.212853703334 -0.462357077933
-0.0603491830323 -0.213425212822 -0.462097694817
-0.0615045805797 -0.212800107165 -0.462590209439
-0.0614050245894 -0.212884528093 -0.462521933732
-0.0622344188989 -0.212996817705 -0.462906706559
-0.0633804227417 -0.212831928305 -0.463575705133
-0.0650237644318 -0.212992531081 -0.4658508688
-0.066020495835 -0.212371138555 -0.468243637117
-0.0670844242374 -0.213339577497 -0.469090836542
-0.0687303640541 -0.212823153289 -0.471464759533
-0.0694742817001 -0.213271528018 -0.471943173099
-0.0703351727021 -0.21353190539 -0.472760348756
-0.070879712468 -0.212851357033 -0.473100445396
-0.0725314896875 -0.21341908221 -0.475797031396
-0.0735395731133 -0.212979071179 -0.477791869372
-0.0744001373487 -0.213048652606 -0.478012063183
-0.0751084081185 -0.213930641603 -0.478808692498
-0.0752737566461 -0.213491961745 -0.479387136574
-0.0753428891493 -0.213443146167 -0.479176246362
-0.0739044384138 -0.213170160817 -0.479471302508
-0.0750408973454 -0.212839768098 -0.47924043954
-0.075847301228 -0.212737133628 -0.479537460053
-0.0760087305598 -0.212880057084 -0.480822346386
-0.077624454767 -0.21334822101 -0.481417438425
-0.0778863850666 -0.213688795547 -0.482924477542
-0.0782607136586 -0.213633278796 -0.482577880967
-0.0788079828442 -0.213452324927 -0.483480498238
-0.0799351439081 -0.213218649517 -0.484893195466
-0.0804036940993 -0.213026134241 -0.48530457566
-0.0798446189366 -0.213404581252 -0.485607117512
-0.0814037300047 -0.213068619462 -0.487108195268
-0.081393547644 -0.213264860482 -0.487445871618
-0.0823462082785 -0.213988299144 -0.488035112354
-0.0819471500903 -0.213219615155 -0.487905244669
-0.0823525016118 -0.213565690628 -0.489446343051
-0.0827976395933 -0.213244428593 -0.488933754176
-0.0825347831408 -0.213191494342 -0.489986596393
-0.0835942886064 -0.213595447234 -0.489827973088
-0.0832215055901 -0.212955514308 -0.490140303237
-0.0833306431661 -0.213670150559 -0.490908075581
-0.0846662089601 -0.213436772527 -0.491956133208
-0.0865905183342 -0.213167125022 -0.494495930678
-0.0866007730418 -0.212970921769 -0.494497513687
-0.0875282726193 -0.212875751506 -0.495898313939
-0.0892639477168 -0.21366924318 -0.497460798178
-0.0902400631099 -0.213356784526 -0.498622702086
-0.0902781758952 -0.213110296693 -0.498425994142
-0.090234826244 -0.21413845846 -0.498581427225
-0.0902700230349 -0.212946766997 -0.498596257191
-0.0900366555665 -0.213813409513 -0.498124076558
-0.0903404760393 -0.213898655581 -0.498159559248
-0.0905470726412 -0.214094400613 -0.498769429908
-0.0915371832248 -0.214218928507 -0.500286873121
-0.0927167226022 -0.213362212484 -0.501974081947
-0.0929968498216 -0.213054283382 -0.504116043208
-0.0940405771736 -0.213605635089 -0.504825219667
-0.0954496748976 -0.213834736292 -0.506289428733
-0.0954555292364 -0.214413881589 -0.506378083015
-0.095750526095 -0.213263773372 -0.507117785012
-0.0970335693188 -0.213695900249 -0.508043887014
-0.0962048979603 -0.213293593037 -0.507915414145
-0.0969059219025 -0.213391385734 -0.508306762224
-0.0970845491229 -0.214090837101 -0.507554423256
-0.0981350789328 -0.213182563321 -0.508352345145
-0.0978307969163 -0.21320917751 -0.508485464424
-0.0985899020116 -0.213310365092 -0.508935872387
-0.0980857996329 -0.2138458971 -0.509818418845
-0.0993383714112 -0.213490892764 -0.512085391377
-0.100356139321 -0.214141665992 -0.512672420226
-0.102010364891 -0.213738641985 -0.514521758375
-0.101509531434 -0.213485751149 -0.515143211808
-0.101982118214 -0.21375526934 -0.51518080898
-0.103170789327 -0.214316112692 -0.515263514188
-0.10271119426 -0.213533348484 -0.516167782301
-0.10326313255 -0.213193229235 -0.51663432513
-0.104561793557 -0.21331636152 -0.51732095399
-0.105200323872 -0.21319084899 -0.517948229298
-0.105213589743 -0.214168487625 -0.518726138632
-0.10612507831 -0.213587484974 -0.520567404803
-0.105984628052 -0.21372120768 -0.520086139066
-0.106059409766 -0.213852451774 -0.520837193562
-0.107115383932 -0.213240999871 -0.522498119032
-0.10708204799 -0.213433553145 -0.523176470626
-0.106556179949 -0.212994015212 -0.522834284024
-0.105612784497 -0.213782222753 -0.522273459933
-0.106931590973 -0.213450115283 -0.523079326583
-0.106486131282 -0.213645347789 -0.523232828892
-0.1076253985 -0.213416741674 -0.52353665847
-0.107147885588 -0.213948799604 -0.523700703256
-0.107839982953 -0.213113535904 -0.524170032325
-0.108482076624 -0.213582751866 -0.524391538013
-0.10794974102 -0.213782240166 -0.524437484985
-0.108398294542 -0.213495274791 -0.524676746683
-0.109584914033 -0.213640189171 -0.525563548143
-0.109469009271 -0.213264715949 -0.525997093781
-0.110747569211 -0.21303495541 -0.527779422288
-0.111965994195 -0.213748871012 -0.52951353825
-0.112387582713 -0.213165729828 -0.530440352069
-0.113383647994 -0.213617373668 -0.531273911432
-0.113975327305 -0.21289731306 -0.532537482054
-0.11436686656 -0.212901633839 -0.533158895678
-0.114475518798 -0.213326734507 -0.533169489075
-0.1149553856 -0.213573259988 -0.534211393976
-0.115037284031 -0.213580299164 -0.534605907657
-0.115269053595 -0.214068985776 -0.534537675651
-0.115036045261 -0.213901677824 -0.53498622317
-0.115424652585 -0.213247878811 -0.535463535406
-0.115270733904 -0.213230147881 -0.535455962982
-0.116139390155 -0.21257814836 -0.535811981091
-0.115118289958 -0.213770934557 -0.535505452927
-0.115593698202 -0.21374484134 -0.535756253591
-0.115038952031 -0.213166266608 -0.535778715002
-0.115722946557 -0.213062823356 -0.535577592342
-0.115642662643 -0.213272205864 -0.535844671836
-0.116945639811 -0.213470123408 -0.536661236417
-0.118561227813 -0.213390811478 -0.539421121927
-0.119402173699 -0.213457285379 -0.540352726916
-0.12134338493 -0.213321342434 -0.54351034463
-0.121646105921 -0.213458479627 -0.544458375806
-0.121856910033 -0.213741178056 -0.543928993127
-0.121842649418 -0.212632875459 -0.544779531806
-0.122543951155 -0.213844318675 -0.545026451997
-0.122509563235 -0.213256867185 -0.54590779022
-0.122157613348 -0.21296227168 -0.546163215515
-0.123166155821 -0.213802740304 -0.546837658201
-0.123416340613 -0.214201844638 -0.54909390644
-0.124434207271 -0.212453607117 -0.551401341916
-0.125921622467 -0.212340027951 -0.552000052782
-0.125481704505 -0.212887094633 -0.552596097512
-0.126075074895 -0.212758829086 -0.551450935786
-0.126657623745 -0.21354401021 -0.552202388509
-0.127197889169 -0.213917706656 -0.552411282225
-0.126874677022 -0.213374992741 -0.552224082538
-0.127445956482 -0.213048721614 -0.55306120823
-0.12746151062 -0.213640732263 -0.553092290725
-0.128372722217 -0.213526945638 -0.555758091844
-0.129038205457 -0.213488710156 -0.55729291765
-0.130242812924 -0.21376186006 -0.559110370354
-0.130920542964 -0.213044311724 -0.560383499629
-0.131599631117 -0.213554614908 -0.560417466233
-0.132000834657 -0.213060729916 -0.56096998309
-0.131084895658 -0.212455974473 -0.560683473509
-0.131574043753 -0.21238047239 -0.560720773783
-0.131731721538 -0.212856048742 -0.560868738925
-0.131413967257 -0.213629937108 -0.560615138957
-0.13145641389 -0.212815960719 -0.561473696291
-0.131970584841 -0.212488586866 -0.561836497668
-0.13198358288 -0.212772025546 -0.561665477196
-0.131795661103 -0.212283598085 -0.562763872876
-0.13345914682 -0.213164410853 -0.564478038157
-0.134378984848 -0.213269199783 -0.566345276606
-0.135455494149 -0.212904552666 -0.568363313826
-0.135176189192 -0.213388312597 -0.569133455397
-0.1356074578 -0.212970710606 -0.569827162396
-0.136280674534 -0.213229637899 -0.570114438947
-0.136615090694 -0.213869432071 -0.570264075876
-0.136853291412 -0.213035343352 -0.570879757293
-0.136935443989 -0.212596604022 -0.571285404992
-0.1368920877 -0.213238353878 -0.571908183829
-0.137769292123 -0.213143588308 -0.57292817704
-0.138081889207 -0.212679479841 -0.573274803614
-0.138983868589 -0.213260300419 -0.575206736969
-0.139702345204 -0.212637719398 -0.577071950926
-0.140000030843 -0.212543099756 -0.577959179547
-0.140888959925 -0.213535477382 -0.578479162952
-0.140769714905 -0.213405565973 -0.57867304312
-0.141429677765 -0.212988899595 -0.579641084549
-0.141304157796 -0.212691655496 -0.579607357149
-0.141677893016 -0.212663195661 -0.580317846062
-0.142298519995 -0.212948396904 -0.580839303695
-0.142618345251 -0.212831745734 -0.581812566438
-0.142681889043 -0.213593010146 -0.582357042859
-0.143379887396 -0.213844517369 -0.582901271981
-0.143576213366 -0.213171817398 -0.583514633408
-0.144071956255 -0.213430885025 -0.584186227791
-0.14363432501 -0.213419408782 -0.584591627904
-0.144287182176 -0.212504161551 -0.585286419995

