0.392511952468 -0.227154735005 -0.23604660206
0.392484896796 -0.228019585367 -0.236102826294
0.392347566499 -0.227166038744 -0.235772895428
0.392133006995 -0.22616755271 -0.235885508472
0.391420054362 -0.227218215684 -0.235432110772
0.390702825396 -0.227191359679 -0.234932133699
0.38959732778 -0.227536299623 -0.235067913863
0.388863879022 -0.227296983854 -0.235526765106
0.388293165384 -0.226871755642 -0.234512240568
0.387089624735 -0.22745997445 -0.234307813547
0.385505104409 -0.227374043969 -0.234621910287
0.385073857348 -0.227517173125 -0.234604598619
0.383615530762 -0.22738651351 -0.234482592106
0.382266853481 -0.226945093131 -0.23488282345
0.381179854999 -0.226423196787 -0.234928305006
0.380109522269 -0.227469433184 -0.23488582199
0.379466395357 -0.226771216568 -0.234118001047
0.378331547205 -0.227005501995 -0.235195764899
0.377441584544 -0.226949674279 -0.234542811484
0.37542071515 -0.227183149626 -0.234945968757
0.374220427833 -0.227029240801 -0.23546731728
0.373074033273 -0.227040495376 -0.235784275521
0.371349536036 -0.227826713296 -0.235092781689
0.370006523358 -0.227822069138 -0.235312772586
0.368075977234 -0.228079673425 -0.235465774529
0.366232647049 -0.227700255387 -0.235959601544
0.364571475977 -0.226695148137 -0.236481205549
0.363205500187 -0.227790907535 -0.236151808291
0.360992850668 -0.226835088014 -0.236375327894
0.358178818699 -0.22727604945 -0.236535575928
0.356581836832 -0.226617954054 -0.236745633312
0.355229678377 -0.227015718395 -0.23627058003
0.353804332064 -0.226902760814 -0.236060803223
0.349343060871 -0.225789485795 -0.237846485749
0.347832747389 -0.226570718422 -0.239434415885
0.344138755224 -0.227292020464 -0.238939584445
0.341917913195 -0.226688752769 -0.239806846504
0.341028045533 -0.227059819167 -0.239963566197
0.340244041346 -0.226809131517 -0.239624455657
0.337018997835 -0.226845952033 -0.240107077559
0.336259015514 -0.22711370983 -0.240538754468
0.335713749214 -0.225785142245 -0.241600728517
0.335426684975 -0.226359482877 -0.241858777307
0.330323565191 -0.226509889586 -0.241729668569
0.330288033942 -0.225856511842 -0.241854707083
0.330242890487 -0.225933687627 -0.24199339608
0.3301816526 -0.224841424815 -0.242139264263
0.324018040399 -0.226703222569 -0.242653172058
0.324047759563 -0.227291660607 -0.242580988574
0.323378049266 -0.226847375229 -0.243307014138
0.323052953012 -0.226831087276 -0.24363716879
0.316448935197 -0.228679767767 -0.244334865887
0.316458107586 -0.228921780089 -0.244275218264
0.316097539014 -0.228072590098 -0.244735135095
0.312099343594 -0.229015061004 -0.244851011118
0.312439100418 -0.229374648992 -0.24449849282
0.312069881628 -0.229541864781 -0.24500844767
0.312143919212 -0.230203648806 -0.2447405571
0.311768907271 -0.230205452173 -0.245300749942
0.311797671565 -0.231047894462 -0.245208961448
0.305844205938 -0.230492957942 -0.245772350737
0.306006466274 -0.231717933926 -0.245855761413
0.301619148515 -0.230109690624 -0.245377670419
0.301710920917 -0.231416299183 -0.246378967355
0.301799578704 -0.231889311474 -0.246734877514
0.301772525023 -0.230810658156 -0.246938395509
0.296518260786 -0.230558439542 -0.247424771391
0.296231219901 -0.230272699334 -0.247631113448
0.295917941101 -0.231078954867 -0.247819982459
0.295931302549 -0.232081854624 -0.247687597289
0.295882169427 -0.232273571179 -0.247864152552
0.291025289016 -0.232595511108 -0.249101622655
0.291077929974 -0.233254562651 -0.248829561984
0.291053060644 -0.234349973424 -0.249489956793
0.291051916931 -0.234527465479 -0.249475910918
0.287224954489 -0.234993216178 -0.249595237567
0.286844124525 -0.234801311923 -0.250126512425
0.286821100486 -0.236152186796 -0.249991997827
0.286492368172 -0.237133769266 -0.250142160028
0.282540406137 -0.233724377165 -0.250196983488
0.282481525588 -0.234564511243 -0.250259940015
0.282460217379 -0.235064905024 -0.250273629894
0.282475500208 -0.236084513499 -0.250005452723
0.282206551818 -0.237546427772 -0.250495026642
0.277981062307 -0.233116846001 -0.250998591783
0.277976697141 -0.233295473076 -0.250982176039
0.277306138182 -0.234247784508 -0.252098108299
0.277430163157 -0.23505451907 -0.252155937805
0.273290679735 -0.230341120214 -0.252392948419
0.273287023592 -0.231669082151 -0.252204802843
0.273258255055 -0.232620578356 -0.252744154852
0.273421360289 -0.233849616249 -0.252533552741
0.273560098928 -0.234791761048 -0.252430778929
0.269240653326 -0.231853590007 -0.252653303106
0.268801715294 -0.23238256953 -0.253838414258
0.268547391351 -0.233238651291 -0.25367921712
0.265467575821 -0.231514491396 -0.253743897544
0.264708451073 -0.232426668698 -0.254347308758
0.264142082044 -0.232959684504 -0.254416438337
0.263342860208 -0.234399259166 -0.255067526734
0.259271741285 -0.230853464974 -0.25539578736
0.258565421798 -0.231397953372 -0.255864940392
0.253089327205 -0.229717858258 -0.25745771408
0.252462839114 -0.230300089597 -0.257692738488
0.251423746913 -0.231200238235 -0.258337120762
0.249638774022 -0.233035136447 -0.259453440133
0.2442964759 -0.230765075316 -0.260620118796
0.242462606226 -0.232322782617 -0.261910987813
0.23989808219 -0.232788384945 -0.262749243195
0.232627266775 -0.229449899342 -0.26355010506
0.231280594327 -0.230109245641 -0.263579868196
0.229914624851 -0.229443068299 -0.263580250074
0.227914416424 -0.227034405925 -0.265281123651
0.226187005536 -0.227990856355 -0.265389297163
0.225052722713 -0.228390345595 -0.265664786084
0.222428515989 -0.227942784853 -0.266871051001
0.221599378724 -0.227220109894 -0.267331535023
0.21999674422 -0.227765146825 -0.268179289821
0.218570870413 -0.227689742437 -0.268214239293
0.215408347229 -0.227956024185 -0.268943884333
0.214036182564 -0.227376524669 -0.269218351787
0.207196182476 -0.227093505064 -0.27200082409
0.204489828276 -0.227304163342 -0.274022574633
0.201925594336 -0.227714081645 -0.273865335906
0.196558214342 -0.227640107183 -0.275911169456
0.194198098681 -0.227484703238 -0.276681477113
0.185022212119 -0.227273872296 -0.280767008849
0.181878564083 -0.228167013667 -0.281825891945
0.176942369835 -0.229389979536 -0.284318800142
0.175693444588 -0.228558725063 -0.28523811909
0.172912011874 -0.22971004879 -0.286715479942
0.169656900457 -0.231301457093 -0.287850001169
0.167338767741 -0.229274582749 -0.289285061583
0.164698444263 -0.230905468341 -0.291774780513
0.162496468683 -0.229224441126 -0.292435082393
0.161570400437 -0.229684666377 -0.293303105525
0.160400365777 -0.232056823332 -0.294020584573
0.158899932778 -0.23291800902 -0.295259940507
0.153328520701 -0.231193821697 -0.296463032801
0.152154136416 -0.232331483863 -0.296874265773
0.151520452729 -0.233855222079 -0.297009453149
0.147107750282 -0.227068126741 -0.298000746521
0.146001085734 -0.230804317521 -0.299246429219
0.1446947422 -0.232912753318 -0.301019581572
0.142681844398 -0.229639554293 -0.301701112492
0.143182927077 -0.230427594808 -0.301512902816
0.139683076205 -0.227197264155 -0.303748834274
0.139784793551 -0.227845452673 -0.305480389731
0.135124587194 -0.225790912696 -0.306558471787
0.13471019554 -0.226660650754 -0.307606577004
0.133744251471 -0.226477500906 -0.309082704881
0.129065093992 -0.226015418913 -0.310139325486
0.129201708206 -0.226301466242 -0.310365170699
0.126723537284 -0.224068808614 -0.310065971025
0.126790386235 -0.224290987905 -0.310396330983
0.126873830948 -0.224353255186 -0.310397003246
0.126872206279 -0.22436492958 -0.31030285128
0.125710253635 -0.224052978296 -0.310855990648
0.12553825253 -0.224486657889 -0.310504531467
0.125796006425 -0.224288355066 -0.311023313172
0.124360625519 -0.22374593555 -0.311377156688
0.121604306669 -0.224510558909 -0.312270699212
0.121328303646 -0.224221841896 -0.313620619642
0.120464698623 -0.224806357741 -0.312909503895
0.12051441888 -0.224800040809 -0.313175373241
0.12017377664 -0.224788458088 -0.31348744965
0.120599173589 -0.224037182208 -0.31346050154
0.11919651421 -0.225057459294 -0.31389742872
0.11761912061 -0.224405378576 -0.315647446524
0.117320916982 -0.224911958603 -0.315851835919
0.114775158334 -0.224491641405 -0.317208616163
0.114379327833 -0.225042229184 -0.317482451014
0.112665751884 -0.224766698625 -0.317850430458
0.112820850261 -0.224913274903 -0.31787709528
0.111257506115 -0.224044573538 -0.318724000484
0.111303382496 -0.224039442173 -0.318894870547
0.111519586844 -0.22432597121 -0.318488985996
0.111367547023 -0.224179001074 -0.319175312302
0.109513404435 -0.224495154063 -0.319103040433
0.109623851266 -0.224877908922 -0.319040991352
0.109655579184 -0.223954738653 -0.319143342977
0.108716309183 -0.224687263104 -0.318747840315
0.108501490757 -0.224387449723 -0.319393006158
0.107864645601 -0.224699328837 -0.319732102258
0.107963687755 -0.224546783456 -0.319766478219
0.107519091265 -0.22427331923 -0.319819847018
0.107918228041 -0.224839371716 -0.319950063023
0.10780217527 -0.224435571783 -0.321016124266
0.106431428168 -0.224097938494 -0.320592593671
0.106419902489 -0.223901669102 -0.320946768891
0.106367112511 -0.224769229414 -0.321246837727
0.104563280692 -0.224748266503 -0.322136033219
0.104735759609 -0.22422619175 -0.321690593671
0.104603477051 -0.22474370838 -0.32225061414
0.103138430078 -0.224618225011 -0.322369170568
0.10311895344 -0.224167629726 -0.322951988334
0.102313655338 -0.224081705145 -0.323296043378
0.100962226165 -0.224600616924 -0.323491660727
0.100950398591 -0.224404370334 -0.324282019808
0.0994486535007 -0.223831648146 -0.324563615092
0.0997132167361 -0.224320561765 -0.324524357941
0.0990945613739 -0.22457534707 -0.324650919851
0.0985877046265 -0.223986333741 -0.324906500083
0.0985654871062 -0.224546963432 -0.325070335222
0.0983111359704 -0.224125015007 -0.325403955386
0.0970110673149 -0.22380109356 -0.32573933803
0.0970372966868 -0.223600640956 -0.326482436321
0.0970110673149 -0.22380109356 -0.32667333803
0.0959576085683 -0.224130883067 -0.326508490325
0.0960530722439 -0.224082180496 -0.326759465955
0.0964861221452 -0.224282977543 -0.326582473695
0.0943784650952 -0.223618818642 -0.327452176803
0.0952199217627 -0.22373374779 -0.32831851615
0.0938767907977 -0.224074160757 -0.328343264682
0.0943812823276 -0.223905770293 -0.328463019843
0.0946988747354 -0.224121743073 -0.328098731821
0.0925586918278 -0.223898382341 -0.328943651881
0.0929338360697 -0.223188097636 -0.328855595646
0.0907008289583 -0.224675689498 -0.329693045148
0.0901609559101 -0.223964410762 -0.330769468867
0.0891134119153 -0.223902596494 -0.330780128658
0.0892345466267 -0.223487485188 -0.331325827573
0.0882175325239 -0.223734396574 -0.331688791609
0.0881818359026 -0.224099286887 -0.331858650322
0.088228692494 -0.224291880178 -0.331663667688
0.0873242047448 -0.22352239089 -0.332297895588
0.0878625274139 -0.223350513264 -0.33186796704
0.0869334602067 -0.223657702186 -0.332302922505
0.0869793827473 -0.223850125581 -0.332583556738
0.0859153190223 -0.223129935339 -0.333170160348
0.0859153190223 -0.223129935339 -0.333546160348
0.0857870630649 -0.223542268158 -0.333867922505
0.0834445041755 -0.223546191536 -0.335101214562
0.0805753947733 -0.222813304342 -0.336319217646
0.0798573846026 -0.223454124495 -0.337692783463
0.0769222259247 -0.223341400321 -0.338791908262
0.0756859669118 -0.223985080885 -0.33961178903
0.0751790366348 -0.223270053601 -0.340069827869
0.0739586995321 -0.22313717707 -0.340287453227
0.0746418925643 -0.223994916751 -0.339898577583
0.0740331785283 -0.223912835597 -0.340234995921
0.0748425044754 -0.223401932849 -0.339966881389
0.0743229906043 -0.222989511002 -0.34030711575
0.0747094674362 -0.223358097033 -0.339989418925
0.0725595297676 -0.222621023862 -0.341863125196
0.0725480624086 -0.222424822961 -0.341864341025
0.0724312980942 -0.222776512341 -0.342962128842
0.070162774734 -0.223545435211 -0.343728177395
0.070162774734 -0.223545435211 -0.344342177395
0.0682342766133 -0.22377486633 -0.345497265064
0.0678098671075 -0.223771839865 -0.345677198541
0.0664531509917 -0.223269896587 -0.346585697798
0.0654201692555 -0.222766445747 -0.347034584522
0.0654538932498 -0.222763567204 -0.347198893843
0.0658078979954 -0.222610187058 -0.346968545061
0.0628926450302 -0.223183757607 -0.348171473064
0.0628946738572 -0.22292802981 -0.34875031126
0.0604832411523 -0.223574916722 -0.349684028094
0.06038094256 -0.22346495649 -0.351586920548
0.058072884969 -0.222578308081 -0.352223794789
0.058036350947 -0.222946225857 -0.352460324887
0.0580388493258 -0.222580801251 -0.353079436293
0.0581430425014 -0.222736753871 -0.352934507646
0.0554096741849 -0.22227010217 -0.354314555143
0.0554535961254 -0.223295417423 -0.354848949571
0.0530452558612 -0.223001120008 -0.35529010858
0.0529369332743 -0.22380100124 -0.355296593718
0.0529266540395 -0.223604782207 -0.355740167167
0.0518923973452 -0.223514990179 -0.355949520724
0.0520220220524 -0.223107361883 -0.35629689338
0.0492206513542 -0.223886205348 -0.357281807893
0.0486651191317 -0.223925010758 -0.358547593718
0.0488540504173 -0.222950292201 -0.358924608756
0.0486165218937 -0.223556339732 -0.358738916245
0.0481301204684 -0.223252012539 -0.35830529924
0.0484972337352 -0.223291128936 -0.358501447406
0.0467016880918 -0.223187416616 -0.358698499256
0.0466007501763 -0.222773435074 -0.360247562469
0.0442543620078 -0.223340187744 -0.361764788234
0.042485103775 -0.223574522434 -0.363096999964
0.0426305444241 -0.223928165317 -0.363098710958
0.0426862278027 -0.223054154908 -0.363194177171
0.0410130248117 -0.223610869212 -0.364573989967
0.0406355397946 -0.223214914055 -0.364512648711
0.0419202670765 -0.223963760676 -0.362064588375
0.0424640161209 -0.222834546106 -0.362299142461
0.0426268867313 -0.223230451092 -0.362410627044
0.0414402451125 -0.222783527326 -0.363587650784
0.0414427507366 -0.223237772542 -0.363008048153
0.0410092965051 -0.222932849658 -0.363465999623
0.0386805881067 -0.223048688353 -0.364774368653
0.0377503315742 -0.22271686495 -0.366540978924
0.0366970430407 -0.223490114237 -0.367258119231
0.0356632647396 -0.222874800676 -0.367365742947
0.0351229054738 -0.223114448945 -0.368254599767
0.0348213029246 -0.223065091489 -0.368095899483
0.0340163364543 -0.223530440571 -0.36871634271
0.0336659461944 -0.223530008467 -0.368905093472
0.033590549365 -0.222816418517 -0.370562010442
0.0324888191601 -0.222715074672 -0.370305529691
0.0325846389169 -0.223229005259 -0.370213514029
0.0324719310511 -0.223150093952 -0.370398960435
0.0329158301936 -0.222394976584 -0.370728523074
0.0333708336216 -0.222395412306 -0.370771188414
0.0317558186892 -0.223573085471 -0.370836795428
0.0322784956705 -0.222646229503 -0.370731392232
0.0326932124645 -0.223012431939 -0.37056656175
0.0331072294362 -0.222819191896 -0.370734539875
0.0313353272727 -0.2233040246 -0.370588662041
0.0312974985793 -0.222598393843 -0.370960840403
0.031723601735 -0.223347531058 -0.370488121244
0.0316920815047 -0.22290446016 -0.371280721595
0.0312145441277 -0.223912185098 -0.370385562016
0.0313481222924 -0.223500527812 -0.370374908873
0.0305769151709 -0.222562645133 -0.371279505189
0.0295282068436 -0.22361461687 -0.371587029098
0.0297636420035 -0.223351706695 -0.371793324813
0.0293056721837 -0.223154718454 -0.37250806926
0.028342459979 -0.223224094342 -0.372439564653
0.0282350758611 -0.223571470656 -0.373401044312
0.0278179586237 -0.223009595427 -0.373914804316
0.0278179586237 -0.223009595427 -0.374213804316
0.0266860290638 -0.222880904508 -0.374652459089
0.0257117565851 -0.222727779819 -0.376064314686
0.0244930612683 -0.222798035772 -0.37547434788
0.0230049415479 -0.223439596692 -0.376432455302
0.0234269737339 -0.223442754869 -0.377285973051
0.0218401392963 -0.222951436214 -0.378457583374
0.0222719597394 -0.223813668028 -0.378667057298
0.022582151447 -0.223469569821 -0.378629685644
0.0226131043007 -0.22290750733 -0.379124746508
0.0208971052661 -0.223803314037 -0.379878639513
0.0214385111968 -0.222676637614 -0.379573637515
0.0214004899821 -0.223739136594 -0.380229612617
0.0187377913333 -0.223243195055 -0.38079827954
0.0186743320979 -0.22328419623 -0.380748491617
0.018042106121 -0.223302980717 -0.38189480433
0.016197792749 -0.223599604811 -0.382911799092
0.0159654971503 -0.223294100047 -0.383655832472
0.0139585406389 -0.223432616421 -0.3846708079
0.0123489236258 -0.22362145184 -0.387033922135
0.0133209771965 -0.224146835155 -0.386311617943
0.0121371823722 -0.223600582132 -0.387173392472
0.0126835966824 -0.223562062057 -0.38707495842
0.011678910582 -0.223334731432 -0.387227041867
0.00917050527996 -0.223089566675 -0.38772781688
0.00901780412829 -0.223163243782 -0.388654833997
0.0073312210504 -0.223603799582 -0.389524191533
0.00726537224153 -0.223175408135 -0.390372691604
0.00736564680437 -0.223334726106 -0.390225983031
0.00589554200026 -0.223841318029 -0.390760346612
0.00591815321496 -0.223079298487 -0.391373222477
0.00599654519428 -0.224000714004 -0.391462670826
0.00645131648884 -0.224000743205 -0.391510115864
0.00466806008592 -0.223831871098 -0.391720366681
0.00466806008592 -0.223831871098 -0.392058366681
0.00521714119201 -0.223231389418 -0.39220063649
0.00363642663828 -0.223927429875 -0.392357225927
0.00346122096236 -0.224151199133 -0.392247252636
0.00380170621977 -0.223736334995 -0.393426352013
0.00376923835569 -0.22430239106 -0.393701334531
0.00265053562482 -0.222792095508 -0.39384771377
0.00249597929177 -0.222745289555 -0.394938443111
0.00062948686002 -0.222938137989 -0.395666234031
0.000144212526371 -0.223050619684 -0.397560722001
-0.00198243617831 -0.22312537411 -0.398348670907
-0.00364114292749 -0.223856502604 -0.400993167689
-0.00567744391567 -0.223681864205 -0.402422270377
-0.0057477339608 -0.223516453027 -0.402721586128
-0.00615055689288 -0.224130367457 -0.40263105255
-0.00582890625519 -0.223466984567 -0.402628051851
-0.00626864184386 -0.223453497976 -0.40260901653
-0.00639177988361 -0.22405404003 -0.403255511156
-0.0078558385399 -0.224071784189 -0.403743738952
-0.00939523887374 -0.224115766873 -0.405410488601
-0.010659105148 -0.223422732277 -0.406657893841
-0.0107813745791 -0.223568861677 -0.40808963728
-0.0113738649143 -0.224405023829 -0.407907375967
-0.0124001141469 -0.2241556665 -0.40907522017
-0.0124047320861 -0.223393275948 -0.409854745731
-0.0143210964645 -0.224102597146 -0.409955545715
-0.0137299064926 -0.223700150295 -0.409908520103
-0.0147427505681 -0.224438007865 -0.41043135808
-0.0165152779173 -0.223743223094 -0.412962285544
-0.017873268296 -0.223207708443 -0.414515165671
-0.0201898314418 -0.223793700768 -0.415688855103
-0.0209925405927 -0.223541149938 -0.418479148203
-0.0225086490086 -0.22452359575 -0.418915419368
-0.0230877207563 -0.223825406853 -0.419916264674
-0.0241443913491 -0.223740632629 -0.42017439918
-0.0232531098335 -0.223861077201 -0.420295003566
-0.0245395116348 -0.224117204201 -0.420395326059
-0.0237088453955 -0.224258869447 -0.420623484744
-0.0246987930591 -0.22363060423 -0.421645019434
-0.0247968841523 -0.223457090801 -0.422136182852
-0.0258559095902 -0.224176396413 -0.422360824122
-0.0259542557707 -0.22400270634 -0.422914497434
-0.0268655850138 -0.223212975509 -0.423345121743
-0.0270231671625 -0.223928195412 -0.424420764147
-0.0281001963052 -0.223732171589 -0.424975117587
-0.0291010675697 -0.224170301176 -0.425752032376
-0.0295784607605 -0.223885784358 -0.426047825851
-0.0292418272856 -0.224479225268 -0.426015086063
-0.0295353045092 -0.223509791418 -0.426519591919
-0.0300914915602 -0.223963094244 -0.42709676368
-0.0300480689319 -0.223586762561 -0.427564531727
-0.0295865293875 -0.223586474672 -0.427468769827
-0.0305038994731 -0.2238079099 -0.427461358342
-0.030607163919 -0.224201967005 -0.427286098216
-0.0329750686942 -0.223900101776 -0.430063212743
-0.0349495570535 -0.224301341393 -0.433164497576
-0.0372211342947 -0.223604561933 -0.435029311991
-0.0390014283486 -0.223939550894 -0.436185763913
-0.0390997240549 -0.22375874397 -0.437255006812
-0.040842467358 -0.223587486648 -0.438222409733
-0.0400001267147 -0.2237249352 -0.438347508377
-0.0411073377192 -0.22357996801 -0.438754012574
-0.041940842348 -0.224700944999 -0.438799233289
-0.041940842348 -0.224700944999 -0.439113233289
-0.0440714877571 -0.224417902059 -0.441957471677
-0.0469711105145 -0.224399588249 -0.444467627701
-0.0491885456858 -0.22407485161 -0.44678887531
-0.0498056363223 -0.22478733596 -0.447957043202
-0.0510941527757 -0.224843142086 -0.449002578374
-0.051425423896 -0.224052031069 -0.449540043202
-0.0520418167761 -0.223917560654 -0.449726448728
-0.0509635081171 -0.224101221686 -0.449812371402
-0.0512599467765 -0.223993606139 -0.450045368283
-0.0519678929894 -0.224909252012 -0.450164938924
-0.0536349878061 -0.223829110821 -0.451461515545
-0.0552387982507 -0.224308249801 -0.453605792897
-0.0572504291758 -0.224073938939 -0.455660453724
-0.0586674206807 -0.224683216957 -0.457681973299
-0.0596141747976 -0.223944489723 -0.459252757901
-0.0596815358604 -0.223748368469 -0.459692156476
-0.0603266706017 -0.22371805101 -0.459541542209
-0.0610054843482 -0.224432822816 -0.46041658449
-0.060216152004 -0.224299501686 -0.459595952639
-0.0609982374067 -0.223729011771 -0.460985069661
-0.0603731857458 -0.223732950917 -0.460862388288
-0.0608391673915 -0.224144083637 -0.46046531445
-0.0624806627111 -0.223903046605 -0.462796354226
-0.0636628166557 -0.223722319757 -0.464737267275
-0.0636984375015 -0.224303330769 -0.464997212457
-0.0657986968379 -0.223991413992 -0.467214431951
-0.0668892504948 -0.22388902416 -0.468391820245
-0.0668257792722 -0.224791008376 -0.467787124174
-0.0671813109521 -0.223560167058 -0.46786749511
-0.0671809937861 -0.224335762592 -0.46819306564
-0.067914934204 -0.2237772032 -0.468889390304
-0.0679788086899 -0.224360437314 -0.469206741104
-0.0687945957927 -0.224265639637 -0.469392382839
-0.0683523766037 -0.223479753721 -0.469595632641
-0.0684809435549 -0.223613709592 -0.470593725664
-0.0690241431107 -0.223383500582 -0.470204327521
-0.0705010610953 -0.223834805695 -0.47254734274
-0.0704673178282 -0.22325262175 -0.472954391774
-0.0725341022766 -0.223510178366 -0.475579845782
-0.073900098657 -0.22367525024 -0.477292400799
-0.07406539734 -0.223671617616 -0.477552225007
-0.0746510947396 -0.223954906796 -0.478363062148
-0.0741371495254 -0.223363844446 -0.478538807461
-0.0741671458316 -0.224156625575 -0.477688198714
-0.0746756966239 -0.222947648642 -0.477409291753
-0.0741045778233 -0.223145114716 -0.477226385058
-0.0745224113967 -0.22272212241 -0.477380666127
-0.0746831390672 -0.223708423614 -0.477892299656
-0.0748156207059 -0.222695935551 -0.478502934795
-0.0769299605161 -0.223361346963 -0.479234768516
-0.0785632356835 -0.223917045627 -0.481308014334
-0.0793356725757 -0.224073215197 -0.48315305312
-0.0800757090795 -0.223384616761 -0.483952300018
-0.0796238678135 -0.223380489906 -0.48440566326
-0.080954785597 -0.224112799363 -0.485533089999
-0.0818695296518 -0.22426581352 -0.486168811855
-0.081874173422 -0.223650263502 -0.486994970161
-0.0839955044282 -0.223174471247 -0.489273713026
-0.0848803552861 -0.223972516348 -0.490984668803
-0.0850841617047 -0.223088556888 -0.492264910691
-0.085927415314 -0.222747488341 -0.493228595569
-0.0854518213672 -0.221959514359 -0.493136021848
-0.0870031391763 -0.223756489003 -0.493600103196
-0.0869446689617 -0.223165601679 -0.493910656821
-0.0878149602791 -0.224078397677 -0.493918623534
-0.0870454484415 -0.222963897663 -0.493780499035
-0.0869336220842 -0.223646194118 -0.493814228464
-0.0885672589087 -0.223767463563 -0.494250984697
-0.0882133544974 -0.223074200951 -0.495232273565
-0.0891903319842 -0.223280449316 -0.495353179402
-0.0909001800033 -0.224189502373 -0.497082675524
-0.0919075944106 -0.223972887744 -0.499370314071
-0.09226254992 -0.224223576854 -0.501014498079
-0.093359841485 -0.223998915803 -0.501398503364
-0.093358020126 -0.223392825847 -0.502175775033
-0.0946689284235 -0.223553935777 -0.503120740406
-0.0938117704242 -0.223360513605 -0.50313308763
-0.0949386850379 -0.223641933528 -0.504134862995
-0.096196689538 -0.223697446086 -0.505626505181
-0.0965169673217 -0.22390065941 -0.507349055468
-0.0966009880818 -0.223669544482 -0.507500484634
-0.0984806567248 -0.223263283579 -0.509631114778
-0.0999856251828 -0.224291754039 -0.511746460776
-0.100080732687 -0.223813413876 -0.512841496288
-0.101055643738 -0.224323046359 -0.512831396205
-0.100554629731 -0.224511319267 -0.512832598263
-0.100953659335 -0.223644712987 -0.51267109518
-0.0998499779446 -0.223465011833 -0.512184689753
-0.0998934416623 -0.223864702871 -0.512379082882
-0.100686921283 -0.224308806932 -0.512340593727
-0.101187586403 -0.224003050789 -0.512120167666
-0.102007758281 -0.223747959126 -0.513020490633
-0.10170692732 -0.223130772862 -0.513981189142
-0.10293175105 -0.222939310019 -0.51474762054
-0.103823075554 -0.223178086291 -0.516307435148
-0.103903064458 -0.223057268002 -0.516306589062
-0.103569992413 -0.223760350539 -0.516848047089
-0.104334379704 -0.224210252795 -0.51730559423
-0.10426608513 -0.223260647076 -0.517339349759
-0.104998567125 -0.223621205352 -0.517286059958
-0.104881909595 -0.223262549259 -0.517244367253
-0.104881909595 -0.223262549259 -0.518357367253
-0.106167807457 -0.223069159643 -0.518407325894
-0.105803964413 -0.223965121072 -0.519216630069
-0.105123549577 -0.224075058355 -0.518353002388
-0.1058077619 -0.223318314285 -0.519465886738
-0.105823162762 -0.22391169753 -0.519549985465
-0.106487401667 -0.223561134857 -0.51983126792
-0.107148413517 -0.223446379805 -0.521128989284
-0.106977299031 -0.223726231469 -0.520966611231
-0.107595883118 -0.223211062203 -0.522644359159
-0.108468785594 -0.223652160511 -0.523616646639
-0.108445300938 -0.223674140091 -0.523380403521
-0.108468785594 -0.223652160511 -0.523979646639
-0.109382755415 -0.22390054672 -0.525516405839
-0.108962202958 -0.223407806395 -0.525943686925
-0.110231623826 -0.224122621522 -0.526224093837
-0.110371103288 -0.224240612189 -0.527779749078
-0.111165633406 -0.223330704284 -0.528137145589
-0.111673367491 -0.224013597599 -0.528841738705
-0.112218480078 -0.223904213644 -0.529377781274
-0.111824100129 -0.223455643781 -0.529445891409
-0.111146344269 -0.224365328878 -0.528296924595
-0.111308819593 -0.223639646456 -0.529540679359
-0.111868703057 -0.223346156868 -0.528812337364
-0.11266936304 -0.223638413274 -0.529135909346
-0.112185945278 -0.223629256334 -0.52917925963
-0.111749551244 -0.224022374917 -0.529062754008
-0.113432803439 -0.224220788726 -0.529400901153
-0.113234453711 -0.223999936036 -0.531280931472
-0.11262506472 -0.223832426734 -0.531172827783
-0.113829045166 -0.224016001845 -0.532406353041
-0.113867115302 -0.222738490037 -0.533285541852
-0.115494633423 -0.22454642258 -0.534722192263
-0.116200707576 -0.223346503112 -0.535523981204
-0.116253158049 -0.223054696287 -0.536620146922
-0.117339592718 -0.223953706729 -0.537100452703
-0.117724528785 -0.224152513984 -0.537291443292
-0.118631700896 -0.224025013022 -0.538541584902
-0.118432856226 -0.223518231114 -0.539173288273
-0.118755543292 -0.223646590331 -0.539264653818
-0.11906720898 -0.223590364479 -0.53952201554
-0.119038469596 -0.223428246588 -0.539716699124
-0.118910937321 -0.223311911082 -0.539272330044
-0.118759344138 -0.22382817042 -0.53906615448
-0.118829717608 -0.223782193673 -0.53963100181
-0.117788377796 -0.224003157776 -0.538988631035
-0.118026923217 -0.224016546998 -0.539488761276
-0.117604139827 -0.222975712324 -0.539676910901
-0.117628370486 -0.22376625878 -0.539564551551
-0.118251310437 -0.223926058555 -0.539333288746
-0.118331775113 -0.223685443088 -0.539836564023
-0.118331775113 -0.223685443088 -0.540184564023
-0.118477195862 -0.223004100331 -0.539804336346
-0.118592149499 -0.223359380914 -0.540202335224
-0.118581148813 -0.223553808826 -0.540546579451
-0.118024171897 -0.223784849827 -0.539950788748
-0.118881464704 -0.223714815647 -0.540873980617
-0.118392327874 -0.223703209206 -0.5405337838
-0.119394502825 -0.223326263601 -0.541043215362
-0.118930380549 -0.223122310267 -0.540603453635
-0.118738490628 -0.223008045944 -0.540750778294
-0.120008644651 -0.22325308258 -0.541315453635
-0.120679297873 -0.224201621161 -0.541596301555
-0.120574243494 -0.223210783947 -0.542474032654
-0.120640478848 -0.222729272021 -0.54398216315
-0.121723864252 -0.223455594471 -0.544470451329
-0.121735629046 -0.223456879734 -0.545060721038
-0.122956653272 -0.222640848493 -0.546310821588
-0.123502909629 -0.223817627144 -0.547659825606
-0.124279490393 -0.223154687687 -0.549746197811
-0.123826206784 -0.223937242405 -0.549682093201
-0.12440182939 -0.222720719543 -0.549953044144
-0.124888367872 -0.22266477504 -0.549952730706
-0.123974772042 -0.223242698457 -0.549291461634
-0.124499374605 -0.222955628223 -0.549287172595
-0.124406308115 -0.222962903451 -0.550151579129
-0.126118717866 -0.223556353844 -0.551530563668
-0.125989478703 -0.222836959324 -0.5536191666
-0.127686951072 -0.223329113975 -0.555702344593
-0.128779779281 -0.222825169254 -0.556225554244
-0.128451244099 -0.223526575806 -0.556461767935
-0.129759215217 -0.223532386375 -0.557472767935
-0.128644876633 -0.222564642104 -0.556431049636
-0.128274323191 -0.223366650611 -0.556325337285
-0.127729004665 -0.223143014661 -0.556094386173
-0.128590949259 -0.223052003534 -0.556507481108
-0.128104686549 -0.223235207044 -0.556052686877
-0.129127418596 -0.222353067572 -0.55704140278
-0.129073980932 -0.22336985617 -0.555945627857
-0.130190749105 -0.222880672123 -0.558349685624
-0.132284233502 -0.22297214349 -0.562573570874
-0.134078031401 -0.222966119485 -0.567160801453
-0.135414701622 -0.223242961937 -0.569818257105
-0.136723670527 -0.222694183216 -0.57104098081
-0.13649699443 -0.223276643872 -0.571591186567
-0.136907184941 -0.222953875408 -0.571675614249
-0.137295540371 -0.222338162367 -0.571553197104
-0.13718862219 -0.222425188331 -0.571797416795
-0.137331585604 -0.223134772782 -0.572723429247
-0.137218952732 -0.223028347446 -0.572270124684
-0.137674753291 -0.223233527797 -0.572109085264
-0.137154145248 -0.222619019601 -0.572093000584
-0.137238415082 -0.222157849167 -0.57258369252
-0.137751616609 -0.222772580967 -0.573088157331
-0.137991716031 -0.223031106287 -0.572822646097
-0.137851190352 -0.222321790643 -0.572684260728
-0.137888563452 -0.222449634045 -0.572368403536
-0.137934014545 -0.222891715561 -0.57262413691
-0.137977742575 -0.222782335811 -0.572838957408
-0.138898101657 -0.22323495463 -0.574091348793
-0.139035048884 -0.222932226263 -0.574955561306
-0.139393088583 -0.222247042329 -0.575657007921
-0.139862255288 -0.222451489034 -0.576708766225
-0.139849344352 -0.223328879361 -0.576442565326
-0.14026350727 -0.222370690905 -0.576996301567
-0.14029779014 -0.222971915371 -0.57712214296
-0.140265618115 -0.223198995556 -0.577792314123
-0.140768544856 -0.223250328535 -0.577698343742
-0.140701620056 -0.221856055246 -0.57844208125
-0.141175370533 -0.22205957584 -0.579302931655
-0.141122780233 -0.223113160396 -0.57926320173
-0.141029715634 -0.223000227445 -0.579634164519
-0.141521990013 -0.223245526186 -0.580057846174
-0.141321861993 -0.222600840246 -0.5792079339
-0.141436249268 -0.22294367134 -0.579909254308
-0.141723744622 -0.222752067071 -0.579900703453
-0.141641501581 -0.223200408424 -0.58026147582
-0.142179634483 -0.222711023498 -0.581006355325
-0.142079830523 -0.222602809967 -0.580406511467
-0.141859798895 -0.222342088317 -0.580291517565
-0.141915513913 -0.222965004453 -0.580332089948
-0.141915513913 -0.222965004453 -0.580705089948
-0.141782716118 -0.222257399274 -0.58072647616
-0.142313632794 -0.221975732803 -0.581530892169
-0.142112859066 -0.222775690113 -0.580812758461
-0.142105465534 -0.222969344716 -0.581008742844
-0.142167937511 -0.222164244869 -0.580873597464
-0.142132386274 -0.223209910596 -0.580750776166
-0.142046482223 -0.222336877801 -0.580830730444
-0.142431704924 -0.222790507347 -0.582491471412
-0.142209920854 -0.222422367418 -0.582561293425
-0.142209920854 -0.222422367418 -0.582956293425
-0.142964444379 -0.222510244561 -0.583508454719
-0.142218224093 -0.222096300753 -0.582852089747
-0.143222697538 -0.222983824796 -0.583555406927
-0.14328565579 -0.222927274401 -0.58382386989
-0.143420402339 -0.222365927624 -0.584694828503
-0.143351480415 -0.223532976123 -0.58311890149
-0.143422710926 -0.221846427792 -0.584179934832
-0.143229093975 -0.222868619905 -0.58366007031
-0.143243236132 -0.223224690224 -0.584101142229
-0.143189926249 -0.222272488746 -0.584314896079
-0.142612771574 -0.223348699939 -0.583778391984
-0.143045941248 -0.222354511413 -0.584234298676
-0.143045941248 -0.222354511413 -0.584650298676
-0.14405693075 -0.223044415191 -0.584752000246
-0.144499356326 -0.222893820206 -0.585303612383
-0.144433612002 -0.222943873942 -0.584948119589
-0.144696773892 -0.222157273409 -0.586770865563
-0.144938327397 -0.222977609971 -0.586221330804
-0.144804710017 -0.22211542244 -0.586386138358
-0.145245656079 -0.221967642077 -0.586935355752
-0.145280091397 -0.222567925121 -0.587025745853
-0.145165749469 -0.221668150201 -0.586856092965
-0.145465237122 -0.22235113003 -0.586989135293
-0.145153082845 -0.222686371573 -0.588010122612
-0.14538201318 -0.222722299386 -0.58741418142
-0.145430502919 -0.222692676605 -0.58818850452
-0.145579095845 -0.222565874663 -0.588887625551
-0.145473387016 -0.222822539919 -0.588424117225
-0.145874681357 -0.22211627278 -0.588593577933
-0.145863185094 -0.222309209052 -0.589049066738
-0.14590963297 -0.222361834396 -0.588826345336
-0.146471268938 -0.222197991745 -0.589036401016
-0.146498593552 -0.223019436107 -0.589229511303
-0.146379508521 -0.2223125825 -0.588735214711
-0.146469151858 -0.222607754647 -0.58887453594
-0.146342753168 -0.222439279425 -0.58882277885
-0.146352355066 -0.221901164594 -0.588833874424
-0.146752619187 -0.222391054877 -0.589400803627
-0.146675770121 -0.222276119112 -0.589186691675
-0.146675770121 -0.222276119112 -0.589577691675
-0.147192010991 -0.222663268167 -0.590634340939
-0.147591964069 -0.221932037816 -0.591434489492
-0.147614139803 -0.222607982577 -0.591170318019
-0.147877857809 -0.222101877572 -0.592088842713
-0.147923616523 -0.221782886438 -0.591974580406
-0.147824480646 -0.222288905626 -0.591710694817
-0.147874761963 -0.222382672834 -0.591769798321
-0.147835818711 -0.221792361137 -0.591878171297
-0.148222565192 -0.22311239255 -0.592682946022
-0.148172630969 -0.222433917578 -0.593004294716
-0.148328347032 -0.223016834249 -0.593034183416
-0.147792738145 -0.221915413223 -0.593190312435
-0.148053546365 -0.221904437386 -0.59341246776
-0.14852502963 -0.221987469209 -0.593960062686
-0.149110279218 -0.22166856159 -0.594261519024
-0.148657211973 -0.221517797555 -0.59418045654
-0.149218142555 -0.222542223919 -0.594220840471
-0.149162875464 -0.222045595224 -0.59509722743
-0.148889984786 -0.222881704637 -0.594557770252
-0.148881849179 -0.221492282616 -0.59568784053
-0.148856809004 -0.222326883753 -0.594989949836
-0.149436284615 -0.222432172557 -0.595550840954
-0.149600268079 -0.222177924111 -0.595507517448
-0.149474616154 -0.222873099624 -0.596388418327
-0.149112222773 -0.222648586703 -0.596575161638
-0.149943350628 -0.222598237526 -0.597024161638
-0.149875735279 -0.222810283986 -0.597112067187
-0.150470792462 -0.221820124039 -0.596969523138
-0.150478135085 -0.221818589729 -0.59716104199
-0.150429847716 -0.222811466313 -0.597570405789
-0.149825024564 -0.222256557615 -0.597725812067
-0.14939590342 -0.222054302273 -0.597469691234
-0.150227451548 -0.222396608842 -0.598097300677
-0.151160478773 -0.222898123562 -0.598145770103
-0.151212912107 -0.221649377249 -0.599888907433
-0.15081737428 -0.222225964889 -0.599708556153
-0.151186313362 -0.221743465424 -0.599739284787
-0.151135532139 -0.223012136274 -0.599166205638
-0.151111508132 -0.221904571679 -0.599565723191
-0.15102121734 -0.222027903364 -0.599334955077
-0.150595521272 -0.22182579134 -0.599549224441
-0.151041087824 -0.221367591486 -0.601008452532
-0.151207798137 -0.221271842131 -0.600195072996
-0.151136145091 -0.221484103827 -0.600406289103
-0.151891079453 -0.22208291059 -0.600799894501
-0.152514142669 -0.221925347589 -0.602027066036
-0.152414080198 -0.221548123792 -0.602122495104
-0.152109053304 -0.221430249876 -0.602946393511
-0.152062531421 -0.221276082996 -0.603088808009
-0.152604170151 -0.221531926884 -0.60393575248
-0.152604170151 -0.221531926884 -0.60431775248
-0.152655513634 -0.221925918519 -0.604556403727
-0.152461009642 -0.221632180136 -0.604490936781
-0.153042737892 -0.221479016344 -0.605107161282
-0.153448488963 -0.222679216709 -0.605217932704
-0.152657355161 -0.222259737012 -0.605431418385
-0.153758402212 -0.222960749265 -0.605565122155
-0.153724808819 -0.222297989291 -0.606338328992
-0.154275157629 -0.22148248621 -0.607326658639
-0.15385057197 -0.22128294621 -0.607682352751
-0.153499134311 -0.222171148728 -0.608204310305
-0.154224546594 -0.222906612791 -0.608314837856
-0.154368594439 -0.221782400468 -0.6085604352
-0.154366174795 -0.221295448092 -0.608307078675
-0.154415025427 -0.221240533452 -0.607954153818
-0.153973806599 -0.222357384138 -0.608826656531
-0.154473594247 -0.222133224033 -0.608678250694
-0.155349134689 -0.222610408136 -0.609087586719
-0.15498563 -0.221449072717 -0.608400440782
-0.152184816244 -0.221678968718 -0.608454536857
-0.150592697939 -0.221132639341 -0.609108111801
-0.154378353511 -0.222206702981 -0.609918654008

