0.421911904217 -0.426147730208 -0.238049252712
0.422185708712 -0.425965657714 -0.237784828547
0.4219425281 -0.426202675578 -0.23742858217
0.421087458121 -0.426696558773 -0.236980098969
0.420299178742 -0.426079995999 -0.237454146662
0.420102518533 -0.425658110134 -0.237327950098
0.420049933509 -0.424887883106 -0.237895974869
0.420122482326 -0.424790577612 -0.237414105076
0.419283876074 -0.42470145333 -0.236950171036
0.41869185278 -0.424347494987 -0.236821115668
0.417719849264 -0.424129171704 -0.236432464731
0.417294740188 -0.423752980535 -0.23763758888
0.416949184942 -0.424118989699 -0.236917505782
0.416103548348 -0.423041426638 -0.237041200239
0.415011428229 -0.422732797281 -0.236460901434
0.414717802145 -0.422655158022 -0.236821247798
0.414446976579 -0.421814762459 -0.237160335565
0.413085619444 -0.422403414625 -0.236475756667
0.412782089144 -0.421234778162 -0.236109469627
0.412168198731 -0.420346913426 -0.236765519231
0.411923120633 -0.420449555243 -0.236929053182
0.411647055008 -0.419859124929 -0.237746096309
0.410350947664 -0.421268972042 -0.236457683042
0.410043274488 -0.42168493329 -0.236066217306
0.409854717549 -0.421727372885 -0.237055799695
0.409327711465 -0.422791491173 -0.236597826847
0.407978370772 -0.423078527822 -0.236766523006
0.40836779423 -0.421846531942 -0.236485383471
0.408024230316 -0.423259098029 -0.236575647711
0.408255398768 -0.422708434304 -0.236531666599
0.406917685491 -0.422736112656 -0.236660623484
0.407261358945 -0.422360314999 -0.236666305559
0.407668322408 -0.422357390753 -0.235844331822
0.407833245395 -0.421875566051 -0.236074629796
0.407012463723 -0.420263765819 -0.23613822494
0.407320035922 -0.419453225801 -0.236244519677
0.406771876837 -0.419386378621 -0.237279240378
0.406393579577 -0.418423597955 -0.237223922232
0.405185790057 -0.41875424076 -0.237615210888
0.401090677992 -0.42021605496 -0.237451989591
0.399991303507 -0.419241323818 -0.237717904082
0.39690410814 -0.419135717986 -0.237956533676
0.394118692673 -0.418077121218 -0.238065568818
0.393095395931 -0.416895369179 -0.238957111649
0.391674588834 -0.417210764182 -0.23930133633
0.390241127545 -0.414820023588 -0.238609465294
0.388896160666 -0.41464526797 -0.238971716916
0.383673386998 -0.416651692628 -0.2388822973
0.382515113087 -0.415073431654 -0.23860639359
0.380994318587 -0.413343233671 -0.238362369955
0.379917513569 -0.411160074376 -0.239031247521
0.374393383717 -0.414861470944 -0.238599089754
0.373547353975 -0.41374788822 -0.238841024478
0.373063573954 -0.411245911837 -0.239073065501
0.372225365358 -0.40906002837 -0.239843546356
0.365102286727 -0.41751393215 -0.23905549314
0.364335604797 -0.415884083936 -0.238716192782
0.363962816444 -0.413172581789 -0.238286344853
0.36277477238 -0.413155459277 -0.239031941236
0.357616631123 -0.417117057185 -0.239279854799
0.356960844464 -0.415925025878 -0.239223485351
0.356247822799 -0.415126096412 -0.239038736347
0.35566816888 -0.413701605789 -0.238537135784
0.3485437622 -0.419183261005 -0.238573760711
0.347853368224 -0.418366074412 -0.239714475898
0.347552710696 -0.417771003876 -0.239757115664
0.346838457762 -0.417612119767 -0.239349881463
0.346049589278 -0.415993503659 -0.239478791967
0.340272197273 -0.419097007182 -0.240072486648
0.339779969021 -0.418979141664 -0.240061478113
0.339581764768 -0.417944914972 -0.23995793426
0.334816756405 -0.419941012712 -0.240059072767
0.333570750755 -0.418160450372 -0.239817102336
0.332253809569 -0.417560636375 -0.240160478803
0.331290644126 -0.417635494164 -0.240379642165
0.327724932024 -0.419799013124 -0.240291193735
0.325027596442 -0.419702870309 -0.239653391883
0.324146056055 -0.418945122895 -0.24021254915
0.322935023767 -0.419552295116 -0.239836105882
0.321180242422 -0.421002853217 -0.239443868787
0.318864202878 -0.421048821418 -0.239367105557
0.318088542269 -0.420365119724 -0.240030092223
0.317653188879 -0.419907309494 -0.239991991327
0.316557413395 -0.420364108944 -0.239065478662
0.314461920979 -0.419935626401 -0.24012296131
0.313724443349 -0.419722680194 -0.24082860348
0.312755023044 -0.420176165253 -0.240363557195
0.309365947885 -0.420322087697 -0.240047988974
0.309097408948 -0.419403133728 -0.240296721989
0.308251266602 -0.418893652623 -0.240139155794
0.306773903417 -0.419305103738 -0.239635225314
0.3038360601 -0.417569639818 -0.24051166749
0.302412384733 -0.416836685183 -0.241813147811
0.300940344257 -0.417137642747 -0.240914962809
0.296710204291 -0.416947291041 -0.240939647432
0.2955660282 -0.416055041648 -0.241162923771
0.29387690424 -0.415322840915 -0.241614076282
0.29049288787 -0.41448163152 -0.241528037509
0.288288508487 -0.415194973176 -0.242087335137
0.285956793766 -0.414620601195 -0.241883223517
0.283901124451 -0.414095103425 -0.241538104719
0.283548213116 -0.415592379644 -0.242221013219
0.280005405548 -0.414569976393 -0.242498003883
0.277326842919 -0.414381865486 -0.242918190199
0.275020087707 -0.415094368947 -0.24161668259
0.273685104342 -0.416707240842 -0.241926243374
0.269436171617 -0.41777281262 -0.243081410973
0.267251469462 -0.418657488774 -0.242022132673
0.265082325664 -0.418763925922 -0.241526670789
0.262728255334 -0.41646974418 -0.243527155198
0.261025210978 -0.416119700748 -0.243622640178
0.256172130043 -0.412973187052 -0.241708392349
0.254226303306 -0.413012849565 -0.242336356061
0.251553157631 -0.413123988564 -0.24271962501
0.25034494296 -0.413024838743 -0.24201260201
0.24782696287 -0.411317565446 -0.242675276104
0.246161004959 -0.411935393053 -0.243015980186
0.244119048042 -0.411075931696 -0.24359050221
0.243092918483 -0.410606103656 -0.243409302914
0.23724445026 -0.411582975464 -0.243589664921
0.236206609876 -0.410251628497 -0.24360559785
0.233863950499 -0.409701526975 -0.243710187351
0.232933368152 -0.408668716654 -0.243661039576
0.226273872144 -0.410237536601 -0.24403536318
0.225291167375 -0.410063026473 -0.244042286171
0.224288435359 -0.408852659422 -0.24417451394
0.218341224708 -0.411726554888 -0.243944887571
0.217900285345 -0.410531938747 -0.244232945111
0.214084818639 -0.411046963571 -0.244340140448
0.214714587457 -0.409249151493 -0.244470513078
0.21109461387 -0.410457936861 -0.243744862398
0.207351477536 -0.413211908792 -0.243231288497
0.208203469848 -0.412400335489 -0.243785023337
0.209771047468 -0.411801443955 -0.243687944888
0.206015954631 -0.414078500622 -0.243428967019
0.207526292184 -0.413854884934 -0.243811116233
0.206462361807 -0.413271586041 -0.243218417238
0.208598597131 -0.413002220754 -0.242381698309
0.206859224304 -0.412318130685 -0.242452157459
0.207789746205 -0.412561059234 -0.243276070599
0.205952499329 -0.412885328996 -0.242169575784
0.203168222086 -0.412154769951 -0.2424661568
0.205364805592 -0.411319174202 -0.24244277958
0.202406909913 -0.411555467746 -0.243194620479
0.204809282336 -0.410878683055 -0.241929809056
0.20399015663 -0.411614551588 -0.242069948882
0.202169327399 -0.413538164455 -0.241859847231
0.203464481426 -0.412948075986 -0.242285333177
0.200932830943 -0.411724501306 -0.241504491817
0.198708614517 -0.411933417603 -0.242157117935
0.199245683684 -0.412424632663 -0.241174693711
0.196993936345 -0.412046404368 -0.240870895118
0.196792028844 -0.413175143328 -0.240684916035
0.191636926806 -0.413203913168 -0.241659494998
0.190549786518 -0.412993338471 -0.24201980875
0.189570748337 -0.412117976039 -0.241775311049
0.181087577079 -0.410658333531 -0.241049665496
0.179328226816 -0.410755607404 -0.242060225127
0.177819381486 -0.409305026856 -0.242388612927
0.171023566687 -0.409532860584 -0.24293550937
0.169326106023 -0.40650146684 -0.243435587536
0.159198329345 -0.411142387835 -0.243368676926
0.153416918997 -0.409451864021 -0.243879499546
0.150332137892 -0.406567364155 -0.244593462164
0.139941876972 -0.409762528132 -0.244934577078
0.137967366566 -0.409103657153 -0.245488077239
0.128905640476 -0.407754943146 -0.244139142662
0.12652560514 -0.405948469733 -0.24544163998
0.118339172037 -0.409695279452 -0.245867569923
0.112014302208 -0.410803465209 -0.245924140187
0.109429139409 -0.406176270302 -0.246662249796
0.105125601232 -0.407807557512 -0.246678893183
0.10498355002 -0.407491046911 -0.246321870888
0.105532516782 -0.405685325715 -0.245204911786
0.0991710762455 -0.40765369069 -0.245603677345
0.0993521742585 -0.406168647893 -0.24555864071
0.0993927631316 -0.404956615644 -0.245696991824
0.0996452718886 -0.40428040548 -0.245041808429
0.0932165330255 -0.407357288864 -0.245045349533
0.0875683695421 -0.410368249621 -0.244556285975
0.0877582020416 -0.408297626521 -0.244942631527
0.0834175214865 -0.408259168217 -0.244262974055
0.0835667545821 -0.408422166901 -0.244332754955
0.0802559499681 -0.409314941457 -0.24424778995
0.0799700022873 -0.408300817544 -0.244577512373
0.0758175180838 -0.407549475148 -0.243903252537
0.0758978090776 -0.407247431575 -0.244136735686
0.0696725237565 -0.409383360714 -0.244234762077
0.0694432122049 -0.408776654365 -0.244625389737
0.0644763505101 -0.407946520699 -0.244456516415
0.0646203602346 -0.40725451427 -0.244814591546
0.0648501794185 -0.407202612371 -0.244360531354
0.0603094763927 -0.406854950369 -0.244494183285
0.0598369475268 -0.406896637808 -0.244260783381
0.0534622506164 -0.408089509099 -0.244010945958
0.0525745890586 -0.406632116503 -0.244093628229
0.0523718999273 -0.405571678425 -0.24401096403
0.0467639771316 -0.405402634558 -0.244169120956
0.0410492124382 -0.407063015061 -0.244556507688
0.0393248316789 -0.406268535481 -0.244081616186
0.0335580919634 -0.407335203866 -0.244675320804
0.0313871847665 -0.406643148367 -0.244422159788
0.0316861684966 -0.404638480517 -0.244420755471
0.0261966801857 -0.40642256644 -0.243899544033
0.020373172296 -0.40735340901 -0.243879646148
0.0154888764435 -0.407298962628 -0.244084095596
0.0160526924628 -0.407010816194 -0.243782433957
0.00998870608446 -0.408131046864 -0.243965629298
0.0101744100951 -0.407579440535 -0.244115426699
0.00541455525867 -0.409011600366 -0.243391276651
0.00473705050316 -0.40867998382 -0.244079877798
0.000343206949499 -0.408648672529 -0.243733775087
5.33082245177e-05 -0.408536640988 -0.244321760591
-0.000195906764322 -0.408262766647 -0.243798284642
-0.00560822646733 -0.407105251295 -0.243941877456
-0.00538835501741 -0.407232397295 -0.243302072313
-0.0108273971349 -0.408843319328 -0.24329091239
-0.0106461733229 -0.407981540356 -0.243416586801
-0.0145416511673 -0.408768961848 -0.242923615294
-0.0148365013206 -0.407783009477 -0.243074219051
-0.0213103047627 -0.408650991235 -0.243955646257
-0.0204851899808 -0.408834132739 -0.243009776951
-0.0267569895145 -0.408922843761 -0.243495235859
-0.0300830527509 -0.409180002941 -0.243293593897
-0.0325295071591 -0.408875180567 -0.242503669328
-0.0290336356127 -0.410868573608 -0.242415570834
-0.0294725248065 -0.409998853306 -0.241998581319
-0.0287049382046 -0.409779044207 -0.242855881332
-0.0272282030189 -0.409985606953 -0.242367720577
-0.0309901233482 -0.408307905486 -0.242028065347
-0.0338344203472 -0.408734069819 -0.241833461955
-0.0313675098997 -0.407866048891 -0.242066571242
-0.033701215688 -0.409945856537 -0.241705389739
-0.0321487687976 -0.410660745354 -0.242171886892
-0.0346579988953 -0.410965376331 -0.241736195224
-0.0334897322044 -0.412082279883 -0.241185043258
-0.0324303300602 -0.412182461703 -0.241412301333
-0.0351036372133 -0.412490970135 -0.241770599777
-0.0334837384836 -0.412392729138 -0.241330971022
-0.0363890028898 -0.411367602557 -0.240835214172
-0.0337966840041 -0.412687220302 -0.240562181517
-0.0372832660667 -0.4125878871 -0.241644302356
-0.035336941636 -0.413953127877 -0.240441289817
-0.037931692338 -0.413292960662 -0.240680226313
-0.0371640223133 -0.414258838428 -0.240724410091
-0.0374543943047 -0.412954420937 -0.240567158382
-0.036707409437 -0.413841967275 -0.240382715349
-0.0356768862237 -0.414369987996 -0.240644481091

