0.346357201229 -0.325243932329 -0.252667003313
0.346401998121 -0.324643621799 -0.252870984508
0.346012348526 -0.325069004984 -0.252605003211
0.345869719333 -0.325234025095 -0.252015138568
0.345292457523 -0.32465857594 -0.252934153101
0.345292457523 -0.32465857594 -0.252934153101
0.345423064914 -0.323913610825 -0.252163240484
0.345344568687 -0.323921166102 -0.252548500926
0.34478003406 -0.324438579651 -0.252684628992
0.344326947437 -0.324655145619 -0.252225828546
0.343124668176 -0.324356081101 -0.25265823214
0.34280256991 -0.323351818034 -0.252234794882
0.342407738043 -0.323714606828 -0.25197904853
0.341529602828 -0.323843924072 -0.252645146802
0.341184010478 -0.323427900024 -0.252014841554
0.340007783318 -0.324151644512 -0.252020781068
0.339223341816 -0.323129072384 -0.252894364117
0.33887042378 -0.323487008208 -0.252442102158
0.337937798317 -0.323291204488 -0.252139460193
0.336916550153 -0.323997016033 -0.252201036582
0.336275781612 -0.324173781001 -0.25265520456
0.33598012314 -0.323382945749 -0.252602761572
0.33608131885 -0.323160888754 -0.251824023853
0.335780537493 -0.323830699067 -0.251053721828
0.33530373181 -0.324180140638 -0.251572847977
0.3348785231 -0.323724264755 -0.252111632136
0.334455714563 -0.323660507866 -0.251861936956
0.333885554007 -0.323393487048 -0.252200273003
0.333450455681 -0.324315077825 -0.252139625024
0.332834166643 -0.323474077078 -0.252609395578
0.33238905928 -0.323985372595 -0.252162834096
0.33198326136 -0.324406312805 -0.251927972928
0.331493907628 -0.323587663164 -0.252651950729
0.330477986063 -0.32390840151 -0.252847289231
0.330220321396 -0.323505668413 -0.252192525954
0.329398064327 -0.323709553377 -0.252471826747
0.32810757502 -0.323621019152 -0.252469347551
0.326201005774 -0.322903143141 -0.252480170765
0.323885593303 -0.322847103776 -0.252579878954
0.321426558528 -0.323172889131 -0.253253363479
0.31780653479 -0.323683398679 -0.254408273825
0.313902352347 -0.322482045886 -0.253891320434
0.310606722065 -0.323133854005 -0.253736520398
0.30795945049 -0.322387660844 -0.254389004868
0.30462748111 -0.322873270635 -0.254380721741
0.301006175761 -0.322967209177 -0.254301352218
0.294104765663 -0.322242416051 -0.255222148596
0.29162717841 -0.322352933207 -0.254278796323
0.287957141242 -0.322468533938 -0.254909276306
0.284387434123 -0.321850211336 -0.254770528921
0.277295956268 -0.321658631025 -0.255461246571
0.274330641818 -0.321975692754 -0.255723979396
0.271894328739 -0.321492661823 -0.255379339516
0.268597357859 -0.321906105424 -0.255739809062
0.265263057338 -0.322045711797 -0.256158698402
0.263776614239 -0.321709250212 -0.256418705951
0.261965224727 -0.321827619868 -0.256717059327
0.256846329091 -0.321243323666 -0.256164624624
0.255386349767 -0.321242848268 -0.256988765287
0.25348269179 -0.32118764365 -0.256669498967
0.253226241299 -0.321172382202 -0.256099525197
0.246563687126 -0.32178799317 -0.256891504152
0.246271058163 -0.321576611055 -0.25651413827
0.245084901395 -0.321601990466 -0.256525423399
0.244440557904 -0.32106878219 -0.256709740705
0.240842093003 -0.321628933365 -0.256694205282
0.240933912975 -0.321726885192 -0.256719579284
0.241943827134 -0.322275222825 -0.256328209382
0.237286792694 -0.322173272897 -0.25611287944
0.237626193451 -0.322173648863 -0.256107835428
0.238358565202 -0.322902385526 -0.255333880021
0.233343638773 -0.321793975887 -0.25549594492
0.233190915486 -0.32149835747 -0.255859758148
0.233836428697 -0.320840503854 -0.255862569532
0.230743908163 -0.320566167381 -0.254821652714
0.231524628809 -0.320470422718 -0.254629322105
0.232176012814 -0.320888268602 -0.254983682063
0.232490111478 -0.320978441137 -0.254558781358
0.230771767471 -0.320435151562 -0.254691958593
0.231399682285 -0.320548351098 -0.254477482697
0.232175060015 -0.320618747366 -0.254417510677
0.22872949244 -0.319614923846 -0.254516225236
0.229109158991 -0.319820047688 -0.254296702382
0.229219294828 -0.31871454952 -0.254226419441
0.223586739478 -0.320980484119 -0.254125095628
0.223470499843 -0.320134880564 -0.254668353767
0.223902419252 -0.319787311536 -0.254436087694
0.223831754954 -0.319798643366 -0.255014873127
0.219136989802 -0.318619101528 -0.254612552794
0.219123344303 -0.318423508518 -0.254610502912
0.213344470219 -0.317572530868 -0.255836400782
0.213402296051 -0.317369176875 -0.255254254701
0.213082894948 -0.317689439901 -0.25588407991
0.209336113835 -0.317869541047 -0.255643127387
0.209220193689 -0.318494692172 -0.255640636654
0.20935029229 -0.318065141305 -0.255646617269
0.208872359597 -0.317971487408 -0.256065790034
0.203284545635 -0.320374778351 -0.256069242826
0.203178872354 -0.320263168795 -0.256234499305
0.198261431535 -0.320187105079 -0.255687802801
0.198665753332 -0.318207822553 -0.255452879297
0.193154293973 -0.319399988488 -0.255602145847
0.193072622361 -0.319565865105 -0.255669411274
0.186370712079 -0.320819257848 -0.255755641877
0.186397882426 -0.320111383844 -0.255804698293
0.182024606741 -0.320245118094 -0.255644595249
0.182034451847 -0.319508034718 -0.255806924268
0.181666823857 -0.319914101606 -0.2562553491
0.181232385496 -0.3194395356 -0.256118775131
0.174331071883 -0.32121638431 -0.255384061709
0.173881518304 -0.320828695731 -0.256109271593
0.173380567137 -0.319678232697 -0.25620750357
0.173050061104 -0.31985313181 -0.25551548143
0.16601543902 -0.32196079155 -0.255809610453
0.165212805387 -0.322041106438 -0.256185247369
0.159719007849 -0.321442595202 -0.256196373004
0.158858721359 -0.321699242251 -0.256448425808
0.155055062851 -0.320267178914 -0.256818338767
0.154710280405 -0.320812985608 -0.256470065723
0.154710280405 -0.320812985608 -0.256470065723
0.149707904326 -0.321154767048 -0.256311944671
0.14972089711 -0.321350588748 -0.25630859214
0.149612861617 -0.32140296533 -0.255918701182
0.149219988603 -0.321405450695 -0.256316767359
0.145419197531 -0.320747613671 -0.255757040205
0.145050856138 -0.320746297663 -0.255960019763
0.140729496885 -0.319650815403 -0.255720290614
0.141188629838 -0.320090429138 -0.25500962987
0.136612456496 -0.318644954384 -0.255676370664
0.134092896174 -0.318455456609 -0.254967720316
0.136284625113 -0.317406751732 -0.255925496014
0.132521846597 -0.318358413144 -0.25517948843
0.13470108355 -0.317819121072 -0.255291209636
0.131681108933 -0.317026420505 -0.255315640319
0.130003271155 -0.317607064156 -0.255307354236
0.131525321125 -0.317067625228 -0.255249928941
0.131654079493 -0.31605374086 -0.254751108087
0.133208241468 -0.315680151735 -0.254538805455
0.131214172842 -0.317102048577 -0.255176879417
0.132328462411 -0.316371124716 -0.25470720267
0.129360598659 -0.317328772729 -0.25356287943
0.130450864281 -0.316920354584 -0.254343625216
0.128733342681 -0.317262687388 -0.25430293174
0.13095319849 -0.316325050873 -0.254048323116
0.130032327614 -0.316254494686 -0.254196580525
0.131066348199 -0.315358264063 -0.253792413853
0.131407720479 -0.316102258872 -0.253829108953
0.13261176597 -0.314728612389 -0.253721383593
0.130322450588 -0.315905312966 -0.253407227367
0.130830328472 -0.314892642323 -0.254225225194
0.126159323098 -0.317809952932 -0.253903993814
0.127617475144 -0.317280676249 -0.253283374578
0.123831915958 -0.318392062447 -0.253761943571
0.125387392426 -0.31829981962 -0.253299612074
0.121539145799 -0.318577449587 -0.25361956722
0.122285681809 -0.317847264363 -0.254123132816
0.118573815773 -0.318422796235 -0.254838117033
0.114669739049 -0.31769618245 -0.254853937504
0.1065646356 -0.318635284838 -0.255086368217
0.101513821939 -0.31981003643 -0.255612267076
0.0950505587371 -0.320598245871 -0.255807194635
0.0844683503122 -0.317479593433 -0.256323839723
0.0796236678799 -0.319495623534 -0.255128608769
0.0690949625003 -0.318432377343 -0.255613064569
0.0601280497301 -0.316855077871 -0.256832049073
0.0581828339664 -0.316234948417 -0.255992624891
0.0471319223246 -0.315162498094 -0.256314373665
0.0388539082007 -0.314577494822 -0.256304090987
0.0388550757208 -0.313840048218 -0.256232886151
0.0338784386428 -0.315308278958 -0.256350710551
0.0336759971293 -0.313096502893 -0.256125220519
0.0293629586118 -0.311888971896 -0.256631556965
0.0297026093572 -0.311630293484 -0.256147913904
0.0239430407975 -0.312513095869 -0.256366962741
0.0240285548394 -0.312069614398 -0.256401571279
0.0245288701856 -0.31146862838 -0.255866451514
0.019215949981 -0.312470600276 -0.256803730939
0.0192077050189 -0.313009828647 -0.25672050968
0.0133263296023 -0.313106932081 -0.25669528372
0.00793712917037 -0.312484854381 -0.256655044593
0.00792920800603 -0.3130233749 -0.25657358413
0.00452240039723 -0.313826352977 -0.256084535212
0.00437624216868 -0.312531975239 -0.256552291881
-0.00113434536866 -0.312204547288 -0.256748946788
-0.00235549605533 -0.31244126128 -0.2567279358
-0.00756908004145 -0.313575760171 -0.256091573032
-0.0126474654809 -0.313332397882 -0.25643674346
-0.0130354522414 -0.312734367116 -0.256297642553
-0.0168174405583 -0.313197930638 -0.256218060152
-0.0168149963176 -0.313201214583 -0.256183716686
-0.0228443125411 -0.313774478351 -0.256218060152
-0.0228466365357 -0.313236895978 -0.25652819654
-0.0291416266463 -0.313449217075 -0.256684277171
-0.0294063989871 -0.314676862608 -0.256644837452
-0.0345066007121 -0.314654006462 -0.256641189089
-0.0398657293353 -0.313059261372 -0.256924793577
-0.0397442456948 -0.312811993822 -0.25672086953
-0.0429486909867 -0.312538442488 -0.256917650647
-0.0477497275464 -0.313559572289 -0.25625363497
-0.047717289913 -0.313214372697 -0.256364486305
-0.0476967026717 -0.313796447875 -0.256342587722
-0.0525585859224 -0.314169136774 -0.255906664302
-0.0521359828448 -0.314423304978 -0.255988169291
-0.057370453417 -0.313283270787 -0.256071077792
-0.0569779656254 -0.313286904219 -0.255673818129
-0.062003424766 -0.311778719912 -0.255871546338
-0.062024984799 -0.312711121459 -0.256404192078
-0.0617526362541 -0.313157365006 -0.256207718619
-0.065377580609 -0.311916220793 -0.256300589368
-0.0644959394559 -0.311496172048 -0.255692369279
-0.0700104548272 -0.311378758302 -0.256370250647
-0.070432738197 -0.312650735482 -0.256293111755
-0.0767651855157 -0.313681404459 -0.256490143013
-0.0767054503832 -0.314339770784 -0.256142817346
-0.0821056698567 -0.313253748283 -0.256472796983
-0.0853941195942 -0.313775265671 -0.256071827663
-0.0849087626014 -0.313153309799 -0.255902171819
-0.0890948041549 -0.312304322662 -0.255587053553
-0.0883307347461 -0.313329529719 -0.255001880812
-0.0941434026827 -0.313233516104 -0.255614136476
-0.0941556911528 -0.313965842798 -0.255287256932
-0.0937549280809 -0.31438169187 -0.255463090121
-0.0986337096696 -0.312249375454 -0.255986419766
-0.0985793258833 -0.312901598838 -0.255728214144
-0.103172933931 -0.312552473671 -0.25539957153
-0.101411753489 -0.311847849791 -0.255962578874
-0.10041715217 -0.311632858712 -0.256151982469
-0.102743064142 -0.311436026307 -0.255136407509
-0.105344622799 -0.311962085309 -0.254053905273
-0.106154321505 -0.311838893421 -0.254795625808
-0.10417781042 -0.312588841428 -0.254582859224
-0.105512537058 -0.312305838756 -0.255392875678
-0.102466040061 -0.313091314823 -0.254589373871
-0.104489191325 -0.312145203711 -0.253961821684
-0.106450510159 -0.312381140851 -0.254187141879
-0.103271118859 -0.312134466138 -0.253606516237
-0.10607733642 -0.31012403554 -0.253693555427
-0.104569389465 -0.31165019924 -0.254016148591
-0.108218119581 -0.310680063122 -0.253786953737
-0.105359321941 -0.311935681954 -0.253787709444
-0.107197081684 -0.311082305137 -0.253171671854
-0.106542524294 -0.311361597012 -0.254011726196

