0.41045386054 -0.429669077152 -0.255647513629
0.410241327434 -0.430215132426 -0.255667306355
0.410302337802 -0.4296108659 -0.255655604427
0.40956073773 -0.429769514252 -0.255927969051
0.409348686169 -0.429153533019 -0.255252835012
0.408543199391 -0.429420128269 -0.254837056041
0.408323736406 -0.428226204131 -0.256197644807
0.408163784313 -0.428628668192 -0.255643290173
0.408144264302 -0.428354450222 -0.255066466575
0.407475659456 -0.42830561328 -0.254945578833
0.406001361323 -0.427977882099 -0.254891029559
0.405796273738 -0.427054038726 -0.254347339617
0.405670820125 -0.425915252309 -0.254929555866
0.405026829156 -0.426154251131 -0.254240916171
0.404647908589 -0.424159031888 -0.254269385483
0.404124511688 -0.424201004471 -0.253737698681
0.404151058248 -0.423627699533 -0.255041488052
0.404581073676 -0.42304512631 -0.254399421222
0.404583863276 -0.422911794281 -0.254014349424
0.402347606906 -0.423599565828 -0.25436224588
0.402523537273 -0.423047265923 -0.254522671206
0.402132628981 -0.423047515934 -0.255143536215
0.402567024131 -0.423045939522 -0.254330918775
0.402002736853 -0.423466538841 -0.254405613704
0.398661222712 -0.424946904899 -0.254372591052
0.398226044542 -0.424414111641 -0.2548883847
0.398124645225 -0.422963077621 -0.254871098726
0.397249571528 -0.422995559685 -0.255345144099
0.393158568625 -0.422841336509 -0.255418955846
0.392502047473 -0.422601176506 -0.254790956647
0.390824084906 -0.422296478812 -0.255963057814
0.390261810579 -0.421092931399 -0.255918433506
0.386977218471 -0.422012304775 -0.256474081425
0.385798160143 -0.419938427455 -0.256858876986
0.384566704133 -0.419788911289 -0.256806917515
0.38267199378 -0.41950928815 -0.257628783432
0.381286706025 -0.418558027758 -0.256885423148
0.376081987249 -0.421124694835 -0.256971743318
0.373341876563 -0.420529831216 -0.257676070637
0.372485318411 -0.420420004382 -0.257085037
0.366364966631 -0.423591399862 -0.257673667366
0.364583927144 -0.423413356633 -0.257576867561
0.362037187587 -0.423147582625 -0.256923079843
0.36107171457 -0.422214810162 -0.258032337886
0.356978179685 -0.422973850253 -0.257527649856
0.355336213887 -0.422102769891 -0.257181088415
0.353154993992 -0.42130406464 -0.256718756957
0.352347723488 -0.421430732777 -0.257378757601
0.350155419796 -0.420736952204 -0.257451525235
0.349285721599 -0.419815492448 -0.256649850676
0.347572308139 -0.418860273295 -0.257168934995
0.346894299756 -0.417889793432 -0.25755318934
0.343823726102 -0.419559393244 -0.257744059829
0.343119705144 -0.419249520097 -0.258030672799
0.342996040082 -0.417782459618 -0.258034272716
0.341776733748 -0.416182311552 -0.258164947841
0.338719518609 -0.41951137807 -0.257614794626
0.338237945247 -0.41916060977 -0.258364389113
0.338237686508 -0.418212191273 -0.258357199028
0.33854825255 -0.416522849284 -0.258716340397
0.335838735109 -0.419791270913 -0.25853057239
0.335782551394 -0.419166761689 -0.257397482319
0.335467137687 -0.417215682704 -0.258137151532
0.335674351744 -0.416049594787 -0.25738121902
0.332021397148 -0.418197333099 -0.258653589281
0.33234702856 -0.417091090153 -0.258400368303
0.332744499495 -0.416566738665 -0.257576341349
0.332749420049 -0.414352835267 -0.258342884505
0.329684779248 -0.417088493783 -0.258354565013
0.330029939896 -0.415736623239 -0.257799529257
0.33015797706 -0.414654293497 -0.257683113254
0.329792748664 -0.412856387094 -0.257395031824
0.32545917611 -0.417279863235 -0.257026514661
0.325296204218 -0.416164494062 -0.257758129725
0.325307126458 -0.415297705686 -0.257582025003
0.324905572812 -0.41366257206 -0.257832969456
0.324094812296 -0.412671464146 -0.257645183779
0.319129799928 -0.416821609704 -0.258006516209
0.31837403095 -0.416268258286 -0.257795076131
0.317403422211 -0.416108966187 -0.257736509682
0.316299932208 -0.414370926402 -0.257750035429
0.311121396507 -0.419601364436 -0.25714715784
0.308975576649 -0.419075147103 -0.258294878873
0.307245805138 -0.419859506742 -0.258334165077
0.305931977761 -0.419298015873 -0.25822267247
0.302015545318 -0.421458607753 -0.258128338869
0.299261263079 -0.421693996349 -0.258107957978
0.296997190753 -0.423599583598 -0.258463337543
0.294743627332 -0.424482184354 -0.25902617212
0.292317751683 -0.424302464164 -0.258513877604
0.28850857038 -0.425799217032 -0.258460307148
0.28723395106 -0.426930057207 -0.258146065455
0.285687531239 -0.427844565409 -0.25864841605
0.287090565537 -0.423547013282 -0.258005336151
0.28465035011 -0.42291714274 -0.258129984194
0.283248218829 -0.423417184743 -0.257764935516
0.282694084445 -0.423276193764 -0.258147344895
0.284759460634 -0.417826628907 -0.258447627189
0.284020154265 -0.417512943046 -0.25784545326
0.282026557359 -0.417238184438 -0.258627542426
0.281709744849 -0.416948849518 -0.258211520605
0.280282826054 -0.416718415223 -0.258549400535
0.276429888026 -0.416779552781 -0.258738236359
0.275175806142 -0.417369977478 -0.258546218689
0.273681939777 -0.417950359832 -0.258499470348
0.27209510435 -0.417767124829 -0.258267370136
0.267670352829 -0.417087831756 -0.25887003525
0.266454445521 -0.417070813609 -0.258947597809
0.264819434433 -0.41758527278 -0.258463121999
0.258296218945 -0.416178234374 -0.259409016426
0.256992980302 -0.416867170441 -0.259133318776
0.253646018488 -0.416687229058 -0.259507097838
0.251648853548 -0.416611320286 -0.259437177647
0.248592715209 -0.416234836071 -0.259580396194
0.246818851595 -0.415777204433 -0.259714836525
0.243513512591 -0.41576308022 -0.259852430511
0.240778048553 -0.416708707237 -0.26038585685
0.238529216817 -0.415914787247 -0.258510031664
0.235920553602 -0.415385612345 -0.259425516886
0.231169707135 -0.414087994094 -0.26028468637
0.230013027598 -0.414380528697 -0.260238171329
0.224988904784 -0.414993359536 -0.260836191872
0.222429778888 -0.415337443569 -0.260874388225
0.220932084614 -0.414666300048 -0.260801739396
0.216940464682 -0.414404249126 -0.261029559376
0.21549012878 -0.413761145546 -0.260794991453
0.213915212136 -0.413515308035 -0.261886283126
0.208328343108 -0.413884164395 -0.261483444525
0.207487656149 -0.413310284852 -0.261594053243
0.207240115302 -0.412712879811 -0.261932404927
0.202855743452 -0.41317729007 -0.26092556421
0.204465973014 -0.411105895964 -0.260721919818
0.200356779677 -0.412969777623 -0.261255015357
0.203350639239 -0.412665004484 -0.260626778378
0.200129399724 -0.413661523857 -0.260596394343
0.198413321778 -0.413440719736 -0.260886717903
0.200623220262 -0.412860661239 -0.259972970412
0.197942874937 -0.412760516093 -0.260672887831
0.200111975113 -0.411320839145 -0.260764882272
0.202907743743 -0.410641975513 -0.260260898823
0.199688897152 -0.412366443444 -0.259951186767
0.197738300573 -0.413106274341 -0.259746904472
0.198652831398 -0.412956949005 -0.259918857404
0.199404834289 -0.413103319952 -0.259512481208
0.199650282435 -0.412324876063 -0.260434879923
0.198913889498 -0.413338432031 -0.259357140061
0.199741271109 -0.413066574536 -0.259811333627
0.19790055154 -0.412161165508 -0.259798723137
0.19825773146 -0.412224407471 -0.259726606068
0.199211620087 -0.411175019542 -0.260079392968
0.199901342003 -0.411339904055 -0.259749308336
0.19579233171 -0.41297713469 -0.259899373603
0.195777312028 -0.413052918505 -0.260089090266
0.196216660247 -0.413568905312 -0.260224252764
0.192277274844 -0.414803330735 -0.259758391441
0.192061658491 -0.415248897767 -0.260286419834
0.188298645194 -0.414891238553 -0.260161329407
0.188002068208 -0.415127228944 -0.260023280515
0.186821727978 -0.415669143023 -0.260361453932
0.18186179294 -0.415593501642 -0.260884777893
0.177300861449 -0.414713293958 -0.261668732276
0.171167571744 -0.415721545632 -0.260403223713
0.164436838746 -0.415482113478 -0.260508807212
0.162992654075 -0.412781072439 -0.260970220395
0.161184737587 -0.413757087928 -0.261319442293
0.1537384731 -0.415311755058 -0.261241286541
0.15200561751 -0.414404785929 -0.261219487978
0.143934595606 -0.41212064042 -0.261889761425
0.141576590174 -0.413162115516 -0.261711466877
0.132781417357 -0.415551286862 -0.262024720865
0.131464208914 -0.413499949655 -0.261367083834
0.124544585037 -0.412160635724 -0.261030714436
0.122128486406 -0.411855561364 -0.262085135974
0.116039963599 -0.413573900201 -0.261130350666
0.115040308922 -0.413125104229 -0.261999565441
0.109519041614 -0.411866128057 -0.261277287759
0.108917137132 -0.411684853863 -0.262186138691
0.106206495972 -0.412356570421 -0.261105157273
0.106242027636 -0.410892005393 -0.261734793995
0.101481392679 -0.408964297231 -0.262113404299
0.101619754037 -0.408265260735 -0.261643491553
0.0963288231232 -0.410921560615 -0.261922914221
0.0965739745339 -0.410393205196 -0.261252983541
0.096449099957 -0.410224157838 -0.261648290682
0.0907052454928 -0.412526528661 -0.261959713446
0.0908270792388 -0.41037684435 -0.261922810537
0.0906094904516 -0.410775184206 -0.262300228226
0.0908389049802 -0.409940113053 -0.26248518784
0.0851111800916 -0.412489847103 -0.26220347678
0.0852448452255 -0.412139619971 -0.262205177285
0.0853946253883 -0.41163973198 -0.261924577818
0.0806081646309 -0.409732053427 -0.262261718898
0.0811067788587 -0.408627348895 -0.262180278089
0.0754817591206 -0.41115338233 -0.262171551634
0.0694933560089 -0.413007655207 -0.262457792444
0.0697275143811 -0.412493474606 -0.26168686659
0.0696340891825 -0.411500106342 -0.262439246681
0.0633907894238 -0.41353150516 -0.261541238733
0.0627380635773 -0.4132264059 -0.261896546691
0.057274102131 -0.414053676341 -0.261603502376
0.0523675913886 -0.412752533151 -0.26109169149
0.0514835540023 -0.412137857941 -0.261615566164
0.0434294301674 -0.412958355077 -0.260660308435
0.0428582391732 -0.412481813587 -0.261041785396
0.0360113007522 -0.411606309576 -0.261827440825
0.0353617367869 -0.411756306539 -0.261454465781
0.0275231891007 -0.411438736167 -0.261833450464
0.0194101133993 -0.411686570986 -0.261521615721
0.0181246931689 -0.412184810146 -0.261357590689
0.0164829112889 -0.409656162697 -0.261380987544
0.0133241438471 -0.409505673946 -0.261459765286
0.0140661231015 -0.408780545949 -0.260508944204
0.00947921807808 -0.407828488269 -0.261237906754
0.0100998530908 -0.408284390159 -0.260714846926
0.0102201289469 -0.407189689007 -0.260918115496
0.0102821451307 -0.407577959741 -0.260911433736
0.0060840324823 -0.408276436859 -0.26137190211
0.00602511995534 -0.408825020096 -0.261269543451
0.00347465179212 -0.408730046209 -0.260619391654
0.00397287920342 -0.407950477884 -0.261009700002
0.00406112895661 -0.407595229637 -0.261107881051
0.00461463458902 -0.407167381249 -0.2606509836
2.72220081833e-05 -0.40779514743 -0.260937610014
-0.00527633953726 -0.408217324601 -0.261783075965
-0.00522927115355 -0.408078312557 -0.261191806566
-0.010026596744 -0.407393375085 -0.261642926775
-0.0156353957563 -0.408074526767 -0.261452079026
-0.0154439298183 -0.407853079615 -0.261199757585
-0.019452141533 -0.407190419026 -0.261502292056
-0.0189580622428 -0.406486458082 -0.260603721174
-0.0195764477492 -0.405802385084 -0.261280929936
-0.0254879964597 -0.406689252248 -0.261473293178
-0.0254924481614 -0.406192332672 -0.261590272875
-0.0312073705502 -0.407657215388 -0.261633219679
-0.0350207629109 -0.406888566708 -0.260688206921
-0.0353228169868 -0.407112759179 -0.260678425237
-0.0332433529593 -0.406138436572 -0.260629215571
-0.0361289766682 -0.406066084759 -0.26046599198
-0.0394833463412 -0.407652555342 -0.260532740336
-0.0370435805875 -0.408261632603 -0.260147534366
-0.0390781832059 -0.407877590513 -0.260695646387
-0.0396304514683 -0.407307738719 -0.260062363129
-0.0376469159055 -0.407213748954 -0.259778571583
-0.0391029820587 -0.408234084048 -0.259915352016
-0.0362227779448 -0.407273873003 -0.259491425605
-0.0401877587003 -0.408372559004 -0.259333814412
-0.037739034047 -0.407978737629 -0.259159465139
-0.0410637561431 -0.407581073208 -0.259706530159
-0.0385622207527 -0.407159132793 -0.25942398994
-0.0401542548701 -0.406291811638 -0.258829242232
-0.0424544557841 -0.408357676897 -0.258549544972
-0.0421971327123 -0.408266448163 -0.258612328133
-0.0396823966378 -0.40852271431 -0.258156116966
-0.042444270979 -0.407803150164 -0.258248756904
-0.0404988117094 -0.408255262645 -0.258869167541
-0.0439450445925 -0.408640158721 -0.258051859738
-0.042027698368 -0.409046974326 -0.258271585512
-0.0437287733856 -0.40833328854 -0.258576477273
-0.0416574469865 -0.40818663905 -0.257794791351

