0.424719717991 -0.341482531184 -0.25282187478
0.424745558357 -0.340706884932 -0.253175584637
0.424274390149 -0.341185798359 -0.253813544817
0.424110221047 -0.340993503553 -0.252572201122
0.423336031339 -0.341212455465 -0.251691902044
0.422845884198 -0.34057717196 -0.252253191796
0.422875479203 -0.340458025366 -0.252108517303
0.42236913788 -0.340580339933 -0.252579440525
0.421892757202 -0.339696046828 -0.252976756162
0.421308121826 -0.339725671528 -0.252316066362
0.420229305808 -0.339659051443 -0.252062166167
0.419906222955 -0.339222184846 -0.252752195426
0.419409551299 -0.339663788856 -0.252835958896
0.418895634337 -0.339982346238 -0.251932474082
0.417315285562 -0.339155304715 -0.251828212774
0.416762444778 -0.338998313634 -0.25187233782
0.41598606459 -0.339007111836 -0.252443865563
0.415129593926 -0.338548290839 -0.252222594335
0.414604086811 -0.3389380359 -0.251357496185
0.414294913187 -0.3390990171 -0.251494322431
0.413916844502 -0.339282021266 -0.25212682503
0.41346402525 -0.339719969737 -0.252011679913
0.413323858939 -0.338798153641 -0.251136147034
0.412530253397 -0.339487116631 -0.251505249323
0.411858267423 -0.339407452043 -0.252343629431
0.411621487645 -0.338485522847 -0.251699426197
0.410589866385 -0.338817820416 -0.251686371984
0.41018682076 -0.339100895364 -0.251655881746
0.409485635394 -0.339460080982 -0.252416156608
0.409125898048 -0.338696406525 -0.252058452162
0.408152035451 -0.338917571165 -0.252005874555
0.407467450805 -0.338865475415 -0.251957227294
0.40572064996 -0.337882044109 -0.251791538332
0.40383244646 -0.337216759399 -0.252029934781
0.401849545254 -0.339224488409 -0.251564360953
0.399103930805 -0.338521777294 -0.252413467539
0.396264807502 -0.338973426132 -0.253129998198
0.392935216634 -0.33751442911 -0.252744560877
0.389023510054 -0.337589878698 -0.254746633967
0.386625714419 -0.336993670831 -0.253342991889
0.382497969132 -0.337061802969 -0.253376429716
0.376177962039 -0.337219852677 -0.253545931174
0.372774700602 -0.336994530423 -0.255045284553
0.369686929173 -0.336903541647 -0.254201177834
0.363965140852 -0.336173669196 -0.255365678574
0.357554435883 -0.336839686043 -0.25527080197
0.354721961519 -0.336289444148 -0.255600743103
0.351832379583 -0.336749838736 -0.254871845583
0.348621459006 -0.336251039872 -0.254846785504
0.342576125282 -0.335509077123 -0.256171178046
0.339936513023 -0.335842700263 -0.25669630272
0.337936468782 -0.336360812782 -0.255351164365
0.33535876965 -0.336244050176 -0.25621004375
0.331149392047 -0.336683842803 -0.2559149688
0.329331895669 -0.335834310336 -0.256683207513
0.327351079307 -0.335609303011 -0.256139822135
0.324454007056 -0.335621708603 -0.257153868409
0.322334787261 -0.335840387127 -0.25666017877
0.319450778182 -0.335263822368 -0.256509531353
0.318297882048 -0.335650310312 -0.256847060557
0.316802493298 -0.335355965118 -0.256863159011
0.315014303498 -0.33484205311 -0.256501762711
0.312845108009 -0.335436385878 -0.256318806125
0.311498326714 -0.334464476925 -0.257064512947
0.310377340631 -0.334611204123 -0.256866696172
0.30874178697 -0.334789576986 -0.256255028684
0.306880332726 -0.334984060466 -0.255768737601
0.305361128515 -0.334407474342 -0.256700910256
0.304600188942 -0.333968775013 -0.256903087592
0.303305367906 -0.334359196777 -0.256820438495
0.301855227948 -0.334371147902 -0.256771842039
0.300641782495 -0.335122537727 -0.256680005978
0.299659943704 -0.333952280686 -0.257077727748
0.298597465425 -0.334149660646 -0.256941094289
0.296849782591 -0.334177454722 -0.25690336701
0.29548546853 -0.334046965173 -0.256307710006
0.29316559602 -0.33492382545 -0.257304814485
0.292089364312 -0.333628548041 -0.257663372934
0.290277010206 -0.333656793966 -0.25781376215
0.288894180636 -0.33368655415 -0.257317854992
0.285387677112 -0.333135742144 -0.257336467567
0.284390778054 -0.332949920096 -0.25729206931
0.282910954972 -0.333317621204 -0.257522424278
0.279680963881 -0.33302888053 -0.257068381185
0.277599317438 -0.332753402426 -0.257588282589
0.276217155158 -0.332517642282 -0.258059659113
0.275058680957 -0.332725442753 -0.257827418067
0.27402126077 -0.332550340419 -0.257928646228
0.271509313628 -0.332728946005 -0.257666873142
0.270339068699 -0.332394477765 -0.258145411805
0.269583738483 -0.331867317768 -0.258009725883
0.267986994597 -0.331813278636 -0.25784074795
0.266456526787 -0.33091093598 -0.258137935106
0.265682119238 -0.330763044048 -0.258376942709
0.265374552326 -0.331264923738 -0.257860798229
0.259928582499 -0.33115215323 -0.258251915658
0.257854051426 -0.331262550271 -0.258216377513
0.25149656186 -0.331150157049 -0.258447132467
0.251166449952 -0.330964743173 -0.258272494097
0.250766730336 -0.331147460671 -0.258864171018
0.250947099347 -0.331097270578 -0.258095661771
0.250704898119 -0.331310258944 -0.258328354855
0.247110787095 -0.331212053253 -0.258687669246
0.24712820064 -0.33101665875 -0.258492760717
0.246798743916 -0.330830767469 -0.258316846816
0.241676096972 -0.331169273924 -0.258102834489
0.241414106255 -0.331085510814 -0.258863709081
0.241779387039 -0.331086618377 -0.258657119054
0.237611713821 -0.331661718926 -0.258066621343
0.237627879023 -0.331466320326 -0.257871564997
0.238088366886 -0.331120799853 -0.257815142889
0.234532306741 -0.331817220322 -0.257802982546
0.234784722168 -0.332360995554 -0.257635535149
0.235237548825 -0.331652454486 -0.257448136511
0.232716225965 -0.33122477814 -0.257043213641
0.23292159221 -0.331077259595 -0.257405899122
0.230316375476 -0.330503619216 -0.257389395773
0.23042835758 -0.330824033325 -0.257385874505
0.230741216727 -0.330679060459 -0.256976267745
0.22640994171 -0.329193241024 -0.257126184455
0.226203580671 -0.329585273621 -0.257358361752
0.226298664158 -0.329234546847 -0.257508792636
0.221408269497 -0.329114550638 -0.257314339726
0.217046251066 -0.32903518789 -0.257508792636
0.217068428426 -0.328348448037 -0.257460663221
0.21509411781 -0.327875874063 -0.257177192268
0.212218677159 -0.326723135081 -0.257042557203
0.213105477641 -0.326755247839 -0.257604601015
0.211033387947 -0.327282552407 -0.256635659649
0.21225635907 -0.326721158101 -0.257088294472
0.210386956927 -0.327769298443 -0.256991231397
0.210883995136 -0.32791234328 -0.256375456447
0.21108408481 -0.327278596412 -0.257194922909
0.212322493592 -0.325804684139 -0.256840219453
0.210885502548 -0.326832264181 -0.256530980385
0.212518340082 -0.326024674427 -0.256237354299
0.209329259936 -0.327318335869 -0.255889983597
0.210936825821 -0.326448247009 -0.255641049253
0.208169168661 -0.327194232971 -0.255576009275
0.210071682942 -0.327036921519 -0.255303633752
0.208115789096 -0.327161078865 -0.255286414914
0.209079285647 -0.327820653138 -0.254900754494
0.21034589305 -0.326584757708 -0.255833344196
0.209699034048 -0.326194283129 -0.254978470509
0.210131862208 -0.325924930241 -0.255631543845
0.206681991676 -0.327040365743 -0.255352595405
0.207073332555 -0.328092778132 -0.255347516243
0.207400658001 -0.327883283827 -0.25488481901
0.203371830731 -0.327096910054 -0.2548800202
0.203320999377 -0.327038020441 -0.255079483097
0.19698990694 -0.328607556188 -0.25583817319
0.190220365353 -0.327947319383 -0.256242821911
0.184812976488 -0.32766114037 -0.256499574877
0.1803975523 -0.328225706733 -0.256859588569
0.174265626065 -0.324992556791 -0.257460423926
0.171864318306 -0.324944203914 -0.257227860182
0.161677448992 -0.327206041384 -0.257175568927
0.158839531393 -0.32444513577 -0.257534875276
0.157388286178 -0.323043222982 -0.258244551791
0.152179508582 -0.324330883789 -0.257573210895
0.147977143982 -0.32647040461 -0.257873722616
0.143247953745 -0.326844560755 -0.257894488771
0.142083987937 -0.323960736443 -0.258748854641
0.13591272343 -0.324200840628 -0.258837615257
0.135536177481 -0.324443266553 -0.258078995875
0.134463268098 -0.324357731587 -0.258144364676
0.127149771826 -0.325692526241 -0.259084531654
0.126810892308 -0.32555301382 -0.25877700793
0.127079749791 -0.323344994514 -0.258807245106
0.121145149474 -0.325805515019 -0.258580086699
0.120399016386 -0.325670079158 -0.258811669694
0.114261084919 -0.326666473695 -0.258769098305
0.114473466883 -0.32487991855 -0.258734989157
0.110731498717 -0.324106491585 -0.259123558816
0.110560353 -0.324190139647 -0.259166402937
0.104236409114 -0.324841735071 -0.258355378012
0.103935599424 -0.32416389573 -0.258419637133
0.0972550120023 -0.325205098378 -0.25841923771
0.096702903005 -0.324840891507 -0.258818992304
0.0968352060529 -0.325170869066 -0.258465341316
0.0911001300323 -0.323923818681 -0.257965571197
0.0856035398869 -0.324947613209 -0.257722157154
0.0850908069207 -0.32476194011 -0.257911727282
0.0807708971968 -0.325140835549 -0.258225610585
0.0746040552688 -0.325252228814 -0.2580630896
0.0734238472624 -0.324546789185 -0.257848241721
0.0672679596481 -0.325056587716 -0.257677090093
0.0671031654611 -0.324796886859 -0.25801724503
0.0608306040621 -0.325863253428 -0.258021075582
0.0605465586318 -0.325509397501 -0.258130031158
0.0552624829088 -0.32533074768 -0.258176420751
0.0544790028704 -0.325266254139 -0.258131912271
0.048239402437 -0.324919544291 -0.257714329499
0.0476112713135 -0.324762838395 -0.257815219185
0.0475989623777 -0.324288940834 -0.258055293209
0.0430227502311 -0.323584373824 -0.258002792748
0.0372419097396 -0.323656403595 -0.258002086077
0.0369032286409 -0.323254781718 -0.258035223307
0.0370489295555 -0.322832945628 -0.25799086195
0.0317073329882 -0.323369023527 -0.257892424802
0.0318093756895 -0.322281796052 -0.258086368369
0.0319503581808 -0.321859501967 -0.258043624636
0.0288144541508 -0.322003653814 -0.257840155042
0.0286817901633 -0.321627159215 -0.257519006451
0.0231434384084 -0.321985809757 -0.257852135233
0.0231654995556 -0.321246575028 -0.257947794195
0.0178669442425 -0.321619982553 -0.258025170252
0.012651268277 -0.322887905557 -0.258100426762
0.013086962936 -0.321136243042 -0.258295488849
0.00913009325766 -0.321573711513 -0.258667361149
0.0094479489769 -0.320360115229 -0.258869180264
0.00299407064048 -0.322935730461 -0.258528302428
0.00294293960999 -0.322214145998 -0.258328144521
-0.00255909170162 -0.323217938914 -0.258078820744
-0.00248745650392 -0.322873013301 -0.258144596046
-0.00821543333204 -0.323496546912 -0.258077839012
-0.00808932060485 -0.323231063186 -0.257728935763
-0.00798733143892 -0.323070515407 -0.257664232738
-0.012452116415 -0.323502049657 -0.257533980805
-0.0159256909773 -0.324145969717 -0.257319020137
-0.02114655508 -0.323153077461 -0.257633573796
-0.0198084417892 -0.321710524585 -0.257264151044
-0.021893408444 -0.322695693407 -0.257222847993
-0.024682423829 -0.322090127566 -0.257353399915
-0.0234867199373 -0.321935902751 -0.25706426465
-0.0230910484265 -0.322487884605 -0.257570441706
-0.0218538107857 -0.322117712078 -0.256586029427
-0.0254770556176 -0.321774221381 -0.257038468313
-0.0243002010344 -0.321718676716 -0.25726963234
-0.0232105792017 -0.322178758213 -0.256525107504
-0.0208370842281 -0.322394139485 -0.256723520308
-0.0229632479037 -0.321663395366 -0.25648454832
-0.0276049444549 -0.321787004853 -0.256478600468
-0.0239854227646 -0.322250868877 -0.255638042471
-0.0249673711631 -0.322583624569 -0.256264085189
-0.0272402934519 -0.323338962443 -0.256455005745
-0.0256692156992 -0.322136730193 -0.256009210642
-0.0277868693113 -0.322366814326 -0.255041091158
-0.0250635999343 -0.323179175816 -0.255739497615
-0.0291078493003 -0.324001197157 -0.255422868164
-0.0260411234819 -0.324713723949 -0.255771227764
-0.028839599772 -0.323691592902 -0.255639314138
-0.0293979471467 -0.323031586255 -0.255323227748
-0.0269691448855 -0.32314340432 -0.255168068178

