0.456259130447 -0.390694889566 -0.185587540288
0.456386440905 -0.390352614332 -0.185679282966
0.456340650181 -0.389981402064 -0.185568990944
0.455614138873 -0.390173915674 -0.185252889023
0.454714458428 -0.390189257543 -0.185404196772
0.454347641408 -0.389825799684 -0.185173769314
0.453894075659 -0.38933898543 -0.185653967174
0.453525264008 -0.390330204108 -0.184868992254
0.453339974332 -0.389629646555 -0.186166506267
0.453194628146 -0.389612559456 -0.185109897082
0.452555950744 -0.389483267971 -0.18507291248
0.451379626388 -0.389656883335 -0.184003158845
0.451105917092 -0.389698537517 -0.184505287714
0.450836858318 -0.389087120534 -0.184892434306
0.450248554142 -0.389511882023 -0.184460942979
0.448891097113 -0.390190249973 -0.183320866044
0.448370154787 -0.389138309561 -0.184071282167
0.447948790283 -0.3892313964 -0.184149928981
0.447176655952 -0.389625844552 -0.183330173418
0.445819737318 -0.390784994455 -0.182669571136
0.444072348677 -0.390316901642 -0.182475902404
0.441707941066 -0.389537884523 -0.183630145071
0.440367828691 -0.389968569046 -0.183763573293
0.438552084251 -0.389113285719 -0.184823514823
0.435789171185 -0.389367016187 -0.184265295719
0.431303285796 -0.389248574514 -0.184397741806
0.428439984267 -0.389312286441 -0.184451898359
0.426369984546 -0.389031765677 -0.184058160756
0.423040704019 -0.389788956549 -0.184507600653
0.420044133999 -0.38980865197 -0.184057652429
0.415314302724 -0.389711860231 -0.185798828798
0.412820784663 -0.390225120503 -0.184502978739
0.41056456628 -0.389723400992 -0.186236065121
0.408093591633 -0.390312974074 -0.185795689938
0.405490514827 -0.389785238547 -0.184865188526
0.401493985699 -0.390541218381 -0.186367752977
0.399393448735 -0.39095946117 -0.187047963864
0.3982230472 -0.390724821716 -0.18680152764
0.396170723352 -0.391169901662 -0.186257314346
0.392052541194 -0.391122027349 -0.186109564402
0.390549046133 -0.39100635626 -0.186627165729
0.389304914194 -0.392128674856 -0.186316599763
0.387167895311 -0.39222990561 -0.186301613739
0.384942920397 -0.393055279399 -0.184938022359
0.38317645133 -0.392607364455 -0.185111810789
0.381370188698 -0.393332467721 -0.185636658178
0.380006586451 -0.39300972368 -0.186036944969
0.378196553093 -0.393356596884 -0.185965318119
0.374968750933 -0.393449112586 -0.185990120891
0.373827481815 -0.394314249915 -0.185711271578
0.371853530548 -0.394801360297 -0.18559563499
0.369800112362 -0.394718917678 -0.186159761153
0.366679535474 -0.395633808997 -0.186180906723
0.365119921378 -0.395339196119 -0.18595517047
0.363371531292 -0.395493633229 -0.185585932612
0.361407683034 -0.396617753829 -0.185650275441
0.359108606856 -0.397501912565 -0.185660139593
0.355480746472 -0.398072021703 -0.186050751734
0.354366197941 -0.398334340996 -0.186064653696
0.352609875024 -0.398202212273 -0.185754647011
0.350114232879 -0.399202723364 -0.186090735712
0.347931839941 -0.399434878396 -0.18555994563
0.344494815138 -0.400949839116 -0.185990760045
0.343210319569 -0.400712863985 -0.186917292821
0.341244033286 -0.400658689466 -0.186948213252
0.339298511725 -0.401310934307 -0.18554817397
0.335736634377 -0.402464687381 -0.186918015969
0.333653441899 -0.403489960017 -0.186372235086
0.331971152319 -0.403444016915 -0.186706048419
0.32934383674 -0.404899481113 -0.18638905195
0.325484208637 -0.405694549542 -0.18754183679
0.323445451384 -0.406857141503 -0.187013439355
0.32179426501 -0.407089189539 -0.186922780455
0.319797926708 -0.407348086892 -0.187738322903
0.315636733227 -0.409152495991 -0.186674098644
0.313566370806 -0.41033769469 -0.186236518149
0.31248285762 -0.410517422249 -0.186917233612
0.31009274273 -0.410659210176 -0.187082466047
0.306937278486 -0.412299101328 -0.186953218333
0.304682258387 -0.412887388302 -0.187431576245
0.302536285329 -0.414129499796 -0.187617737862
0.300483452081 -0.414265753295 -0.187130432522
0.298375959695 -0.41509006411 -0.186932567314
0.295245915656 -0.417136963435 -0.187863934344
0.293894492638 -0.417283347751 -0.187882043344
0.292283475569 -0.417405827755 -0.187763745784
0.29070028793 -0.41824223157 -0.187284651758
0.288350630331 -0.419322603538 -0.188075938263
0.286393279427 -0.420496251186 -0.187937078022
0.284948429956 -0.421185522222 -0.186912933017
0.283346623635 -0.422689961017 -0.187885257397
0.282329071752 -0.423608808106 -0.188189044603
0.279672411902 -0.424823921544 -0.188091918069
0.27877605687 -0.425682869992 -0.188510236325
0.278262093267 -0.42673310943 -0.188161517443
0.273900688964 -0.428320476509 -0.188789029685
0.273803441941 -0.428268506988 -0.188884488866
0.273266383692 -0.428761341512 -0.189128960744
0.273395385405 -0.428842396664 -0.188957793088
0.26844924591 -0.430710094901 -0.18778352676
0.267912364875 -0.431433274103 -0.188594626504
0.268161436308 -0.430942238554 -0.188779629581
0.268086474967 -0.431690178949 -0.18835528678
0.264789009838 -0.432453433522 -0.188283758306
0.264980521469 -0.432681164842 -0.188334149174
0.265195432921 -0.433410552845 -0.187905826593
0.265683087647 -0.433540800098 -0.187888095967
0.26572065761 -0.433968568687 -0.187935926205
0.262840668855 -0.434020526364 -0.188601809281
0.262368121277 -0.434944212994 -0.18820852613
0.26273972257 -0.435194268495 -0.187383011708
0.260587565929 -0.434894269733 -0.187964906535
0.260653844882 -0.434945402377 -0.188552141116
0.260410456662 -0.436194422531 -0.187442062692
0.261194890387 -0.435441362865 -0.187962428971
0.259186429677 -0.434378479995 -0.188219044096
0.261811474687 -0.434135625358 -0.18756729362
0.260886146611 -0.432751851753 -0.187813293878
0.261755063027 -0.432500706148 -0.187336188319
0.26351797829 -0.432441824507 -0.187266402663
0.262357582389 -0.432026634751 -0.187120465081
0.262903233201 -0.431270983073 -0.187521977272
0.263414542423 -0.431508380607 -0.188056731434
0.264101560406 -0.431266326997 -0.186657885788
0.259507652777 -0.432628288804 -0.187612897219
0.259544302062 -0.432445365499 -0.187816588193
0.256310838586 -0.43335082468 -0.18711655886
0.256770725799 -0.432848240011 -0.18743660795
0.253369449478 -0.434813173408 -0.187269471226
0.24891507609 -0.43727670886 -0.187740423613
0.243896834603 -0.441062645322 -0.187115979387
0.243632837517 -0.441204548919 -0.186740600025
0.243908269433 -0.441024169432 -0.186443533875
0.237496317286 -0.444770175025 -0.186540449776
0.234099430341 -0.446985602783 -0.18639308565
0.234491479605 -0.446341674829 -0.186506061333
0.234860404096 -0.44704861381 -0.185609722564
0.229453208571 -0.450537515875 -0.185728285651
0.229348851298 -0.451428660991 -0.185719951703
0.224596974416 -0.455847320765 -0.185191737589
0.224305859396 -0.456853946925 -0.185773986148
0.220463363325 -0.458770893718 -0.185709806658
0.219249431586 -0.45843392816 -0.186328885646
0.220317324377 -0.459842491268 -0.184664463689
0.218233343253 -0.457970704624 -0.185617052197
0.219343902045 -0.458831644196 -0.184363210976
0.218378862874 -0.456225717135 -0.184816226805
0.218654828528 -0.456615815936 -0.184223131767
0.216617214257 -0.45676251504 -0.184178769368
0.216531413723 -0.457674972173 -0.183952503363
0.213568580945 -0.459411317393 -0.183755611007
0.214232764276 -0.459366583604 -0.183854209917
0.212032127683 -0.460885184758 -0.18394051804
0.212796598498 -0.459440949197 -0.183972834239
0.207446906884 -0.463133005351 -0.184308432851
0.206893421529 -0.463374203692 -0.184651096041
0.200863788539 -0.468979556648 -0.184223264893
0.20087993978 -0.468836876868 -0.184269908544
0.197130602691 -0.47177318935 -0.185090168669
0.198419651488 -0.470519118201 -0.184121455988
0.193517000394 -0.473942807456 -0.185102875172
0.193824415324 -0.473022876584 -0.183516494584
0.193749281901 -0.472946356834 -0.18442151178
0.188555531593 -0.478518740468 -0.184331091151
0.188286542087 -0.47949466153 -0.18421939512
0.180882160031 -0.488518682828 -0.184689375772
0.180367032187 -0.48977271172 -0.183827955497
0.175224808603 -0.493817536329 -0.184268396743
0.17515672387 -0.493967353997 -0.183654948554
0.17134031474 -0.496811537444 -0.184379932083
0.17192821713 -0.496891029982 -0.184309232175
0.169685088358 -0.498986788014 -0.184425261635
0.169629703221 -0.500431288025 -0.183908747522
0.169005691816 -0.50074791412 -0.183888369722
0.169760205937 -0.500562768729 -0.183393457648
0.169982536412 -0.500058105123 -0.18342585889
0.169737461326 -0.497768003747 -0.183312758127
0.170345230318 -0.497829387172 -0.182989729986
0.169544923108 -0.49781957799 -0.183516417156
0.169798617095 -0.498530933331 -0.183449417437
0.167469442281 -0.499687191179 -0.183244906123
0.167374051253 -0.500662581441 -0.183241390311
0.165667767116 -0.501835932513 -0.182950039497
0.165902239472 -0.501975859456 -0.182231259817
0.161346248342 -0.505964897953 -0.182865519607
0.161597509337 -0.506550622126 -0.183322167825
0.155444844024 -0.512814444816 -0.183460233355
0.155524169513 -0.51321524645 -0.182875670755
0.150823512065 -0.518023641418 -0.182998664009
0.151434334046 -0.516913516465 -0.183716355711
0.152206691844 -0.515991485769 -0.182842445618
0.146226133522 -0.523275526597 -0.182734496416
0.140998145812 -0.530599646912 -0.183308256538
0.1406461711 -0.531360346925 -0.183292143405
0.134524757899 -0.538266542171 -0.183048315134
0.134524757899 -0.538266542171 -0.183048315134
0.127850486276 -0.547705885517 -0.1821200335
0.122741386779 -0.555754043031 -0.181924097148
0.123047401127 -0.556038725457 -0.18246494929
0.121283911678 -0.558085583018 -0.182084984694
0.121547747091 -0.5570726773 -0.182591342373
0.122796806012 -0.556209508368 -0.181769559838
0.12430688498 -0.554760014363 -0.181988632074
0.122639827444 -0.553936941061 -0.182448213154
0.123439462673 -0.553329207792 -0.182392572534
0.121603375883 -0.554349845948 -0.181410248148
0.121529624257 -0.554709145712 -0.181294589136
0.116430924869 -0.561839297908 -0.180940579195
0.116219256117 -0.564017056479 -0.181119301208
0.110196372666 -0.574246028268 -0.181658408914
0.110273360806 -0.577491986505 -0.18226600414
0.105918344229 -0.583884717227 -0.181996188644
0.106935466425 -0.584650781373 -0.180737227982
0.100734913638 -0.592116357901 -0.181590574919
0.102427677358 -0.591257405832 -0.180815762292
0.0966395912551 -0.601236485698 -0.181657985655
0.0911121839468 -0.611126827619 -0.180910081076
0.0914964690333 -0.612455307557 -0.180668811309
0.0879800393181 -0.617622496087 -0.180536992318
0.0889642740248 -0.617163358438 -0.180514439659
0.0850104027331 -0.625326409087 -0.181169387463
0.0850317485571 -0.625169505402 -0.181434064177
0.0835388301339 -0.629933785313 -0.181852352554
0.0819382526433 -0.631629316413 -0.18082619011
0.0824597985671 -0.630949413962 -0.18099316794
0.0806823423981 -0.633739242807 -0.181061784821
0.0806009957254 -0.633705510039 -0.18121540814
0.081029856249 -0.633149858145 -0.181092342364
0.0812288643458 -0.633418726997 -0.181708358077
0.0817574896909 -0.631788690726 -0.181108495775
0.0812336310088 -0.632520909899 -0.181193607023
0.0820102691269 -0.633056763866 -0.181072881942
0.0792406159994 -0.640462759926 -0.181034739646
0.0759287526396 -0.649964563177 -0.181292014028
0.0720302909647 -0.659812429549 -0.181143464896
0.0737256708929 -0.660573442735 -0.180700121543
0.0716737039798 -0.665654701682 -0.180524874446
0.0726506918405 -0.664616566384 -0.180823260891
0.0692437051829 -0.670783639906 -0.180078524803
0.0697413948826 -0.670098504248 -0.181171644306
0.0662092942651 -0.675472265763 -0.18035903507
0.0649864990477 -0.680948267598 -0.1807059421
0.0651546289269 -0.683125425749 -0.180973195886
0.064379299579 -0.681617174719 -0.182636181178
0.0664879148984 -0.680666097749 -0.184003730569
0.0663603384311 -0.679024730532 -0.184371696022
0.0640812123492 -0.682152482577 -0.18383183421
0.0651838251115 -0.683607834107 -0.184330836043
0.0645307838652 -0.683372541977 -0.184600140836
0.0653402320914 -0.686700387922 -0.184087510921
0.0644255557186 -0.686700201172 -0.183481453263
0.0637057527905 -0.690411727504 -0.183650335695
0.0621643578334 -0.695728370064 -0.184417077312
0.0638625171311 -0.694376294763 -0.184569018744
0.0629213713963 -0.697782545902 -0.184566106758
0.0652385276778 -0.694809353879 -0.183732036418
0.0621861436405 -0.702280271252 -0.183390331814
0.0593426651241 -0.713308266831 -0.183749308308
0.0594386099139 -0.718171026647 -0.184270138383
0.0598755445224 -0.716965447567 -0.184862461892
0.058520694711 -0.720445263694 -0.184038717299
0.0597130434379 -0.718409769357 -0.184372564326
0.0593094476377 -0.724382453179 -0.184749278777
0.0595114842948 -0.726361051401 -0.1846178788

