0.458380342307 -0.305004652359 -0.199729256218
0.458309211829 -0.305353208572 -0.199763201831
0.458267421892 -0.305223370575 -0.199770344857
0.458009644344 -0.305330118657 -0.198970318206
0.456965389177 -0.304858336684 -0.19857514039
0.45644902796 -0.305291607325 -0.198885648319
0.456489478641 -0.30477279484 -0.198902439565
0.45638376546 -0.305039046259 -0.198181934463
0.455335140485 -0.306072052986 -0.197829504034
0.45438551282 -0.305309104818 -0.197201548206
0.453460350224 -0.30515730403 -0.19736046087
0.453153991654 -0.305183375032 -0.197812510939
0.452757201123 -0.305448071806 -0.197733363461
0.452195921776 -0.30582023528 -0.197227069596
0.451316286721 -0.305987962665 -0.195743676166
0.451098993483 -0.305372427815 -0.196839522489
0.451068209759 -0.305049406018 -0.196267901532
0.450117760851 -0.305278053678 -0.195863002577
0.449120488356 -0.305968082159 -0.195420421117
0.447968085044 -0.305522735162 -0.196160860521
0.447614493893 -0.305567232033 -0.196149600725
0.44638099886 -0.304259706967 -0.196326605334
0.444462171011 -0.304725676208 -0.195835898776
0.442585187073 -0.305957881567 -0.195615242561
0.439518291863 -0.305219236581 -0.196828182114
0.437845484088 -0.304735438972 -0.196474262755
0.435038733889 -0.304307762057 -0.196771352967
0.431871104377 -0.304361041403 -0.195378365339
0.427899565344 -0.304090775555 -0.196689885248
0.423268542556 -0.30493070764 -0.195944118242
0.420742637436 -0.304152031058 -0.197196893901
0.418345279814 -0.303892951063 -0.197393334106
0.415744299552 -0.304178994199 -0.196997454796
0.410971678237 -0.303855731422 -0.197222172552
0.408519294632 -0.304478523946 -0.196814502736
0.405884376828 -0.305118112348 -0.197741974885
0.403921477222 -0.304402152387 -0.198104350924
0.401054293015 -0.304530882746 -0.198092027686
0.397352819439 -0.304995184151 -0.197696422566
0.395924180785 -0.305857752084 -0.198251618076
0.394344692532 -0.305417502354 -0.198333204065
0.392307432869 -0.305667776833 -0.198149260716
0.388711237438 -0.306032347989 -0.197815828706
0.387136077365 -0.307049657791 -0.197696290663
0.385994639929 -0.306815220464 -0.197377970407
0.383912575801 -0.306753537688 -0.197438199249
0.381783040303 -0.306944010679 -0.196835940808
0.378605479845 -0.307590638074 -0.198135103028
0.377334509116 -0.307966226472 -0.198081287765
0.375746291471 -0.30831699406 -0.197673418551
0.373710942194 -0.308568125857 -0.19743621132
0.370245481343 -0.309089617075 -0.197881820326
0.368685874383 -0.309993985524 -0.197945222413
0.367626560134 -0.308775367718 -0.198270752072
0.365855158919 -0.309585327993 -0.19699456272
0.3618391214 -0.310704961298 -0.198109791741
0.360490557935 -0.310572555044 -0.198011244279
0.358951775984 -0.311247506018 -0.19902980929
0.356854090581 -0.311400081388 -0.197942536866
0.352816261293 -0.312427583796 -0.198343567342
0.350620806729 -0.313083686951 -0.198530778069
0.348987772989 -0.314342165043 -0.198533988107
0.347035979592 -0.313650767121 -0.197637999907
0.343171196863 -0.31504625156 -0.198147910458
0.341406562007 -0.316151864997 -0.198624447089
0.339993957841 -0.3166272158 -0.198274272924
0.338126737877 -0.316448477025 -0.197970121356
0.334454608474 -0.317438805482 -0.198351562003
0.333110318714 -0.317432097877 -0.198796150238
0.331383915553 -0.317674173738 -0.199950126725
0.330105705506 -0.318768403703 -0.199104904577
0.328213515088 -0.319875729032 -0.199353622491
0.323549394038 -0.321509814174 -0.199401763033
0.322242814213 -0.321981056899 -0.199118746535
0.32123044088 -0.321525589448 -0.199588801952
0.320366108909 -0.322712590904 -0.199217756461
0.316731198659 -0.323152204688 -0.199343788319
0.316731198659 -0.323152204688 -0.199343788319
0.316683265304 -0.323230060076 -0.198998111126
0.316724671225 -0.323107669624 -0.19894347684
0.312866042863 -0.323428504401 -0.19916754169
0.312862487789 -0.32307680073 -0.198597134339
0.31252676336 -0.323482409295 -0.199100166135
0.312206709236 -0.323172492753 -0.198961162403
0.306403408194 -0.325626845788 -0.198471936603
0.305398353662 -0.32619765684 -0.198984675043
0.304707369538 -0.325836492127 -0.199195655375
0.303608213987 -0.32602323718 -0.199263824996
0.302397673075 -0.32719528259 -0.199073103117
0.297541687471 -0.329957898694 -0.199472520288
0.296015202954 -0.330521378052 -0.198933133503
0.295376614611 -0.33028091131 -0.199142348279
0.295130026043 -0.330058033197 -0.199073347132
0.288293602539 -0.33376691972 -0.199238195976
0.28758709147 -0.334608604887 -0.199228629945
0.287109225967 -0.333638096807 -0.198471848706
0.281112150276 -0.336279467451 -0.198839616329
0.280543491552 -0.335840353357 -0.199075582241
0.279251469131 -0.336894738419 -0.199526402981
0.278481857077 -0.337310542172 -0.198790308137
0.269478734416 -0.343940132522 -0.198514067535
0.268261523899 -0.344197168921 -0.199128668391
0.266540204058 -0.346297394443 -0.19869246443
0.264224097343 -0.347684217899 -0.199170830367
0.255374244141 -0.352962273469 -0.198344464809
0.254233618058 -0.353718135346 -0.198757824913
0.253721651361 -0.353898722967 -0.198650977301
0.249861075647 -0.354705388967 -0.199164149134
0.249451433442 -0.355195259921 -0.199422177647
0.249536614245 -0.355821042899 -0.198639790972
0.243283429233 -0.357916112759 -0.199116680395
0.242928725052 -0.359115827621 -0.198743097869
0.23465717208 -0.365563240458 -0.198375676993
0.234579486301 -0.364952695614 -0.198989479029
0.234133591606 -0.366261133011 -0.198544613694
0.224170671414 -0.372868195946 -0.19912887675
0.223625095037 -0.374421219557 -0.198275655935
0.223249435724 -0.375444387432 -0.198165733323
0.216669565758 -0.37882887794 -0.198485509665
0.21676602501 -0.38020244038 -0.198148606803
0.216824303896 -0.37963440301 -0.198131621894
0.21124807012 -0.385818901788 -0.19809206051
0.21108313903 -0.386904209484 -0.197394101395
0.202904004818 -0.394565776608 -0.197190737549
0.203161143459 -0.395605115738 -0.19750280455
0.198211757391 -0.397819181484 -0.196407498905
0.195142412749 -0.396304581043 -0.197120252693
0.195968044322 -0.397770713649 -0.197010178696
0.196894720945 -0.397577723792 -0.196347400275
0.198459343132 -0.398397703905 -0.196357540325
0.195403807952 -0.39628468527 -0.197254233773
0.197815777794 -0.398252823532 -0.196510247212
0.195331753285 -0.3976265755 -0.196157356821
0.194036546108 -0.39797704927 -0.195957092545
0.194450290387 -0.398667516891 -0.195937276118
0.189643977801 -0.400105122544 -0.195918686773
0.189302377732 -0.400652451644 -0.195196895924
0.186090807734 -0.402556039593 -0.194299793979
0.186029569595 -0.404035362555 -0.194616182184
0.181136352129 -0.407654097771 -0.195213620046
0.179313710444 -0.411545774934 -0.193668501504
0.175139603226 -0.414079747903 -0.19450295597
0.174463443496 -0.416361835232 -0.195053404614
0.169229365676 -0.417470098361 -0.194403844015
0.168281583194 -0.42166989996 -0.194114701897
0.167810749949 -0.423698299523 -0.194043360915
0.167556208782 -0.424789166982 -0.193928898814
0.161888327347 -0.431286271255 -0.194163391517
0.157034119415 -0.434392425316 -0.194081566626
0.157476436195 -0.435492075716 -0.194035333444
0.155839872325 -0.4354269527 -0.193145517132
0.156786591362 -0.436467917662 -0.192758163684
0.155477729592 -0.438795135591 -0.192661025714
0.15044957641 -0.439760223011 -0.192436884347
0.151252102373 -0.441915967464 -0.193158536453
0.151530741237 -0.442450098283 -0.193402654365
0.145789796981 -0.44489156439 -0.192894593489
0.147349188803 -0.446558610684 -0.193072605727
0.14761381011 -0.447883015659 -0.192763038153
0.142903552923 -0.450306377425 -0.192495782691
0.144230714016 -0.453513551572 -0.195208062924
0.140552385626 -0.45578367444 -0.194767095894
0.140209496523 -0.458136428812 -0.195215197316
0.135157706933 -0.459006974776 -0.194476961278
0.12938225162 -0.464750353138 -0.19312218546
0.128725590872 -0.468931464927 -0.193206495494
0.126025328324 -0.470285444735 -0.193912069732
0.1260101205 -0.47180896701 -0.193195662087
0.122692832781 -0.473231040871 -0.192974773407
0.122065081198 -0.474222104841 -0.193467156035
0.122503684754 -0.47222171343 -0.192677936424
0.123770763617 -0.471167679659 -0.192585423997
0.12451805606 -0.469749066208 -0.193378354218
0.124740522887 -0.470270564071 -0.193454879518
0.122537555769 -0.471910887963 -0.193237372576
0.122288533593 -0.473196383998 -0.193594741571
0.119337136883 -0.47694102323 -0.192751803205
0.119658449505 -0.47769557226 -0.193767874827
0.118815489943 -0.479116944658 -0.192863892323
0.118823654884 -0.48002675767 -0.194177411754
0.115824749258 -0.483845675599 -0.192849490661
0.116566696054 -0.484787380297 -0.192923875107
0.117161222908 -0.484841597104 -0.19220298843
0.111711225528 -0.489548970372 -0.1926010274
0.106467609413 -0.495444009375 -0.192635441525
0.108374755782 -0.496447390905 -0.192292720726
0.103586576023 -0.502914338272 -0.192585938677
0.104502015351 -0.503990228256 -0.192178063645
0.101057289261 -0.506352046661 -0.192007634802
0.10113819271 -0.505829894793 -0.195151528715
0.102304615709 -0.504189416683 -0.197238038959
0.10260395101 -0.503435434153 -0.197206711407
0.103364543034 -0.505268704946 -0.198558667456
0.103869631276 -0.504583277541 -0.197474078054
0.102644670225 -0.505454979305 -0.195281493513
0.102695891195 -0.504976412364 -0.194808897471
0.101955357585 -0.506368803192 -0.193899259433
0.100656937297 -0.505842426145 -0.193175767308
0.0979591714941 -0.511472924209 -0.192371996247
0.097647298487 -0.511657265902 -0.192883497381
0.0937947614024 -0.518998140065 -0.192674692063
0.0942590533017 -0.51879652086 -0.193005466464
0.0915433511842 -0.524755712181 -0.192597738697
0.0923870071148 -0.525449984446 -0.192550849414
0.0903691173201 -0.529995016766 -0.192560652621
0.0869895834195 -0.533675761835 -0.192527864002
0.0882483670022 -0.534511543352 -0.191822055564
0.0860145272739 -0.536530055302 -0.192031939731
0.0859940255506 -0.536948331354 -0.192400563827
0.084836634614 -0.538103038338 -0.191966374121
0.0854337085779 -0.537248291426 -0.193459687273
0.0852964835831 -0.538736622317 -0.192620629094
0.0852799998108 -0.539170318483 -0.193793050309
0.0852262047056 -0.538761696532 -0.194186867899
0.0851178055957 -0.541250586909 -0.194232130169
0.0841758550557 -0.546501100026 -0.194590871607
0.0837736010408 -0.551794848509 -0.194957511112
0.0837076527123 -0.551635601641 -0.194753064279
0.0827601048473 -0.555207343323 -0.194778727966
0.0829833804214 -0.554898467935 -0.19483423854
0.0824559177862 -0.553658261183 -0.194970981019
0.0797776624407 -0.558781007403 -0.19355406392
0.0765918033945 -0.563439227358 -0.193336332457
0.0765789502037 -0.563838451834 -0.193145408043
0.0751944495644 -0.568087955475 -0.193101266801
0.0754042330133 -0.568382678904 -0.193706944115
0.0768564341159 -0.568287798065 -0.194148990824
0.0775028043285 -0.564771043825 -0.194069890411
0.0782177336338 -0.562934776862 -0.193865909425
0.0783196333283 -0.560908825038 -0.1933392284
0.0788135664642 -0.55995926703 -0.194061128661
0.078065673164 -0.563350504863 -0.194362616789
0.0785275883191 -0.564980339597 -0.194817838378
0.0763633918172 -0.56746765084 -0.193888840794
0.0756267845536 -0.569314047015 -0.194380375525
0.0755260021422 -0.570283120577 -0.193963859587
0.0770758381881 -0.570555560433 -0.195546050946
0.077305012345 -0.569295473249 -0.194426386004
0.0773006506691 -0.56953666349 -0.194973622182
0.07666408834 -0.573176176139 -0.194313178769
0.076678931456 -0.573909333283 -0.194547773678
0.0748126838667 -0.57861682081 -0.19462717252
0.0724913369891 -0.584905521209 -0.194940920095
0.0729910858479 -0.584351533589 -0.194738175672
0.0707695857119 -0.594008141904 -0.194178351269
0.071574515797 -0.594254547649 -0.193741642182
0.0697230130832 -0.601250021951 -0.193594907872
0.0705470268584 -0.600934972747 -0.19389136159
0.0669253670118 -0.610080304951 -0.193585288945
0.0644962445517 -0.617008218946 -0.194106244442
0.0669890613375 -0.613512472036 -0.194707487923
0.0657297174273 -0.615734373165 -0.194583653552
0.0668943225352 -0.613083592561 -0.194628862813
0.0656777603062 -0.620016581842 -0.194594524235
0.0642491282593 -0.625724138708 -0.195532239807
0.0630713235071 -0.635785161768 -0.195104820158
0.0614638986355 -0.639620196732 -0.193991236851
0.0611929445652 -0.647891847125 -0.193760826004
0.0578837246944 -0.650394181113 -0.193344764705
0.0588588839884 -0.655282383808 -0.193315503986
0.0552188639125 -0.653006115586 -0.193237607955
0.0573353172918 -0.652781390023 -0.193090403258
0.0565446931176 -0.649427021941 -0.192771387611
0.0601011900211 -0.648752857981 -0.191786935456
0.0615945701979 -0.643848931212 -0.191997121259
0.0612237480178 -0.647310871008 -0.191671399135
0.0614426354875 -0.646789782897 -0.19213600835
0.0619650701955 -0.646623286083 -0.19200807614
0.0591930611161 -0.651596895963 -0.191920272227
0.058418808957 -0.654948907938 -0.191557168085
0.0585289759198 -0.655750744285 -0.192207761562
0.0597540674225 -0.656540264794 -0.192035178581
0.0584372868151 -0.656743745141 -0.192493326095
0.0583191138366 -0.656278482023 -0.191619577327
0.059241721402 -0.654892195276 -0.191413971655
0.0579038708515 -0.657540533892 -0.19155186436
0.0587305543593 -0.655584007802 -0.192345353937
0.0588511654608 -0.655525611253 -0.190746045479
0.0590430164513 -0.654968940491 -0.191119676534
0.0592506466642 -0.654674311779 -0.191340483032
0.0578511017784 -0.655264317402 -0.191526614129
0.0578941568764 -0.655512591408 -0.190980229929
0.0579295507341 -0.65571804288 -0.191430599033
0.0562567789999 -0.65861950904 -0.191799805037
0.0563204883183 -0.658878177997 -0.191689489058
0.0562629132139 -0.658650579705 -0.191890782538
0.0562193085649 -0.658344380107 -0.192337739107
0.0562683604205 -0.658745198599 -0.192800265865
0.0586652878973 -0.6553289085 -0.192295581448
0.0584927113123 -0.655880504177 -0.192097460515
0.0592257346999 -0.655437730836 -0.192285583988
0.0594428150999 -0.656251613121 -0.192186245115
0.0600758234987 -0.656452366774 -0.192100865233
0.0598972898531 -0.656474500503 -0.19278729105
0.0609808041656 -0.661227586196 -0.192703484976
0.0613546879998 -0.66163978614 -0.192238780019
0.0621430457667 -0.669108654486 -0.192257432442
0.0594343211057 -0.679472723639 -0.190907274012
0.0617767117835 -0.675955540061 -0.192106665522
0.0639661509589 -0.671359793544 -0.19240231781
0.0617233258475 -0.675823196038 -0.192172005771
0.0613759226744 -0.675094243094 -0.192345947394
0.0638000357288 -0.670814727845 -0.193041380912
0.0629728503923 -0.675276219513 -0.192643021063
0.0612303884272 -0.68151360788 -0.192791687909
0.0620499985457 -0.681839190814 -0.192453642934
0.0600928255214 -0.69912025544 -0.190942203012
0.0618623981691 -0.706461441584 -0.192209523288
0.0630136202353 -0.726958000857 -0.192610402048
0.0638057045632 -0.734962252257 -0.192686451202
0.0643214546105 -0.735057808379 -0.192746251554
0.0673373650435 -0.736173952954 -0.193041399007
0.06754555973 -0.735316709829 -0.192667564168
0.0684063455873 -0.74108525889 -0.192268739514
0.0678790111745 -0.741593545716 -0.191096467384
0.0685747596928 -0.749911327357 -0.190807610817

