0.276458857344 -0.254055215986 -0.142754094991
0.276399355012 -0.254744733194 -0.142778590616
0.276404350069 -0.254278647339 -0.142889986536
0.276160655312 -0.253606910152 -0.142503978387
0.275645153486 -0.253837775332 -0.142920908063
0.27566006966 -0.253719766755 -0.142615376315
0.27566006966 -0.253719766755 -0.142615376315
0.275635286391 -0.253762724848 -0.142615376315
0.275591626014 -0.253738429795 -0.142711442986
0.27562585984 -0.253607545148 -0.142668350561
0.275781239788 -0.253718708989 -0.143417564316
0.275304461442 -0.253531150339 -0.142778325536
0.275328038042 -0.253012539743 -0.142973623552
0.275643524358 -0.252853140617 -0.142498588021
0.275384939369 -0.252322471149 -0.142948821586
0.274491317577 -0.253432951088 -0.142634666031
0.274763523244 -0.253249534618 -0.142253152014
0.274979116594 -0.25220115756 -0.143085274087
0.274823583773 -0.250735675303 -0.142834613454
0.273046723167 -0.253411295328 -0.14234484649
0.273550710596 -0.252551087057 -0.142590603778
0.273591575225 -0.251683595538 -0.142893884531
0.273809537181 -0.250751850039 -0.142682234847
0.271943584144 -0.253045266664 -0.142029623432
0.27270908043 -0.252134828922 -0.142390356509
0.273142320604 -0.251673154133 -0.142462142546
0.274043751567 -0.250955367532 -0.142453328361
0.270724749965 -0.253921608918 -0.142119041242
0.271670337052 -0.253127138307 -0.142689689842
0.272816890285 -0.252226479913 -0.143351993822
0.273759382613 -0.251093149691 -0.142453410351
0.269061441366 -0.254388318678 -0.143256071299
0.269298530774 -0.253847098722 -0.142790903125
0.26984338156 -0.253041312344 -0.1425999055
0.270328549236 -0.253105991728 -0.142422871555
0.264549638353 -0.256654252418 -0.142976145987
0.265062319551 -0.256860618128 -0.142494579393
0.265204176008 -0.255123818141 -0.142640543796
0.265248145225 -0.255334902941 -0.142464364708
0.257690535301 -0.257598485587 -0.142627568544
0.257501815212 -0.257174267678 -0.14268956649
0.2576081194 -0.256995341111 -0.143079744632
0.253074877441 -0.258519888749 -0.143181624426
0.252843459761 -0.259382061086 -0.143045280432
0.253030158803 -0.260035996582 -0.142379237962
0.253160322506 -0.260052983065 -0.142814052793
0.247489163529 -0.260777830966 -0.143595582073
0.248814106169 -0.262238304613 -0.142410130235
0.250561709812 -0.26223607135 -0.142917930749
0.251629833752 -0.261629270344 -0.143521292081
0.247565130455 -0.261448005797 -0.142951091261
0.250042187336 -0.261714037722 -0.14272566811
0.251127141668 -0.262507368171 -0.142151014506
0.252604698139 -0.262923047019 -0.142944540564
0.249251502385 -0.262185260073 -0.142380698276
0.250425924739 -0.261980549078 -0.141933219724
0.251708527034 -0.264112618606 -0.142166806993
0.252828714931 -0.26467890865 -0.141539771113
0.249829190441 -0.262887905002 -0.141407647638
0.251046436512 -0.26364345698 -0.142043558654
0.252165347468 -0.265486611965 -0.14127528422
0.25294432034 -0.266567682537 -0.141144978848
0.252882778971 -0.263965848919 -0.14136036195
0.254378847831 -0.26481675774 -0.141120710568
0.255238253315 -0.265271491778 -0.141503854971
0.256447059296 -0.266400807655 -0.140479602186
0.255067673245 -0.261532337261 -0.140464532183
0.256171589172 -0.261653149485 -0.140990230773
0.256587045504 -0.26195362993 -0.141115064496
0.25711161675 -0.262251501061 -0.140461394865
0.254209000946 -0.259175259553 -0.140569436582
0.254485690332 -0.259341116558 -0.141738446609
0.254787561395 -0.260494783015 -0.141031784448
0.255533009119 -0.261057026202 -0.140597005013
0.251508397398 -0.259521813805 -0.14120288944
0.25220206354 -0.259784388588 -0.141649238251
0.252794333767 -0.260270210919 -0.140706726055
0.253050941355 -0.260659602208 -0.140576832341
0.249778963015 -0.259738954863 -0.14103450349
0.250250270561 -0.259526652843 -0.141236698173
0.250798656774 -0.260943851823 -0.140676226137
0.251891463102 -0.260148495345 -0.141314759688
0.250234327046 -0.259646386193 -0.141715315925
0.250815310815 -0.260082401714 -0.141380350815
0.251614703381 -0.259855407204 -0.141418037582
0.252479678066 -0.260429921349 -0.1414680647
0.249549205905 -0.260034765975 -0.140859552272
0.250290561885 -0.26028410601 -0.141771909682
0.245714814588 -0.258615439185 -0.141964076026
0.24733756716 -0.2604004129 -0.140694987829
0.248029815572 -0.260220453554 -0.141707171245
0.248449657287 -0.260624940855 -0.141527363925
0.244010147095 -0.259462688314 -0.141078015118
0.244185587657 -0.260429249002 -0.140958956704
0.244789702602 -0.260910822296 -0.141332039334
0.244759108646 -0.261148797418 -0.141312657545
0.241132603586 -0.261385681442 -0.141115897829
0.241067255127 -0.262238823641 -0.140936296734
0.240683180876 -0.263520714245 -0.141241270469
0.236015210895 -0.26192754627 -0.14048856134
0.236269109262 -0.262543420209 -0.140382096308
0.236629402369 -0.262440195297 -0.140095252684
0.231990573048 -0.259827208086 -0.140832225802
0.232311015212 -0.261770146416 -0.140540611324
0.227632862924 -0.261179609359 -0.140996434302
0.227707300248 -0.260611337568 -0.140914534089
0.222808819909 -0.260871543395 -0.140186416258
0.222806084907 -0.260907512802 -0.140363423602
0.223256288738 -0.261402963579 -0.140129740545
0.220391492757 -0.261357243125 -0.140529803626
0.220471653032 -0.261573213835 -0.140684130062
0.215706747059 -0.26161016045 -0.140883989992
0.215585806553 -0.260882894486 -0.140727775905
0.20915014256 -0.26080194762 -0.140682817821
0.208389526938 -0.261054112338 -0.140615948246
0.202700657383 -0.261907255545 -0.141155700669
0.202738303761 -0.262157886663 -0.140991902334
0.197225558121 -0.262617877743 -0.141020739023
0.197548742646 -0.26292502635 -0.140555680821
0.197491949589 -0.263288205324 -0.140837365785
0.197418905253 -0.263430472174 -0.140622217571
0.193189585727 -0.264208686519 -0.140615560224
0.193326497439 -0.264675132159 -0.140576875059
0.187687928217 -0.263966613489 -0.140293281559
0.188304007034 -0.266130601633 -0.140499759328
0.182811124342 -0.267617042154 -0.140098898386
0.178604934127 -0.267082015436 -0.139695744803
0.17752679766 -0.269994920019 -0.139699305241
0.177536283251 -0.27013344 -0.139559380759
0.174747136495 -0.269092846726 -0.140154913701
0.174906058096 -0.270002448997 -0.139757433873
0.174960989942 -0.271719886501 -0.140032479779
0.171290367705 -0.26994628552 -0.139826071184
0.166437772278 -0.270156848532 -0.140006655012
0.161828087604 -0.270407523599 -0.140152969202
0.16240630822 -0.270029126459 -0.139811497678
0.162668353553 -0.269646376245 -0.139728106254
0.156986707752 -0.270917175112 -0.139575278134
0.157339983467 -0.270334725466 -0.140288469581
0.157269183244 -0.270833409985 -0.140428851003
0.153016695534 -0.27314155991 -0.140077510487
0.153024326779 -0.273425563752 -0.140523810208
0.146032657044 -0.277210914255 -0.140204195897
0.145592761392 -0.27795899236 -0.140486949921
0.140460056532 -0.277578128039 -0.139797482122
0.139786930967 -0.279695852169 -0.140003162803
0.134984268872 -0.278881194149 -0.139679644654
0.133964649438 -0.282479396832 -0.139933389993
0.133912361585 -0.282618671012 -0.140214528496
0.130870196319 -0.281981971264 -0.140380731861
0.130793619838 -0.283033801114 -0.139722131354
0.130563626969 -0.284596562115 -0.13946849402
0.128409864407 -0.285130085534 -0.1389927341
0.128298117915 -0.285453021616 -0.139122373712
0.128378200831 -0.286016036281 -0.13950878492
0.124499120993 -0.284366675842 -0.139168970381
0.124513512707 -0.285075317114 -0.13977293656
0.124324400932 -0.286583293136 -0.139376674933
0.120253603288 -0.285297852724 -0.139067611552
0.119104471298 -0.287333999442 -0.139125080785
0.113785634116 -0.287329294523 -0.139256249143
0.11256283355 -0.290598853415 -0.139771145267
0.108099777171 -0.291417729301 -0.138615889414
0.106827877513 -0.294036452853 -0.139521033644
0.104311474405 -0.292232113588 -0.137730442869
0.100848979495 -0.297415544723 -0.139407498687
0.0994916532683 -0.298823490109 -0.139149659228
0.096500497975 -0.293571533911 -0.139682409133
0.0930581773344 -0.295170640361 -0.138681884923
0.0915790473554 -0.294677532844 -0.138787792676
0.0923610878795 -0.290790093028 -0.138747925225
0.0903400934394 -0.291428426752 -0.138329779811
0.0902863347397 -0.290270552713 -0.138715068153
0.0863698603181 -0.292866801577 -0.138387899058
0.0831488622191 -0.295014215371 -0.138832971402
0.0760400908511 -0.297983712364 -0.138543431954
0.0725954033146 -0.298230996429 -0.138571826975
0.065961337532 -0.302382111602 -0.139232466927
0.0644071711593 -0.302538137254 -0.139545163981
0.0628219230003 -0.304224742777 -0.138559540899
0.0591615102911 -0.306949429038 -0.139055462368
0.0587296297782 -0.307543479699 -0.139058995148
0.0519815947863 -0.313085048269 -0.140146738197
0.04541525834 -0.315332151786 -0.139961090064
0.0444354336463 -0.318499083549 -0.140187706096
0.0406870126156 -0.320003557667 -0.140300068215
0.0411767572519 -0.320624894135 -0.139817702817
0.0384832841829 -0.320353789141 -0.139997791252
0.0362143298255 -0.32097468251 -0.139234996527
0.0384740596862 -0.320754529811 -0.139082824357
0.0350326604789 -0.321980226133 -0.139237784981
0.0320336179343 -0.323302757809 -0.139692006601
0.0326562429687 -0.323597649591 -0.1390902084
0.0282516331122 -0.32642408806 -0.139170140303
0.0238764981738 -0.326857750692 -0.138907998286
0.0241941493677 -0.329543637907 -0.138295357524
0.0218396376676 -0.32976584871 -0.138958701899
0.022655515088 -0.331802642581 -0.138858009553
0.0240461236954 -0.332983200715 -0.138101518569
0.0221969364303 -0.331393358843 -0.13764222164
0.0227587091738 -0.331616250829 -0.138188100794
0.0215610440426 -0.331041160686 -0.137372399379
0.021860501887 -0.330702963499 -0.138170175909
0.0193573746772 -0.331053025378 -0.137124862826
0.0197660991226 -0.331639696546 -0.138254208026
0.0162551096692 -0.333952097358 -0.13804909888
0.0160536917088 -0.335940769112 -0.137386588207
0.0126256464739 -0.337754928179 -0.137589616695
0.0125224095921 -0.338203062905 -0.136625628385
0.0075291215016 -0.340770750668 -0.137605256948
0.00744169794921 -0.342172558106 -0.136817656254
0.00287353294949 -0.343731623248 -0.137393346248
0.00236698360921 -0.345284590623 -0.13655210315
-0.00414235829213 -0.350757888379 -0.135990568115
-0.00732877039736 -0.352914290548 -0.136737679879
-0.00686813001672 -0.353934460033 -0.137228180145
-0.0123606114165 -0.357117510089 -0.135872131553
-0.0105822603889 -0.356274695045 -0.136479739116
-0.00915288612476 -0.355619053685 -0.135817367053
-0.0113570049995 -0.355944761225 -0.135463671021
-0.00930333991821 -0.355861752562 -0.13605879957
-0.00827132985545 -0.355771456838 -0.136013976475
-0.00779645379788 -0.35620676161 -0.135167420647
-0.0173588181745 -0.357622368063 -0.135889851514
-0.0184490240203 -0.363012602223 -0.135335767348
-0.0212998112009 -0.366011212086 -0.135259208671
-0.0253328244082 -0.369073726886 -0.134244637728
-0.0243014810888 -0.370334832665 -0.134366570126
-0.0289614117048 -0.371961230413 -0.13477736529
-0.0289815262314 -0.372413397328 -0.135126096438
-0.0290855382297 -0.373243658069 -0.134632088997
-0.0282085310552 -0.37325079153 -0.133738670813
-0.0279250715983 -0.37432403062 -0.134663364252
-0.0307324626558 -0.373230902728 -0.134623899397
-0.0298247287994 -0.373870305587 -0.13417805659
-0.0319562433623 -0.375552145239 -0.134008825411
-0.0320118861061 -0.376217791859 -0.134318141083
-0.0362689635062 -0.38035446064 -0.133302125435
-0.0363262051321 -0.380514389153 -0.134719399268
-0.0407681514079 -0.384089470809 -0.133614353379
-0.0436274124449 -0.387441329196 -0.133413745415
-0.0434701109947 -0.387592198191 -0.134564244153
-0.0462959452342 -0.388338554357 -0.133831787563
-0.0449114420178 -0.389165231283 -0.133924594623
-0.044316291509 -0.388978755156 -0.13414310377
-0.045949078873 -0.389671615809 -0.134007395815
-0.0446832863849 -0.388766249144 -0.13310853553
-0.0485674199058 -0.392186550219 -0.133531808966
-0.0521272366743 -0.396377934627 -0.133397285877
-0.0522933785656 -0.397723976216 -0.132929344784
-0.0564463136056 -0.402243086026 -0.133979025756
-0.0560641111348 -0.403131472825 -0.133256538917
-0.0582417628823 -0.405358500385 -0.133138832954
-0.0577137324986 -0.404424774046 -0.133021915063
-0.057763615268 -0.40504290184 -0.132494982721
-0.0619707499335 -0.407962653566 -0.132063932248
-0.0615370458461 -0.408692857942 -0.1329420111
-0.065417268768 -0.412495828094 -0.132782696966
-0.0682136306121 -0.414402045546 -0.132794395031
-0.0677493388819 -0.416892495139 -0.132437781208
-0.0694748804584 -0.419427548641 -0.132728294387
-0.0686238133035 -0.419006811566 -0.132282387506
-0.0745049199344 -0.425583045407 -0.131985940701
-0.0746631059156 -0.427282943899 -0.132751261345
-0.0775348122814 -0.431157819775 -0.133107481615
-0.080416509017 -0.434737835178 -0.132737520789
-0.0800246557209 -0.436003119501 -0.132424717768
-0.0844793737379 -0.441834723055 -0.132840191387
-0.0838010957548 -0.44397059845 -0.132436810094
-0.0864089279113 -0.4467984841 -0.133040759228
-0.084996371168 -0.448519062318 -0.132615812949
-0.0888160596525 -0.451990166128 -0.132369603519
-0.0885163528701 -0.452595278564 -0.132343311909
-0.0912772647066 -0.454839926623 -0.132713372293
-0.092006678405 -0.455230452985 -0.131862084804
-0.091174451856 -0.455263812968 -0.132729811542
-0.089838893243 -0.45509189933 -0.132084056325
-0.0916074398631 -0.456917984812 -0.132187135174
-0.0956673990964 -0.462126133759 -0.132127400274
-0.0994275686513 -0.469013352618 -0.131656098903
-0.0992102616159 -0.469016289413 -0.131928384114
-0.101178398523 -0.474288815687 -0.132707318766
-0.100778740954 -0.473916760614 -0.132273627188
-0.10310185529 -0.476279816765 -0.132132727705
-0.102902156699 -0.475651881036 -0.132112181672
-0.104461186188 -0.47831195148 -0.132324531578
-0.106307034439 -0.482351982617 -0.132219772916
-0.105596824549 -0.481775270446 -0.132098339527
-0.105574459447 -0.481826489387 -0.132358094806
-0.1076755916 -0.484384510346 -0.131814057863
-0.110462141769 -0.488973499418 -0.132053010129
-0.110267261761 -0.490065561603 -0.131045518251
-0.112532333911 -0.494967197207 -0.132103097048
-0.114057532056 -0.498741444324 -0.131883799501
-0.113444815314 -0.499094249017 -0.130882730495
-0.114729517549 -0.501186549057 -0.13171466817
-0.115266000543 -0.501441880195 -0.131513466963
-0.116214015593 -0.504524142659 -0.130819190078
-0.116928960161 -0.505840425378 -0.131788916746
-0.116803503001 -0.505294017066 -0.13192028975
-0.11768367091 -0.508466138718 -0.131951858189
-0.117646188862 -0.508766813548 -0.132314520799
-0.118891032221 -0.514581127265 -0.131888369014
-0.120530407412 -0.519536024631 -0.132047470678
-0.123580649837 -0.526085677184 -0.131495104479
-0.125190033891 -0.531318629586 -0.13171569272
-0.124093267725 -0.529933136256 -0.131870684994
-0.124501354237 -0.531606451574 -0.131645454038
-0.124421367408 -0.533113473781 -0.131156783932
-0.126325896718 -0.538064723721 -0.130958287367
-0.127123969797 -0.540063358807 -0.132013854938
-0.126889700167 -0.540804808759 -0.132417511287
-0.126875546382 -0.538686773182 -0.131435630085
-0.126952341655 -0.54088797676 -0.131673913117
-0.127700602651 -0.544946851212 -0.13177813929
-0.127255931172 -0.544466422478 -0.132123893706
-0.127105883162 -0.544012419489 -0.131902683853
-0.128681942284 -0.549202830077 -0.131561880308
-0.128707995956 -0.549089231791 -0.13137681482
-0.130005207529 -0.553739606666 -0.130979658996
-0.129818559155 -0.55366647854 -0.130360906118
-0.131458825435 -0.56229118256 -0.130590950457
-0.130873328114 -0.563341912573 -0.130306272137
-0.133516381057 -0.570614453237 -0.129746117285
-0.132543372506 -0.569357251272 -0.13011980182
-0.136067390581 -0.578255415583 -0.130099779718
-0.135198784595 -0.576270786325 -0.131098876218
-0.133369966311 -0.574047309538 -0.130758951323
-0.135271180902 -0.578430108604 -0.130576691411
-0.136595087836 -0.581475480985 -0.130911686915
-0.132007678289 -0.575493559111 -0.130380518258
-0.133373470066 -0.585525238672 -0.13086547755
-0.13491884102 -0.595388659512 -0.130921280555
-0.138252494011 -0.607683337414 -0.131317870301
-0.139517937642 -0.620521604774 -0.131443565872
-0.137027649676 -0.619041344023 -0.131264056631
-0.137879663197 -0.623755826739 -0.131504115626
-0.138531095917 -0.631980414242 -0.134090725995
-0.137829655746 -0.633178055967 -0.137461178562
-0.137837818998 -0.633522272972 -0.139430906675
-0.134128449628 -0.627043582618 -0.141337430326
-0.132845736305 -0.623288243761 -0.141379422806
-0.138688095573 -0.621981948249 -0.140466103462
-0.14056154986 -0.622896191602 -0.140699599737
-0.141301929934 -0.626808181599 -0.140828579731
-0.142077119951 -0.629292780973 -0.141142052181
-0.140947402663 -0.630468823218 -0.141039994116
-0.140961019225 -0.630273081272 -0.141027284244
-0.141178672579 -0.630355646923 -0.141502427066
-0.140492779484 -0.631348273168 -0.141438957776
-0.139897771837 -0.632611953435 -0.141450316378
-0.140363792884 -0.632885290862 -0.142127470621
-0.137884623637 -0.632288672636 -0.141281905001
-0.137944881064 -0.631830990225 -0.141411300473
-0.136889705265 -0.632850551987 -0.141869098583
-0.136636017478 -0.63324342691 -0.140930424765
-0.137579162834 -0.63788126667 -0.141331445986
-0.137822919276 -0.641968162358 -0.141930036577
-0.137239419488 -0.64134335455 -0.141608769632
-0.137154714214 -0.641224275833 -0.141521028408
-0.136842683867 -0.637996594511 -0.142534188921
-0.137689450318 -0.638762358674 -0.142400263599
-0.136432227424 -0.633816218177 -0.142240936947
-0.136630334465 -0.634117652403 -0.142698855201
-0.135959825664 -0.632895255889 -0.141325682874
-0.137815640406 -0.633958381749 -0.142013071178
-0.137555271 -0.634205242306 -0.141337776259
-0.13714629583 -0.633364380462 -0.141779179843
-0.138804275978 -0.637643038553 -0.141829400791
-0.138315098686 -0.63674999534 -0.141585082691
-0.138608501644 -0.637824111242 -0.142317459169
-0.137457103595 -0.637875282801 -0.142703520336
-0.137359533179 -0.639056043983 -0.142698398347
-0.136518051892 -0.639132976082 -0.143063105342
-0.136300640476 -0.640306501249 -0.142378844875
-0.136226761772 -0.640838582739 -0.142315370767
-0.13558279888 -0.643988056562 -0.14264529719
-0.135452678011 -0.643702498925 -0.142000647089
-0.134699977698 -0.645389773537 -0.141858297668
-0.134393788473 -0.649530070769 -0.143031833272
-0.133009030196 -0.647341729443 -0.142871844996
-0.133106840416 -0.651857821395 -0.142316484517
-0.131953217657 -0.650297145829 -0.140949155768
-0.131645634355 -0.655572673926 -0.14150135226
-0.134878964604 -0.667266598414 -0.141699432163
-0.132652151967 -0.668148217099 -0.141861661721
-0.13415286756 -0.674703652619 -0.141455630857
-0.135082660694 -0.682038782672 -0.141097320055
-0.131971492448 -0.68026383457 -0.141109965397
-0.132034435241 -0.692140118615 -0.141500873534

