0.474542627554 -0.245749542388 -0.268488546579
0.473817228563 -0.246787306622 -0.26837151146
0.471464979254 -0.245720037764 -0.267292113029
0.46752238836 -0.24575207973 -0.268151843717
0.464777150584 -0.245870681181 -0.26690796365
0.461242528762 -0.246220649923 -0.267999815875
0.452805609012 -0.245120449592 -0.268757980449
0.440863895198 -0.245761940517 -0.268393913842
0.424060826608 -0.246853233307 -0.269584128362
0.404590685289 -0.245721436017 -0.270771770572
0.391885384113 -0.246821176404 -0.27120060942
0.380752787915 -0.247066747447 -0.271281631017
0.37083171147 -0.247242193367 -0.271913219376
0.363075303169 -0.248091342976 -0.272496097878
0.355752536351 -0.24773176143 -0.27233745416
0.349030508865 -0.248463704752 -0.272139968761
0.339854391924 -0.248801134413 -0.273282715402
0.332345069791 -0.249376044579 -0.273360888704
0.32071452919 -0.248670807959 -0.274206772534
0.312668228424 -0.248903103001 -0.274780158232
0.298723019116 -0.250497724737 -0.274967144359
0.292904075911 -0.249517905936 -0.275310333394
0.281591617466 -0.251146014535 -0.275420663586
0.273581749973 -0.252841132119 -0.275626683729
0.263804388563 -0.254544276836 -0.275896848029
0.261388882512 -0.254939818103 -0.276328759493
0.261741848672 -0.254993506315 -0.275848289613
0.26383661312 -0.252718915488 -0.275376775245
0.261190290808 -0.251287815 -0.275599260676
0.245173132671 -0.253615679137 -0.275910821748
0.236150351386 -0.254264942548 -0.276494422393
0.227096535408 -0.25192014528 -0.276849632343
0.210886925181 -0.253030877895 -0.277051091493
0.200304346311 -0.253816858311 -0.277476016283
0.188344777654 -0.253776243226 -0.277939826548
0.177697386332 -0.256835552338 -0.277582633102
0.173244364695 -0.255586041684 -0.277430906285
0.168307206518 -0.256869598523 -0.277300481567
0.163730075875 -0.257512404674 -0.276702202034
0.157929978976 -0.256877589009 -0.27576093786
0.153655232441 -0.255954482389 -0.275946294634
0.14925673231 -0.25789543049 -0.27578540571
0.143261671806 -0.25872679553 -0.276521155777
0.139172101644 -0.259459852122 -0.276699343837
0.132938347249 -0.260025588465 -0.276408095962
0.125620425085 -0.262247983293 -0.276565584898
0.114084050163 -0.262029792122 -0.276350126923
0.113550463744 -0.263780925751 -0.276431778278
0.110749325029 -0.264856811114 -0.275842963076
0.106932841908 -0.264036150126 -0.276210320468
0.0963637614111 -0.263567180328 -0.275526968724
0.0933332433213 -0.264824086232 -0.275806494213
0.0897157068215 -0.265872342198 -0.276083398057
0.0870077964703 -0.263082629402 -0.27647237882
0.0834460544735 -0.263663388242 -0.275577508355
0.0803940945764 -0.263540349215 -0.276115703312
0.0758004050453 -0.262685759881 -0.27569359912
0.0703034485548 -0.262447339492 -0.276094637091
0.0648039669898 -0.26201693608 -0.276322034384
0.0615667576969 -0.263205533038 -0.276009630988
0.0570645199359 -0.262932800627 -0.275226371406
0.048198712817 -0.262141007228 -0.275190772088
0.0486674993161 -0.262992162451 -0.274901705035
0.0418808508369 -0.262153424258 -0.274206210985
0.0421781727192 -0.263075035552 -0.274567756158
0.0338257722572 -0.261433445879 -0.27451623557
0.0326455858292 -0.261878199776 -0.273764388298
0.0326510327116 -0.261500282961 -0.274172960343
0.0336342165864 -0.262443116846 -0.273680911071
0.0333570451277 -0.261727593876 -0.273675885343
0.0335175766634 -0.260681108126 -0.273447919198
0.0355740912803 -0.258960962671 -0.273777792796
0.033717122572 -0.25896218771 -0.273255893351
0.0329608035529 -0.259792954452 -0.27194559541
0.0339399485224 -0.258492884719 -0.272756390661
0.0330001555657 -0.257331622749 -0.27202207447
0.0295114738368 -0.258112656807 -0.270669065391

