0.333934030136 -0.342084207194 -0.266795372413
0.332560619365 -0.342451214785 -0.266875152801
0.330291954404 -0.341834202199 -0.26640662172
0.32707920414 -0.342090662175 -0.266819582894
0.319557976548 -0.342622524285 -0.267311125484
0.308295766666 -0.341937456275 -0.268575678676
0.29402640516 -0.34124866978 -0.268245118642
0.280194304514 -0.340284196099 -0.269925796465
0.268463697102 -0.338773808504 -0.27068225577
0.258592792371 -0.340968142193 -0.270338478924
0.248304927954 -0.34104991952 -0.271048856434
0.242353291023 -0.34150571528 -0.271030285813
0.235997896278 -0.343340984325 -0.270333794058
0.232465909411 -0.34469421093 -0.270314287893
0.227286398839 -0.345044525743 -0.270652542897
0.222635708239 -0.345147944913 -0.270794555686
0.217669624083 -0.346256606315 -0.270716484136
0.210057562207 -0.346031658872 -0.270458261235
0.206815776599 -0.345695016072 -0.270140331473
0.201463324325 -0.345472272322 -0.270529097202
0.196490470689 -0.345817028487 -0.270145873596
0.192843484213 -0.345829046151 -0.270757036216
0.188104349333 -0.34516007052 -0.269980381096
0.183479365337 -0.343859481651 -0.270581820184
0.177478214716 -0.343765337302 -0.270962550963
0.167999224432 -0.344655205699 -0.270446957472
0.167934600514 -0.343888766019 -0.270636814549
0.157409425377 -0.345113183003 -0.271225304726
0.157193665096 -0.344405428227 -0.271112381757
0.146003198809 -0.345240134606 -0.271561166453
0.140500869005 -0.34534542368 -0.270037085014
0.139409313303 -0.345816954148 -0.269937900197
0.135715512781 -0.346566479445 -0.270027323889
0.132495488563 -0.345954968519 -0.269940153065
0.129909835754 -0.345670696525 -0.269276459259
0.129488396431 -0.346363413254 -0.267959253774
0.12714828571 -0.344703882021 -0.268490921625
0.128651360205 -0.345034335026 -0.267621991878
0.121484359619 -0.344358828411 -0.26713286422
0.125648584764 -0.344379501038 -0.267164514537
0.121707906863 -0.343597690531 -0.266289377876
0.122712354939 -0.343916721745 -0.266316213243
0.120499966032 -0.344567367745 -0.266185198494
0.116742084438 -0.344043514785 -0.266059585881
0.104992634256 -0.343718688281 -0.267039957649
0.10069056057 -0.34357761205 -0.267807486224
0.0915672986445 -0.340932963292 -0.268222208506
0.0784886953897 -0.343283762882 -0.269329612844
0.0622901976304 -0.342275961673 -0.269870972657
0.0556710760475 -0.343247634428 -0.269850722552
0.055272005142 -0.342930288363 -0.269053185115
0.0431381714636 -0.343123363797 -0.268441499698
0.0371477873364 -0.344732914273 -0.269183983839
0.0351781215729 -0.344411460335 -0.269098589871
0.031752023692 -0.343989015995 -0.268398713792
0.0277839644442 -0.342958421839 -0.268876632441
0.0222503930437 -0.344952550318 -0.268772765038
0.019069486902 -0.34268598538 -0.268888726237
0.00707993935357 -0.344765770101 -0.269219470393
0.00632321180871 -0.343043350415 -0.269213533354
0.00097395387092 -0.344382562706 -0.269756143824
-0.00366881508075 -0.344300626001 -0.269545065367
-0.00991927082172 -0.343447844177 -0.269991819108
-0.014861269506 -0.343903497059 -0.270144949972
-0.0242472675081 -0.344064787413 -0.269581554074
-0.0309280653536 -0.34605869006 -0.269756858426
-0.0350985202416 -0.345667943224 -0.269496710742
-0.0411300295184 -0.346087952354 -0.269136143261
-0.047060563492 -0.34660725216 -0.269180101403
-0.0515175521409 -0.346734948312 -0.269141302124
-0.0592787112267 -0.346863040283 -0.268869360233
-0.066087037641 -0.34741484903 -0.26919404812
-0.0721037848186 -0.346848707605 -0.268684340814
-0.0756813255057 -0.346648861063 -0.268883213168
-0.0804976240895 -0.346717647136 -0.268153154361
-0.0893889702549 -0.346684669483 -0.268606338739
-0.0913160590035 -0.345362486291 -0.2685120258
-0.0941082175919 -0.344798483101 -0.268932877803
-0.0988078920033 -0.34473504678 -0.269346080976
-0.102786520358 -0.344071488451 -0.269138935029
-0.10262651911 -0.345443087463 -0.268976614452
-0.104308512281 -0.347200222719 -0.268469044644
-0.104715796102 -0.347206326548 -0.267792256012
-0.106367049202 -0.34667066947 -0.267285004753
-0.106128525058 -0.347811452345 -0.265850769079
-0.106269383425 -0.348143654681 -0.266156142751
-0.106033666461 -0.34740072042 -0.265774276941
-0.111126044686 -0.347584736071 -0.26517961033

