0.414295844051 -0.348479708981 -0.267360104567
0.412821638227 -0.348838588985 -0.266087859696
0.409914855256 -0.348635208403 -0.267461475995
0.406620671618 -0.347837880433 -0.26697113611
0.403466516321 -0.34784123732 -0.265667908759
0.399768958901 -0.348118719851 -0.26593874525
0.391577058614 -0.347017767208 -0.267165760079
0.379971160569 -0.347198356873 -0.266509533146
0.362059503475 -0.346027379255 -0.269129685268
0.344779199332 -0.34511284196 -0.269108022776
0.331894007425 -0.344386290025 -0.270360036879
0.31989439092 -0.343295374965 -0.271996930519
0.310537299587 -0.343261475178 -0.271538181918
0.301870644206 -0.343359694531 -0.271680145411
0.295448547379 -0.342285067473 -0.271677198891
0.287047665778 -0.342026589941 -0.272643881114
0.280425912247 -0.341607209322 -0.272671410971
0.272124173056 -0.340973122483 -0.272726721849
0.264439249363 -0.340343343623 -0.273188340397
0.257919789225 -0.340024244582 -0.273521263355
0.249319434468 -0.338667801245 -0.273575060363
0.237338123342 -0.338527926225 -0.273880823537
0.2367784602 -0.338318812227 -0.273588010209
0.229190377861 -0.336373644751 -0.27199726257
0.22632174649 -0.336324838865 -0.272362424804
0.221847922557 -0.335589582531 -0.272036073154
0.2172390265 -0.336077447386 -0.271704937268
0.211792959159 -0.334782694394 -0.272995375773
0.207810211206 -0.335778664112 -0.272454586677
0.206322084732 -0.334857877334 -0.271935849008
0.206323240751 -0.335653644597 -0.271533538994
0.204047772598 -0.335025666704 -0.271799658796
0.202358746736 -0.335299846148 -0.271278382024
0.20085356316 -0.336457798224 -0.270591044852
0.200149564972 -0.336158266251 -0.270164785368
0.201789394331 -0.335350250343 -0.270613674366
0.19807129961 -0.335738463409 -0.269635685102
0.19627120899 -0.335843555842 -0.26914250292
0.194426581289 -0.335806816171 -0.270306031704
0.192422971387 -0.337242800678 -0.270039867043
0.184547979384 -0.336119951894 -0.27109883339
0.177389249929 -0.337822536296 -0.271228977085
0.165753632022 -0.33612973579 -0.271212701231
0.162354190609 -0.336645055386 -0.272120051023
0.150851829781 -0.334812263372 -0.27299704273
0.140156786556 -0.334880509218 -0.273046004194
0.124977263594 -0.335940245239 -0.273958473816
0.121154008366 -0.334281433967 -0.273431721463
0.115707502864 -0.334877334946 -0.272679737021
0.110247817932 -0.334376212271 -0.273394038227
0.105701372942 -0.336066869331 -0.27299327537
0.103376386509 -0.335053670821 -0.273453852948
0.0997865433902 -0.334288169936 -0.273398097959
0.093294667152 -0.334532450154 -0.274321832605
0.0875700311235 -0.334903244452 -0.27398284293
0.0836692465829 -0.333951932544 -0.27381122575
0.0786110855074 -0.333726866996 -0.273378791277
0.074057880183 -0.334111331245 -0.272806599411
0.0643165682033 -0.333837585652 -0.272751119284
0.0571950229386 -0.333461797289 -0.273320981927
0.0513005612837 -0.333288089585 -0.273539855304
0.0466163250062 -0.33468319691 -0.272783515001
0.0463199508277 -0.333765515755 -0.2724860973
0.0465505771135 -0.335918895159 -0.271899645226
0.0416644083336 -0.335420767535 -0.272347373518
0.0364888211084 -0.332918020379 -0.27275325944
0.0316442718886 -0.33244080469 -0.272375247556
0.0229155033102 -0.332898590756 -0.271654293456
0.0181387434487 -0.331778427804 -0.272537384079
0.0130136422704 -0.33139103916 -0.272976745415
0.010012734507 -0.332701808295 -0.272809412356
0.00663458597012 -0.331451961064 -0.272563624802
0.00170703873876 -0.33195123719 -0.272392101631
-0.0047156975432 -0.331771043605 -0.273079695077
-0.0104305984977 -0.331812440347 -0.272456572617
-0.0140121595567 -0.3320454063 -0.272817837732
-0.0183576850248 -0.330905826742 -0.272177081814
-0.0230535415652 -0.331218924901 -0.272326050455
-0.0287258778494 -0.331039508375 -0.272116081589
-0.0297306109735 -0.33184372033 -0.271735642321
-0.0334911193867 -0.330538569653 -0.270947861643
-0.0306830441415 -0.331820215673 -0.271957094858
-0.0324520114754 -0.330781481614 -0.270107985593
-0.0338009967378 -0.329273302203 -0.270073851018
-0.0342732276963 -0.330208574583 -0.26950135239
-0.0350665656126 -0.328844990979 -0.269504128536
-0.0338214565037 -0.328345400969 -0.269397241521
-0.033767464935 -0.328713211593 -0.268558264561
-0.0336223452099 -0.328738906431 -0.268900584346
-0.0399160722427 -0.329765744754 -0.268455230497

