0.413989680355 -0.373404908576 -0.25163976852
0.413774702413 -0.373696310983 -0.251141799208
0.409794221399 -0.372452252474 -0.250666108839
0.406326481659 -0.373285383505 -0.25111419525
0.404580394764 -0.372282303232 -0.24993154537
0.401199815466 -0.372114938941 -0.250634773576
0.395080699016 -0.371703434101 -0.250570737003
0.383109195962 -0.371454355811 -0.251205398185
0.364396214342 -0.37235612938 -0.253104438874
0.346800589441 -0.372178579271 -0.253260372061
0.331213535101 -0.36958256909 -0.255596569546
0.320894083836 -0.366707213009 -0.255242661919
0.309394879229 -0.358786812682 -0.256869676468
0.302071866212 -0.355723832249 -0.257041372644
0.289274111718 -0.362128637676 -0.258368215072
0.276326425461 -0.37234526016 -0.258497710258
0.268295171652 -0.372708420619 -0.258535537859
0.262695873406 -0.373100268607 -0.258752435192
0.259802126906 -0.371557659193 -0.25789128515
0.255726771907 -0.37234823048 -0.259093792631
0.247846854972 -0.372518158869 -0.259020073068
0.240391756413 -0.371835233609 -0.259768551654
0.234574361579 -0.371588962852 -0.259376476535
0.229984731394 -0.370875964173 -0.259665836877
0.224389136769 -0.372070855045 -0.259644429498
0.220742512256 -0.37142414593 -0.258490959433
0.217547370972 -0.370432161343 -0.259238198393
0.216726683742 -0.367315446303 -0.258951200416
0.206193884368 -0.368312946975 -0.258627412669
0.206292128425 -0.365109994135 -0.258609721239
0.205181468033 -0.366401802286 -0.257863267259
0.201166755218 -0.367674384073 -0.257770465625
0.200490202745 -0.367839856356 -0.25772630565
0.199173063322 -0.368018682371 -0.257191635736
0.198173078895 -0.368753897698 -0.257240863003
0.198565717625 -0.368735346639 -0.256633714813
0.195902165727 -0.368701617471 -0.257037425451
0.192545377793 -0.367422864858 -0.255732619202
0.186230603974 -0.369603326823 -0.256158465461
0.174352744487 -0.370568920008 -0.256667366605
0.17297390586 -0.367098639893 -0.256887158953
0.16160264259 -0.369724826575 -0.25738126312
0.153251867845 -0.368080034633 -0.257469148265
0.145356575034 -0.366827619813 -0.258158115378
0.136852003526 -0.364921944348 -0.257917413611
0.131433189777 -0.362708995058 -0.257925553032
0.128110637118 -0.361619406412 -0.257288305845
0.125271392707 -0.359458024115 -0.257144170894
0.121065637679 -0.359523887902 -0.257090803251
0.116751545989 -0.359393511753 -0.256951229887
0.114287082255 -0.359821798403 -0.256486104095
0.104410190898 -0.359299446711 -0.256365728533
0.102971655194 -0.358812180348 -0.257429018148
0.0927184799057 -0.358076887922 -0.257159178579
0.0862986941237 -0.358456493566 -0.257903336927
0.0805350803338 -0.358307292271 -0.258414325792
0.073563624987 -0.358688562844 -0.257955564087
0.0682683919594 -0.35776008586 -0.258321293201
0.06493302069 -0.353423348769 -0.25778672679
0.063140010796 -0.352792825894 -0.257593668099
0.0579548370577 -0.353524498314 -0.258441656742
0.052805659861 -0.351994183437 -0.257707820465
0.0479804476971 -0.35034238874 -0.258132080506
0.0413761457465 -0.349217485485 -0.257898519416
0.0382181828538 -0.346033802399 -0.257524684733
0.0352610140541 -0.344418819777 -0.256789158722
0.0324657807522 -0.34284108598 -0.256969099718
0.0274695512281 -0.343795922357 -0.256992086822
0.0230196170527 -0.342554943934 -0.257725558105
0.0183577195523 -0.342563621791 -0.257537537539
0.0142985678545 -0.343578804362 -0.257664430813
0.00882646342305 -0.342998125394 -0.258041772548
0.00456803250751 -0.341048147258 -0.258012464956
-0.00335043633804 -0.341929165298 -0.257463907175
-0.00386560781708 -0.341962673063 -0.257366837196
-0.00678577923683 -0.341520970965 -0.256991757509
-0.0134472937105 -0.339513212931 -0.256711259584
-0.0155332596903 -0.338556943985 -0.256969234166
-0.0180879004798 -0.338649490945 -0.257173196026
-0.0223312780866 -0.338966201606 -0.257094989331
-0.0238836872244 -0.339922892529 -0.256895156119
-0.0276924618298 -0.341847883472 -0.256874333948
-0.0286394561109 -0.344379746311 -0.258465563445
-0.0290174905438 -0.334090941499 -0.257462599276
-0.0309070281923 -0.322199954275 -0.257937610445
-0.029157299292 -0.307942957234 -0.257457566188
-0.0282571535753 -0.301121037064 -0.257407374089
-0.0328125203135 -0.31362489639 -0.25684147252
-0.034677562541 -0.310823511907 -0.257110667321
-0.029850240831 -0.295055810153 -0.256950123176
-0.0320154508428 -0.294736824929 -0.255660413177
-0.0323939953522 -0.295042080637 -0.256642099712
-0.0334231253856 -0.295717968075 -0.256087226472
-0.0330671489353 -0.295488544014 -0.256501376919
-0.0336955555133 -0.295157161418 -0.256273891603
-0.034496530514 -0.29371826915 -0.25597410964
-0.0332112109916 -0.294331504187 -0.256218425403
-0.0330443240044 -0.294717009491 -0.256265178023
-0.0347365207328 -0.293899673217 -0.255188572094
-0.0347082103236 -0.293557909006 -0.254846085222
-0.0347658787407 -0.293899535914 -0.254852928431
-0.0329765889954 -0.292866620471 -0.254820927341
-0.0342903088699 -0.294670926547 -0.254641395052
-0.035365069986 -0.295214283847 -0.253785054851
-0.034996771038 -0.293582937268 -0.253619708025
-0.0340914195484 -0.293716190159 -0.253764699005
-0.0345009238159 -0.293862579302 -0.253736229355
-0.0362053493557 -0.294988556553 -0.253355512086

