0.445849758164 -0.421142265641 -0.262130678151
0.444476735834 -0.420593126884 -0.262229247221
0.441962844566 -0.419941258753 -0.261725222845
0.438217442454 -0.420275102098 -0.261453427501
0.436956767025 -0.419678624282 -0.261362879527
0.435043122567 -0.41810864668 -0.259758113631
0.433016383895 -0.418688304217 -0.259494124176
0.42788259759 -0.417990803793 -0.260555257423
0.415677861486 -0.417796748532 -0.262437979354
0.397002088307 -0.41816881756 -0.263061241655
0.383564428296 -0.415350796514 -0.263729496426
0.373259049996 -0.412087412331 -0.264909936444
0.371342076664 -0.406702248254 -0.26513390319
0.369655004979 -0.404001805179 -0.26459833628
0.36469221239 -0.409045837559 -0.264529449759
0.361518561812 -0.409845087328 -0.264939932439
0.357262658099 -0.410420365177 -0.264170412456
0.357260689026 -0.407742904971 -0.263980794359
0.343737681345 -0.418259771657 -0.264097923673
0.337367502205 -0.419249671836 -0.263983889882
0.333402708046 -0.421257714664 -0.265272931085
0.325362197405 -0.42193277923 -0.264418487892
0.320906651182 -0.415600042115 -0.26443769352
0.31630005863 -0.411342610046 -0.266236975972
0.311558639018 -0.409990177007 -0.266587354364
0.307120417519 -0.402123616057 -0.266388272105
0.305081979752 -0.40065423165 -0.267343811911
0.302909613723 -0.400785985799 -0.26719053861
0.301242587533 -0.402684513587 -0.267061081216
0.296276195277 -0.407949284177 -0.265999881519
0.296336493825 -0.401982274043 -0.266601482723
0.292453273601 -0.40499192845 -0.267555624698
0.281302792627 -0.403569615579 -0.268725535862
0.266945829436 -0.417348636551 -0.268965007843
0.258245389209 -0.416115232416 -0.268328422501
0.245160671068 -0.41657904528 -0.268890627715
0.240251379581 -0.417350448305 -0.269167359153
0.23489979166 -0.417008751151 -0.268746833163
0.228768799949 -0.414659488436 -0.26829492827
0.226575993622 -0.414908340719 -0.268070498136
0.225500308534 -0.414416164344 -0.268409425087
0.224864973445 -0.415365071543 -0.267578917649
0.225430361417 -0.41469692458 -0.266981891715
0.225316315726 -0.414948599418 -0.267841902758
0.221302594671 -0.412994618158 -0.269147447239
0.215815329998 -0.414829803614 -0.269264847611
0.203423277385 -0.413889071085 -0.269841274506
0.181450159825 -0.4097358385 -0.271331819765
0.171482491158 -0.411182844192 -0.271282294289
0.16423873404 -0.41049371973 -0.271259005789
0.15442365675 -0.411803641363 -0.2721570405
0.143469911192 -0.413074411023 -0.271497081318
0.143102058658 -0.410298868274 -0.272060766151
0.136657947453 -0.413433885083 -0.271140651227
0.127347217269 -0.413631127347 -0.271773077629
0.118977472722 -0.414666316402 -0.271635197392
0.110394165368 -0.415638695766 -0.271495421522
0.110446316385 -0.41456761732 -0.271473443643
0.102739416706 -0.416324786071 -0.271201407674
0.0941665565117 -0.418749361048 -0.270690485478
0.0894488688061 -0.417709010096 -0.271308010043
0.0902208648114 -0.418503158297 -0.270493592979
0.0844395695543 -0.418184319303 -0.270470320821
0.0784629020688 -0.418507374798 -0.27028323767
0.0726433161278 -0.418162194456 -0.270325676581
0.073565939734 -0.416506968758 -0.269762825297
0.0668548372036 -0.417744183931 -0.270101345368
0.0583271285945 -0.418749197361 -0.270798767417
0.0521977523932 -0.417786802832 -0.270443135863
0.0463451896073 -0.420072993868 -0.270294298101
0.0401740993671 -0.418334127927 -0.270640031129
0.0404332369828 -0.41810464358 -0.270414577361
0.0350296741896 -0.415964338356 -0.270208921457
0.0274633553852 -0.416777398309 -0.270291486939
0.0275919478469 -0.415147958143 -0.270665833132
0.0228520860432 -0.415655402247 -0.270145938959
0.015248211725 -0.416992130377 -0.270084327046
0.00868939436437 -0.416726092267 -0.270562306749
0.00417572135895 -0.416781919663 -0.269942160126
0.00577489014616 -0.416872166721 -0.269722013104
0.000631144652217 -0.416872709618 -0.2697692833
-0.00227560275082 -0.416571307812 -0.268629346297
-0.00306324199637 -0.415901167109 -0.268482635021
-0.000147470931909 -0.416858706243 -0.26837377631
-0.00212492592976 -0.416433522432 -0.26766567481
-0.0045112794324 -0.416255832809 -0.267694211637
-0.00572111414588 -0.414705214823 -0.266827152857
-0.00623353357183 -0.415326297006 -0.266474053204
-0.00286126978972 -0.416082032536 -0.266925202903
-0.00316967153799 -0.414839066823 -0.26609510148
-0.00558629547634 -0.413458769037 -0.266168463478
-0.00102662643361 -0.413341071945 -0.266620804678
-0.00301732529887 -0.412421771391 -0.266252221166
-0.00315782091025 -0.412607927434 -0.266209331189

