0.453491449248 -0.30159787732 -0.27505917099
0.452267774768 -0.301130131777 -0.274910483261
0.449521743867 -0.301249844852 -0.274260929425
0.447031092243 -0.301971400771 -0.274106545955
0.444662551519 -0.30135753192 -0.273350148971
0.441963621898 -0.30162737959 -0.273725868579
0.440298218059 -0.300547430496 -0.273744311129
0.436262305725 -0.300567842812 -0.27343746953
0.418069642715 -0.299466565095 -0.275037671704
0.398240075269 -0.29917910749 -0.275795256882
0.375383078207 -0.298174596161 -0.276530989342
0.357636618936 -0.297681409918 -0.278251059775
0.343877841788 -0.297771211643 -0.278107306556
0.333256429661 -0.297735659971 -0.27912281571
0.326368802945 -0.297670105081 -0.278939982352
0.320935842204 -0.297366885457 -0.27937391007
0.316568101728 -0.297996966814 -0.279030969674
0.3098171435 -0.296771760517 -0.279822376316
0.302790078871 -0.297013354201 -0.279569540335
0.291620241985 -0.297077136156 -0.280232612443
0.287421254036 -0.296566857094 -0.280469494392
0.269509205158 -0.297082455789 -0.28077078355
0.257650294042 -0.296324579692 -0.281228531482
0.251592761505 -0.295359618948 -0.281834760127
0.243120284909 -0.294762702906 -0.281033191464
0.24312834038 -0.293689946263 -0.281369321935
0.243300608688 -0.29361170002 -0.280982943985
0.240603762896 -0.29384076776 -0.281079190149
0.244203325498 -0.29290436785 -0.280959197863
0.240767688971 -0.294177701302 -0.280795560547
0.23551817996 -0.295565650484 -0.281446054125
0.226880624115 -0.294841816441 -0.28129727458
0.225442707566 -0.296329491058 -0.281071479352
0.220154583953 -0.297462446278 -0.280090270242
0.212883489748 -0.294047969167 -0.281288014397
0.20144670772 -0.29528057836 -0.281621934587
0.197072745481 -0.295148230626 -0.281823823406
0.185095880335 -0.294823283286 -0.282565925177
0.176377347336 -0.29466786687 -0.28263115474
0.169840212855 -0.292049624541 -0.28255729559
0.171249128367 -0.292831649203 -0.281786475298
0.162414971767 -0.294939399845 -0.281210866777
0.155664114308 -0.294460372147 -0.281830124999
0.149876104045 -0.293054467477 -0.281701221718
0.150517897503 -0.2944427678 -0.281265911959
0.143604382929 -0.292558541094 -0.280773079268
0.135065421883 -0.293848656504 -0.281113982062
0.133346784332 -0.29350404126 -0.281388922119
0.126531439022 -0.292822500478 -0.281606673855
0.119452540303 -0.293104699051 -0.281723080979
0.112715646886 -0.292296090811 -0.281466692937
0.105381193357 -0.293313691364 -0.281532104913
0.106725261067 -0.292645896739 -0.281547338375
0.0999205723608 -0.293035771756 -0.28129189377
0.0839544624754 -0.292530110577 -0.280867161747
0.0836535785089 -0.293829807807 -0.28063277561
0.0774685518312 -0.291955492956 -0.281211152003
0.0777095614517 -0.293693742773 -0.280890376559
0.0720984066531 -0.292117849154 -0.281115518942
0.0731206910329 -0.292158742702 -0.280923911106
0.064617819777 -0.291410901845 -0.280728181912
0.0585409679686 -0.290048868611 -0.280464557367
0.0514664087212 -0.290104042192 -0.280406198191
0.0518962637324 -0.29010277473 -0.28003833917
0.0445415756811 -0.290000249173 -0.280233278973
0.03810176887 -0.290453469543 -0.279781805261
0.0331706495394 -0.290066605596 -0.279960640197
0.0287169087667 -0.290111930687 -0.279732260517
0.030134076449 -0.290690495464 -0.279014901453
0.0243350832899 -0.2897497145 -0.27950147428
0.017651168659 -0.28988723465 -0.279763816448
0.0179142789502 -0.289472175484 -0.27932385044
0.0147804321612 -0.289934268209 -0.2796590776
0.0135507881336 -0.29029918476 -0.278629107344
0.0117934782555 -0.290631504868 -0.278636912629
0.0147991220375 -0.290148454142 -0.278550502061
0.0110069472864 -0.289232972712 -0.277514994596
0.010870652589 -0.290749128924 -0.277931364909
0.0126664543385 -0.291265423339 -0.27800209603
0.0114169364187 -0.28907942915 -0.277456215879
0.00799058885704 -0.289879268802 -0.276793475069
0.0072288418268 -0.289271272828 -0.276883134003

