0.416036120481 -0.199727168073 -0.252866387167
0.415711915429 -0.200172118886 -0.252164298023
0.413633310272 -0.200243012824 -0.252028372224
0.409894485026 -0.199670982135 -0.251336200508
0.408153892218 -0.200313087677 -0.251091142663
0.406920652031 -0.20120478178 -0.251070853901
0.404830846949 -0.201301113825 -0.2517294374
0.402607013458 -0.200955397888 -0.251404906196
0.399280548487 -0.201186436516 -0.251089897549
0.385643308403 -0.200131616166 -0.251754167266
0.361617890459 -0.198653874788 -0.254926556671
0.343064556722 -0.197672218834 -0.255055170488
0.322420678307 -0.196378029717 -0.255957184215
0.307577361597 -0.195595143855 -0.25666116218
0.299060812462 -0.197012032873 -0.256939162612
0.297551594732 -0.195670679936 -0.256318334821
0.300792397297 -0.198034294755 -0.255967437985
0.297737377707 -0.196202462614 -0.255737380556
0.297399072903 -0.194722970216 -0.25561561567
0.293973200652 -0.193691894522 -0.255542081797
0.295356980134 -0.192227695278 -0.255645068226
0.287007133495 -0.192685846965 -0.255508519453
0.278680159228 -0.193828307403 -0.255370824866
0.269564576423 -0.195494886647 -0.255383714168
0.262678722738 -0.196925936634 -0.254978524478
0.262808768729 -0.196982086904 -0.255362311506
0.258431353041 -0.194775242501 -0.255312974456
0.251584830101 -0.196575540389 -0.256104415741
0.247434339575 -0.199201384835 -0.255455874707
0.243024468669 -0.200147684538 -0.254823945193
0.244037006625 -0.205026267412 -0.254813466663
0.241736284236 -0.20256835425 -0.254352799752
0.238295286628 -0.197982231649 -0.253872228114
0.2336244775 -0.194115966752 -0.253790932132
0.230874997744 -0.196802262416 -0.254044683687
0.218748285381 -0.19892983242 -0.254070688195
0.209251545522 -0.196781856411 -0.255083886337
0.202828044473 -0.193374571419 -0.254437615369
0.204740615011 -0.196097183113 -0.254299251929
0.201781127866 -0.198654669731 -0.252848526869
0.196918951391 -0.197388271065 -0.253391992077
0.190471510569 -0.197280734784 -0.253481098529
0.176800278929 -0.195231120049 -0.253486247319
0.169063905563 -0.193469175161 -0.254619451334
0.150083177672 -0.196692817092 -0.256296367372
0.131873684207 -0.194391128737 -0.256664105838
0.11263996931 -0.199107717633 -0.256852945778
0.102517936388 -0.202844542798 -0.257703048263
0.0943306770643 -0.206209373906 -0.256572230183
0.0944611595408 -0.197397490227 -0.255803342911
0.0956543504657 -0.190959156212 -0.255409082502
0.0906790272482 -0.185929497887 -0.255295570064
0.0794834634212 -0.190548618551 -0.255769506465
0.0755071535781 -0.19114722657 -0.255485384147
0.0733213535037 -0.185928475146 -0.254301129795
0.0755620521686 -0.186071377165 -0.25557614243
0.0778831516283 -0.187165765355 -0.25578460111
0.0753709678287 -0.185346040606 -0.255248305539
0.0712378649504 -0.184502261525 -0.255266571809
0.0664593728503 -0.18219946404 -0.254889453722
0.0658331923594 -0.185303044181 -0.255086128221
0.0628991145468 -0.183556831073 -0.254583969422
0.064678320176 -0.182226646097 -0.253982955202
0.0610192149004 -0.180176908956 -0.254081129588
0.056973307447 -0.179036602847 -0.254931707903
0.0581648242048 -0.178614195816 -0.254618481911
0.0539585894361 -0.177830456938 -0.254064721925
0.0475384205867 -0.178191204502 -0.253942793251
0.0409290338295 -0.178182283046 -0.254279003909
0.0416560362744 -0.178334487236 -0.253246530684
0.0387549309967 -0.177895499097 -0.253012453105
0.0331888140477 -0.177227872165 -0.253179603242
0.0278437056519 -0.177852657162 -0.252541335095
0.0234750567282 -0.178888976339 -0.252693483036
0.0234862911685 -0.17797440709 -0.252616108252
0.0178976088488 -0.17729994183 -0.253550287274
0.0109584023723 -0.176753028234 -0.252889199805
0.00488275315394 -0.176380061316 -0.253000237447
-0.0005826965517 -0.17623131052 -0.253824643839
-0.00424083796216 -0.176400224031 -0.253259902521
-0.0022801188798 -0.175794222546 -0.253436899532
-0.00777227615971 -0.174648126145 -0.253356850727
-0.00741360897276 -0.173238540368 -0.252962539772
-0.0136887547006 -0.173689960487 -0.253316618135
-0.0180418783997 -0.174172393688 -0.253154341683
-0.0209103280419 -0.174539719516 -0.252650584158
-0.0245186592101 -0.175948043602 -0.252628443672
-0.0208286388251 -0.175891900796 -0.252133565875
-0.0236469048654 -0.17633119948 -0.251545319894
-0.0234169575396 -0.175391165984 -0.25165284318
-0.0260125196882 -0.176134709917 -0.251710634391
-0.0234663611932 -0.17664675364 -0.250979533064
-0.0252299802993 -0.175852422386 -0.250578438069
-0.0275097785041 -0.174695222751 -0.25075420574
-0.0278242969702 -0.174285138906 -0.250764216011
-0.0280941543977 -0.174975018816 -0.250880364221
-0.0299506408348 -0.175780267313 -0.251142393711
-0.0268698732248 -0.175162050084 -0.249739754704

