0.347679463047 -0.328337713198 -0.271338653164
0.346356955761 -0.329269011754 -0.27133925811
0.343195644631 -0.329201672192 -0.270890659345
0.34074988205 -0.328538615436 -0.269977288834
0.339427116239 -0.327990433967 -0.269987849181
0.337083881998 -0.328977159253 -0.270619301135
0.334091563949 -0.328982377144 -0.270764257255
0.331176746363 -0.328552482392 -0.270643057735
0.31821477604 -0.327766432507 -0.271348738562
0.299066845643 -0.327481179156 -0.271632084872
0.278914498827 -0.32644366491 -0.272706649865
0.258945812394 -0.326503405659 -0.275107526401
0.243126387112 -0.326018763628 -0.275566783881
0.235906524469 -0.32494714204 -0.275760064546
0.228494882123 -0.32478034341 -0.275017845354
0.222378659791 -0.32489384288 -0.275089515388
0.220291967888 -0.323889393725 -0.273913972678
0.223838838156 -0.322491392511 -0.274563376559
0.219553192938 -0.323947910994 -0.273438113144
0.214012600796 -0.324232425186 -0.274482125378
0.214246440462 -0.324595485662 -0.273743261669
0.206026307893 -0.324202060077 -0.274864330875
0.198426870961 -0.324167040631 -0.274922522832
0.19270847371 -0.324007898197 -0.274842700527
0.186616775094 -0.32455973778 -0.27401106855
0.186093312367 -0.325584982093 -0.273939301277
0.178357566635 -0.324056436621 -0.274355044621
0.170352561944 -0.322584993176 -0.274686563888
0.164635153119 -0.323390215037 -0.274670647937
0.166116500061 -0.321666518564 -0.27372667967
0.163355448101 -0.322925032467 -0.27356170627
0.162133208495 -0.325198665877 -0.272889492505
0.165754689751 -0.323040332236 -0.273480113374
0.160574388833 -0.32335658999 -0.273133204423
0.151516166075 -0.324631171519 -0.274284623758
0.143973396332 -0.323477538806 -0.273747977115
0.144240340807 -0.322989925131 -0.273290631162
0.138536431803 -0.323523664117 -0.272904241144
0.134634280612 -0.324146782732 -0.273203673343
0.138510002539 -0.325660262363 -0.272584100862
0.136004642794 -0.324567061002 -0.272151857307
0.131735419258 -0.323126613028 -0.272250931091
0.126893807041 -0.325327596594 -0.271718156689
0.116323276879 -0.326444468531 -0.273206499655
0.114256090456 -0.327168097185 -0.272492139249
0.108345993818 -0.325091366627 -0.272873227772
0.0962271892162 -0.324810670317 -0.273696130579
0.0901621348448 -0.324320448711 -0.274456033039
0.0768136327292 -0.324505245796 -0.27520405496
0.0663372462356 -0.325139672748 -0.274865829172
0.0653805592997 -0.323950209492 -0.275450302966
0.0575636740041 -0.323911986732 -0.273501999059
0.0485795534437 -0.324913307071 -0.274502471344
0.041488395981 -0.323721301611 -0.275200550725
0.0345618497627 -0.324882072606 -0.274474481182
0.0357378824127 -0.324700919068 -0.273541164051
0.028618731292 -0.324315687691 -0.273895106836
0.0196014595336 -0.325590036057 -0.27431654535
0.0183668471648 -0.325148018107 -0.274557843054
0.0119329726216 -0.326669337467 -0.273999784368
0.0061433774006 -0.325863722361 -0.273512029063
0.000803697308732 -0.325851156018 -0.273547661845
0.00124173092569 -0.326347494166 -0.273182964256
-0.0070226474617 -0.326179204297 -0.274121561476
-0.0146931284598 -0.326591801559 -0.273973448855
-0.021776924942 -0.32635964171 -0.273844246795
-0.0217332810805 -0.326182103668 -0.273519319931
-0.0292532365747 -0.326247911682 -0.273836826059
-0.0369577764477 -0.3260572956 -0.273688784326
-0.0429606934212 -0.325742898614 -0.274309541563
-0.0421346591184 -0.326398941367 -0.273844931159
-0.049347630847 -0.327942714136 -0.274093805866
-0.0567062446255 -0.326460373405 -0.273665876892
-0.06311876525 -0.326329415394 -0.273892863187
-0.0620218305617 -0.327431415496 -0.274049485256
-0.0679912676135 -0.32648945347 -0.273479949381
-0.0755391472918 -0.327595655032 -0.273249890584
-0.0827921624949 -0.326862311213 -0.273434474119
-0.082537004118 -0.327211995838 -0.273278133748
-0.0895807706006 -0.327497232045 -0.272846196374
-0.0966046600487 -0.32756536439 -0.272864643283
-0.0949917438526 -0.327753134563 -0.272521052725
-0.0969086249726 -0.326523112772 -0.272847007283
-0.0994151122542 -0.327385215974 -0.271325020652
-0.0999039024983 -0.326523592599 -0.271419800194
-0.0958757384689 -0.326170893146 -0.272085607121
-0.0967920805349 -0.326451839234 -0.270355846976

