0.472542100631 -0.417677306288 -0.268585926365
0.472373321554 -0.416432682539 -0.267653087078
0.46913332412 -0.413691663472 -0.267620463798
0.465995275586 -0.413386319004 -0.267474684939
0.464356549847 -0.413993661219 -0.266444209426
0.462006006075 -0.415897606333 -0.266311071989
0.451837513961 -0.415049708056 -0.266482752287
0.434963762815 -0.415187884304 -0.267551925571
0.419296604205 -0.414129694372 -0.268931391699
0.401277693687 -0.412837726144 -0.268657177865
0.387346874006 -0.413083456698 -0.270693888218
0.377387597278 -0.41335459161 -0.270379935326
0.371508686587 -0.411195089657 -0.269894290019
0.367392229652 -0.410367366456 -0.271028635159
0.361841705149 -0.408656045759 -0.270703537501
0.356231601884 -0.405396645 -0.271099792387
0.347333263368 -0.40871936628 -0.271625736835
0.339699078583 -0.40847140527 -0.271467133494
0.329646954081 -0.411781252898 -0.271145857724
0.321400226278 -0.413331191656 -0.270885759803
0.315050199383 -0.414507534206 -0.270530535979
0.312119831044 -0.411283123189 -0.271751974878
0.308619864229 -0.414595798757 -0.270205745785
0.305128228741 -0.412549244581 -0.271537140632
0.300097286876 -0.409141315158 -0.270488350255
0.289897319747 -0.416128989265 -0.270503177271
0.282112021949 -0.415028330545 -0.271760370298
0.273966403709 -0.414464564811 -0.273217193418
0.261225640616 -0.414031576911 -0.273475573742
0.253282338594 -0.413219753572 -0.27328362691
0.252254608575 -0.413077589572 -0.272976337643
0.251817237844 -0.413395410756 -0.272961391877
0.251685652863 -0.414301239014 -0.273353147064
0.250358343694 -0.41102070396 -0.272612269931
0.247298762828 -0.411670924347 -0.273437564335
0.237480854102 -0.411844673534 -0.274243461815
0.230120844509 -0.410570873667 -0.27400707721
0.221711561186 -0.412454131422 -0.274722457406
0.211122429552 -0.409405393223 -0.275695491666
0.198388292673 -0.410291769766 -0.275553649229
0.187853341896 -0.411555487479 -0.276314881128
0.18091336723 -0.413190542254 -0.276878198274
0.176586180918 -0.413140729218 -0.276184747566
0.170738270738 -0.414825684684 -0.275249672349
0.167665526819 -0.413919531804 -0.274989677248
0.163192262805 -0.413174590185 -0.274611574799
0.157725233479 -0.413713780801 -0.274818813192
0.155835708363 -0.412800510621 -0.274332303948
0.144604646548 -0.413744063689 -0.275118572896
0.137723369664 -0.414550808864 -0.275486602915
0.133581250363 -0.412703911872 -0.275804846053
0.12715556822 -0.415331184708 -0.275875117884
0.122435105473 -0.412738326163 -0.276445129465
0.118023366488 -0.412433043052 -0.275805875353
0.114498904577 -0.411851294976 -0.276220710501
0.108413086115 -0.41225046255 -0.27616290457
0.102482306285 -0.411321463473 -0.275473291513
0.095866577642 -0.412454959974 -0.275601480346
0.0905980931535 -0.412545778087 -0.276034687589
0.078457943428 -0.414499742433 -0.27597062766
0.0729414722201 -0.41413581474 -0.276190474147
0.0700137476143 -0.413879455177 -0.276127162534
0.0639529587421 -0.413477594228 -0.275208208095
0.058028443694 -0.413706779534 -0.27541846185
0.0544066880186 -0.413250749712 -0.275028249546
0.0505521636838 -0.413663511984 -0.27464383898
0.0478057126689 -0.414515618934 -0.274438572208
0.040314914296 -0.412716243978 -0.274026414619
0.0358495747702 -0.413157915405 -0.274492510393
0.0362563090244 -0.412536747774 -0.274629863966
0.0356740042106 -0.411491797677 -0.273560749718
0.028279360067 -0.412391437624 -0.273173393339
0.0261877233306 -0.411795211944 -0.273399230672
0.0272003825875 -0.41280905843 -0.272852927578
0.0280629750462 -0.412704928062 -0.273087589303
0.0271655804315 -0.412491592129 -0.272197811972
0.0259980270444 -0.412222536666 -0.272286303707
0.0284836655695 -0.410943111898 -0.271802353175
0.025713552003 -0.412382990445 -0.271784279535

