0.441172595388 -0.351128164304 -0.268413517491
0.439621791328 -0.350815204302 -0.26797654011
0.43677066829 -0.349325087867 -0.267562233221
0.433404568099 -0.34854011825 -0.267622485331
0.431533139612 -0.34928608955 -0.267286728661
0.427114916959 -0.349964662376 -0.26618178522
0.415488154413 -0.348308181122 -0.267206456932
0.4007024781 -0.347265294898 -0.268990214216
0.385653878292 -0.345599868339 -0.270556441416
0.366029753329 -0.344893957121 -0.271615655176
0.354110720903 -0.344251837853 -0.271227387345
0.344834856975 -0.344187923824 -0.272010885669
0.335841058661 -0.343890775178 -0.272070293859
0.328528481001 -0.342877271173 -0.272074865743
0.323231569066 -0.341712446783 -0.272697979438
0.317052828085 -0.342606452731 -0.27266040078
0.308309904981 -0.340893710083 -0.273797579156
0.300504488279 -0.340910352964 -0.273926757917
0.29037339594 -0.340449177547 -0.273980192984
0.283593527403 -0.33982754991 -0.275186266865
0.26880027663 -0.337498481825 -0.274947989613
0.257753978176 -0.337581352648 -0.276828747259
0.253205976119 -0.336680766941 -0.276400392871
0.23936844394 -0.334550889965 -0.276904201095
0.237547714623 -0.333365985891 -0.276397806296
0.236912375616 -0.332027148652 -0.275799636642
0.233911947711 -0.333916108724 -0.275818964775
0.231096417915 -0.335109143807 -0.275689118694
0.22956103781 -0.334997928352 -0.27559695201
0.229203855566 -0.335434160619 -0.274671627969
0.22706933691 -0.335267471071 -0.274446837321
0.228906903492 -0.3362636122 -0.273774766922
0.227449824008 -0.335950690925 -0.273297506713
0.224784672382 -0.335097888621 -0.273261784124
0.217268781371 -0.336338193274 -0.273949618231
0.206312450795 -0.335988794176 -0.27484829616
0.20538896412 -0.33463823164 -0.274624614719
0.189800471777 -0.335326866097 -0.275298394113
0.178565967674 -0.332291999105 -0.276284926505
0.170819672925 -0.333432232347 -0.275497826816
0.161983417957 -0.331329255171 -0.27655071052
0.156446847508 -0.332011693673 -0.276737259344
0.151629705848 -0.330340160182 -0.276238685331
0.148125278808 -0.331333163214 -0.276804529838
0.143811609856 -0.329198125554 -0.27607470586
0.13941982888 -0.328711596038 -0.275756897968
0.130623992219 -0.329663526258 -0.27553473758
0.130255480346 -0.328260580184 -0.275971232701
0.123205614131 -0.328392424256 -0.275740521225
0.1106239406 -0.328501557753 -0.275959064047
0.105072652003 -0.328484829846 -0.276165002452
0.102308745707 -0.328729284603 -0.275514768806
0.0983120757807 -0.329019713891 -0.275056913022
0.0935047651416 -0.328993546758 -0.275554125429
0.0880640127286 -0.328094630987 -0.276172955621
0.0856413988876 -0.328177374313 -0.27523516122
0.0808987616139 -0.327158015932 -0.275303019935
0.0729210340822 -0.327152769409 -0.274591968653
0.0666124825837 -0.326557493709 -0.275463795721
0.0669317598214 -0.32563578574 -0.275361966637
0.0580718707779 -0.326119272151 -0.274700593295
0.0542126815307 -0.326516547649 -0.275343605453
0.049715739599 -0.324909504788 -0.275700879617
0.0440569705717 -0.325752054284 -0.275174670641
0.0385083835617 -0.325350254547 -0.275620265015
0.0346611721004 -0.324861342941 -0.276000080855
0.0290878621935 -0.32536392255 -0.274887189124
0.0233667545098 -0.324780718558 -0.275410123959
0.0180273132567 -0.323866148925 -0.27574646803
0.010828302464 -0.324232908972 -0.275164795412
0.00704714494625 -0.323793625532 -0.274651712053
0.00732323775766 -0.324124100726 -0.274767881513
-2.15398246699e-05 -0.323812802958 -0.274701353087
0.00129743690374 -0.323636446765 -0.274287441412
0.00110846288018 -0.323501144889 -0.274299368316
-0.000438287731898 -0.323662276822 -0.273984858065
0.0011760879352 -0.322686151803 -0.273411586808
-0.000299700163091 -0.322973665324 -0.273264966656
-0.00136733592237 -0.322983967047 -0.273030607464
-0.000935398877895 -0.323026954463 -0.272974140086
-0.001853044157 -0.323587159116 -0.272970506979
-0.00458076103459 -0.323810501437 -0.271995920756
-0.00233964851518 -0.323397846585 -0.272540273803
-0.0050800283183 -0.323279889148 -0.271498144015

