0.471488054707 -0.416246616878 -0.182920496524
0.47146955153 -0.415859347896 -0.182857881243
0.471616677395 -0.415067030056 -0.182462293466
0.470736960554 -0.415009566525 -0.181886993257
0.469878665053 -0.414685894651 -0.180881357465
0.46874733757 -0.413519063343 -0.180046629136
0.46838059955 -0.413200805262 -0.179530205984
0.468621827328 -0.412070127152 -0.180236472055
0.468548015777 -0.412083674892 -0.179596052253
0.468883951431 -0.409585974647 -0.179801216867
0.468904853448 -0.409140114437 -0.179528290503
0.469405349224 -0.408666359926 -0.180421532417
0.469760447614 -0.408471831497 -0.181102615735
0.471442902122 -0.405908649037 -0.180701238094
0.471728760248 -0.405682513949 -0.180500819309
0.472389323556 -0.404793386708 -0.181089126235
0.473152942743 -0.404942505469 -0.181582084857
0.473861063435 -0.40501087213 -0.181585626516
0.47372561716 -0.405464876758 -0.181601021152
0.474273241405 -0.405058518047 -0.182037303728
0.475111592139 -0.404672987943 -0.18240104633
0.475423379243 -0.405223217106 -0.183335686551
0.475333261185 -0.40541698012 -0.183262714131
0.475266382084 -0.40545112164 -0.182834882751
0.474590445971 -0.40599995612 -0.18325315669
0.474052709239 -0.405377662074 -0.182442313734
0.474085257338 -0.405641924967 -0.183589310129
0.473957013565 -0.405314874444 -0.183397368202
0.472676700537 -0.405093273428 -0.182405799311
0.471614679799 -0.405034377993 -0.182565833958
0.471513496446 -0.403842759609 -0.18292004689
0.470467252668 -0.403490750058 -0.182455848828
0.469700279849 -0.402203111044 -0.181358833947
0.469370988532 -0.399384342158 -0.179116725761
0.469139894897 -0.397450254268 -0.180467496619
0.469422817077 -0.395291907196 -0.17998265845
0.469554014149 -0.391806943641 -0.179170815047
0.469845432542 -0.384241148163 -0.178690245417
0.469586530786 -0.382176609045 -0.17808910234
0.470056433738 -0.379466455949 -0.177615058006
0.470843704684 -0.375208406719 -0.17952683252
0.471759990408 -0.369139087797 -0.178603195527
0.471532984681 -0.367628878183 -0.179117706794
0.472042466643 -0.363876637209 -0.179857359084
0.472816620613 -0.360542266329 -0.180624991578
0.472489944282 -0.359085218669 -0.178944685982
0.472542514887 -0.358368430981 -0.179639484262
0.472734954952 -0.357332270319 -0.179976933086
0.471532560632 -0.357242638879 -0.179438638969
0.471460684832 -0.357371203321 -0.179648856225
0.471566807729 -0.356604724473 -0.180335507895
0.471260994157 -0.356003733862 -0.179163993162
0.470636806182 -0.356526866224 -0.178306338357
0.471108175838 -0.354012356498 -0.179687752283
0.471030243319 -0.353595328452 -0.179290105443
0.470690958555 -0.35344432961 -0.179043912862
0.470256943695 -0.351697864541 -0.178440331453
0.470180825044 -0.346723778545 -0.179058351735
0.46975186158 -0.345635308732 -0.178355681258
0.470216005615 -0.343556926491 -0.178855416944
0.470788599177 -0.340750078741 -0.179570570289
0.470809623759 -0.33693192253 -0.179316479615
0.470975529327 -0.333937294932 -0.178592382437
0.471243799058 -0.331301141494 -0.179787597868
0.47172678204 -0.327628851699 -0.179563517691
0.471223331322 -0.325191321784 -0.179222360488
0.471116280037 -0.323330407107 -0.179550901338
0.471487270204 -0.320547476953 -0.179408735345
0.471130009469 -0.319641481696 -0.179591158267
0.470925379755 -0.316058950057 -0.179225023907
0.471213986438 -0.314389694743 -0.179646196723
0.471022055933 -0.312970613773 -0.179741933537
0.470750944835 -0.310652320407 -0.179776145276
0.470593822832 -0.306677482807 -0.179091809922
0.470661743207 -0.303467439708 -0.179611982504
0.470829755746 -0.300808966316 -0.179509528421
0.470422675617 -0.298274125611 -0.17854681716
0.470299400786 -0.293430962896 -0.180075989701
0.470637093709 -0.29005585638 -0.179152589349
0.470305467415 -0.287263074695 -0.178752152551
0.469628050777 -0.283173564728 -0.178298080972
0.467448956185 -0.270967906048 -0.175526768509
0.466882015656 -0.265251366297 -0.1743981925
0.464988524354 -0.256453560352 -0.173353767297
0.463705842445 -0.251612985853 -0.172088327526
0.457670638685 -0.236598853735 -0.165482676099
0.455363834365 -0.229844460259 -0.162888803814
0.454198487882 -0.226044891993 -0.16347929813
0.451461731556 -0.213793624624 -0.16175742424
0.451187880689 -0.210509973581 -0.162468584626
0.451202610276 -0.207118116365 -0.162390648682
0.449967426759 -0.201882289342 -0.161247704602
0.44991183329 -0.201079993794 -0.161821234157
0.450160024855 -0.201546440817 -0.161281449047
0.450882179419 -0.202100061449 -0.161611119031
0.450923495487 -0.201416089816 -0.160752459924
0.450887419274 -0.201106660613 -0.161391573015
0.452261127182 -0.201556285377 -0.162327799081
0.452570587993 -0.201766323066 -0.16236737708
0.452745735667 -0.20131307006 -0.162355642417
0.453548032001 -0.202760542127 -0.162649109385
0.45416916845 -0.200195942617 -0.162548927109
0.454988989383 -0.197217434114 -0.162395626879
0.455259349024 -0.196260940534 -0.16224683985
0.454477716484 -0.194417715287 -0.16231466371
0.454854634963 -0.192418613685 -0.162786756234
0.455064211825 -0.192068991857 -0.162753168035
0.455670814123 -0.190544637894 -0.162289762961
0.454723156554 -0.19127358305 -0.162276980915
0.454543854742 -0.190553460734 -0.162979832884
0.454565099802 -0.189884934154 -0.162140521554
0.454450394013 -0.184606100966 -0.163252141748
0.45464205477 -0.183338050792 -0.163237533211
0.455150315845 -0.174147982538 -0.16314474088
0.455783893126 -0.172888699559 -0.1633227531
0.455883140134 -0.172158772282 -0.163456612466
0.454879991475 -0.173494856041 -0.162349482446
0.45486567542 -0.175314686151 -0.162704152475
0.453665849591 -0.178105223427 -0.162355527188
0.452655060052 -0.18146502731 -0.162456519181
0.452438779534 -0.179753217352 -0.162052105035
0.453143941178 -0.178343895763 -0.162965959117
0.453014584319 -0.182155358138 -0.162245960166
0.454823511921 -0.171433260969 -0.162654505216
0.455496492218 -0.157888710433 -0.162539903305
0.453788920351 -0.1535062748 -0.162094774389
0.452923294957 -0.140080899125 -0.161663842359
0.452985393165 -0.138135208088 -0.160703080729
0.452933568072 -0.125725029889 -0.161028228286
0.452755425516 -0.122385309531 -0.160751901967
0.452253071423 -0.12271273532 -0.159762118957
0.452786498842 -0.123775238874 -0.160138813821
0.452893698294 -0.122061726846 -0.160348927182
0.452738393821 -0.120182840635 -0.160269503957
0.452892705516 -0.121305479941 -0.160919696656
0.452798785021 -0.119089904282 -0.161533406316
0.453781198904 -0.120778169524 -0.160801063089
0.454120531164 -0.119015145385 -0.161508993327
0.454476942137 -0.118413783736 -0.161355533318
0.45452108463 -0.117017944923 -0.161713560605
0.454231992128 -0.116630001574 -0.161516426867
0.453682683798 -0.118155750935 -0.161988511507
0.45381228711 -0.119881751446 -0.161043759567
0.453452090468 -0.119768345839 -0.160592691572
0.452487397128 -0.118522744254 -0.160392629293
0.452406722522 -0.119092498767 -0.160432450214
0.453448365499 -0.109876381841 -0.160324638731
0.45314153543 -0.108258146161 -0.160679039456
0.454534636227 -0.0921723808561 -0.161119398902
0.454185066003 -0.0895106662234 -0.161503378156
0.455380343167 -0.0727766420299 -0.161904967582
0.455506615403 -0.0693904394879 -0.161408980631
0.453774833535 -0.0545243426883 -0.160171347145
0.453437161682 -0.0520247652539 -0.16014474554
0.45202704904 -0.0402554767858 -0.159832094579
0.451095971498 -0.042333506574 -0.159697454009
0.449637860652 -0.0418186668331 -0.159434085267
0.448522495175 -0.0456143374793 -0.1596828434
0.449470186301 -0.0441981359132 -0.159061035699
0.450646712056 -0.0419569511049 -0.159702728915
0.449288342849 -0.0480927535782 -0.159631128618
0.453148152328 -0.0353446573917 -0.159710874577
0.451816086325 -0.0326084274739 -0.15994455895
0.454167923951 -0.0206840598956 -0.159442443062
0.452798872307 -0.0173755480593 -0.158978991814
0.453650174188 -0.00600063410682 -0.159018953656
0.452924892251 -0.000573520747176 -0.158352956843
0.454196558897 0.00981174964306 -0.159437287418
0.453632700589 0.0134301838848 -0.157773569974
0.453896348198 0.0161449156921 -0.158698951831
0.454027251251 0.0172172477985 -0.15845287101
0.45407806755 0.0165104777827 -0.15800712197
0.454162142837 0.0171986496843 -0.158004090838
0.454166872154 0.0163556293566 -0.158246151094
0.454817937891 0.0155822064401 -0.15913770187
0.454845535519 0.0152753430226 -0.158677543336
0.454875982243 0.0156064216546 -0.158792700138
0.455269336719 0.0170242293155 -0.15913804902
0.455609457244 0.0198699503203 -0.159523711514
0.456142182238 0.0197838545373 -0.159595466525
0.455595405472 0.0209714314294 -0.158293545987
0.45615751905 0.0215997691698 -0.158414075491
0.454992887994 0.0213195038424 -0.158725352513
0.455788811428 0.0214502858443 -0.159274741486
0.456316996138 0.0217719012898 -0.15822483578
0.454659885588 0.018551892467 -0.157898620543
0.454933469592 0.0178192919988 -0.159240444187
0.453694551335 0.0184328073844 -0.158631280364
0.454486665215 0.0174271909987 -0.158472502438
0.453722994907 0.0205611612992 -0.158218351
0.454312038484 0.0188238977032 -0.159071060475
0.453667302668 0.0191898107742 -0.159024984818
0.453862668555 0.0246020208188 -0.158357291563
0.453480962108 0.0257567303387 -0.158667624612
0.454961192276 0.0367743272968 -0.158982483332
0.455496844016 0.051743966377 -0.159823955826
0.455394205597 0.0557414935428 -0.159315143716
0.455689745127 0.068548521157 -0.158531653177
0.454573469873 0.0757121369702 -0.157430340882
0.453067358528 0.0833046186917 -0.156951127941
0.452271236397 0.0893029127653 -0.157179239335
0.452162755591 0.0929947323542 -0.156188777872
0.452105945562 0.0941229986896 -0.156535332459
0.451860919905 0.094608261076 -0.155782117807
0.452013088076 0.0950751560768 -0.156788736734
0.456166482356 0.0943252631136 -0.157328742386
0.462395419802 0.0955393462411 -0.162267431951
0.461737497621 0.0933032253894 -0.161933073757
0.461336243527 0.0922013471996 -0.161232118854
0.460643837661 0.092028259781 -0.160475525827
0.460078897109 0.0909882730703 -0.162321087053
0.461078527025 0.08980242673 -0.162847520457
0.460812791717 0.0905003930034 -0.16349897728
0.461334546388 0.0931666872112 -0.164116941578
0.462384381758 0.0978519896877 -0.164595054694
0.462410867501 0.0964927590693 -0.163787082242
0.463514159015 0.105741389146 -0.164627718575
0.462851157445 0.105658434844 -0.164064262425
0.464482971523 0.116054590491 -0.164467067416
0.46392740205 0.115342642222 -0.164567536758
0.464396743335 0.12306037242 -0.165084192567
0.463958846654 0.122095149564 -0.164877383874
0.463472543241 0.126860899961 -0.163892856861
0.462800090485 0.125493036858 -0.165145915959
0.463505814207 0.130906740221 -0.165696775352
0.464369701376 0.137312560292 -0.16603071771
0.464886061505 0.13796939735 -0.165550652176
0.464789487145 0.140616444789 -0.165792343268
0.465486883396 0.139616855029 -0.166620410957
0.465528808272 0.139048441549 -0.166789064273
0.466261393902 0.144286818859 -0.167403122627
0.466326948473 0.144984522666 -0.168051278883
0.46681835375 0.146213097813 -0.168032194506
0.466315353327 0.146049013053 -0.168166377299
0.466667490757 0.143342388327 -0.168563565572
0.465890485612 0.142424617817 -0.16863850916
0.465071442428 0.144913733401 -0.168829831378
0.464437751764 0.142756946534 -0.16896699476
0.464948153461 0.14572021475 -0.168600034926
0.464938948833 0.14448557751 -0.168587819
0.464593717188 0.146921910624 -0.169769708613
0.464217549255 0.144959060067 -0.168836839018
0.463583837089 0.146414757307 -0.168430582743
0.462286754065 0.144412512082 -0.16895389315
0.461928982822 0.149549839453 -0.169479665863
0.463975303539 0.160404161703 -0.169657812172
0.462494004125 0.159840987166 -0.170202082765
0.463252124492 0.166565437336 -0.170266006781
0.462922800703 0.165272709838 -0.168943991657
0.462633601857 0.173773810894 -0.168393322615
0.460898017844 0.173921198696 -0.169132467423
0.459016949245 0.170863504411 -0.168181927541
0.460110742096 0.172505463701 -0.169804460227
0.459349283096 0.168162100015 -0.167852821596
0.461233789427 0.174659672608 -0.16777090557
0.462010607245 0.177448940582 -0.168793464642
0.46134569434 0.177494359587 -0.168261526434
0.459338004904 0.174671716733 -0.168512959806
0.460145013696 0.173128548224 -0.168983655708
0.4607617933 0.17145831305 -0.169512495149
0.460311305609 0.16697939984 -0.170189013502
0.45998474667 0.164410784416 -0.172519584053
0.461766548464 0.169281278199 -0.171661912604
0.459509487199 0.157779115151 -0.173153018035
0.462529839923 0.168553480334 -0.173465985912
0.461835995151 0.169228887418 -0.173390663162
0.459473161586 0.160411199069 -0.173357349454
0.459152737166 0.161872919378 -0.174027142623
0.459442751979 0.165088506015 -0.174058592645
0.461244636861 0.170558222111 -0.173858684583
0.461904623217 0.170809760105 -0.174579168512
0.462824974344 0.173896106672 -0.173865270476
0.46119881529 0.17382807242 -0.173402766815
0.461026691272 0.175490938075 -0.172866180924
0.460665848231 0.176284767076 -0.172825656787
0.464031467734 0.177094160382 -0.172811801988
0.463508598226 0.17698510647 -0.172259978349
0.461073620821 0.174888889169 -0.172274882462
0.459353998562 0.173079118568 -0.17301913223
0.458182135362 0.172841060857 -0.172866439479
0.457154313718 0.166438140317 -0.172872400178
0.456936642398 0.166212663117 -0.173396491935

