0.454973349339 -0.316841886851 -0.181064613046
0.454944965563 -0.317085553466 -0.181231475674
0.4545635728 -0.317529448475 -0.179678717958
0.453599805938 -0.315822439431 -0.178723272883
0.452728961258 -0.314439099067 -0.177985721558
0.451419675504 -0.312613099842 -0.175077519258
0.450956929647 -0.312032119894 -0.1743994006
0.451138031226 -0.310468051956 -0.174903263952
0.451638768539 -0.307520743847 -0.175613221015
0.452025995021 -0.305718344641 -0.175290796327
0.452326509562 -0.304610025461 -0.175126177485
0.453104165045 -0.302576264146 -0.175203853826
0.453961676826 -0.30236859843 -0.176011242943
0.455624917821 -0.299968241287 -0.176760150857
0.456224702421 -0.299109934211 -0.17621907445
0.456802139253 -0.299285379968 -0.175842031218
0.457330912619 -0.298388207113 -0.176950271741
0.458001449084 -0.29944226793 -0.177359233252
0.457816213715 -0.299449270051 -0.177602085506
0.458088959181 -0.298667980702 -0.177252046828
0.457911743602 -0.299793032255 -0.177447981264
0.457772087383 -0.30043838903 -0.177181560262
0.457708891308 -0.300074032796 -0.177897403172
0.457581437913 -0.299693722842 -0.178336339276
0.457136302094 -0.299884180237 -0.177966468555
0.456671430199 -0.299928780569 -0.177157187094
0.456552631216 -0.300169714767 -0.177577837
0.456332072951 -0.300509859407 -0.177552409652
0.455838397878 -0.300458668006 -0.177208991755
0.454931619592 -0.299775341418 -0.177180165851
0.455036771472 -0.29842583473 -0.177531052557
0.455028695055 -0.297446455554 -0.177604172883
0.454570721742 -0.297420509171 -0.177169608
0.454510656796 -0.294371772106 -0.177084968536
0.454544525718 -0.291571776458 -0.177259089586
0.454379700467 -0.289637833257 -0.176863257514
0.45421362488 -0.28705569812 -0.177344476774
0.454254310698 -0.282752718943 -0.177829357674
0.45413664909 -0.279762193503 -0.177209805656
0.454164756722 -0.275834900815 -0.17759998545
0.454210945992 -0.272079941207 -0.178427360446
0.454430698617 -0.267240848089 -0.177952986693
0.454225504397 -0.264315328254 -0.177154392559
0.45409912119 -0.261119211582 -0.177347486242
0.454121575164 -0.259098908326 -0.178324293904
0.453976432935 -0.253334369855 -0.178406005985
0.453793342951 -0.251686421534 -0.178364535541
0.45363159571 -0.248060959147 -0.178621911158
0.453479929571 -0.246139626263 -0.178682484635
0.453378137916 -0.243611786753 -0.178586636955
0.453156407264 -0.241352362191 -0.177993208939
0.453056985607 -0.239518157622 -0.178184920026
0.452917410512 -0.236794932496 -0.178304777836
0.45276465982 -0.235013945714 -0.178357435113
0.452940734046 -0.23158496078 -0.178110767405
0.452851767732 -0.229926262851 -0.178508873835
0.45263568508 -0.227625936355 -0.178428468566
0.452287347023 -0.22529120308 -0.178202445862
0.452056002627 -0.222085712001 -0.178839070112
0.451920041358 -0.219747358535 -0.178902824747
0.451900483156 -0.216751887417 -0.179651157775
0.451700848475 -0.215505069531 -0.178453100226
0.451501678524 -0.211540382041 -0.179088299584
0.451481068865 -0.205898729883 -0.178813653707
0.45164808442 -0.203218850975 -0.178357840976
0.451558517111 -0.199911412259 -0.179619838307
0.451724732643 -0.197281394843 -0.178771526862
0.45159790971 -0.192380716872 -0.178647659178
0.451565578247 -0.187682157659 -0.178341439714
0.450931160145 -0.186026556958 -0.178209693259
0.450852847748 -0.181906290745 -0.178654101129
0.451511557627 -0.173991580372 -0.177467933219
0.450183919503 -0.174519516481 -0.17747591742
0.450604703275 -0.170848966495 -0.177041168244
0.451470000651 -0.162087032359 -0.176643604167
0.450207690012 -0.16256964512 -0.177265768726
0.450693400143 -0.161534334007 -0.177116981015
0.452590071479 -0.156469590829 -0.177126345883
0.44935845088 -0.161935678336 -0.177282162053
0.449806571545 -0.161674031842 -0.177165368578
0.448207465201 -0.165290807176 -0.17698205302
0.448243795239 -0.164480232887 -0.176374443243
0.448966204256 -0.165375770757 -0.176047875367
0.449370108052 -0.165912262076 -0.176809446202
0.447408429382 -0.166399968098 -0.176178225464
0.447549396214 -0.166752703009 -0.176757450328
0.44768635657 -0.167843573851 -0.176482260165
0.447815538586 -0.16895702554 -0.176039294699
0.446821419861 -0.167890065682 -0.176928197041
0.447451645563 -0.168834882317 -0.176459200023
0.44735487151 -0.169737446008 -0.176855224471
0.447926410878 -0.168775999391 -0.177453809604
0.447819249019 -0.169197331911 -0.177297814728
0.447759707449 -0.169981838488 -0.177980706799
0.447049825297 -0.169214340457 -0.177402125247
0.447123400695 -0.171309655881 -0.176895373497
0.44691842421 -0.172889286307 -0.176946758296
0.446142330982 -0.172559236128 -0.177663167238
0.445410673779 -0.176008445086 -0.176778687614
0.445094914032 -0.177016371861 -0.177957514553
0.445169037384 -0.173723147463 -0.178138441022
0.445205385722 -0.174014033015 -0.178196482269
0.445771516177 -0.166773805106 -0.178022608087
0.446778224134 -0.15986180094 -0.178206693682
0.446061987071 -0.164446533723 -0.177314013292
0.447719494357 -0.152756885989 -0.17749585378
0.448456120947 -0.14571235175 -0.177519426136
0.448685307464 -0.143073253894 -0.177227969135
0.448118873004 -0.14363895915 -0.177048479917
0.446581640743 -0.139334350923 -0.176642053078
0.447091683352 -0.137178557898 -0.176497259261
0.447294676603 -0.136298106698 -0.17626737751
0.44767321932 -0.136812115713 -0.176605518852
0.448879057217 -0.137711871163 -0.176080553437
0.450271653407 -0.134454722056 -0.177912531449
0.450300194621 -0.133910629283 -0.177640809422
0.449692843205 -0.131739360356 -0.177398914938
0.450016822329 -0.132189317306 -0.177549207538
0.4497402011 -0.131385185546 -0.17671665533
0.449900457168 -0.131053555356 -0.177450939476
0.448777996897 -0.129972043861 -0.17732583184
0.448200404641 -0.127064955106 -0.177506150645
0.448808064102 -0.129000765602 -0.178341911907
0.448144818163 -0.124823289223 -0.177461438605
0.447500807374 -0.129213162085 -0.178045528358
0.448053179962 -0.12428401037 -0.177461782963
0.448149552539 -0.122923493835 -0.178489031745
0.448133542906 -0.125981954574 -0.177994748225
0.447880851351 -0.118753746794 -0.178252594925
0.447682023134 -0.120183589285 -0.177269070598
0.446818412016 -0.114231856442 -0.177739991077
0.446352151201 -0.112995045824 -0.176676731205
0.44607914447 -0.106350159822 -0.176537338912
0.445604404978 -0.104315844625 -0.176677308111
0.445517280152 -0.104089740276 -0.176157240888
0.445126975233 -0.100404089827 -0.176888849925
0.44403629217 -0.0995319267547 -0.176659382883
0.444672196864 -0.0899860198826 -0.177071942604
0.444608673574 -0.0896935618211 -0.176546789804
0.444120151748 -0.088836472997 -0.176899029205
0.445638555995 -0.0748501001855 -0.177376364432
0.445537052026 -0.0739273056747 -0.17680317657
0.446511845637 -0.0619236266005 -0.17708621008
0.446062959175 -0.0529552915685 -0.176697521611
0.445338626042 -0.0504348111082 -0.17713748704
0.444889073086 -0.0432433433706 -0.176301418489
0.444920540948 -0.0408325311967 -0.175603551776
0.445490627984 -0.0333909449039 -0.175226193517
0.44574719442 -0.031827709022 -0.175032029318
0.445576572561 -0.0289816524298 -0.174855938045
0.443922718625 -0.0278911937388 -0.174844661536
0.443577038857 -0.0292036920183 -0.173937638364
0.443644221379 -0.0292289737854 -0.174433747055
0.442494304214 -0.0257061929928 -0.174518347076
0.442196248826 -0.02616960959 -0.175392783487
0.442550458196 -0.0208992171525 -0.175155427437
0.442600098114 -0.0147037497703 -0.175585113631
0.44316772784 -0.00645189934896 -0.174965858248
0.443268541299 -0.00685991163038 -0.175348507982
0.443696760945 0.000500508968581 -0.175277183046
0.443188286461 0.00270241369046 -0.174989319722
0.443295746464 0.00192562046475 -0.175105918865
0.441863032123 0.00428057987825 -0.174373626641
0.441881704585 0.00438634047065 -0.174202725547
0.441604256744 0.00342229991231 -0.173727136023
0.441227175317 0.0078128317716 -0.173622514557
0.44130322455 0.00810387018445 -0.1734862716
0.441385827433 0.00940803043889 -0.173855567101
0.441549935483 0.015854048636 -0.173893979699
0.441526818959 0.016115106635 -0.173859092621
0.441338341622 0.0199099777751 -0.174700627319
0.441708773007 0.0208750660365 -0.174669852268
0.440947759314 0.0240066213429 -0.175318883999
0.441086271923 0.0239084478043 -0.174409234121
0.441103634908 0.0289694896413 -0.174994827242
0.44104407506 0.0295243291848 -0.175007729229
0.441440112663 0.0350009671852 -0.174755014207
0.441001808323 0.0352410303499 -0.175284238729
0.440733860807 0.0388595604085 -0.174366672964
0.440002276789 0.042555868554 -0.174267237445
0.440126359412 0.0428625307002 -0.174349059518
0.43998666281 0.0426071399918 -0.173990197318
0.438294710744 0.0448765149637 -0.173764945683
0.437779637188 0.0488975960522 -0.174198436628
0.436241545408 0.0467677571665 -0.174689913663
0.437468476656 0.0552897594883 -0.174714308733
0.438260206511 0.0635344653349 -0.174666741392
0.438797616872 0.0721224760723 -0.175398907938
0.439103835486 0.0727202307948 -0.174362926001
0.438863230038 0.0799305259527 -0.174709403758
0.437402669691 0.0842161670124 -0.174322041064
0.437406331066 0.0850782836099 -0.174724730374
0.436598671937 0.0868730193326 -0.174492657944
0.437306556528 0.0879173753125 -0.174562365903
0.437174969629 0.0902778983556 -0.174384104994
0.436499668545 0.0928351752649 -0.174569343457
0.435898364672 0.092388836017 -0.176017480428
0.436680454813 0.0981315618872 -0.176218380347
0.437338468511 0.103836982151 -0.176600632464
0.43615020815 0.103240910079 -0.176430127223
0.435120441012 0.109991489077 -0.175452739014
0.435916650774 0.1177471868 -0.175716341968
0.435321854979 0.118589262504 -0.175805952173
0.436680767435 0.125554837157 -0.17631108491
0.436019594973 0.126217042243 -0.176181986319
0.435669453168 0.126230379445 -0.176425797087
0.436460759187 0.132265119631 -0.175798303844
0.436876485872 0.138126208433 -0.175592122663
0.437028520281 0.139709991241 -0.175351807681
0.436454161793 0.140865688669 -0.175622879234
0.436835001723 0.142044843339 -0.174810277507
0.436989145788 0.144412866064 -0.174328008038
0.435852115647 0.142280221465 -0.173976501563
0.43668155414 0.143290874987 -0.174058277414
0.434343230778 0.137711324708 -0.173982028309
0.432677544045 0.135569552688 -0.173979515591
0.433675795535 0.137130653884 -0.173894282964
0.434193419014 0.139836552996 -0.173882576493
0.434414450347 0.141715554297 -0.174074380385
0.434355749073 0.141942017839 -0.173290343184
0.434660953458 0.143546729808 -0.174012051603
0.432718284792 0.142224173857 -0.173524739934
0.431327492394 0.143051768737 -0.173344161123
0.431785568529 0.143091291113 -0.173525592261
0.430033721216 0.143420762547 -0.17336148386
0.429912734882 0.141266131347 -0.173451914489
0.429269899812 0.14087294459 -0.174143890039
0.429174798345 0.14382668751 -0.17396880992
0.428882581319 0.142885601742 -0.173777259486
0.428889929611 0.147854621504 -0.173955120729
0.429386878061 0.152468870108 -0.174502698403
0.428508565163 0.14930700695 -0.174902610668
0.428821227461 0.153223688432 -0.175880343955
0.427575256127 0.149759497794 -0.175374919813
0.428153304881 0.152556999795 -0.175704610365
0.427274111885 0.151268485017 -0.175003381592
0.42800102188 0.153613599961 -0.174971755986
0.428129344391 0.1567732177 -0.174124728026
0.426834429289 0.155354982534 -0.174763248479
0.426641173233 0.159450473529 -0.173717126105
0.425852260415 0.161008857928 -0.173638574684
0.42514922005 0.168210898114 -0.172369332669
0.424601567777 0.17188465184 -0.171442195296
0.425142122464 0.17769717425 -0.171582918189
0.425037522066 0.179768533563 -0.172100308177
0.426017727738 0.186636372527 -0.172513231494
0.427108374824 0.193448083784 -0.172298092015
0.426100508297 0.194186113622 -0.172924378862
0.427618239966 0.202189941788 -0.172963982551
0.42720754916 0.202869178301 -0.172723072893
0.426881388253 0.204892151695 -0.172862946518
0.426084498195 0.206630566806 -0.173070992874
0.425615091632 0.204448787143 -0.172644366029
0.425687647014 0.205836408643 -0.17275286784
0.424234926688 0.203384807428 -0.1733215169
0.425322919438 0.208651207205 -0.173051986055
0.42474924327 0.214898877382 -0.172847012788
0.424366357559 0.214504135586 -0.172928848468
0.424546240932 0.221379902798 -0.173183006844
0.424750646168 0.230297858902 -0.173179101897
0.423425153539 0.230031407973 -0.173429879308
0.425349330559 0.24371148004 -0.174080152906
0.424690281474 0.24421297669 -0.173930946413
0.425919461416 0.250217841272 -0.174932288194
0.426051773651 0.250809108746 -0.173567941118
0.425220185902 0.248819760017 -0.174084227683
0.426132871585 0.251322496043 -0.173684534078
0.425752110949 0.250427376148 -0.173981999362
0.427139602796 0.254782702347 -0.173606091373
0.42801500663 0.258338313542 -0.174440115256
0.427201457994 0.255684379106 -0.17461091042
0.425851222929 0.251204776169 -0.17447155993
0.42641048858 0.252131272938 -0.174325806451
0.426867730112 0.253876478353 -0.174850243273
0.428150969383 0.255809705178 -0.175137526153
0.427937024622 0.252976658193 -0.174551801388
0.428155706942 0.252344498446 -0.174317256423
0.429022836297 0.255859729594 -0.174596474028
0.429128294986 0.257817077713 -0.174723291152
0.42867661829 0.257616429333 -0.174828494386
0.428718901724 0.258839288909 -0.173921875682
0.427233117308 0.261366055287 -0.174806759668
0.427676451769 0.26204752967 -0.174689100944
0.425817465143 0.262208690483 -0.174441732339
0.426091341172 0.262203411173 -0.173657025644
0.426083162419 0.261615806748 -0.174209686473
0.424147853224 0.259212767046 -0.173580739644
0.422731221238 0.257292950412 -0.173134703237
0.422400260012 0.2564607925 -0.174255112973
0.421299693857 0.253668134351 -0.173725538191
0.420095759942 0.250121314766 -0.173729574011
0.420258592568 0.250060051066 -0.173681447486
0.422119545974 0.254881101785 -0.174465507124
0.419679445652 0.247696153858 -0.174289029472
0.420746748082 0.250415598997 -0.174116042259
0.422699257243 0.257005670102 -0.1742314859
0.420997901498 0.25145813466 -0.173720199157
0.421861789292 0.254247742406 -0.17335244456
0.42311221218 0.257070643168 -0.173963665853
0.421708937532 0.254252614177 -0.173893461572
0.422349646801 0.257328611894 -0.174602461162
0.419559906528 0.250753902785 -0.173484003989
0.422754553137 0.256861323526 -0.173956049844

