0.446313785671 -0.138865491276 -0.173294731887
0.446164480281 -0.137789818233 -0.173236270767
0.445542848816 -0.138254800487 -0.173032326866
0.445206977738 -0.139117543671 -0.172527185318
0.444622160237 -0.138455775301 -0.171713147306
0.444585940978 -0.138853745601 -0.170031360922
0.444133830831 -0.138978005075 -0.16995447273
0.44397872188 -0.139162179206 -0.170171785929
0.443695044466 -0.139608751115 -0.169150601716
0.444055530694 -0.14036953422 -0.168187968764
0.443914355093 -0.14104788913 -0.168537388793
0.443902775361 -0.141837312012 -0.16882711038
0.44476841717 -0.140257823567 -0.168848723167
0.444494265886 -0.140946449764 -0.168074833427
0.444072280636 -0.142177528491 -0.168598314852
0.44402571113 -0.143060165563 -0.168672275187
0.444637244677 -0.139372990648 -0.168694962455
0.444605189947 -0.142573065278 -0.168661129085
0.444216665066 -0.142702163947 -0.168522462128
0.444103202068 -0.14401879179 -0.168337193444
0.444228740738 -0.140855215507 -0.16815809526
0.444139981872 -0.140676591105 -0.168580262822
0.443731362382 -0.142414737722 -0.168183296323
0.443729310361 -0.142885602211 -0.168123238975
0.443842781127 -0.136530681254 -0.168123238975
0.443690308235 -0.135428848025 -0.167493964979
0.44347876704 -0.135405800504 -0.168331008833
0.443021904168 -0.130020191631 -0.167768571723
0.442987089845 -0.130108622313 -0.166933113995
0.442827723379 -0.129633248872 -0.16636050225
0.442831089801 -0.1298481947 -0.16694984719
0.442345449957 -0.126519610624 -0.166873328191
0.44237791172 -0.126697766538 -0.166534381252
0.442039099418 -0.126708164756 -0.167028759956
0.44212203719 -0.127007218139 -0.165577181827
0.441406967651 -0.123728647696 -0.165290470315
0.441505162484 -0.12527071843 -0.16625220502
0.441559022528 -0.12537429563 -0.166355954981
0.441437468573 -0.125497064524 -0.165631290734
0.441697415387 -0.127455089313 -0.165578053508
0.441699397865 -0.129315893624 -0.166021334026
0.44189987937 -0.131384934329 -0.165400424352
0.441816089269 -0.130569102686 -0.165801365983
0.441815227864 -0.132616482504 -0.165888878714
0.441554582264 -0.134359016017 -0.165661314386
0.441619662687 -0.13692362944 -0.16628938179
0.44220243419 -0.131951365224 -0.166221261522
0.441835892951 -0.132712405098 -0.166251401312
0.441659880917 -0.134986870089 -0.165981582164
0.441221544472 -0.137782769638 -0.165761623934
0.443038668253 -0.128548052321 -0.166416462769
0.442873120829 -0.129477177472 -0.165620906877
0.443128101377 -0.131964052033 -0.166031153827
0.443171133672 -0.132683315858 -0.16682784924
0.444950524555 -0.12040284167 -0.16609324145
0.444933210861 -0.120449338578 -0.165987694024
0.444702254567 -0.12124766714 -0.166919705974
0.444951601482 -0.120809269513 -0.16608694384
0.445210757443 -0.113103477343 -0.16637351854
0.445506694122 -0.11291134064 -0.165732089262
0.445432805852 -0.112152842718 -0.165619898932
0.445403658275 -0.102924907626 -0.165745795961
0.445296483046 -0.101586220631 -0.165620171766
0.445836356809 -0.101527831039 -0.165714306781
0.44570318526 -0.100356449739 -0.165822588917
0.444625624801 -0.0972683149596 -0.166269788061
0.44478318326 -0.0977450432565 -0.166498735136
0.444836211961 -0.0970465367514 -0.166562223468
0.445015683635 -0.0971992005035 -0.166588469123
0.444838421559 -0.0965463152616 -0.166390164718
0.443559521208 -0.0980044940566 -0.166545780365
0.444217858628 -0.097628567979 -0.166929758798
0.4442859541 -0.096427545024 -0.16633994846
0.443382131262 -0.0958890640099 -0.166397309686
0.443694760983 -0.0946258449593 -0.167220581077
0.444857137089 -0.0940671631064 -0.166531281514
0.445208614517 -0.0928877462618 -0.166432680136
0.444792611281 -0.0923823420283 -0.16662969788
0.444953062435 -0.0920536898876 -0.167180972815
0.443338951321 -0.0975776965557 -0.167105352705
0.443895326571 -0.0980277308665 -0.167000280399
0.444159243119 -0.0975748080661 -0.167802309798
0.443244728774 -0.0996692590721 -0.167494514655
0.44355740932 -0.0990511945092 -0.168498042016
0.443577949705 -0.0983297441415 -0.168863793855
0.443479435426 -0.0973733165962 -0.16928327409
0.443709660046 -0.0975251895123 -0.168665656634
0.443251005699 -0.0960939621201 -0.170571533322
0.443720997984 -0.0955411919164 -0.170296398688
0.444018570746 -0.0957185238789 -0.171425518442
0.442042054041 -0.0970406792236 -0.170487309261
0.442500410334 -0.0969562116177 -0.170393858125
0.442606412479 -0.0978929964634 -0.170825521167
0.440774462311 -0.0996531638136 -0.171837377957
0.440869634459 -0.10066225642 -0.17194270248
0.439878488051 -0.102353844406 -0.171611823899
0.43942928428 -0.104075998334 -0.171271636184
0.438732980489 -0.102512977746 -0.171242690716
0.438074189872 -0.103541335528 -0.171412963425
0.437959915416 -0.0990741131253 -0.17179431977
0.439641214204 -0.0914311321313 -0.171249452998
0.440097243833 -0.0906531366726 -0.171723954921
0.440074420167 -0.0927042799721 -0.172474288517
0.440659211718 -0.0905145698458 -0.172370333586
0.441457935059 -0.0891040289781 -0.17167946782
0.440716763263 -0.0919174495095 -0.171218677377
0.440090911622 -0.0798708673109 -0.171576510281
0.439252155357 -0.0707181230559 -0.170828491102
0.438046387226 -0.0634751202495 -0.168897894708
0.437605627447 -0.0566079279403 -0.167990864146
0.437271893212 -0.0546418740841 -0.168251840898
0.437392854963 -0.0501298822846 -0.168098957525
0.437621364511 -0.0461041575602 -0.167719808844
0.437792125671 -0.0409981674934 -0.168405434145
0.438667882874 -0.0378511113977 -0.169923652022
0.439424494891 -0.0372099782517 -0.169468266228
0.439643566944 -0.0354523289284 -0.169959298903
0.439468630857 -0.0317662674925 -0.169976809012
0.439602613955 -0.0319051521601 -0.170434013262
0.438692520237 -0.0285846513458 -0.169828302872
0.438181466181 -0.026250231414 -0.169703687782
0.437982101465 -0.0249466338348 -0.170296645569
0.438116378439 -0.0278948409362 -0.169897523065
0.43778205948 -0.0234698230161 -0.170353755364
0.437849066403 -0.0189526437252 -0.169930671534
0.437493469604 -0.0141431066049 -0.169585785784
0.437871566871 -0.0144412626131 -0.170039580196
0.436517633244 -0.0137529253317 -0.168931655224
0.436059200267 -0.0113401245676 -0.17002972289
0.435344201797 -0.00954370210462 -0.169687702952
0.434811122352 -0.0119438874188 -0.170272308647
0.43489555368 -0.0108951933096 -0.170393940288
0.4333306103 -0.0168191586007 -0.169737572026
0.435043053122 -0.0112091379069 -0.169984758582
0.435827771972 -0.00197325847332 -0.170557467307
0.435394563728 -0.00170470022281 -0.169883945378
0.435677313659 0.0167444844014 -0.169980048447
0.434883577528 0.0265533678177 -0.168730992125
0.43190723797 0.039976333687 -0.16569990075
0.428834868364 0.0483488818023 -0.164927695098
0.427398572862 0.0584672721487 -0.165421638943
0.429129854212 0.0682080251135 -0.166984676938
0.430031963287 0.0716969290229 -0.169147582307
0.432456090707 0.0733315209186 -0.171845008893
0.432522218369 0.0724195170395 -0.172089586221
0.432386206997 0.072665935595 -0.172623045198
0.432315434678 0.0693419932206 -0.172155242022
0.433385823554 0.0752498551227 -0.172129255466
0.43307335807 0.0780434759536 -0.172587439923
0.433461357792 0.077467247567 -0.171625127752
0.433441489034 0.077888967497 -0.171890706482
0.433179409109 0.0803288873164 -0.171558303546
0.433273624089 0.0809264400178 -0.171957737822
0.43265637988 0.082218229408 -0.171482874953
0.432657398647 0.0821893432314 -0.171650333118
0.432218589867 0.0825833453249 -0.171120678039
0.432218589867 0.0825833453249 -0.171120678039
0.431254277455 0.0849232129621 -0.171851366116
0.431424152066 0.0869939669934 -0.171844395276
0.430944400617 0.083722965905 -0.171857584513
0.430492395239 0.0864231187892 -0.172152053
0.42855249457 0.0792474586674 -0.17264819588
0.429436062662 0.0845480879661 -0.172847758163
0.430917151953 0.0913998596252 -0.172563047278
0.432578663428 0.102851113498 -0.173200914233
0.430614470152 0.111396367217 -0.172967201523
0.431169224076 0.126990963735 -0.172611258409
0.430482509569 0.137815585952 -0.172365514388
0.43059305434 0.143713925398 -0.170316777982
0.430105407981 0.14619809656 -0.168924699587
0.430491841785 0.146585324708 -0.168980049124
0.430587852708 0.146987552702 -0.168196874546
0.431268275972 0.146860639523 -0.168647343143
0.432019430823 0.147554837858 -0.168828261011
0.433036664368 0.14697353204 -0.168480605361
0.433029303211 0.147202921218 -0.168832123291
0.433117655974 0.148097183708 -0.169391446124
0.431988832107 0.14572651548 -0.169464454282
0.432207891077 0.145629496806 -0.170221722284
0.430501685449 0.145281298668 -0.169035456339
0.430603528281 0.144570362791 -0.169332190599
0.429873208665 0.145974608123 -0.168861454576
0.429705088974 0.146915125961 -0.168523818648
0.429052637589 0.148855400843 -0.167921156761
0.428914150418 0.148289456289 -0.168925376513
0.428406481545 0.153570681837 -0.168102573148
0.428298725461 0.156834803903 -0.168322979134
0.428474155355 0.151938017438 -0.167962166864
0.428559808961 0.151429808789 -0.168074117544
0.428649641338 0.156464667915 -0.167397981398
0.428546865919 0.16286633297 -0.168522167903
0.427839193031 0.161483031094 -0.168409287139
0.426739938188 0.159252329512 -0.168889716554
0.426703456814 0.157686419476 -0.168599152809
0.426273677763 0.158207626784 -0.168552883756
0.423973306817 0.152923566701 -0.169058116585
0.425041183259 0.160209903423 -0.168775143648
0.42454931841 0.158590029894 -0.16857924275
0.42569583484 0.167943090035 -0.169000431321
0.426432567204 0.175508416532 -0.168672783983
0.425875415478 0.176075313933 -0.16823551809
0.426614267814 0.19083937176 -0.168852291227
0.425798340304 0.201707212621 -0.168308001532
0.424390014759 0.212362775055 -0.165641838456
0.421459137903 0.223661381716 -0.163066393896
0.419624560761 0.228467751235 -0.16185407311
0.420853290336 0.22974423532 -0.161066889906
0.421591976446 0.234735521201 -0.159919623861
0.421574705358 0.240431699501 -0.160964292155
0.421290424028 0.238797295855 -0.160701630952
0.421839896097 0.242553765753 -0.160364726939
0.421667148164 0.245581195333 -0.160674209994
0.422132513549 0.244705184202 -0.16014580418
0.422366728299 0.248675641876 -0.159942949262
0.422569302082 0.248366069584 -0.160829478131
0.421931755543 0.249418851189 -0.16086023242
0.421015512513 0.249373478442 -0.160221264954
0.421206850974 0.248233322577 -0.160385778596
0.420431761331 0.24947006484 -0.160823222284
0.419590500207 0.247538519651 -0.161175837007
0.418832031767 0.248839182488 -0.161387018093
0.419483032626 0.252007218857 -0.162350366742
0.418933367582 0.249465694021 -0.162194147439
0.420305156715 0.259418698483 -0.162004569039
0.419662081597 0.258786928513 -0.161421974828
0.421852500036 0.273192137882 -0.162428429761
0.422858385145 0.28461872394 -0.162539347342
0.421907553613 0.28985819362 -0.162179915266
0.42164256325 0.299365527222 -0.161885233606
0.420751836707 0.302868140693 -0.161709911617
0.41953501733 0.307438565368 -0.158920903974
0.418745968847 0.310577264374 -0.159113535931
0.417766892146 0.308255442244 -0.158400017312
0.417850823297 0.311857798239 -0.158420548129
0.418891875614 0.318310182397 -0.158723699438
0.418140572651 0.317112479293 -0.157766595481
0.418316083291 0.323731288016 -0.158757323723
0.417841939299 0.328577216617 -0.158640928849
0.417307327963 0.327868885724 -0.158308587182
0.417664886474 0.334177208099 -0.159299507695
0.417205256627 0.333199669396 -0.159205324919
0.417545999651 0.34244728862 -0.1594029807
0.416989631305 0.342679733354 -0.159023646206
0.416375881616 0.352223063068 -0.159001612667
0.415979190458 0.358645972104 -0.158674965602
0.415783153769 0.360337955843 -0.160005269334
0.415073685723 0.362101480522 -0.159076255022
0.415329894948 0.362672886953 -0.159869654181
0.415304203342 0.364390955429 -0.159869208962
0.415257260991 0.364175673862 -0.160003252612
0.414485086742 0.36371416281 -0.159534201972
0.414759749675 0.365634864091 -0.159707332588
0.414832905167 0.366059636869 -0.159778783815
0.414494620781 0.369109119019 -0.159658950131
0.414557735253 0.374613929541 -0.159721795575
0.413445535437 0.374019811005 -0.160345873249
0.413903057047 0.383773495002 -0.159214745896
0.413478064383 0.391647010446 -0.159822978585
0.412831120517 0.391516078848 -0.159637432309
0.412080760504 0.398159137154 -0.159220893981
0.41090248068 0.397013238996 -0.159149838398
0.410958558215 0.40176348697 -0.159340757046
0.411485468457 0.407758435749 -0.159104830664
0.411057939734 0.40752010671 -0.159460402005
0.411361812139 0.413794408577 -0.159555908275
0.41045748372 0.41374501994 -0.159666732701
0.410922682154 0.420009333335 -0.159203689008
0.410592203741 0.425289739315 -0.159861141906
0.410568794401 0.428422698404 -0.15898562912
0.410722626184 0.42699823083 -0.158615919142
0.411598682413 0.431215695486 -0.158979813609
0.411115228921 0.432985907515 -0.159089589454
0.410928686344 0.434546459481 -0.158500257145
0.412144628757 0.436608733462 -0.157905035231
0.413332873502 0.43902647075 -0.158557716032
0.411982058968 0.437053490806 -0.158028379146
0.409681732693 0.433594675562 -0.15814270205
0.411022326397 0.433354070736 -0.157362765558
0.40944501632 0.431207856756 -0.158139861626
0.408032809058 0.428199926015 -0.157561301957
0.4077776519 0.425916664771 -0.157059732383
0.407760299734 0.425661601887 -0.15753837232
0.408884053092 0.426553867619 -0.156371154645
0.408674210682 0.424371310373 -0.156149664558
0.409268281162 0.426725928252 -0.155627163791
0.408970855398 0.42459924693 -0.155452570139
0.408783876774 0.425728099058 -0.154747604418
0.408070268137 0.423340211142 -0.154786833127
0.407589254592 0.420430606279 -0.153518387268
0.40737382919 0.420610668443 -0.152459295833
0.407689190921 0.423292361456 -0.151670507307
0.407780619847 0.424347046917 -0.150125474227
0.408703370697 0.426822050397 -0.148947860823
0.410009274326 0.429843993334 -0.147321098633
0.409646795953 0.427614958318 -0.146366864828
0.4101426078 0.431341492413 -0.145993314356
0.409172656217 0.43242890941 -0.145160821749
0.408179750571 0.433454299367 -0.144520594604
0.409191505441 0.434347992453 -0.145847216964
0.409705847582 0.434952652423 -0.145055762624
0.408605026742 0.434916385849 -0.144749727138
0.406721840473 0.432167028291 -0.144010623013
0.406555199475 0.431042906843 -0.144683773648
0.404850135724 0.428242614005 -0.144387954498
0.404155950156 0.425989063557 -0.144167556879
0.404319614917 0.426182655887 -0.144584296843
0.405078413533 0.428018786483 -0.144958484944
0.403878844399 0.423980289067 -0.14364318477
0.405579559041 0.426869993991 -0.144621676994
0.405600353726 0.424562944208 -0.144326719266
0.408180690863 0.430299458173 -0.144644737059
0.407931309056 0.428664136447 -0.144678100656
0.407054805308 0.430103113641 -0.144120914483
0.406733592771 0.428407917321 -0.144362193163
0.406370811912 0.430081871068 -0.144149893105
0.406702003984 0.429723075031 -0.144491570772
0.406534103208 0.43011692811 -0.144294020617
0.406145009719 0.427043391746 -0.143185693707
0.40671342063 0.43024146666 -0.142917928686
0.404920254675 0.425237551442 -0.14345693615
0.405905726582 0.429358564368 -0.143425337603
0.407381613795 0.432760395613 -0.143068995927
0.406764650732 0.43058162999 -0.143527469205
0.408154806841 0.434146824882 -0.142950013742
0.408537641492 0.433565652747 -0.142938500695
0.408718616533 0.435005052945 -0.142798080903
0.409273662416 0.435221494576 -0.142438506087
0.409012387379 0.436458540906 -0.143655121038
0.409822194102 0.436842580526 -0.143061317572
0.409495079168 0.437137724912 -0.14343599089
0.410335182886 0.437743733313 -0.143763377842
0.408288901142 0.435376880257 -0.143604483791
0.406063534795 0.43351492538 -0.142903129809
0.405759571039 0.432069011484 -0.143173046115

