0.387600666128 -0.249836625259 -0.165152132352
0.38730308472 -0.250477867744 -0.165585580621
0.386774657024 -0.249706630967 -0.164273150942
0.386188333726 -0.249613704784 -0.163751474454
0.385620674352 -0.250042283471 -0.163189042783
0.384920124408 -0.248727938922 -0.162024201365
0.384317399388 -0.248460975062 -0.161542107269
0.384372112836 -0.247738263447 -0.162270926298
0.384415308363 -0.247536140411 -0.161775091456
0.384509149282 -0.247265595815 -0.161951445419
0.384361300478 -0.246401686396 -0.162325616703
0.384544654731 -0.245209527534 -0.162883624401
0.385353802066 -0.244217881163 -0.164521252868
0.387001422482 -0.244526114407 -0.166062917734
0.387679281021 -0.242765241365 -0.16639189842
0.388271369532 -0.241333643663 -0.166777514499
0.389151569697 -0.241085353742 -0.167111161682
0.389372717672 -0.24071157245 -0.167273639849
0.389387747607 -0.240422357988 -0.167155483236
0.389492770368 -0.23996785049 -0.167818827035
0.389788767848 -0.240020100548 -0.168502049943
0.390176138427 -0.240963151995 -0.169005949512
0.390065539185 -0.241476519028 -0.168570467586
0.390007551239 -0.241419849059 -0.169249162171
0.389534174229 -0.241349323681 -0.169610963455
0.389465749336 -0.240527708094 -0.169703738371
0.389606020834 -0.240081584282 -0.169538333653
0.389093815068 -0.239958350916 -0.169765195278
0.388808586668 -0.239952587923 -0.169775831481
0.388863105986 -0.239054619497 -0.169624710951
0.388670352089 -0.237870897793 -0.169572447768
0.388526724456 -0.236232433728 -0.169723866269
0.388265410111 -0.234082013873 -0.1701911725
0.388237179385 -0.231103528821 -0.169853026131
0.388369020491 -0.229103453826 -0.169605434356
0.388206457537 -0.22654957121 -0.169940324931
0.387850422386 -0.223662102008 -0.170513784548
0.387717093556 -0.218551184047 -0.169814578304
0.387926722563 -0.216187097902 -0.169597479904
0.387970444499 -0.212841175597 -0.169581461072
0.387705161263 -0.208530240422 -0.169938014669
0.387959344364 -0.198441481314 -0.170015433688
0.387969977484 -0.194904482473 -0.169838701323
0.388057379232 -0.191595734799 -0.170119047924
0.388012732618 -0.184038387719 -0.17009481556
0.388356973492 -0.179723311597 -0.169936593316
0.388224203282 -0.177534250954 -0.170516046311
0.388302821634 -0.175497869903 -0.170286540183
0.387895207148 -0.169293374352 -0.170365704697
0.387834913933 -0.168296930543 -0.170587936096
0.38767048369 -0.167353804517 -0.17080863589
0.387951621079 -0.161186077596 -0.170592418562
0.388030466812 -0.161076077298 -0.17115292401
0.387859983249 -0.161547021246 -0.171266160756
0.387758169812 -0.162308910714 -0.170603805895
0.387864166926 -0.158824581058 -0.170802670268
0.387901410312 -0.160547870786 -0.170630787603
0.387711864384 -0.161798273457 -0.171267478538
0.387679190788 -0.162241506088 -0.171068370751
0.387710805282 -0.154681798878 -0.171458069769
0.387609379192 -0.154904784106 -0.171190862734
0.387657793662 -0.156352465753 -0.170700411477
0.388252097005 -0.146591355021 -0.171300124678
0.388635594011 -0.146588663783 -0.171071906594
0.388438321188 -0.147095113669 -0.171489695646
0.388780634575 -0.146998542162 -0.171217090286
0.388500934661 -0.139600816131 -0.170729482725
0.38851493964 -0.139537020976 -0.170822599816
0.388358589975 -0.141015692231 -0.171051011516
0.388370771153 -0.140985899051 -0.171317396711
0.388392362386 -0.132000464372 -0.171656601881
0.388529870035 -0.132292745217 -0.171542451626
0.388583100794 -0.133313180944 -0.171259846742
0.388580883486 -0.133347001565 -0.171432775221
0.388617271019 -0.128423807639 -0.171259846742
0.388619698913 -0.128708141243 -0.171259113792
0.388653220241 -0.128234163664 -0.171297325764
0.38907247288 -0.127972382307 -0.171271410661
0.389023589801 -0.121094212269 -0.171308006871
0.388924652937 -0.120577754482 -0.171286458573
0.389182367859 -0.120005143304 -0.170686590154
0.38870602101 -0.114108035697 -0.171515925458
0.388377513772 -0.112607183839 -0.170903224274
0.388586383529 -0.113398125001 -0.171370091467
0.388992388973 -0.113194497168 -0.171246071824
0.389265542573 -0.108372083568 -0.171173648379
0.389353478457 -0.107133187077 -0.171715311499
0.388906180506 -0.105161112312 -0.17123930253
0.389379209156 -0.104603218239 -0.171159462014
0.389393263786 -0.104538526305 -0.17125174042
0.389501676437 -0.104812013333 -0.171693396422
0.389689085006 -0.105223144447 -0.171196405647
0.389055892593 -0.102014620568 -0.17175965156
0.389350014589 -0.100830464071 -0.171157997014
0.38931338516 -0.101020360058 -0.171122505325
0.388467312262 -0.0980436797229 -0.171214986429
0.388452083419 -0.0983998048775 -0.171130000081
0.388429922386 -0.0982334732699 -0.171179740612
0.388467312262 -0.0980436797229 -0.171214986429
0.388074031508 -0.0950692687947 -0.17084276366
0.388140578952 -0.0950103599639 -0.170895703723
0.388576645037 -0.0955822707859 -0.171386544514
0.388722523109 -0.0953768688205 -0.171857018098
0.388269723236 -0.0926271709525 -0.171390774701
0.387560805039 -0.0909132911876 -0.17100071064
0.387747563209 -0.0915274793714 -0.170182890978
0.386638666774 -0.0868534781684 -0.170717812458
0.387148353018 -0.0817660290201 -0.171930096687
0.387461435287 -0.0825339981866 -0.171419762796
0.387411436849 -0.0746730718154 -0.171595439258
0.387252652402 -0.0681309841275 -0.1720956815
0.387059416014 -0.0693464571877 -0.171426398425
0.387475540515 -0.0634937154572 -0.171985132229
0.387499071824 -0.0636631757593 -0.171927316925
0.387711181304 -0.054550857595 -0.172245470373
0.3875871064 -0.0482431495505 -0.171549011987
0.3875871064 -0.0482431495505 -0.171549011987
0.386972705187 -0.0425193833 -0.172187243161
0.387843087354 -0.0377704941348 -0.171897527171
0.388236365422 -0.0305017924433 -0.172008126687
0.388393742332 -0.0294721608582 -0.172673927582
0.388706116868 -0.0258820863675 -0.171590387591
0.387831271931 -0.0227170379242 -0.172374998229
0.389036835585 -0.0210877447772 -0.17221289
0.387263645585 -0.0225134755783 -0.172314091796
0.386555074768 -0.0240856489681 -0.171445876757
0.387015467146 -0.0237927584344 -0.171746957193
0.386202550591 -0.0279579111751 -0.171498984083
0.384727857 -0.0279693995377 -0.170902670496
0.385123536482 -0.0288091008966 -0.1727605568
0.385134953842 -0.0248715620108 -0.172704515757
0.38518532394 -0.0174995981329 -0.173379060755
0.384951790381 -0.0174773770137 -0.173044840506
0.385471919415 -0.0114134404508 -0.173114898468
0.384879191987 -0.0121758106159 -0.173139900319
0.385362106415 -0.00349420592431 -0.173600135621
0.38572464195 -0.00401205486678 -0.173268252315
0.387249271182 0.00558789970015 -0.173625829567
0.387263951503 0.0120413991918 -0.173495597841
0.385993912039 0.0101133032913 -0.173311743712
0.385391356092 0.0161657002751 -0.173006101085
0.384962784706 0.0167716167372 -0.172590343679
0.38640654451 0.0256223415186 -0.172848254514
0.387266759082 0.0343209430051 -0.172339154403
0.388417891602 0.042089433317 -0.172255585433
0.38706851986 0.0415158823641 -0.172832613824
0.384620653129 0.0392747538365 -0.171047121844
0.385013095204 0.0407945030141 -0.171677629036
0.385961615384 0.0390140646996 -0.172849958236
0.38700899587 0.0389865363242 -0.174648722467
0.38707384794 0.0405615131959 -0.174196596607
0.386083308961 0.0418446026662 -0.173642000885
0.386550530155 0.0436417666916 -0.173670138057
0.385522499877 0.0454689402374 -0.173407303941
0.383868889566 0.0452872688203 -0.173098470814
0.38308430772 0.0446365343454 -0.172544072621
0.38289750073 0.0430038208264 -0.173499955776
0.382426702764 0.0402133148438 -0.173657195043
0.383177333498 0.0441557379515 -0.173954955116
0.38269665661 0.0433157329079 -0.174662478557
0.383719634945 0.0505279410853 -0.173813694366
0.38481545892 0.0615164473789 -0.174162293859
0.383807580374 0.0609328520199 -0.174167781645
0.383859364159 0.0663847893224 -0.173100611698
0.383807787761 0.0686406456301 -0.173374222539
0.383583963755 0.0713482464544 -0.17376506049
0.383304977791 0.0755952376363 -0.173280518932
0.382824925883 0.0742656419522 -0.172953616857
0.383392516721 0.0786068335491 -0.172515028264
0.382604912321 0.0762451375598 -0.173479415692
0.38309957726 0.0770969475974 -0.173402606768
0.383212954883 0.0809352139778 -0.173224976125
0.382948326627 0.0809640872703 -0.173843197602
0.383615317175 0.0872415734418 -0.173234902344
0.383680275274 0.0898125707883 -0.173311167794
0.383800704049 0.097801409873 -0.172675119247
0.382404936902 0.102458291859 -0.17304892632
0.383314072801 0.105978905051 -0.172650916741
0.38332331386 0.106660410927 -0.173234018141
0.38266204759 0.106445658462 -0.172969365373
0.380795526663 0.105675607784 -0.17294364751
0.379461975398 0.106062772276 -0.173067466559
0.380297391834 0.114200028679 -0.172823800116
0.379660637633 0.114022185695 -0.173641925063
0.38071915967 0.122465047475 -0.172651566863
0.379902061953 0.121562063176 -0.173201601949
0.380262119282 0.126639700977 -0.173444856951
0.379409823753 0.124437125567 -0.173776435259
0.381777061119 0.135276513211 -0.173462748839
0.381357056754 0.134304124175 -0.173450368481
0.382582188386 0.143446577523 -0.17370617014
0.38063600338 0.143190612697 -0.173075177635
0.381291166963 0.151528864125 -0.173701144602
0.38022268351 0.15025859849 -0.17325090436
0.382602337048 0.160522827216 -0.173084951284
0.383088503181 0.167930528619 -0.172672388233
0.3840708988 0.172905294287 -0.172480485119
0.3831046715 0.174297202184 -0.172430115624
0.383236038271 0.17489121378 -0.172333925404
0.382238604022 0.171207713627 -0.172247130931
0.382105873549 0.171299532857 -0.172293084876
0.382021977898 0.16741584588 -0.172395149129
0.381352303134 0.166759531642 -0.172880762198
0.381754126841 0.167429386962 -0.172594848425
0.381202932693 0.167930678455 -0.173182790833
0.382522312039 0.174665015626 -0.172571584266
0.382540081213 0.175169625761 -0.172352206211
0.383835639184 0.18293434012 -0.17340274867
0.38419097615 0.183129719596 -0.172949640262
0.384233359167 0.187036464158 -0.172910237157
0.384191393357 0.186869126774 -0.173143703124
0.383374039779 0.187426024306 -0.173201595312
0.383299803506 0.187461326858 -0.172889198874
0.382381828131 0.188544998682 -0.172993591636
0.382353429321 0.188076073873 -0.173049254987
0.382094973961 0.188556904803 -0.172815120195
0.381959915827 0.187158190922 -0.172863501521
0.380858484386 0.187555885088 -0.173239210025
0.381112188061 0.189965326113 -0.172192947137
0.379574875362 0.187930734136 -0.172947155426
0.379183558808 0.187781129366 -0.17284153039
0.381376880174 0.199665050824 -0.17301473061
0.379324128815 0.198034430335 -0.172737631885
0.37900528135 0.206912821136 -0.173656386469
0.38012712601 0.216910831034 -0.174102442397
0.381673328668 0.228322183436 -0.173783121092
0.380087097645 0.230196676771 -0.17297980455
0.380293935357 0.243964585397 -0.173387482255
0.379579011375 0.24674974069 -0.172640708825
0.379869374371 0.256715531672 -0.171820188449
0.37935740204 0.257604122432 -0.171099056495
0.380672743827 0.269483046493 -0.170915735944
0.380434880986 0.270336947903 -0.171009712731
0.38237578555 0.282188725375 -0.171334643174
0.383225187331 0.285863526325 -0.17047094562
0.383087452175 0.291271354878 -0.17081024187
0.383253077361 0.291972876069 -0.170908395994
0.382121571648 0.29112373481 -0.170970959288
0.382820211678 0.28977493988 -0.171271321577
0.382674949638 0.291080013857 -0.170909141334
0.383309770457 0.291350500493 -0.171372869583
0.383055766539 0.293094164974 -0.171097223915
0.383540044373 0.293897457813 -0.171392520494
0.381847773278 0.292323923414 -0.171703064905
0.379842608419 0.290383330111 -0.171599704536
0.380725403525 0.28835627527 -0.171790413869
0.38046083604 0.28829062738 -0.172425526734
0.378979033676 0.28587295227 -0.171579651988
0.378744907533 0.28489244521 -0.17173441119
0.378763630433 0.288642986964 -0.172696912143
0.379000643996 0.292197627102 -0.17246628055
0.378349365792 0.29076108623 -0.172122491424
0.380329732258 0.300642894707 -0.173556660058
0.379645796557 0.298950297805 -0.172924323961
0.3799003507 0.306290356053 -0.173538674651
0.379097928082 0.305145007111 -0.17337376019
0.380163551385 0.311743561231 -0.172351224633
0.378935333379 0.308193788549 -0.172514445916
0.378097121272 0.305278225531 -0.172317272021
0.379055725232 0.310776833012 -0.173008663396
0.378724745209 0.307142433743 -0.171755771069
0.380414404045 0.31498276738 -0.170806046064
0.377685898533 0.318013230174 -0.167994178557
0.377257523072 0.316994329022 -0.167780829404
0.376946902863 0.322387210455 -0.167775568535
0.377318024704 0.321862030995 -0.167299914874
0.378520199626 0.322608477459 -0.167862933547
0.377991941273 0.324036233521 -0.167864006408
0.375706985905 0.325570364302 -0.167251690319
0.377900460288 0.320750477098 -0.168290057758
0.374885047107 0.321960079699 -0.168612736816
0.375869448785 0.31684369969 -0.169108836129
0.376510561625 0.317454484773 -0.170417011828
0.379720852353 0.314318310016 -0.173458691378
0.383330006777 0.316040626432 -0.174986485114
0.383928433505 0.31508112535 -0.176187070832
0.383611958979 0.316837360692 -0.176223350434
0.382442338209 0.317656196623 -0.175931028924
0.382773410291 0.316963810392 -0.17579465482
0.380860676634 0.317767405914 -0.175801592667
0.380663753816 0.316331431833 -0.175532665336
0.379726939868 0.315828030315 -0.175208207822
0.379170706402 0.314080405411 -0.175548609947
0.37873932831 0.315585058205 -0.17520265458
0.377870706148 0.312338224743 -0.175177835642
0.377303174659 0.310392146906 -0.175762411072
0.377920628676 0.312048609335 -0.175449901882
0.37695989939 0.309202960283 -0.175707843546
0.378915056495 0.313438865053 -0.175348336297
0.378415491145 0.312510855078 -0.1758042705
0.377948049152 0.310584027285 -0.17575409331
0.377423856284 0.309668122296 -0.175928035228
0.376715641058 0.311507906789 -0.177253768436
0.375169371983 0.309319741574 -0.177777349426
0.375023746511 0.312723943477 -0.178811946011
0.375591348619 0.317700521587 -0.179116467541
0.374592929909 0.315268478705 -0.178343306755
0.375191618941 0.319820460549 -0.178746083018
0.375302880551 0.317391266897 -0.178582958161
0.374022680402 0.319457095368 -0.178987045917
0.373251801405 0.320144364541 -0.178298643308
0.370750148142 0.314898801229 -0.178463250556
0.372338114179 0.31683986048 -0.178214642214
0.375200518038 0.320909703393 -0.178370329479
0.374867450733 0.318070819139 -0.179151628419
0.376468969585 0.322195775989 -0.178501196012
0.376327791473 0.320986468449 -0.17870077003

