0.438019146074 -0.397068992214 -0.184621950724
0.438114210463 -0.397651976093 -0.183827667336
0.438053763249 -0.396902563632 -0.185172023086
0.43750409308 -0.396910296554 -0.184439078324
0.436028055405 -0.395804283837 -0.182301940451
0.434554070684 -0.394994359244 -0.180729648983
0.434543034401 -0.39319214146 -0.180303576533
0.434181074319 -0.393189128225 -0.180334904252
0.434683014414 -0.391917833144 -0.181269555038
0.435312041253 -0.390193641366 -0.181692524594
0.435225184271 -0.390054571714 -0.181098513728
0.436234749914 -0.387811059179 -0.182893472907
0.436966488938 -0.388124131675 -0.184093217008
0.438011929303 -0.386788968976 -0.185384901597
0.438464648944 -0.385502960817 -0.184825484897
0.438705633873 -0.385128208249 -0.186079450634
0.439079936527 -0.385096774575 -0.185720263677
0.439825026574 -0.384383552285 -0.186348982787
0.439914981221 -0.384324510052 -0.186401449384
0.440226114416 -0.384040945449 -0.186585207491
0.439985831259 -0.384100123411 -0.186323913738
0.439525550706 -0.383762292319 -0.187460740597
0.439299128335 -0.384373440045 -0.186999198465
0.439226763506 -0.383761487621 -0.186941568799
0.438700585626 -0.384083318349 -0.187026856048
0.438424581531 -0.383274711495 -0.188453807899
0.438346316244 -0.382223345685 -0.188248885305
0.437953347307 -0.382215369706 -0.187814641797
0.438174079932 -0.379944729475 -0.187961963083
0.438315671423 -0.378043660868 -0.188113158745
0.438361457332 -0.375602773628 -0.188999756518
0.438310960111 -0.374625208648 -0.188818163107
0.438712843615 -0.369308108412 -0.188470368468
0.43864354988 -0.367302328928 -0.188805911464
0.438965386446 -0.365159567777 -0.189322087979
0.439117870392 -0.361362779692 -0.189079079086
0.439309394023 -0.359364749443 -0.188706956857
0.439084262395 -0.357836524259 -0.189836131374
0.439191373629 -0.356597078823 -0.190209868246
0.439205381974 -0.354540751625 -0.189430979727
0.43891586488 -0.352939116249 -0.189874167189
0.439127116754 -0.351227160573 -0.190039438455
0.438955862898 -0.3498717816 -0.190636530484
0.438786383147 -0.348079876631 -0.189741330917
0.438388153152 -0.345244338377 -0.191139427283
0.438368765202 -0.344598346723 -0.190779515212
0.438906396539 -0.342150262536 -0.190534468108
0.438493610085 -0.340015455517 -0.19010024951
0.438741333448 -0.337958386476 -0.190222849814
0.438842538941 -0.334253715325 -0.190719094906
0.438847997171 -0.331488726326 -0.190749000341
0.438799270605 -0.32812843612 -0.191733201244
0.4387535312 -0.325876995758 -0.192037629571
0.438914052664 -0.322167801313 -0.192033471817
0.438607974998 -0.32043367399 -0.191159550221
0.438737026129 -0.31812787501 -0.191572228303
0.438962265869 -0.316647954622 -0.191526174772
0.438858939525 -0.313659013059 -0.191363316143
0.43908045615 -0.311574957905 -0.191216560455
0.438890146018 -0.310036558959 -0.191496745674
0.438590610862 -0.30793643367 -0.191300724799
0.438431274093 -0.306090011057 -0.191576425354
0.438507917694 -0.30204947595 -0.191343174141
0.438537188695 -0.299651853115 -0.192432630999
0.438461379773 -0.297066299371 -0.190998170539
0.438336976656 -0.293830259499 -0.191795841917
0.438355211261 -0.290323265974 -0.192096768326
0.438535715289 -0.288097490941 -0.191371614203
0.438485419238 -0.284339478103 -0.192019535093
0.438509568883 -0.28230269553 -0.191786473524
0.43851376049 -0.27386082175 -0.192054819892
0.438481258409 -0.271285077939 -0.191245186317
0.438406921787 -0.267938273558 -0.192117120882
0.438530699475 -0.263478100917 -0.192266112408
0.438224629564 -0.259741194873 -0.19192796601
0.438086814757 -0.256154362414 -0.192881338066
0.438085392892 -0.252163692418 -0.192652835157
0.438019110835 -0.247285973198 -0.191413720278
0.438161347195 -0.243121798428 -0.191897917053
0.438091709663 -0.239925076907 -0.191936290488
0.43780658146 -0.234575144082 -0.19200853322
0.437944849886 -0.225321661807 -0.192153755757
0.437815372394 -0.220904509787 -0.192405310186
0.437942083477 -0.216489140767 -0.1919672545
0.437225177202 -0.209199556563 -0.191817767586
0.437189068734 -0.205124753028 -0.192035386499
0.437539543991 -0.202408086745 -0.191925163347
0.437414048185 -0.193517431676 -0.191259503279
0.437554696231 -0.190752411729 -0.191150344084
0.437417419204 -0.188362966766 -0.191729489454
0.438291030063 -0.18083885805 -0.19240491509
0.438467904506 -0.178304597307 -0.192317444579
0.439019425885 -0.174516938999 -0.193051603805
0.43917557937 -0.173085308139 -0.191871586258
0.439295255203 -0.169614035392 -0.192136169501
0.438959033627 -0.16864815595 -0.192572164018
0.439121914119 -0.167422495109 -0.192398347076
0.439498281753 -0.167010589757 -0.19252055481
0.440193738564 -0.166561166634 -0.191699603216
0.439502676632 -0.166429635485 -0.192412916085
0.439966774492 -0.165129199988 -0.19266526016
0.44001564777 -0.164392842192 -0.192237998811
0.438588487045 -0.166290027749 -0.192578496779
0.438790747958 -0.166585225797 -0.19223714527
0.439128452932 -0.166094766907 -0.192893392788
0.439227645 -0.164623956737 -0.192332053998
0.439588858622 -0.164312747323 -0.192358141613
0.439161432562 -0.16599693622 -0.192068257978
0.438517487033 -0.170647263568 -0.192454936753
0.438722220231 -0.172510298886 -0.192342251634
0.437210647027 -0.175519652506 -0.193232770308
0.436844789624 -0.174621761199 -0.194081203818
0.436055117883 -0.179383345261 -0.193207967556
0.435952804517 -0.173787344052 -0.193181346145
0.43812945598 -0.16192212117 -0.19434971572
0.437016219991 -0.165303630644 -0.194067346941
0.439691106512 -0.153220722774 -0.193004108518
0.438580095353 -0.153461777183 -0.192762194702
0.439714622812 -0.144523274717 -0.192632521114
0.43873883431 -0.139307172768 -0.192579004379
0.438374792356 -0.137457616865 -0.190709931934
0.4376754718 -0.136622488489 -0.189683795554
0.436463044877 -0.135616942766 -0.186825098664
0.436418551369 -0.134874949354 -0.186876381297
0.43709624707 -0.134638674141 -0.186594875027
0.437524775811 -0.134315254209 -0.186495245776
0.440522063549 -0.132431573293 -0.187913485039
0.440549382163 -0.131492062632 -0.187841101201
0.437051486929 -0.130617077323 -0.188126491131
0.43822468712 -0.128750394654 -0.188116951369
0.438226713163 -0.128719741356 -0.18794481461
0.4381596759 -0.12498507138 -0.188309766833
0.437695102296 -0.121727241164 -0.189231083947
0.437402352797 -0.121213129862 -0.188780659813
0.436336331049 -0.11987700006 -0.189194603537
0.436871454754 -0.118338668256 -0.189422934692
0.437052144054 -0.117820508014 -0.189921492198
0.436010291746 -0.117401451943 -0.189932179384
0.436667293004 -0.118331119994 -0.188905619987
0.435189405191 -0.118087369627 -0.189639051832
0.435544798724 -0.119207042892 -0.189597666146
0.435133482584 -0.119508489193 -0.189938392288
0.435228228243 -0.121854923767 -0.190834751893
0.434247374444 -0.121550296588 -0.190371325952
0.433488055002 -0.118212787014 -0.190049668648
0.432701458326 -0.121380173678 -0.190242436044
0.434087815966 -0.113263876986 -0.192370788031
0.434822094534 -0.108875070857 -0.191655993944
0.434060864058 -0.114571885784 -0.191317161739
0.434872771191 -0.107250285283 -0.191267191787
0.434658572573 -0.108715984338 -0.190670789465
0.437022454463 -0.0871001606857 -0.189660602795
0.435120995391 -0.0753878242827 -0.187466858956
0.433948197621 -0.0721964127867 -0.184926502681
0.431482200096 -0.0689781853036 -0.180932579224
0.431176213868 -0.0649517283052 -0.180907421191
0.432762170234 -0.0626685193056 -0.183242262306
0.433792326361 -0.0625446058547 -0.184379735607
0.438105889264 -0.0643728382376 -0.187924365397
0.437283259901 -0.0636150018118 -0.18772063979
0.436100084711 -0.0625080480375 -0.187973323776
0.436373843409 -0.0602162370074 -0.187268018022
0.435373265335 -0.059235775703 -0.187501395538
0.435031404911 -0.058310171251 -0.188309191308
0.435495901614 -0.0587360407107 -0.188650871816
0.434609990391 -0.0573799131703 -0.189689043106
0.435441654234 -0.0549637563565 -0.188784412011
0.434945394547 -0.0560645510021 -0.189586805396
0.435420295142 -0.0506537997487 -0.189782954726
0.435999865027 -0.0501768065335 -0.189605444889
0.43582437088 -0.0469696582831 -0.189909096289
0.435739768236 -0.0465176224918 -0.189792569356
0.435643183739 -0.042261961014 -0.18955633374
0.43546943293 -0.0423633269805 -0.188943589349
0.434377806301 -0.0407749731974 -0.189363874072
0.434080562672 -0.036936434864 -0.188871465916
0.433802315833 -0.0372024572079 -0.189776988945
0.432242207551 -0.0363213978626 -0.189438992199
0.430908156738 -0.0402323880813 -0.189531584024
0.430484661647 -0.0400459029412 -0.190280415996
0.433098252834 -0.0310622393451 -0.19069313677
0.432154856561 -0.0329667803207 -0.190205378735
0.431797332285 -0.0327885486382 -0.190828433783
0.43302324674 -0.0245648425781 -0.190401920791
0.435407716822 -0.0140494666089 -0.190297034411
0.434588081315 -0.0140706647288 -0.19021140384
0.436219006166 -0.00320749779652 -0.18908781421
0.434763299752 0.014284318492 -0.186469996998
0.430401811733 0.0216396794359 -0.18013193533
0.430169473928 0.0290107585923 -0.178881665983
0.425324771228 0.0220220339217 -0.178544173311
0.424466489511 0.0157743712006 -0.180360001075
0.42790282196 0.0163057417874 -0.183292188587
0.428036939229 0.0131138020346 -0.18161238366
0.428665688307 0.0132385103211 -0.18085436515
0.431986849904 0.0175896812345 -0.182738126724
0.431444683907 0.0217340798487 -0.182203015016
0.43028973258 0.0221815018241 -0.182961337443
0.431566569444 0.0241378212158 -0.183171294256
0.428851103568 0.0217653899531 -0.18312620148
0.42918006741 0.0216313873362 -0.183432558773
0.428282620973 0.0185499177527 -0.183379710429
0.427416090983 0.0182105417876 -0.183506295202
0.427450451258 0.0165405410407 -0.18443773975
0.427341667559 0.0196306278256 -0.184412593187
0.427354201859 0.0235414397704 -0.1842330071
0.426817479998 0.0235272759299 -0.184853334378
0.426992308017 0.0271674995879 -0.185444185505
0.42580032574 0.0270435322498 -0.186719070812
0.424074265484 0.0222372487093 -0.186492216124
0.426130769873 0.0289402463593 -0.186826676897
0.425521704959 0.0283943438481 -0.187888664083
0.428006010335 0.0364824818805 -0.188568151497
0.425834949427 0.0311101697961 -0.187993102942
0.427804383549 0.038838985932 -0.188205699826
0.429986420248 0.0452220164979 -0.188603010574
0.429638072024 0.0439447931918 -0.18963446604
0.428307741708 0.0478665335912 -0.187408319742
0.425460820253 0.0505138665194 -0.182770173055
0.41662852385 0.0592796484457 -0.174104264071
0.414185201182 0.0610693452001 -0.171702427516
0.411504953626 0.0625878490345 -0.172335274186
0.41030976242 0.0621534113546 -0.171790072518
0.410266340962 0.0619621225618 -0.171776525071
0.411122892497 0.0616711614801 -0.171335106998
0.411055434128 0.0616609330907 -0.170728577723
0.410824391381 0.0601944418615 -0.17064571191
0.409437939478 0.0599635008402 -0.170565137419
0.409223055477 0.0614636906385 -0.169995267772
0.408388589168 0.0590795563592 -0.169882891064
0.408904162499 0.0611797809518 -0.169991382648
0.407903815518 0.0588764410772 -0.169100871822
0.408810282041 0.0619596854827 -0.16995814511
0.410633547132 0.0642669014643 -0.169882772725
0.410624982052 0.0634647343288 -0.169915811978
0.411146471626 0.0655419665893 -0.171066138571
0.410582178169 0.0626866103541 -0.170464759294
0.410418670966 0.0640260006738 -0.170482223607
0.411247498554 0.0647730384239 -0.171068580838
0.411151321181 0.0662526493249 -0.171053978554
0.412108270859 0.0720629173725 -0.170084907709
0.412077926795 0.0735720043467 -0.169655547212
0.411762439215 0.0754835852922 -0.169790138828
0.411048902542 0.0793867733577 -0.17021846549
0.4097099773 0.0807544424005 -0.170667610182
0.408211075779 0.0839056918421 -0.170666837477
0.407899869988 0.0881772437236 -0.170944137365
0.407965861298 0.0936200045872 -0.171357979643
0.409305763951 0.102138434346 -0.171351442889
0.411011430919 0.113091706246 -0.171560538661
0.408443471555 0.116129582874 -0.170835182937
0.410119980817 0.123730308633 -0.170994163522
0.408139527477 0.124969145988 -0.170542374047
0.40946481921 0.13106172117 -0.170887846169
0.409668946422 0.138289299962 -0.170935605452
0.408618796497 0.139101168853 -0.170329308491
0.410018015326 0.143784029115 -0.169954150686
0.4107674625 0.145427965425 -0.170051524595
0.410511560748 0.143402412115 -0.17005586012
0.410397770775 0.146404391899 -0.16965062232
0.41065860354 0.144421940992 -0.169138289749
0.411126116619 0.145600414293 -0.169588114571
0.410351583521 0.147334551678 -0.170047721324
0.41006109971 0.14676442142 -0.169773460322
0.41041319501 0.151290137993 -0.170097849558
0.410121457048 0.152325995858 -0.170129459353
0.4102338746 0.157567531516 -0.170752325884
0.410102101444 0.1619617953 -0.170573615116
0.408460029806 0.160772710944 -0.170647228462
0.407886399564 0.160962083737 -0.170626236131
0.406605300941 0.157227176953 -0.170998631156
0.40917032509 0.161865163701 -0.171223735415
0.408855581684 0.159605605288 -0.1711702086
0.411674533302 0.16365670267 -0.171436381053
0.413376429803 0.168064848667 -0.171708098631
0.41212490613 0.164826364466 -0.171826054414
0.412669529531 0.165134470507 -0.170838553977
0.413982286279 0.169781056815 -0.171212240442
0.413735347395 0.167954113866 -0.170869415073
0.414106013642 0.170090694465 -0.17073997918
0.41395216327 0.172359039986 -0.169867454868
0.413506464103 0.171228544775 -0.16936860596
0.413303146313 0.171995666358 -0.169410272122
0.413106710033 0.17116781441 -0.169421225536
0.412768665145 0.16971319561 -0.170289585122
0.4126067114 0.168444240503 -0.170094365915
0.411816822697 0.167247982943 -0.170094510511
0.411218827335 0.167207104929 -0.169884548386
0.410149207936 0.163862886566 -0.169586723303
0.411733547373 0.165397752998 -0.169595500119
0.413076698904 0.168696759146 -0.169778846565
0.413482455362 0.170816184682 -0.169342170838
0.413328194094 0.172059199333 -0.168806554663
0.414787633885 0.173633544298 -0.169278223056
0.413690568937 0.1733908781 -0.169044961981
0.413875340711 0.172693840504 -0.168656006277
0.416565457357 0.175917313834 -0.169523054438
0.417216017741 0.176862216201 -0.169331047156
0.414856380341 0.173610628604 -0.168837672877
0.411143360143 0.168201438666 -0.169865699878
0.411847001258 0.16853391082 -0.169757286342
0.410680435088 0.167673439263 -0.170213909385
0.40978747143 0.167762132735 -0.169208778151
0.413250421291 0.17197007441 -0.169989545331
0.414245913945 0.172524704917 -0.168737847619
0.410785563463 0.168146370854 -0.168862814485
0.411311970659 0.166852353301 -0.1690842554

