0.447310213426 -0.283930198834 -0.178080181536
0.447304704875 -0.28399016618 -0.178234977619
0.446883449872 -0.284090295961 -0.178479825845
0.446725065192 -0.283910497053 -0.178294087995
0.445120172776 -0.283641844513 -0.177154120453
0.444226857186 -0.283078794074 -0.175098487914
0.442830775903 -0.282186068415 -0.172239649098
0.44237053301 -0.281629326499 -0.171763565209
0.44230220754 -0.279817564477 -0.171690517456
0.442318191407 -0.279916273295 -0.172454366803
0.442412122208 -0.278591438145 -0.17340402081
0.442606433361 -0.277644714205 -0.172465412101
0.443150016751 -0.277103521912 -0.173113459126
0.444980669374 -0.274678320913 -0.17693183245
0.446675766487 -0.273953793327 -0.177278405684
0.447311349462 -0.272983032619 -0.179067475752
0.448591981175 -0.271556412731 -0.180204238384
0.449571754863 -0.270840068706 -0.181338854912
0.449651875286 -0.271392792702 -0.181193345884
0.449709040846 -0.269708423374 -0.182380742817
0.450643436217 -0.270284271004 -0.182396808124
0.450868037137 -0.2711278341 -0.183845859705
0.450673738012 -0.271446031393 -0.183847261688
0.45043543977 -0.271826397883 -0.184290692775
0.450170207012 -0.271420997692 -0.1844009112
0.449796675331 -0.271284907365 -0.184377552889
0.449605189219 -0.271589835895 -0.185623922671
0.449413876329 -0.271645578231 -0.186233277004
0.4494374513 -0.27091783877 -0.185303749383
0.449026498256 -0.271052759362 -0.185730166836
0.448626568316 -0.271412011425 -0.185548785164
0.44856696613 -0.270949252127 -0.185733112772
0.448457557684 -0.26850032764 -0.185993078328
0.448065385011 -0.267994794306 -0.185982578959
0.447739092039 -0.265286481765 -0.186814063782
0.447957693995 -0.263134276847 -0.185894044176
0.447898429719 -0.260878404055 -0.186365461513
0.447744193037 -0.258878009891 -0.18697443494
0.447531906124 -0.254156878694 -0.186366465561
0.447861237811 -0.250926198353 -0.186397644595
0.447762809541 -0.247827999065 -0.186214212089
0.447607989412 -0.243767535661 -0.186635277754
0.447852067565 -0.237241001029 -0.186536513849
0.447792820078 -0.234496263549 -0.186994383374
0.447565588876 -0.229712322616 -0.187534607742
0.447798460268 -0.225624904407 -0.187632346782
0.447521700035 -0.222361964426 -0.187505176599
0.448108503811 -0.215985866333 -0.187255194691
0.447996290951 -0.213120115208 -0.18755780567
0.447752696966 -0.208428530981 -0.187936806119
0.447608117513 -0.204414955887 -0.187802415909
0.447941775122 -0.199724819481 -0.188370082498
0.448052593257 -0.197627880877 -0.187668544962
0.447654755279 -0.193523159161 -0.188205128046
0.447187015161 -0.186217725164 -0.18885250273
0.447288202243 -0.184342196331 -0.188435441371
0.447290125741 -0.181962723791 -0.188486741954
0.447096009483 -0.181025282446 -0.188673793785
0.446618822875 -0.177856167363 -0.187894381606
0.446434601268 -0.177850995802 -0.188039418211
0.446313750657 -0.178910358383 -0.187860403106
0.446249935334 -0.179236221528 -0.187883414859
0.445798249479 -0.176758660397 -0.188411431403
0.445882167191 -0.177431291277 -0.188959487491
0.445788976199 -0.178297380285 -0.1888013113
0.446480486846 -0.168880658545 -0.188891597761
0.446481209748 -0.170149482646 -0.188708873307
0.446383212837 -0.170611705925 -0.188723668142
0.446524023335 -0.171505739177 -0.187595007336
0.447351350524 -0.161825737641 -0.188202430048
0.447593261787 -0.162221169116 -0.189044029074
0.447961431251 -0.162219459983 -0.189000597851
0.448412825295 -0.154133747984 -0.188757800372
0.448829632099 -0.151470452245 -0.188694984327
0.449141371789 -0.149163117562 -0.18833798565
0.448255972303 -0.146856385714 -0.188002604327
0.448507430222 -0.14521613051 -0.187309352305
0.449360524004 -0.142021349254 -0.185662277929
0.446136024131 -0.148516812007 -0.18471171485
0.447255967591 -0.147675472004 -0.18414365201
0.448270323288 -0.147373439949 -0.184749001273
0.447308097887 -0.150636466193 -0.18516715083
0.447981127083 -0.150090510008 -0.18449746373
0.448096198683 -0.148552045418 -0.185055393742
0.448656123875 -0.147956437807 -0.184246561104
0.447479207946 -0.15006750309 -0.184413777701
0.44776741517 -0.149182863823 -0.185019455684
0.449086010414 -0.145467838792 -0.184662685482
0.446613011567 -0.150612451028 -0.185213683036
0.447314676668 -0.149142685993 -0.185835480168
0.447702458271 -0.14785287709 -0.185096088492
0.447155853893 -0.150827656628 -0.18462245462
0.447631842098 -0.150346757324 -0.183428069529
0.445226476142 -0.156545209946 -0.184802791904
0.445791385762 -0.158216931924 -0.184540873316
0.44376757738 -0.164518913493 -0.185198431915
0.443596751392 -0.165201126099 -0.185092854859
0.443349327688 -0.166216871882 -0.185812226799
0.443457427601 -0.167195370049 -0.185785452389
0.443547146946 -0.165376720692 -0.186913772989
0.443894231037 -0.159577256969 -0.186754845265
0.443001315405 -0.164592661843 -0.186771533343
0.443464967545 -0.158616412815 -0.186793449842
0.444788356661 -0.150734671793 -0.187234098247
0.444695484179 -0.151079228178 -0.187451437226
0.444763389018 -0.14667104524 -0.187213415801
0.444588051461 -0.145259110763 -0.187944612055
0.444524926207 -0.146949042212 -0.188484898072
0.444281881527 -0.145300687659 -0.187581482744
0.443516072209 -0.149503414294 -0.188254259784
0.443937950631 -0.144271563006 -0.187965175423
0.444780662676 -0.138086516164 -0.188679331389
0.445118951486 -0.1378322087 -0.189027940235
0.444474702751 -0.134220701587 -0.188367968473
0.444670709966 -0.13297383032 -0.188916202241
0.444464489284 -0.13078626163 -0.189164917585
0.444913546526 -0.131372976673 -0.188558938692
0.444313288897 -0.1307700553 -0.189488713459
0.44467287492 -0.130587447452 -0.188643269056
0.443358371799 -0.130839030827 -0.187560967119
0.443320085213 -0.132036800267 -0.187907185817
0.441496781311 -0.131842129984 -0.187872713598
0.441756403447 -0.129337543624 -0.188285405552
0.44064810588 -0.131649278059 -0.188827646975
0.442060599061 -0.122278759276 -0.1889427263
0.441564628334 -0.123310719316 -0.188622808691
0.443337162216 -0.112335737192 -0.188122008461
0.442055690572 -0.11476324699 -0.188436106659
0.4428904919 -0.104982763625 -0.189112326898
0.441883944791 -0.106925123881 -0.18938916525
0.442943161857 -0.0979221808295 -0.188577700622
0.441497136485 -0.0962956877596 -0.188999342805
0.442024554673 -0.0870309783538 -0.188213374764
0.443010458727 -0.0721007074676 -0.186794096231
0.443241742816 -0.0676984488806 -0.184988527295
0.441269215499 -0.0655430056307 -0.183444672208
0.441738573112 -0.0646035124682 -0.183136423853
0.440436146628 -0.0674636935868 -0.183386768918
0.440269283408 -0.0683295626623 -0.183580319246
0.43938279916 -0.0668926914475 -0.182562600046
0.440364758741 -0.0606255294922 -0.183683481174
0.440561900786 -0.0605372114625 -0.183111230424
0.441624034413 -0.0536936711607 -0.184047792
0.442064105287 -0.0532015376864 -0.183526698825
0.44185250449 -0.0478685434872 -0.183670910578
0.441092956819 -0.046041608773 -0.183715009426
0.442647071927 -0.0424330597284 -0.181492933459
0.44313082973 -0.0414021976015 -0.180661473121
0.442528712697 -0.0424510218458 -0.179535005083
0.442577409257 -0.0422395966185 -0.179385240127
0.43950880036 -0.0476646442575 -0.178953567717
0.441099737634 -0.0495196150992 -0.179396954114
0.439181850814 -0.0515167953472 -0.180325577459
0.439075294486 -0.056366440397 -0.181081249444
0.437924820574 -0.0542605517774 -0.181835225382
0.437947306105 -0.0513282121002 -0.18304392616
0.43719953471 -0.0568069878975 -0.183635778433
0.438247765776 -0.0512167142338 -0.185575021619
0.436174329069 -0.0570901270614 -0.186923921438
0.438637071144 -0.0502168293806 -0.18760548518
0.437231867681 -0.0563268527773 -0.189045056663
0.439656633061 -0.0459934701268 -0.188130619883
0.440122340945 -0.0377878357929 -0.188077464746
0.439338342986 -0.0399535215473 -0.187997804153
0.439528744863 -0.0291894445345 -0.187229231168
0.438992476682 -0.0258024754265 -0.187233992256
0.43671619774 -0.0139559188359 -0.183446316933
0.435842304567 -0.00853058595112 -0.181294493624
0.435600182272 -0.00193115204482 -0.179383025367
0.4356190447 4.14305659682e-05 -0.178509545093
0.436499787584 0.00418666890315 -0.179155608673
0.43799522223 0.00923806163897 -0.178555706139
0.438318183756 0.0102912131757 -0.178077626727
0.440160052893 0.0148465517423 -0.177555154792
0.440700939153 0.0167091256697 -0.177682695662
0.439901836975 0.0162168143638 -0.177888627134
0.438383258974 0.0139157601999 -0.177927053006
0.438435647258 0.013366890186 -0.177824362565
0.438063638931 0.0132594462055 -0.178337984606
0.439006616204 0.0137957409246 -0.178133929525
0.438608420183 0.0145758521923 -0.179081073502
0.438477085814 0.0152883422985 -0.179025886263
0.439422183817 0.0149955050014 -0.179022754747
0.437952935319 0.0133746937226 -0.179350175431
0.437239714301 0.0128722405254 -0.179986058875
0.438367314771 0.0145608154718 -0.180141114226
0.436938605156 0.0129575949044 -0.180540831838
0.437666251103 0.0141071543778 -0.181113281271
0.43545615868 0.0114227014729 -0.181318278161
0.435257036782 0.0105690432957 -0.181278267892
0.434012857472 0.00786248395632 -0.181240873146
0.433570067965 0.0074270945657 -0.182200026275
0.432425163246 0.00637970884945 -0.182670261822
0.431661379818 0.00465917395412 -0.182552632613
0.431502154372 0.00710070532766 -0.184095546048
0.434738571226 0.0174169529498 -0.184522360897
0.43336418906 0.0155495815248 -0.185479857271
0.436063854369 0.0246301205136 -0.186025523644
0.433278903756 0.0189489467539 -0.185554055329
0.434293421358 0.0249203818448 -0.186487609292
0.430340359099 0.0204355509529 -0.186315021753
0.432055027912 0.0302750762544 -0.18453428071
0.425297526608 0.031154865441 -0.176517147598
0.423443559702 0.0437907181072 -0.168399448526
0.414345315044 0.045376902262 -0.165016627716
0.415782529214 0.0570957823374 -0.165064481666
0.415808105016 0.0695249717992 -0.165221761468
0.414174278967 0.0726014051239 -0.164558392595
0.415441860508 0.075685380509 -0.164106876237

