0.460914567271 -0.183447918894 -0.171317449146
0.460299957105 -0.183443621306 -0.170603325538
0.459536119418 -0.18356492799 -0.170502700522
0.458943134955 -0.182704311797 -0.169449695173
0.45860859615 -0.182839747533 -0.169676473342
0.458463166189 -0.18322963146 -0.16927916356
0.458356293448 -0.182356427328 -0.168969771307
0.459082324656 -0.182756617108 -0.169276304937
0.459282794744 -0.183092718716 -0.168714390996
0.459650239444 -0.182660902874 -0.169146659695
0.460576877823 -0.182469513115 -0.171098929583
0.461805816225 -0.182386144056 -0.171183740143
0.462729431793 -0.182037817095 -0.171713878057
0.46275542944 -0.181461740472 -0.171995160261
0.462608041738 -0.179774868665 -0.171696488284
0.462969949282 -0.179113495021 -0.171800212774
0.462293381057 -0.180380665576 -0.171707561076
0.462644262069 -0.179342222787 -0.171892190892
0.4627543189 -0.179130678755 -0.17147876776
0.462916155237 -0.178063859252 -0.172169861282
0.461511489785 -0.179388586327 -0.172856484795
0.462184744601 -0.177710679952 -0.172949743634
0.462673353738 -0.176327592994 -0.172424729385
0.463389524908 -0.175511788187 -0.172262265167
0.461436905778 -0.178986410187 -0.173191491618
0.461729924064 -0.178373936831 -0.173278031902
0.461846733128 -0.177217637117 -0.172988046773
0.462487579313 -0.176281489691 -0.172921560072
0.459861945691 -0.181550064261 -0.172581639659
0.460222137213 -0.180490190305 -0.172570193057
0.461265146285 -0.179533896968 -0.172880015131
0.461663364039 -0.178864618504 -0.173833726699
0.460209259632 -0.181905924969 -0.173854578511
0.460383381226 -0.181002625951 -0.17297442343
0.460416728944 -0.180656471002 -0.173604203566
0.460590880168 -0.180332221382 -0.174091469315
0.458496619083 -0.18467646546 -0.17448972483
0.459543561022 -0.18661241717 -0.173980693477
0.459562492401 -0.186758563967 -0.174443630663
0.459773890231 -0.186368109261 -0.174161056783
0.45895085806 -0.187863862696 -0.174682099046
0.459268460534 -0.188104729217 -0.175083643344
0.459316194361 -0.188677510699 -0.174983995414
0.457925940002 -0.188692714079 -0.175038374094
0.458062122981 -0.191328584596 -0.175263317735
0.458218695424 -0.192221817771 -0.175304343293
0.457306413532 -0.18882385972 -0.176405345994
0.457267217108 -0.191798109707 -0.175863319688
0.457103006428 -0.192697219732 -0.175971573627
0.456594457769 -0.193928778701 -0.177393920086
0.457178656136 -0.190902012718 -0.176685002424
0.456810423794 -0.193532732409 -0.176662519051
0.456596090442 -0.194933371713 -0.176759710333
0.457173597297 -0.188215405941 -0.177016549613
0.456821384253 -0.190260636498 -0.177498616177
0.456241798532 -0.191937180166 -0.177591340587
0.456222287796 -0.192477889988 -0.177143263786
0.457654832322 -0.183092166304 -0.176529911208
0.45778387702 -0.183828418421 -0.176519266437
0.457751939763 -0.184141099589 -0.177563473796
0.458292211779 -0.178222508936 -0.177054864292
0.458081176356 -0.17918081708 -0.176769966378
0.457891417108 -0.180874266882 -0.176361105172
0.45702410311 -0.17930737627 -0.177182137446
0.45704134383 -0.181546147696 -0.176499616587
0.457032100128 -0.183017722781 -0.17668445571
0.456811281578 -0.181671204503 -0.177057576052
0.456689252277 -0.183132934874 -0.177089472541
0.456409161373 -0.184522446211 -0.177684077651
0.457434139601 -0.177687126567 -0.177741373582
0.457883729383 -0.176910182104 -0.177430422758
0.458152587869 -0.176254980868 -0.177902699163
0.458318589226 -0.175429721422 -0.177920525234
0.459226127796 -0.168326329765 -0.177299197801
0.459352698458 -0.166966843387 -0.177700913857
0.459776819908 -0.16658605054 -0.177548674466
0.458658413535 -0.163023342949 -0.1789834656
0.459207880694 -0.161200983751 -0.178485711172
0.459139511288 -0.160084233292 -0.17906286083
0.45837012337 -0.159253321815 -0.178640877785
0.459145890807 -0.157694664354 -0.177928800649
0.459262294659 -0.156972721917 -0.177806230101
0.457274910223 -0.157235486189 -0.177326164898
0.457321860266 -0.157560531433 -0.177583909771
0.456204427761 -0.155078788137 -0.177416678816
0.455916978563 -0.155454179862 -0.178234907891
0.45605558418 -0.150762745274 -0.177843900455
0.455882174316 -0.152651211679 -0.177724801894
0.456525734011 -0.146370092891 -0.177743051497
0.456489223223 -0.147173724452 -0.177590628125
0.456347221301 -0.143720360823 -0.178043483592
0.456904536547 -0.139932719108 -0.178121669849
0.456649826398 -0.140459489582 -0.178566945592
0.457560500639 -0.132162974386 -0.178951053358
0.457320555773 -0.132128658694 -0.178923321101
0.458113585473 -0.121792239839 -0.17814827378
0.457143132088 -0.121975154811 -0.178398676937
0.457007636153 -0.121893239327 -0.17772831155
0.456601300794 -0.113342687516 -0.17831092803
0.457520662986 -0.103030562089 -0.177517936498
0.457444940081 -0.102797542317 -0.177440025193
0.456990860867 -0.0966342183811 -0.178813686786
0.456858324548 -0.0908868931139 -0.177863930877
0.456809966386 -0.0891939725738 -0.177459506233
0.45677247947 -0.0831089431579 -0.178119337792
0.457338070103 -0.0814087212529 -0.176874414773
0.457987273421 -0.0747004107671 -0.177569252351
0.457792161121 -0.0703871962656 -0.176726668966
0.458592345285 -0.0681034778341 -0.177939453772
0.457526535939 -0.0675546516339 -0.177485162757
0.456694808282 -0.0676776820879 -0.177742241144
0.456062351937 -0.067928747193 -0.177208470382
0.456494443903 -0.0684245296566 -0.177359894907
0.45681993816 -0.0656957112484 -0.177333468502
0.45659935628 -0.0636152010055 -0.177037683008
0.456708112335 -0.0650418975609 -0.176106192709
0.456120229377 -0.0613865224313 -0.176923884022
0.456029571284 -0.0562336145394 -0.177227425114
0.454913045407 -0.0591389544437 -0.177258411572
0.454252050152 -0.0597702743353 -0.176809752886
0.453545057556 -0.0629424632203 -0.177566463652
0.455673121933 -0.0544252607644 -0.177726213333
0.454721579142 -0.0592047472553 -0.178367389892
0.456874133697 -0.0477687433418 -0.177559183544
0.456395061769 -0.0496804307125 -0.176498206868
0.456462266849 -0.0358302409143 -0.177216830285
0.456485021482 -0.0263197923934 -0.176215797665
0.455065027715 -0.0161073382115 -0.172271710836
0.453669984387 -0.00774707824771 -0.169616823518
0.453184271909 0.000667400603136 -0.165431798702
0.455455072182 0.00994906494394 -0.161511261944
0.45661058507 0.0138265885116 -0.162101073233
0.45747553582 0.0144970406257 -0.162841434309
0.458187243289 0.0141814893207 -0.16322799406
0.457975009314 0.0138781311998 -0.164460019453
0.457565639832 0.0114335800267 -0.164600488199
0.457309993369 0.00971443463657 -0.164781746173
0.457650382113 0.00968039517566 -0.164007394089
0.457765297958 0.0141515462922 -0.164292318911
0.458336747671 0.0147836420752 -0.164501481847
0.458084965173 0.0168364403696 -0.164716500153
0.459075621044 0.0178431727251 -0.164759553587
0.45748390639 0.0182143287748 -0.165442729935
0.457756238845 0.0181984794465 -0.164992945754
0.455870601245 0.0171220697486 -0.16518442778
0.454721605194 0.0158316333795 -0.165613642464
0.45543842457 0.0161774518118 -0.1655025305
0.454737147526 0.0148912894479 -0.166582273345
0.454252571755 0.0155472326493 -0.166217326809
0.454411619895 0.0142169951459 -0.166734283641
0.454471012181 0.0188943998656 -0.168427710412
0.454438853497 0.0232668500042 -0.167304248095
0.453781242497 0.0203192349279 -0.167300244794
0.453853266559 0.0264352819464 -0.167355572527
0.454436607966 0.02820590855 -0.16737004832
0.453416811373 0.0227360378938 -0.167416811118
0.454213708224 0.0271259717333 -0.167667228147
0.452978317515 0.0229399955626 -0.167310874356
0.453512357569 0.0333384628056 -0.166450549647
0.450480987344 0.0452855627182 -0.162260749964
0.445321562097 0.0516350555763 -0.155682310639
0.439162217459 0.0707532631048 -0.154489433627
0.43566962007 0.0777745417279 -0.155027509548
0.432003297793 0.0859608802909 -0.154692518113
0.430694094367 0.0946852675793 -0.15355003016
0.433248308659 0.101838964852 -0.153939410513
0.434006118039 0.0990575766152 -0.153613586291
0.434889218766 0.102558292706 -0.154225464275
0.435803118073 0.101509635216 -0.154059551736
0.43725310377 0.104133054769 -0.154088290132
0.439461619775 0.104145252311 -0.154368867046
0.442037863055 0.105623491865 -0.154300806497
0.441813482557 0.109542528519 -0.154128779481
0.441909528598 0.112309958389 -0.154552476273
0.443198407326 0.11770582968 -0.154525340858
0.444558193666 0.121387119386 -0.152072689816
0.443975952101 0.120485998945 -0.150475597136
0.448032372064 0.130573998348 -0.147497188181
0.450514744665 0.146187738085 -0.144547754185
0.448913394312 0.144667350212 -0.145003671238
0.452607975842 0.165131783093 -0.144611287529
0.451032128884 0.165390735389 -0.144548713835
0.448978365639 0.180499500221 -0.143281440866
0.446888187707 0.18369227463 -0.144175589268
0.445518656196 0.208183197928 -0.144817641377
0.443539701015 0.211069318314 -0.14551763599
0.441988419422 0.218985441652 -0.147336676238

