0.354007067682 -0.277346796805 -0.140310605521
0.354234985856 -0.276899974208 -0.140063590504
0.353942751009 -0.277848940432 -0.139424523271
0.35340503617 -0.276456451501 -0.139695116885
0.353218452598 -0.276082120027 -0.139318532706
0.352584905486 -0.276099670991 -0.139750477071
0.352616408003 -0.275554751041 -0.139897387078
0.352569109244 -0.275244304344 -0.139955038226
0.352489799766 -0.275240947101 -0.13989950596
0.352626452043 -0.271885798726 -0.140548352414
0.352696968771 -0.271568593843 -0.140578476047
0.352938082084 -0.271118887869 -0.140958943399
0.353184706512 -0.269545530555 -0.14148193869
0.353786915449 -0.26690189698 -0.142103803102
0.353981169448 -0.265877587914 -0.142160271284
0.354706260748 -0.264713065284 -0.142289929766
0.355266605301 -0.263322613527 -0.142015433204
0.355896443999 -0.261774398673 -0.142692805992
0.356010332554 -0.260475390231 -0.142459808238
0.356012935386 -0.261549858077 -0.142570632877
0.356590844246 -0.260809232152 -0.142452898107
0.356928350053 -0.261218814974 -0.142845869341
0.356409109402 -0.261219426817 -0.142385402328
0.356375315516 -0.261251108172 -0.142109382113
0.356398033125 -0.260574706983 -0.142152955158
0.356171440667 -0.259969081535 -0.142593286772
0.356026293725 -0.260466783108 -0.142252142461
0.355740195181 -0.260184056189 -0.143023734146
0.355859117323 -0.259527025765 -0.142558540979
0.355492832283 -0.25972049633 -0.142721002271
0.354983294749 -0.25864054752 -0.143145386892
0.355171120767 -0.257367205257 -0.14301415887
0.354797847033 -0.257775868251 -0.142062475581
0.354513458005 -0.256534773763 -0.142659870525
0.354511845075 -0.253982972276 -0.143409786459
0.354688610703 -0.252401753665 -0.143101800466
0.354407148713 -0.248541043294 -0.143294065786
0.354375177554 -0.246807747097 -0.14317353228
0.354528450199 -0.241753041266 -0.143936025159
0.354602954496 -0.238111348307 -0.143353417899
0.354770998166 -0.234320803368 -0.143415355566
0.354965017191 -0.230121598384 -0.143105962904
0.355178808383 -0.22317156377 -0.143797029833
0.354879014329 -0.219163021259 -0.143761844907
0.355387286739 -0.215368223203 -0.143624820986
0.355365672124 -0.211663912113 -0.143540280723
0.355334000978 -0.201132106049 -0.144436257405
0.355573861469 -0.197818748585 -0.143839585449
0.356196113708 -0.193632256593 -0.144329012614
0.356898303341 -0.189570277686 -0.143947693621
0.357938097953 -0.182070145266 -0.144030147932
0.358700616493 -0.178519862337 -0.144045744764
0.358993087743 -0.175918199965 -0.144679883942
0.358022686861 -0.170282113748 -0.144972666309
0.358389809708 -0.166368246291 -0.144516354824
0.358537040909 -0.164712792659 -0.144256661859
0.356949705279 -0.160127722992 -0.144156427949
0.357209835099 -0.159867199677 -0.143854523405
0.358094473467 -0.158625278692 -0.144267170401
0.358362662703 -0.157996044535 -0.144195574217
0.357407062403 -0.149958277399 -0.144128941409
0.35750901343 -0.15095110709 -0.144153515384
0.358086324877 -0.151863341812 -0.144837683853
0.358453425518 -0.15241063822 -0.14452294967
0.357712558308 -0.144809127239 -0.145222101053
0.357937318062 -0.145745487177 -0.145297904125
0.358547808686 -0.146304728154 -0.145637375523
0.357997640353 -0.141825328464 -0.145081821635
0.357985470795 -0.142136204359 -0.145023711831
0.358602511502 -0.144106579255 -0.144903578419
0.358147984728 -0.137963185353 -0.144735474057
0.358380582847 -0.139094309515 -0.145050282257
0.357853951486 -0.139500622221 -0.144560005436
0.357086412832 -0.140483808016 -0.144877554512
0.35681065383 -0.135296592755 -0.14537526466
0.356377901167 -0.135839677609 -0.145328564513
0.356324856136 -0.136300426128 -0.144537470977
0.356954561914 -0.130370034459 -0.144623447151
0.357128164751 -0.130644850644 -0.143945080628
0.356962064265 -0.13049068507 -0.143598348951
0.355644500509 -0.125617563001 -0.143299175945
0.354761263331 -0.125835949581 -0.142902521934
0.354216708072 -0.125836940736 -0.142687307668
0.351308440056 -0.118748450628 -0.144510010238
0.351115114738 -0.118746625927 -0.144935857785
0.351296538833 -0.118843609211 -0.145549687271
0.351587050131 -0.116266738986 -0.146682643024
0.352712492739 -0.117007851924 -0.146540932924
0.353605575462 -0.117537883208 -0.14657068321
0.350801565486 -0.117518633523 -0.146541116717
0.351647479664 -0.118463882523 -0.14602487508
0.347850484763 -0.1167698479 -0.145872348975
0.348903831997 -0.118396733881 -0.146639800692
0.349933514884 -0.119570144887 -0.146519272013
0.347197446784 -0.117615821328 -0.146581247568
0.348982015521 -0.118660342486 -0.146468407195
0.350311992591 -0.118937595669 -0.146062246833
0.354951341354 -0.117311086696 -0.147775414182
0.356664942216 -0.118064553038 -0.147779265301
0.35341931079 -0.115791763461 -0.149339034343
0.355698925846 -0.113673224025 -0.14920902675
0.358126857712 -0.111812737528 -0.148903228496
0.35747830522 -0.106921899646 -0.148312520481
0.358971513803 -0.104532544602 -0.148521508499
0.35839004978 -0.105733951258 -0.148229304492
0.357963513636 -0.104068802426 -0.148035529555
0.357298706554 -0.106677594572 -0.148220631285
0.357833494897 -0.103793929795 -0.147969650777
0.357535700067 -0.106106783028 -0.148425520888
0.35776174856 -0.102323709322 -0.148041713152
0.358042507327 -0.103809865182 -0.14745627323
0.358292802438 -0.0993825864246 -0.147173817235
0.35819569655 -0.100044439301 -0.147714848277
0.357985551928 -0.0934876460539 -0.147481282343
0.358005875348 -0.093787933336 -0.146467608074
0.358618226522 -0.0856578772354 -0.147865417305
0.358613208602 -0.0849529441495 -0.146700447537
0.358952039659 -0.079116409677 -0.146711432596
0.358368094066 -0.0723404645227 -0.146503488192
0.358574594952 -0.0686246735845 -0.146384094778
0.358283939988 -0.0613687707022 -0.146383942906
0.358491845984 -0.0604820322956 -0.146424952863
0.358218593262 -0.0527825038087 -0.145927211151
0.3579275219 -0.0452200252093 -0.145565994039
0.35842342152 -0.0439748493305 -0.145581362809
0.358030069778 -0.0404844032273 -0.146491373253
0.358198859984 -0.0359834434922 -0.145655161997
0.359090969246 -0.0362023653921 -0.145690266618
0.358853523699 -0.0324816387665 -0.145891581965
0.359326469533 -0.0317610103424 -0.146563790089
0.358965729639 -0.0289082107136 -0.146873350327
0.359060465066 -0.0293672566673 -0.146087537507
0.357782791953 -0.0275981005779 -0.145950493104
0.357210123284 -0.0274290921502 -0.145497549695
0.357420006113 -0.0277536353492 -0.146051152772
0.357284893226 -0.025554847182 -0.146325437479
0.356960503489 -0.0274901911862 -0.146272832262
0.357520797439 -0.0234015084521 -0.14574153548
0.357119180067 -0.0251979598318 -0.146140681386
0.358859026334 -0.0160769280149 -0.145957918632
0.359209863134 -0.0156807291065 -0.146701663206
0.361464085605 -0.00209116699368 -0.146771943741
0.361409449951 -0.00191106554112 -0.146394016981
0.360837765247 0.00861034209682 -0.146432911559
0.359994228803 0.0103804745324 -0.145552552438
0.359540833286 0.0168585871601 -0.144497536311
0.36013458858 0.0275780903625 -0.144536225762
0.360232831208 0.0286858504886 -0.144878848128
0.361157214225 0.0359460718217 -0.144531555907
0.361117256211 0.0363127351815 -0.144704954323
0.360439234465 0.0405292188229 -0.144933075288
0.360212821629 0.0448522000133 -0.145429075136
0.360756834519 0.0432404037185 -0.145040845196
0.361236980504 0.0481374037405 -0.145624186047
0.362621514918 0.0485531094841 -0.145584073372
0.363107299024 0.055158774208 -0.14563003595
0.363776262572 0.0557691837518 -0.145181209844
0.363277686706 0.0611676918767 -0.145833829192
0.362523873666 0.0639405734315 -0.145939094978
0.362207415787 0.0633360060783 -0.145152573275
0.360726496929 0.0659931018389 -0.143776246182
0.35980989008 0.0667876428413 -0.143851829851
0.359139786987 0.0697528771843 -0.144096606838
0.357734041296 0.0714813224975 -0.143679930778
0.355164955608 0.0746952690038 -0.142532529975
0.353751057454 0.0825257080722 -0.144561487677
0.353025289727 0.0828809872625 -0.144320282763
0.353626351016 0.0906714869637 -0.143921466108
0.353591213662 0.0900930183564 -0.144098963878
0.354465078231 0.100799482632 -0.144957507171
0.353925927523 0.101405541417 -0.144714442685
0.35420726423 0.105447951793 -0.144602424109
0.353449285983 0.104267726595 -0.144570490088
0.353849865373 0.112477921697 -0.144339434477
0.353477946836 0.11271576883 -0.144412628431
0.354599350688 0.121454536755 -0.144908968027
0.355063096503 0.127519169841 -0.14420176887
0.353889712564 0.128237063216 -0.144373896274
0.354140557217 0.133730753014 -0.144842776039
0.353718913517 0.133447885455 -0.144506647904
0.354002340041 0.137632814493 -0.145001547569
0.354292604376 0.138337171383 -0.144425222583
0.354716598434 0.144323980839 -0.144993980895
0.354931480892 0.145572971635 -0.144740679321
0.355585325055 0.147107735843 -0.144696690759
0.355377542026 0.147240872836 -0.144672166377
0.355772619714 0.146286139089 -0.1450428881
0.354423980673 0.144795437254 -0.145055412157
0.355224834472 0.144157746937 -0.146449259061
0.354309770047 0.145154230297 -0.145934416558
0.355701043757 0.146989803359 -0.145749429978
0.354174798384 0.146163386376 -0.145666529737
0.354546432369 0.145919701881 -0.145598441411
0.353529114917 0.143866673155 -0.145505729854
0.353744336007 0.144091175199 -0.146040804393
0.35214278283 0.142380356283 -0.145569467071
0.351617325101 0.141550497826 -0.145597638197
0.350909635639 0.142747275858 -0.145627598747
0.350438438179 0.14179579806 -0.145960550167
0.352209986463 0.150745016505 -0.146413221355
0.351575308812 0.151417957109 -0.145981572071
0.353641612896 0.163605921563 -0.146735879053
0.352855586042 0.163529819761 -0.145818858399
0.354775609703 0.17487803148 -0.146330181181
0.354725583102 0.175348483178 -0.147202753051
0.357860414284 0.186975249449 -0.148059569888
0.358331145858 0.186591304924 -0.148046345033
0.362695484055 0.194557838403 -0.150936780211
0.362651632442 0.194013830557 -0.151549097542
0.364438832395 0.20100210031 -0.151421945646
0.363995959242 0.198471440449 -0.151258567951
0.364812406534 0.203600598523 -0.151112973324
0.365396315045 0.201837875972 -0.15137182767
0.365458995715 0.20463496711 -0.152453081055
0.365202386406 0.203278319654 -0.15147874265
0.364479681452 0.204368469504 -0.152142055419
0.364147559387 0.204172753443 -0.151306129528
0.363885275548 0.208358269528 -0.152035773634
0.363945956735 0.209466645424 -0.15109835083
0.36346795249 0.213538741169 -0.15044631934
0.363804416292 0.215410898668 -0.151035026054
0.363710025365 0.221437767933 -0.151571028609
0.364119648662 0.221277290012 -0.150952538505
0.363763310393 0.224016596488 -0.150291249663
0.363486175474 0.223306598277 -0.150867274847
0.362773966626 0.224147478411 -0.151017988982
0.362686467829 0.223274470657 -0.15054370422
0.361824319154 0.224348467329 -0.150868237648
0.361625094542 0.223646165468 -0.150271835577
0.36141356548 0.227904938947 -0.150809704421
0.360642628204 0.227504894821 -0.150007340068
0.36143772456 0.23556938394 -0.150279041299
0.361160913773 0.234951116514 -0.149792508886
0.362995412061 0.243367646172 -0.150382073874
0.362971725454 0.242892207498 -0.150486301738
0.363510957587 0.249248753801 -0.149374649179
0.363858498412 0.250232304851 -0.148824796854
0.363196772056 0.256108472335 -0.149317160022
0.362841554324 0.257588181582 -0.14853637495
0.361847113563 0.259920749876 -0.147124795892
0.360524701677 0.260877161213 -0.146319018076
0.360180380516 0.264358977456 -0.145975542031
0.359818914807 0.264437601404 -0.146518203114
0.361389701974 0.269578867365 -0.145843893429
0.36096424643 0.270337109759 -0.145405127807
0.362391504464 0.277770751906 -0.145643435028
0.361606639799 0.277279791377 -0.145935486735
0.363328140432 0.285239538287 -0.146291620363
0.363016387793 0.284556114677 -0.146834459434
0.364161267868 0.289350062908 -0.14656231339
0.363521690558 0.289144584503 -0.146222975879
0.364584383762 0.295795114156 -0.146115556502
0.364862751398 0.295494444365 -0.145283573897
0.364804278544 0.300034046375 -0.145515209277
0.363901434243 0.299731199749 -0.145261320821
0.363801933909 0.298646482053 -0.145064208419
0.364103375435 0.296846559889 -0.145150448382
0.361725268323 0.296299904847 -0.14473197802
0.361123234498 0.291706546424 -0.144351849654
0.361250535046 0.292596173055 -0.144758133698
0.360584433401 0.289688505886 -0.145273080761
0.361754399529 0.291779735955 -0.145295148347
0.36105145652 0.289636097286 -0.144854899233
0.361955730632 0.295766820713 -0.143625804118
0.36077870356 0.293046073169 -0.142544356251
0.361625190835 0.298048568405 -0.142688253728
0.361165722071 0.296009100082 -0.142842662533
0.360593462084 0.300532196008 -0.142838463859
0.360224964556 0.299961058859 -0.142963909991
0.360039528335 0.302666959587 -0.143817478572
0.360809137275 0.302260699778 -0.144939201587
0.357959319563 0.301884647992 -0.144755350241
0.358846472517 0.300499803816 -0.145220932498
0.357216486603 0.299205241595 -0.144852424428
0.358066249906 0.296637900912 -0.144708676857
0.356723268542 0.299998264143 -0.145074081224
0.357491873479 0.296971513342 -0.145539081986
0.355738270702 0.300461963151 -0.145308856963
0.356293975228 0.295942461455 -0.145065597347
0.355924140833 0.300401314594 -0.144780937336
0.356649753437 0.297404044555 -0.145081796549
0.356101598802 0.300018746437 -0.144645639299
0.357676184034 0.297738541126 -0.144935566973
0.357212725413 0.303195051404 -0.144582097826
0.357193681193 0.300366658454 -0.143618505835
0.354811459961 0.301752386641 -0.14421095748
0.354899625994 0.299848225887 -0.143812680367
0.355081632559 0.303032783391 -0.144198397679
0.355734841899 0.302698901313 -0.143818901644
0.356103976934 0.304309014363 -0.144154119606
0.356334490423 0.303624544495 -0.144313985075
0.356067254293 0.302768865978 -0.144284946249
0.356464307117 0.301501054414 -0.144306121505
0.355177611015 0.300860975092 -0.144290445542
0.355024579395 0.299370940614 -0.144221486803
0.354070832804 0.299506574914 -0.14451612851
0.353980755892 0.299624937937 -0.144278745715
0.355327671215 0.302450361563 -0.144292522325
0.356336680576 0.30379790381 -0.144605962792
0.354535607714 0.302298404049 -0.143957236224
0.355778471246 0.303162136788 -0.143944676665
0.352933144297 0.300186631175 -0.143319704146
0.352751314881 0.299605061784 -0.143888774469
0.352355996564 0.298310607842 -0.143403804631
0.350594963301 0.2956912045 -0.143794282331
0.350437220291 0.295717846096 -0.143825086409
0.349635542053 0.2927584185 -0.143614630876
0.3512138746 0.297150086874 -0.144237670303

