   1.7240612e-03   1.3215799e-03   1.7739708e-06
   3.9648705e-03   4.4298965e-03  -3.5048582e-04
   1.0106568e-02   8.7319248e-03   1.1166662e-03
   1.5656758e-02   1.5583348e-02  -2.5039081e-04
   1.9407332e-02   2.1134611e-02  -2.4677890e-04
   2.6398342e-02   2.3463027e-02   2.1211411e-03
   3.0346876e-02   2.8594035e-02  -7.8924855e-04
   3.4780869e-02   3.3030344e-02  -4.2015924e-04
   4.1992370e-02   3.8487879e-02   1.0188561e-03
   4.4444161e-02   4.5037257e-02   1.1765696e-03
   4.7473471e-02   4.6877895e-02  -4.4770475e-04
   5.4711263e-02   5.3164305e-02  -1.2048559e-03
   5.9185287e-02   5.7311513e-02   1.0575734e-03
   6.2236688e-02   6.2030063e-02   4.1262079e-04
   6.5802527e-02   6.7350392e-02   5.4964492e-04
   7.2124727e-02   7.2173132e-02  -5.0181246e-04
   7.2399005e-02   7.7310451e-02   1.1334020e-03
   7.6399141e-02   8.1223793e-02  -7.9784019e-04
   7.8585119e-02   8.6356758e-02   4.5740993e-04
   8.4276463e-02   9.2049207e-02  -2.0260755e-04
   8.6400141e-02   9.7341436e-02  -7.6142341e-04
   8.9733844e-02   1.0224882e-01   1.3077359e-03
   9.1714038e-02   1.0713646e-01   7.5180711e-04
   9.4152163e-02   1.1172971e-01   1.3871211e-03
   9.5161705e-02   1.1575038e-01   5.2839368e-04
   9.8843448e-02   1.1940921e-01   1.3372783e-03
   9.8848265e-02   1.2675498e-01   5.9737184e-04
   1.0086521e-01   1.3058921e-01  -2.1775082e-04
   9.9834689e-02   1.3493228e-01  -4.9214135e-04
   1.0244282e-01   1.3961910e-01   6.2247317e-04
   1.0149902e-01   1.4492088e-01   7.6603387e-04
   1.0407363e-01   1.5046673e-01   8.8983636e-04
   1.0093733e-01   1.5640453e-01  -1.2404127e-03
   9.9981459e-02   1.6072931e-01  -9.5129744e-04
   9.9821586e-02   1.6440981e-01   1.6179837e-03
   9.9193263e-02   1.6910439e-01   3.7538375e-04
   9.8958761e-02   1.7390653e-01   3.6320291e-04
   9.7478759e-02   1.7911393e-01   2.2625842e-04
   9.6217541e-02   1.8302171e-01   1.3737319e-03
   9.2393711e-02   1.8845144e-01   1.2455557e-03
   9.0826233e-02   1.9263908e-01   7.1411462e-04
   8.9297485e-02   1.9746184e-01   1.7358008e-04
   8.6483585e-02   2.0222581e-01  -4.3748178e-04
   8.3092416e-02   2.0845674e-01  -2.6052400e-04
   8.1191043e-02   2.1318413e-01  -8.2800875e-04
   7.5458864e-02   2.1717532e-01  -1.7119220e-03
   7.1713596e-02   2.2329825e-01   1.2877328e-03
   7.0550021e-02   2.2700822e-01   3.3620918e-04
   6.4083228e-02   2.3206892e-01  -9.0526149e-04
   6.0264922e-02   2.3729902e-01  -1.7738369e-04
   5.7891581e-02   2.4102674e-01   1.8172988e-03
   5.3214483e-02   2.4563592e-01   1.5665089e-04
   4.8323579e-02   2.5229396e-01   3.2347232e-03
   4.5288074e-02   2.5597252e-01   4.8064084e-04
   3.8490762e-02   2.6119048e-01   7.2753300e-04
   3.4521909e-02   2.6656590e-01   1.3140147e-03
   3.2806716e-02   2.6981436e-01   9.8167441e-04
   2.2923547e-02   2.7466181e-01   1.6530543e-04
   1.9664027e-02   2.8033962e-01   4.4556590e-04
   1.4673170e-02   2.8451829e-01  -2.0828991e-03
   7.9006568e-03   2.8846273e-01   1.2043061e-04
   4.0021797e-03   2.9560566e-01   8.3779563e-04
  -2.2683071e-03   2.9899540e-01  -2.2234946e-04
  -6.3090199e-03   3.0535653e-01  -4.3360633e-04
  -1.1577063e-02   3.0800528e-01  -1.7042174e-03
  -1.8060898e-02   3.1370467e-01   6.5117161e-04
  -2.0494748e-02   3.1890149e-01  -1.9897870e-04
  -2.8837003e-02   3.2302054e-01   1.7230252e-03
  -3.2110118e-02   3.2954114e-01   7.8693301e-05
  -3.7887977e-02   3.3266592e-01  -1.3734135e-04
  -4.0826465e-02   3.3590387e-01  -2.0341969e-03
  -4.6122756e-02   3.4393083e-01  -6.6300605e-04
  -5.1278987e-02   3.4541552e-01   3.3888543e-04
  -5.5094584e-02   3.5168125e-01  -9.5732954e-04
  -6.0359806e-02   3.5673811e-01   3.9064612e-04
  -6.4981288e-02   3.6231323e-01   6.6795569e-04
  -6.7391530e-02   3.6652953e-01  -6.3067383e-04
  -7.2288445e-02   3.7272462e-01   6.7709079e-04
  -7.5342800e-02   3.7673990e-01   1.6007472e-03
  -7.8470961e-02   3.8075868e-01   4.3973337e-04
  -8.3388114e-02   3.8686338e-01  -2.8608753e-04
  -8.3579225e-02   3.9072075e-01  -8.6713139e-04
  -8.8492027e-02   3.9610208e-01   7.1751770e-04
  -9.1759675e-02   4.0079529e-01  -7.8125444e-04
  -9.2384513e-02   4.0536437e-01  -5.6522822e-04
  -9.5298562e-02   4.1281829e-01  -3.1750441e-04
  -9.5494026e-02   4.1449386e-01   6.4551415e-04
  -9.6585846e-02   4.2010563e-01  -1.5680327e-03
  -9.9799170e-02   4.2510662e-01   5.2078577e-04
  -9.9327819e-02   4.3074540e-01   7.8112088e-04
  -1.0126166e-01   4.3450279e-01  -5.4555448e-04
  -1.0317539e-01   4.4041793e-01  -9.9457635e-04
  -1.0238287e-01   4.4316913e-01   7.0149248e-04
  -1.0360940e-01   4.5087191e-01  -1.8043875e-03
  -9.9977946e-02   4.5430557e-01  -6.5263012e-04
  -1.0182821e-01   4.5870389e-01   6.9231694e-04
  -1.0143284e-01   4.6219899e-01  -3.8131165e-04
  -9.9526855e-02   4.6725295e-01   2.1412271e-04
  -9.8435461e-02   4.7276933e-01   1.0975923e-03
  -9.5759592e-02   4.7578458e-01   1.9751125e-04
  -9.4873768e-02   4.8292680e-01   2.6633685e-04
  -9.4736225e-02   4.8675179e-01  -2.3413303e-04
  -8.8409524e-02   4.9383768e-01   1.5748074e-03
  -8.5814524e-02   4.9932286e-01   1.4323847e-03
  -8.3859186e-02   5.0170329e-01  -1.2413344e-03
  -8.3747188e-02   5.0734600e-01  -6.5629883e-04
  -7.9955468e-02   5.1166944e-01   1.9437351e-04
  -7.5430791e-02   5.1532776e-01   3.5580496e-05
  -7.3825727e-02   5.2223962e-01   2.5067962e-03
  -6.9383474e-02   5.2544897e-01   7.0511162e-04
  -6.4838891e-02   5.2897906e-01  -8.2095976e-04
  -5.9839768e-02   5.3635002e-01  -1.6437454e-03
  -5.5614838e-02   5.4046743e-01   1.0421320e-03
  -5.0788125e-02   5.4539915e-01   2.2316919e-04
  -4.6150017e-02   5.4903334e-01   9.5201189e-04
  -4.3017603e-02   5.5566752e-01  -6.7272094e-04
  -3.9109542e-02   5.5987280e-01  -7.0568606e-04
  -3.2923576e-02   5.6456595e-01   8.5973344e-04
  -2.6384448e-02   5.6921328e-01  -5.1081160e-04
  -2.2923986e-02   5.7535407e-01   9.5019922e-05
  -1.6458591e-02   5.8116593e-01  -6.0238213e-04
  -1.3678189e-02   5.8268597e-01   1.4933519e-03
  -6.1498909e-03   5.8970900e-01   1.3468766e-04
  -1.3131498e-03   5.9387155e-01  -7.0540169e-04
   4.3641472e-03   5.9869820e-01   1.4761701e-04
   8.9100024e-03   6.0454089e-01  -1.1436217e-03
