  -9.5779503e-04   4.0548736e-04   4.5656170e-04
   6.1583334e-03   6.0391318e-03   1.4555344e-03
   1.0645547e-02   1.0168838e-02   2.3171255e-04
   1.4936891e-02   1.3183267e-02  -3.8034858e-04
   2.0677377e-02   1.9359755e-02  -2.1952497e-03
   2.4513651e-02   2.1980640e-02   1.9469180e-03
   3.0497104e-02   2.7646368e-02   1.6814969e-03
   3.2938548e-02   3.2814178e-02   1.0401289e-03
   3.9416879e-02   3.7319280e-02   1.1210420e-03
   4.3966856e-02   4.3239942e-02  -7.9629955e-04
   4.8912208e-02   4.6540462e-02   2.4042814e-04
   5.4156625e-02   5.4659204e-02  -2.2298182e-07
   5.6458588e-02   5.7929751e-02   1.1739152e-03
   6.1840262e-02   6.2896157e-02  -3.3100956e-04
   6.4563766e-02   6.7963531e-02   7.0476587e-04
   6.8173270e-02   6.8585731e-02   2.6293045e-04
   7.1789226e-02   7.5845767e-02   1.5968924e-03
   7.5744696e-02   8.1126558e-02   7.3320112e-04
   7.7130781e-02   8.6470554e-02   9.6536007e-04
   8.1237791e-02   9.2522546e-02   8.5947385e-04
   8.3962413e-02   9.5772880e-02  -1.2559844e-04
   8.5058574e-02   1.0030241e-01   1.2614744e-03
   9.0554957e-02   1.0625736e-01   1.6213539e-03
   9.0844881e-02   1.0998687e-01  -5.4206855e-04
   9.2808438e-02   1.1426556e-01   9.0517429e-04
   9.6671052e-02   1.1829173e-01  -7.8762445e-04
   9.6610185e-02   1.2230717e-01  -1.0484200e-03
   9.7177654e-02   1.2824240e-01  -4.2346266e-04
   9.7774026e-02   1.3298066e-01   7.3017594e-04
   1.0060943e-01   1.3785326e-01   1.5111341e-03
   9.8168011e-02   1.4315376e-01   6.0071104e-06
   9.9289464e-02   1.4899555e-01  -4.9170973e-04
   9.9531356e-02   1.5196301e-01   5.7482058e-04
   9.8216268e-02   1.5600832e-01  -3.7296854e-04
   9.8588679e-02   1.6211293e-01  -6.0142440e-05
   9.6679662e-02   1.6614210e-01   3.6880941e-04
   9.6697455e-02   1.7340056e-01   1.0109358e-03
   9.4878007e-02   1.7758408e-01   5.4522293e-04
   9.4136324e-02   1.8387575e-01  -7.8894115e-04
   9.1575937e-02   1.8510354e-01   1.3965350e-03
   8.8397233e-02   1.9144708e-01   1.8005394e-04
   8.6912729e-02   1.9605840e-01   7.5692130e-04
   8.4307829e-02   1.9980518e-01  -4.0999636e-04
   8.3144079e-02   2.0610163e-01  -3.1900184e-04
   7.9122336e-02   2.0969922e-01  -1.5531393e-03
   7.5372478e-02   2.1374088e-01  -1.6007892e-04
   7.1595556e-02   2.1971357e-01   2.2151844e-03
   6.8745990e-02   2.2335010e-01   3.6035911e-04
   6.3731874e-02   2.2826935e-01   2.2986059e-03
   5.8981248e-02   2.3360214e-01   4.2219927e-04
   5.7672320e-02   2.3850098e-01   1.7313500e-05
   5.2661528e-02   2.4256148e-01  -5.6539192e-04
   5.0441028e-02   2.4655036e-01   6.9564025e-04
   4.5901698e-02   2.5318144e-01  -1.6520048e-04
   4.0494935e-02   2.5902834e-01  -1.2875187e-03
   3.4217542e-02   2.6266990e-01   4.3473136e-04
   2.9739724e-02   2.6615868e-01   2.0410081e-03
   2.6209986e-02   2.7281079e-01   2.0444070e-04
   2.1148934e-02   2.7639369e-01  -1.2819815e-04
   1.4314873e-02   2.8299894e-01   7.6020361e-04
   1.0286959e-02   2.8655119e-01  -2.5227132e-03
   5.2892772e-03   2.8960167e-01  -2.9707080e-04
  -8.6688225e-04   2.9521244e-01  -2.0029425e-03
  -3.7615985e-03   3.0195300e-01  -2.6278355e-03
  -1.1747783e-02   3.0654412e-01   7.1140632e-04
  -1.6143509e-02   3.0946352e-01   1.1187844e-05
  -1.9991506e-02   3.1508145e-01   1.0314756e-04
  -2.4702320e-02   3.1920466e-01  -1.9124001e-04
  -3.0841338e-02   3.2297546e-01   5.0560862e-04
  -3.3363990e-02   3.2752930e-01   3.4360796e-04
  -3.9339487e-02   3.3584800e-01   9.4428019e-04
  -4.4584399e-02   3.3894867e-01   3.4957195e-04
  -4.8071052e-02   3.4411548e-01  -1.5008559e-04
  -5.3023738e-02   3.4727723e-01   8.0824441e-04
  -5.8623376e-02   3.5427320e-01   7.0341325e-04
  -6.2812942e-02   3.5751965e-01   9.2915450e-05
  -6.4483736e-02   3.6166030e-01   4.4409887e-04
  -6.9040632e-02   3.6575410e-01   1.1279471e-03
  -7.3477347e-02   3.7153472e-01   5.2437382e-04
  -7.4730550e-02   3.7685430e-01  -6.4442182e-04
  -7.8185569e-02   3.8281223e-01   1.8003333e-04
  -8.2490592e-02   3.8587939e-01   3.2189029e-04
  -8.3218247e-02   3.8969792e-01   1.9337207e-03
  -8.7555205e-02   3.9653620e-01   4.7957563e-04
  -8.9353024e-02   4.0037424e-01   1.5497643e-03
  -9.1655360e-02   4.0550669e-01  -1.6220456e-03
  -9.2907291e-02   4.1108324e-01  -3.9033790e-04
  -9.3646798e-02   4.1495635e-01  -2.3961717e-04
  -9.5974157e-02   4.2020053e-01   7.9250992e-04
  -9.7163961e-02   4.2435757e-01  -1.0180223e-04
  -9.8196034e-02   4.3034539e-01  -4.1595580e-04
  -9.9755027e-02   4.3373215e-01   1.2528538e-03
  -9.9637637e-02   4.3600331e-01   1.2820796e-03
  -1.0072668e-01   4.4358674e-01  -7.0999684e-04
  -9.8409938e-02   4.4812251e-01   6.8412582e-04
  -9.9226395e-02   4.5502574e-01   9.4658808e-05
  -9.9651618e-02   4.5970782e-01   4.7838717e-04
  -9.6791326e-02   4.6229957e-01  -1.0723152e-03
  -9.6101262e-02   4.6920332e-01  -5.0623456e-04
  -9.4450515e-02   4.7326943e-01  -6.1139864e-04
  -9.3256238e-02   4.7794692e-01  -9.9962175e-04
  -9.2564573e-02   4.8192247e-01   9.5735555e-04
  -9.0995658e-02   4.8620125e-01   3.7402815e-04
  -8.7570163e-02   4.9099022e-01   1.1399752e-03
  -8.3737040e-02   4.9655292e-01   1.2593636e-04
  -8.2961655e-02   5.0143853e-01   1.8865386e-03
  -7.8389396e-02   5.0604840e-01  -4.1936343e-04
  -7.4888807e-02   5.1099520e-01   5.3531164e-04
  -7.1953941e-02   5.1429466e-01   1.7762723e-03
  -6.7671432e-02   5.1881821e-01  -1.9304676e-03
  -6.4434913e-02   5.2422506e-01   2.0287078e-03
  -6.1196641e-02   5.2871316e-01   6.9589494e-04
  -5.8208667e-02   5.3499564e-01  -1.3732758e-03
  -5.5124450e-02   5.3823843e-01   1.3538209e-03
  -4.8599361e-02   5.4440500e-01   4.2882719e-04
  -4.5217308e-02   5.5029588e-01  -2.7257001e-04
  -3.9058078e-02   5.5248429e-01   2.3210344e-04
  -3.3518855e-02   5.5872018e-01   1.1220747e-03
  -3.0209581e-02   5.6285788e-01  -9.5947551e-04
  -2.6386534e-02   5.6734619e-01   5.3002977e-04
  -2.2004383e-02   5.7339428e-01  -1.0667318e-03
  -1.5358945e-02   5.7723414e-01   2.2223997e-03
  -1.0628427e-02   5.8190829e-01   6.3871140e-04
  -4.4859919e-03   5.8775750e-01   2.4493420e-05
  -5.8842840e-04   5.9137240e-01   1.3442275e-05
   5.5121581e-03   5.9550094e-01  -2.2739319e-04
