  -8.1517567e-04  -2.7594267e-04  -5.0599201e-04
   6.1729919e-03   5.1140226e-03   1.4757323e-03
   8.9536065e-03   8.9048924e-03  -8.9475407e-04
   1.3397213e-02   1.6170366e-02  -1.0724786e-03
   1.8996898e-02   2.0643248e-02   4.5129945e-04
   2.5620445e-02   2.5471771e-02   4.3237477e-04
   3.0070565e-02   3.0265907e-02   1.2955870e-03
   3.2855317e-02   3.5143967e-02  -2.6281960e-03
   3.6851086e-02   3.9982256e-02  -1.7703568e-04
   4.1384495e-02   4.3729367e-02   3.6132073e-04
   4.9224712e-02   4.8438301e-02  -9.2585485e-04
   5.1658054e-02   5.1989295e-02  -5.7528526e-04
   5.4500373e-02   5.9759591e-02   7.0532924e-04
   6.0548336e-02   6.3916324e-02   6.2664506e-04
   6.4062709e-02   6.8557669e-02   2.8326338e-04
   6.6056651e-02   7.4530579e-02  -1.4823698e-03
   7.0832836e-02   8.2206534e-02   6.3455370e-04
   7.3636433e-02   8.2111681e-02   2.3861814e-04
   7.7807614e-02   8.6925550e-02   1.6793614e-03
   8.3133939e-02   9.3009232e-02   7.0062954e-04
   8.3945400e-02   9.8313860e-02  -1.3083908e-03
   8.6587221e-02   1.0212728e-01   6.3707253e-04
   8.8138375e-02   1.0648251e-01  -9.1789720e-05
   8.9647825e-02   1.1187039e-01  -5.6428737e-05
   9.1247302e-02   1.1949166e-01   4.1078527e-05
   9.2035646e-02   1.2206025e-01  -2.5595705e-04
   9.5205623e-02   1.2745099e-01  -4.1993168e-04
   9.4772594e-02   1.3178738e-01  -7.9954792e-04
   9.8059272e-02   1.3931934e-01  -1.7306662e-03
   9.9220641e-02   1.4190146e-01   7.3852163e-04
   9.8207039e-02   1.4743363e-01  -1.9533232e-03
   9.8833965e-02   1.5052249e-01   1.7532448e-03
   9.9305243e-02   1.5817026e-01  -6.3531761e-04
   9.9969978e-02   1.6219889e-01  -2.1951786e-04
   9.7581901e-02   1.6758604e-01  -4.3676681e-04
   9.8104623e-02   1.7541060e-01   3.5698687e-04
   9.6533129e-02   1.7652423e-01  -1.9809937e-05
   9.3436872e-02   1.8407081e-01  -1.3995193e-03
   9.2503212e-02   1.8723174e-01  -2.3239670e-03
   9.0867461e-02   1.9395014e-01  -2.3932932e-04
   9.0926733e-02   1.9645516e-01  -1.4346401e-04
   8.9854270e-02   2.0453367e-01   1.4682468e-03
   8.5407567e-02   2.0553736e-01  -4.2683115e-04
   8.2889528e-02   2.1311256e-01   2.7359382e-04
   8.1618396e-02   2.1765703e-01   6.1713966e-04
   7.9125423e-02   2.2137166e-01  -1.4190435e-03
   7.4785523e-02   2.2729499e-01   7.3584730e-04
   7.2018911e-02   2.3380765e-01  -1.3890709e-04
   6.8328252e-02   2.3666496e-01  -1.2093654e-03
   6.3645417e-02   2.4272644e-01  -1.2343552e-04
   6.0607669e-02   2.4731348e-01  -4.9213651e-04
   5.6809905e-02   2.5016886e-01   2.2385666e-03
   5.4015215e-02   2.5528106e-01  -2.9715967e-04
   4.9024561e-02   2.6181262e-01   6.7746390e-04
   4.4001577e-02   2.6490587e-01   1.1691872e-03
   3.8665943e-02   2.7057483e-01   1.3874723e-03
   3.5583086e-02   2.7608228e-01  -1.4851474e-03
   2.9028792e-02   2.7986946e-01  -6.6890611e-04
   2.3850600e-02   2.8707938e-01  -1.6948363e-03
   2.1743106e-02   2.9114058e-01  -7.6430783e-05
   1.5122761e-02   2.9524727e-01   8.5649701e-04
   1.1801315e-02   3.0078132e-01   2.9842088e-04
   6.8195828e-03   3.0514317e-01  -1.0817525e-03
   2.3904835e-03   3.1068122e-01   1.8275893e-03
  -3.8439067e-03   3.1725379e-01  -6.0928661e-04
  -7.7949159e-03   3.1829035e-01   1.4294380e-03
  -1.2966956e-02   3.2359490e-01   7.6174278e-06
  -1.5930313e-02   3.3014949e-01   9.9094104e-04
  -2.2077073e-02   3.3587629e-01   7.8889634e-04
  -2.8231358e-02   3.4003709e-01   3.3041852e-03
  -3.3066410e-02   3.4564938e-01   1.3727730e-04
  -3.6813758e-02   3.4986020e-01  -6.6927905e-04
  -4.0805840e-02   3.5387467e-01   1.2738680e-03
  -4.6187333e-02   3.5972133e-01  -3.1801961e-04
  -5.1056328e-02   3.6577632e-01  -4.0439503e-04
  -5.2819145e-02   3.7050815e-01  -2.6000102e-04
  -5.8542361e-02   3.7491249e-01  -2.1581392e-04
  -6.4231991e-02   3.7878103e-01   3.7586821e-04
  -6.8359173e-02   3.8487721e-01   8.6481364e-04
  -6.9416517e-02   3.8929472e-01  -1.1088415e-03
  -7.3548528e-02   3.9369836e-01   7.6480259e-04
  -7.5335406e-02   3.9872465e-01  -9.1691208e-04
  -7.9290276e-02   4.0645349e-01  -8.8073614e-04
  -8.2065505e-02   4.1049519e-01  -3.1759280e-03
  -8.3995401e-02   4.1474920e-01   1.9743712e-04
  -8.8085499e-02   4.2035703e-01   9.0097223e-04
  -8.9547051e-02   4.2423462e-01   7.4383259e-05
  -9.1253703e-02   4.2771499e-01   8.9274156e-05
  -9.2643570e-02   4.3300593e-01  -1.0789744e-05
  -9.3061332e-02   4.3661162e-01   7.0901598e-04
  -9.5813472e-02   4.4337842e-01   7.7971258e-04
  -9.8001277e-02   4.4933672e-01   3.2508955e-04
  -9.8437220e-02   4.5294181e-01   6.2935503e-06
  -9.9515701e-02   4.5797564e-01  -1.4641667e-03
  -9.8329221e-02   4.6375493e-01   6.6189071e-04
  -9.9173829e-02   4.6779101e-01  -1.3582994e-03
  -1.0085894e-01   4.7198780e-01  -5.5907310e-04
  -9.8189238e-02   4.7750417e-01  -1.0463111e-03
  -9.7682880e-02   4.8362584e-01   5.3515299e-04
  -9.5811494e-02   4.8705693e-01  -1.2936370e-03
  -9.6154265e-02   4.9345256e-01  -2.1547901e-04
  -9.4905767e-02   4.9825464e-01   4.5985972e-04
  -9.2712981e-02   5.0391645e-01   1.0163329e-03
  -9.0422317e-02   5.0789662e-01  -6.7163542e-04
  -8.9904605e-02   5.1372474e-01   1.3578757e-04
  -8.8792790e-02   5.1712435e-01  -6.7441002e-04
  -8.3794392e-02   5.2358692e-01  -1.2446943e-03
  -8.3541176e-02   5.2790886e-01   7.9850789e-04
  -7.8968915e-02   5.3082303e-01   4.0869780e-04
  -7.5404589e-02   5.3849786e-01   8.9557080e-04
  -7.2654303e-02   5.4217638e-01  -6.5127676e-04
  -6.8270367e-02   5.4620203e-01   1.0561122e-03
  -6.5972617e-02   5.5278615e-01  -1.1728861e-03
  -6.2327615e-02   5.5756296e-01   3.3073135e-04
  -5.8271833e-02   5.6236459e-01   3.8584559e-04
  -5.4730858e-02   5.6647933e-01  -1.7173661e-03
  -4.8700222e-02   5.7255511e-01   7.8056353e-04
  -4.5472317e-02   5.7548677e-01   1.6155811e-03
  -4.0609806e-02   5.8112520e-01   1.2395605e-03
  -3.6456216e-02   5.8844337e-01  -4.1954260e-05
  -2.9899890e-02   5.9124640e-01   2.7914280e-04
  -2.6387504e-02   5.9781029e-01  -3.3769514e-04
  -2.2407930e-02   6.0177843e-01  -9.0575346e-04
  -1.5767274e-02   6.0585328e-01  -6.4486288e-04
  -1.2710873e-02   6.1102038e-01   3.6535625e-04
  -7.4295383e-03   6.1623855e-01  -2.1752907e-04
