  -8.4119341e-04   9.9545256e-04  -1.2087386e-03
   3.8997452e-03   4.6770913e-03   2.3477527e-04
   9.0362666e-03   1.1411369e-02   3.8997318e-04
   1.6273380e-02   1.6323011e-02  -1.4774352e-04
   2.0160088e-02   2.1058207e-02  -4.2066430e-04
   2.4685409e-02   2.5840761e-02   1.6521402e-03
   2.9350045e-02   3.0382280e-02  -2.7746574e-04
   3.2310077e-02   3.7520161e-02   7.0645617e-04
   3.8577896e-02   4.0649083e-02  -5.4339589e-04
   4.2836158e-02   4.4657375e-02   1.2082884e-03
   4.7756868e-02   4.9713359e-02  -1.9097652e-03
   5.1488970e-02   5.6219947e-02  -5.1081862e-04
   5.7192489e-02   6.0352736e-02   3.4816617e-06
   6.0319813e-02   6.4659192e-02  -1.9926997e-03
   6.4875620e-02   7.1030597e-02   3.0917599e-03
   6.9032378e-02   7.7106516e-02  -2.2016886e-04
   7.2160098e-02   8.2527985e-02   2.2166575e-03
   7.5666376e-02   8.6581941e-02   6.5277367e-04
   7.9884109e-02   9.1029251e-02  -1.0454352e-04
   8.3056163e-02   9.6359948e-02  -1.4800020e-03
   8.3830051e-02   1.0047202e-01  -5.3104887e-04
   8.6595652e-02   1.0727222e-01   2.3992267e-04
   9.1798908e-02   1.1137876e-01  -2.0283211e-03
   9.2528012e-02   1.1661072e-01  -5.6903430e-04
   9.5126589e-02   1.2187016e-01   5.8412752e-04
   9.7125480e-02   1.2716956e-01   7.8427429e-04
   9.8367531e-02   1.3291248e-01  -1.2322690e-04
   1.0023136e-01   1.3758661e-01  -1.2164306e-03
   1.0096923e-01   1.4395572e-01  -1.3352948e-03
   1.0346857e-01   1.4744497e-01   5.0546816e-05
   1.0375575e-01   1.5347920e-01   1.5375777e-04
   1.0298707e-01   1.5690454e-01   1.7869535e-03
   1.0473115e-01   1.6192473e-01   4.5361960e-04
   1.0284052e-01   1.6631205e-01   3.7652099e-05
   1.0283277e-01   1.7278746e-01   1.0660553e-04
   1.0240591e-01   1.7836377e-01  -2.5307328e-04
   1.0277382e-01   1.8326143e-01  -6.2867648e-04
   1.0261584e-01   1.8896922e-01   9.4003083e-04
   1.0194536e-01   1.9398921e-01  -1.8037017e-04
   9.9118448e-02   1.9774321e-01   2.5607513e-04
   9.7332050e-02   2.0551967e-01   3.3354262e-04
   9.6532197e-02   2.1008088e-01  -8.7675397e-04
   9.4998125e-02   2.1481165e-01  -1.0184684e-03
   9.1004110e-02   2.1882500e-01  -5.4667758e-04
   8.9303046e-02   2.2574551e-01  -2.1746103e-03
   8.7166976e-02   2.3007590e-01   5.9148694e-04
   8.3810985e-02   2.3565720e-01   7.9323187e-04
   8.0996628e-02   2.3884508e-01   1.3337302e-03
   7.7502146e-02   2.4590265e-01  -1.5945201e-03
   7.6274985e-02   2.4959576e-01   1.1685219e-03
   6.9262647e-02   2.5417095e-01  -1.4822914e-03
   6.7464063e-02   2.5897398e-01  -6.4958895e-04
   6.5267664e-02   2.6435933e-01  -2.2062721e-04
   5.9119523e-02   2.6857160e-01  -1.6994635e-03
   5.5520480e-02   2.7466966e-01   5.2654772e-04
   4.9013192e-02   2.7941551e-01   3.6072283e-06
   4.5013124e-02   2.8637012e-01  -8.8836042e-05
   4.0658639e-02   2.9209454e-01  -1.4914242e-03
   3.9099103e-02   2.9513914e-01   4.9132415e-04
   3.3618702e-02   3.0062843e-01  -4.1824865e-04
   2.7561939e-02   3.0493059e-01   1.4607311e-03
   2.3519928e-02   3.1199891e-01   1.3857947e-03
   2.0283946e-02   3.1469325e-01  -1.2829563e-04
   1.2594991e-02   3.2252956e-01   1.8598286e-04
   8.9866877e-03   3.2690114e-01   1.1872920e-03
   4.3517559e-03   3.2944382e-01   1.3241419e-03
  -2.6662452e-03   3.3590100e-01   1.0261852e-04
  -7.6417264e-03   3.4114032e-01   2.3321450e-03
  -1.1031869e-02   3.4717091e-01   8.3421088e-04
  -1.5704643e-02   3.5298280e-01   1.3029293e-03
  -2.2639485e-02   3.5677295e-01  -4.6178296e-04
  -2.4984567e-02   3.6136615e-01  -1.4326987e-03
  -3.1272912e-02   3.6444307e-01   1.0801202e-03
  -3.7405474e-02   3.7152237e-01   6.1257485e-04
  -3.9979332e-02   3.7834787e-01   7.1579690e-04
  -4.3457564e-02   3.8159192e-01  -8.2239379e-04
  -4.9459810e-02   3.8801554e-01  -6.1129090e-04
  -5.2120516e-02   3.9290528e-01   1.1018451e-03
  -5.6984306e-02   3.9608595e-01  -4.1040607e-04
  -6.3169152e-02   4.0248170e-01   1.5445853e-03
  -6.6594248e-02   4.0866152e-01  -7.8442514e-04
  -6.9578601e-02   4.1339812e-01   1.9470861e-03
  -7.1964823e-02   4.1865236e-01  -1.7344495e-03
  -7.6108750e-02   4.2316224e-01  -2.4376759e-03
  -8.1300916e-02   4.2727643e-01   2.0973715e-04
  -8.1625354e-02   4.3377971e-01   1.8232934e-03
  -8.5724289e-02   4.3859021e-01   1.0276354e-03
  -8.7765981e-02   4.4322025e-01   1.1157839e-03
  -9.1731388e-02   4.4706025e-01  -2.2187346e-04
  -9.4463000e-02   4.5372197e-01   1.9504184e-04
  -9.6515848e-02   4.5794069e-01   2.9142896e-04
  -9.6327493e-02   4.6551235e-01  -1.2352073e-03
  -1.0109380e-01   4.6944862e-01   1.6208118e-03
  -1.0046512e-01   4.7589712e-01  -3.7961765e-04
  -1.0226351e-01   4.7929315e-01   4.6598716e-04
  -1.0309387e-01   4.8399983e-01  -3.4795148e-04
  -1.0394594e-01   4.8879574e-01   1.8561039e-03
  -1.0414152e-01   4.9390405e-01   1.5290742e-03
  -1.0387387e-01   4.9918159e-01   7.1952210e-04
  -1.0484940e-01   5.0607388e-01  -3.9332135e-04
  -1.0485012e-01   5.0861973e-01  -1.2780573e-03
  -1.0493935e-01   5.1559177e-01   3.0136106e-04
  -1.0382924e-01   5.1985960e-01   1.1337537e-03
  -1.0048148e-01   5.2655915e-01  -1.3507949e-04
  -1.0110993e-01   5.2879999e-01  -1.4574926e-03
  -1.0085203e-01   5.3557195e-01   2.0199768e-03
  -9.8531185e-02   5.3933387e-01  -1.2523919e-03
  -9.5495817e-02   5.4492684e-01   1.5937855e-03
  -9.3851559e-02   5.5052293e-01   7.6419400e-04
  -9.1395115e-02   5.5515645e-01   2.5799723e-04
  -8.9328700e-02   5.6111526e-01   1.1460429e-04
  -8.4956998e-02   5.6586420e-01   4.0769690e-04
  -8.4113703e-02   5.7127016e-01  -4.1750602e-04
  -8.1123637e-02   5.7458900e-01   5.2607191e-04
  -7.8918107e-02   5.8078859e-01   5.4338401e-04
  -7.3781667e-02   5.8571617e-01   9.1584541e-04
  -7.0357471e-02   5.9130282e-01  -1.0719403e-03
  -6.5716030e-02   5.9636906e-01   2.3781240e-04
  -6.2896574e-02   6.0234302e-01  -1.3154076e-04
  -5.9443821e-02   6.0675105e-01   1.9211078e-03
  -5.6062491e-02   6.1294085e-01  -1.7642404e-03
  -4.6921714e-02   6.1798227e-01   6.5668694e-04
  -4.4962416e-02   6.2050786e-01  -5.7446154e-04
  -3.8762999e-02   6.2585954e-01  -1.0528991e-03
  -3.5774093e-02   6.3130229e-01   1.3115221e-03
  -3.2940456e-02   6.3739124e-01   9.4984439e-04
