  -2.3326588e-04   9.9369894e-05  -1.1650764e-03
   5.2892049e-03   4.7607215e-03  -2.1065960e-05
   9.7853325e-03   8.8528996e-03   5.3023643e-04
   1.7309714e-02   1.3751610e-02  -7.7212399e-05
   2.0287472e-02   2.0837711e-02   1.8555883e-03
   2.6161568e-02   2.1913413e-02  -2.6834878e-04
   3.1053288e-02   2.7844504e-02   6.0204574e-04
   3.8382861e-02   3.3941104e-02  -1.2107781e-03
   4.2661590e-02   3.8884535e-02  -6.9780888e-04
   4.6401847e-02   4.2738720e-02   4.3940955e-04
   5.1385132e-02   4.8330477e-02   6.5613272e-04
   5.6452507e-02   5.2570722e-02   2.9432469e-04
   6.0035413e-02   5.8582124e-02   2.1717546e-03
   6.4100463e-02   6.2863145e-02  -5.0577370e-04
   6.9895506e-02   6.6754938e-02  -5.6542862e-04
   7.3518552e-02   6.9804997e-02   1.0336394e-03
   7.7302304e-02   7.7287405e-02  -8.2094255e-04
   8.1719317e-02   8.3735621e-02   2.2165273e-03
   8.2781846e-02   8.6980568e-02  -5.5826987e-04
   8.7660358e-02   9.0988432e-02  -3.0570681e-04
   9.1205622e-02   9.7732898e-02   1.1288029e-03
   9.4255239e-02   1.0103163e-01  -7.8402968e-04
   9.5466137e-02   1.0742598e-01   9.3711976e-04
   9.7480356e-02   1.1078547e-01   7.9211396e-04
   1.0033630e-01   1.1598912e-01  -1.0745490e-03
   1.0059739e-01   1.2176879e-01   8.3400972e-04
   1.0057595e-01   1.2569584e-01   3.4176177e-04
   1.0454772e-01   1.3218950e-01  -5.5586670e-04
   1.0469897e-01   1.3330348e-01  -6.3066078e-04
   1.0554426e-01   1.3807378e-01   1.9032737e-05
   1.0609910e-01   1.4535024e-01   2.4337165e-04
   1.0662873e-01   1.4845474e-01  -8.2652486e-04
   1.0685076e-01   1.5380120e-01   3.1594139e-04
   1.0497491e-01   1.5952769e-01  -1.2316897e-04
   1.0504708e-01   1.6364698e-01  -8.3945438e-04
   1.0357678e-01   1.6808745e-01  -1.0177256e-03
   1.0339540e-01   1.7340232e-01  -5.6336745e-04
   1.0081516e-01   1.7676611e-01  -8.0494102e-04
   9.9082092e-02   1.8252754e-01   1.0724840e-03
   9.7806036e-02   1.8863187e-01  -1.1366360e-03
   9.6083570e-02   1.9252676e-01   1.3320420e-04
   9.2687261e-02   1.9967682e-01   5.2055096e-04
   9.0797433e-02   2.0300503e-01  -9.6886459e-04
   8.7589863e-02   2.0834605e-01   3.6870872e-04
   8.5681574e-02   2.1162555e-01  -4.8309835e-04
   8.2260884e-02   2.1497899e-01  -8.8298741e-04
   7.9294278e-02   2.2034193e-01  -1.4606687e-03
   7.2693935e-02   2.2733417e-01  -9.4961020e-04
   6.8943159e-02   2.2962196e-01   1.7155365e-03
   6.8216853e-02   2.3631894e-01  -1.5709995e-03
   6.1338222e-02   2.4084528e-01  -6.5308398e-04
   5.7620788e-02   2.4404568e-01  -1.1548580e-03
   5.3571782e-02   2.5081335e-01   7.6134459e-04
   4.8140431e-02   2.5343574e-01  -9.1806538e-04
   4.1891013e-02   2.5963006e-01  -4.4368856e-04
   3.8355705e-02   2.6337002e-01   7.2268559e-04
   3.2883874e-02   2.6933462e-01   9.3121144e-04
   3.0191157e-02   2.7374396e-01  -1.0928332e-03
   2.4671290e-02   2.7719089e-01  -1.9175025e-04
   1.8106007e-02   2.8453904e-01   3.7828074e-04
   1.1849223e-02   2.8937006e-01  -1.0759787e-05
   7.2150683e-03   2.9350793e-01   1.8688157e-03
   1.9911654e-03   2.9755799e-01   1.2949506e-03
  -4.6951434e-03   3.0079931e-01   1.3331221e-03
  -8.0387698e-03   3.0662604e-01  -2.0540125e-03
  -1.4474803e-02   3.1260035e-01  -3.5165841e-04
  -2.1020265e-02   3.1723310e-01  -2.3958955e-04
  -2.5846381e-02   3.2186622e-01  -1.0866988e-03
  -2.8914566e-02   3.2686231e-01  -7.9035170e-04
  -3.5221221e-02   3.3268348e-01   7.2551944e-04
  -3.8711094e-02   3.3728321e-01  -1.3971245e-03
  -4.5534873e-02   3.3949627e-01   1.1704359e-03
  -4.9792736e-02   3.4593543e-01   1.6633203e-03
  -5.6645456e-02   3.4871315e-01   1.3202127e-05
  -5.8819463e-02   3.5754694e-01   1.7979413e-03
  -6.5194225e-02   3.6192447e-01   1.6069783e-03
  -6.8756381e-02   3.6641094e-01   7.8798392e-05
  -7.1395892e-02   3.7025371e-01  -4.0012837e-04
  -7.3977252e-02   3.7548892e-01   8.5210823e-04
  -7.9463718e-02   3.7920839e-01  -6.6443206e-04
  -8.2785296e-02   3.8537685e-01  -1.7632483e-04
  -8.4851536e-02   3.8880067e-01   1.2006009e-03
  -8.8936517e-02   3.9240833e-01  -1.0105626e-03
  -9.2022328e-02   3.9968966e-01  -6.9743861e-04
  -9.4661305e-02   4.0520582e-01   8.7780327e-04
  -9.7570176e-02   4.0896435e-01  -1.8379221e-03
  -9.8506805e-02   4.1051649e-01   9.3070404e-04
  -1.0106589e-01   4.1894813e-01  -9.5282041e-05
  -1.0229211e-01   4.2509986e-01  -1.4789367e-04
  -1.0218883e-01   4.2554475e-01  -1.5387839e-04
  -1.0568886e-01   4.3398238e-01  -3.8772107e-04
  -1.0617727e-01   4.3830688e-01  -5.5686558e-05
  -1.0572170e-01   4.4105380e-01  -4.6262499e-04
  -1.0600878e-01   4.4621143e-01  -7.8875180e-04
  -1.0617314e-01   4.4931138e-01   1.0095607e-03
  -1.0436865e-01   4.5890806e-01  -3.3460345e-06
  -1.0654931e-01   4.6008797e-01   4.5698705e-04
  -1.0503330e-01   4.6607268e-01   5.6502990e-04
  -1.0431566e-01   4.7048067e-01  -1.7297436e-04
  -1.0319849e-01   4.7594759e-01  -3.5888755e-04
  -1.0116128e-01   4.8053278e-01   4.3097929e-04
  -9.7030088e-02   4.8386077e-01  -3.0319330e-04
  -9.7573468e-02   4.9006295e-01   5.1861513e-04
  -9.4030845e-02   4.9487611e-01  -1.0892440e-03
  -9.3135343e-02   4.9930157e-01   2.9043040e-05
  -8.9906130e-02   5.0477951e-01   1.1931500e-04
  -8.5088970e-02   5.0854615e-01   1.3794321e-03
  -8.3268077e-02   5.1289080e-01   1.7480910e-03
  -7.9551225e-02   5.1855742e-01  -2.2653177e-04
  -7.6133122e-02   5.2304575e-01  -6.7196648e-04
  -7.0550285e-02   5.2720756e-01  -1.0453708e-03
  -6.9388414e-02   5.3402643e-01  -5.7518122e-04
  -6.3163786e-02   5.3778846e-01   2.5773655e-06
  -5.9666788e-02   5.4341387e-01  -1.2464421e-03
  -5.3967661e-02   5.4737654e-01  -4.7712720e-04
  -5.1406410e-02   5.5295106e-01   5.5123263e-04
  -4.3175831e-02   5.5796394e-01   1.4248927e-03
  -4.0464042e-02   5.6219592e-01   9.8193001e-04
  -3.2994763e-02   5.6571654e-01  -6.3486560e-04
  -3.0596710e-02   5.7144717e-01  -1.9991015e-03
  -2.5688306e-02   5.7553435e-01  -3.9828727e-04
  -1.9189244e-02   5.8184494e-01   3.4928796e-04
  -1.5194983e-02   5.8574847e-01   5.0117819e-05
  -8.5559487e-03   5.9024403e-01  -6.0515519e-04
  -3.0598946e-03   5.9635973e-01  -5.6311676e-04
   2.2870074e-03   6.0150003e-01   4.4307085e-04
