   9.2264609e-04  -4.8718058e-04   1.5548589e-03
   2.8685612e-03   4.3861363e-03   4.5187662e-04
   9.8626395e-03   9.3021542e-03   1.8811121e-04
   1.5183862e-02   1.3093314e-02   1.5191306e-04
   2.0819707e-02   1.8116617e-02  -1.0077474e-03
   2.6948277e-02   2.2409010e-02  -1.1831022e-04
   3.0006741e-02   2.7787281e-02   6.7987596e-04
   3.4666174e-02   3.3404980e-02   4.9500550e-04
   3.9468236e-02   3.4997010e-02  -2.9991525e-04
   4.5008136e-02   4.0591603e-02   1.7680370e-03
   4.6163043e-02   4.5810752e-02  -1.8518276e-03
   5.2119046e-02   4.9906192e-02  -7.3472643e-04
   5.8289122e-02   5.4418787e-02   7.6149679e-05
   6.1679638e-02   5.9364536e-02   1.1929511e-03
   6.5714151e-02   6.3474798e-02   6.3951189e-04
   6.9888107e-02   6.6474563e-02  -6.5133095e-04
   7.2516276e-02   7.0533980e-02   5.5835338e-04
   7.3819064e-02   7.6286500e-02   2.0463030e-04
   8.1342731e-02   8.2543487e-02  -2.2689851e-03
   8.1760209e-02   8.5043352e-02  -6.6859483e-04
   8.3935460e-02   9.0064303e-02   1.5165913e-05
   8.7115200e-02   9.4011971e-02   5.9616926e-05
   9.0381875e-02   9.7552259e-02  -1.5917794e-03
   9.2077033e-02   1.0466080e-01   2.6080039e-04
   9.4534088e-02   1.0881519e-01  -5.3215819e-04
   9.6111952e-02   1.1242366e-01  -1.7098810e-03
   9.7541504e-02   1.1644187e-01  -7.6228219e-05
   9.9813986e-02   1.2251412e-01  -5.3069835e-04
   9.9728243e-02   1.2466819e-01  -3.8943309e-04
   1.0149753e-01   1.3019533e-01   5.9821883e-04
   1.0052770e-01   1.3558940e-01   3.0785260e-04
   1.0070451e-01   1.3876251e-01   1.0384141e-04
   1.0104249e-01   1.4390916e-01  -1.7573577e-05
   1.0127612e-01   1.4951489e-01  -1.9825353e-03
   1.0053836e-01   1.5415076e-01   1.4660007e-03
   1.0000148e-01   1.5802470e-01  -3.5249917e-04
   9.7885909e-02   1.6179360e-01   7.1329946e-04
   9.8910653e-02   1.6669098e-01   7.6366603e-04
   9.6611798e-02   1.7014211e-01   5.5706399e-04
   9.2255750e-02   1.7748972e-01   5.6507556e-04
   9.0679172e-02   1.7981987e-01  -1.7676452e-04
   8.7671157e-02   1.8408201e-01   1.5513994e-03
   8.6681530e-02   1.8972909e-01  -1.9020514e-03
   8.3295396e-02   1.9338212e-01  -3.0075090e-04
   8.0998334e-02   1.9876209e-01   6.6982080e-04
   8.0331814e-02   2.0199213e-01   2.4562495e-04
   7.5667514e-02   2.0831720e-01   1.5249350e-03
   7.2527049e-02   2.1214193e-01  -2.1628648e-04
   6.7270765e-02   2.1621891e-01   1.3292521e-03
   6.5065535e-02   2.2016935e-01  -1.0566555e-03
   6.1381366e-02   2.2293254e-01  -1.1816050e-03
   5.5406324e-02   2.2822190e-01   5.8048044e-04
   5.1355049e-02   2.3453476e-01  -7.5190427e-04
   4.6919721e-02   2.3769542e-01  -8.8577746e-04
   4.3745693e-02   2.4082028e-01  -6.8977606e-04
   3.7366749e-02   2.4816185e-01   1.3973179e-04
   3.3676798e-02   2.5154831e-01  -9.8465938e-04
   2.8436709e-02   2.5761975e-01   2.4335174e-04
   2.5801660e-02   2.6188805e-01   1.9828422e-04
   1.9039337e-02   2.6535225e-01   2.3353703e-04
   1.4458923e-02   2.6943954e-01   1.5728839e-04
   7.5006403e-03   2.7369063e-01  -4.8347822e-04
   4.8529949e-03   2.8005018e-01   6.8269180e-05
  -2.0728247e-03   2.8367408e-01  -3.3230392e-04
  -6.2037979e-03   2.8928284e-01  -1.4489239e-03
  -1.2836889e-02   2.9304677e-01   2.1761981e-03
  -1.6792066e-02   2.9834622e-01  -1.0247996e-04
  -2.2301775e-02   3.0209742e-01   9.1200862e-05
  -2.7281357e-02   3.0675220e-01   7.0302041e-04
  -3.1382957e-02   3.1154232e-01   5.3826192e-04
  -3.5874687e-02   3.1220151e-01   5.6091572e-04
  -3.9079286e-02   3.1911251e-01   1.5034667e-03
  -4.6491570e-02   3.2368653e-01   5.0296372e-04
  -5.1411839e-02   3.2735724e-01   7.8306331e-04
  -5.5138953e-02   3.3296325e-01  -7.6949528e-04
  -5.8959394e-02   3.3691668e-01   7.4330182e-04
  -6.2239957e-02   3.4331910e-01  -1.4314455e-04
  -6.6666688e-02   3.4606421e-01   7.5591865e-04
  -6.6573269e-02   3.4933847e-01   1.3250028e-04
  -7.3552704e-02   3.5723237e-01  -1.2572313e-03
  -7.6440196e-02   3.5973745e-01   6.6938625e-04
  -8.0630901e-02   3.6321029e-01   1.1854058e-03
  -8.2588596e-02   3.6757715e-01   4.2291774e-04
  -8.6010737e-02   3.7340873e-01  -1.3795087e-03
  -9.0191939e-02   3.7857188e-01  -1.3308802e-03
  -9.1392537e-02   3.8121262e-01   1.0146034e-03
  -9.0627847e-02   3.8694580e-01   7.4568293e-04
  -9.4419929e-02   3.9189009e-01  -7.1160624e-04
  -9.5142887e-02   3.9797429e-01   1.5984314e-04
  -9.7199292e-02   4.0003567e-01  -2.8843030e-04
  -1.0031580e-01   4.0448790e-01  -1.0838244e-03
  -9.8714686e-02   4.0946922e-01   1.3334937e-03
  -9.9807613e-02   4.1623945e-01  -4.4416433e-04
  -1.0235044e-01   4.1806138e-01  -1.1013121e-04
  -1.0197223e-01   4.2237728e-01  -1.0626857e-03
  -1.0164707e-01   4.2771452e-01  -9.6823522e-04
  -1.0183065e-01   4.3233347e-01   7.9675113e-05
  -1.0003275e-01   4.3754162e-01  -1.1205131e-03
  -9.8198523e-02   4.4120781e-01  -7.3925753e-04
  -9.7363274e-02   4.4669109e-01   2.4782642e-03
  -9.8705268e-02   4.5002610e-01   1.0251503e-03
  -9.5628526e-02   4.5522425e-01  -2.5871511e-03
  -9.5208092e-02   4.5975366e-01  -9.7640367e-04
  -8.9414806e-02   4.6348694e-01   1.3406728e-03
  -8.9484156e-02   4.6963264e-01  -7.8626115e-04
  -8.5906354e-02   4.7361623e-01  -6.3461237e-04
  -8.3429150e-02   4.7648040e-01   7.5175349e-04
  -7.9791863e-02   4.8263465e-01   6.2883284e-04
  -7.6916853e-02   4.8691294e-01   3.0171353e-04
  -7.5280647e-02   4.8953681e-01  -7.2787203e-05
  -7.0847290e-02   4.9627619e-01   6.1558052e-04
  -6.6912947e-02   4.9814567e-01   2.4877062e-04
  -6.5018638e-02   5.0397509e-01   2.5700656e-04
  -5.7628860e-02   5.0804490e-01   2.8669005e-04
  -5.5699984e-02   5.1302746e-01  -5.1139394e-04
  -5.0003227e-02   5.1705937e-01  -5.7391820e-04
  -4.5275018e-02   5.2150380e-01  -5.4245592e-05
  -4.1561149e-02   5.2748566e-01   4.0654109e-06
  -3.6790168e-02   5.3117341e-01  -1.1643811e-03
  -3.0854839e-02   5.3629729e-01   2.0956172e-04
  -2.6181465e-02   5.4085812e-01  -1.2378462e-03
  -2.3401376e-02   5.4582650e-01  -1.3930720e-03
  -1.8526328e-02   5.4851832e-01  -8.7955482e-04
  -9.9533005e-03   5.5293993e-01   8.6050899e-04
  -8.1583714e-03   5.5843594e-01  -1.4118904e-04
  -3.5490670e-03   5.6292248e-01  -1.0749616e-03
