  -1.1107038e-03  -5.9735923e-04  -1.6979778e-04
   4.5726092e-03   6.6741646e-03  -3.5402275e-05
   9.2524309e-03   8.5157725e-03   7.3662108e-04
   1.4633026e-02   1.3629618e-02  -6.2089127e-04
   2.0240808e-02   2.0298488e-02   1.1383490e-03
   2.5408654e-02   2.3445536e-02  -4.4364107e-04
   3.0366191e-02   2.7596241e-02   4.0854647e-04
   3.6516476e-02   3.2991448e-02  -8.5152001e-05
   4.0896641e-02   3.6783496e-02  -6.1481087e-04
   4.4428209e-02   4.3286826e-02  -8.4772142e-05
   4.8945393e-02   4.5819104e-02   4.6240005e-04
   5.3633432e-02   5.0365331e-02  -4.1329595e-04
   5.7787057e-02   5.6333982e-02  -1.0815623e-03
   6.2732909e-02   6.1330356e-02   7.2386822e-05
   6.7083914e-02   6.5555967e-02  -8.8046243e-05
   6.9861833e-02   7.0576325e-02  -5.1218874e-04
   7.3744947e-02   7.4459220e-02  -8.5040287e-04
   7.6363318e-02   7.9860696e-02   1.6049879e-05
   7.7702944e-02   8.3657894e-02   5.0157317e-04
   8.2974718e-02   9.1445239e-02   2.8123014e-03
   8.3726065e-02   9.3480277e-02   1.0903059e-03
   8.7855142e-02   9.7628747e-02   2.1505689e-03
   9.2723190e-02   1.0338090e-01  -2.1391726e-04
   9.3946495e-02   1.0840070e-01   1.7856823e-04
   9.3457210e-02   1.1346348e-01   5.5959946e-04
   9.6024411e-02   1.1766861e-01  -8.1797020e-04
   9.7743350e-02   1.2400602e-01  -1.2863746e-03
   9.7984668e-02   1.2622203e-01  -1.3916275e-03
   1.0005731e-01   1.3319844e-01  -1.2591850e-03
   1.0089376e-01   1.3724680e-01  -4.9314287e-04
   1.0050095e-01   1.4137844e-01  -5.6248505e-04
   1.0095107e-01   1.4442858e-01   5.7537023e-04
   1.0167201e-01   1.4948860e-01  -1.1519105e-04
   1.0154236e-01   1.5468376e-01  -1.2055339e-03
   1.0033378e-01   1.6025369e-01  -1.3680197e-03
   9.9011827e-02   1.6420392e-01   3.5331638e-04
   9.9150051e-02   1.6917718e-01  -1.5298847e-03
   9.6707592e-02   1.7301373e-01  -6.6564610e-06
   9.5399875e-02   1.7833748e-01   9.2927201e-04
   9.4120134e-02   1.8187959e-01  -8.9093341e-04
   9.1959310e-02   1.8709362e-01   1.0202331e-03
   8.9786923e-02   1.9343478e-01   4.8938005e-04
   8.6248543e-02   1.9729466e-01  -4.6960978e-04
   8.5475510e-02   1.9965089e-01  -3.6748334e-04
   8.0712091e-02   2.0677099e-01   1.1798701e-03
   7.7460099e-02   2.1030268e-01  -3.1793299e-04
   7.4165971e-02   2.1542899e-01  -1.7860873e-03
   6.9614684e-02   2.2159313e-01  -2.0684589e-03
   6.6606435e-02   2.2611492e-01   5.0853873e-04
   6.3480353e-02   2.2852170e-01   1.2060029e-04
   5.9864838e-02   2.3551990e-01  -7.7597995e-04
   5.3121105e-02   2.3648847e-01  -2.6947016e-04
   5.0174470e-02   2.4393683e-01  -2.4427753e-04
   4.4441215e-02   2.4894773e-01   9.0167751e-04
   3.8860704e-02   2.5157362e-01   1.0819378e-03
   3.7795072e-02   2.5951772e-01  -1.1598946e-04
   3.2626417e-02   2.6292371e-01  -9.6280250e-04
   2.6662435e-02   2.6570118e-01   1.9245700e-04
   2.3599018e-02   2.7034252e-01   1.6125786e-03
   1.6804054e-02   2.7618446e-01   1.5908659e-06
   1.2248733e-02   2.8308330e-01  -1.1739099e-04
   7.2504514e-03   2.8588905e-01  -1.0780696e-04
   1.1676983e-03   2.8959886e-01  -1.3671106e-03
  -5.2685758e-03   2.9413936e-01   3.0405903e-05
  -8.0112389e-03   2.9892194e-01   3.3704218e-04
  -1.3786157e-02   3.0381190e-01  -2.9337168e-03
  -2.0075367e-02   3.1018522e-01  -1.6335612e-03
  -2.4388983e-02   3.1449100e-01   3.1631640e-04
  -2.8326624e-02   3.1775748e-01  -1.8666461e-04
  -3.4735770e-02   3.2281235e-01  -2.0143286e-04
  -3.9109598e-02   3.2845249e-01   7.1612148e-05
  -4.2817548e-02   3.3257636e-01  -1.1629982e-03
  -4.7356218e-02   3.3608777e-01   9.3048218e-05
  -5.2694556e-02   3.4182176e-01   7.4494975e-04
  -5.6467188e-02   3.4657367e-01  -1.2135699e-03
  -5.9874377e-02   3.5145870e-01   3.8049866e-04
  -6.5862048e-02   3.5726741e-01  -6.7195472e-04
  -6.8167738e-02   3.6312510e-01   6.2082412e-04
  -7.1857240e-02   3.6632919e-01   6.9102352e-04
  -7.6148010e-02   3.7094854e-01   1.2343954e-03
  -7.9217084e-02   3.7596379e-01   6.4326980e-04
  -8.2243683e-02   3.7817136e-01  -2.0250710e-04
  -8.5125234e-02   3.8514654e-01   5.9353226e-04
  -8.8131929e-02   3.8870855e-01   3.8661499e-04
  -8.9524800e-02   3.9380734e-01  -8.6178828e-05
  -9.1536183e-02   3.9677561e-01   9.1006001e-04
  -9.5028673e-02   4.0464887e-01   9.6440357e-04
  -9.5312043e-02   4.0766643e-01  -8.9919570e-04
  -9.9058525e-02   4.1200480e-01   2.0190715e-04
  -9.8983917e-02   4.1713837e-01   2.0480916e-06
  -9.9436485e-02   4.2287150e-01   1.7032955e-03
  -1.0158412e-01   4.2722847e-01  -1.1099318e-03
  -1.0005182e-01   4.3231735e-01  -5.6917915e-04
  -1.0193772e-01   4.3700683e-01  -1.8848410e-03
  -1.0264036e-01   4.4069983e-01  -1.7601571e-03
  -9.9478382e-02   4.4502727e-01   2.3378312e-03
  -9.9812924e-02   4.5078186e-01   1.3630115e-04
  -9.8787908e-02   4.5424222e-01   1.3557993e-03
  -9.5034083e-02   4.5891911e-01  -5.4756841e-04
  -9.8866630e-02   4.6465686e-01   5.1818299e-05
  -9.5191049e-02   4.6925871e-01  -1.1904194e-03
  -9.4025132e-02   4.7368458e-01  -2.2633120e-03
  -9.0764612e-02   4.7773173e-01   2.0180893e-03
  -8.8413700e-02   4.8194399e-01   1.2760614e-04
  -8.6065841e-02   4.8719717e-01  -7.7549464e-04
  -8.4246689e-02   4.9283410e-01  -7.6073134e-05
  -8.2887851e-02   4.9401168e-01   1.7146466e-03
  -7.9393367e-02   4.9987888e-01   9.6792911e-05
  -7.4886520e-02   5.0743340e-01   1.6668129e-03
  -7.0731091e-02   5.1036345e-01  -2.2402345e-04
  -6.6269284e-02   5.1472933e-01  -7.8474988e-04
  -6.6300528e-02   5.2120300e-01   1.4719065e-03
  -6.1310223e-02   5.2331506e-01  -2.0031123e-03
  -5.6090214e-02   5.2882262e-01   8.2264950e-04
  -5.0241171e-02   5.3446240e-01   1.4436566e-03
  -4.8229754e-02   5.3839867e-01  -6.5331666e-05
  -4.1805663e-02   5.4398781e-01   8.1902640e-04
  -3.8063255e-02   5.4875514e-01   1.8191345e-03
  -3.1329255e-02   5.5243363e-01  -2.5256477e-04
  -2.7766462e-02   5.5556013e-01   9.6358223e-05
  -2.3682038e-02   5.6177986e-01   8.4379792e-05
  -1.8532103e-02   5.6528693e-01  -5.7666815e-04
  -1.2380258e-02   5.7099854e-01   2.4742976e-03
  -7.2938520e-03   5.7508938e-01  -1.5390483e-04
  -2.8511099e-03   5.8119665e-01   1.4668794e-03
   3.7508385e-03   5.8625644e-01  -6.0335293e-05
