   1.6378078e-03  -9.7797519e-05  -1.0782045e-03
   5.3876332e-03   5.0321999e-03   1.2967656e-04
   9.2456202e-03   9.9197265e-03   1.8586966e-04
   1.4781165e-02   1.3238825e-02  -4.0637424e-04
   2.0185772e-02   2.0966187e-02   2.3069848e-03
   2.5361459e-02   2.5204044e-02  -1.3793965e-05
   2.8950663e-02   2.9456847e-02   1.1663751e-03
   3.3555885e-02   3.5560450e-02  -2.3843019e-05
   3.7484542e-02   3.8500158e-02   7.6874737e-04
   4.2607599e-02   4.3043160e-02  -5.2082173e-04
   4.7766326e-02   4.9115360e-02   6.1320387e-04
   5.1822781e-02   5.4256180e-02   6.3573261e-04
   5.5396596e-02   5.8731846e-02   1.1905232e-03
   6.1000215e-02   6.4192905e-02  -3.9334891e-04
   6.6900403e-02   6.8863973e-02   1.1076669e-03
   6.7147784e-02   7.3594418e-02  -2.4249196e-03
   7.0644689e-02   7.8232285e-02   1.6199682e-03
   7.4657393e-02   8.2186727e-02  -9.6770959e-04
   7.7636914e-02   8.6337973e-02  -1.5755915e-03
   7.9825077e-02   9.2992481e-02   8.2621092e-04
   8.4425694e-02   9.7446058e-02   1.7125763e-04
   8.7845745e-02   1.0363902e-01   6.0521087e-05
   8.7911683e-02   1.0672408e-01  -9.4673233e-04
   8.9939959e-02   1.1234072e-01  -1.0308977e-03
   9.3712773e-02   1.1639183e-01  -8.4090493e-04
   9.3952507e-02   1.2010899e-01  -2.9390037e-04
   9.6303272e-02   1.2773582e-01   2.9320120e-04
   9.8163315e-02   1.3057881e-01   7.4131547e-04
   1.0050935e-01   1.3731375e-01   1.3940357e-03
   1.0047487e-01   1.4062523e-01   4.0420846e-05
   9.8255915e-02   1.4427305e-01   1.3320163e-03
   1.0065485e-01   1.5093691e-01   1.0486174e-03
   9.9784256e-02   1.5831776e-01  -1.2300034e-03
   9.9155931e-02   1.6090663e-01  -4.8573144e-04
   1.0080830e-01   1.6745043e-01  -1.0417900e-03
   9.8370844e-02   1.7167601e-01   4.5129333e-05
   9.6389982e-02   1.7653081e-01  -1.3802328e-03
   9.6191869e-02   1.8227027e-01   1.0300493e-03
   9.4245816e-02   1.8510475e-01   5.0907607e-04
   9.0429046e-02   1.8991834e-01   4.9558409e-05
   9.0078907e-02   1.9608961e-01  -1.5145567e-03
   8.9418610e-02   1.9983624e-01  -1.0403175e-03
   8.7916592e-02   2.0463360e-01   1.5552001e-03
   8.5092163e-02   2.1036752e-01   5.1618836e-05
   8.1536819e-02   2.1491608e-01  -3.1574978e-06
   7.6806958e-02   2.2095091e-01  -4.8948170e-04
   7.5806093e-02   2.2435321e-01  -3.7372205e-04
   7.1549601e-02   2.2972512e-01   1.2821161e-03
   6.8974213e-02   2.3513694e-01   1.4352355e-03
   6.5552944e-02   2.3928988e-01   5.7239679e-04
   6.0614705e-02   2.4239101e-01   1.3240124e-03
   5.8603976e-02   2.5006683e-01   1.9238934e-03
   5.2857636e-02   2.5365672e-01   8.5866435e-04
   4.9642288e-02   2.5855055e-01  -1.2165934e-03
   4.4799077e-02   2.6220637e-01  -4.8105186e-04
   3.7979293e-02   2.6703069e-01   5.6671811e-04
   3.4791625e-02   2.7264426e-01   2.0198111e-05
   2.9924916e-02   2.7847835e-01  -6.1421215e-04
   2.6897235e-02   2.8339592e-01   1.8981760e-04
   1.8571045e-02   2.8743950e-01  -1.8420344e-03
   1.6922063e-02   2.9332300e-01  -1.5705799e-04
   1.0555032e-02   2.9698665e-01   4.9976210e-04
   6.3267913e-03   3.0294290e-01   1.0636039e-04
   1.7807329e-03   3.0747659e-01  -8.0157747e-04
  -2.1245438e-03   3.1143810e-01  -7.6525439e-04
  -7.5547433e-03   3.1848194e-01   2.0954476e-03
  -1.2369610e-02   3.2235560e-01   1.1080334e-03
  -1.6991171e-02   3.2723901e-01   9.2964254e-04
  -2.3872381e-02   3.3241743e-01   1.4451560e-04
  -2.8042907e-02   3.3887476e-01   1.2826351e-04
  -3.3679693e-02   3.4106527e-01  -1.3810136e-04
  -3.7219944e-02   3.4513761e-01   4.1788466e-04
  -4.3087210e-02   3.5083781e-01   5.3658885e-04
  -4.7611274e-02   3.5523998e-01  -1.7353491e-03
  -4.9455753e-02   3.6034415e-01   1.0877302e-03
  -5.4213756e-02   3.6782736e-01  -7.5013212e-04
  -5.7766440e-02   3.7048086e-01  -4.9287212e-04
  -6.3961267e-02   3.7563194e-01   5.4357878e-04
  -6.5879472e-02   3.8282729e-01  -7.1205082e-04
  -7.0734161e-02   3.8520795e-01  -7.3016126e-04
  -7.4082665e-02   3.9060966e-01   1.8430866e-03
  -7.6162027e-02   3.9606997e-01   1.1123850e-03
  -8.0488340e-02   4.0031773e-01   9.2951149e-04
  -8.3400632e-02   4.0538691e-01   6.4966714e-04
  -8.6463617e-02   4.0856589e-01   4.1524939e-04
  -8.8012563e-02   4.1428717e-01   1.5486656e-03
  -8.8529359e-02   4.1985152e-01  -1.6198358e-03
  -9.2879177e-02   4.2449575e-01   5.5846737e-04
  -9.3511455e-02   4.3014136e-01  -1.5510470e-03
  -9.5581387e-02   4.3499661e-01   6.0515899e-04
  -9.7265438e-02   4.3963542e-01   9.6901673e-04
  -9.8792025e-02   4.4379749e-01  -5.4061944e-05
  -9.9469521e-02   4.4800181e-01   1.8115503e-03
  -1.0187481e-01   4.5338294e-01   8.8137577e-04
  -1.0028771e-01   4.5656867e-01  -4.7850913e-04
  -1.0075116e-01   4.6383689e-01  -8.0519864e-05
  -9.8178636e-02   4.6820820e-01  -1.2270445e-03
  -1.0001426e-01   4.7517513e-01  -1.4336900e-03
  -9.8267111e-02   4.7917276e-01   3.1943534e-04
  -9.8094134e-02   4.8188099e-01  -5.2379198e-04
  -9.6270968e-02   4.8744144e-01   1.0930042e-03
  -9.6260260e-02   4.9356004e-01   6.8644962e-04
  -9.4259297e-02   4.9788875e-01  -1.7130165e-03
  -9.1971731e-02   5.0126397e-01   1.1648808e-03
  -9.0387401e-02   5.0692556e-01  -1.4408682e-03
  -8.8490995e-02   5.1085456e-01   2.3093480e-04
  -8.4891862e-02   5.1948275e-01   1.1633721e-03
  -8.1209711e-02   5.2238733e-01  -8.8325219e-04
  -7.9430468e-02   5.2906797e-01  -1.4373057e-04
  -7.6829662e-02   5.3338532e-01  -9.8231135e-05
  -7.3887923e-02   5.3593782e-01  -1.3616386e-03
  -7.0040099e-02   5.4305078e-01  -1.7133003e-05
  -6.5340988e-02   5.4656421e-01  -1.0290094e-03
  -6.1548099e-02   5.5162701e-01   7.1332184e-04
  -5.7470179e-02   5.5506093e-01  -5.4956210e-04
  -5.3464903e-02   5.6189732e-01  -2.4151945e-04
  -4.9445219e-02   5.6763936e-01  -9.3340294e-05
  -4.4076948e-02   5.7007625e-01  -6.6921394e-05
  -4.0398078e-02   5.7509963e-01  -2.3114794e-04
  -3.5529152e-02   5.8096259e-01  -1.5371349e-03
  -3.1314721e-02   5.8620834e-01  -7.4179061e-04
  -2.6300356e-02   5.9153365e-01  -2.2203646e-04
  -2.1652788e-02   5.9637845e-01   2.0880803e-05
  -1.7853775e-02   6.0042537e-01   1.6904848e-03
  -1.2349347e-02   6.0510187e-01  -8.3791981e-04
  -7.7981762e-03   6.1121956e-01   4.2331134e-04
