  -1.2070610e-03  -5.3636781e-04  -9.8991340e-04
   5.1775850e-03   3.5058880e-03   3.7604380e-04
   9.3630233e-03   9.5344994e-03  -4.5151470e-04
   1.5877241e-02   1.4185059e-02   2.9757669e-04
   2.0574694e-02   1.9474916e-02   7.1990678e-04
   2.6286934e-02   2.6262662e-02   2.0235962e-03
   3.1519987e-02   3.1893744e-02  -1.5512564e-03
   3.7276296e-02   3.7235871e-02   2.3842050e-04
   3.9934656e-02   4.2580040e-02  -2.3003238e-04
   4.5882656e-02   4.4466632e-02  -2.8041090e-04
   4.8701229e-02   5.0247008e-02  -3.8817595e-04
   5.5356309e-02   5.7895960e-02  -1.2929124e-03
   5.9617828e-02   6.1053980e-02   1.1595181e-05
   6.2082917e-02   6.3730803e-02   5.2505335e-04
   6.6872830e-02   7.0770163e-02  -1.6906808e-04
   7.2622844e-02   7.5015618e-02   2.5776999e-03
   7.2966619e-02   8.2620330e-02  -1.6285514e-03
   7.8209026e-02   8.7498693e-02   8.7045868e-05
   8.0185553e-02   9.1506420e-02   1.4538616e-03
   8.3390926e-02   9.4754768e-02  -1.2624431e-03
   8.7978935e-02   1.0217489e-01  -1.5660950e-03
   9.0290755e-02   1.0686941e-01   1.3861509e-04
   9.3199670e-02   1.1060170e-01  -6.3536571e-04
   9.5731639e-02   1.1561272e-01  -7.7731909e-04
   9.4980775e-02   1.2221275e-01  -1.3104023e-03
   9.7153442e-02   1.2512746e-01   5.0885236e-04
   9.8409491e-02   1.2985862e-01  -1.4319175e-03
   1.0071314e-01   1.3528788e-01  -1.7935717e-04
   1.0296737e-01   1.4128949e-01  -1.4484797e-03
   1.0224236e-01   1.4713968e-01  -1.2324381e-04
   1.0215738e-01   1.4966429e-01  -9.3571505e-04
   1.0278485e-01   1.5674853e-01   1.2337866e-03
   1.0116238e-01   1.6055007e-01  -1.3091382e-04
   1.0131991e-01   1.6743531e-01   9.1186205e-04
   1.0151948e-01   1.7213183e-01  -8.6171511e-04
   9.9439225e-02   1.7719306e-01   7.5776572e-04
   9.8126856e-02   1.8296986e-01   1.7454159e-03
   1.0013843e-01   1.8713279e-01  -1.9795555e-03
   9.6882516e-02   1.9109940e-01  -3.3502941e-04
   9.3372982e-02   1.9781180e-01   5.0232553e-05
   9.1207216e-02   2.0373303e-01  -1.0800143e-03
   8.9337928e-02   2.0679063e-01   2.0919649e-03
   8.6245140e-02   2.1075641e-01  -1.5818649e-04
   8.3048816e-02   2.1694398e-01   1.8467286e-03
   8.2797089e-02   2.2501696e-01  -9.9385136e-04
   7.8504589e-02   2.2722674e-01  -2.3653375e-04
   7.4516148e-02   2.3157217e-01  -5.3390764e-04
   7.0920081e-02   2.3697515e-01  -2.3940501e-03
   6.5851016e-02   2.4193142e-01  -7.9713098e-04
   6.2130600e-02   2.4678510e-01  -4.1277931e-04
   5.8753469e-02   2.5318356e-01   9.1069683e-05
   5.3362512e-02   2.5866139e-01  -1.5490559e-03
   5.0838831e-02   2.6168007e-01   9.9801890e-05
   4.3735875e-02   2.6689984e-01   6.6459485e-04
   4.1097662e-02   2.7449555e-01   3.3320837e-04
   3.5018272e-02   2.7896616e-01   1.1162859e-05
   3.1941621e-02   2.8297778e-01   3.9302011e-04
   2.6158960e-02   2.8736381e-01   5.9494482e-04
   1.9847882e-02   2.9310782e-01  -4.2624861e-04
   1.5381387e-02   2.9861560e-01   1.9080958e-04
   1.0440675e-02   3.0400324e-01   1.1697783e-03
   5.9750981e-03   3.0717066e-01  -1.3618566e-03
  -7.6273697e-04   3.1498844e-01   9.6546835e-04
  -4.6408625e-03   3.1793851e-01   3.9441566e-04
  -1.0787072e-02   3.2513549e-01   1.9338397e-03
  -1.4861820e-02   3.2921902e-01   5.0912581e-04
  -1.9763533e-02   3.3373582e-01   3.8395188e-04
  -2.3872431e-02   3.3841630e-01  -5.9869980e-04
  -3.1668338e-02   3.4324034e-01   1.8136181e-03
  -3.6312309e-02   3.4697659e-01  -6.2357873e-04
  -3.8575756e-02   3.5275623e-01  -6.1019828e-04
  -4.6006798e-02   3.5986976e-01  -2.9929833e-04
  -4.9870805e-02   3.6527761e-01   4.3204875e-05
  -5.4565914e-02   3.6907271e-01  -1.1002319e-03
  -5.7588025e-02   3.7361260e-01   1.4504679e-04
  -6.2400545e-02   3.7972905e-01  -3.7655231e-04
  -6.9415607e-02   3.8520264e-01   1.7695866e-03
  -6.9477013e-02   3.8797303e-01  -3.7516153e-04
  -7.5885442e-02   3.9526267e-01  -3.3752009e-04
  -7.7794778e-02   3.9959580e-01   1.1405433e-03
  -8.0880390e-02   4.0455643e-01  -3.7326505e-04
  -8.3793865e-02   4.0963848e-01   8.2054106e-04
  -8.5692527e-02   4.1435137e-01   2.2377054e-05
  -9.1513791e-02   4.1948126e-01  -1.3281660e-03
  -9.1589225e-02   4.2557856e-01  -4.9464039e-04
  -9.3669744e-02   4.3012475e-01  -2.8226080e-05
  -9.4557606e-02   4.3607297e-01   4.3572502e-04
  -9.8492114e-02   4.4004512e-01   1.8805859e-03
  -1.0024904e-01   4.4357887e-01   2.8242492e-04
  -1.0120222e-01   4.5064191e-01   9.8812422e-04
  -1.0181879e-01   4.5454608e-01  -8.3275460e-04
  -1.0105289e-01   4.5894713e-01  -1.0123996e-03
  -1.0262990e-01   4.6482857e-01  -5.4918736e-04
  -1.0314334e-01   4.7136277e-01   1.0387533e-04
  -1.0255794e-01   4.7397949e-01   3.1188418e-04
  -1.0284341e-01   4.8097593e-01  -1.1586537e-03
  -1.0151721e-01   4.8501754e-01  -5.2335413e-04
  -9.9602948e-02   4.9012779e-01   2.2032638e-03
  -1.0008247e-01   4.9474110e-01   5.3945175e-04
  -9.8871140e-02   5.0019288e-01   9.1137976e-04
  -9.5533114e-02   5.0673258e-01  -1.3414301e-03
  -9.4635742e-02   5.1031528e-01  -7.3977728e-05
  -9.1789350e-02   5.1564342e-01  -1.5599107e-03
  -8.8258358e-02   5.1957151e-01  -8.0636834e-05
  -8.6776446e-02   5.2484573e-01   1.8864308e-04
  -8.5746627e-02   5.3072035e-01   1.4342764e-03
  -8.3103809e-02   5.3649306e-01  -3.0203874e-04
  -7.8876168e-02   5.4108848e-01   8.5660921e-04
  -7.4107912e-02   5.4541423e-01  -8.8375070e-04
  -7.1491039e-02   5.5094353e-01  -1.4915693e-03
  -6.7796480e-02   5.5707901e-01   1.3451119e-03
  -6.2752855e-02   5.6106303e-01   5.5122334e-04
  -5.8405253e-02   5.6782172e-01   9.6704626e-04
  -5.2345673e-02   5.7048118e-01   3.0429978e-04
  -4.9568682e-02   5.7499620e-01  -1.4854828e-03
  -4.5413012e-02   5.8178455e-01   6.5657540e-04
  -4.0504444e-02   5.8615397e-01   1.5526317e-05
  -3.7854452e-02   5.9152308e-01   2.4070204e-04
  -3.0862057e-02   5.9676805e-01   1.0995304e-04
  -2.6374333e-02   6.0332001e-01  -1.1590480e-03
  -2.0630405e-02   6.0572097e-01   8.0575964e-04
  -1.4608540e-02   6.1209892e-01  -6.5925452e-04
  -9.9901080e-03   6.1792711e-01  -1.2342606e-04
  -7.0859999e-03   6.2118673e-01  -1.1571008e-03
  -1.2464852e-03   6.2696837e-01  -7.7237849e-04
   2.4267568e-03   6.3326048e-01  -2.5837237e-03
