  -4.0055955e-04  -5.1442301e-04   1.3770257e-03
   7.3159121e-03   4.8257568e-03  -1.3756430e-03
   1.0503745e-02   1.0208445e-02  -9.7136053e-04
   1.4523375e-02   1.6414310e-02  -1.6547366e-04
   1.9420499e-02   2.0114790e-02   6.2746812e-04
   2.6031451e-02   2.5935263e-02  -1.8525504e-03
   3.0681686e-02   2.8618505e-02  -2.4545886e-03
   3.3214019e-02   3.4893878e-02   1.5664802e-03
   4.0215484e-02   4.0286675e-02  -3.2503977e-04
   4.6056497e-02   4.4658560e-02  -8.8598353e-04
   5.0570407e-02   4.9558987e-02   1.6340559e-03
   5.5840729e-02   5.3728610e-02   1.9018095e-03
   5.8997061e-02   5.6751864e-02   8.2088118e-04
   6.2367881e-02   6.3577236e-02   8.3600105e-04
   6.6764092e-02   6.7176607e-02   5.0314374e-04
   7.2122788e-02   7.3172713e-02   5.7569821e-04
   7.4592741e-02   7.8618194e-02  -3.2234465e-04
   7.6496650e-02   8.2082358e-02  -5.8361850e-06
   7.8521732e-02   8.8610254e-02  -1.2668296e-04
   8.2955968e-02   9.3129782e-02   1.6964867e-04
   8.7340327e-02   9.6501466e-02   4.6859063e-04
   8.6715998e-02   1.0312917e-01   2.9183673e-05
   8.9746234e-02   1.0654578e-01  -8.3256730e-04
   9.2681187e-02   1.1011101e-01  -2.8355640e-04
   9.6082444e-02   1.1648389e-01  -2.8429279e-04
   9.8196456e-02   1.2195798e-01  -8.1540395e-04
   9.9593677e-02   1.2635195e-01  -1.6154683e-04
   1.0015553e-01   1.3161788e-01  -4.6377580e-04
   9.9183291e-02   1.3773958e-01  -9.8621371e-04
   1.0319835e-01   1.4113340e-01   1.4086684e-03
   1.0285665e-01   1.4607939e-01   9.5473247e-05
   1.0298228e-01   1.5084427e-01  -1.8568742e-03
   1.0252379e-01   1.5483159e-01   3.0185251e-04
   1.0222410e-01   1.6073200e-01  -7.4801478e-05
   1.0135385e-01   1.6649243e-01   4.1509811e-04
   1.0112650e-01   1.7020337e-01   7.5152392e-04
   9.8673326e-02   1.7466425e-01  -1.1247995e-03
   9.8396956e-02   1.7984795e-01   2.0233129e-03
   9.7647297e-02   1.8584203e-01   4.8686647e-04
   9.2701497e-02   1.8996756e-01  -1.2149932e-03
   9.1572958e-02   1.9548831e-01  -7.1953709e-04
   8.9251684e-02   1.9940300e-01  -2.0793400e-04
   8.5928089e-02   2.0428544e-01   1.1286745e-03
   8.3931312e-02   2.0963596e-01   1.4394324e-03
   8.1047077e-02   2.1465022e-01   2.0716943e-04
   7.8081624e-02   2.1936977e-01   4.3133415e-04
   7.4890519e-02   2.2318198e-01  -1.0425708e-03
   7.3791395e-02   2.2927873e-01   3.2882725e-04
   6.8804159e-02   2.3373792e-01  -2.5644672e-03
   6.3442200e-02   2.3794405e-01   1.5131871e-04
   5.8955926e-02   2.4484740e-01   1.3293779e-03
   5.5966568e-02   2.4710551e-01  -1.1314542e-03
   4.9185916e-02   2.5251062e-01  -9.8046546e-05
   4.5046022e-02   2.5928178e-01  -8.2020610e-04
   4.0823155e-02   2.6372805e-01   2.4541045e-04
   3.7203686e-02   2.6805234e-01  -1.3730293e-04
   3.2002331e-02   2.7285184e-01  -7.0418889e-04
   2.7117619e-02   2.7858851e-01   2.1031928e-03
   2.1465099e-02   2.8424752e-01  -4.9581862e-04
   1.6125904e-02   2.8734596e-01  -1.9970794e-03
   1.0649224e-02   2.9346377e-01  -3.3634592e-04
   5.3816798e-03   2.9758438e-01  -9.1458212e-04
   2.7585614e-03   3.0065098e-01  -8.7531282e-04
  -2.2167103e-03   3.0676715e-01   1.4475538e-03
  -7.6590155e-03   3.1150559e-01  -1.7032293e-03
  -1.4516324e-02   3.1595607e-01  -5.4762915e-04
  -1.8498988e-02   3.2149232e-01  -7.3834274e-04
  -2.4916635e-02   3.2652772e-01  -2.6580363e-03
  -2.9146152e-02   3.3250489e-01   1.0977592e-03
  -3.4304784e-02   3.3543904e-01   1.9082825e-03
  -3.8805558e-02   3.4147503e-01   2.1453664e-04
  -4.4658389e-02   3.4464073e-01  -7.2910601e-04
  -4.8284953e-02   3.5155730e-01   8.6197567e-04
  -5.2454408e-02   3.5580905e-01   1.8558394e-04
  -5.7571203e-02   3.5988129e-01  -1.1063763e-04
  -5.9471814e-02   3.6470514e-01   9.9856307e-04
  -6.6585381e-02   3.7159994e-01  -2.0680072e-03
  -7.0638890e-02   3.7633071e-01   8.2549147e-04
  -7.0991598e-02   3.8132237e-01   1.2828068e-03
  -7.5614472e-02   3.8447015e-01   6.7183110e-04
  -8.0093658e-02   3.9048283e-01   1.4974388e-03
  -8.2499746e-02   3.9459119e-01   1.2428165e-04
  -8.5203243e-02   4.0012972e-01   1.2076148e-03
  -8.7757508e-02   4.0522635e-01  -4.6064051e-04
  -9.0365885e-02   4.1139919e-01  -2.0143402e-04
  -9.2817570e-02   4.1419163e-01   1.4942973e-03
  -9.4454208e-02   4.1885888e-01   2.8327785e-04
  -9.7603630e-02   4.2285345e-01   1.1698074e-05
  -9.8914556e-02   4.2853372e-01   4.1263554e-04
  -9.9146948e-02   4.3436521e-01  -8.5204111e-06
  -1.0016223e-01   4.3804538e-01   4.8993830e-04
  -1.0116990e-01   4.4359031e-01  -1.3763130e-03
  -9.9987434e-02   4.4573936e-01  -1.3050187e-03
  -1.0093373e-01   4.5148573e-01  -3.2043457e-03
  -1.0102884e-01   4.5846303e-01   1.1710397e-03
  -1.0089744e-01   4.6428970e-01  -2.6251374e-05
  -1.0237578e-01   4.6712199e-01   6.0145443e-05
  -9.9084651e-02   4.7301073e-01  -1.1986084e-03
  -1.0012028e-01   4.7526500e-01  -2.7792068e-04
  -9.7813933e-02   4.8077475e-01   8.2594296e-04
  -9.6580830e-02   4.8798217e-01   3.4828647e-03
  -9.6178760e-02   4.9264456e-01   1.5385479e-04
  -9.3747601e-02   4.9898376e-01   3.2897212e-04
  -8.9935977e-02   5.0359639e-01   4.0840105e-04
  -8.7101415e-02   5.0574765e-01  -6.0698450e-04
  -8.4246529e-02   5.1091938e-01   2.2955552e-04
  -8.0897234e-02   5.1710926e-01  -8.5818304e-04
  -7.7983868e-02   5.2144050e-01   9.6762834e-05
  -7.6129479e-02   5.2670250e-01  -7.6606060e-04
  -7.2786530e-02   5.3153495e-01  -1.4467007e-03
  -6.6109752e-02   5.3614983e-01  -4.8750696e-04
  -6.4811922e-02   5.4131922e-01   2.2359701e-03
  -6.1755125e-02   5.4630803e-01   1.6014319e-03
  -5.8465631e-02   5.5144025e-01   2.0137874e-04
  -5.1378772e-02   5.5442024e-01  -8.7546321e-04
  -4.6377625e-02   5.5993280e-01  -1.7386622e-03
  -4.2214257e-02   5.6604826e-01  -4.9144100e-04
  -3.8215807e-02   5.7097662e-01  -1.1180108e-04
  -3.4041817e-02   5.7572737e-01  -5.1999682e-04
  -2.8577728e-02   5.7857650e-01   5.7969712e-04
  -2.2469821e-02   5.8540538e-01   1.4623226e-03
  -1.6946351e-02   5.8949603e-01   5.5946255e-04
  -1.2568770e-02   5.9467006e-01   8.8049800e-04
  -7.3395435e-03   6.0006880e-01   3.7019313e-04
  -3.2198570e-03   6.0464750e-01  -1.5106121e-03
   2.0812411e-03   6.0846636e-01   2.6368154e-04
