0.567328996063 -0.169269270364 -0.250589961264
0.567077445981 -0.169979187323 -0.252611171585
0.565378996059 -0.168544317455 -0.251693800531
0.561742559043 -0.168007089387 -0.248324107368
0.556635099176 -0.167812967119 -0.245104445612
0.548150127832 -0.167997909929 -0.244142161734
0.535641574249 -0.167220787875 -0.244648897457
0.523378111184 -0.169631884743 -0.245532838121
0.513120756921 -0.170576162919 -0.244839669356
0.503727803949 -0.171035147949 -0.243629762121
0.495492958682 -0.173455279905 -0.241855698456
0.487461549239 -0.175139949621 -0.239752153437
0.479343383471 -0.176322602773 -0.237041552619
0.471026046595 -0.1790989455 -0.235496457434
0.463064831227 -0.181803535967 -0.232688580655
0.45478860491 -0.183497588526 -0.232500367688
0.446484084224 -0.186588719566 -0.231996710493
0.438555515776 -0.189674962147 -0.230513748199
0.430197935988 -0.192239797717 -0.230580747939
0.421782152109 -0.195860572281 -0.229285922455
0.413536590483 -0.199430716058 -0.228286468114
0.405802078024 -0.202605643181 -0.227123295817
0.398297651226 -0.206157492298 -0.226187495261
0.390923171908 -0.210615505931 -0.225751616085
0.384493679618 -0.21396061156 -0.224903715404
0.378264630951 -0.217174433344 -0.224375701748
0.37231119444 -0.221191917158 -0.222785984482
0.366479546894 -0.224930060203 -0.221725218969
0.360106010718 -0.22880740509 -0.2216733474
0.354619717908 -0.232193409426 -0.221885548712
0.349521085993 -0.235714664913 -0.221439547354
0.344381886557 -0.239601691001 -0.221397984078
