0.565203274801 -0.171677817848 -0.254010969563
0.565175686406 -0.172860730284 -0.254848690889
0.562907633098 -0.171524063236 -0.254624734157
0.558974457726 -0.171373218062 -0.251437526216
0.555140267589 -0.171861305074 -0.250414030655
0.552442255832 -0.172252646504 -0.248073323409
0.550548031865 -0.173554806715 -0.247889247523
0.544068784899 -0.172463921163 -0.247365312469
0.532698234466 -0.171241196382 -0.248388032607
0.515976702855 -0.168226189248 -0.249152929102
0.49529042823 -0.163593699796 -0.251310696205
0.477138899637 -0.160840368531 -0.251233392827
0.464415744092 -0.158583820125 -0.249989492077
0.454813698005 -0.15482184449 -0.247349476758
0.445675611675 -0.152543174544 -0.243504971444
0.435980789853 -0.148260115217 -0.242209167432
0.426911180959 -0.145789727877 -0.239108064475
0.416798335515 -0.14271697479 -0.237646443225
0.407068486734 -0.137560539203 -0.234470034207
0.397066769906 -0.133026640283 -0.232702497892
0.386956567081 -0.12826578872 -0.231081768608
0.377298407213 -0.123625206018 -0.229439255526
0.368099860928 -0.120754411702 -0.226742257901
