0.473398072271 -0.27415345264 -0.184938634261
0.473398072271 -0.27415345264 -0.184938634261
0.473272830385 -0.273667937764 -0.184534886985
0.472674553983 -0.273976525927 -0.184500923131
0.472019620217 -0.273723080076 -0.183822592637
0.471594595063 -0.273414505916 -0.184181498379
0.471574877488 -0.273002080446 -0.18424567288
0.471348266921 -0.273799262382 -0.183844275431
0.471309641716 -0.273935219812 -0.183883035011
0.470714195318 -0.274415912319 -0.183453020206
0.469691711268 -0.273742900622 -0.183515211659
0.4691603099 -0.273648284565 -0.183348072335
0.4690590582 -0.273526275674 -0.182573816719
0.467790284645 -0.273900218236 -0.182991252745
0.467118707773 -0.27451702338 -0.182037588312
0.465827827223 -0.274451141024 -0.182258631704
0.46519176674 -0.273894430791 -0.183230967128
0.464095568077 -0.273807787103 -0.182332318234
0.462220826835 -0.273914507322 -0.182090003061
0.459077895652 -0.274205027655 -0.182124612951
0.457633733745 -0.27351720167 -0.183241886594
0.455371931698 -0.273859094893 -0.182657018502
0.453054374681 -0.273353823268 -0.182390627191
0.450409078648 -0.27363054967 -0.182922263589
0.446152572857 -0.272925979588 -0.183183022904
0.443698904146 -0.272863233524 -0.183238953129
0.440856781952 -0.274183173759 -0.182835421159
0.437718312924 -0.274092608301 -0.182534851524
0.433586068928 -0.274606214032 -0.182982116726
0.431241323417 -0.274592482636 -0.183948344408
0.42952636575 -0.275020571806 -0.183932641265
0.426674134685 -0.27514421419 -0.182683543435
0.424585153974 -0.275185883735 -0.18305245401
0.421365940101 -0.275639834538 -0.18381843977
0.419502895733 -0.275639378711 -0.184562138883
0.417879301793 -0.275555856202 -0.184663709815
0.415613098235 -0.276428354909 -0.183873627147
0.41239112073 -0.276757143301 -0.183209147296
0.410849878077 -0.277675269334 -0.183595597718
0.409351686704 -0.277371798077 -0.184112579238
0.407156369083 -0.27796897462 -0.183540453877
0.404936103824 -0.278058609037 -0.183278703958
0.40195157174 -0.278480879892 -0.184493356721
0.400460387763 -0.27766031969 -0.185182243942
0.399004117113 -0.279157569348 -0.183946483779
0.396786592542 -0.278939748821 -0.183764513708
0.393279029095 -0.27984212044 -0.184204079652
0.392142173593 -0.280998569218 -0.184340375094
0.390057149326 -0.280659529029 -0.184330825844
0.387909523499 -0.280770069519 -0.183641087482
0.386460057018 -0.281091457524 -0.18423313738
0.383274732076 -0.282334725725 -0.184048146289
0.381768781217 -0.282224567283 -0.185011016604
0.380417810155 -0.282587572502 -0.184169182554
0.378528397317 -0.283181567135 -0.184075695203
0.375397025218 -0.283958256675 -0.18434009798
0.373834106855 -0.284770620074 -0.184378150777
0.372528393741 -0.284705151375 -0.183863826542
0.370581934982 -0.285389257249 -0.183741050634
0.366460209719 -0.286308264485 -0.183060217002
0.364819425196 -0.28605498902 -0.184708391547
0.363448550707 -0.28710564431 -0.183444483372
0.361857808722 -0.288046149892 -0.182920110844
0.360594898051 -0.287395852335 -0.1826856537
0.357810028663 -0.289441745848 -0.184052918487
0.354553174457 -0.290080656276 -0.184373049813
0.353037303511 -0.290278521807 -0.184857551551
0.351136252211 -0.292379004548 -0.185015483911
0.349522147903 -0.294288736155 -0.184537780666
0.344114841494 -0.29420743469 -0.184963847316
0.34364813068 -0.295153804034 -0.184447652839
0.343364638837 -0.295848723677 -0.184746782088
0.343091489093 -0.295823216036 -0.185087206623
0.339695953069 -0.296168619588 -0.184858338647
0.339573765677 -0.297452706174 -0.18397928663
0.339384065451 -0.297459075357 -0.184143873886
0.333807610658 -0.298406385986 -0.184417682844
0.333459319471 -0.299417465651 -0.184802258996
0.333425783871 -0.29992281986 -0.184727458085
0.333255884462 -0.301504839008 -0.184041004514
0.329366530259 -0.299863250927 -0.184217678232
0.329259425245 -0.300976984798 -0.183908785094
0.329404260527 -0.301409525241 -0.184272955094
0.329709812863 -0.301216132384 -0.183673126252
0.329679325232 -0.302137685676 -0.184228933433
0.325993901237 -0.301422084855 -0.184122102175
0.326286484406 -0.302229677391 -0.183849424986
0.326286698526 -0.302060069038 -0.183409676827
0.32289470065 -0.303250794105 -0.182990231958
0.3226636266 -0.303382212976 -0.183420230729
0.322490559534 -0.304458746219 -0.184002307307
0.322459491382 -0.304823775907 -0.183775743958
0.316469297562 -0.306118377682 -0.182932742154
0.316357276158 -0.306543379151 -0.182878769132
0.31677159862 -0.305942611579 -0.183523939135
0.316647540594 -0.307161551837 -0.182410401375
0.316826300338 -0.308133200457 -0.18272144509
0.311226877971 -0.308522587976 -0.182650161926
0.311019011665 -0.309230248169 -0.182951088408
0.311047614329 -0.310149953967 -0.182968278907
0.304360247745 -0.311799189541 -0.183281287537
0.303217324323 -0.313118397419 -0.18307361552
0.302224978883 -0.314369030587 -0.183184298
0.295360580674 -0.316323411046 -0.183899065424
0.295175491163 -0.317186266548 -0.183264315385
0.294715261075 -0.317982140265 -0.183939331992
0.294701665936 -0.31912455068 -0.184131281726
0.291143006128 -0.320861311544 -0.182917371255
0.291177616288 -0.32171433697 -0.182536977199
0.291155558776 -0.322619810032 -0.182399857544
0.291106102582 -0.325411454988 -0.182571592602
0.286390148053 -0.32597360051 -0.18234794796
0.286507553537 -0.326311367788 -0.182419858127
0.281648258155 -0.32625483342 -0.182700624594
0.281050395881 -0.326926121291 -0.183176672557
0.280798798783 -0.328645372233 -0.18258475074
0.280525935219 -0.330947712888 -0.181972387104
0.275525600983 -0.329510884886 -0.183682539302
0.275271064591 -0.330616101596 -0.182325652715
0.27458341265 -0.331931934098 -0.182872445173
0.265949387551 -0.335971965552 -0.183665900638
0.265218423255 -0.33630209143 -0.183681610357
0.265834142201 -0.332367189164 -0.182617908757
0.268255839755 -0.329811845668 -0.182057645074
0.268727631686 -0.329161177913 -0.182452129141
0.268859500697 -0.329905389293 -0.181440976028
0.266320836197 -0.331941570493 -0.181800964173
0.265366161221 -0.331986147113 -0.182049148004
0.262699250548 -0.333373365121 -0.18203349404
0.260844467609 -0.334550444757 -0.181617775054
0.256674386182 -0.337275067509 -0.181379888087
0.254461118706 -0.338104678708 -0.18229401157
0.24938996222 -0.341749982917 -0.180905052304
0.245769882013 -0.343984065126 -0.18098719125
0.240319740131 -0.348060642677 -0.180566334416
0.237734692071 -0.350225371 -0.180190857352
0.233256196538 -0.353887692349 -0.180478015153
0.229091361025 -0.357687798578 -0.180502106522
0.2274532933 -0.359562112404 -0.180795555156
0.22193090027 -0.365550243347 -0.180202781634
0.221526604091 -0.367129076376 -0.179747999511
0.220577020969 -0.369505886193 -0.1799861651
0.215819014236 -0.369572500595 -0.180217530135
0.215552902467 -0.372058473539 -0.180789272706
0.215140923499 -0.373571069957 -0.180002670175
0.21199302581 -0.374989472018 -0.179707584812
0.207515001728 -0.377770248496 -0.179282659763
0.207678509868 -0.378975968178 -0.178999896339
0.204981351126 -0.380148419277 -0.179603911365
0.205934486486 -0.380349247751 -0.179372199315
0.203155394477 -0.381524735965 -0.178782846684
0.203407839788 -0.382844624696 -0.178950535951
0.201485732358 -0.385891552322 -0.178820251836
0.201528254541 -0.387328608896 -0.178959328502
0.19982855033 -0.388753637588 -0.178729374469
0.196826941449 -0.387493582994 -0.179425498757
0.197527482755 -0.389786141745 -0.178410376443
0.197624012443 -0.390700827676 -0.178448479753
0.193137011016 -0.391742572517 -0.177593800546
0.194636652851 -0.392238914866 -0.178184070881
0.190459521715 -0.39322942364 -0.177878264062
0.191080892522 -0.396519524877 -0.17692694705
0.187489618008 -0.398157901913 -0.177432343666
0.181606318949 -0.402149109659 -0.177033331758
0.180611304854 -0.404810542436 -0.17771214197
0.179594456824 -0.409449191356 -0.176557400354
0.175186559321 -0.41119080028 -0.177973493006
0.175344889498 -0.414119013659 -0.17726922116
0.171867379347 -0.414978521886 -0.177127845457
0.172421336476 -0.415924553768 -0.176958194023
0.170692056646 -0.417172149903 -0.177399222147
0.171042318767 -0.417728315321 -0.176849173982
0.167437814555 -0.418183595422 -0.177243417823
0.168112793855 -0.41858993994 -0.176475109787
0.165163431806 -0.419632068304 -0.17621597233
0.165111749133 -0.420414208645 -0.176002457212
0.165715376763 -0.420560118166 -0.176441229341
0.163146038889 -0.424093886957 -0.176477050933
0.161546231502 -0.424529022666 -0.175926681196
0.161494064606 -0.423488072682 -0.174898086457
0.162066148522 -0.424620245095 -0.176471405417
0.160734442056 -0.424240308684 -0.176136891416
0.159295060865 -0.424631790137 -0.175701464951
0.160396662772 -0.424311997081 -0.17497119008
0.156484668511 -0.42938552917 -0.175224643931
0.156424532933 -0.430417738304 -0.175410880353
0.156465172454 -0.431665270764 -0.175442321515
0.15367520924 -0.435177565145 -0.17597592263
0.150260708033 -0.438398661671 -0.174953966869
0.151008256788 -0.438397744782 -0.175081068679
0.145640139032 -0.443976151485 -0.175130020857
0.141622336425 -0.45016485269 -0.175155142458
0.142368086192 -0.451586819365 -0.175273768929
0.137614114348 -0.45827865623 -0.174391411739
0.137339228378 -0.458579948619 -0.175120647523
0.134569432758 -0.462814538609 -0.174837199355
0.13465787843 -0.463463393831 -0.174924151943
0.131872022469 -0.467445994187 -0.175264521697
0.129886378541 -0.469266915816 -0.174968508333
0.129634488811 -0.469919613186 -0.174812071621
0.128600743609 -0.470388841065 -0.174806860229
0.129166299791 -0.470190868246 -0.174222150088
0.130732406648 -0.46760976159 -0.173962530646
0.131123939282 -0.467324521226 -0.173539788138
0.129778485259 -0.469169220203 -0.173906413748
0.129484392211 -0.469786537423 -0.174403679057
0.129761173143 -0.470027018895 -0.174263212827
0.126423895514 -0.473705131203 -0.173754651039
0.127091541955 -0.474454917888 -0.173952727346
0.127729391914 -0.475327749279 -0.175094589136
0.124405821416 -0.480043933854 -0.174338066463
0.121062522833 -0.489352944695 -0.174392772052
0.118460054652 -0.494957901343 -0.174648193472
0.119700284793 -0.495429524582 -0.174643965534
0.114409635771 -0.503908864535 -0.174010834287
0.10914121864 -0.513624946941 -0.172868994197
0.109167397574 -0.513953680653 -0.173963436816
0.104946722961 -0.522775558909 -0.173175409778
0.102581258454 -0.52750879614 -0.173849540491
0.102305089748 -0.527747347215 -0.174644567101
0.102729356271 -0.527171211337 -0.174939783831
0.102875535318 -0.526201840877 -0.17524341602
0.102963824772 -0.52381696676 -0.175780541277
0.102636224699 -0.523047095391 -0.174968971478
0.104144610481 -0.517987949796 -0.174904081739
0.104130566087 -0.517399615564 -0.174863810309
0.10520720858 -0.515926339847 -0.174511009091
0.10527070879 -0.518053174979 -0.174245815551
0.105706012457 -0.521063214389 -0.173921000515
0.104605426122 -0.532444170011 -0.175425861143
0.100658775235 -0.540579427374 -0.174862761478
0.102168267626 -0.542392749789 -0.174880711602
0.0973659702655 -0.550969664251 -0.17471295465
0.099888765555 -0.549148173184 -0.174501177141
0.101346854656 -0.547090109733 -0.174833851225
0.0959094628188 -0.553018744323 -0.174868652993
0.0997155167589 -0.546846759019 -0.174465818268
0.0965181450078 -0.549508765596 -0.174950933048
0.0983516070154 -0.545178045195 -0.175005834098
0.0927872074025 -0.553540473572 -0.174469841676
0.0922305633153 -0.558229428052 -0.174494903382
0.0931918968998 -0.558215407236 -0.176343052267
0.09294264935 -0.562709872015 -0.179250549832
0.0930136953323 -0.563432975045 -0.179461593603
0.0921874332527 -0.569217984263 -0.182394090376
0.0922076456347 -0.569292193712 -0.181765944924
0.091522821809 -0.568442036681 -0.18069817783
0.0898278389936 -0.575740789859 -0.178166572612
0.0877578361906 -0.575746164918 -0.174902243287
0.0853591784101 -0.583687429605 -0.175916430499
0.0854305589776 -0.584286300442 -0.17572098786
0.0841993154734 -0.591235698266 -0.176595670219
0.0846785693085 -0.59115156758 -0.176098796199
0.0823566834166 -0.595927333206 -0.176678356093
0.0827887668974 -0.595339958209 -0.176652633435
0.0847378549261 -0.593153841362 -0.176823887271
0.0858261187803 -0.590833674259 -0.176847140901
0.0866217004535 -0.587919664221 -0.176771153754
0.0881407831847 -0.585712968452 -0.176763920065
0.0838088782527 -0.593655298365 -0.176402257502
0.085792369771 -0.597389655711 -0.177007006941
0.0819612759922 -0.61203397027 -0.176813736188
0.0797189541917 -0.62425942832 -0.176483291288
0.0800315489393 -0.624366336265 -0.176047210414
0.0806005317341 -0.624258678789 -0.175818541391
0.0774042558374 -0.636173870685 -0.176213735252
0.0770342108288 -0.638984601746 -0.175650394725
0.0768833569082 -0.648677198309 -0.176358605611
0.0770534356187 -0.650511122796 -0.176862088694
0.0796957853246 -0.656426727172 -0.178084645913
0.0797093802299 -0.656816036121 -0.178986646407
0.0812058704091 -0.657287215894 -0.180686684606
0.0807514972884 -0.657940004908 -0.18019267623

