0.444803814254 -0.175930069685 -0.188881059233
0.44468582388 -0.175940617912 -0.188850602858
0.44473944625 -0.175427296925 -0.188192535416
0.444481979679 -0.175481777002 -0.18857958285
0.443710815043 -0.17483459191 -0.188426392481
0.443661259451 -0.1759422703 -0.18841725315
0.443957600946 -0.17541730475 -0.187869786678
0.444277050764 -0.174935925878 -0.188135595695
0.444134812837 -0.175257501963 -0.18769299481
0.443903233375 -0.174262702135 -0.187827574997
0.444317227825 -0.174234508977 -0.187454382643
0.444129193672 -0.173053071601 -0.187627790884
0.4445530208 -0.173015004544 -0.186877351649
0.443559851339 -0.173099032253 -0.18734550702
0.443775852499 -0.172443163361 -0.187133612291
0.443916196784 -0.170691526092 -0.187393157621
0.443870668711 -0.170292382694 -0.187187794812
0.44321596911 -0.171199322151 -0.186998468109
0.443257488354 -0.171498820268 -0.187349948931
0.443770851953 -0.169479244885 -0.186952317859
0.444000958861 -0.168717515701 -0.186520839041
0.442425547588 -0.172922426241 -0.186874658179
0.442685813585 -0.171641003031 -0.1867947263
0.442717576518 -0.17150213808 -0.186716575147
0.442974309708 -0.170652348632 -0.186532332853
0.4416276061 -0.174202643738 -0.186799765358
0.441760669863 -0.174249601367 -0.187203510103
0.442028092855 -0.173978988341 -0.18703907167
0.442391750176 -0.173419993801 -0.186882002159
0.441700654408 -0.176269327797 -0.186979784212
0.441756971896 -0.176606187636 -0.187137107148
0.441790753068 -0.17661163419 -0.187206535477
0.441894179194 -0.178665773532 -0.186934453206
0.44101740608 -0.179991504382 -0.188132918148
0.440991946117 -0.180592782209 -0.187785270553
0.440604574878 -0.182254202885 -0.18738337974
0.440532888883 -0.184168792291 -0.188065513081
0.440776188786 -0.184563824718 -0.187248266056
0.440944187224 -0.185227508323 -0.187217694126
0.440793301377 -0.186833991805 -0.187472312852
0.440424894547 -0.18932142534 -0.187822567996
0.441260225505 -0.18393844585 -0.188219682031
0.441038883949 -0.186371202371 -0.187938648115
0.440796094981 -0.187729401822 -0.187374638023
0.440533745167 -0.188739812274 -0.188459440814
0.440679950477 -0.190202653247 -0.187486325161
0.442037468662 -0.182102503179 -0.18718693654
0.44209363923 -0.182678507883 -0.187377176396
0.442069337289 -0.184219327831 -0.187153931482
0.44159877448 -0.185453818328 -0.187102498683
0.443019056054 -0.178674516833 -0.187275015881
0.442999669505 -0.178337929568 -0.18672680428
0.442891593035 -0.179029579391 -0.186512954388
0.442303442341 -0.180185578297 -0.186321954782
0.441838430297 -0.181323539273 -0.185979161457
0.442123100899 -0.178930619047 -0.185925449752
0.442135085271 -0.180055641542 -0.186033818253
0.441997627931 -0.181854991939 -0.185927758481
0.441891976987 -0.17934861071 -0.184847077081
0.441964983853 -0.179934545273 -0.186469582073
0.442165315972 -0.18129386004 -0.185709891918
0.44181438344 -0.181808047174 -0.186068842574
0.441504798048 -0.182542737229 -0.185226331896
0.44135679057 -0.17994096114 -0.18564677759
0.441759464178 -0.180046079652 -0.185453206067
0.441793772128 -0.180631812208 -0.18533473971
0.441455512949 -0.177152757374 -0.184787280695
0.44171387479 -0.177292171974 -0.185782886701
0.441728453783 -0.177921755644 -0.18493158907
0.441980277408 -0.178682933277 -0.185330460883
0.442097901334 -0.179072770723 -0.184370674359
0.440439385106 -0.17773177142 -0.184349247926
0.440074486171 -0.176784217227 -0.184996753528
0.439926023604 -0.177703919316 -0.184561856291
0.439988879928 -0.1784245638 -0.184986485946
0.43859979384 -0.177620782555 -0.184436616908
0.438163600252 -0.178454513333 -0.183859274495
0.437248777897 -0.178079576202 -0.183853921491
0.435603216946 -0.175886498807 -0.183476222317
0.434688940627 -0.177201264768 -0.183316344468
0.433108551699 -0.176540236999 -0.182807528186
0.427830120012 -0.175741782812 -0.184008201646
0.425941332359 -0.174161465791 -0.183841430236
0.424426383734 -0.173927548839 -0.183079669794
0.42165035526 -0.174145360003 -0.18324705241
0.414800952048 -0.173201269038 -0.183572606769
0.412830135175 -0.173055274797 -0.184356170684
0.410433845711 -0.172388330066 -0.184317152205
0.402699838157 -0.174692790584 -0.18455104837
0.400880910562 -0.174665771551 -0.184250677211
0.398801923701 -0.174289591053 -0.184499021273
0.39594932092 -0.174802013362 -0.183881903304
0.390923724832 -0.176402653352 -0.184196643159
0.38860334681 -0.176957871702 -0.185135490449
0.386878770078 -0.178106512601 -0.1847815233
0.384266272134 -0.178950785813 -0.184662428747
0.382261520843 -0.179729883755 -0.183802198331
0.379067675955 -0.180371262482 -0.184816900378
0.377760830467 -0.182199794258 -0.184768206059
0.376412028054 -0.182907362781 -0.184462729077
0.374273535842 -0.184000477888 -0.184596733354
0.372273154094 -0.182040530532 -0.184545400105
0.36982993089 -0.183164477706 -0.184764686279
0.36821559131 -0.184056657362 -0.183401551347
0.366186036021 -0.185517083782 -0.183715891094
0.364524252826 -0.183022617273 -0.184307327684
0.36286913975 -0.184053905329 -0.183976845573
0.361870959474 -0.183792501576 -0.183604340548
0.360201906383 -0.18468771947 -0.183358596131
0.356566759068 -0.18167991929 -0.182713570388
0.355461751836 -0.180986131631 -0.182818615721
0.352764797496 -0.18038470226 -0.182735971455
0.346449161361 -0.182765814999 -0.183078488622
0.338697232811 -0.184530176016 -0.18298496212
0.336911166553 -0.186462751589 -0.1818305554
0.333358520751 -0.188273085543 -0.18223947365
0.325660141507 -0.189696346965 -0.182818568896
0.325203933865 -0.190536198474 -0.182651537883
0.319586287189 -0.192546929227 -0.182147090453
0.320035173927 -0.192930288863 -0.182419979442
0.31608627741 -0.196215360457 -0.182665389904
0.315950079736 -0.197842268251 -0.182273178505
0.311289758758 -0.197096955376 -0.181695712731
0.311338306466 -0.198901044788 -0.181872486851
0.307868753967 -0.196925267276 -0.182092416649
0.307787503579 -0.198222957065 -0.181571596629
0.302628231418 -0.197859367288 -0.181486388436
0.30156562314 -0.199835701641 -0.181578716318
0.301137728034 -0.200449804759 -0.182460224108
0.295806893941 -0.200103431845 -0.18121045575
0.29304562036 -0.200964091038 -0.180499508944
0.292690727245 -0.201726147964 -0.180273960622
0.286687737578 -0.201970763841 -0.181278234248
0.286121581221 -0.202884128299 -0.181207723737
0.279025447845 -0.204763489261 -0.180788988781
0.278003906023 -0.207072854972 -0.180626935947
0.271733637248 -0.208202726321 -0.18105121137
0.2711132147 -0.210651392278 -0.180518839029
0.268527265714 -0.209651506121 -0.179918046296
0.261582050656 -0.211633319497 -0.180140649473
0.261191935886 -0.2128289942 -0.180231705555
0.260661823552 -0.213504028447 -0.181002801112
0.254755013576 -0.216232071981 -0.179073298189
0.25493542055 -0.21824473279 -0.179721660182
0.249563785964 -0.219411248438 -0.179847844544
0.243637982013 -0.221103799682 -0.179796656488
0.243428440771 -0.220940812161 -0.180272717839
0.238582770036 -0.222678319832 -0.179833882759
0.229074652365 -0.228940418905 -0.179330205848
0.226880234551 -0.231927426233 -0.17912637039
0.218114408212 -0.236390891593 -0.17885270028
0.216044991141 -0.240466177131 -0.179092420399
0.211070704608 -0.242489523944 -0.179198839618
0.209789295463 -0.243998136798 -0.179864172228
0.206511139891 -0.241763114211 -0.180013082274
0.206528723995 -0.239918015375 -0.179038359534
0.205108048783 -0.240052887158 -0.178463812219
0.203695104131 -0.241765524935 -0.178340828923
0.202770285277 -0.242075405265 -0.179006446936
0.201920733471 -0.242882808233 -0.17832859675
0.200062068296 -0.243131932606 -0.178734243242
0.198471001159 -0.24473874793 -0.179190662575
0.195229195458 -0.245958904211 -0.17816269549
0.190446253679 -0.249387589133 -0.178376124181
0.187797817868 -0.252383650536 -0.177893839954
0.180969128412 -0.257656323764 -0.178592595086
0.178727264792 -0.258511088166 -0.179274500998
0.172621794062 -0.26322301203 -0.178617981383
0.170682285409 -0.26503433272 -0.178721846439
0.165451626576 -0.271528162707 -0.178009978723
0.163505197701 -0.2735543918 -0.178084447583
0.160971495382 -0.275410272083 -0.178866548617
0.158900155088 -0.278020659556 -0.178130972173
0.158186238292 -0.278249319203 -0.177395143949
0.158964132721 -0.279197211574 -0.177575492852
0.157091217072 -0.28107568633 -0.177776296687
0.157029288035 -0.283561603768 -0.178486693888
0.154313148592 -0.283720323445 -0.178222330728
0.154682380029 -0.285908692864 -0.178189848513
0.154804976969 -0.286526699942 -0.178036851758
0.152580145545 -0.285630359537 -0.177324099529
0.149398604356 -0.286026993931 -0.177016657121
0.146550905059 -0.286829419015 -0.177547969138
0.148391501108 -0.288248780546 -0.17740199695
0.147312245217 -0.288354619321 -0.177016301922
0.146415204449 -0.28865466979 -0.176629037508
0.146971612366 -0.28905606351 -0.176922747913
0.14478851144 -0.29056968527 -0.175874546385
0.145650063077 -0.290717312546 -0.175855807522
0.144882527886 -0.289953344995 -0.176759913267
0.14527850082 -0.292016015083 -0.17446770871
0.144779867669 -0.290878712194 -0.176337419623
0.145198694821 -0.292430780674 -0.175779649893
0.142914036577 -0.292252781643 -0.174467688464
0.142143506204 -0.295257921751 -0.174503713055
0.138382158079 -0.295897118662 -0.17533243035
0.137708841851 -0.297844513562 -0.174304891262
0.136463285983 -0.302009170149 -0.175509337102
0.133672546962 -0.300463943907 -0.174679936947
0.13364512501 -0.301764907025 -0.175003534037
0.132552462337 -0.301396305271 -0.176543222569
0.132750501889 -0.301988379436 -0.176305779205
0.132925619112 -0.301780974126 -0.176101342346
0.133327065636 -0.30214526867 -0.176880727921
0.133677951074 -0.301838294297 -0.175691716032
0.130606525663 -0.301898905358 -0.17678543709
0.133909454803 -0.302159150539 -0.176123669708
0.132201982518 -0.304465720195 -0.175922376709
0.129195254148 -0.30541968536 -0.175044282905
0.129879214141 -0.305062070999 -0.175326442197
0.125815068256 -0.30860846211 -0.174415212014
0.126494645632 -0.308402009177 -0.17496922935
0.12406489173 -0.310103649589 -0.175008143016
0.119063126722 -0.316658016363 -0.174312252628
0.119465913405 -0.317038338555 -0.174088103832
0.119619822836 -0.317489371257 -0.174892382924
0.112715530633 -0.324224428445 -0.1744242621
0.11251395327 -0.325080064363 -0.173512957787
0.105048243475 -0.33331704704 -0.173479468912
0.10440624124 -0.335411190596 -0.174125628977
0.101356146295 -0.340954468958 -0.174764782566
0.101600228489 -0.341884266873 -0.174914985934
0.0997645263233 -0.342800867753 -0.174505489867
0.0998118588232 -0.343300034291 -0.17419847161
0.100110080209 -0.3406737681 -0.174018100097
0.1008891881 -0.339394069851 -0.173495883648
0.101409833321 -0.337141087159 -0.174060191033
0.10171554784 -0.336273209724 -0.173454978669
0.101971646597 -0.336114238654 -0.173159304898
0.099911908584 -0.338458243389 -0.17298969821
0.0997426580083 -0.340323672761 -0.173095619512
0.0956220008563 -0.345907637743 -0.173399712933
0.0947786469422 -0.348131934249 -0.17398715288
0.0895427802472 -0.355319638163 -0.173406169201
0.0894630068092 -0.357131849883 -0.173763835996
0.0897363457345 -0.357176632192 -0.173706124197
0.0845655928911 -0.364355165 -0.17288080445
0.080967935018 -0.371978197559 -0.172371788132
0.0730169570259 -0.383680993376 -0.172316960684
0.0747042445852 -0.386439067072 -0.172461307644
0.0674551284983 -0.396504192377 -0.172490594139
0.0679582195679 -0.396888300977 -0.172336791432
0.0687378743944 -0.396366417766 -0.172812536016
0.0658058991571 -0.399022052026 -0.17293213943
0.0658990835027 -0.398922067461 -0.17238576364
0.0664678480721 -0.397688205515 -0.172725833102
0.0673229476919 -0.397213278161 -0.17591242655
0.0702183046711 -0.394145921509 -0.176719363668
0.0708732381253 -0.392729980502 -0.176916413113
0.0751354968786 -0.386262510229 -0.177178367064
0.0758726709609 -0.384511715449 -0.177050551937
0.0756270221999 -0.384802128263 -0.177152408888
0.0746511896735 -0.389206172097 -0.177257850486
0.07323413665 -0.392610013442 -0.178293749869
0.0735549695204 -0.392821012085 -0.177370899843
0.0689825989225 -0.401403757516 -0.177587440378
0.0697838740676 -0.403042204077 -0.178283532853
0.0633670351662 -0.41373077637 -0.177965467524
0.0648311158244 -0.41512772941 -0.17785472611
0.0656197822021 -0.415288592642 -0.177532790871
0.0584832995669 -0.425467004721 -0.177109524487
0.0589889309652 -0.424738613955 -0.177205193033
0.0547630656725 -0.432221229249 -0.177547740968
0.0555810964793 -0.433095882924 -0.17608800325
0.0504192225174 -0.440234307999 -0.177220034837
0.0493789982304 -0.444058309315 -0.176160634447
0.04943161294 -0.441983360832 -0.176703837941
0.050192047296 -0.441791630252 -0.176566496775
0.0517897641244 -0.441491521283 -0.175801369004
0.0537236410521 -0.438029892026 -0.173647950797
0.0529170730995 -0.437308444016 -0.17350161339
0.0552724740272 -0.434800182541 -0.172738732587
0.055804188234 -0.432130581778 -0.17367312927
0.0554078378954 -0.42959478538 -0.173491009744
0.0541810082508 -0.433892750382 -0.173911408511
0.0539629129784 -0.434844158202 -0.1738448211
0.0524325949132 -0.439831539389 -0.174178305248
0.052495894312 -0.440708630332 -0.174012184191
0.0498133358183 -0.447348424879 -0.174073520611
0.0503979872098 -0.447926525076 -0.172834591432
0.0476672482807 -0.454230148149 -0.172761590546
0.0453219216694 -0.462129766553 -0.173389011716
0.0448422495425 -0.463551496561 -0.174105768862
0.0442240275299 -0.464033794857 -0.173130354501
0.0455443690042 -0.464662822517 -0.17368441658
0.0430287210857 -0.468288878177 -0.173276410567
0.0445000526942 -0.468122381683 -0.173643854655
0.0443926123744 -0.468868172448 -0.173606439392
0.0432045924891 -0.471901078644 -0.173441465244
0.0432143424034 -0.472076261279 -0.173291765161
0.0425145625259 -0.475962974379 -0.173258717614
0.0425315775036 -0.481269411769 -0.173004244892
0.0429605218836 -0.479578690845 -0.173252804634
0.0437617638907 -0.47917218088 -0.172581942626
0.0412358911379 -0.491821483539 -0.173252382373
0.0428631474887 -0.492324728582 -0.172222699362
0.038719548834 -0.50588858636 -0.173251865692
0.0401591244575 -0.503804929384 -0.173834916418
0.0368396858178 -0.511826026963 -0.174153535533
0.0377853973688 -0.509285281095 -0.17352276171
0.0363480750057 -0.513475514403 -0.174233276627
0.0370112377843 -0.511740571851 -0.173398159186
0.0382249380583 -0.509708756912 -0.173773661807
0.0392130032737 -0.50829166624 -0.174444749278
0.03816665516 -0.514641540693 -0.173808463232
0.0384303511157 -0.513991055973 -0.173537085629
0.0384204319602 -0.513690517399 -0.173985295327
0.0328368319584 -0.535654849617 -0.173458165494
0.032300482853 -0.540519828907 -0.173695749763
0.0320880299943 -0.541415991639 -0.174198307032
0.0306965625167 -0.548510331895 -0.173744473797
0.0297445224037 -0.547257649798 -0.173674972381
0.0302509832712 -0.551601834724 -0.173003006754
0.0301372086573 -0.549735057746 -0.17348182015
0.0297729516392 -0.548051492145 -0.172924285921
0.0312960919726 -0.549400045821 -0.173495926506
0.0307741611796 -0.550019147332 -0.1735076298
0.0307987934799 -0.553757788939 -0.173261492265
0.028010511915 -0.556119373054 -0.172487221177
0.0285393485427 -0.556262774144 -0.1728024939
0.029439886817 -0.555592677207 -0.172048520672
0.0277905747781 -0.557733028187 -0.173099058049
0.0298234489239 -0.556047428679 -0.172871210978
0.029083893898 -0.556590601173 -0.173251642576
0.0314136410391 -0.554397076114 -0.173374476297
0.0311529633916 -0.55406344461 -0.172418093472
0.0323083191297 -0.554432426682 -0.17200859862
0.0326001654519 -0.554360223024 -0.172353018524
0.0322766422124 -0.55898213599 -0.172143353596
0.0323595782471 -0.561960037386 -0.171907114148
0.0332315514556 -0.562007237608 -0.173054038201
0.0332315514556 -0.562007237608 -0.173054038201
0.0338403733713 -0.560889792793 -0.17373260903
0.0340114078296 -0.560556425411 -0.173448505776
0.034952325625 -0.557976609392 -0.173008732051
0.0355129548184 -0.556272474001 -0.173385638644
0.036431921194 -0.555226982193 -0.172611112201
0.0341463384599 -0.5605644032 -0.172864357956
0.0363397644172 -0.556039072654 -0.172447894562
0.0348728001407 -0.558021532088 -0.172962759877
0.0372976177396 -0.553631830506 -0.173324194518
0.0326931025076 -0.558956890147 -0.173603316856
0.0313284155828 -0.5610614618 -0.173975223497
0.0320341442341 -0.563851654631 -0.173591544396
0.0325457859842 -0.565312413703 -0.173360660539
0.0317500466141 -0.57144206245 -0.173183918154
0.0335739296007 -0.58033621454 -0.17326000378
0.0343971283892 -0.583585063768 -0.17365881511
0.0374159682869 -0.594737328838 -0.173142310012
0.0384118185193 -0.59550665962 -0.173044795296
0.039665661753 -0.599816339747 -0.172410521175

