0.395258640222 -0.303395364698 -0.176846711706
0.395341811991 -0.302779228796 -0.177219109784
0.395265769135 -0.303020415622 -0.177124389658
0.394533512691 -0.303538608691 -0.176681320096
0.394007036078 -0.302699366658 -0.176952331139
0.394000454757 -0.301856025037 -0.176369984569
0.393638929867 -0.302503299064 -0.1767888053
0.393728910068 -0.302129124345 -0.176794634748
0.39363052002 -0.302807427444 -0.176794280822
0.393400698001 -0.302166659913 -0.175908141373
0.392490718884 -0.302661974535 -0.176043326223
0.392084389449 -0.302292899922 -0.175995530722
0.391772369498 -0.301820383284 -0.17620857587
0.391189581461 -0.302141987602 -0.175523430799
0.390051385853 -0.302773079104 -0.17604058796
0.389146652545 -0.302620971659 -0.175128110575
0.388757940314 -0.3028375976 -0.175115043535
0.38755404986 -0.302450710904 -0.175223269962
0.385827687408 -0.302681241796 -0.17533623498
0.382913828311 -0.302893350581 -0.175341949935
0.381973201737 -0.301932473666 -0.175792480257
0.379661938505 -0.301864510274 -0.176268832624
0.376680649601 -0.301771500859 -0.17584750661
0.37289789073 -0.302076554116 -0.17476787249
0.370674624892 -0.301337135461 -0.175174803395
0.367673040645 -0.301228587543 -0.175968263155
0.364271886516 -0.302422003451 -0.175539979563
0.359767409444 -0.301848961712 -0.176100259514
0.35693868385 -0.302712363857 -0.176656006541
0.355173401526 -0.302647721002 -0.175742210026
0.352923871692 -0.302225018992 -0.17451917596
0.349428705411 -0.302998284936 -0.174424127219
0.347859689674 -0.302949031121 -0.175698056045
0.346771407355 -0.3021796177 -0.17635556263
0.344802156775 -0.303647839656 -0.176992491776
0.343761510891 -0.303703381138 -0.177131366435
0.3380818876 -0.304473124076 -0.176745023975
0.337178688353 -0.30382731093 -0.176302557608
0.336213418202 -0.303302297367 -0.176818064641
0.335126807434 -0.303781262663 -0.176834715283
0.328971765739 -0.305202891188 -0.176583435934
0.328989678503 -0.305146909464 -0.176649803881
0.329030794084 -0.305019787896 -0.176624064738
0.328891993343 -0.303918973339 -0.177432317385
0.329127748912 -0.30437761215 -0.176650536917
0.323349322816 -0.305860495993 -0.176324611186
0.323435675608 -0.305255031946 -0.176535518127
0.323060287121 -0.305644986521 -0.177085512451
0.32293011744 -0.30555756784 -0.176440762449
0.318488137732 -0.307288424108 -0.176544902948
0.317980585785 -0.307433744912 -0.177407416504
0.317696205752 -0.308211175261 -0.176964364443
0.317794972112 -0.308065632523 -0.177330907582
0.311906519248 -0.310491622802 -0.17788288884
0.311801642371 -0.310802579263 -0.177456991037
0.31183747881 -0.311875605446 -0.176853507992
0.312159877655 -0.312768710434 -0.176773033128
0.307025051078 -0.312260328291 -0.176671091041
0.306879909526 -0.31349371569 -0.177187418677
0.307026203291 -0.313908813549 -0.17645457362
0.306854429074 -0.315003148826 -0.176164543991
0.302329272787 -0.313802795678 -0.176540938043
0.302342783176 -0.313641037425 -0.177136135905
0.30293601291 -0.314265689017 -0.176689639835
0.303490894385 -0.314635700734 -0.177023874677
0.298841139747 -0.31346907527 -0.176689336611
0.298844344525 -0.314749415972 -0.176765933506
0.29890348762 -0.314965168311 -0.176111139179
0.298976371758 -0.31495504584 -0.17687808701
0.29849279671 -0.315629206276 -0.176509569018
0.294476477875 -0.315068665615 -0.176628681386
0.29369743274 -0.316635657838 -0.176531766946
0.293426409492 -0.316625996297 -0.177050992839
0.287066040887 -0.317366402188 -0.176800805755
0.286781658451 -0.317636793855 -0.177152526011
0.286649520907 -0.31897489275 -0.177542843221
0.286150077969 -0.319959179177 -0.176867389677
0.280542563334 -0.320947902697 -0.176560818896
0.280442977993 -0.321474588608 -0.176658332179
0.280144089261 -0.323048255909 -0.176264261514
0.279735004499 -0.32457644197 -0.176620340461
0.274984155643 -0.323203695025 -0.177008419804
0.274818942513 -0.324386616494 -0.176558899202
0.274610680085 -0.325809304642 -0.176777312572
0.274703493626 -0.327160025225 -0.176638354602
0.274751758468 -0.328868569758 -0.176110291623
0.271636597653 -0.326014826336 -0.176146554386
0.272080080961 -0.325366376728 -0.17617712786
0.271455387748 -0.327455933628 -0.17570004615
0.26861332052 -0.32611145709 -0.176007060982
0.268260465075 -0.326535771273 -0.17612609217
0.267726641404 -0.328376302931 -0.176027460794
0.267289594324 -0.329864900131 -0.175071691862
0.262094706151 -0.327244277485 -0.176215795018
0.260991471018 -0.328985123933 -0.175866711345
0.2603724588 -0.330224201879 -0.174579949154
0.259275242488 -0.331280625514 -0.175304948356
0.25345298043 -0.331234246727 -0.17581526005
0.251991332235 -0.332231943162 -0.176081421996
0.250503646483 -0.33412843963 -0.175715033617
0.248780624986 -0.335297781506 -0.176242923533
0.242317911255 -0.335346490097 -0.175704383573
0.24005141525 -0.336280961862 -0.175537390287
0.238513075907 -0.33743146435 -0.176395188078
0.237233392669 -0.338645597384 -0.176001224624
0.234224127261 -0.337727733552 -0.17629778491
0.233604503936 -0.337532679338 -0.17664278443
0.232470538045 -0.338401837853 -0.17582740807
0.231350627352 -0.337018966775 -0.175947834383
0.230953669913 -0.337129784468 -0.176200843409
0.231826257582 -0.334900275818 -0.175762779059
0.229115319303 -0.336600859926 -0.175982070989
0.229069589785 -0.33563351665 -0.17556328879
0.223917529126 -0.338494295533 -0.175028063936
0.222284897003 -0.339087462994 -0.175025598922
0.214818029246 -0.341977612632 -0.175210132462
0.213080787197 -0.342900227958 -0.175715331911
0.211628766047 -0.343422791528 -0.176291252406
0.20791861206 -0.345389435252 -0.175628689589
0.20288960069 -0.349018159745 -0.175491275237
0.201589757116 -0.350249785011 -0.176086805737
0.200468830105 -0.352932685274 -0.176293374913
0.195039231146 -0.355975808775 -0.176153050914
0.194895467168 -0.356370798129 -0.176280011845
0.195171790788 -0.356664016269 -0.176396775189
0.19283910755 -0.35716763773 -0.176069507928
0.191358318697 -0.357307332611 -0.175709223341
0.191875238308 -0.357972346027 -0.176182826641
0.187219061008 -0.360834072132 -0.175819630622
0.18712449815 -0.361885399201 -0.175863272208
0.18206000141 -0.36325846733 -0.17562392984
0.182200520759 -0.363888048204 -0.176437139125
0.183216337923 -0.364956146701 -0.175325218248
0.179726379712 -0.365367666638 -0.175971831915
0.175934057509 -0.365697757998 -0.17559946216
0.177443024745 -0.36756986331 -0.175252282803
0.174402970197 -0.368952785543 -0.175620734688
0.175000833843 -0.369515556842 -0.175558003469
0.170792352375 -0.370055636165 -0.174736549454
0.171670816674 -0.370038826071 -0.174629715865
0.166275156259 -0.372088245603 -0.174359808179
0.165856073573 -0.373278909306 -0.173925128296
0.165716535403 -0.374432103451 -0.173440678896
0.161295417707 -0.375638881882 -0.174385838339
0.161953628597 -0.375733457414 -0.173377943462
0.162520383869 -0.37628602815 -0.174199177722
0.158558435954 -0.376979592917 -0.17296712077
0.156428146167 -0.377588279577 -0.173766606738
0.157093685334 -0.378708464813 -0.17250640435
0.152780127104 -0.380567598997 -0.172915757915
0.152515778418 -0.381910375626 -0.173267507877
0.147259092897 -0.384656452502 -0.172820268541
0.147160922109 -0.385472966653 -0.173442009561
0.144187954088 -0.386784307844 -0.172846405304
0.144500347363 -0.387589802106 -0.172883218362
0.14123391815 -0.388872350368 -0.172299680892
0.142252970353 -0.38930282864 -0.172595516524
0.137870778035 -0.391375907149 -0.172538504551
0.137656068868 -0.392891637243 -0.172170916062
0.135411308489 -0.395065797676 -0.172247051351
0.132290311475 -0.396206862772 -0.172539956046
0.133129126575 -0.397131971362 -0.171373874452
0.132937005522 -0.398705333573 -0.171389196376
0.12822575234 -0.402662228399 -0.171768569619
0.126899531782 -0.405442800397 -0.172292833651
0.122002756956 -0.40832082369 -0.171884155796
0.121846728828 -0.409918880862 -0.171749524795
0.121429257591 -0.411507645429 -0.171463450806
0.116475782342 -0.411910563684 -0.171199682912
0.11614186446 -0.413886834191 -0.171509154062
0.116070809288 -0.414462187621 -0.171067670616
0.113836648325 -0.414926613502 -0.171811347503
0.115010564852 -0.415305254191 -0.170283368231
0.112930337134 -0.415922496306 -0.170792377291
0.113114222473 -0.41683425935 -0.170030889097
0.109009899785 -0.418034704118 -0.170923553071
0.107114654232 -0.418888232077 -0.170951301841
0.10762929173 -0.418835124757 -0.170402276206
0.104415948963 -0.41985264389 -0.170459109157
0.103895115834 -0.419679308413 -0.170034545328
0.104728407478 -0.419580257582 -0.168232733163
0.104807213267 -0.419337089891 -0.169286275215
0.102829183306 -0.420450498836 -0.169870113636
0.102772234887 -0.421139245142 -0.16939867091
0.102962320857 -0.420940215388 -0.169810843042
0.102996040052 -0.421702291986 -0.168974400641
0.100408269912 -0.422909450028 -0.169611875637
0.100730995799 -0.422767972205 -0.170044682561
0.0984198862023 -0.424771741072 -0.169202457339
0.0986495097273 -0.424207462337 -0.169651815252
0.095221154393 -0.428497695963 -0.168974603579
0.0930338026183 -0.430084273543 -0.169451278998
0.0928410972146 -0.430734190389 -0.169593822037
0.0889572133903 -0.435129446094 -0.169392404668
0.0885872766483 -0.436029041488 -0.16949203123
0.0879647234112 -0.437758669702 -0.169253366939
0.0828828563857 -0.443966405213 -0.168936144429
0.0830674671671 -0.443704459104 -0.169063031558
0.0806233682655 -0.446592829043 -0.16991654506
0.0811466038589 -0.44720551769 -0.169898375818
0.0778194158358 -0.450276455284 -0.169602674157
0.0751751728615 -0.45212766331 -0.168926450046
0.0718434145222 -0.455701124549 -0.168616145766
0.0722553378457 -0.456376742255 -0.168868535945
0.0692461759351 -0.459624306508 -0.168309008207
0.0667436484696 -0.462096588091 -0.168415931552
0.0673136258597 -0.462272446888 -0.168507973227
0.0652881821448 -0.463942650812 -0.168457791764
0.0652650497579 -0.464284532415 -0.168793263989
0.0637146974843 -0.465419016837 -0.168458183456
0.0635137346551 -0.465689607242 -0.168138765198
0.0601670452257 -0.470664706981 -0.168827100144
0.0609442295571 -0.471560985404 -0.168812912183
0.0577064262684 -0.477374863749 -0.168974297185
0.0579560885833 -0.477600464985 -0.168738218232
0.0584066241453 -0.477568329806 -0.168761487904
0.0543548941256 -0.483584614373 -0.168350863777
0.0549661550275 -0.483995288292 -0.16931582975
0.0514718723195 -0.489243756424 -0.168391694794
0.0481689428254 -0.495088533861 -0.168921491411
0.0445148298258 -0.502107389878 -0.168792241342
0.0446139115225 -0.503300349062 -0.168312239048
0.0454372434204 -0.502906467109 -0.167785013128
0.0408530745031 -0.5093883179 -0.168341320398
0.0408598824516 -0.509316660133 -0.1683700918
0.0368637667337 -0.513674170696 -0.168166725548
0.0363293248044 -0.513430806659 -0.169401102308
0.036756292337 -0.512300529373 -0.168612996288
0.0377557309854 -0.50997112544 -0.168810279844
0.0390241082765 -0.508204726111 -0.168549421413
0.0385871743954 -0.50876378766 -0.167902646463
0.0368654578212 -0.511341439634 -0.1685819158
0.0363186071131 -0.513515376554 -0.168018085944
0.0341315357709 -0.517984629568 -0.167718785476
0.0343946129184 -0.521136503614 -0.168484900373
0.0318713423499 -0.525994500513 -0.168734111627
0.0328798505998 -0.526500070964 -0.168769207822
0.0336099525028 -0.527003537756 -0.169417181898
0.0301421037064 -0.530773268007 -0.168255549095
0.0310966427656 -0.530999659619 -0.168937017629
0.0282459641646 -0.534446058614 -0.16858653239
0.0287788406841 -0.53477798848 -0.16816632852
0.0260670900272 -0.540661309916 -0.169573881531
0.0270992212353 -0.540304630995 -0.168758275406
0.0242272647053 -0.546448646843 -0.168982298649
0.0247803943659 -0.545178213851 -0.168369341069
0.0247934181232 -0.545109693743 -0.16860131719
0.0253986808795 -0.544467335286 -0.168829942808
0.0224061528325 -0.551522849624 -0.167510903083
0.0228598277044 -0.550908059306 -0.168262114724
0.0239533331087 -0.551234619471 -0.168876225104
0.0201740882168 -0.557022116355 -0.168034844102
0.0181464168374 -0.560963788827 -0.16949159629
0.0162723850909 -0.564288657524 -0.169306882011
0.0158922547049 -0.562433409299 -0.16994519044
0.0150187170993 -0.561074568597 -0.16947854745
0.0152276247965 -0.563429108933 -0.169821564053
0.0152911692844 -0.562071440073 -0.170299226039
0.0136130832658 -0.568164151711 -0.169128391384
0.0133624166419 -0.567993697777 -0.16960505713
0.0132203556742 -0.567835021836 -0.170069419046
0.0122437949225 -0.573583300231 -0.169642992026
0.0115483798154 -0.577929979759 -0.170449980475
0.0095999988976 -0.583802810569 -0.170963658193
0.00860323491522 -0.588921234368 -0.170603409814
0.00850031125722 -0.594163858186 -0.171017212923
0.0103636309937 -0.594181009055 -0.171625821881
0.00826645339781 -0.603115309846 -0.170953815825
0.00922650627679 -0.60391576978 -0.171009299526
0.009446636533 -0.604748534741 -0.170504260774
0.00704741986887 -0.608909090149 -0.170236846104
0.00712003189694 -0.607258455682 -0.170612680002
0.00434464975738 -0.611541133003 -0.170129790889
0.00398279291394 -0.615401617745 -0.171421361702
0.00393727857125 -0.614959626378 -0.170866464208
0.0038966024613 -0.61902974224 -0.173426323379
0.00358562579424 -0.620609905753 -0.172962950301
0.00160365322812 -0.620004903283 -0.170863233337
-0.000297208137705 -0.624778695771 -0.171525839178
-1.23551445921e-05 -0.62793823691 -0.171591002412
0.000152939551193 -0.627408980165 -0.172212425958
0.00115803369333 -0.625856295797 -0.171855451361
0.00142243742656 -0.625332738781 -0.171641376131
0.00125282849117 -0.624693653712 -0.171903073499
0.00232854128781 -0.623027963136 -0.17199045418
0.00158400364847 -0.623637236785 -0.172218225785
0.000749122066103 -0.627436334465 -0.171249313645
0.00190638942247 -0.627767632087 -0.172124290492
0.00179271973267 -0.627967500519 -0.17181344126
0.00394942461777 -0.625420919636 -0.171890836198
0.00326948363209 -0.624289674273 -0.171417847011
0.000977520453915 -0.627410113727 -0.171220701119
0.00279670176515 -0.629592285859 -0.170709198473
0.00015762601891 -0.634823767276 -0.170535446263
0.00190113538404 -0.636896981547 -0.171117593868
-0.00122915663282 -0.643407804348 -0.171507877758
-0.000462070767025 -0.643353671744 -0.171533120802
-0.00182402189872 -0.645534453868 -0.171622071749
-0.00203737452826 -0.644262836068 -0.171281331117
-0.00204495598496 -0.642841366562 -0.170603342354
-0.00182806371765 -0.642695042325 -0.170284152229
-0.00309358792643 -0.647833914276 -0.17104859947
-0.0028070510475 -0.648694031678 -0.17136766651
-0.00177515947587 -0.650114789077 -0.171476788338
-0.00192798098661 -0.649367052569 -0.171805858528
-0.00135271823324 -0.649702880505 -0.171521164313
-0.000773722193791 -0.653554561453 -0.171388035351
-0.000737238687176 -0.653839822942 -0.17142123409
-0.00199355828769 -0.660809331442 -0.171597886843
-0.00159036629755 -0.660030975504 -0.171741147536
-0.0016669968644 -0.659580505344 -0.172029868813
-0.00106562348611 -0.65837852503 -0.172473997712
-0.000914545669446 -0.66260116857 -0.170638735692
-0.00052665856806 -0.661579840999 -0.171478990198
-0.0013934744158 -0.672971783973 -0.172418216415
0.000440400167797 -0.678754311714 -0.171638985363
0.00120485619264 -0.675720782733 -0.171770785756
-0.000616595384701 -0.684952498967 -0.172447281431
-0.00101344897486 -0.693927448091 -0.172505337532
-0.000637646470727 -0.693008580728 -0.172028321658
-0.000476083175451 -0.697616211271 -0.171925357817
-0.000166908900575 -0.705564956801 -0.171896140035
0.000678572336684 -0.717405037317 -0.173073755042
0.00138647245648 -0.717998728121 -0.173183391897
0.000617457744034 -0.726664570899 -0.172918204669

