0.447554136195 -0.399239790808 -0.211357039549
0.447409945177 -0.399052476206 -0.211494389934
0.447071562449 -0.399730653244 -0.210524226472
0.446827658097 -0.398858312098 -0.210828262556
0.446386166457 -0.399113823635 -0.210891753633
0.446381972215 -0.398444611088 -0.210015957983
0.445947228052 -0.398525585568 -0.210673152833
0.445876485852 -0.398996178723 -0.210156864065
0.445444936464 -0.398677842738 -0.210325072056
0.444819326071 -0.399029599428 -0.209733052002
0.443665808319 -0.398818805794 -0.208764515662
0.443135545414 -0.398497685237 -0.209304409695
0.442248237137 -0.398299739847 -0.209258930326
0.441198958163 -0.398889870132 -0.209056873881
0.439326891377 -0.399533322032 -0.208260915197
0.439014829299 -0.398997338441 -0.208653697666
0.438246402091 -0.398654517051 -0.20834655869
0.436439736053 -0.398555572001 -0.207679958642
0.434209558475 -0.399351226631 -0.207321544327
0.431434649997 -0.397759328314 -0.207717762849
0.429532183359 -0.397742559391 -0.208282888741
0.427620226637 -0.397615904253 -0.208277135732
0.424690943167 -0.397409139274 -0.20795059148
0.422378674851 -0.397051993733 -0.20829178116
0.41877545298 -0.396750255134 -0.208551191603
0.416371275366 -0.396953447013 -0.208934956278
0.41461698088 -0.396271952446 -0.209171574819
0.412280374016 -0.396733340618 -0.207503091512
0.409631053334 -0.396392988555 -0.208186058697
0.405206806226 -0.395927866599 -0.208592259272
0.402900954448 -0.396332294643 -0.209836578297
0.401501553786 -0.395864617139 -0.20974686798
0.399079260018 -0.396089596501 -0.20965002334
0.395571490966 -0.396067648078 -0.208435260605
0.39422957143 -0.395788020241 -0.209282220239
0.392670223062 -0.397050079988 -0.208527191956
0.39119763583 -0.396876755051 -0.208493510612
0.389198281413 -0.396444378458 -0.207951689866
0.386322672073 -0.396858908013 -0.208054567898
0.385691468529 -0.396193911962 -0.208977027932
0.384251903785 -0.397094352871 -0.208520376225
0.382500118044 -0.396513114575 -0.207144819033
0.379470959918 -0.397661491052 -0.20732900136
0.378057358305 -0.39664898495 -0.207590943985
0.376282504782 -0.397051999418 -0.207963345911
0.374349359154 -0.397529228174 -0.207758863626
0.372337128658 -0.398314018372 -0.206808946135
0.367528295946 -0.398267572803 -0.207362258767
0.366026907782 -0.398080899334 -0.207682220259
0.363478212685 -0.399175494606 -0.207220183285
0.361483497735 -0.398298080174 -0.207527295975
0.357892140759 -0.399069371655 -0.207496117101
0.356107298633 -0.399729116907 -0.207805676789
0.354243083515 -0.400592724308 -0.20753825347
0.35295716351 -0.399710917876 -0.207298949296
0.349514834087 -0.399884649657 -0.207623355144
0.348338693881 -0.4003734488 -0.207571816082
0.346602864613 -0.400477399735 -0.207943378801
0.344237842454 -0.401374369965 -0.206965117303
0.342477179505 -0.401665846406 -0.206568949823
0.338303263298 -0.402969062074 -0.207598261144
0.33644288557 -0.402311522685 -0.207800471792
0.333995391241 -0.402856986051 -0.207484864979
0.331940021166 -0.403472335149 -0.207526362165
0.327876844025 -0.404822402691 -0.208047290191
0.326406456438 -0.4048028575 -0.207208227771
0.324064646621 -0.405043911169 -0.208280085446
0.319319819381 -0.407092677548 -0.208031797745
0.317788469966 -0.407254674771 -0.207350097106
0.316302821849 -0.406875507306 -0.208261647426
0.313635880464 -0.407959413672 -0.20870571451
0.310426308647 -0.408296282205 -0.208318990816
0.308108032627 -0.409486622666 -0.208598820944
0.306489693997 -0.409814733059 -0.209136822419
0.304333340447 -0.410114314131 -0.207864961163
0.301943414996 -0.410599129857 -0.208177415975
0.296202267257 -0.412973889254 -0.209013390696
0.294335509714 -0.413545373289 -0.209280071378
0.292588184365 -0.413824867627 -0.208154415422
0.291151386125 -0.41447937924 -0.20778205026
0.288944253993 -0.41601621782 -0.2089704256
0.286819097507 -0.41640999786 -0.209012634199
0.285877646966 -0.417116284126 -0.208399746348
0.284388477808 -0.417769943911 -0.208897090372
0.282669641141 -0.419144608571 -0.209578811354
0.27843756803 -0.421388688143 -0.208943727109
0.27829075629 -0.421260587337 -0.208446547993
0.277220159273 -0.422268375407 -0.208724922084
0.270876891611 -0.423242095787 -0.209528174472
0.270445563163 -0.423938634711 -0.20943209518
0.270466381233 -0.423929107427 -0.209237770494
0.270466381233 -0.423929107427 -0.209237770494
0.268078759966 -0.423598378673 -0.20857855109
0.268078759966 -0.423598378673 -0.20857855109
0.268661541043 -0.423128837864 -0.208937365768
0.268368147649 -0.424536701556 -0.209173824581
0.263534419055 -0.424555324875 -0.209332813752
0.263437264244 -0.425510284831 -0.208302212624
0.263639074218 -0.425091923909 -0.208452919006
0.258779231341 -0.426881770824 -0.208433261805
0.258940967824 -0.426452882056 -0.208250821889
0.259010168989 -0.426323735163 -0.208201174084
0.25942421933 -0.426175912352 -0.20837263087
0.255424844616 -0.427195933461 -0.208560840089
0.255854176635 -0.426819948732 -0.20826033542
0.256817419913 -0.426475066104 -0.207704499054
0.25391704187 -0.427569560136 -0.207580819321
0.254465797724 -0.426740042398 -0.207921139561
0.254795191182 -0.426743624158 -0.207398215182
0.25526472058 -0.427151411262 -0.207580295658
0.249578483954 -0.430599987111 -0.207961226705
0.250041941138 -0.430738673491 -0.20698887684
0.250445284008 -0.431242188332 -0.207590933251
0.246685877517 -0.432402686475 -0.208479986254
0.247231569356 -0.431901673063 -0.208147846182
0.247193412118 -0.432087653248 -0.207946520215
0.243230153682 -0.433556630864 -0.207983640214
0.242721675562 -0.433929491402 -0.208342015564
0.239869909579 -0.433866889707 -0.208150702277
0.240143747504 -0.434106912681 -0.207438169506
0.240033040981 -0.434887120053 -0.207685257302
0.237752621615 -0.435303960567 -0.208114023396
0.237903043561 -0.435303760531 -0.20799599985
0.233092762891 -0.438519667257 -0.208052331382
0.233150946284 -0.438697208054 -0.207248768465
0.229937813947 -0.440202770752 -0.207015592153
0.229883613023 -0.441055756823 -0.207324673351
0.226692427124 -0.441391617769 -0.207718231083
0.226385512447 -0.442551476157 -0.207130551807
0.22302188786 -0.443168435071 -0.207755830864
0.223704162075 -0.443730959792 -0.207281034818
0.221319382333 -0.445585245811 -0.206587705709
0.216912895652 -0.447883051761 -0.206993267514
0.217493992343 -0.44799013355 -0.207042875404
0.213507964618 -0.448997730502 -0.206529439556
0.214348791598 -0.448476590456 -0.206411413102
0.210252496745 -0.45029693387 -0.205482854514
0.205843245615 -0.452250560606 -0.205389936817
0.206685395551 -0.451781462729 -0.205282524577
0.203623814091 -0.453674269638 -0.205646675187
0.199255018301 -0.455881029381 -0.205324104344
0.200371762606 -0.454369367899 -0.204762879208
0.194737155962 -0.459580879011 -0.204835288549
0.194876574957 -0.45854614932 -0.205207429681
0.189825978214 -0.462501800145 -0.205529946216
0.190098069203 -0.462867353797 -0.204987819552
0.185779280728 -0.465718821486 -0.205660835781
0.185923819274 -0.465744178337 -0.2054007987
0.181623857194 -0.468493739261 -0.205521194634
0.181936949539 -0.468533653143 -0.204934621456
0.17912623379 -0.470624823961 -0.205061139933
0.179507347058 -0.471029061654 -0.204801401735
0.176587010057 -0.472446079166 -0.205640351679
0.177649856594 -0.472453284441 -0.204803431138
0.17331421896 -0.475758849736 -0.205264535869
0.169614777729 -0.478828768533 -0.205005595606
0.169630865462 -0.479937296088 -0.205282063191
0.170191113779 -0.480596054707 -0.205584875175
0.16593302828 -0.483233598807 -0.205519525566
0.161696553761 -0.485298358887 -0.204854144908
0.162407350225 -0.484884231906 -0.204457176707
0.158652135691 -0.487538351077 -0.20344955606
0.159754199825 -0.4886475967 -0.203125198835
0.156212844779 -0.491228672366 -0.203560973879
0.156006852463 -0.491695944585 -0.203658747267
0.152031297528 -0.49425219035 -0.203534113505
0.146328613743 -0.49772699815 -0.203752657522
0.146461647057 -0.496818652185 -0.203116921801
0.140316488498 -0.504128152015 -0.203525568454
0.140231214186 -0.50481326379 -0.204153312
0.136597800297 -0.509224134968 -0.203518794333
0.13662715907 -0.509037238612 -0.203322978537
0.134995151473 -0.509996641395 -0.203932682377
0.135619224064 -0.509981931827 -0.203010915938
0.134302896343 -0.510535139641 -0.202853395904
0.134436338408 -0.51079421363 -0.203015079876
0.131595418501 -0.512344898628 -0.203260299944
0.131992950936 -0.51282005708 -0.203095194243
0.129518699061 -0.516089758051 -0.202946605734
0.130189271551 -0.51693560077 -0.202756908452
0.128845533378 -0.517955516884 -0.203464433286
0.125916887304 -0.521558080819 -0.202732092034
0.12598025604 -0.52249086492 -0.202933533513
0.120305555578 -0.525474791323 -0.203061104543
0.12029116373 -0.525726748192 -0.202610222738
0.116993110556 -0.529658987856 -0.202614749267
0.114003049454 -0.53242241837 -0.202945501874
0.114767208328 -0.53227869812 -0.202402603038
0.111602029449 -0.534922641844 -0.202033592516
0.112216798092 -0.534631336715 -0.201778171885
0.109063611617 -0.538968995142 -0.200975896071
0.104403385496 -0.544588856699 -0.20198178095
0.104852326136 -0.544861631096 -0.202171367965
0.100533600463 -0.549921165552 -0.201950015429
0.100533600463 -0.549921165552 -0.201950015429
0.0947663451783 -0.55753181782 -0.202105803119
0.092618885454 -0.564381618326 -0.201884139829
0.0928873612395 -0.56453463103 -0.202173089214
0.0881510139282 -0.569504362016 -0.202103775529
0.0884904425279 -0.569893570365 -0.202220307021
0.0841544043623 -0.574555387457 -0.201896593695
0.0841191131566 -0.574936754168 -0.202101701298
0.0801125397336 -0.582111241478 -0.201799837913
0.0806850956053 -0.582418243772 -0.201710752496
0.0776947991815 -0.588012394765 -0.201305701444
0.0760854463289 -0.592024417882 -0.201976361661
0.0771141656649 -0.593528699998 -0.201978197297
0.0727652229254 -0.601105125767 -0.202187912217
0.068057474573 -0.608026646212 -0.201120307428
0.0687163949197 -0.607970965717 -0.201264704297
0.0645029943932 -0.612750773131 -0.201171897822
0.0657918950421 -0.612742284547 -0.201033854751
0.0640589093731 -0.615600763452 -0.202107651639
0.0609183890529 -0.621744607752 -0.201264926945
0.0579986241777 -0.626494896253 -0.200112730591
0.0577798777492 -0.626025102526 -0.201181301706
0.0548441815743 -0.633906367382 -0.201114093206
0.0547527871118 -0.633709147358 -0.20152276337
0.0548073013009 -0.632585233055 -0.201118105072
0.0508977393623 -0.640127165408 -0.201932685897
0.0506114436094 -0.642318970794 -0.201049094204
0.0477121231453 -0.647278634417 -0.201055337355
0.0481746073638 -0.64651318966 -0.200918212177
0.0456865043126 -0.653231488239 -0.200532371982
0.0460377375735 -0.65316927859 -0.201437207524
0.0433025769087 -0.659872751006 -0.201084488572
0.0436042356393 -0.659768221761 -0.201181492022
0.043391525281 -0.663086377987 -0.20015324504
0.0407729451741 -0.670250930346 -0.200169596667
0.0415555045753 -0.670996802654 -0.200573301899
0.0395229087714 -0.676808139459 -0.200040143004
0.0400995854836 -0.676725606626 -0.200689573401
0.0381942829834 -0.680051017335 -0.20080351631
0.0393665865734 -0.677240335309 -0.200967929175
0.0385471964566 -0.679374744585 -0.201484882883
0.0378492967293 -0.682934377513 -0.201608085157
0.0381927555728 -0.683079522928 -0.200846460118
0.0367572874885 -0.690336128359 -0.201327040771
0.0355315709073 -0.697214487215 -0.201102993485
0.0355504448244 -0.696771847761 -0.200542590074
0.0338906812503 -0.701274928109 -0.200568991984
0.0332625038229 -0.703092514286 -0.200078496125
0.0323244765543 -0.706576192297 -0.200961043554
0.0322722052857 -0.705964109775 -0.200983622564
0.0325617221531 -0.708591029141 -0.200883814585
0.0322556383992 -0.707900217675 -0.200545507517
0.0322995311663 -0.70535728258 -0.200865299452
0.0320599032578 -0.705214754565 -0.200231636847
0.0319432292955 -0.706058387563 -0.199747147544
0.0315739648639 -0.708685095308 -0.199082038548
0.0312574051498 -0.708660463467 -0.199397824615
0.0315584130741 -0.712421117221 -0.198633504973
0.0322082474399 -0.712489737795 -0.19905803727
0.032457362299 -0.715107916694 -0.199072464659
0.0301002227282 -0.717105486696 -0.199417172163
0.0318048459932 -0.714734213272 -0.198663510489
0.0295310893287 -0.718173465747 -0.198680447333
0.0310996983841 -0.718476404058 -0.199848104965
0.0290355237314 -0.722038283329 -0.1995863536
0.0302480378208 -0.723641717794 -0.199628157973
0.0295164578358 -0.725311007434 -0.199436383853
0.0305878595318 -0.723439136514 -0.19999178584
0.0310566032815 -0.722486433471 -0.199670671742
0.0301034601676 -0.724812894269 -0.19921592006
0.0297331898301 -0.729948159682 -0.199439252808
0.0307466044585 -0.733031666746 -0.199551288868
0.0277634278435 -0.741773373404 -0.199727882026
0.0260556959338 -0.752748980573 -0.19871172541
0.026379787176 -0.753454411161 -0.199306176575
0.0282130215306 -0.759086682236 -0.199528987503
0.0289838361413 -0.758401034509 -0.199626988848
0.0297056916896 -0.757759931101 -0.199318437049
0.0281482848775 -0.766128620534 -0.199384904975
0.0280876186023 -0.771415976347 -0.199436322641
0.0282598503792 -0.770620163 -0.199628030157
0.0281436232343 -0.770166282172 -0.200151733941
0.0263452497994 -0.777389449318 -0.199438713424
0.0261607747563 -0.777954060218 -0.199945585554
0.0263475676573 -0.777059635359 -0.199468020296
0.025132466031 -0.78523718614 -0.198135916454
0.0246261153462 -0.788745077695 -0.198189564189
0.0248067962099 -0.787742546334 -0.197854139327
0.0233834269212 -0.795101135175 -0.198508180368
0.0231333259538 -0.802893034559 -0.199265339752
0.02457764635 -0.810200119967 -0.198220136134
0.0239611090658 -0.811888087519 -0.199278553685
0.0232678015888 -0.812511219028 -0.198791948774
0.0249533497994 -0.81305234901 -0.197798097802

