0.300256300285 -0.368000765763 -0.255215904557
0.300671417714 -0.368148716183 -0.255054156566
0.300076838655 -0.368637695437 -0.254918685939
0.299917497621 -0.368383582662 -0.254761222823
0.299310377448 -0.368176565373 -0.254474398961
0.299045991077 -0.368039026159 -0.254098171789
0.298671985224 -0.367102898294 -0.255186736535
0.29870606347 -0.36710287475 -0.25499308793
0.298482008294 -0.368110177982 -0.254295555071
0.297981510984 -0.367152670095 -0.254057539864
0.296429617153 -0.367008920135 -0.254682401808
0.29618003336 -0.366460597192 -0.25498827097
0.295702850199 -0.366543091275 -0.254526914048
0.295015613176 -0.366795423058 -0.254603805276
0.293832423764 -0.366616362047 -0.254564287672
0.293398037484 -0.366017671429 -0.254707089738
0.292622421486 -0.366846739476 -0.254216081482
0.291738809505 -0.365831023686 -0.254686301491
0.290645807293 -0.366174020048 -0.255051824473
0.28990005984 -0.365388983992 -0.255245882951
0.290200014494 -0.365728840654 -0.254062620644
0.29029132002 -0.365686952169 -0.254008034765
0.289709776932 -0.366196036356 -0.254046189795
0.288842989369 -0.366445668102 -0.254583039841
0.289232118328 -0.36536402167 -0.254424786618
0.289191752509 -0.365909598029 -0.254002582742
0.288638373466 -0.366089800665 -0.253287720728
0.288600832332 -0.365253323842 -0.253938359222
0.288823423683 -0.365295377086 -0.253361865907
0.286807776852 -0.363807056399 -0.254482986099
0.287109440385 -0.363655824166 -0.254092438647
0.287109440385 -0.363655824166 -0.254092438647
0.286399502357 -0.362141157247 -0.254683323242
0.285137762739 -0.361914470933 -0.255268228881
0.279756553789 -0.362983227832 -0.255657398749
0.279104597327 -0.36193045355 -0.254886993723
0.277179064665 -0.362047733804 -0.256087973914
0.274356147238 -0.360877254155 -0.255971287872
0.268806239409 -0.361731800372 -0.254829675909
0.266538309608 -0.361598947712 -0.256045008932
0.264920868692 -0.361871341796 -0.256021477507
0.261690439928 -0.361077010545 -0.256427944856
0.254808035932 -0.361983884215 -0.256468566264
0.253868094091 -0.36150085486 -0.256202913623
0.25265624389 -0.360191306608 -0.256959688794
0.251321935794 -0.359100077745 -0.256389968113
0.246893326429 -0.359799797294 -0.256881062906
0.246254824514 -0.358827994753 -0.257353522874
0.245650451495 -0.358874884697 -0.256441152266
0.244564425896 -0.357349773932 -0.25697124754
0.237127766486 -0.360839247938 -0.256695612216
0.236581778441 -0.35888942422 -0.257223552146
0.236318570011 -0.358358749564 -0.257454189916
0.236404271806 -0.357922376515 -0.256891614427
0.229070811585 -0.36142044157 -0.256952412063
0.228636459018 -0.360774470583 -0.25758303531
0.228724947447 -0.360534803739 -0.257021523959
0.228893887399 -0.359495164405 -0.256452188523
0.228936301196 -0.359279356291 -0.256128633775
0.220904825963 -0.363209423154 -0.256491546785
0.221070834112 -0.36193286174 -0.256585612682
0.221070834112 -0.36193286174 -0.256585612682
0.221680137586 -0.360543414315 -0.256618490582
0.215723733749 -0.361689878225 -0.256244287402
0.215821951791 -0.361272683159 -0.256432931356
0.216029988225 -0.361236333616 -0.256558220388
0.216493879236 -0.360787839745 -0.256299586103
0.216462707307 -0.36033812794 -0.256514770402
0.212826729184 -0.36086864983 -0.256107791221
0.212826729184 -0.36086864983 -0.256107791221
0.212928892058 -0.359850028721 -0.256601972174
0.213062035823 -0.359846142575 -0.25634016442
0.206581878486 -0.362601135615 -0.256341609333
0.206473091764 -0.362340744285 -0.256433623672
0.20636456866 -0.362311249663 -0.257213208944
0.206475240207 -0.36230344546 -0.256497889617
0.201430965469 -0.363279322738 -0.2566280747
0.200909379501 -0.363910870711 -0.256689283577
0.201099034522 -0.363687871613 -0.25669123415
0.200915220982 -0.363275231857 -0.25660873402
0.197242864994 -0.362480944744 -0.256535365548
0.197149926888 -0.361911800438 -0.256555093295
0.197208664345 -0.362778766983 -0.256196742794
0.19708150468 -0.362663842412 -0.256398011796
0.193086486917 -0.361548574503 -0.256967027791
0.19308779438 -0.361743837027 -0.256967264698
0.193500517507 -0.362055896278 -0.255793362949
0.19295896369 -0.361432973526 -0.257168191227
0.188954471426 -0.36046907038 -0.256568213686
0.18892242362 -0.360469021157 -0.256762209617
0.186256418871 -0.359879768098 -0.256355404302
0.18602312932 -0.359959395357 -0.255988036694
0.186212836922 -0.358468217482 -0.255813052472
0.186303855981 -0.358128542357 -0.255817104571
0.18066923803 -0.35952516076 -0.255994741445
0.180567763511 -0.35887433923 -0.25658465445
0.175127605535 -0.359628758408 -0.256374297581
0.175079658211 -0.359289646293 -0.256000101682
0.175037961835 -0.359115962009 -0.256234987087
0.174788512456 -0.358203511492 -0.256155582258
0.168752487177 -0.35948117903 -0.256545524806
0.169249609011 -0.35862788082 -0.256568849376
0.169352348759 -0.357553618562 -0.256954048764
0.169346962105 -0.357358362474 -0.256952454637
0.163446256036 -0.359485429678 -0.256440034017
0.163416568455 -0.359377899277 -0.256607435192
0.163504594416 -0.359035150065 -0.256604227867
0.15743594065 -0.362055645316 -0.256455241566
0.156977289121 -0.361396473549 -0.2572436647
0.157439966665 -0.360711072145 -0.256914971667
0.15482880445 -0.361555761655 -0.257151315347
0.155351251232 -0.360806116343 -0.256356510712
0.151553808709 -0.359614632487 -0.256347342866
0.151248253448 -0.359805958998 -0.257339287831
0.145240693883 -0.361908893357 -0.256597001762
0.145270487458 -0.361905695462 -0.256402672204
0.140301834506 -0.360339238277 -0.25661494715
0.135166105647 -0.359861481723 -0.257161942814
0.13085857995 -0.360449307047 -0.256771580471
0.13092910177 -0.360239374847 -0.256193865629
0.124608025832 -0.359903153657 -0.256568592544
0.118850797071 -0.360597132279 -0.25678950637
0.118891953448 -0.360392046637 -0.256405005921
0.11896897916 -0.359570114402 -0.257071505663
0.113806089771 -0.360627512604 -0.255924377576
0.113632014253 -0.361282710703 -0.256002140395
0.108257590724 -0.360880471826 -0.255974969463
0.108311955594 -0.360927567614 -0.255503959019
0.10839110606 -0.360596744431 -0.255520429359
0.104809985608 -0.361018128509 -0.255335399249
0.104500274054 -0.360468015547 -0.255728637328
0.104444643638 -0.359806813142 -0.256086674559
0.0987872463866 -0.361208382065 -0.255731857165
0.0985171227946 -0.360460543899 -0.255736898268
0.0928244415239 -0.360297027485 -0.255758055499
0.093323825389 -0.3594319188 -0.255729963833
0.0890624632901 -0.358485604585 -0.255284134152
0.0893711373852 -0.357830999584 -0.255418349448
0.0840052549803 -0.358233146404 -0.255562839771
0.0850417688492 -0.357593454201 -0.255305580821
0.0822921881205 -0.357652629362 -0.255515211469
0.084869035671 -0.358265574295 -0.255688727752
0.0857181203728 -0.358610345717 -0.255095384408
0.0831352770279 -0.358375675729 -0.255356518458
0.0842029293968 -0.358772849581 -0.255249608419
0.0812263923444 -0.359175829181 -0.255306399696
0.0788401128831 -0.359863292382 -0.255830468444
0.0813971031301 -0.359979473846 -0.254920240795
0.0788081303296 -0.359367016186 -0.255294946323
0.0811132435248 -0.359052481147 -0.254964214902
0.0803408294413 -0.358994768995 -0.254582365077
0.0772255164093 -0.359683856879 -0.255155513229
0.0787472426175 -0.360051741276 -0.254146374822
0.0795270247515 -0.359516854912 -0.253988555514
0.0797717623481 -0.360884242151 -0.254897496976
0.075583958202 -0.360822520337 -0.255413671346
0.0766587240317 -0.361576929506 -0.254483863303
0.0768473621538 -0.362165746887 -0.254843219502
0.0746483184574 -0.360773121182 -0.254650523966
0.0764296985766 -0.362095223558 -0.254005502369
0.0739475148083 -0.360532309625 -0.253607664353
0.0717822375968 -0.360518915639 -0.253674482131
0.0717666459769 -0.360525269397 -0.25387038521
0.0705370072197 -0.361634908085 -0.254154911147
0.0647569137676 -0.362020199015 -0.255016680436
0.0625402467605 -0.361270629704 -0.254764809322
0.0531131747388 -0.360460346569 -0.254602748783
0.0467573923907 -0.358525538633 -0.255104684982
0.0440368696957 -0.357375062319 -0.255511479542
0.0339510681438 -0.360156607145 -0.255611559693
0.0321301407293 -0.359792342478 -0.255176598374
0.0247562753264 -0.358084304198 -0.255447121872
0.0223376735837 -0.356073108998 -0.255938240067
0.0147164773401 -0.356630909833 -0.256796693028
0.0139208128789 -0.357742119187 -0.256256778637
0.0125059127636 -0.356646862275 -0.256886762746
0.00585746308889 -0.356182489021 -0.256603873699
0.00514572837691 -0.354619696068 -0.257112304678
0.00486750148726 -0.354263869642 -0.256337976603
-0.00362648162641 -0.354796948315 -0.256977200098
-0.00470175674635 -0.35304763586 -0.257280883831
-0.0106866213756 -0.35281666827 -0.257297917701
-0.0161862968355 -0.353950973588 -0.256159131618
-0.0175128796975 -0.353554520837 -0.257090373427
-0.0215445674456 -0.351656851767 -0.256906954535
-0.0207269291501 -0.350505859997 -0.257424072661
-0.0242809649095 -0.350686638025 -0.257140499465
-0.0241862035332 -0.349792712703 -0.256914427129
-0.0308064679009 -0.352003432647 -0.257302237814
-0.0371587894693 -0.35306275706 -0.257432062545
-0.0370679442461 -0.352172788951 -0.25751998614
-0.0428207239512 -0.352582946374 -0.257678505253
-0.042921354616 -0.350715565513 -0.257361116634
-0.0501909520143 -0.351404073761 -0.257379365408
-0.0548969439245 -0.35320159379 -0.256783615817
-0.055279455641 -0.351838106758 -0.257264957233
-0.0605769722331 -0.352002084201 -0.257451775157
-0.0608948064657 -0.350914230165 -0.257922323361
-0.0668831777862 -0.351945919939 -0.257300566484
-0.0672745976552 -0.35094680287 -0.257711223745
-0.0716173247603 -0.350831505344 -0.257604902806
-0.0711313147659 -0.350936364268 -0.25709785868
-0.0762033220676 -0.349948299303 -0.2571026909
-0.0758214907259 -0.349950205422 -0.256900406758
-0.0810643811375 -0.349944510178 -0.257231286301
-0.0805702463995 -0.348702076753 -0.256691343522
-0.0814259165052 -0.348591841365 -0.257236071955
-0.085153294058 -0.348774309199 -0.256688493392
-0.0913448190094 -0.348218033675 -0.257227118559
-0.0912039007136 -0.348161731963 -0.256556425743
-0.0977764595574 -0.348415092429 -0.256949723829
-0.0976143199501 -0.347631271336 -0.256872597581
-0.104138128152 -0.349242809806 -0.257069100973
-0.109456500456 -0.349871194506 -0.256461360879
-0.10984292945 -0.348513650244 -0.256768312281
-0.113304572398 -0.348903479738 -0.256719352795
-0.112398730508 -0.348655628629 -0.256496189069
-0.116966674231 -0.349252404986 -0.256605927371
-0.117019580317 -0.34879365293 -0.256884602506
-0.121783617109 -0.348396121634 -0.256922626788
-0.121103577089 -0.34829599818 -0.256640229409
-0.126270440342 -0.349439902098 -0.25655017133
-0.126308619762 -0.348643235139 -0.256679183431
-0.126250533538 -0.349297964887 -0.256431043562
-0.131225783046 -0.348942824998 -0.257115483119
-0.13126193466 -0.348888595945 -0.256833211066
-0.131207895304 -0.34933555355 -0.257107000593
-0.136253727463 -0.349189788834 -0.256658205269
-0.136339353009 -0.349078102981 -0.256815975755
-0.136313538784 -0.348532937152 -0.256934036114
-0.13991492612 -0.349488974122 -0.256811548192
-0.144939393654 -0.349739791947 -0.256801847546
-0.144984586482 -0.349078708512 -0.256851897089
-0.149976605521 -0.347851250762 -0.25716897607
-0.15264544421 -0.348634220531 -0.256700240151
-0.150440156799 -0.348963919925 -0.256821077161
-0.153300315402 -0.348955372743 -0.256116140061
-0.150779433137 -0.348318436874 -0.255873592767
-0.150802361551 -0.347392874796 -0.255360839317
-0.149799687765 -0.347228138689 -0.255817432296
-0.153198110157 -0.34872376743 -0.255070428081
-0.151052740043 -0.347961633378 -0.256096171558
-0.154113466698 -0.349025381192 -0.254705243667
-0.15330526484 -0.347917681129 -0.25465924087
-0.152626232389 -0.347913752529 -0.254560290789
-0.154387317407 -0.347714330872 -0.254797724211
-0.153291279746 -0.348421608385 -0.25455704772
-0.152829953719 -0.348259981439 -0.25474700187
-0.156449633624 -0.347705689701 -0.25466053513
-0.154119935598 -0.347618861563 -0.254590274391
-0.155018200544 -0.347955912208 -0.255443689966
-0.154671115259 -0.347662073555 -0.254883123763
-0.152054210031 -0.34590174986 -0.254495885952
-0.155936350187 -0.348103599921 -0.255044168116
-0.153757682814 -0.348133097719 -0.254763346653
-0.157529988492 -0.349747857168 -0.254652891595
-0.154547805281 -0.349426868727 -0.254555753252
-0.157448961387 -0.349256325843 -0.254038501528
-0.156364457634 -0.349019725798 -0.254037151818
-0.155592426857 -0.349142405322 -0.253718651003
-0.156800858682 -0.348989516351 -0.254429806708
-0.155235988787 -0.350016654529 -0.254058919877
-0.159253758924 -0.350893143451 -0.253530306092
-0.158574586986 -0.351525856687 -0.254009599456
-0.15977107726 -0.350724683829 -0.253608368596

