0.392259896806 -0.360897601004 -0.249115316152
0.392563208454 -0.361084794119 -0.248898770101
0.392094512282 -0.361635141785 -0.248638552688
0.392049185454 -0.361205958593 -0.248767544144
0.390984471341 -0.360861301994 -0.248747347199
0.390855215536 -0.36028077625 -0.248361871673
0.390933942401 -0.359511618282 -0.248568076312
0.390955269653 -0.359310386487 -0.247991295316
0.390388401001 -0.359694892556 -0.248383988197
0.389706771245 -0.360070097588 -0.24780146821
0.388617835025 -0.358700310636 -0.248455050819
0.388242974891 -0.358151409133 -0.248740880446
0.387699911136 -0.35873026076 -0.247966193183
0.387339404028 -0.358289807043 -0.247601151855
0.386513257312 -0.358811218237 -0.247357358424
0.384884579426 -0.358887295892 -0.248502579418
0.384595310302 -0.358343543148 -0.248400004641
0.384159047298 -0.359088289409 -0.247942991636
0.383171405219 -0.358978078727 -0.247899686296
0.382250244065 -0.358174507698 -0.248097464039
0.381979198367 -0.358152877871 -0.248300564695
0.382044713891 -0.358483887938 -0.247843826983
0.381493509998 -0.358189317698 -0.247987403762
0.380919571947 -0.35844120152 -0.247474171991
0.380690120983 -0.357711534699 -0.248140039289
0.380386614278 -0.3580212832 -0.248140165343
0.379399437961 -0.358385386561 -0.248512518101
0.378966689206 -0.357467937842 -0.248010536499
0.378221795486 -0.358144714979 -0.248543727139
0.377948575921 -0.358317240497 -0.248161265599
0.377114450378 -0.357999575102 -0.248231147145
0.376512990285 -0.358588937138 -0.247643255603
0.376175743917 -0.358001911331 -0.247827388308
0.375078159504 -0.358157321471 -0.247962740181
0.37420284213 -0.357971679431 -0.247565411993
0.372896801624 -0.357029117938 -0.247726806835
0.371049170288 -0.357270366875 -0.248452358687
0.36758430422 -0.357102379179 -0.249024445723
0.364761243316 -0.357703737018 -0.249871782825
0.361810114883 -0.357528810824 -0.249867979431
0.359399054077 -0.356952121672 -0.250243429815
0.356732953241 -0.356248777414 -0.250113812945
0.351610269011 -0.356078554569 -0.250579292552
0.348941624518 -0.356819015913 -0.250107584406
0.3451514844 -0.357157146797 -0.250620663484
0.341366363069 -0.357380445957 -0.250111303106
0.334063141716 -0.355996691854 -0.250943390536
0.330826770509 -0.356057882071 -0.251448612766
0.327798428366 -0.356284685324 -0.251128507023
0.324097070112 -0.355534105264 -0.251098418978
0.317912092968 -0.355289753424 -0.251993337454
0.314948006088 -0.35531784642 -0.252608218655
0.311830073102 -0.35562156102 -0.25289986125
0.309319078771 -0.355265242317 -0.252228074428
0.303465589601 -0.355161414152 -0.253004701049
0.301549651585 -0.354422904812 -0.25302250663
0.298624594747 -0.355556643054 -0.253305813062
0.296659224923 -0.355032350498 -0.252585616965
0.294168004681 -0.354762622039 -0.25329505352
0.290811726171 -0.354015928269 -0.253160617914
0.289013894837 -0.35395966878 -0.253276141727
0.287451713624 -0.354569764867 -0.252866439477
0.285549121979 -0.354584282636 -0.252717636187
0.282081641993 -0.354032638042 -0.25217915629
0.280476523868 -0.353691004024 -0.253342774013
0.278858792153 -0.354269471661 -0.253335036485
0.277906660692 -0.354578540694 -0.252893929112
0.275172731919 -0.353436433805 -0.253269892246
0.27411819918 -0.353760914336 -0.25299836969
0.273441711346 -0.354441616804 -0.253028777215
0.271228617435 -0.354355937312 -0.253198167394
0.270880343153 -0.353999239719 -0.252694066178
0.270525939197 -0.353105505437 -0.252963061734
0.269914892165 -0.353794684197 -0.253184466741
0.268189319621 -0.352565378233 -0.252864289644
0.268278070627 -0.352027736739 -0.253057429766
0.268773961276 -0.352474989704 -0.251656743093
0.268487073607 -0.353101001381 -0.252256794393
0.267391429825 -0.352201295612 -0.252035429543
0.267265235018 -0.352545129009 -0.252035647383
0.267934374411 -0.352688582813 -0.251926142737
0.267851813503 -0.352043853627 -0.252719360246
0.264253830759 -0.352835287593 -0.25168779331
0.264222590392 -0.352835933309 -0.251881920803
0.264603364737 -0.353054206971 -0.25164364288
0.26430254473 -0.35322031019 -0.252202597745
0.260364623131 -0.351823021352 -0.252014775542
0.260402114667 -0.352016247153 -0.25182090732
0.26055554945 -0.351955018415 -0.251396011305
0.260575368134 -0.35282142194 -0.251162595577
0.259194299746 -0.351119377239 -0.251665586578
0.259297823725 -0.351670963989 -0.251804791568
0.259762820431 -0.351347375296 -0.251762075663
0.260231505921 -0.350800892861 -0.251541051136
0.257348521835 -0.34965945383 -0.251844227457
0.258807375253 -0.348661325056 -0.251275671281
0.254671765497 -0.347466828508 -0.251476446615
0.254909550053 -0.348030058294 -0.251422647784
0.254969823563 -0.346858117711 -0.251973000667
0.249897656033 -0.348727382427 -0.251514549029
0.249690405479 -0.347277048566 -0.252638969684
0.245811765395 -0.349151988738 -0.251792966941
0.245481765056 -0.348426916239 -0.252413465124
0.24597456654 -0.348092500075 -0.252167833674
0.243049778401 -0.348206762114 -0.252363527738
0.243049778401 -0.348206762114 -0.252363527738
0.237952099316 -0.348428807045 -0.25217054214
0.237849285136 -0.347555623964 -0.252783568447
0.231915405154 -0.347551105303 -0.252726200028
0.231846864697 -0.348094528033 -0.252534713165
0.231838998935 -0.347605213968 -0.252756014116
0.227518006571 -0.348667076018 -0.252105879041
0.222251170977 -0.348367841433 -0.251974192602
0.221788558159 -0.34843378379 -0.252426904071
0.217788357554 -0.347452978224 -0.252935512615
0.217179088332 -0.347512275732 -0.252846818041
0.213783274712 -0.348193196605 -0.252752982798
0.213575134151 -0.347661366052 -0.252584859444
0.214017448603 -0.347298493311 -0.252543275342
0.209541210721 -0.347580207323 -0.252745518264
0.209823054437 -0.348168347887 -0.252456420124
0.2053525766 -0.347002237274 -0.252055541993
0.205483771853 -0.346678123436 -0.251913564779
0.200770257722 -0.345743311189 -0.252255764149
0.196340112085 -0.345267859892 -0.251252396297
0.195879921182 -0.345195287252 -0.251623416084
0.191211172781 -0.345323822997 -0.251777658491
0.191500193607 -0.343263483971 -0.25096755573
0.187118462968 -0.343497333458 -0.251352552678
0.181138677672 -0.345426448611 -0.251243431815
0.181699417359 -0.341882621698 -0.25172026542
0.177925372957 -0.343343785766 -0.251135120915
0.175083911904 -0.346073927464 -0.250722291212
0.176159838463 -0.34590939694 -0.251972917317
0.174082920122 -0.345959922849 -0.250797343454
0.17531350681 -0.345583925352 -0.251143672104
0.173659037531 -0.344883778725 -0.251259589883
0.175188338609 -0.345183355951 -0.250824330518
0.172615825735 -0.34583233215 -0.250120479715
0.174082047115 -0.344922434379 -0.250442235414
0.17138022535 -0.346337390116 -0.250241588607
0.173298370206 -0.346694447601 -0.250115499057
0.171316073677 -0.346165701361 -0.250214089366
0.17174810382 -0.346642907769 -0.250430392016
0.168173004403 -0.346229805237 -0.250107729277
0.168168248686 -0.346195222808 -0.250309969635
0.164178943026 -0.346646090144 -0.250211010122
0.163170933141 -0.348371577586 -0.250487031786
0.159300973786 -0.346492465875 -0.250579952682
0.155244851971 -0.345541391354 -0.250419589985
0.149031665805 -0.346605705337 -0.251469230203
0.148570228349 -0.346189853352 -0.251271351569
0.147845773069 -0.344027530332 -0.251302731528
0.137624401927 -0.345499521445 -0.251928417742
0.136263754232 -0.346846370655 -0.251757481695
0.130309148136 -0.347524314542 -0.252388643586
0.126878417735 -0.344761110363 -0.252251263459
0.122176910331 -0.343428245452 -0.252305297164
0.11514973364 -0.34278562407 -0.253375072613
0.111993354485 -0.340888665371 -0.253069279737
0.105221749588 -0.341290160612 -0.25329961751
0.104246296774 -0.340771652811 -0.253199797991
0.0994478536556 -0.342416860271 -0.253190916242
0.0933099491693 -0.342505318013 -0.252388507689
0.0931066372186 -0.339687496133 -0.253112896529
0.0934310883819 -0.339003807636 -0.25301846066
0.0875793295191 -0.340816447446 -0.252769366736
0.0842512605028 -0.338388211291 -0.253583785198
0.0845735756761 -0.337715301569 -0.253533338059
0.0793484652782 -0.341070613507 -0.253176309137
0.0793875167295 -0.337817271425 -0.253543357366
0.0735146922923 -0.34000662212 -0.253168499035
0.0734221615749 -0.338696997479 -0.25353096215
0.0675241120469 -0.340336728616 -0.253479763305
0.0674642817212 -0.340279665841 -0.253416668291
0.0616669348342 -0.339288033653 -0.25377910096
0.0616472652504 -0.338467732616 -0.253516804571
0.0553233510454 -0.341504162299 -0.25428233454
0.0552620717126 -0.341637918539 -0.253239002684
0.0510407632564 -0.34174920195 -0.253692756815
0.0509182161684 -0.340945201753 -0.253910777465
0.0450588678197 -0.340866815539 -0.253757966178
0.0446168498772 -0.340526187545 -0.253631312603
0.0443244141907 -0.340043911101 -0.253611166685
0.0443511018755 -0.339931040486 -0.253180072405
0.0383520549075 -0.340277812535 -0.253842564948
0.0315950123282 -0.341516690103 -0.252864570901
0.0306593663558 -0.340998549558 -0.253446127576
0.023860667956 -0.341117282681 -0.253514268706
0.0200932344795 -0.341202548926 -0.25375007233
0.0191606045508 -0.3411079176 -0.254029311036
0.0189915998867 -0.340720863826 -0.253353861708
0.0148850062679 -0.340704239884 -0.252678316813
0.0139398993068 -0.339894007616 -0.253450267545
0.00940119808668 -0.33978113591 -0.252768392037
0.00864096074566 -0.339219987155 -0.253163961062
0.00783127132257 -0.338978941294 -0.253304575826
0.00795646961448 -0.338548583141 -0.253272230823
0.00322755843548 -0.338671437884 -0.253202297181
0.00322755843548 -0.338671437884 -0.253202297181
0.00311912775434 -0.338362678004 -0.253341674537
0.00283895670495 -0.338680846382 -0.253602525515
-0.0027502781451 -0.339313682313 -0.253736794746
-0.00344950908542 -0.338178151801 -0.253872784785
-0.00757368504489 -0.338614510466 -0.253408675188
-0.00754068591572 -0.33839549692 -0.253908074218
-0.0123056213112 -0.338168494901 -0.253835760725
-0.0174136728082 -0.338496688636 -0.253885875464
-0.0174806142487 -0.338587100102 -0.254061942392
-0.0220641025098 -0.338005684688 -0.253724406166
-0.0224818319946 -0.337838533506 -0.254231175942
-0.0277797729767 -0.338270714121 -0.254506128608
-0.0276959001419 -0.338385286442 -0.254377739678
-0.0333079602668 -0.338975436803 -0.254319893533
-0.0335814117682 -0.338087452425 -0.25455777417
-0.0370122435096 -0.338106901257 -0.253846816593
-0.0370948611388 -0.337994181891 -0.253972509586
-0.0374434419512 -0.336879984944 -0.254119023934
-0.0426146179328 -0.336997986576 -0.253800177631
-0.0426024101021 -0.33525325259 -0.254187335299
-0.0483539505672 -0.336716181087 -0.254127251809
-0.04837614389 -0.336520943975 -0.254131339167
-0.0483475223659 -0.336421092366 -0.253674372597
-0.0542060733976 -0.337946317711 -0.253555029246
-0.0529240698106 -0.337439636286 -0.252656374214
-0.0546572314532 -0.336921239449 -0.253612828218
-0.0568713349879 -0.336750035457 -0.253137428968
-0.0542883598863 -0.337938515744 -0.252779243769
-0.0579847881817 -0.337837015889 -0.254035991291
-0.0583197602009 -0.337503731981 -0.253465675974
-0.0566877609097 -0.337375014519 -0.252724667349
-0.0595425065497 -0.338473330117 -0.252914435549
-0.0565221208169 -0.339180692797 -0.252595907707
-0.0599672423093 -0.338616852572 -0.25210105962
-0.0581608207978 -0.338528332516 -0.251593468518
-0.0569724574498 -0.338534472137 -0.252143393035
-0.0604158484111 -0.338305952123 -0.251852218911
-0.0618907991724 -0.338722098154 -0.251385733809
-0.0605922088437 -0.338332210939 -0.252099318373
-0.0590462857265 -0.339265054307 -0.251480868074
-0.0613985474327 -0.338328535839 -0.251304265978
-0.060684374348 -0.338653159668 -0.252145529666
-0.0615690368123 -0.338691095631 -0.251262124508
-0.0591968155172 -0.338196809993 -0.250641830605
-0.059866868455 -0.33862748567 -0.250473474781
-0.0582579331361 -0.338738554035 -0.251503211312

