0.410514255784 -0.223959812068 -0.261525369392
0.410381223988 -0.223577829058 -0.261927861541
0.410316567454 -0.22344775571 -0.261502014372
0.409731930849 -0.223252757348 -0.260874621695
0.409568269234 -0.223645211252 -0.260962049568
0.409505752621 -0.22321944764 -0.261224938914
0.409487806477 -0.223442948447 -0.261169481193
0.40948392756 -0.224069995886 -0.261286574124
0.40938891171 -0.224396308753 -0.260999886381
0.408838986806 -0.224708335319 -0.26091095959
0.407894074945 -0.223472744961 -0.260660873585
0.407446658403 -0.223993722788 -0.26080472702
0.407058824527 -0.224038561424 -0.261436285675
0.406145761101 -0.224156290062 -0.260978886734
0.40520898124 -0.224493495526 -0.260091940668
0.404754225498 -0.224089882747 -0.260733651998
0.404013742431 -0.224066470894 -0.261782632998
0.403604283735 -0.22424752059 -0.26055266913
0.402216663657 -0.223855879766 -0.260362784957
0.401856182244 -0.224345053329 -0.260113647941
0.401186439026 -0.22411838485 -0.261396633489
0.400784427189 -0.224088798578 -0.261389877641
0.400633462246 -0.224268144293 -0.259884145668
0.40010283449 -0.223390193134 -0.26040411167
0.39943281518 -0.223983478893 -0.261170871411
0.399456768456 -0.224667841722 -0.26024850487
0.398951286089 -0.224341373378 -0.259838865815
0.398522062123 -0.224127926972 -0.260076515871
0.397499252045 -0.223999259669 -0.261152706439
0.397537307845 -0.224097622256 -0.260346397345
0.396630002258 -0.224398856337 -0.260656335631
0.396100246506 -0.224266010574 -0.260428452446
0.395135262815 -0.223640008921 -0.260560057587
0.394628138139 -0.222942470204 -0.260201198196
0.393902908915 -0.224285535923 -0.260645039906
0.39260203255 -0.22433226838 -0.261369985781
0.389759283368 -0.223842302341 -0.260922376855
0.387778659018 -0.223776304371 -0.261080315602
0.385379915104 -0.223705325435 -0.2623678836
0.383456686324 -0.224098559151 -0.261606183266
0.380333604276 -0.223843353727 -0.261842804253
0.375927938739 -0.22356992936 -0.261882113158
0.372762257547 -0.223091462023 -0.26203577963
0.370039186517 -0.223339245398 -0.260892072911
0.365885296637 -0.222800856747 -0.261445986152
0.359924841737 -0.222525621757 -0.26325301107
0.357269402048 -0.222625886008 -0.262156140139
0.353838506448 -0.222577277502 -0.262832148226
0.350370801544 -0.222188837726 -0.262133699957
0.346788269485 -0.22267066717 -0.262994906195
0.342479972503 -0.222802337772 -0.264295456304
0.340693928506 -0.223597495031 -0.263982353798
0.336171087481 -0.223405629973 -0.263852178264
0.333757527318 -0.223099007642 -0.264309269703
0.331165470873 -0.223353762447 -0.26422221256
0.329563895281 -0.222517454381 -0.264102885097
0.324646361728 -0.222020279693 -0.264202341113
0.323080234918 -0.22270830856 -0.264875931777
0.32189748327 -0.222475321325 -0.264351934095
0.319624589604 -0.221976445529 -0.264605958733
0.31404847768 -0.221558735328 -0.264384053796
0.313720711124 -0.222144232512 -0.264621947268
0.313755335235 -0.221708949029 -0.264292865572
0.31367782198 -0.221121272522 -0.264552560818
0.313739164054 -0.221905473941 -0.26448293248
0.310272258954 -0.221758245816 -0.264714719722
0.311041094122 -0.221241603488 -0.264398613034
0.311486893182 -0.221912465907 -0.264447526211
0.307631316137 -0.222328025374 -0.264188420406
0.308885545967 -0.222507120508 -0.264378629589
0.309328728714 -0.223182558178 -0.264421047436
0.310002153802 -0.223219094309 -0.264182455354
0.304655018755 -0.223676843756 -0.264096890886
0.305461553022 -0.223212254335 -0.263519003223
0.3058196329 -0.222982638964 -0.263258286338
0.306193501349 -0.222537210314 -0.26404650919
0.302333781565 -0.224017410022 -0.264003577835
0.303952819518 -0.224808221131 -0.263303767734
0.304644915015 -0.224656293468 -0.262857581075
0.304617408837 -0.224786806186 -0.263673074531
0.305537433926 -0.225006547907 -0.263903457193
0.301007039007 -0.225178856792 -0.263759000669
0.301269349906 -0.224343451745 -0.263278514652
0.302134603413 -0.225883465549 -0.263290967048
0.30306234519 -0.226112605164 -0.264180990473
0.301075440168 -0.22480843629 -0.263965471357
0.301790064461 -0.225339808534 -0.263379405803
0.301797201124 -0.225602501657 -0.263320193294
0.301822814702 -0.225332720475 -0.263185659732
0.297417709997 -0.224936640192 -0.262655479508
0.29784532729 -0.225526857655 -0.262685910698
0.297920382813 -0.226852583527 -0.262970878743
0.29797726684 -0.227451360076 -0.263377802104
0.293867142875 -0.226317415851 -0.262791262812
0.293891307303 -0.226923991203 -0.263951335969
0.294336829441 -0.227121764064 -0.263223864173
0.294328210372 -0.228340155285 -0.26327304953
0.29090926447 -0.226179671663 -0.263206568058
0.290952742471 -0.226391058824 -0.263615572779
0.290970159118 -0.227235223052 -0.26354219326
0.288116412818 -0.226877767425 -0.263169132392
0.287766453746 -0.227575120003 -0.263356056997
0.287428407985 -0.228904000922 -0.263349217419
0.282320078973 -0.226770429621 -0.263872050397
0.281988005069 -0.228020651796 -0.263791727103
0.276710318365 -0.227047476345 -0.263375506923
0.276406273458 -0.227196781138 -0.263311467332
0.276402176119 -0.228405143657 -0.2631558558
0.271923028545 -0.227907616267 -0.263116326571
0.271878959202 -0.229077373897 -0.263141821715
0.267195632445 -0.22884555507 -0.262622553338
0.267077497363 -0.231275673163 -0.262666829219
0.264218013975 -0.231136816269 -0.263060328812
0.264216145932 -0.232851792593 -0.262670104529
0.261032663191 -0.228701899386 -0.262574026791
0.260643150637 -0.230134539908 -0.262600448778
0.256394252728 -0.227639789633 -0.262294889099
0.251880219547 -0.226029618885 -0.262048601421
0.249980546762 -0.227269554586 -0.262834497498
0.24507383081 -0.226113933076 -0.262592667777
0.239305690155 -0.224962772064 -0.262735932764
0.234227052339 -0.22656245749 -0.263251266708
0.228330203608 -0.226688486644 -0.262316129556
0.222208215619 -0.229284968341 -0.26314326244
0.217468797978 -0.226618459322 -0.263761283748
0.211803088586 -0.227698834595 -0.262832145817
0.207241421458 -0.225870736073 -0.262867179747
0.201151894567 -0.225508742796 -0.263758104666
0.198692091913 -0.225459785276 -0.263583677792
0.194942815956 -0.224530135791 -0.263705892681
0.193020336207 -0.225320258516 -0.263351817483
0.190536028485 -0.22487281481 -0.263064570686
0.190200960623 -0.224607927533 -0.263365098201
0.189962972385 -0.224839193844 -0.263757800542
0.189634557352 -0.224987835007 -0.263590066808
0.189419822448 -0.223934992624 -0.26314352632
0.189240744414 -0.224743128385 -0.262535584432
0.188262819251 -0.225106709857 -0.263321003078
0.188833423225 -0.228560265394 -0.262968576306
0.18487892342 -0.228130031392 -0.263089981944
0.180392240193 -0.227204031828 -0.263659645452
0.178093352641 -0.227640021834 -0.264260894521
0.17176141349 -0.226001963343 -0.264007803262
0.165188276065 -0.225258817327 -0.26452823622
0.163798214693 -0.225225627382 -0.264307258565
0.156648891327 -0.223019213465 -0.265173821938
0.153488396762 -0.226051037463 -0.265098731108
0.146699401079 -0.226186005273 -0.264780887766
0.14413943587 -0.22427955894 -0.265410148165
0.138060435942 -0.223382554265 -0.265217497985
0.128835747348 -0.225727309858 -0.265862702921
0.127748554993 -0.226003362548 -0.264551336138
0.119411623467 -0.224627451992 -0.26470475143
0.118201800229 -0.224920739602 -0.265374010261
0.113259735465 -0.226085275419 -0.265020301452
0.112954553722 -0.225165537774 -0.265467869127
0.112651425047 -0.224977860402 -0.265043805953
0.106641964891 -0.224860343143 -0.265440151529
0.106749984015 -0.225353842147 -0.264737411953
0.10222254348 -0.225556240251 -0.265386315135
0.102310929868 -0.224933936841 -0.26558950539
0.0963033718311 -0.224717585137 -0.265394511921
0.0957828135574 -0.225324908865 -0.265781478115
0.0894538461338 -0.225984993012 -0.264974367856
0.0887241399463 -0.225402101933 -0.265513043501
0.0887692144698 -0.225778810979 -0.264778788844
0.0829639536875 -0.224951735911 -0.265295502271
0.0833460226127 -0.224971147466 -0.265097330292
0.0796800000613 -0.22574676073 -0.26494993831
0.0790356588982 -0.226478851685 -0.265129967928
0.0790303832827 -0.226282360208 -0.265132177508
0.0743578717046 -0.225129992102 -0.265022462688
0.0747395648801 -0.225149780369 -0.264824184003
0.0700404579211 -0.225286018624 -0.264815946889
0.0649426497738 -0.226300668258 -0.264815946889
0.0658931746454 -0.224444367401 -0.265053401315
0.0658156570826 -0.224610715896 -0.265646847453
0.0606733637398 -0.225859908763 -0.264974715795
0.0607288342245 -0.225314031411 -0.26492138005
0.057532543683 -0.226003638912 -0.264713910477
0.0576738577125 -0.224835070111 -0.26486547089
0.0579308478594 -0.224264591368 -0.2645290727
0.0518683839643 -0.224528807687 -0.265202411589
0.0520074850177 -0.224837342464 -0.264682584205
0.045936206575 -0.226111890112 -0.265077766067
0.0454706472664 -0.225976025407 -0.265405962867
0.0406015422537 -0.226332630185 -0.265012088023
0.0406678507348 -0.22544142098 -0.265286851797
0.0408260741056 -0.225392342872 -0.26456525642
0.0368970326145 -0.225865758635 -0.26541419559
0.0313595856628 -0.226067825416 -0.264819698508
0.0301908746835 -0.226748001876 -0.265279079853
0.0256484612089 -0.226889538906 -0.264553058951
0.0209097910762 -0.226504983306 -0.264473008987
0.0204940873581 -0.225830055827 -0.264742529454
0.0152827307193 -0.225891089539 -0.264808632275
0.0151691165641 -0.226321321492 -0.264799957608
0.0123757766936 -0.225529521528 -0.264739556715
0.0127675762936 -0.225824386699 -0.265006034278
0.00738631871466 -0.226483910103 -0.264273649017
0.0016183214868 -0.226118424986 -0.264403978916
0.000881656675179 -0.22554077189 -0.264937775927
-0.00385225610343 -0.225302823297 -0.26454698734
-0.00698454698192 -0.225561234499 -0.265009914622
-0.00653803603037 -0.224835471164 -0.264558840957
-0.0121021771222 -0.226183359951 -0.264549665067
-0.0116240565055 -0.225377584584 -0.26435967422
-0.0162427842103 -0.226736272189 -0.264228446796
-0.0158710277388 -0.22581762555 -0.264361748436
-0.0212368389706 -0.22570816064 -0.264239104397
-0.0264520939508 -0.226113711231 -0.26471136231
-0.0259874438572 -0.226248451263 -0.264380556974
-0.0292991337937 -0.226057933567 -0.264372050345
-0.0289249519326 -0.225492788267 -0.264506658033
-0.0335133191014 -0.22626840534 -0.264632572311
-0.0335048834949 -0.226548752628 -0.26510193509
-0.0335621608751 -0.226428301769 -0.265033148681
-0.0334647791891 -0.225177546846 -0.26493306045
-0.0382988484475 -0.225267196873 -0.264993675212
-0.0375346414023 -0.225460492164 -0.264589486415
-0.0395971357945 -0.225739114069 -0.264612106447
-0.0373991577436 -0.226675248151 -0.264415063497
-0.037084366155 -0.226103601904 -0.264447996237
-0.0400868915334 -0.226226187313 -0.263935045914
-0.038572021437 -0.226609094842 -0.263321287717
-0.0424980936834 -0.226875169377 -0.263654617768
-0.04270245233 -0.225595487634 -0.263752942725
-0.0397288750932 -0.226488502003 -0.263363010574
-0.0421320570948 -0.226769325859 -0.26321030693
-0.043043524942 -0.226183686736 -0.263582515518
-0.0415559185881 -0.227389674574 -0.262398585228
-0.042867241611 -0.225912110625 -0.262353720864
-0.0421576567388 -0.226050669502 -0.262694417542
-0.0419335714443 -0.227146661239 -0.262627892476
-0.0402626492946 -0.226380217437 -0.261918406789
-0.0451826361606 -0.226486865291 -0.262266922294
-0.0439591290237 -0.22574507208 -0.261662553329
-0.0408387638032 -0.225911489872 -0.26205909065
-0.0432668936238 -0.226045309082 -0.262404052515
-0.0458942340691 -0.227126602964 -0.262217503184
-0.0450247853253 -0.226570626307 -0.261447906664
-0.0479034419289 -0.226846498352 -0.261633372279
-0.0450901163581 -0.226550947277 -0.260983226781

