0.443055516155 -0.253407713931 -0.259077452617
0.44299772802 -0.253896216737 -0.25916461886
0.442897734874 -0.253887127889 -0.258902406447
0.442624272258 -0.254113173801 -0.257960676408
0.442428448621 -0.253264788078 -0.258192062496
0.442419813173 -0.253880447343 -0.258119393098
0.442411927199 -0.253698145204 -0.258122312366
0.442395008782 -0.252800927446 -0.258486761379
0.441828542832 -0.252677719014 -0.258519880813
0.440749683688 -0.253199320202 -0.257998704547
0.44028212368 -0.253244570417 -0.257645220547
0.439935703475 -0.253185163627 -0.258163438536
0.439523330142 -0.253115249016 -0.25822948382
0.43893493844 -0.253718280114 -0.257574777054
0.437478920893 -0.252851686678 -0.257399822774
0.43707796699 -0.252707123126 -0.258040476257
0.43673776869 -0.253674298267 -0.257577981785
0.435516206596 -0.253532112373 -0.25836914861
0.434976778029 -0.25336082443 -0.257560451364
0.433839323228 -0.253308309164 -0.258183598709
0.433922932137 -0.252961306584 -0.257776469535
0.433520106142 -0.252427300744 -0.257937356237
0.433341607867 -0.25310038522 -0.257216078227
0.432498040488 -0.25286381261 -0.258097413512
0.432173493307 -0.253394445189 -0.257697014788
0.431759819945 -0.253322000058 -0.257751899191
0.431241579389 -0.252734075273 -0.257683797744
0.430892823539 -0.25263426944 -0.257546736665
0.430235026512 -0.253069380057 -0.258191543074
0.429764289122 -0.252478178019 -0.257929942026
0.429247360629 -0.253036106695 -0.258288278124
0.429239243926 -0.253233567396 -0.25700316355
0.428248092449 -0.252881062874 -0.257670667856
0.427826094612 -0.252798390645 -0.257753568779
0.426881709555 -0.251799313213 -0.257698948727
0.425895682282 -0.252717164246 -0.257388436154
0.424251188362 -0.252170170841 -0.257665225409
0.421041128964 -0.251657529302 -0.258215217309
0.418572535623 -0.252083920071 -0.258068591074
0.416139905469 -0.251808250378 -0.25810061068
0.412050991464 -0.25104281177 -0.25940122017
0.406842116543 -0.251742810751 -0.259348046684
0.404193861615 -0.251118660493 -0.259675357195
0.400487195118 -0.251132025044 -0.259326961727
0.396363167734 -0.251655643683 -0.261127478562
0.393404774218 -0.250367616719 -0.25910096126
0.387689579861 -0.250736050915 -0.259991341476
0.383847660949 -0.249632068382 -0.261170831745
0.380523468017 -0.250000356178 -0.260037107374
0.376730946506 -0.250009516688 -0.261149526361
0.370917973064 -0.250139151412 -0.261226893838
0.367531434493 -0.249835154881 -0.261905354181
0.365151530231 -0.249597814229 -0.260923134507
0.361807653494 -0.249718507034 -0.260520527098
0.356328426985 -0.249518163526 -0.261402764147
0.354049375572 -0.249332358807 -0.261887516378
0.35133976571 -0.249474857943 -0.261756981192
0.348934890646 -0.248554268188 -0.262409419081
0.344201487935 -0.249414182651 -0.261844895337
0.341897088511 -0.248893435721 -0.262488616576
0.340054310311 -0.24857696688 -0.262285821189
0.338497223797 -0.248023123277 -0.262236206554
0.335644342069 -0.248491682325 -0.261426123894
0.333747989829 -0.248509015145 -0.262183902654
0.332276585137 -0.248931117924 -0.262156457343
0.33072535594 -0.248796583962 -0.262576806133
0.329079224967 -0.248486094636 -0.262340744317
0.326742838517 -0.248519259179 -0.262347474865
0.325740223345 -0.248129132279 -0.26285910115
0.324958739286 -0.249166009074 -0.26229452398
0.323625164884 -0.249080091174 -0.262449510584
0.321178623836 -0.249095272559 -0.262474939052
0.320157934294 -0.249406054409 -0.262466749116
0.319026168502 -0.249093492936 -0.26283632199
0.31806770376 -0.249513188543 -0.262053411662
0.316501082147 -0.2490813169 -0.261968519431
0.314010858394 -0.249660837881 -0.26231089534
0.312639342721 -0.248416796554 -0.262549494914
0.31105097936 -0.248769485724 -0.26255200614
0.309503599728 -0.248528539333 -0.262420611175
0.306105649412 -0.249742041043 -0.262746053862
0.305783825135 -0.248478369644 -0.26248876476
0.304672357672 -0.248779477891 -0.262630163177
0.303135792113 -0.24853723449 -0.262455898658
0.300505333171 -0.247481381511 -0.262243172249
0.299455408451 -0.247504008402 -0.262665772901
0.298706167353 -0.24807865198 -0.263123716503
0.294129722579 -0.246605548058 -0.262651609795
0.29227567768 -0.246328938477 -0.263221600982
0.290713101991 -0.245112245059 -0.263123078685
0.289586122802 -0.24580289836 -0.262394823304
0.283387278313 -0.245964723173 -0.2632905696
0.281593272214 -0.24631332283 -0.263010260317
0.279719964019 -0.246639385152 -0.263403113971
0.277764348949 -0.245191416758 -0.263275941926
0.269062830271 -0.245852443869 -0.264102842236
0.267251295658 -0.245507040975 -0.263870676554
0.265402226008 -0.244754671504 -0.26421664345
0.260105028188 -0.244903443336 -0.264153695783
0.257035852411 -0.245334493664 -0.264379362931
0.255232409649 -0.244551777548 -0.264454989327
0.25342287574 -0.244427844664 -0.264697778401
0.245263907086 -0.247058968362 -0.265092330517
0.244191413219 -0.247491426788 -0.264820219006
0.239898582024 -0.249017258769 -0.265085520237
0.236758919867 -0.251626778986 -0.264888617975
0.236351319074 -0.252818957358 -0.264523134872
0.234363244339 -0.249024048711 -0.264167542805
0.235138209642 -0.249528774926 -0.263802483971
0.234238852666 -0.24631620846 -0.26436673332
0.234547094643 -0.247232335058 -0.264031734539
0.231650551438 -0.244896636499 -0.263713335829
0.23212657039 -0.246705869293 -0.26442776536
0.230495574063 -0.245347957712 -0.264083757506
0.230887558482 -0.246210809011 -0.264136197502
0.231001835211 -0.242822409855 -0.264061288281
0.231781243353 -0.244203570741 -0.263880911483
0.230186436947 -0.241847150837 -0.263778115677
0.231227782267 -0.243086474106 -0.2638025805
0.231631829324 -0.242886844426 -0.263171014097
0.23262072714 -0.242836807524 -0.264065302381
0.234137062779 -0.244199004633 -0.264019441284
0.231920574748 -0.240002480995 -0.263690133025
0.233131747701 -0.239914177214 -0.26347768058
0.233913086977 -0.240322623704 -0.263721599991
0.232768007802 -0.238575312141 -0.263467229025
0.234069053 -0.239248534053 -0.263127479184
0.231946368498 -0.23933212332 -0.262978503059
0.233179448878 -0.239374688681 -0.262371802047
0.232376008203 -0.238593896568 -0.263320704396
0.233586409162 -0.239338469609 -0.261956735683
0.229679265163 -0.239957861656 -0.262498431424
0.231382602881 -0.239350964665 -0.261981510434
0.232100223301 -0.239520680957 -0.262126057553
0.228409932505 -0.239340018195 -0.262294753344
0.230122929803 -0.239391696407 -0.261551218147
0.226657224438 -0.23866064003 -0.262503289456
0.225146659151 -0.238188382129 -0.261524905122
0.225904546175 -0.238397895881 -0.261847283878
0.223818799378 -0.238446138258 -0.262021738785
0.223753363181 -0.238972409803 -0.26187399854
0.219419799556 -0.238336231279 -0.262020635223
0.212777956948 -0.237836094486 -0.262713525371
0.210511706358 -0.237030295805 -0.262326180714
0.206845591578 -0.237977083211 -0.263039143387
0.201418566967 -0.237981673512 -0.263062643867
0.201063752424 -0.238373313463 -0.262831210062
0.196355368179 -0.235721927993 -0.262741512827
0.187144383753 -0.237222873487 -0.263131272702
0.184027360096 -0.236621102866 -0.263995098597
0.18162550442 -0.234512469436 -0.263985342001
0.172782761811 -0.233825972105 -0.264064885646
0.17052792545 -0.235131112093 -0.264232063459
0.161678250949 -0.236397839267 -0.263523940534
0.1597950772 -0.236107916532 -0.263971234877
0.151359117675 -0.23564890808 -0.264151591483
0.150234909277 -0.23522646294 -0.264217470161
0.149781797888 -0.23632690422 -0.264198325206
0.145188984917 -0.238236905508 -0.263546987431
0.144712195481 -0.237365449918 -0.26434247792
0.138111710585 -0.238632109836 -0.263979159812
0.137249453139 -0.23810227347 -0.264019384809
0.131035324129 -0.239123670831 -0.263893396727
0.131639992924 -0.238477109737 -0.264255232063
0.126192837038 -0.238651596133 -0.26444072433
0.126561453981 -0.237174087661 -0.263940122602
0.123212833783 -0.238906275142 -0.263720068844
0.123365545815 -0.238338708803 -0.263336401
0.123379959238 -0.238341417532 -0.263140323102
0.118747966299 -0.236546081343 -0.263376404334
0.118739176726 -0.236540685345 -0.263489749909
0.112825611229 -0.23786307811 -0.263682175286
0.107242028413 -0.236768744419 -0.263690563166
0.102107577091 -0.236928645465 -0.263786109199
0.102178972559 -0.236992370145 -0.263185221948
0.102167354889 -0.236796120394 -0.263182995771
0.0981829364421 -0.236244429038 -0.263490675016
0.098552595274 -0.235994896898 -0.262807348773
0.0933260379914 -0.235318816086 -0.263219547898
0.0933528991866 -0.236727156406 -0.262965568605
0.0876151917063 -0.236153950458 -0.262971391452
0.0878793813844 -0.23638392763 -0.262857604234
0.0827355050608 -0.235682729963 -0.263144530207
0.082644793223 -0.236113075595 -0.262963708824
0.0823030952008 -0.236031163828 -0.26327787106
0.0784846804191 -0.235861630928 -0.263018663047
0.0733535173456 -0.236222883604 -0.263230135824
0.0733749009398 -0.234926122876 -0.263669827066
0.0671942407461 -0.236169334727 -0.263375985517
0.0668050160428 -0.236167061473 -0.263576211926
0.0611716632588 -0.235658369166 -0.263638737734
0.060825925674 -0.235327188763 -0.263271312156
0.0576476602717 -0.234975801403 -0.262901296166
0.0579907531919 -0.23530501171 -0.263305552994
0.0525786800276 -0.235349699265 -0.263187356447
0.0473074165782 -0.234640785089 -0.262959715282
0.04729326579 -0.23444468007 -0.262959796626
0.042325777033 -0.23418859218 -0.263269882116
0.0384152062803 -0.234062222394 -0.263381522726
0.0330711116327 -0.232908436732 -0.263388200374
0.0331278635041 -0.23278143541 -0.262783625551
0.0272126152236 -0.234213041932 -0.263049013541
0.0268838429769 -0.234132121948 -0.263135596034
0.0211708465254 -0.235322749437 -0.262976044973
0.0157225116184 -0.234953003685 -0.263636747084
0.0154517018541 -0.234663034759 -0.26320459496
0.0158232570369 -0.234467348418 -0.263042908485
0.0143684671017 -0.235758848876 -0.262734483251
0.00993667812526 -0.234958138968 -0.263447898668
0.00998586766525 -0.235566745489 -0.262686030923
0.00626219665455 -0.234172302793 -0.263006961175
0.00816603489198 -0.23446507768 -0.262904376283
0.00886507198907 -0.233802574071 -0.263101050918
0.00474184707697 -0.233679298919 -0.263006478774
0.00476684412785 -0.232928226621 -0.262876653451
0.00509671403849 -0.23403823543 -0.262667880477
0.00193921769318 -0.232895180437 -0.262377992716
-0.00250709981403 -0.231640662295 -0.262232611997
0.00124354693137 -0.232296625139 -0.262296554677
0.00302081898438 -0.230962517014 -0.262276826076
1.07676376918e-05 -0.232281574232 -0.262010557629
-0.00318696203533 -0.231750922366 -0.26251331743
-0.00117569958724 -0.231561932193 -0.261789342255
-0.00387066125075 -0.231912267191 -0.26180827829
-0.0011608588783 -0.230681220461 -0.262110093042
-0.00113638824308 -0.231447404924 -0.261581720744
-0.000462610797867 -0.232928508558 -0.261944367823
-0.00377366881832 -0.231893463118 -0.261790838842
-0.00154682129633 -0.232638444671 -0.261023547964
-0.00218852551335 -0.232507652648 -0.261944254337
-0.000964068961445 -0.231264497961 -0.261194249755
-0.00364376396085 -0.233296035348 -0.261126932498
-0.00249928068476 -0.233212598003 -0.260992645005
-0.00270811223034 -0.23272122644 -0.261133846258
-0.00591143073507 -0.232012359115 -0.261215934552
-0.00398605809468 -0.233724762834 -0.261515608746
-0.00315124475744 -0.233714505665 -0.260843547254
-0.00627878338486 -0.233225341138 -0.260956696141
-0.00670693176545 -0.232220665037 -0.260148286107

