   9.2823296e-05  -1.7050426e-05  -1.4834936e-03
   5.0992784e-04   4.2377672e-03  -1.0580569e-03
  -6.0959827e-04   7.3937796e-03  -3.2358259e-04
  -3.8291681e-04   1.3317796e-02   7.9721287e-04
   2.0605440e-04   1.6238586e-02   3.3020307e-04
   1.3320945e-04   1.9670508e-02   1.8354209e-03
  -1.1559307e-03   2.4131095e-02   3.8224994e-03
   8.9850290e-04   2.6756486e-02   3.5104578e-03
   3.2871661e-03   3.0949154e-02   5.4254876e-03
  -6.2035496e-04   3.3203429e-02   6.0664672e-03
   7.5073921e-04   3.7102783e-02   8.9485945e-03
  -2.2036068e-03   4.1308564e-02   7.8342793e-03
   7.5428035e-04   4.3154959e-02   1.2951853e-02
   1.1513551e-03   4.9363317e-02   1.3158440e-02
  -2.8534085e-04   5.1477226e-02   1.4428061e-02
   3.0822828e-04   5.5110159e-02   1.6290988e-02
   4.3404845e-04   5.8183406e-02   1.9278297e-02
   1.4897947e-03   6.1937691e-02   2.0797526e-02
   8.4805739e-04   6.3810579e-02   2.4795045e-02
   1.0710365e-03   6.7733741e-02   2.6353820e-02
  -5.7219147e-05   7.0434774e-02   2.9587434e-02
  -9.1135851e-04   7.4672718e-02   3.1744319e-02
  -9.7639086e-05   7.4100191e-02   3.5560588e-02
  -4.6798669e-04   7.9381776e-02   3.8739735e-02
   4.7324098e-04   7.8578460e-02   4.1314573e-02
   2.1364071e-03   8.1506048e-02   4.5986683e-02
   3.9958468e-04   8.4313346e-02   4.6149667e-02
   3.0341732e-04   8.4243045e-02   5.2683470e-02
   2.6449551e-04   8.5992036e-02   5.7234994e-02
  -3.7933282e-04   9.0698370e-02   5.8721851e-02
  -1.7611844e-03   9.2278828e-02   6.2675492e-02
   1.7059704e-03   9.2067552e-02   6.5930618e-02
  -5.3490978e-04   9.2192029e-02   6.8481765e-02
   3.2625765e-04   9.5190121e-02   7.3864835e-02
   3.6828844e-04   9.6424901e-02   7.6761316e-02
  -1.1392098e-03   9.6081022e-02   8.3813336e-02
   1.0161502e-03   9.7415474e-02   8.3838834e-02
   3.3521628e-05   9.9478969e-02   8.9377173e-02
  -8.1742364e-04   9.6811591e-02   9.1572180e-02
   3.6981556e-04   9.7954531e-02   9.5965821e-02
  -1.3839534e-03   1.0069716e-01   9.7714896e-02
   2.0812009e-02   9.7325361e-02   9.7123598e-02
   4.1198704e-02   9.8930779e-02   9.6129119e-02
   6.1055703e-02   1.0204255e-01   9.8716159e-02
   8.0732163e-02   1.0519155e-01   9.8640230e-02
   1.0243971e-01   1.1020258e-01   9.7145024e-02
   1.2249155e-01   1.1214977e-01   9.8148478e-02
   1.4255781e-01   1.1758623e-01   9.7595190e-02
   1.6190433e-01   1.2366856e-01   9.7700299e-02
   1.8082997e-01   1.3023654e-01   9.7118416e-02
   1.9928736e-01   1.3914521e-01   9.7277243e-02
   2.1877236e-01   1.4617332e-01   9.7717755e-02
   2.3662681e-01   1.5528445e-01   9.7834424e-02
   2.5329798e-01   1.6548636e-01   9.9483781e-02
   2.7311990e-01   1.7537183e-01   9.8470214e-02
   2.9054175e-01   1.8806455e-01   9.8507704e-02
   3.0661461e-01   1.9971657e-01   9.6309636e-02
   3.2509591e-01   2.1090185e-01   9.9714759e-02
   3.3631855e-01   2.2406540e-01   9.6616537e-02
   3.5290148e-01   2.3653773e-01   9.7424939e-02
   3.6788696e-01   2.5367818e-01   9.7216817e-02
   3.8112767e-01   2.6947397e-01   9.8129370e-02
   3.9738979e-01   2.8410166e-01   9.8849469e-02
   4.0789544e-01   3.0001168e-01   9.7864958e-02
   4.2104826e-01   3.1655253e-01   9.6625968e-02
   4.3318416e-01   3.3423490e-01   9.8125908e-02
   4.4137663e-01   3.4943677e-01   9.7761568e-02
   4.5352361e-01   3.6797846e-01   9.9342836e-02
   4.6291801e-01   3.8773976e-01   9.8200607e-02
   4.6817740e-01   4.0793791e-01   9.7714674e-02
   4.7874970e-01   4.2331137e-01   9.7544741e-02
   4.8575379e-01   4.4443238e-01   9.8854295e-02
   4.9006408e-01   4.6402614e-01   9.8432302e-02
   4.9815474e-01   4.8349422e-01   9.7772669e-02
   5.0236005e-01   5.0317460e-01   9.6342672e-02
   5.0593120e-01   5.2309044e-01   9.6631525e-02
   5.0836190e-01   5.4407215e-01   9.7529942e-02
   5.1178113e-01   5.6429212e-01   9.7544846e-02
   5.1442734e-01   5.8499160e-01   9.8411749e-02
   5.1378561e-01   6.0421337e-01   9.9041499e-02
