   6.2528749e-04   1.0086277e-03   2.6956940e-04
   9.0007109e-04   4.2094314e-03   1.1287281e-03
  -4.5840427e-04   7.2470827e-03   1.4158672e-03
  -5.9839299e-04   1.1783738e-02   4.1422561e-04
  -6.7435021e-04   1.5068758e-02   3.4613882e-03
  -1.2208902e-03   1.8881673e-02   2.2763153e-03
   6.9020558e-04   2.4514074e-02   1.9894160e-03
   6.9844957e-04   2.7578836e-02   5.1752843e-03
   1.1480013e-03   3.0448204e-02   4.9514771e-03
  -5.8322120e-04   3.5247726e-02   5.5356232e-03
  -6.2784330e-04   3.9569330e-02   7.6089562e-03
  -2.5397886e-03   4.3185323e-02   1.0968079e-02
  -7.4768133e-04   4.6517622e-02   1.0490387e-02
  -1.5642964e-04   4.9974285e-02   1.3250948e-02
  -1.4229158e-03   5.2688576e-02   1.5593369e-02
   1.3677559e-03   5.8476362e-02   1.8729285e-02
   7.5035754e-04   6.0875701e-02   2.0839817e-02
   8.6484114e-04   6.4429267e-02   2.2550084e-02
  -6.0024100e-04   6.5899995e-02   2.4124834e-02
  -1.5669134e-04   6.8425674e-02   2.8058723e-02
  -6.6001603e-05   7.1776569e-02   3.0334567e-02
  -4.4709812e-04   7.5071931e-02   3.4693273e-02
  -1.3825984e-03   7.6858815e-02   3.7480120e-02
   2.7942463e-04   8.1622060e-02   3.8705200e-02
   1.2503315e-04   8.3421742e-02   4.3297376e-02
   2.5740860e-04   8.3429860e-02   4.6079185e-02
   1.0999297e-03   8.5707194e-02   4.9587586e-02
   1.0933606e-04   8.6230790e-02   5.2345614e-02
  -4.7719169e-04   9.0860007e-02   5.5395310e-02
  -2.3993171e-04   9.1706161e-02   6.0706473e-02
   2.9368251e-03   9.4520196e-02   6.3742595e-02
   3.1049339e-04   9.6072359e-02   6.7652701e-02
  -8.7526558e-04   9.8607563e-02   7.3441288e-02
   1.0552286e-03   9.7934882e-02   7.6651800e-02
   4.4310409e-04   9.9359253e-02   8.1464099e-02
   1.7151126e-03   9.9652853e-02   8.3888534e-02
   2.9635608e-04   9.9890703e-02   8.9442861e-02
  -3.6922113e-04   9.9959114e-02   9.2535137e-02
   8.7020545e-06   9.9688385e-02   9.5935959e-02
   1.0501845e-03   1.0259760e-01   9.8887600e-02
  -9.2178918e-04   1.0078892e-01   1.0182104e-01
   1.9664987e-02   1.0149395e-01   1.0076229e-01
   3.9831913e-02   1.0378027e-01   1.0012648e-01
   5.7463000e-02   1.0337922e-01   1.0194002e-01
   7.7063527e-02   1.0659250e-01   1.0128336e-01
   9.5572655e-02   1.1259390e-01   1.0219670e-01
   1.1564997e-01   1.1478049e-01   1.0038134e-01
   1.3599173e-01   1.2016015e-01   1.0163119e-01
   1.5210776e-01   1.2530335e-01   1.0134220e-01
   1.7437784e-01   1.3244315e-01   9.9260878e-02
   1.8893514e-01   1.3939082e-01   1.0155415e-01
   2.0738043e-01   1.4832717e-01   1.0019668e-01
   2.2304005e-01   1.5682151e-01   1.0151315e-01
   2.4070046e-01   1.6560618e-01   1.0243800e-01
   2.5732552e-01   1.7612364e-01   1.0037124e-01
   2.7419867e-01   1.8430922e-01   1.0237535e-01
   2.8838147e-01   1.9647165e-01   1.0181833e-01
   3.0715718e-01   2.1104587e-01   9.9414742e-02
   3.2212495e-01   2.2285612e-01   1.0050590e-01
   3.3536405e-01   2.3586885e-01   1.0045205e-01
   3.4961582e-01   2.4974839e-01   1.0025351e-01
   3.6034976e-01   2.6368667e-01   1.0108244e-01
   3.7400135e-01   2.7869986e-01   1.0227023e-01
   3.8736691e-01   2.9359494e-01   1.0207844e-01
   3.9893628e-01   3.0813816e-01   1.0084463e-01
   4.1068167e-01   3.2640336e-01   1.0061660e-01
   4.2046625e-01   3.4246361e-01   1.0220901e-01
   4.2864685e-01   3.5964507e-01   1.0101298e-01
   4.3845684e-01   3.7722634e-01   1.0111746e-01
   4.4495247e-01   3.9315567e-01   1.0098283e-01
   4.5361753e-01   4.1131026e-01   1.0110230e-01
   4.5947676e-01   4.2946115e-01   9.9330950e-02
   4.6669531e-01   4.4607878e-01   1.0219223e-01
   4.7083693e-01   4.6868331e-01   1.0092458e-01
   4.7587964e-01   4.8655057e-01   1.0035232e-01
   4.7978389e-01   5.0677658e-01   1.0058443e-01
   4.8194270e-01   5.2421522e-01   1.0308773e-01
   4.8265057e-01   5.4515781e-01   1.0073084e-01
   4.8667345e-01   5.6347588e-01   1.0139532e-01
   4.8533344e-01   5.8142687e-01   9.9659451e-02
