  -4.2691361e-04  -5.2153064e-04  -4.1788073e-04
  -9.1792016e-04   4.3683215e-03  -6.9116469e-04
  -1.6734128e-03   8.8650956e-03   1.8882491e-04
  -8.6824663e-04   1.2094563e-02   6.5730653e-05
  -7.7862560e-04   1.7056793e-02   3.4522119e-03
  -4.4958253e-04   2.2317434e-02   6.2505351e-04
   4.3804402e-04   2.5134248e-02   2.9728689e-03
  -1.2419443e-03   2.9410022e-02   3.7378035e-03
  -2.2738543e-04   3.2672680e-02   5.3865157e-03
  -6.9157860e-04   3.9276091e-02   6.3189021e-03
   5.7846004e-04   4.2700251e-02   9.7281981e-03
   1.6465528e-03   4.3924840e-02   1.1167049e-02
  -1.2908233e-03   5.1129623e-02   1.2492498e-02
  -2.3021865e-04   5.2468007e-02   1.4189716e-02
   9.2464018e-04   5.8460229e-02   1.8862468e-02
  -1.6057249e-03   6.1376318e-02   1.8077485e-02
   1.8763021e-03   6.5693734e-02   2.1547783e-02
   2.1707442e-04   6.6841443e-02   2.3826379e-02
   4.3679730e-04   7.1308959e-02   2.6377349e-02
  -4.6159796e-04   7.4026315e-02   2.9400413e-02
   2.1940540e-04   7.7381232e-02   3.2079366e-02
   9.8609977e-05   7.9268242e-02   3.6139664e-02
  -5.3514112e-04   8.3285758e-02   3.8995395e-02
   4.8597191e-05   8.7023858e-02   4.1925698e-02
   1.8807519e-03   8.8365716e-02   4.7261011e-02
   1.1155479e-03   9.1725001e-02   5.0597158e-02
   1.1113676e-03   9.3042773e-02   5.5446541e-02
  -4.5571739e-04   9.5064047e-02   5.7342440e-02
  -1.0753774e-03   9.7279638e-02   6.0672055e-02
   9.3763620e-04   9.8976423e-02   6.3016148e-02
  -2.0810741e-04   1.0132873e-01   6.7922613e-02
  -3.6990533e-04   1.0217187e-01   7.3133516e-02
   2.1390132e-04   1.0354875e-01   7.6069401e-02
   6.2151403e-04   1.0488302e-01   8.3383501e-02
  -4.0548026e-04   1.0585138e-01   8.5169451e-02
  -1.3600536e-04   1.0646417e-01   9.1544031e-02
  -1.1550006e-03   1.0831542e-01   9.3001293e-02
   9.2811752e-04   1.0773200e-01   1.0021429e-01
   1.7472601e-03   1.0958737e-01   1.0376562e-01
  -1.4415046e-04   1.0841821e-01   1.0646055e-01
  -1.1135979e-03   1.0816260e-01   1.0816120e-01
   1.7954135e-02   1.0969859e-01   1.0741867e-01
   3.6558755e-02   1.0921376e-01   1.0708624e-01
   5.5083622e-02   1.0933691e-01   1.0675041e-01
   7.0785856e-02   1.1610188e-01   1.0913618e-01
   9.0063949e-02   1.1911591e-01   1.0947114e-01
   1.0587017e-01   1.2322025e-01   1.0745576e-01
   1.2515332e-01   1.2612666e-01   1.0717299e-01
   1.4417478e-01   1.2972627e-01   1.0978498e-01
   1.5876400e-01   1.3624671e-01   1.0812866e-01
   1.7669228e-01   1.4214422e-01   1.0758542e-01
   1.9310238e-01   1.4923778e-01   1.0874717e-01
   2.0948803e-01   1.6029820e-01   1.0762685e-01
   2.2556669e-01   1.6717188e-01   1.0931577e-01
   2.4216279e-01   1.7854851e-01   1.0819824e-01
   2.5488994e-01   1.8683443e-01   1.0792608e-01
   2.7017802e-01   1.9854614e-01   1.0766224e-01
   2.8633701e-01   2.1016767e-01   1.0705800e-01
   2.9849782e-01   2.2108777e-01   1.0916632e-01
   3.1218770e-01   2.3402811e-01   1.1003017e-01
   3.2517657e-01   2.4633041e-01   1.0806236e-01
   3.3787985e-01   2.5767130e-01   1.0804881e-01
   3.5187428e-01   2.7389543e-01   1.0664116e-01
   3.5991587e-01   2.8764412e-01   1.0566075e-01
   3.6994705e-01   3.0156684e-01   1.0717239e-01
   3.8404615e-01   3.1667142e-01   1.0794568e-01
   3.9236632e-01   3.3342558e-01   1.0985949e-01
   3.9954865e-01   3.4784815e-01   1.0847087e-01
   4.0937335e-01   3.6316070e-01   1.0631850e-01
   4.1295254e-01   3.8223348e-01   1.0780555e-01
   4.2421282e-01   3.9650354e-01   1.0841898e-01
   4.3142378e-01   4.1586327e-01   1.0731579e-01
   4.3593544e-01   4.3213663e-01   1.0925787e-01
   4.4134708e-01   4.5023208e-01   1.0772000e-01
   4.4583470e-01   4.6877032e-01   1.0887018e-01
   4.4668816e-01   4.8708533e-01   1.0990706e-01
   4.4875503e-01   5.0253992e-01   1.0848117e-01
   4.5237298e-01   5.2116969e-01   1.0852234e-01
   4.5546927e-01   5.3948994e-01   1.0759538e-01
   4.5440533e-01   5.5658958e-01   1.0707198e-01
