  -2.2286874e-04   1.7901192e-03   5.4450635e-04
  -1.1706950e-03   2.2121030e-03  -1.0247620e-03
   2.7942454e-04   5.2200955e-03  -4.7210783e-04
  -1.8728273e-04   9.5727872e-03   1.6700311e-03
   8.2389960e-04   1.6095227e-02   8.1389360e-05
   7.0525344e-04   1.9357326e-02  -8.8106746e-04
   1.1273708e-03   2.3380563e-02   7.2800765e-04
   1.0975124e-03   2.4705738e-02   3.4687192e-03
  -4.6946554e-04   3.0355696e-02   5.5001909e-03
  -1.1256762e-03   3.3834154e-02   5.9274216e-03
  -9.0154266e-04   3.8509900e-02   7.1357213e-03
   1.1646612e-03   4.0921939e-02   9.1180939e-03
   5.2972823e-04   4.4653409e-02   8.5333825e-03
  -9.3155050e-04   4.8789042e-02   1.2253442e-02
   1.2189698e-03   5.1764041e-02   1.3955652e-02
   1.5902945e-03   5.3446675e-02   1.8395265e-02
  -1.2589485e-03   5.7576853e-02   1.9462745e-02
   8.1729686e-04   6.1427185e-02   2.1685257e-02
   1.6242101e-03   6.3762729e-02   2.4634989e-02
  -4.1254939e-04   6.6451843e-02   2.6453850e-02
   5.4887056e-04   6.9606360e-02   2.9343046e-02
  -1.6065099e-03   7.1743713e-02   3.2639735e-02
  -3.1330229e-04   7.3940410e-02   3.3650455e-02
  -1.4369165e-03   7.6083608e-02   3.8257246e-02
  -1.5311372e-03   8.0670225e-02   4.1406085e-02
   2.5126840e-03   8.0495986e-02   4.3192228e-02
  -3.4274958e-04   8.2399744e-02   4.8079983e-02
   2.6318987e-04   8.3659230e-02   5.0202931e-02
   2.9141277e-04   8.5797446e-02   5.4774627e-02
  -3.5291778e-04   8.9567349e-02   5.7319417e-02
   1.5058469e-03   8.9074279e-02   5.9244211e-02
   1.8923172e-03   9.1850943e-02   6.5280707e-02
  -8.0274345e-04   9.0985594e-02   6.9025385e-02
  -1.0719257e-04   9.2752129e-02   7.2270141e-02
   6.7345571e-04   9.2853149e-02   7.6179649e-02
  -1.4623676e-03   9.4533548e-02   7.8855703e-02
  -1.4270970e-03   9.4295040e-02   8.3508913e-02
  -7.7919620e-04   9.5392234e-02   8.7862194e-02
   5.2167172e-04   9.5425755e-02   9.1247321e-02
   2.8334850e-04   9.6535664e-02   9.5069622e-02
  -9.5344000e-04   9.5672891e-02   9.4220313e-02
   1.8923887e-02   9.4844475e-02   9.4908533e-02
   4.0953234e-02   9.7176444e-02   9.7923136e-02
   6.1296554e-02   9.9251364e-02   9.4520526e-02
   8.3394413e-02   1.0216780e-01   9.4767160e-02
   1.0115575e-01   1.0495406e-01   9.5563760e-02
   1.2071014e-01   1.1139366e-01   9.6701065e-02
   1.4033932e-01   1.1506080e-01   9.5013796e-02
   1.6221946e-01   1.2164337e-01   9.5648128e-02
   1.7841567e-01   1.2826989e-01   9.5104958e-02
   1.9919520e-01   1.3741448e-01   9.5941755e-02
   2.1742159e-01   1.4485633e-01   9.5733738e-02
   2.3474543e-01   1.5290461e-01   9.4812773e-02
   2.5302195e-01   1.6420054e-01   9.4968896e-02
   2.7348929e-01   1.7463290e-01   9.7474856e-02
   2.8743656e-01   1.8397313e-01   9.6052397e-02
   3.0455757e-01   1.9653008e-01   9.5430021e-02
   3.2104640e-01   2.0972045e-01   9.5623145e-02
   3.3890767e-01   2.2403554e-01   9.5448981e-02
   3.5082348e-01   2.3758885e-01   9.6066880e-02
   3.6613452e-01   2.5040887e-01   9.5837257e-02
   3.8201226e-01   2.6683949e-01   9.6187951e-02
   3.9334626e-01   2.8099959e-01   9.4739458e-02
   4.0700910e-01   2.9609543e-01   9.6430514e-02
   4.1842991e-01   3.1434705e-01   9.5132304e-02
   4.2987488e-01   3.3136442e-01   9.6360805e-02
   4.3941124e-01   3.4802966e-01   9.7380121e-02
   4.4825426e-01   3.6693075e-01   9.6505685e-02
   4.6038485e-01   3.8322776e-01   9.6113136e-02
   4.6964832e-01   4.0252639e-01   9.5471691e-02
   4.7659732e-01   4.2268552e-01   9.5461851e-02
   4.8320991e-01   4.4101345e-01   9.6405670e-02
   4.8935238e-01   4.6115263e-01   9.8016717e-02
   4.9349578e-01   4.8085007e-01   9.5728018e-02
   5.0028306e-01   4.9806224e-01   9.5407963e-02
   5.0399290e-01   5.2098236e-01   9.5072215e-02
   5.0529412e-01   5.4097201e-01   9.3439084e-02
   5.0879577e-01   5.5971077e-01   9.6804406e-02
   5.1031086e-01   5.8000720e-01   9.4924632e-02
   5.0967847e-01   6.0075958e-01   9.6722244e-02
