  -2.4901547e-04  -8.8782433e-04  -5.8224667e-04
   1.0495226e-03   3.8158854e-03  -7.1651470e-04
   1.2407836e-03   8.3070512e-03   2.7160516e-04
   8.3259672e-04   1.1642264e-02   1.6993089e-03
   5.6858163e-04   1.8634380e-02   1.0642384e-03
   6.2876348e-04   2.0373041e-02   1.6594747e-03
  -1.3686410e-03   2.4431524e-02   3.5521073e-03
   5.6735732e-04   2.8032643e-02   4.1692739e-03
  -3.9901275e-04   3.1785061e-02   3.6127977e-03
  -4.6532813e-04   3.7405456e-02   7.2321317e-03
   9.9092434e-04   4.0307698e-02   7.9909928e-03
  -1.9165683e-04   4.2901495e-02   1.0903902e-02
   1.1838461e-03   4.7017283e-02   1.0951124e-02
   1.4364382e-03   5.0897258e-02   1.4392198e-02
   1.1313608e-03   5.4202007e-02   1.4551235e-02
  -8.9470257e-04   5.9709634e-02   1.9584086e-02
   2.3180569e-03   6.2976017e-02   1.8296166e-02
   8.1854049e-04   6.4411076e-02   2.2497564e-02
  -8.3965911e-05   6.5402329e-02   2.6013935e-02
   6.4478045e-04   7.0955388e-02   2.9640219e-02
  -3.4005646e-04   7.3152388e-02   3.2068717e-02
   3.2258310e-05   7.7113933e-02   3.4877308e-02
   1.2971457e-04   7.8251230e-02   3.8585621e-02
   1.8227192e-04   8.0974469e-02   4.0327412e-02
  -2.1302426e-03   8.5438497e-02   4.3884353e-02
  -1.1986242e-03   8.7555029e-02   4.7821447e-02
   6.0147679e-04   8.9541461e-02   4.9534448e-02
  -1.0866173e-03   8.9797805e-02   5.2015103e-02
   6.6025090e-04   9.3087935e-02   5.9592527e-02
  -2.3618898e-04   9.4576092e-02   6.1737109e-02
   1.1551719e-03   9.4378463e-02   6.6191476e-02
   4.4841063e-04   9.8737021e-02   6.7928246e-02
   4.6909337e-04   1.0028362e-01   7.4664616e-02
   1.6196482e-03   9.8935397e-02   7.5918819e-02
   5.1501590e-04   1.0052816e-01   8.2011401e-02
   3.0056417e-04   1.0199352e-01   8.7103197e-02
   8.3137161e-04   1.0209325e-01   9.1021115e-02
  -2.1450045e-04   1.0116686e-01   9.3498075e-02
   1.5270379e-03   1.0364588e-01   9.8852998e-02
  -2.1094691e-03   1.0425394e-01   1.0194434e-01
  -2.6226137e-03   1.0323588e-01   1.0262811e-01
   2.1514655e-02   1.0544175e-01   1.0244136e-01
   4.2081539e-02   1.0357666e-01   1.0107610e-01
   6.1344033e-02   1.0589783e-01   1.0160185e-01
   8.1172475e-02   1.0901344e-01   1.0329737e-01
   1.0121323e-01   1.1435132e-01   1.0160160e-01
   1.2057583e-01   1.1983227e-01   1.0249021e-01
   1.4245172e-01   1.2310980e-01   1.0405630e-01
   1.6188372e-01   1.2973124e-01   1.0334608e-01
   1.8017930e-01   1.3584782e-01   1.0278456e-01
   2.0037183e-01   1.4222186e-01   1.0350525e-01
   2.1784797e-01   1.5173805e-01   1.0112431e-01
   2.3642334e-01   1.6373611e-01   1.0333854e-01
   2.5537795e-01   1.7162099e-01   1.0323893e-01
   2.7251365e-01   1.8109342e-01   1.0137579e-01
   2.8955466e-01   1.9416395e-01   1.0442244e-01
   3.0766608e-01   2.0514566e-01   1.0155383e-01
   3.2268237e-01   2.1819705e-01   1.0388662e-01
   3.3840885e-01   2.2882236e-01   1.0277393e-01
   3.5520273e-01   2.4364262e-01   1.0259510e-01
   3.6818514e-01   2.5871389e-01   1.0256072e-01
   3.8043089e-01   2.7545595e-01   1.0266939e-01
   3.9701681e-01   2.8947591e-01   1.0200718e-01
   4.0673537e-01   3.0479341e-01   1.0226269e-01
   4.2032487e-01   3.2192501e-01   1.0239114e-01
   4.3196717e-01   3.3834143e-01   1.0383155e-01
   4.4269794e-01   3.5691352e-01   1.0186675e-01
   4.5311161e-01   3.7460338e-01   1.0316600e-01
   4.6286700e-01   3.9330753e-01   1.0340709e-01
   4.6895473e-01   4.1053887e-01   1.0167571e-01
   4.7950119e-01   4.3176483e-01   1.0465076e-01
   4.8445569e-01   4.4833511e-01   1.0116474e-01
   4.9119372e-01   4.6895224e-01   1.0310575e-01
   4.9786822e-01   4.8827168e-01   1.0166282e-01
   5.0189511e-01   5.0992471e-01   1.0315318e-01
   5.0435879e-01   5.2890321e-01   1.0270154e-01
   5.1074379e-01   5.4923415e-01   1.0265444e-01
   5.1252425e-01   5.7103554e-01   1.0231503e-01
   5.1211059e-01   5.8997922e-01   1.0347222e-01
   5.1430585e-01   6.1140654e-01   1.0262958e-01
