   1.5914649e-03   6.9806363e-04  -1.4309254e-03
  -5.3681715e-04   5.7173301e-03  -2.0315890e-03
  -7.9541400e-04   8.5662615e-03   1.3024617e-03
   1.2868693e-03   1.3244868e-02   2.9405125e-04
  -5.1964133e-04   1.6882610e-02   5.3763354e-05
   1.2420103e-03   2.0984019e-02   2.0219801e-03
  -3.0428680e-03   2.5404655e-02   2.2500581e-03
   2.2927187e-04   2.7603344e-02   4.8802524e-03
   5.8503422e-04   3.2505737e-02   6.2149502e-03
  -4.0002653e-05   3.6799957e-02   7.8884595e-03
  -1.1523249e-03   3.9843048e-02   1.0475473e-02
  -2.2880904e-04   4.5449944e-02   1.1537585e-02
   4.8554826e-04   4.8391212e-02   1.2633984e-02
  -3.0814863e-04   5.0838967e-02   1.3795442e-02
   7.6687929e-04   5.4396544e-02   1.4568973e-02
   7.0931865e-04   5.7667977e-02   1.7815766e-02
   3.9168854e-04   6.1513873e-02   1.9145873e-02
  -9.6409364e-05   6.5256201e-02   2.3055191e-02
  -6.6635182e-04   6.8787813e-02   2.5989142e-02
  -6.5702055e-04   7.1686926e-02   2.9527297e-02
   1.9022055e-03   7.4121052e-02   3.2048278e-02
  -1.3990293e-03   7.9260168e-02   3.3829702e-02
  -9.7025254e-04   8.0792864e-02   3.8730381e-02
  -4.8179305e-04   8.4386122e-02   3.9293803e-02
   1.1398030e-03   8.5106512e-02   4.4045201e-02
  -5.3196630e-04   8.7218675e-02   4.8746450e-02
  -1.0207876e-03   9.0190451e-02   5.2582951e-02
  -1.0139898e-03   9.1904609e-02   5.3740383e-02
   7.4261475e-04   9.4421467e-02   5.8657458e-02
   9.1436569e-04   9.7328083e-02   6.1784797e-02
  -4.1790860e-04   9.7215629e-02   6.7580640e-02
   9.9744746e-04   9.9724398e-02   7.2273156e-02
  -7.0235482e-05   9.9386113e-02   7.3946816e-02
   9.4822369e-04   1.0016772e-01   7.7710874e-02
  -6.5850457e-04   1.0283014e-01   8.2038775e-02
   2.1210889e-03   1.0165231e-01   8.8459908e-02
   6.0027852e-04   1.0421904e-01   9.0414549e-02
  -2.3596613e-05   1.0454758e-01   9.5041959e-02
   2.4028091e-04   1.0329245e-01   9.7866990e-02
  -9.4425128e-04   1.0607289e-01   1.0423828e-01
  -1.2509052e-03   1.0496449e-01   1.0583620e-01
   1.9443625e-02   1.0389591e-01   1.0473205e-01
   3.8943459e-02   1.0430139e-01   1.0281087e-01
   6.2910334e-02   1.0787966e-01   1.0327410e-01
   8.5402537e-02   1.1104372e-01   1.0384233e-01
   1.0317553e-01   1.1510986e-01   1.0486753e-01
   1.2447069e-01   1.1990095e-01   1.0330402e-01
   1.4388751e-01   1.2672575e-01   1.0396367e-01
   1.6434328e-01   1.3042720e-01   1.0380661e-01
   1.8508895e-01   1.3842780e-01   1.0445919e-01
   2.0460349e-01   1.4594517e-01   1.0353652e-01
   2.2451800e-01   1.5459130e-01   1.0601058e-01
   2.4026619e-01   1.6245904e-01   1.0382904e-01
   2.6075383e-01   1.7483269e-01   1.0511360e-01
   2.7941432e-01   1.8349207e-01   1.0543088e-01
   2.9527144e-01   1.9490990e-01   1.0478776e-01
   3.1375086e-01   2.0655726e-01   1.0685138e-01
   3.2863134e-01   2.2250020e-01   1.0387571e-01
   3.4622773e-01   2.3515447e-01   1.0408369e-01
   3.6017583e-01   2.4865107e-01   1.0516542e-01
   3.7466580e-01   2.6352830e-01   1.0670425e-01
   3.9047233e-01   2.7929435e-01   1.0492626e-01
   4.0555171e-01   2.9368958e-01   1.0205911e-01
   4.1697240e-01   3.1046574e-01   1.0567299e-01
   4.3101979e-01   3.2756270e-01   1.0462198e-01
   4.4294693e-01   3.4645676e-01   1.0541564e-01
   4.5164177e-01   3.6285958e-01   1.0579740e-01
   4.6231992e-01   3.8130563e-01   1.0326825e-01
   4.7371074e-01   4.0092325e-01   1.0421272e-01
   4.7969396e-01   4.1884055e-01   1.0463759e-01
   4.8873812e-01   4.3947506e-01   1.0416355e-01
   4.9555418e-01   4.5862295e-01   1.0520383e-01
   5.0191654e-01   4.7858733e-01   1.0557242e-01
   5.0596039e-01   4.9788981e-01   1.0512374e-01
   5.1226278e-01   5.2035296e-01   1.0470070e-01
   5.1629333e-01   5.4016714e-01   1.0378897e-01
   5.1896071e-01   5.5974368e-01   1.0376035e-01
   5.2275136e-01   5.8247409e-01   1.0396292e-01
   5.2104496e-01   6.0025934e-01   1.0536794e-01
   5.2323747e-01   6.2161498e-01   1.0514532e-01
