  -9.9026118e-05   1.1334691e-03  -1.3677969e-04
   4.9906636e-04   4.4715300e-03   9.1432191e-04
  -1.1093624e-03   7.9351799e-03   1.7989331e-03
   1.3484712e-03   1.1865772e-02  -7.3055607e-04
   2.0059852e-04   1.7162560e-02   5.1463964e-04
  -1.5638226e-03   1.8532199e-02   1.7226392e-03
   1.9085859e-04   2.3808297e-02   2.1939140e-03
  -1.5987448e-03   2.8907860e-02   2.7259284e-03
  -2.0857576e-04   3.0920813e-02   5.1976995e-03
   9.3306022e-04   3.5726636e-02   5.9732538e-03
  -6.9122102e-04   3.9046666e-02   7.3360536e-03
  -1.2262860e-03   4.3506456e-02   9.6356268e-03
  -1.0666986e-03   4.5225747e-02   1.1688388e-02
   2.1145366e-04   5.0981615e-02   1.2444806e-02
  -1.4828052e-03   5.1941776e-02   1.5271510e-02
   3.1252812e-03   5.7791761e-02   1.6734933e-02
  -7.3715506e-04   6.0335816e-02   1.9733470e-02
   5.8185012e-05   6.3716473e-02   2.2875388e-02
  -1.3581271e-03   6.5023467e-02   2.4927646e-02
   4.3634318e-04   6.9858213e-02   2.7250350e-02
  -7.8603957e-04   7.2376164e-02   2.8882291e-02
   1.2553208e-03   7.4956770e-02   3.3631857e-02
  -8.4661064e-05   7.6467427e-02   3.6180825e-02
  -2.1768931e-05   8.1962454e-02   3.9984496e-02
   1.0435429e-03   8.3808922e-02   4.4003028e-02
  -1.0703629e-04   8.5955742e-02   4.6670480e-02
   7.9503824e-04   8.8016680e-02   4.8819168e-02
  -1.2615441e-03   8.7271203e-02   5.2432526e-02
   1.1008276e-04   8.9934048e-02   5.7170639e-02
   9.8469721e-04   9.3675403e-02   5.9849731e-02
   3.1888008e-04   9.6165767e-02   6.4408760e-02
   1.9889978e-04   9.5853254e-02   6.7178759e-02
   3.1413772e-04   9.6691818e-02   7.2467722e-02
   2.4773512e-03   9.8575260e-02   7.5395057e-02
  -1.0477367e-03   9.8045785e-02   7.9325502e-02
   7.2624264e-04   9.9127294e-02   8.1643332e-02
  -2.7210548e-04   9.8771464e-02   8.7334841e-02
   3.8089280e-04   1.0068171e-01   9.1894955e-02
  -9.6789976e-04   1.0053136e-01   9.5703173e-02
   1.5711727e-04   1.0209804e-01   1.0008140e-01
   4.5648821e-04   1.0230315e-01   1.0300736e-01
   1.8067272e-02   1.0059703e-01   9.9133470e-02
   3.7577509e-02   1.0155267e-01   1.0029987e-01
   5.8351293e-02   1.0440883e-01   1.0277606e-01
   7.6921092e-02   1.0717586e-01   1.0164639e-01
   9.3326869e-02   1.0944733e-01   1.0196981e-01
   1.1229774e-01   1.1383584e-01   1.0130650e-01
   1.3185184e-01   1.1947327e-01   1.0169509e-01
   1.4864196e-01   1.2482360e-01   1.0060582e-01
   1.6506642e-01   1.3147235e-01   1.0188776e-01
   1.8454640e-01   1.3600070e-01   9.9255775e-02
   2.0177758e-01   1.4593130e-01   1.0134237e-01
   2.1904540e-01   1.5390281e-01   1.0203231e-01
   2.3401057e-01   1.6304055e-01   1.0148984e-01
   2.5070189e-01   1.7315156e-01   1.0118385e-01
   2.6700394e-01   1.8340394e-01   1.0181394e-01
   2.8286154e-01   1.9489780e-01   1.0087882e-01
   2.9592017e-01   2.0671854e-01   1.0059410e-01
   3.1270645e-01   2.1797400e-01   1.0203671e-01
   3.2602797e-01   2.3069106e-01   9.8719488e-02
   3.4077233e-01   2.4282477e-01   1.0059875e-01
   3.5590546e-01   2.5848114e-01   1.0201663e-01
   3.6445161e-01   2.7138384e-01   1.0036674e-01
   3.7551925e-01   2.8670863e-01   1.0104899e-01
   3.8647774e-01   3.0244556e-01   1.0199871e-01
   3.9764361e-01   3.1721445e-01   1.0189642e-01
   4.0948971e-01   3.3554697e-01   1.0084196e-01
   4.1615601e-01   3.5110651e-01   9.8241538e-02
   4.2850215e-01   3.6846134e-01   1.0123690e-01
   4.3263166e-01   3.8516294e-01   1.0094884e-01
   4.4122335e-01   4.0286576e-01   9.9408872e-02
   4.4566295e-01   4.1997754e-01   1.0183774e-01
   4.5180583e-01   4.3786649e-01   1.0017884e-01
   4.5844012e-01   4.5809932e-01   1.0233898e-01
   4.6170612e-01   4.7618271e-01   1.0015008e-01
   4.6762991e-01   4.9400963e-01   1.0185636e-01
   4.6836072e-01   5.1209065e-01   9.9843460e-02
   4.7200320e-01   5.3023976e-01   1.0218367e-01
   4.7181443e-01   5.4831627e-01   1.0074904e-01
   4.6936044e-01   5.7007789e-01   1.0095942e-01
