   1.2241941e-03   7.1474003e-04   4.5009271e-05
   6.8830043e-04   1.6875751e-03   1.0917562e-03
  -2.3865542e-04   5.2361364e-03   1.2299137e-03
   3.7434033e-04   1.0724803e-02  -3.3212276e-04
  -7.7851147e-04   1.6464671e-02   1.6001749e-03
  -4.8477466e-04   1.9725030e-02  -1.5773563e-03
  -1.2684660e-03   2.3125737e-02   2.5282143e-03
  -6.8009267e-04   2.7863610e-02   4.2021556e-03
  -1.0074951e-03   3.2577494e-02   5.0662079e-03
  -1.1330511e-03   3.4503263e-02   8.2261610e-03
  -2.4810133e-04   4.1348273e-02   9.0926689e-03
   1.2729594e-03   4.2151765e-02   1.0561216e-02
  -4.6714371e-04   4.5941709e-02   1.0649587e-02
   1.1292457e-03   4.7916633e-02   1.1819149e-02
   4.7446098e-04   5.2315287e-02   1.5188980e-02
   4.3724767e-05   5.6047211e-02   1.7424963e-02
  -2.4694787e-04   5.7875823e-02   1.9142369e-02
  -1.5492419e-05   6.1620575e-02   2.3006388e-02
   3.4826974e-03   6.5693063e-02   2.4235576e-02
   1.0936829e-03   6.7618238e-02   2.7682416e-02
   7.0181678e-04   7.1270668e-02   3.2373080e-02
   1.0735543e-03   7.3629670e-02   3.2610049e-02
  -1.3993656e-04   7.5420593e-02   3.5887703e-02
   1.5479858e-03   7.8853013e-02   3.7772281e-02
   5.9281403e-04   7.9626519e-02   4.2254985e-02
   1.9977478e-04   8.1790890e-02   4.5117220e-02
  -1.1050977e-03   8.3377689e-02   4.9091563e-02
  -7.0231094e-04   8.6090699e-02   5.2499643e-02
  -1.4365350e-04   8.8825430e-02   5.4612101e-02
  -6.0843232e-04   8.9333090e-02   5.8767439e-02
  -8.6234873e-04   9.0757717e-02   6.3151655e-02
  -1.3385787e-04   9.3098294e-02   6.4875709e-02
   2.5176604e-03   9.3538421e-02   7.0192027e-02
  -9.0112028e-05   9.4293945e-02   7.3486057e-02
   1.8964533e-03   9.5199098e-02   7.7482164e-02
  -2.4562719e-04   9.5480272e-02   8.1404063e-02
   7.0231911e-05   9.7958742e-02   8.3766504e-02
  -2.9545305e-04   9.5439313e-02   8.8857857e-02
   9.5427015e-04   9.8032901e-02   9.4201380e-02
   9.9340747e-04   9.8280607e-02   9.5286080e-02
   2.2854148e-04   9.9027245e-02   9.8958226e-02
   2.3109147e-02   9.8981170e-02   1.0003553e-01
   4.3706176e-02   1.0019305e-01   9.7807936e-02
   6.2122759e-02   1.0338427e-01   9.8894375e-02
   8.4262761e-02   1.0318774e-01   9.6134932e-02
   1.0432438e-01   1.0764593e-01   9.9198403e-02
   1.2253982e-01   1.1206349e-01   9.6700853e-02
   1.4378731e-01   1.1795101e-01   9.8524562e-02
   1.6461274e-01   1.2337053e-01   9.7838114e-02
   1.8487632e-01   1.3266002e-01   9.7958674e-02
   2.0221189e-01   1.3934854e-01   9.9733055e-02
   2.2084221e-01   1.4780190e-01   9.9951454e-02
   2.3891239e-01   1.5736645e-01   9.8730365e-02
   2.5827233e-01   1.6637112e-01   9.8059275e-02
   2.7564006e-01   1.7591549e-01   9.7920194e-02
   2.9402253e-01   1.8888840e-01   9.8342596e-02
   3.1052466e-01   2.0116890e-01   9.6244217e-02
   3.2829699e-01   2.1360338e-01   9.7861986e-02
   3.4354367e-01   2.3021110e-01   1.0032062e-01
   3.5934454e-01   2.4146841e-01   9.6873570e-02
   3.7237635e-01   2.5564410e-01   9.9638330e-02
   3.8741290e-01   2.7317743e-01   9.9486919e-02
   4.0116392e-01   2.8709211e-01   9.8513867e-02
   4.1349244e-01   3.0443720e-01   9.7919398e-02
   4.2641664e-01   3.2044536e-01   9.8719285e-02
   4.3846794e-01   3.3666566e-01   1.0046703e-01
   4.4907999e-01   3.5686498e-01   9.8018063e-02
   4.6053580e-01   3.7328457e-01   1.0005475e-01
   4.6799566e-01   3.9244031e-01   9.8689715e-02
   4.7711147e-01   4.0927937e-01   9.8163159e-02
   4.8522394e-01   4.3199023e-01   9.9764105e-02
   4.9318864e-01   4.5038847e-01   9.7483540e-02
   4.9928284e-01   4.7147878e-01   9.8166533e-02
   5.0288992e-01   4.8954105e-01   9.8387957e-02
   5.0798852e-01   5.1021501e-01   9.8297358e-02
   5.1352210e-01   5.2908351e-01   9.9532476e-02
   5.1666232e-01   5.5098758e-01   9.8797499e-02
   5.1905154e-01   5.7083811e-01   9.7981255e-02
   5.2000079e-01   5.9223682e-01   9.7153356e-02
   5.2219241e-01   6.1250632e-01   9.7470688e-02
