   2.4635931e-03   3.1662842e-04   9.5527029e-04
   6.6958050e-04   2.8591548e-03   8.8264339e-04
  -8.2388328e-04   8.8390552e-03  -1.0025878e-03
  -3.9336944e-04   1.2707997e-02   3.1816080e-04
  -1.6480015e-04   1.6034209e-02   1.2323821e-03
   1.7031508e-03   2.0821585e-02   2.7158460e-03
  -5.9565715e-04   2.3482660e-02   3.5431150e-03
   6.6547587e-04   2.7923310e-02   3.8630782e-03
   3.8805321e-05   3.1697910e-02   5.1502502e-03
   1.2519905e-04   3.7327113e-02   6.6623041e-03
  -9.0887931e-04   3.9633892e-02   8.4526315e-03
   3.0232388e-05   4.3815148e-02   1.0249743e-02
   1.9539987e-05   4.7917545e-02   9.8765180e-03
   8.6108816e-04   4.8786933e-02   1.2014777e-02
   1.5244408e-03   5.4604548e-02   1.5844388e-02
   1.2818162e-03   5.7305068e-02   1.7626821e-02
   4.3699004e-04   6.0914432e-02   2.1520337e-02
   5.2206492e-04   6.2743918e-02   2.2545036e-02
  -2.0040175e-04   6.7333523e-02   2.4011652e-02
  -1.3517252e-04   7.0629247e-02   2.7832310e-02
  -2.8574785e-05   7.2556715e-02   2.9961228e-02
  -1.1846454e-04   7.5934353e-02   3.2590316e-02
   3.5863567e-04   7.6715638e-02   3.4562790e-02
   7.3556826e-04   8.0710446e-02   4.0141770e-02
   5.0786634e-04   8.3121361e-02   4.3101751e-02
   1.1993543e-03   8.2519393e-02   4.6491586e-02
   4.4625080e-04   8.9135182e-02   4.8871302e-02
  -1.1223912e-03   8.9859145e-02   5.3155480e-02
  -2.3365960e-06   9.0592577e-02   5.5927184e-02
  -3.8694851e-04   9.2632319e-02   6.0403467e-02
   1.2058687e-03   9.3287206e-02   6.5215308e-02
   8.9250613e-04   9.6069053e-02   6.6914801e-02
  -1.7654753e-03   9.5738190e-02   7.2157881e-02
  -9.1022270e-04   9.7019803e-02   7.6358566e-02
  -1.0765050e-03   9.8187193e-02   8.1702026e-02
   1.7049299e-04   9.7330192e-02   8.1818471e-02
   2.3689453e-04   1.0012733e-01   8.8969631e-02
   7.6514248e-04   9.9442778e-02   9.3024119e-02
   1.1951886e-03   9.9631319e-02   9.4918836e-02
   1.0974314e-04   1.0123106e-01   1.0129189e-01
   3.4216901e-04   1.0168934e-01   1.0077150e-01
   1.7836765e-02   1.0229432e-01   9.9800590e-02
   3.8226007e-02   1.0172095e-01   1.0001443e-01
   5.7935464e-02   1.0567559e-01   1.0061169e-01
   7.7967424e-02   1.0672756e-01   1.0307058e-01
   9.7070866e-02   1.1065533e-01   9.9256658e-02
   1.1470518e-01   1.1334244e-01   9.9857904e-02
   1.3224911e-01   1.2204553e-01   9.9977889e-02
   1.5216866e-01   1.2782021e-01   1.0203275e-01
   1.7072550e-01   1.3112182e-01   1.0033272e-01
   1.8816656e-01   1.3982577e-01   9.9990822e-02
   2.0697740e-01   1.4449882e-01   1.0033652e-01
   2.2364329e-01   1.5576023e-01   9.8687410e-02
   2.4007466e-01   1.6579935e-01   1.0101074e-01
   2.5820658e-01   1.7489392e-01   9.9773244e-02
   2.7345618e-01   1.8540063e-01   1.0061315e-01
   2.9198864e-01   1.9574639e-01   1.0074812e-01
   3.0656367e-01   2.0810073e-01   9.8572233e-02
   3.1893677e-01   2.2057218e-01   1.0087819e-01
   3.3471682e-01   2.3435287e-01   1.0050473e-01
   3.4812628e-01   2.5070565e-01   1.0089779e-01
   3.5988210e-01   2.6083587e-01   1.0092880e-01
   3.7394260e-01   2.7477004e-01   9.9742517e-02
   3.8565378e-01   2.9266452e-01   1.0170847e-01
   3.9719487e-01   3.0741346e-01   9.9644006e-02
   4.0758556e-01   3.2526016e-01   1.0031002e-01
   4.1890065e-01   3.4083014e-01   1.0163442e-01
   4.2783983e-01   3.5612755e-01   1.0102267e-01
   4.3614807e-01   3.7300660e-01   9.9905814e-02
   4.4404593e-01   3.9272595e-01   1.0036594e-01
   4.5298870e-01   4.1092019e-01   1.0230727e-01
   4.5892206e-01   4.2748995e-01   1.0087827e-01
   4.6408721e-01   4.4712344e-01   9.9322412e-02
   4.7263881e-01   4.6619022e-01   1.0145098e-01
   4.7658720e-01   4.8330048e-01   9.9570460e-02
   4.7865494e-01   5.0286908e-01   1.0093172e-01
   4.8067205e-01   5.2314886e-01   1.0030941e-01
   4.8091031e-01   5.4210083e-01   1.0036508e-01
   4.8594832e-01   5.6013934e-01   1.0081260e-01
   4.8480348e-01   5.8102832e-01   1.0062936e-01
