   1.3806872e-03  -6.2093827e-04  -4.9477103e-04
  -8.0109418e-04   5.2887602e-03  -5.2966720e-04
  -5.5300890e-04   8.0304305e-03  -1.5219667e-04
  -7.6594765e-04   1.2419310e-02   5.0084569e-04
   1.5281910e-03   1.6039619e-02  -2.9636856e-03
   1.4007163e-03   1.9517112e-02   1.1837076e-03
   2.5036257e-04   2.4310718e-02   3.3641542e-03
  -2.7126442e-04   2.6978324e-02   4.8750228e-03
  -9.8009608e-04   3.0366181e-02   6.9938719e-03
  -2.1164192e-03   3.6127598e-02   5.0059296e-03
   3.5168030e-04   3.8898133e-02   6.5059851e-03
   8.5215859e-04   4.2314988e-02   8.2805632e-03
   9.3740525e-04   4.7561875e-02   1.0806908e-02
   9.0727709e-05   5.1169106e-02   1.4548885e-02
   3.3931003e-04   5.2869235e-02   1.5707500e-02
   1.2078010e-03   5.6749628e-02   1.7995366e-02
  -5.5083931e-04   5.8984017e-02   1.9929280e-02
   9.9809507e-04   6.1968614e-02   2.2389924e-02
   5.3607281e-04   6.5956164e-02   2.4094323e-02
  -6.8541735e-04   6.8091405e-02   2.8020698e-02
  -9.8297351e-04   7.3278525e-02   2.9166130e-02
  -1.5166605e-03   7.1877855e-02   3.4402971e-02
   1.3588858e-04   7.8488651e-02   3.5409330e-02
  -1.4523530e-04   8.0154238e-02   3.8341801e-02
  -7.5007336e-04   8.3275627e-02   4.1471401e-02
   1.1935368e-03   8.5774585e-02   4.5083687e-02
   1.1090548e-04   8.8969513e-02   4.9102009e-02
   6.2108371e-04   8.8913993e-02   5.2848639e-02
  -4.5035602e-04   8.9063572e-02   5.5805718e-02
   1.2969662e-03   9.2258483e-02   5.8574171e-02
   2.4916992e-03   9.3844332e-02   6.2844611e-02
  -5.8732987e-04   9.5234864e-02   6.6410519e-02
  -1.3796458e-04   9.6149541e-02   7.2570645e-02
   7.6348098e-04   9.7823718e-02   7.4518096e-02
   6.0253155e-04   9.7510787e-02   8.0791306e-02
  -2.4706440e-03   9.9180237e-02   8.3323401e-02
  -8.5039682e-04   9.9370082e-02   8.7208677e-02
   9.5234370e-05   1.0019051e-01   9.2110669e-02
   8.9639481e-05   9.9229473e-02   9.4900241e-02
  -1.1921575e-03   1.0036525e-01   9.9229712e-02
  -3.0152183e-04   9.9785107e-02   1.0182588e-01
   2.0983024e-02   9.9756923e-02   9.9796682e-02
   3.9463383e-02   1.0056174e-01   1.0166974e-01
   6.2074518e-02   1.0399290e-01   1.0180194e-01
   8.0831503e-02   1.0594811e-01   9.9289719e-02
   1.0078656e-01   1.1200490e-01   1.0240135e-01
   1.2185796e-01   1.1389822e-01   1.0176109e-01
   1.4365070e-01   1.2182838e-01   1.0136353e-01
   1.6361992e-01   1.2725764e-01   1.0037196e-01
   1.8299189e-01   1.3376123e-01   1.0052602e-01
   1.9891350e-01   1.4131840e-01   1.0107989e-01
   2.2115636e-01   1.5286291e-01   1.0106504e-01
   2.3977614e-01   1.5872292e-01   1.0295931e-01
   2.5791124e-01   1.6908927e-01   9.9845820e-02
   2.7670489e-01   1.8101751e-01   1.0030852e-01
   2.9339486e-01   1.9005943e-01   1.0138229e-01
   3.1187551e-01   2.0314124e-01   1.0113516e-01
   3.2685331e-01   2.1535529e-01   9.9549278e-02
   3.4125380e-01   2.3082464e-01   1.0000904e-01
   3.5844700e-01   2.4204337e-01   1.0071582e-01
   3.7349916e-01   2.5805230e-01   1.0179602e-01
   3.8581981e-01   2.7315724e-01   1.0082634e-01
   4.0115055e-01   2.8908860e-01   1.0285894e-01
   4.1422022e-01   3.0509103e-01   1.0030048e-01
   4.2431992e-01   3.2207209e-01   1.0072536e-01
   4.3801204e-01   3.3802365e-01   1.0022468e-01
   4.4743141e-01   3.5649382e-01   1.0012640e-01
   4.5729834e-01   3.7308958e-01   1.0135903e-01
   4.6556557e-01   3.9298367e-01   1.0067297e-01
   4.7488210e-01   4.1274668e-01   9.9524826e-02
   4.8173989e-01   4.3149471e-01   1.0155406e-01
   4.9044697e-01   4.4993524e-01   1.0025425e-01
   4.9888889e-01   4.7144757e-01   9.9426629e-02
   5.0267920e-01   4.8955674e-01   1.0130067e-01
   5.0676257e-01   5.0911356e-01   9.9126773e-02
   5.1159628e-01   5.3216876e-01   9.9444515e-02
   5.1479129e-01   5.5050871e-01   1.0052047e-01
   5.1680544e-01   5.7173668e-01   9.9960287e-02
   5.1815673e-01   5.9373942e-01   1.0113207e-01
   5.1764765e-01   6.1207426e-01   9.8161566e-02
