0.490886045033 -0.359958369231 -0.200413628231
0.488248960143 -0.36047352856 -0.200388552172
0.485236843569 -0.359718443438 -0.199498706218
0.47667495047 -0.359826147237 -0.199624173523
0.465076903126 -0.358477475497 -0.198575923252
0.451362219543 -0.358897930367 -0.199945850527
0.442447083826 -0.359872543439 -0.199357139974
0.434725009523 -0.360509738662 -0.199394501275
0.426909650416 -0.36173308434 -0.200516044583
0.417724262674 -0.362691785396 -0.199348320615
0.40708711477 -0.363432573915 -0.199691047435
0.399621701046 -0.365888064237 -0.200227406079
0.388689036464 -0.36667553999 -0.199976972005
0.380245212076 -0.368583696984 -0.200207914316
0.371231677817 -0.371388536311 -0.200499658977
0.360696807847 -0.374329821091 -0.199964454274
0.351854432957 -0.376232611289 -0.200922999319
0.344704200526 -0.379265862802 -0.200562454599
0.334256349484 -0.38277583818 -0.200492374577
0.326487751834 -0.386137003302 -0.200433266618
0.321435570149 -0.387805714844 -0.202232308967
0.312328847179 -0.392099517206 -0.201678385284
0.306414712228 -0.394443858435 -0.201925813024
0.300849902003 -0.397509253598 -0.201303410804
0.298354331548 -0.400768459987 -0.200129662312
0.294371889366 -0.402869155051 -0.200887667621
0.289474003282 -0.404188256125 -0.200212611058
0.284768278279 -0.406150120638 -0.200823484908
0.286276091796 -0.406980402222 -0.199304899377
0.283271195954 -0.407633180617 -0.199937256152
0.276342273164 -0.409657664232 -0.199050242185
0.270140653778 -0.413730597042 -0.199581229814
0.265287423112 -0.417022426679 -0.199418051134
0.267081444591 -0.417013931693 -0.199920473164
0.26069231745 -0.422101942111 -0.19940750342
0.254833051301 -0.426101334163 -0.199382940454
0.255825593422 -0.427601504994 -0.198806112551
0.249961496125 -0.431448315413 -0.198325618176
0.243151208363 -0.435115894182 -0.198728487142
0.238086118495 -0.438580540937 -0.198228392666
0.231556891923 -0.445226535882 -0.197964580797
0.23147258288 -0.449165297732 -0.198384818462
0.226516807793 -0.45150838615 -0.198345374372
0.221123096703 -0.455698409956 -0.198420955512
0.214963854145 -0.458540006281 -0.198888678714
0.217312937638 -0.461765985346 -0.197811266956
0.211383521336 -0.466114586899 -0.198092600722
0.206823371039 -0.469768032735 -0.197259123161
0.199683048023 -0.474780211366 -0.197467619095
0.200490647203 -0.475883225315 -0.197146194725
0.195358730949 -0.48152572595 -0.19597909662
0.191324909416 -0.484774376426 -0.196458696942
0.186241122834 -0.489791359902 -0.196361583873
0.186884361864 -0.493444043883 -0.195992117244
0.184941602534 -0.490920323742 -0.1956478842
0.182763192794 -0.488774625357 -0.195133903194
0.182977639818 -0.488909069014 -0.194987438038
0.181068233189 -0.490692354196 -0.194269347964
0.178808815275 -0.492896936336 -0.194822390058
0.175558950853 -0.492473874989 -0.194453966306
0.174134963592 -0.4946055338 -0.194814656285
0.164575040404 -0.510447907605 -0.195121730923
0.162137815809 -0.517415430639 -0.195135208086
0.154599914837 -0.53127983442 -0.195233844958
0.149177859753 -0.53394822725 -0.196021238416
0.148843984491 -0.534126288848 -0.194848346083
0.154545783779 -0.523930871212 -0.195348959277
0.155127205691 -0.524152301018 -0.194795168332
0.153649158168 -0.530811001102 -0.195338627458
0.149791364614 -0.533532323396 -0.192091173356
0.147769115566 -0.534880045557 -0.192482988543
0.142050824152 -0.5468937697 -0.192511187873
0.143841122747 -0.549303905427 -0.193278611847
0.141065107231 -0.556262411214 -0.193595689945
0.138131204404 -0.557607125481 -0.194393768968
0.143780507851 -0.549111226026 -0.192500165538
0.144507191181 -0.547367652792 -0.1954618194
0.138987823276 -0.563206006705 -0.194757119348
0.135777142088 -0.585342657095 -0.19545261808
0.131952127246 -0.586230148619 -0.185233174846
0.128788474421 -0.58484011159 -0.180471642025
0.12354294691 -0.584713789157 -0.176024569771
0.118905869378 -0.587359450114 -0.17588241195
0.11528030412 -0.602893861666 -0.176791357763
0.118443421261 -0.607526520971 -0.177453300589
0.115542362824 -0.607945696664 -0.177742254177
0.113882928868 -0.608007635578 -0.177518253492
0.116008207494 -0.602466198 -0.178428824381
0.119436128294 -0.595792370445 -0.177929421083
0.124290312006 -0.619249300355 -0.200995510315
0.121873811546 -0.642781063907 -0.207015382567
0.120632123367 -0.642093644417 -0.196587306441
0.121093079545 -0.639118344825 -0.185993412247
0.122137505406 -0.631829821239 -0.180102753132
0.119674346377 -0.6335776763 -0.179781478074
0.11931161891 -0.633458334207 -0.18238151394
0.103001822559 -0.651483625641 -0.178638149581
0.0949697853574 -0.653386111447 -0.177049658743
0.0864304110212 -0.649548986247 -0.180882645717

