0.509898758634 -0.249643058603 -0.203357240335
0.508128113907 -0.250335457569 -0.202279766775
0.505826295887 -0.250572669042 -0.201314511296
0.497918382772 -0.249091037729 -0.202214331364
0.487666735639 -0.249242102594 -0.202097505774
0.470338060205 -0.248665145541 -0.202253830083
0.461387840676 -0.249296637018 -0.203293930282
0.453100663309 -0.250573326359 -0.202993040586
0.441465809359 -0.251510501348 -0.202935370107
0.433710598871 -0.253318397361 -0.201863298722
0.425114396525 -0.254126486258 -0.202739773676
0.415916191954 -0.2552394567 -0.201993184072
0.406573790459 -0.256623571158 -0.2016133806
0.398510954235 -0.258494012855 -0.200832012277
0.390622123269 -0.260960095724 -0.201789462213
0.382171883385 -0.261566237826 -0.202230773752
0.372784112358 -0.265353640178 -0.201225136059
0.364968649469 -0.268406705881 -0.201851229239
0.356969486527 -0.273438400796 -0.202395078903
0.35062734681 -0.276651589497 -0.202196148333
0.345266426259 -0.278043448779 -0.202260577612
0.338961453656 -0.281351011432 -0.201707428325
0.336064454459 -0.282778948266 -0.201905127558
0.334503707249 -0.285114412782 -0.201493986339
0.33094282111 -0.284273382732 -0.201388639057
0.32239741183 -0.284918181522 -0.200571594947
0.322743063288 -0.287501785759 -0.201173938378
0.315189522792 -0.290156134579 -0.19959700548
0.307834168702 -0.293327685823 -0.199724988489
0.303024120019 -0.293337634932 -0.200625698326
0.29593681016 -0.297207487509 -0.199010789036
0.287983834371 -0.304735952254 -0.200214597098
0.278973450582 -0.311239468402 -0.200234655217
0.267957081616 -0.322472969953 -0.198502708717
0.262344582444 -0.32522526176 -0.198575549116
0.256746010066 -0.329339761976 -0.199523719276
0.247643551409 -0.339631383203 -0.200164312233
0.243745447133 -0.337347283424 -0.198928625574
0.241126120807 -0.336530514735 -0.197244443145
0.236659538909 -0.340010289937 -0.19790133845
0.230983551218 -0.345487049319 -0.196264741162
0.224051550016 -0.354194036042 -0.197011239389
0.215220630232 -0.364481463771 -0.1967384867
0.212040267752 -0.367340213626 -0.196118627781
0.208966278979 -0.372121919864 -0.195454072679
0.203605707793 -0.376440770326 -0.194900439367
0.199777017209 -0.383191222026 -0.195376172388
0.199783370499 -0.38317659589 -0.194956654021
0.200043042997 -0.385607479078 -0.194157941935
0.196448177493 -0.386827642417 -0.194870046757
0.18991526978 -0.394649240939 -0.194880139901
0.18468747116 -0.404292686189 -0.195266168734
0.181196241276 -0.409742289783 -0.195457529066
0.176829713248 -0.414163804746 -0.194512972868
0.173382096222 -0.416571075323 -0.194523966037
0.175148724964 -0.420486415448 -0.193477252885
0.171547771229 -0.421379752042 -0.192961064004
0.168574517217 -0.427716858793 -0.192591735337
0.163408535909 -0.436615825588 -0.192276176092
0.159716647661 -0.441870577202 -0.192665436752
0.157892663495 -0.445862401831 -0.192174040985
0.155226026833 -0.446029021396 -0.191934859223
0.153768321846 -0.44839429102 -0.193284468486
0.147937627749 -0.453711816568 -0.192020119631
0.145501906671 -0.460697282387 -0.194256194261
0.142271109145 -0.470903094857 -0.194702409992
0.137788891324 -0.478221767404 -0.193311680431
0.135387870315 -0.481520027383 -0.193312083155
0.132719299549 -0.482364599283 -0.193860887985
0.134636016501 -0.478020840892 -0.194347433024
0.136730755668 -0.474286394259 -0.194314828975
0.139140761569 -0.471894588524 -0.194253921376
0.136156202323 -0.480736759971 -0.194527495917
0.132695134104 -0.489754991549 -0.193607780756
0.128485697513 -0.501880508637 -0.193476482953
0.129390415847 -0.499718743629 -0.194020193467
0.129192538915 -0.496352100845 -0.193756783224
0.129446979663 -0.495064165054 -0.192850467592
0.127403933877 -0.502133840616 -0.192305134075
0.123547058144 -0.518027996108 -0.193443223017
0.121727159895 -0.529560823955 -0.193240615019
0.118995118338 -0.541219117967 -0.193015468519
0.116488343214 -0.547712140902 -0.193864126606
0.1137715388 -0.55429784092 -0.194119984071
0.111632922677 -0.557787524648 -0.193794572979
0.109889277996 -0.563326958972 -0.193567565185
0.110420292959 -0.565790888559 -0.19034745751
0.111030180195 -0.567007569952 -0.18832745248
0.109476187105 -0.56860543296 -0.187217138037
0.109568804147 -0.578125003943 -0.187570537257
0.110273518253 -0.576517235528 -0.188371440938
0.112614161412 -0.568823254358 -0.187931828608
0.115142073392 -0.566886451873 -0.189190405753
0.11206980681 -0.570032836165 -0.188802303722
0.110423786459 -0.588775469067 -0.188626227859
0.11345220384 -0.616837505246 -0.200945101382
0.109433353962 -0.633354523652 -0.20003756238
0.109210230398 -0.637261904406 -0.199922762273
0.104592817792 -0.652735170845 -0.199152622964
0.103638231471 -0.6614788987 -0.197952668615
0.103341627575 -0.662937293974 -0.198259418632
0.101319553711 -0.674345408603 -0.198695969267
0.104884210082 -0.681386108221 -0.204994505345
0.105555114715 -0.690570798786 -0.204528988334
0.102352260232 -0.698800703811 -0.194822318476
0.0983068256903 -0.702955992507 -0.187177197107
0.0914390194839 -0.707633209539 -0.180785152774
0.0818850789173 -0.716122814249 -0.180117753404
0.0706435212186 -0.732089180486 -0.179611275929
0.0483958410905 -0.745364431594 -0.174888452204
0.0311174094055 -0.753325769157 -0.177392543405
0.0195905967359 -0.761318295998 -0.180542131189

