0.500752316023 -0.249152183847 -0.192820131284
0.499287691939 -0.250110193047 -0.192444863003
0.495043793991 -0.250228668257 -0.190988487674
0.487909479679 -0.250161968292 -0.191202173738
0.476411487556 -0.249638999194 -0.190527643374
0.463178185165 -0.250474052644 -0.192126175252
0.452771182654 -0.25193032981 -0.190687929696
0.442726845154 -0.252923650814 -0.191327359239
0.435331630059 -0.253702850821 -0.191588373048
0.426801431008 -0.254377827313 -0.191215770224
0.415109022056 -0.257170366774 -0.19080750069
0.407837186885 -0.259105494357 -0.190896867176
0.39970638734 -0.261097445512 -0.189616312066
0.389495574604 -0.263563507601 -0.191249578466
0.381826376206 -0.265152108295 -0.19066008251
0.373664609556 -0.267797316795 -0.190042151375
0.366640684539 -0.270395363025 -0.189264072125
0.361401934153 -0.275741925176 -0.191649404697
0.351916361562 -0.280344895451 -0.191087284142
0.343672879681 -0.281950909206 -0.190678958931
0.342500249753 -0.284754975971 -0.190482945608
0.336074493564 -0.286810956889 -0.189904074077
0.329301803209 -0.288552063613 -0.18910426143
0.321947285057 -0.291540579531 -0.188396937456
0.314372369613 -0.29390108104 -0.188739611291
0.309181400922 -0.296742504626 -0.189035930146
0.308996376286 -0.299712506375 -0.187985695029
0.302864591873 -0.303455019731 -0.188052614269
0.291559031259 -0.310890136206 -0.188156536317
0.289966340083 -0.312131805061 -0.18881028284
0.278007825669 -0.320014432625 -0.186649939221
0.269674000936 -0.322729803992 -0.186985724604
0.259543732675 -0.330272521345 -0.187350575588
0.255533036784 -0.336913947849 -0.18739217
0.246652059289 -0.346586626106 -0.187121787853
0.248419509596 -0.343526092615 -0.186399992533
0.254271542482 -0.330453674737 -0.185636427698
0.253358365947 -0.328675309622 -0.185200752286
0.244460042262 -0.338352692598 -0.184454546767
0.238774185391 -0.351730619808 -0.18527628661
0.233752686027 -0.355038090561 -0.186104974587
0.231005964937 -0.354195536761 -0.186169555459
0.227089961226 -0.356267987275 -0.186193560239
0.230896476021 -0.359038333841 -0.185543556759
0.230435546957 -0.357459118849 -0.185681276616
0.226941839165 -0.358054582224 -0.184694628066
0.224630055427 -0.359384220516 -0.184853902656
0.226749128142 -0.3617636376 -0.184465035672
0.222986295416 -0.364585472584 -0.183967731121
0.214697344248 -0.372344563787 -0.183570276335
0.206478591642 -0.382238126545 -0.184720494222
0.201123367559 -0.386203846155 -0.184611888971
0.203738602276 -0.388108993237 -0.183840493067
0.199174304925 -0.392763739301 -0.183988086058
0.194410452564 -0.395675304462 -0.183386688853
0.190961266608 -0.400599653516 -0.183632006149
0.193325227904 -0.401499317472 -0.182977437738
0.189854064225 -0.407019831435 -0.183622404565
0.181331017862 -0.417466380015 -0.18398220688
0.176035493335 -0.420631872823 -0.183271185705
0.17218092545 -0.425514907995 -0.183701599675
0.172955773821 -0.42575012979 -0.18355949038
0.170396689084 -0.428770407082 -0.181905015575
0.169267735362 -0.427381931405 -0.183020285231
0.171519211492 -0.425076961453 -0.18348199524
0.168227576232 -0.426755380242 -0.1832722969
0.166532279797 -0.429487923093 -0.183582238529
0.165029480568 -0.432942989351 -0.183200776566
0.165027403067 -0.435673702619 -0.184170940985
0.164388138463 -0.443192733909 -0.18412232584
0.158307959573 -0.449770004259 -0.183485184393
0.152291578742 -0.459335446378 -0.183388945127
0.148597041863 -0.466953890132 -0.18428535575
0.149160844325 -0.473169186501 -0.185053152658
0.156787224188 -0.481569797405 -0.19288227084
0.154529909633 -0.485720242966 -0.188578827945
0.148456252446 -0.489459388538 -0.182411909315
0.141052471953 -0.492970122075 -0.182230270252
0.140329364081 -0.487079374693 -0.181361389411
0.13816846643 -0.493135287714 -0.181611864555
0.135737018976 -0.502862944433 -0.181735320582
0.135534279165 -0.504263158866 -0.181549152197
0.132087379031 -0.510421042783 -0.181716419503
0.137490475478 -0.502889255771 -0.182846894689
0.134797293144 -0.513529761277 -0.183689708715
0.132487362309 -0.520845754538 -0.183649654297
0.131629523007 -0.528533607356 -0.187990591603
0.131588309027 -0.525622505938 -0.185936284246
0.124679164507 -0.534409038807 -0.177303582143
0.11622797222 -0.553052973914 -0.175035591786
0.108176049553 -0.564100351789 -0.171449870378
0.0979229787758 -0.565553881415 -0.169178730714
0.0915002467594 -0.558408101398 -0.166317839682
0.0823727819802 -0.560434465671 -0.166102320828
0.068205265904 -0.550493540808 -0.167749656296

