0.493068043102 -0.202271336569 -0.209388620654
0.492963998722 -0.200825786033 -0.209098718857
0.492506582197 -0.201762031796 -0.208440240273
0.492419084405 -0.201306113945 -0.20842338651
0.492438141723 -0.199917838023 -0.207132555055
0.491622751854 -0.196600970642 -0.207253410305
0.489404887177 -0.199135362849 -0.206432592287
0.491436489029 -0.195207879939 -0.2068483288
0.489406195659 -0.198656568737 -0.207298140173
0.488264838454 -0.206021231334 -0.208315974078
0.488296757293 -0.211032902799 -0.20822702164
0.488438957274 -0.215444759753 -0.208244511498
0.488995641138 -0.214241525256 -0.208002690418
0.488766666924 -0.213592796963 -0.207709706128
0.487458958159 -0.215568596896 -0.208355179928
0.488868025558 -0.212729295364 -0.208244489149
0.487732637578 -0.216887674195 -0.20800039794
0.489233922942 -0.213493339689 -0.207809222671
0.489434065035 -0.210567547854 -0.206443094888
0.489723297223 -0.203347418718 -0.20595355132
0.485113373036 -0.205718813287 -0.204157430098
0.478323916224 -0.2044159417 -0.204680690698
0.464426723703 -0.202882599598 -0.204229614977
0.450406945614 -0.202192775135 -0.204949951325
0.437443063194 -0.208092931101 -0.205286028905
0.431199208696 -0.216774441604 -0.20593648374
0.427110488022 -0.217790181581 -0.204639894874
0.419375020872 -0.21884757268 -0.204618129672
0.410297021307 -0.217970272812 -0.204584424539
0.402308356513 -0.22298257872 -0.204590989266
0.396248952423 -0.21294867423 -0.203090780898
0.389429778391 -0.210475110423 -0.202609356807
0.378809461564 -0.212912810782 -0.199383244917
0.365864548972 -0.215574253585 -0.196227510669
0.356136129631 -0.218651760811 -0.195318982806
0.344801884383 -0.224408551633 -0.193858983204
0.339955517257 -0.232672029354 -0.194731042692
0.337531160622 -0.233437759966 -0.195053844023
0.33703379504 -0.227264810834 -0.194149129233
0.337253359835 -0.230855098784 -0.193891865953
0.335610292678 -0.227958732486 -0.193795028617
0.328412293517 -0.229648775113 -0.193913965448
0.32376016506 -0.226208157111 -0.193243732775
0.322141948277 -0.227232042559 -0.192483888264
0.317041731576 -0.228181224722 -0.192164600324
0.312983329311 -0.229395877151 -0.1930471093
0.301815081936 -0.235020037106 -0.191587116357
0.289738732228 -0.240605135375 -0.192173585908
0.280212676365 -0.246527642706 -0.193093015228
0.274287483929 -0.249515707115 -0.192714502992
0.270566082756 -0.252241118703 -0.193217594088
0.264212143119 -0.255618121507 -0.193427638915
0.263217234314 -0.260313271402 -0.193077170967
0.262001823262 -0.261278603663 -0.192137967083
0.258242200093 -0.261446866113 -0.192072093359
0.257777820926 -0.260979565723 -0.190805291805
0.260535663403 -0.262568186839 -0.191674599688
0.260089814393 -0.261690049837 -0.190545412141
0.254000898028 -0.262723063372 -0.190917552918
0.247743659357 -0.265831334265 -0.190911214197
0.243649499839 -0.266641482459 -0.191057104194
0.245397599821 -0.267438575469 -0.191153914678
0.241426518847 -0.270652558966 -0.190807650996
0.235780975748 -0.274553281691 -0.191098987398
0.229951864294 -0.275866586078 -0.190990760481
0.230459078267 -0.278659747228 -0.190492826352
0.225931071791 -0.28257235925 -0.190011668407
0.219411399443 -0.287145357401 -0.190682836442
0.214714589837 -0.289814931354 -0.189823441307
0.213279819489 -0.290367338295 -0.19051726073
0.215440254553 -0.292247490988 -0.18948456309
0.210091112841 -0.29349395909 -0.189167340224
0.207469407261 -0.296310935752 -0.189656405
0.208723704516 -0.295172534158 -0.189038602617
0.202424698878 -0.297353996888 -0.189678440047
0.201714990331 -0.302158802754 -0.18928173843
0.195519174003 -0.307377577425 -0.188815959671
0.18900690779 -0.311452303416 -0.188894534191
0.191352659459 -0.314889345573 -0.189328853595
0.185968833393 -0.318396079947 -0.188862849642
0.177814357222 -0.324121783404 -0.188676875157
0.170618327477 -0.334583941075 -0.189152697726
0.160775281836 -0.345576337892 -0.189815688645
0.161462764491 -0.347890138741 -0.189799661323
0.152748827103 -0.354291405956 -0.188322422233
0.148854697318 -0.357506157569 -0.188428709452
0.151525914074 -0.351912955813 -0.188603843714
0.151213366983 -0.349225327725 -0.188074006228
0.152951511916 -0.343507362723 -0.188627858971
0.154147908183 -0.341786197249 -0.189599825003
0.153177322331 -0.344589153446 -0.188264518539
0.143473198088 -0.36308996388 -0.189067917735
0.135282449738 -0.375150927125 -0.189087797364
0.134977669784 -0.377461783138 -0.189535121899
0.134005989935 -0.379752373868 -0.190155069675
0.134452291074 -0.374571320614 -0.188783361828
0.135812717494 -0.37180754187 -0.189279336118
0.140051278003 -0.372233042379 -0.190271716222
0.139556171416 -0.37314519794 -0.192472296398
0.139123041817 -0.368780360192 -0.191402417423
0.138429289701 -0.366598587906 -0.191356656896
0.13297904489 -0.376210825798 -0.192254335818
0.130078660301 -0.379445810099 -0.191939487076
0.126391555443 -0.396685489003 -0.193264998478
0.121959602684 -0.407999357727 -0.19220049013
0.115829820899 -0.416419067091 -0.191764489526
0.119578293477 -0.411959568874 -0.192502438178
0.122721995323 -0.399166585824 -0.19286170232
0.122133017669 -0.398288592586 -0.192710851643
0.123601622654 -0.401251120053 -0.193540781527
0.122425588142 -0.407768918064 -0.19211078549
0.11816160635 -0.409121166135 -0.191022936186
0.116088805166 -0.413346341839 -0.189668497993
0.112032726906 -0.429037970878 -0.190750776655
0.10676061304 -0.439484246014 -0.191117150576
0.110643146664 -0.436090698553 -0.191474934696
0.108546405186 -0.43194116803 -0.190496036596
0.104574128232 -0.43927183691 -0.191332877789
0.102915855381 -0.456475027458 -0.191320319694
0.0979179427995 -0.471089652965 -0.192459336512
0.0983178488992 -0.473336962666 -0.195583900054
0.0927290518896 -0.491974958175 -0.196110925497
0.0884827190116 -0.499454401357 -0.192984415166
0.0846470984225 -0.498934443733 -0.188115603597
0.0792545198023 -0.493617892268 -0.186725319071
0.080469010695 -0.484316371734 -0.186466778986
0.0852418031648 -0.488757767553 -0.185498227701
0.0841266411538 -0.500224748237 -0.18704471537
0.08221182995 -0.502612559915 -0.186412552685
0.0851989234028 -0.498179274863 -0.186727687239
0.0881325140279 -0.492949434294 -0.1863731169
0.0845301066347 -0.495996831581 -0.186038344169
0.0887944620379 -0.503962655645 -0.190781587726
0.0878601775228 -0.546291485517 -0.20425457722
0.0815482873377 -0.564485863034 -0.198157086366
0.079527824941 -0.567950853294 -0.194146249291
0.076900534734 -0.578206581375 -0.194697704765
0.0770879453321 -0.578681864538 -0.194493166901
0.0753393404161 -0.584156052941 -0.195519858403
0.0744956041521 -0.587784420044 -0.19551274846
0.0751124376939 -0.589444985097 -0.195877103837
0.0789629332414 -0.589657173436 -0.196364887279
0.0833328531033 -0.590389707952 -0.195548991772
0.0854826338496 -0.606418171781 -0.194797862934
0.0806220194428 -0.622784687228 -0.195824487017
0.0795140431309 -0.634992685274 -0.194189600691
0.0843054025681 -0.636198215272 -0.195888476223
0.0819772226831 -0.649823333571 -0.196308386364
0.0838424068056 -0.656475470915 -0.197037754438
0.0848078366338 -0.664832816784 -0.201673686121
0.0849538232313 -0.676208435859 -0.200808202907
0.0818032518772 -0.68303230768 -0.198170971356
0.0781431549816 -0.686742162048 -0.190010269951
0.0790652068964 -0.688944252118 -0.191925310529
0.0699317797186 -0.702485625415 -0.189159169182
0.0598202001881 -0.70722258128 -0.185656762477
0.0498953249783 -0.717350880521 -0.184669850661
0.0338022062961 -0.734700890272 -0.185695400622

