0.506658986073 -0.27908260931 -0.180115375651
0.504612679945 -0.278925939476 -0.178651622357
0.502072732588 -0.278970223488 -0.177836310601
0.496229555813 -0.279339583747 -0.177677653684
0.483710022052 -0.27783231582 -0.178155105989
0.470486787949 -0.277843365248 -0.178741309171
0.457675453044 -0.277914136083 -0.178414513836
0.450118473125 -0.278638931106 -0.179307744041
0.440797326111 -0.278744465065 -0.17864284563
0.430357964818 -0.278988845766 -0.179554090943
0.422292982012 -0.281496240698 -0.179619818033
0.411950996547 -0.282462635066 -0.179137351876
0.404034084388 -0.284660776959 -0.178886173609
0.397383338391 -0.285851611062 -0.178425887916
0.387211830073 -0.288052926982 -0.177873246458
0.37760205946 -0.289745323275 -0.178529782369
0.370542190311 -0.291769537493 -0.177685127215
0.363885567615 -0.293883170543 -0.17645959956
0.356633593204 -0.298660549965 -0.178842354128
0.349378069324 -0.300420277276 -0.178970574964
0.342564795694 -0.30428715862 -0.178687460553
0.335757600268 -0.305905527994 -0.179944760642
0.333181110345 -0.307719519418 -0.178290877952
0.32740200099 -0.309556573673 -0.178772618148
0.321435603948 -0.311717288807 -0.177904155445
0.318056181406 -0.313609212517 -0.178560572304
0.306719936195 -0.316535590071 -0.177458991815
0.298528109807 -0.319545103745 -0.177454770375
0.292061723666 -0.322333848372 -0.177923405771
0.280965342592 -0.331158858146 -0.178172642053
0.273845949242 -0.337143710197 -0.177584772339
0.264719004537 -0.34610548406 -0.177549375034
0.264537936051 -0.343884384628 -0.177506558197
0.26264478786 -0.346745435997 -0.176963519094
0.257604525606 -0.34908848541 -0.176925590417
0.253297906077 -0.350898934966 -0.176056626986
0.248987528215 -0.353356488185 -0.17552142035
0.244414919627 -0.359592228589 -0.176844826371
0.230839253608 -0.368261926038 -0.176857835304
0.228547340099 -0.370779318215 -0.176645052427
0.228552162994 -0.371812994598 -0.176357914425
0.227616708759 -0.372453619189 -0.175603656629
0.225854115417 -0.374000630349 -0.175625528167
0.223802484101 -0.373931132651 -0.175078586928
0.222748148585 -0.375732071412 -0.174654171273
0.222961831144 -0.377602444722 -0.173942979953
0.220156890238 -0.379693984183 -0.173340160514
0.209441198488 -0.386433976487 -0.173787728376
0.205212379334 -0.39128882474 -0.174092229244
0.204029210772 -0.395242438931 -0.173456097958
0.205071071488 -0.398766774763 -0.174450588564
0.196095108309 -0.401946153127 -0.173816026344
0.192854037188 -0.406518527073 -0.17378205741
0.193148308432 -0.409482804168 -0.173898447107
0.19012159831 -0.411295451416 -0.172838843761
0.185670624708 -0.415731205926 -0.172127736078
0.18326069566 -0.418475875032 -0.172985840198
0.182256096932 -0.421110097796 -0.172171749692
0.179370450716 -0.424781092649 -0.170484335809
0.178726408174 -0.424379576733 -0.170825220293
0.177263818218 -0.42671287088 -0.171742163167
0.172502756214 -0.433009610002 -0.171406995884
0.164563695656 -0.442161011524 -0.170773598992
0.15964251779 -0.448402318958 -0.170723191465
0.1556101725 -0.453682940384 -0.171909464408
0.15363968236 -0.454058396062 -0.170667339176
0.151944301974 -0.456736837961 -0.170862017156
0.149449619544 -0.463788515072 -0.170756126406
0.144975281433 -0.471972437305 -0.171797440339
0.137831598009 -0.480738661496 -0.17189220228
0.134067938901 -0.484900775828 -0.171376340994
0.134708383618 -0.48049413193 -0.172016191062
0.137575209531 -0.474406602856 -0.171261144054
0.139040194793 -0.47419529468 -0.170990505827
0.140028790719 -0.47691314698 -0.172154481078
0.140380295182 -0.477767101339 -0.172855937725
0.133460314117 -0.492703497315 -0.172223051212
0.130058732575 -0.505126809296 -0.172361364624
0.129654167783 -0.507433167298 -0.17186736389
0.127208916293 -0.50762265387 -0.171484818869
0.127795720581 -0.503566465746 -0.171016905507
0.125579442916 -0.509595421288 -0.170510948373
0.124884688884 -0.516530445014 -0.172567157883
0.123556623597 -0.518161572062 -0.173240571576
0.11842885846 -0.522468312048 -0.171632737772
0.113667198734 -0.536105046993 -0.170544823358
0.112289261108 -0.557238322319 -0.172727320202
0.111748612672 -0.561219325155 -0.173405405637
0.116721108217 -0.546403400089 -0.172562115311
0.112516518061 -0.538329698522 -0.173647914807
0.115121417289 -0.532429603727 -0.173128690492
0.119304081002 -0.551392397319 -0.179860019488
0.126260848081 -0.576744738738 -0.189649671484
0.124618350628 -0.581408449839 -0.183224454743
0.12128301239 -0.586112384093 -0.177983545367
0.116447963298 -0.594364970783 -0.172907580499
0.106132306565 -0.610856143838 -0.165691236333
0.092267065604 -0.635290059356 -0.16478258812
0.084094592361 -0.647756212674 -0.164015458601
0.073880213128 -0.651017362851 -0.164259113901
0.0786975381748 -0.645469835029 -0.162165754279

