0.472411004806 -0.356813617561 -0.175317338709
0.471678736056 -0.356467623823 -0.175016081644
0.468901899491 -0.356914159646 -0.173696386667
0.463834078265 -0.356408563119 -0.173898256814
0.450943426229 -0.356232482689 -0.173385072957
0.437047874339 -0.355276383103 -0.173564041623
0.426789883132 -0.357212113154 -0.17448660714
0.417157385868 -0.357370451275 -0.174365828005
0.407911207254 -0.357850392821 -0.174218082157
0.398650861051 -0.35919555181 -0.173918053592
0.391268896066 -0.360278067321 -0.174386685704
0.381510826862 -0.361670434994 -0.173729971287
0.371419303526 -0.363450370177 -0.174932996013
0.361638332911 -0.365944148703 -0.174164073073
0.353241522122 -0.366840970752 -0.175273194968
0.344774418626 -0.370091664148 -0.174620477316
0.337360373494 -0.371792212916 -0.174854579348
0.32767557425 -0.375011103756 -0.175637851443
0.317641527436 -0.378081947637 -0.176182224574
0.310336694531 -0.381401374316 -0.176697650312
0.304037434639 -0.383413564248 -0.177158504823
0.295838733569 -0.387573873847 -0.176421425024
0.291609897263 -0.390581738377 -0.176674552145
0.286746805004 -0.390832579679 -0.175993045383
0.280185937575 -0.393580430874 -0.174659299085
0.281875364204 -0.392832053957 -0.175060304051
0.28058225721 -0.392840179615 -0.173931041294
0.275783577776 -0.392491789965 -0.174936362873
0.269054620243 -0.397290962856 -0.174874837462
0.27110868871 -0.398703209871 -0.17521057757
0.264875601886 -0.40328023722 -0.174288523493
0.256178611021 -0.406738570274 -0.173771428945
0.249161093376 -0.411218850912 -0.1744361317
0.242625252358 -0.415871959468 -0.174308951983
0.243969818154 -0.418575397314 -0.17421104671
0.237177659357 -0.420675317098 -0.17344631934
0.229461591086 -0.426078697429 -0.173066589958
0.226793008328 -0.426942390125 -0.172540531038
0.229191091173 -0.42761120796 -0.17229084362
0.227048987419 -0.427599638811 -0.171391315801
0.22265798775 -0.430454392219 -0.170945631115
0.214242158568 -0.436914940583 -0.170869843449
0.206843306627 -0.44144929587 -0.171243174796
0.208602007525 -0.444295638022 -0.171138128447
0.202612615087 -0.449185408319 -0.171689384712
0.197185748757 -0.451972742028 -0.171869634986
0.191512765268 -0.456492291493 -0.171465472944
0.192824634864 -0.456828126374 -0.170778949971
0.186608759335 -0.463466118966 -0.171283245401
0.178695531725 -0.471364876029 -0.170568703219
0.17349479596 -0.475543492618 -0.170961585394
0.174930437858 -0.478774303576 -0.169802180684
0.169298795431 -0.485103908179 -0.169990144205
0.165453146905 -0.488372843644 -0.169178105371
0.163210360333 -0.487542337112 -0.168828069618
0.158385255185 -0.491267973188 -0.168716449767
0.154465994443 -0.497397820626 -0.168977421662
0.155500903251 -0.49954125001 -0.168431518357
0.149639183238 -0.504100592933 -0.168063418752
0.142934263067 -0.511283233273 -0.167998731621
0.135395984959 -0.524999043238 -0.168093385593
0.137110775241 -0.52751612075 -0.168129151218
0.132314914503 -0.533477444793 -0.168311748974
0.126388362997 -0.540651515125 -0.16667733505
0.118682946724 -0.549978971538 -0.167084337097
0.114594889837 -0.566709160168 -0.174441772845
0.115553845138 -0.566890852293 -0.178048676226
0.107151708343 -0.579618729543 -0.174157507814
0.101504314145 -0.583652014926 -0.169774621481
0.0992057217524 -0.580584872633 -0.168823871744
0.0987138724411 -0.577951075465 -0.169788211141
0.0972519712395 -0.583740656878 -0.171049293515
0.095927402905 -0.591401097941 -0.17087173381
0.0943216417466 -0.600347711202 -0.170424769034
0.0928348102157 -0.604670349275 -0.171479627848
0.097317425962 -0.597463200148 -0.170380832553
0.0923819407454 -0.609620814762 -0.171306661815
0.0904984240299 -0.617460918221 -0.173532556093
0.0907116401419 -0.619455907979 -0.176354419272
0.0890342363753 -0.624997989345 -0.174672654999
0.0823890547486 -0.631148448643 -0.169440140485
0.0838909947416 -0.626891318616 -0.169351054101
0.0848793064938 -0.62634377429 -0.170049133501
0.0836396099576 -0.624553968777 -0.170227414923
0.0896363171979 -0.6193705564 -0.170490993985
0.0920749637975 -0.62218176294 -0.170325536014
0.0892961057421 -0.62336928878 -0.169739725776
0.0932329280075 -0.629202416303 -0.168740250264
0.0943002283185 -0.637365761991 -0.168946146501
0.0910806525464 -0.64725490678 -0.168256656471
0.0839616217125 -0.66123299044 -0.168769795977
0.0780690685925 -0.686860868157 -0.169210281174
0.0793129320011 -0.688434251344 -0.168681553686
0.0748549642758 -0.696317451891 -0.169425855179
0.0770496152433 -0.695799204439 -0.171794313711
0.0776912283138 -0.691087683947 -0.167034754228
0.0736451791742 -0.692632033587 -0.16699122197
0.0593575928826 -0.706759091747 -0.158893656793

