0.488733049926 -0.156766663092 -0.183514046814
0.488958133511 -0.156456042678 -0.182931019214
0.48853880008 -0.155827467565 -0.182524982058
0.489020887958 -0.157527821868 -0.183141553652
0.48795700922 -0.158500603852 -0.184031284876
0.488299775709 -0.160939612035 -0.184340950982
0.48785687364 -0.160954169159 -0.184761941511
0.488019934429 -0.159633522705 -0.184421417245
0.48812377263 -0.159309336663 -0.184068606496
0.487580888677 -0.162801272724 -0.184077088482
0.487289571425 -0.162046115459 -0.182988500545
0.486775054962 -0.165642293024 -0.183004638511
0.487712399933 -0.158990940737 -0.183216538362
0.488332999574 -0.155174134921 -0.182729466237
0.488427576153 -0.156654446964 -0.183630260216
0.485205492373 -0.161044171574 -0.183409762102
0.483998406462 -0.164457104754 -0.183453932649
0.4838086948 -0.16404581953 -0.182891149613
0.483065575899 -0.162729937681 -0.182531013437
0.481983199229 -0.166763807385 -0.183154438945
0.483352519025 -0.165699621854 -0.183679293168
0.48405858252 -0.162956496435 -0.183396571249
0.482852567204 -0.167319791431 -0.182273040419
0.481386124396 -0.166574095875 -0.182841091955
0.482976208246 -0.164754876758 -0.182453192799
0.482965097786 -0.165443468588 -0.18278462698
0.481900981233 -0.169590730983 -0.182565763356
0.483385188674 -0.161901568491 -0.181943861321
0.48387806303 -0.156390305752 -0.18153532453
0.480524520702 -0.161032318701 -0.181047924414
0.474617760625 -0.159536539008 -0.180205675082
0.466482829517 -0.163112153196 -0.180336873954
0.45666586474 -0.165621461602 -0.180146749313
0.446907423836 -0.170221983121 -0.17934016649
0.434590877452 -0.171116540397 -0.180913375554
0.428404128158 -0.169017550278 -0.180390023182
0.417181368286 -0.171879592624 -0.179593146975
0.408187207899 -0.179066894907 -0.178821066954
0.403981493448 -0.171810443569 -0.17824998737
0.396869138001 -0.164848434177 -0.177370245957
0.384097054748 -0.167036679911 -0.178036554628
0.371593982185 -0.171555765519 -0.175155367717
0.360061782278 -0.17438648452 -0.177322223986
0.353853280006 -0.17695501981 -0.177118884335
0.353584971303 -0.176900991862 -0.176350186472
0.354316190971 -0.175431488006 -0.176544636084
0.353640050631 -0.177956626005 -0.176022960396
0.350081677888 -0.181477443109 -0.176780920889
0.347010127987 -0.183752412209 -0.176660240036
0.346150474476 -0.192711150697 -0.175941024778
0.345102864474 -0.193660280667 -0.175720299293
0.343654655951 -0.18745177402 -0.175774591561
0.33948264094 -0.183529291527 -0.175794833152
0.331150059748 -0.190226667441 -0.176607956352
0.322360809345 -0.18523223393 -0.176097036745
0.317762921666 -0.185861950512 -0.174458904767
0.312171087069 -0.188983261952 -0.174910087675
0.302715254427 -0.19272595791 -0.175579764489
0.296703238177 -0.195936828585 -0.174998505989
0.293424744911 -0.199070295488 -0.175222073757
0.288695728012 -0.202040769028 -0.175037363803
0.287060025405 -0.207706431574 -0.175057531661
0.283421717515 -0.208634775426 -0.174185383691
0.277084262795 -0.209321472185 -0.174283902231
0.272524834458 -0.209446906831 -0.173622546655
0.27277084874 -0.212094726768 -0.173331582423
0.271235826168 -0.212030535974 -0.173205079757
0.2691221048 -0.212542322703 -0.17331161811
0.265570924204 -0.212573201172 -0.172816663053
0.266360086351 -0.214918747293 -0.171603113749
0.26398296765 -0.214763716221 -0.17156279613
0.260643847759 -0.215131717646 -0.170773453491
0.255551194153 -0.219483998994 -0.171404089429
0.255989451866 -0.220730697098 -0.170987697977
0.25219186205 -0.222373988215 -0.171001390779
0.245311075458 -0.225562693745 -0.171627966612
0.245762618144 -0.226777605058 -0.170547933559
0.240514777652 -0.229289006583 -0.17054798841
0.232689183951 -0.236299689502 -0.170974706304
0.22737257221 -0.23755948611 -0.171126967518
0.228888548914 -0.241495589334 -0.170621900166
0.226721294304 -0.245159492397 -0.170557260902
0.226013162957 -0.241460031433 -0.169297334763
0.227085616337 -0.243844884322 -0.170345671714
0.223905937638 -0.244577342408 -0.168978827026
0.219814025141 -0.24568587701 -0.168547026067
0.217276079203 -0.247812309153 -0.169351678669
0.212127718894 -0.250536439733 -0.170924458868
0.212183656169 -0.254003205744 -0.169593058402
0.20535548267 -0.261601822799 -0.169680848979
0.198001803317 -0.267654035075 -0.170011523595
0.198938620409 -0.269429694669 -0.16884805861
0.194259417205 -0.270977360337 -0.169798454333
0.191855468878 -0.271647452444 -0.171020669524
0.193213025939 -0.269514787589 -0.171766608632
0.192744064051 -0.270695019872 -0.170797650852
0.188755820113 -0.278408628701 -0.171283105919
0.188144754093 -0.277915766449 -0.171255583684
0.1881784152 -0.280739688447 -0.171125499443
0.189585928702 -0.276197552013 -0.170359871356
0.187889078453 -0.276019507152 -0.170266840579
0.186589353908 -0.275865701918 -0.170589694868
0.187495423713 -0.279216703859 -0.174818899539
0.187248285782 -0.276153374869 -0.177894703885
0.19315866952 -0.265939967518 -0.177961881583
0.196909322733 -0.259184726857 -0.179409236265
0.193361193593 -0.264364853149 -0.179409832027
0.191911928139 -0.265325477207 -0.178986219001
0.187841963881 -0.270866716738 -0.179634807593
0.180598924201 -0.279534253652 -0.178300947524
0.180235143375 -0.279126412815 -0.1787263947
0.173576857448 -0.285486408848 -0.17924761729
0.169239247687 -0.288020080897 -0.179202433445
0.165074087356 -0.296705377891 -0.179256237982
0.165132997881 -0.29411603998 -0.18029056316
0.15944819759 -0.305009403263 -0.178759970625
0.150155136588 -0.322259655154 -0.179604569764
0.144436941659 -0.332256749633 -0.179551180467
0.153097339026 -0.31703031514 -0.179409580977
0.150280550933 -0.321973927481 -0.180541795544
0.143897912047 -0.331124405113 -0.179672141143
0.136451373686 -0.341305920021 -0.179632619653
0.137201570102 -0.337572128382 -0.180567233748
0.139000251167 -0.33267165308 -0.179214491435
0.137240554265 -0.338316929829 -0.179629891899
0.136380090001 -0.338738348473 -0.179950028319
0.13118355729 -0.362838856797 -0.18042588283
0.122464382271 -0.383522885546 -0.17974046238
0.115848944541 -0.392880563955 -0.179269467001
0.127228320696 -0.375854228731 -0.178341227732
0.122712293131 -0.372321582672 -0.177455313812
0.12483252581 -0.393636872823 -0.186610815187
0.121467573324 -0.414604015776 -0.18803019378
0.114972375045 -0.426849618865 -0.178275111562
0.109609684441 -0.429808330268 -0.169958873014
0.110352569661 -0.429970532623 -0.168083521727
0.102184700883 -0.430256551792 -0.164782792512
0.0996750003219 -0.427569770088 -0.157891232786
0.0976089737253 -0.435712104163 -0.159853970022
0.0817306799543 -0.457833948954 -0.154800033118

