0.393176074256 -0.233022601997 -0.129991823509
0.391682952997 -0.232074458886 -0.129064352024
0.389206543905 -0.233615480504 -0.129144561181
0.386260634605 -0.233495617407 -0.128414414228
0.377502645124 -0.23355494076 -0.129586297954
0.369740042194 -0.232869268946 -0.127616747852
0.358503533338 -0.234539168899 -0.128895118651
0.341642510856 -0.238098001084 -0.130257368503
0.329193704157 -0.240817005332 -0.131294053607
0.329016679816 -0.242505190712 -0.13030271607
0.324433716652 -0.238507259448 -0.130191131473
0.315320740903 -0.24095543257 -0.130736762264
0.309650813813 -0.243598503238 -0.131729518884
0.312086798165 -0.246711945023 -0.129809615793
0.306942770259 -0.246444055807 -0.130117396939
0.298883312204 -0.242849751128 -0.130310160176
0.294099286564 -0.243825250863 -0.13046358237
0.295806143633 -0.24443815329 -0.129917251444
0.289354534733 -0.244592305224 -0.128554453068
0.279510650489 -0.246349120558 -0.129358531208
0.280192172834 -0.247282833062 -0.129385307293
0.274204745482 -0.250673512562 -0.129871875866
0.265737731966 -0.252714182613 -0.129808780059
0.25848623303 -0.255250845145 -0.129235332789
0.258679409173 -0.25855825073 -0.129523448825
0.250217951831 -0.260593878618 -0.130132414511
0.244682294837 -0.262488091721 -0.130832662073
0.241946036872 -0.264241553375 -0.129696332584
0.243358240487 -0.268206370287 -0.130181753159
0.237002367643 -0.267915114696 -0.129686985551
0.229382771998 -0.268644500488 -0.129811976149
0.223675294684 -0.274103716848 -0.129845231405
0.2231831117 -0.279244074525 -0.128824848707
0.217572651943 -0.27940615903 -0.128360729437
0.208933843375 -0.275564244663 -0.12760679207
0.199864078858 -0.277513687667 -0.12776898233
0.194043703141 -0.280126139276 -0.128475675328
0.188025579802 -0.277420286027 -0.129838527925
0.184655963992 -0.280142532002 -0.12983626624
0.177132135098 -0.284064408293 -0.129583983596
0.172179070151 -0.288083443961 -0.128966420463
0.162362410794 -0.299352193109 -0.129995528167
0.152874839097 -0.303707645795 -0.130029116864
0.145442672751 -0.309086508303 -0.130556227519
0.147253781572 -0.311457975961 -0.130806869665
0.139553155516 -0.318139339531 -0.13074345641
0.129849111582 -0.325081947377 -0.131541228475
0.122440707249 -0.330240367766 -0.131165208037
0.123240801592 -0.33330270098 -0.130821588031
0.117027878551 -0.337410933466 -0.130470276009
0.110313655992 -0.34301455973 -0.129604324701
0.113618238321 -0.343781774409 -0.128112440473
0.112180222181 -0.341640138044 -0.128162716446
0.10655423501 -0.345141535699 -0.127251510945
0.101664386044 -0.348371418481 -0.128781918027
0.104693550407 -0.350544233587 -0.130079537995
0.100870559386 -0.351208507918 -0.129038541726
0.0941802039242 -0.356608644319 -0.12953471918
0.0873557410126 -0.364928247189 -0.130402540095
0.0890589898979 -0.366243623231 -0.130636978504
0.0838368090549 -0.369198831402 -0.130533859307
0.0799397819732 -0.372725175912 -0.130115459243
0.0768968614641 -0.375186594124 -0.130237641242
0.0784264371078 -0.377286184191 -0.129526296048
0.0765281174508 -0.376146050863 -0.129517060591
0.0750118501266 -0.375774385552 -0.129434843092
0.0757659460861 -0.376556098422 -0.129461238267
0.0722348651139 -0.382469981395 -0.129259586451
0.0623936371129 -0.399137896179 -0.129558910181
0.0506308794449 -0.416400042935 -0.129375293472
0.0531902212501 -0.41832233656 -0.129699281125
0.0480754305642 -0.420786190755 -0.128716609456
0.0451735723296 -0.425565714591 -0.128285686177
0.0379349000177 -0.434157464725 -0.12790062552
0.038842259497 -0.435396692793 -0.130862579084
0.0341569828752 -0.440540500549 -0.132574372383
0.0326801783873 -0.439993058266 -0.132702161536
0.0305527189425 -0.440401314972 -0.131598363486
0.0324347049391 -0.443603665531 -0.13236239217
0.0329056137106 -0.451743470404 -0.133065859755
0.0298838228519 -0.45824434805 -0.133746166129
0.024701242613 -0.468922040298 -0.132920291125
0.0284874671021 -0.464403358494 -0.131195045418
0.0264735914863 -0.476455285453 -0.137015889479
0.0262703210056 -0.501773529054 -0.151703509506
0.0252979055504 -0.498219220099 -0.14772028838
0.0166505275776 -0.503594234811 -0.138407621891
0.00821349406797 -0.516111787192 -0.13130899343
0.0054232190934 -0.516458559811 -0.131101359155
0.000353987329857 -0.513863061317 -0.12984564349
0.00345345967137 -0.509054575502 -0.131306215852
0.0058252562506 -0.503900507058 -0.132149845838
0.00832284314586 -0.5029638694 -0.131787108157
0.00987889750977 -0.50651722374 -0.133156904833
0.0129794426717 -0.506673491413 -0.132332429391
0.00993323149955 -0.512393048448 -0.131783430116
0.0129492335832 -0.517097699962 -0.131126854845
0.0140577489532 -0.523858779592 -0.131068978062
0.013396754452 -0.526181467251 -0.129626050637
0.00782711842043 -0.537222652413 -0.130350297861
0.0124044562496 -0.54423585623 -0.131959340805
0.00499886615395 -0.560322449453 -0.132043928244
-0.000252860247876 -0.576948355371 -0.130641564354

