0.396593260175 -0.226589874003 -0.137198798255
0.395177474039 -0.227521076272 -0.13625348685
0.393390416792 -0.225973106988 -0.135756929564
0.388334988328 -0.227593931159 -0.135540573739
0.379214632141 -0.229391606811 -0.13605261584
0.3684046444 -0.227588152724 -0.134863946909
0.354566229275 -0.228068291365 -0.133494381753
0.347133909675 -0.225677689825 -0.134676520554
0.334192314637 -0.229998696999 -0.135955103268
0.328125075832 -0.232224227026 -0.135918166522
0.32214890809 -0.233045868996 -0.135163214608
0.315339066301 -0.234598046211 -0.135401969239
0.317035914289 -0.234540677042 -0.135353561096
0.309231279769 -0.238911423879 -0.134682037457
0.301342577632 -0.242305621905 -0.135587034191
0.297416854218 -0.243094468434 -0.136461309911
0.299116951481 -0.247534406408 -0.135857178399
0.29336987109 -0.246511911838 -0.135896415811
0.287227220244 -0.249666426551 -0.135719676319
0.283828302507 -0.246645577434 -0.134757367607
0.279768900767 -0.244588720056 -0.134370276889
0.280473692321 -0.246995385308 -0.134082558193
0.273423314753 -0.24721934371 -0.13451196341
0.26385791969 -0.250228193097 -0.134731755099
0.258275667673 -0.251546073951 -0.135573685931
0.260017449352 -0.254209210605 -0.134715547008
0.253434133844 -0.257201917439 -0.134187030047
0.248403033259 -0.259117187326 -0.134526706731
0.242825361032 -0.259620909104 -0.134847982007
0.237536896505 -0.25927160357 -0.133971040933
0.23685199515 -0.266361724993 -0.134554634054
0.229893980445 -0.268108850079 -0.134241148346
0.225907624859 -0.266174826824 -0.134853837034
0.221879182458 -0.265442743438 -0.134073173047
0.217325306664 -0.266892178885 -0.133671190938
0.213173689854 -0.264839156547 -0.133180249471
0.208874872195 -0.27255431788 -0.133227649718
0.207181856344 -0.270402725183 -0.133111732249
0.201637906283 -0.273074236319 -0.13435747025
0.193348306865 -0.278454995085 -0.134511044554
0.185891161567 -0.276041809249 -0.13347083978
0.176536358877 -0.283946799892 -0.133107484609
0.16910581533 -0.2897820754 -0.134036311798
0.161733777247 -0.29938639693 -0.134489375682
0.155953435683 -0.300845509853 -0.134327369519
0.151232140769 -0.301305299625 -0.134674252182
0.150792330753 -0.30222811004 -0.134524102049
0.14736741315 -0.303301660753 -0.134287423307
0.148685683092 -0.306263374673 -0.134316198837
0.143304428445 -0.309368628544 -0.133322181291
0.135107459968 -0.314213848725 -0.133825657545
0.130498352017 -0.316458452378 -0.134264500823
0.132378620656 -0.317020064896 -0.132916675918
0.12953265436 -0.319012751836 -0.132606945988
0.124886990384 -0.321064990838 -0.133137857806
0.12307246138 -0.322407047301 -0.13257163283
0.1240400309 -0.325027443941 -0.132720898206
0.122311034975 -0.32666442908 -0.131965954438
0.117279093807 -0.329461912944 -0.132060718839
0.114834362637 -0.331901180338 -0.132334117858
0.111929477641 -0.333461245005 -0.131828633042
0.108510891257 -0.335581317702 -0.132623415008
0.109197051156 -0.337849907964 -0.131898143448
0.104896313496 -0.340273233519 -0.132100022093
0.100445036589 -0.346806162412 -0.13275897566
0.0937371374899 -0.352108392404 -0.132812327948
0.0946522544042 -0.353284047223 -0.132612048379
0.0878386178049 -0.358386228483 -0.132053826701
0.0813756137088 -0.365520040418 -0.130984175102
0.0765334067539 -0.373418824794 -0.131623687643
0.0714099387815 -0.378757295256 -0.132496875065
0.0717970068227 -0.377027138666 -0.130579739532
0.068309338186 -0.381027810061 -0.130991807881
0.0633666842969 -0.389204124103 -0.130297150793
0.0597699658483 -0.393394162038 -0.131399815746
0.0615927827322 -0.394145859191 -0.131309107632
0.0573049489665 -0.400678124777 -0.131291028619
0.052088903547 -0.409984301148 -0.131714660034
0.0442990009048 -0.420400604966 -0.13118725873
0.0471371838693 -0.420430174239 -0.129915310332
0.0408734101942 -0.431328844083 -0.130333311659
0.0335619131855 -0.44204951551 -0.130067314637
0.0281621918081 -0.452829447961 -0.130626992956
0.025511474766 -0.455507883301 -0.130790394777
0.0214707951514 -0.456223069524 -0.13163167844
0.0235530572433 -0.451923440302 -0.131133024109
0.0247371844472 -0.450218249575 -0.13180812704
0.0303543960444 -0.449761623379 -0.131404912683
0.0326850843162 -0.452699333522 -0.1321407481
0.0325469921232 -0.455592550537 -0.132598243137
0.0251533909308 -0.46168561531 -0.130944357919
0.0222893385212 -0.481028929166 -0.133578264026
0.0190492497931 -0.500811452509 -0.145632837311
0.0209079595181 -0.504712997849 -0.154385717923
0.0151488324678 -0.519878750614 -0.15305716843
0.0102487695273 -0.529905893886 -0.14530155147
0.00652971187677 -0.526425572099 -0.139536413926
0.00361913300445 -0.524413303607 -0.131897354774
0.00212695553159 -0.520136350609 -0.129971850953
0.00215285994415 -0.51726121601 -0.130423762165
0.000664486939527 -0.522158160062 -0.130962165484
0.00164853681785 -0.524019611737 -0.131009284701
0.00531385085242 -0.520785075535 -0.131873805614
0.00862811212876 -0.520550804688 -0.132596724061
0.00895234006426 -0.521714664635 -0.13124761997
0.00397624094825 -0.536367447938 -0.131233740184
0.00650375790516 -0.54066048679 -0.132641130177
0.0101726603031 -0.557495518787 -0.150833629744
0.00813868509611 -0.569053457035 -0.152541246398
0.00452189190917 -0.580630756567 -0.148546879147
-0.00250653381887 -0.588579243891 -0.139626600049
-0.00855793343207 -0.597369010772 -0.132296656359
-0.0144173557889 -0.609407150048 -0.13177370065
-0.0176727093393 -0.610335368429 -0.128066362448
-0.0325330220839 -0.613596507533 -0.125637684842
-0.0420491225172 -0.609445367453 -0.125276482571

