0.485577423517 -0.274888502652 -0.181635066448
0.484382619388 -0.274442404017 -0.180894164736
0.480586702356 -0.274380894524 -0.179491489258
0.471884745404 -0.274327663226 -0.180100062274
0.463735942151 -0.274067135653 -0.179542806433
0.44966292025 -0.273221828391 -0.17906795869
0.437049633572 -0.273058320183 -0.179750972224
0.427298928709 -0.273692612966 -0.179539214335
0.418325837764 -0.274112027666 -0.180179508783
0.409675751521 -0.275310753495 -0.180166904819
0.401627136802 -0.275854703697 -0.17980363153
0.392610833092 -0.276852186322 -0.179816824083
0.385984386001 -0.278281543773 -0.180607378204
0.378773545716 -0.279690086537 -0.17995915592
0.368772829813 -0.281210557666 -0.18034733171
0.359256023611 -0.284224026767 -0.180420195163
0.35338657894 -0.286548142225 -0.180217327756
0.347888818127 -0.288882070523 -0.181368832523
0.340397760018 -0.292026745955 -0.181274116555
0.341553761118 -0.291050801218 -0.18150836469
0.335617101192 -0.292576875474 -0.18075722525
0.326245006876 -0.296610786195 -0.180875769863
0.318240157786 -0.299819640549 -0.180696640211
0.318480122277 -0.303693707607 -0.17945252089
0.311552804956 -0.304002493933 -0.180382534018
0.307260949518 -0.305306826742 -0.180479422469
0.309243959813 -0.305489018236 -0.180406374365
0.304012759517 -0.307322706287 -0.180519129451
0.294791908631 -0.31327844308 -0.179274700518
0.286948236199 -0.313729222383 -0.178604956568
0.279629685581 -0.316276451855 -0.179776586817
0.277743870156 -0.323442526277 -0.17918272854
0.266540105715 -0.32808217302 -0.178020875784
0.264554689739 -0.32124524718 -0.177700807634
0.261283353335 -0.322993301002 -0.176714771172
0.256018120702 -0.324227950157 -0.176838612256
0.247747076122 -0.328561510965 -0.176914435313
0.235414804274 -0.337634212233 -0.175539910925
0.234188669275 -0.340228160423 -0.176489461164
0.229804969229 -0.345117826406 -0.176434125099
0.224224783491 -0.348238150428 -0.177138668575
0.219400116141 -0.350794784927 -0.176890521718
0.220359680821 -0.353237234788 -0.176223823092
0.214328528995 -0.357824667388 -0.175485396737
0.208015872212 -0.361522540282 -0.17478576726
0.202539654739 -0.365266023993 -0.174897123784
0.205089469185 -0.367006679349 -0.174270403205
0.200936418072 -0.369589304891 -0.174330511616
0.195453872628 -0.373872847155 -0.173726858354
0.195116474621 -0.378624161356 -0.174273036541
0.190111011772 -0.384229336897 -0.174003707846
0.186510389326 -0.383588153484 -0.173991272007
0.18265011508 -0.386056859709 -0.173443021814
0.178876441746 -0.386489103104 -0.172890234639
0.182354418112 -0.387966892298 -0.173585324125
0.179363954867 -0.388268687124 -0.172859067539
0.174211460584 -0.392751902598 -0.172468213503
0.16801345576 -0.398105806302 -0.173362461955
0.16952912271 -0.398483793148 -0.172052078042
0.162636971306 -0.404669027645 -0.173064612789
0.153605939179 -0.415540741123 -0.17265303969
0.156345743421 -0.419692075394 -0.17261009949
0.150834779151 -0.426216304431 -0.172219772454
0.143332063191 -0.433123670476 -0.171910726779
0.138617308422 -0.441588108813 -0.171998293269
0.139628616382 -0.444501723945 -0.171981405191
0.136755233118 -0.445283355115 -0.171608365545
0.130520948367 -0.45145533401 -0.170219050383
0.131840675082 -0.453270904666 -0.17108708784
0.130943228949 -0.454027801031 -0.170998197289
0.123930183091 -0.461926203431 -0.172222565486
0.118106749325 -0.470930416565 -0.172894004424
0.119738900796 -0.467719340359 -0.172954676751
0.117769256527 -0.468853546785 -0.171428114616
0.113607637595 -0.477284333497 -0.172155069651
0.106819619953 -0.491225089797 -0.173218949373
0.0989867260227 -0.506346384455 -0.173897156466
0.0962177637841 -0.505487539445 -0.173984667996
0.0943869384564 -0.501634015515 -0.17467917475
0.0981678920641 -0.495781330949 -0.175244769571
0.0975209340428 -0.491794935264 -0.17651603026
0.104195729821 -0.48614405986 -0.17621746675
0.107756412028 -0.4894467523 -0.176175572009
0.108427260034 -0.48952129671 -0.175361221837
0.107508877689 -0.497981913904 -0.174615227404
0.102201046019 -0.513150393431 -0.174873216427
0.0918595831033 -0.532051717332 -0.175302460004
0.0876224230019 -0.538422356091 -0.174846062069
0.0930303240703 -0.528589906046 -0.174935227858
0.0928059190548 -0.536518402725 -0.18241888963
0.091289330863 -0.547906710081 -0.191094987615
0.0922237204335 -0.543457136864 -0.188699042888
0.0859278982683 -0.545732849793 -0.179481276376
0.0756628814443 -0.566998345133 -0.175575077235
0.0618072107703 -0.588308143456 -0.170379063777
0.0523108872719 -0.580923008344 -0.166728159743
0.0442554761679 -0.577806636663 -0.165980249107
0.0379938961203 -0.576827923852 -0.165964113401
0.0312038326426 -0.572820480296 -0.164143941495

