0.090499 -0.032724 0.811546 0.114099 0.135046 -0.001304 0.984247
0.090650 -0.032783 0.812537 0.113009 0.131773 -0.001459 0.984816
0.090574 -0.032476 0.812437 0.114246 0.131677 -0.001723 0.984686
0.090521 -0.032473 0.811819 0.115408 0.131748 -0.001685 0.984541
0.090570 -0.032249 0.811799 0.115765 0.134993 -0.001265 0.984060
0.090579 -0.032484 0.812224 0.114756 0.132197 -0.001565 0.984557
0.090805 -0.032086 0.813155 0.112805 0.134202 -0.001162 0.984512
0.090807 -0.031989 0.813073 0.113462 0.134876 -0.001390 0.984344
0.090619 -0.032135 0.811679 0.115057 0.139083 -0.000991 0.983573
0.090863 -0.031902 0.813265 0.112304 0.134622 -0.001208 0.984512
0.090854 -0.031797 0.813200 0.112071 0.134773 -0.001360 0.984517
0.090870 -0.031913 0.813335 0.113106 0.134376 -0.001403 0.984453
0.090890 -0.031695 0.813363 0.111874 0.134198 -0.001450 0.984618
0.090978 -0.031843 0.813813 0.112333 0.134349 -0.001174 0.984546
0.090923 -0.031662 0.813522 0.111059 0.135505 -0.001212 0.984532
0.090915 -0.031685 0.813325 0.111667 0.135949 -0.001038 0.984402
0.090886 -0.031658 0.813087 0.112271 0.135998 -0.000937 0.984327
0.090895 -0.031788 0.813859 0.110656 0.133641 -0.001468 0.984832
0.090812 -0.031752 0.813328 0.112212 0.133669 -0.001093 0.984652
0.090631 -0.031591 0.812336 0.114526 0.133881 -0.001211 0.984357
0.090641 -0.031575 0.812358 0.114251 0.134590 -0.000984 0.984292
0.090627 -0.031576 0.812249 0.113783 0.135047 -0.000934 0.984284
0.090579 -0.031529 0.811960 0.114593 0.135549 -0.000938 0.984121
0.090609 -0.031542 0.812201 0.114602 0.135386 -0.001035 0.984142
0.090602 -0.031557 0.812257 0.113582 0.134819 -0.001094 0.984338
0.090604 -0.031568 0.812482 0.112485 0.134667 -0.001145 0.984485
0.090535 -0.031547 0.812270 0.113717 0.134512 -0.001304 0.984364
0.090543 -0.031577 0.812339 0.113544 0.133960 -0.001417 0.984460
0.090464 -0.031590 0.811926 0.114595 0.134267 -0.001309 0.984296
0.090523 -0.031600 0.812557 0.112650 0.135472 -0.001309 0.984355
0.090483 -0.031689 0.812885 0.112524 0.135033 -0.001683 0.984430
0.090503 -0.031770 0.813547 0.110540 0.131035 -0.001899 0.985194
0.090342 -0.031859 0.812777 0.111765 0.133603 -0.001541 0.984711
0.090146 -0.032098 0.812614 0.110762 0.137043 -0.001577 0.984352
0.089705 -0.032249 0.811104 0.112781 0.136048 -0.001371 0.984261
0.089252 -0.032297 0.809299 0.113959 0.133962 -0.002396 0.984409
0.089018 -0.032291 0.809938 0.108512 0.135696 -0.002163 0.984788
0.088170 -0.031815 0.805815 0.114563 0.133688 -0.002296 0.984377
0.087853 -0.031290 0.806046 0.105346 0.136250 -0.002093 0.985055
0.087266 -0.031161 0.804054 0.107168 0.136012 -0.002309 0.984891
0.086691 -0.031269 0.801905 0.108152 0.132012 -0.001980 0.985328
0.086342 -0.031066 0.801038 0.106251 0.136579 -0.002548 0.984911
0.086106 -0.031000 0.800345 0.106322 0.137697 -0.002288 0.984749
0.085966 -0.030795 0.799734 0.105757 0.141241 -0.002057 0.984308
0.085815 -0.030654 0.799143 0.105728 0.138026 -0.002052 0.984767
0.085666 -0.030625 0.798139 0.106307 0.136163 -0.001855 0.984964
0.085398 -0.030524 0.796886 0.105427 0.132647 -0.001565 0.985539
0.084973 -0.030286 0.795407 0.106957 0.133570 -0.002201 0.985248
0.084586 -0.030147 0.794482 0.106657 0.134974 -0.002510 0.985089
0.084183 -0.029973 0.792555 0.108156 0.131121 -0.002158 0.985447
0.083902 -0.029870 0.791218 0.108422 0.132877 -0.001813 0.985183
0.083843 -0.029830 0.790574 0.108602 0.133566 -0.001752 0.985070
0.083859 -0.029682 0.788065 0.112837 0.137966 -0.002645 0.983985
0.084524 -0.029595 0.789000 0.108029 0.138178 -0.001947 0.984496
0.084431 -0.029252 0.786901 0.099726 0.132969 -0.003039 0.986086
0.082110 -0.028542 0.777004 0.119248 0.145250 -0.000030 0.982182
0.080165 -0.027360 0.771218 0.113442 0.147219 0.000220 0.982577
0.078115 -0.025903 0.765828 0.113584 0.146913 0.000964 0.982606
0.076910 -0.024652 0.761835 0.107472 0.136204 -0.000019 0.984834
0.074368 -0.023641 0.751835 0.111085 0.132908 -0.000007 0.984884
0.072359 -0.022770 0.746929 0.107251 0.128864 -0.000533 0.985845
0.070729 -0.022025 0.740622 0.110320 0.132494 0.000071 0.985025
0.069154 -0.021384 0.735630 0.112489 0.133988 -0.000565 0.984578
0.067862 -0.020876 0.731652 0.109283 0.133299 -0.000162 0.985032
0.066570 -0.020402 0.726894 0.110701 0.133370 -0.000088 0.984864
0.065533 -0.019957 0.723573 0.108767 0.133271 -0.000086 0.985093
0.064404 -0.019543 0.719408 0.108482 0.134409 0.000292 0.984970
0.063398 -0.019114 0.716450 0.107074 0.134417 -0.000082 0.985123
0.062265 -0.018680 0.711891 0.107214 0.135635 0.000247 0.984941
0.061153 -0.018248 0.708259 0.110582 0.136000 0.000314 0.984518
0.060187 -0.017783 0.705670 0.107081 0.136313 -0.000130 0.984862
0.059014 -0.016964 0.701219 0.108460 0.135733 0.000543 0.984791
0.057954 -0.016057 0.698239 0.104647 0.135148 0.000100 0.985284
0.056671 -0.015576 0.693309 0.107616 0.135691 0.000413 0.984889
0.055454 -0.015085 0.688898 0.108703 0.137369 0.000608 0.984537
0.054527 -0.014623 0.687744 0.102078 0.132233 0.000112 0.985949
0.053126 -0.014173 0.681494 0.106424 0.133753 0.000526 0.985284
0.051794 -0.013763 0.675863 0.112806 0.135960 0.001108 0.984271
0.050883 -0.013227 0.675130 0.100231 0.133178 -0.000200 0.986011
0.049447 -0.012758 0.668078 0.112642 0.136106 0.001011 0.984269
0.048514 -0.012226 0.666431 0.102645 0.134741 0.000342 0.985550
0.047306 -0.011780 0.662060 0.107909 0.132985 0.000681 0.985226
0.046107 -0.011318 0.657126 0.108813 0.133960 0.000551 0.984994
0.045228 -0.010933 0.655086 0.106979 0.132014 0.000795 0.985458
0.044402 -0.010705 0.651851 0.106978 0.135722 0.000602 0.984954
0.043737 -0.010452 0.649311 0.107407 0.135585 0.000741 0.984926
0.043212 -0.010264 0.647179 0.108101 0.133817 0.000810 0.985092
0.042740 -0.010155 0.645047 0.107831 0.135313 0.000799 0.984917
0.042398 -0.009934 0.644233 0.104618 0.132637 0.001098 0.985627
0.041801 -0.009553 0.641842 0.106611 0.135318 0.000723 0.985050
0.041291 -0.009327 0.640262 0.103578 0.136077 0.001191 0.985268
0.040548 -0.009062 0.637810 0.103140 0.135952 0.001085 0.985331
0.039753 -0.008791 0.635114 0.103011 0.135419 0.001236 0.985418
0.038688 -0.008455 0.630708 0.105829 0.134739 0.001018 0.985213
0.037744 -0.008115 0.628035 0.103895 0.134725 0.001143 0.985420
0.036787 -0.007718 0.625580 0.101096 0.135348 0.001099 0.985626
0.035526 -0.007309 0.619857 0.105762 0.136454 0.001546 0.984983
0.034612 -0.006846 0.616729 0.103743 0.135017 0.001304 0.985396
0.033511 -0.006359 0.613156 0.102136 0.132301 0.000701 0.985933
0.032251 -0.005768 0.608273 0.102396 0.137521 0.001243 0.985191
0.031006 -0.005143 0.603888 0.104389 0.137466 0.002099 0.984988
0.029614 -0.004680 0.599315 0.104922 0.137125 0.001584 0.984980
0.028467 -0.004069 0.596686 0.102702 0.132170 0.001833 0.985890
0.027045 -0.003767 0.590307 0.106113 0.137309 0.001910 0.984826
0.026057 -0.003385 0.588588 0.102969 0.133867 0.001620 0.985634
0.024941 -0.002924 0.584663 0.102182 0.134863 0.001900 0.985580
0.023909 -0.002532 0.580907 0.102499 0.136467 0.001838 0.985326
0.022934 -0.002119 0.577781 0.102570 0.137018 0.001865 0.985242
0.021992 -0.001543 0.574495 0.102455 0.135828 0.001762 0.985419
0.021166 -0.001013 0.571909 0.101443 0.137249 0.001863 0.985327
0.020397 -0.000707 0.569367 0.101137 0.136146 0.002099 0.985511
0.019685 -0.000646 0.566916 0.100408 0.135835 0.002084 0.985628
0.018991 -0.000403 0.564586 0.101179 0.136158 0.002026 0.985505
0.018336 -0.000148 0.562138 0.100521 0.138357 0.002066 0.985266
0.017711 0.000181 0.560368 0.099759 0.136786 0.001890 0.985563
0.017041 0.000446 0.557339 0.101829 0.137992 0.002273 0.985182
0.016403 0.000755 0.555614 0.099522 0.136715 0.001899 0.985597
0.015736 0.001090 0.553332 0.101241 0.135345 0.002165 0.985610
0.015042 0.001366 0.551126 0.099287 0.135672 0.002215 0.985764
0.014330 0.001658 0.548885 0.099043 0.136756 0.001848 0.985639
0.013653 0.001943 0.546241 0.100622 0.136267 0.002371 0.985546
0.013016 0.002215 0.544424 0.100399 0.135811 0.002070 0.985632
0.012346 0.002459 0.542337 0.097980 0.137008 0.001918 0.985710
0.011703 0.002711 0.539505 0.101463 0.137651 0.002403 0.985267
0.011165 0.002996 0.539045 0.096920 0.136156 0.002000 0.985933
0.010529 0.003141 0.535475 0.099697 0.139189 0.002385 0.985232
0.009908 0.003428 0.533584 0.099176 0.136010 0.002102 0.985729
0.009321 0.003716 0.531869 0.098001 0.137113 0.002203 0.985693
0.008671 0.003984 0.529673 0.098072 0.137491 0.002613 0.985632
0.008023 0.004294 0.527301 0.098048 0.138523 0.002462 0.985491
0.007329 0.004597 0.525095 0.098475 0.136331 0.002503 0.985754
0.006661 0.004896 0.522147 0.100868 0.135638 0.002658 0.985607
0.005960 0.005205 0.520491 0.097121 0.137261 0.002213 0.985760
0.005262 0.005455 0.517913 0.098060 0.138050 0.002425 0.985556
0.004580 0.005790 0.515680 0.097109 0.137316 0.002468 0.985753
0.003855 0.006085 0.513268 0.097486 0.136041 0.002420 0.985892
0.003178 0.006344 0.510962 0.097021 0.138725 0.002682 0.985563
0.002526 0.006676 0.508747 0.097719 0.137748 0.002723 0.985631
0.001882 0.006953 0.506738 0.096778 0.137052 0.002703 0.985821
0.001297 0.007215 0.504451 0.097746 0.138346 0.003071 0.985544
0.000688 0.007545 0.502400 0.098045 0.136629 0.002617 0.985755
0.000121 0.007782 0.500623 0.096822 0.137227 0.002722 0.985793
-0.000438 0.008076 0.498820 0.097339 0.138479 0.002825 0.985566
-0.001011 0.008418 0.497700 0.093950 0.136669 0.002218 0.986149
-0.001702 0.008579 0.493361 0.100620 0.138325 0.003004 0.985258
-0.002215 0.008965 0.493222 0.095747 0.135523 0.002461 0.986134
-0.002868 0.009169 0.489738 0.098946 0.138330 0.002996 0.985427
-0.003406 0.009459 0.488677 0.098448 0.136533 0.002823 0.985727
-0.003943 0.009709 0.487061 0.096377 0.137201 0.002687 0.985840
-0.004463 0.009910 0.485245 0.097970 0.136559 0.003042 0.985771
-0.004978 0.010119 0.483038 0.097200 0.137324 0.002929 0.985741
-0.005493 0.010399 0.481884 0.095814 0.136659 0.002781 0.985970
-0.006053 0.010609 0.479640 0.096140 0.136778 0.002711 0.985922
-0.006543 0.010828 0.477523 0.097539 0.137446 0.003051 0.985690
-0.007053 0.011126 0.476198 0.095123 0.137327 0.002754 0.985944
-0.007581 0.011326 0.473672 0.098755 0.138007 0.003250 0.985490
-0.008131 0.011639 0.472353 0.096093 0.136894 0.002904 0.985910
-0.008641 0.011886 0.470481 0.096037 0.137839 0.003114 0.985783
-0.009230 0.012126 0.468382 0.097426 0.135900 0.002946 0.985916
-0.009713 0.012377 0.466497 0.098365 0.136224 0.003062 0.985778
-0.010223 0.012622 0.465052 0.096587 0.137778 0.003006 0.985738
-0.010731 0.012830 0.463435 0.096821 0.136592 0.002919 0.985880
-0.011219 0.012985 0.460714 0.098150 0.138390 0.003342 0.985497
-0.011784 0.013333 0.459979 0.094123 0.136366 0.002825 0.986173
-0.012358 0.013543 0.457190 0.098306 0.137020 0.003547 0.985672
-0.012936 0.013833 0.455837 0.095358 0.136658 0.002904 0.986014
-0.013510 0.014093 0.453766 0.096196 0.136975 0.003122 0.985888
-0.014037 0.014306 0.451766 0.097610 0.136231 0.003057 0.985852
-0.014582 0.014542 0.450016 0.095871 0.137078 0.003093 0.985905
-0.015110 0.014829 0.449055 0.095281 0.135678 0.002887 0.986157
-0.015589 0.014932 0.446073 0.098476 0.138464 0.003146 0.985454
-0.015986 0.015208 0.445948 0.095507 0.135971 0.003036 0.986094
-0.016386 0.015335 0.443724 0.096259 0.137289 0.003209 0.985838
-0.016805 0.015554 0.442588 0.096203 0.136075 0.003119 0.986012
-0.017243 0.015747 0.441110 0.095421 0.136502 0.003036 0.986029
-0.017639 0.015953 0.439721 0.095879 0.135910 0.003379 0.986065
-0.018073 0.016112 0.437764 0.095672 0.138349 0.003608 0.985745
-0.018539 0.016373 0.436767 0.095670 0.136063 0.003185 0.986065
-0.019004 0.016536 0.434388 0.097097 0.137816 0.003537 0.985681
-0.019476 0.016748 0.433030 0.096171 0.137864 0.003252 0.985766
-0.019942 0.016970 0.431430 0.096110 0.137330 0.003332 0.985846
-0.020417 0.017203 0.429727 0.096666 0.137451 0.003535 0.985774
-0.020919 0.017422 0.428312 0.096403 0.136616 0.003469 0.985916
-0.021358 0.017609 0.426484 0.096133 0.137571 0.003494 0.985809
-0.021870 0.017864 0.424946 0.095546 0.138092 0.003400 0.985794
-0.022341 0.018054 0.423577 0.095710 0.136483 0.003426 0.986002
-0.022737 0.018276 0.421862 0.096000 0.137691 0.003702 0.985805
-0.023209 0.018478 0.420615 0.094649 0.138505 0.003542 0.985822
-0.023632 0.018742 0.419145 0.095839 0.137462 0.003744 0.985852
-0.024007 0.019036 0.417760 0.094334 0.138545 0.003431 0.985847
-0.024414 0.019227 0.416058 0.095203 0.138836 0.003771 0.985721
-0.024858 0.019498 0.415245 0.094455 0.136340 0.003569 0.986142
-0.025228 0.019605 0.411995 0.096896 0.140093 0.004290 0.985376
-0.025875 0.020008 0.410930 0.093001 0.137555 0.003488 0.986112
-0.026537 0.020289 0.408818 0.092560 0.137774 0.003396 0.986124
-0.027183 0.020656 0.406515 0.093044 0.137542 0.003578 0.986110
-0.027828 0.021002 0.404101 0.099301 0.136931 0.002964 0.985586
-0.026787 0.020516 0.408036 0.101273 0.136828 0.002962 0.985400
-0.025711 0.019958 0.410900 0.100739 0.141082 0.003702 0.984852
-0.024665 0.019490 0.414686 0.101742 0.138568 0.003067 0.985108
-0.023664 0.019070 0.418901 0.098928 0.138851 0.003026 0.985355
-0.022709 0.018616 0.422813 0.097702 0.137506 0.002353 0.985668
-0.021720 0.018180 0.425965 0.099303 0.136615 0.002698 0.985631
-0.020676 0.017702 0.429101 0.099352 0.138653 0.002672 0.985341
-0.019729 0.017276 0.432205 0.097969 0.137244 0.002753 0.985677
-0.018808 0.016890 0.435299 0.097803 0.137954 0.002700 0.985594
-0.017931 0.016588 0.437649 0.098703 0.139741 0.002779 0.985252
-0.017101 0.016238 0.440903 0.098586 0.138857 0.002871 0.985389
-0.016412 0.015851 0.442456 0.101463 0.139198 0.003301 0.985047
-0.015694 0.015626 0.446134 0.098760 0.136176 0.002797 0.985746
-0.015056 0.015378 0.448831 0.097801 0.135490 0.002514 0.985937
-0.014369 0.015058 0.450802 0.098287 0.137862 0.002724 0.985559
-0.013761 0.014758 0.452273 0.100071 0.138201 0.002506 0.985332
-0.013057 0.014529 0.455338 0.098490 0.136466 0.002677 0.985733
-0.012480 0.014235 0.456801 0.099954 0.137562 0.002528 0.985434
-0.011848 0.013968 0.459345 0.099087 0.137328 0.002779 0.985553
-0.011300 0.013739 0.461491 0.097885 0.136550 0.002578 0.985782
-0.010760 0.013452 0.462991 0.099640 0.137392 0.002475 0.985489
-0.010197 0.013194 0.464653 0.098747 0.138990 0.002388 0.985355
-0.009669 0.012956 0.466480 0.099975 0.136624 0.002504 0.985562
-0.009160 0.012717 0.468128 0.099464 0.138217 0.002750 0.985391
-0.008655 0.012536 0.470599 0.097821 0.136791 0.002344 0.985755
-0.008149 0.012252 0.471820 0.098105 0.138160 0.002661 0.985536
-0.007628 0.012033 0.473585 0.099289 0.137747 0.002760 0.985474
-0.007130 0.011822 0.475598 0.098491 0.137326 0.002502 0.985614
-0.006563 0.011538 0.477319 0.098993 0.138346 0.002636 0.985421
-0.006006 0.011354 0.479773 0.097858 0.136520 0.002244 0.985790
-0.005373 0.011020 0.481181 0.100419 0.137848 0.002349 0.985347
-0.004718 0.010794 0.483709 0.098640 0.136778 0.002141 0.985676
-0.004040 0.010455 0.485857 0.100514 0.137955 0.002423 0.985322
-0.003276 0.010234 0.489587 0.097180 0.136520 0.002023 0.985857
-0.002560 0.009756 0.490331 0.101567 0.139563 0.002535 0.984987
-0.001795 0.009537 0.494740 0.098317 0.135254 0.001901 0.985919
-0.001003 0.009116 0.496592 0.101517 0.136782 0.002255 0.985383
-0.000196 0.008739 0.499498 0.099180 0.137935 0.002079 0.985461
0.000618 0.008347 0.502304 0.099584 0.137002 0.002252 0.985550
0.001450 0.007986 0.505284 0.098919 0.137764 0.002329 0.985510
0.002275 0.007601 0.508356 0.100113 0.137925 0.001908 0.985368
0.003119 0.007228 0.511301 0.101202 0.138013 0.001957 0.985245
0.004066 0.006785 0.514686 0.100961 0.137226 0.001880 0.985379
0.005029 0.006285 0.517559 0.101813 0.138033 0.002088 0.985178
0.005984 0.005843 0.521120 0.100244 0.138413 0.001561 0.985287
0.006978 0.005417 0.524179 0.099039 0.137617 0.001938 0.985520
0.007897 0.004967 0.527016 0.101515 0.138857 0.001959 0.985094
0.008839 0.004571 0.530152 0.102720 0.136059 0.002292 0.985358
0.009790 0.004224 0.534204 0.099180 0.135310 0.001330 0.985826
0.010633 0.003734 0.535414 0.103012 0.141464 0.002051 0.984567
0.011604 0.003448 0.539937 0.101973 0.136243 0.001603 0.985412
0.012484 0.003026 0.542647 0.099824 0.136078 0.001207 0.985655
0.013427 0.002607 0.545341 0.103195 0.138481 0.002297 0.984971
0.014325 0.002258 0.549343 0.100430 0.135631 0.001378 0.985655
0.015204 0.001870 0.551585 0.103407 0.138718 0.001740 0.984917
0.016137 0.001502 0.555398 0.101692 0.135454 0.001690 0.985550
0.016983 0.001072 0.557597 0.104631 0.137819 0.001558 0.984914
0.018000 0.000697 0.561938 0.102154 0.135287 0.001517 0.985525
0.018903 0.000246 0.564485 0.104124 0.136335 0.001255 0.985175
0.019886 -0.000219 0.567655 0.104492 0.139237 0.001694 0.984729
0.020886 -0.000621 0.571813 0.103353 0.139194 0.001439 0.984856
0.021896 -0.001052 0.575332 0.104511 0.136316 0.001298 0.985137
0.022971 -0.001539 0.579160 0.103277 0.136364 0.001217 0.985260
0.024108 -0.002000 0.582718 0.105145 0.137985 0.001506 0.984836
0.025119 -0.002475 0.585583 0.106846 0.137449 0.001674 0.984728
0.026241 -0.002925 0.590354 0.102947 0.134690 0.000878 0.985525
0.027233 -0.003415 0.592606 0.109512 0.138079 0.001489 0.984347
0.028501 -0.003887 0.597722 0.104910 0.138858 0.001335 0.984739
0.029633 -0.004449 0.600839 0.107126 0.136662 0.001201 0.984808
0.031031 -0.004984 0.607089 0.103143 0.133617 0.000630 0.985651
0.032169 -0.005545 0.609163 0.110014 0.137655 0.001500 0.984350
0.033483 -0.006025 0.614324 0.105218 0.136171 0.001157 0.985081
0.034653 -0.006264 0.618137 0.107665 0.135014 0.001083 0.984976
0.035886 -0.006683 0.622188 0.108286 0.137913 0.001200 0.984506
0.037182 -0.007135 0.627125 0.104372 0.135365 0.000631 0.985283
0.038434 -0.007566 0.631200 0.107741 0.135347 0.000691 0.984923
0.039618 -0.008065 0.634695 0.109200 0.137595 0.000884 0.984450
0.040851 -0.008451 0.638897 0.108134 0.136663 0.000411 0.984698
0.041990 -0.008835 0.642112 0.110964 0.135528 0.000963 0.984540
0.043205 -0.009288 0.646372 0.109014 0.136807 0.000729 0.984581
0.044437 -0.009679 0.651096 0.109164 0.136686 0.000535 0.984581
0.045625 -0.010123 0.656182 0.108615 0.133478 0.000165 0.985082
0.046795 -0.010705 0.659774 0.107275 0.136266 0.000077 0.984847
0.048071 -0.011289 0.665122 0.107700 0.134361 0.000355 0.985062
0.049214 -0.011884 0.668637 0.111131 0.135172 -0.000140 0.984570
0.050703 -0.012460 0.673618 0.106470 0.137142 -0.000037 0.984813
0.051975 -0.013032 0.678239 0.109462 0.135377 0.000228 0.984729
0.053222 -0.013574 0.681725 0.110842 0.136806 0.000326 0.984377
0.054588 -0.014084 0.687650 0.106449 0.134855 -0.000375 0.985131
0.055650 -0.014574 0.689619 0.113120 0.138330 0.000252 0.983905
0.056929 -0.015116 0.694864 0.106120 0.136437 -0.000443 0.984948
0.058197 -0.015552 0.699344 0.109267 0.132145 -0.000597 0.985189
0.059231 -0.016065 0.702342 0.110701 0.136000 -0.000594 0.984504
0.060446 -0.016616 0.706541 0.108596 0.138629 -0.000115 0.984372
0.061666 -0.017047 0.711707 0.106347 0.134110 -0.000895 0.985243
0.062602 -0.017493 0.713573 0.111105 0.133355 -0.000383 0.984821
0.063598 -0.017972 0.716718 0.110846 0.135276 -0.000532 0.984588
0.064710 -0.018387 0.720776 0.109414 0.135042 -0.000483 0.984780
0.065635 -0.018768 0.723689 0.111078 0.138160 -0.000586 0.984161
0.066661 -0.019196 0.727209 0.110719 0.137167 -0.000420 0.984340
0.067682 -0.019710 0.731154 0.109239 0.135008 -0.000620 0.984804
0.068632 -0.020063 0.734128 0.110169 0.135280 -0.000481 0.984663
0.070502 -0.020768 0.740447 0.111033 0.133993 -0.001016 0.984742
0.071518 -0.021159 0.744368 0.110228 0.135028 -0.000805 0.984691
0.072272 -0.021570 0.745492 0.114033 0.137668 -0.000732 0.983892
0.073377 -0.021973 0.750025 0.108586 0.132485 -0.000780 0.985219
0.074227 -0.022321 0.752109 0.112924 0.136081 -0.000373 0.984241
0.075261 -0.022731 0.756400 0.111234 0.136879 -0.000560 0.984322
0.076047 -0.023020 0.758759 0.110651 0.132487 -0.001239 0.984988
0.076776 -0.023361 0.761113 0.111434 0.138358 -0.000671 0.984093
0.077332 -0.023704 0.761672 0.115543 0.141024 -0.000175 0.983241
0.078439 -0.023973 0.767529 0.108216 0.135862 -0.000808 0.984800
0.079265 -0.024221 0.770746 0.105646 0.134317 -0.000994 0.985290
0.079729 -0.024504 0.771601 0.108726 0.134493 -0.000592 0.984931
0.079958 -0.024698 0.770531 0.115467 0.139788 -0.000345 0.983426
0.080424 -0.024916 0.771696 0.119072 0.138453 -0.000199 0.983185
0.081222 -0.025172 0.775544 0.112565 0.137879 -0.000669 0.984032
0.081790 -0.025342 0.777881 0.111378 0.131972 -0.001402 0.984975
0.082455 -0.025571 0.780761 0.107554 0.134026 -0.001594 0.985123
0.082929 -0.025777 0.782463 0.108852 0.135681 -0.001222 0.984754
0.083182 -0.025899 0.782230 0.113802 0.136264 -0.001024 0.984114
0.083360 -0.026015 0.783035 0.113329 0.134966 -0.001078 0.984347
0.083743 -0.026120 0.784993 0.108441 0.137731 -0.000579 0.984515
0.083669 -0.026086 0.784554 0.110121 0.138360 -0.000998 0.984240
0.083786 -0.026103 0.785106 0.108604 0.138280 -0.000926 0.984420
0.083851 -0.026135 0.785375 0.108908 0.138701 -0.000769 0.984328
0.084195 -0.026244 0.787070 0.107398 0.139985 -0.000440 0.984312
0.084468 -0.026357 0.788237 0.108030 0.139306 -0.000678 0.984339
0.084645 -0.026488 0.787969 0.110187 0.138752 -0.000794 0.984178
0.085043 -0.026649 0.788982 0.110692 0.136012 -0.000474 0.984504
0.085505 -0.026894 0.791269 0.109360 0.137037 -0.000924 0.984510
0.086107 -0.027215 0.793112 0.114040 0.144076 -0.001473 0.982973
0.087348 -0.027709 0.797517 0.112887 0.135953 -0.001634 0.984261
0.088558 -0.028344 0.801699 0.114262 0.138298 -0.001234 0.983777
0.089878 -0.028917 0.806743 0.111515 0.135317 -0.001989 0.984505
0.090927 -0.029409 0.809802 0.111408 0.136471 -0.001977 0.984358
0.092013 -0.029907 0.813368 0.109352 0.136255 -0.001127 0.984619
0.091536 -0.030051 0.812749 0.107344 0.135781 -0.000989 0.984906
0.091965 -0.029911 0.813954 0.107316 0.138554 -0.001044 0.984523
0.092171 -0.029769 0.813489 0.111120 0.136515 -0.001236 0.984385
0.092419 -0.029805 0.814532 0.106778 0.139341 -0.000951 0.984470
0.092350 -0.029744 0.813983 0.107728 0.138551 -0.001078 0.984478
0.092237 -0.029474 0.813013 0.112484 0.136764 -0.001263 0.984196
0.092275 -0.029456 0.813271 0.111550 0.136390 -0.001305 0.984354
0.092198 -0.029471 0.812513 0.112139 0.135243 -0.001302 0.984445
0.092266 -0.029556 0.812945 0.111449 0.135471 -0.001225 0.984492
0.092270 -0.029725 0.812692 0.111442 0.138328 -0.000923 0.984096
0.092290 -0.029694 0.812983 0.111169 0.138086 -0.001032 0.984161
0.092284 -0.029645 0.812958 0.111508 0.136600 -0.001137 0.984330
0.092306 -0.029720 0.813107 0.111125 0.137768 -0.001119 0.984210
0.092335 -0.029677 0.813336 0.110502 0.136254 -0.001188 0.984491
0.092346 -0.029660 0.813523 0.111453 0.136050 -0.001352 0.984412
0.092431 -0.029739 0.814005 0.110698 0.136378 -0.001280 0.984452
0.092423 -0.029723 0.813976 0.110746 0.136220 -0.001137 0.984469
0.092328 -0.029442 0.813493 0.111301 0.134446 -0.001287 0.984649
0.092272 -0.029303 0.813262 0.112035 0.134532 -0.001268 0.984555
0.092263 -0.029287 0.813473 0.110945 0.134185 -0.001414 0.984725
0.092210 -0.029292 0.813206 0.111702 0.133832 -0.001440 0.984688
0.092189 -0.029311 0.813367 0.111235 0.135077 -0.001365 0.984571
0.092120 -0.029287 0.813118 0.112424 0.134779 -0.001490 0.984476
0.092225 -0.029321 0.813981 0.109897 0.136302 -0.001170 0.984552
0.092181 -0.029331 0.814037 0.110060 0.135835 -0.001325 0.984598
0.092280 -0.029345 0.815041 0.108091 0.137029 -0.001487 0.984651
0.092228 -0.029371 0.814805 0.107571 0.136710 -0.001460 0.984752
0.092233 -0.029535 0.814523 0.108373 0.138899 -0.001337 0.984358
0.092190 -0.029462 0.814128 0.109539 0.137404 -0.001387 0.984439
0.092126 -0.029505 0.813528 0.110858 0.137211 -0.001468 0.984318
0.092223 -0.029634 0.814205 0.109298 0.136997 -0.001259 0.984522
0.092254 -0.029345 0.814993 0.108012 0.136110 -0.001112 0.984787
0.092190 -0.029406 0.814407 0.109243 0.135816 -0.001279 0.984692
0.092326 -0.029848 0.813889 0.111891 0.136472 -0.001622 0.984303
0.092344 -0.029884 0.813512 0.109045 0.137142 -0.001478 0.984530
0.092279 -0.029783 0.812969 0.111711 0.137112 -0.001550 0.984235
0.092506 -0.030256 0.814056 0.109368 0.134860 -0.001475 0.984809
0.092504 -0.030224 0.813533 0.109428 0.136290 -0.001164 0.984606
0.092551 -0.030398 0.813913 0.109669 0.135306 -0.001413 0.984715
0.092561 -0.030792 0.813771 0.109006 0.138576 -0.001433 0.984333
0.092709 -0.030461 0.814228 0.107336 0.138531 -0.001196 0.984524
0.092685 -0.030271 0.813649 0.110526 0.137128 -0.001216 0.984367
0.092706 -0.030627 0.813267 0.109881 0.135894 -0.001933 0.984609
0.092738 -0.030750 0.813063 0.110539 0.139518 -0.001710 0.984029
0.092715 -0.030815 0.811846 0.112999 0.137049 -0.001359 0.984097
0.092921 -0.031118 0.812101 0.112472 0.137266 -0.001723 0.984127
0.093014 -0.031350 0.812141 0.113881 0.139827 -0.001717 0.983604
0.093511 -0.031463 0.813481 0.110168 0.136794 -0.001373 0.984453
0.093490 -0.031604 0.812822 0.111818 0.134920 -0.001777 0.984525
0.093376 -0.031247 0.813054 0.108604 0.137831 -0.001767 0.984482
