-0.122873 -0.193857 0.924312 0.174562 0.176044 -0.004567 0.968770
-0.122851 -0.193817 0.924193 0.174819 0.176372 -0.004425 0.968665
-0.122920 -0.193816 0.924156 0.175103 0.175960 -0.004399 0.968689
-0.122996 -0.193813 0.924151 0.175278 0.175670 -0.004556 0.968709
-0.123016 -0.193846 0.924312 0.175142 0.175475 -0.004538 0.968769
-0.123069 -0.193806 0.924191 0.175595 0.175458 -0.004715 0.968689
-0.123062 -0.193769 0.923987 0.175780 0.175878 -0.004718 0.968579
-0.123082 -0.193816 0.924215 0.175308 0.176157 -0.004697 0.968614
-0.123136 -0.193866 0.924447 0.174970 0.176505 -0.004519 0.968613
-0.123149 -0.193813 0.924186 0.175784 0.176190 -0.004586 0.968523
-0.123201 -0.193852 0.924388 0.175380 0.176082 -0.004560 0.968616
-0.123218 -0.193841 0.924342 0.175370 0.175784 -0.004602 0.968671
-0.123263 -0.193919 0.924739 0.174611 0.175937 -0.004609 0.968781
-0.123231 -0.193813 0.924222 0.175340 0.175656 -0.004708 0.968699
-0.123226 -0.193797 0.924132 0.175458 0.176037 -0.004657 0.968609
-0.123230 -0.193803 0.924163 0.175493 0.175974 -0.004608 0.968615
-0.123231 -0.193801 0.924134 0.175509 0.175952 -0.004557 0.968616
-0.123328 -0.193972 0.925183 0.174384 0.176163 -0.004738 0.968780
-0.123273 -0.193935 0.925013 0.174713 0.175491 -0.004707 0.968843
-0.123238 -0.193898 0.924825 0.175400 0.176339 -0.004681 0.968565
-0.123205 -0.193817 0.924420 0.175941 0.175834 -0.004603 0.968559
-0.123223 -0.193855 0.924621 0.175215 0.176222 -0.004603 0.968620
-0.123202 -0.193805 0.924354 0.175369 0.176254 -0.004580 0.968586
-0.123242 -0.193773 0.924324 0.175847 0.176034 -0.004669 0.968539
-0.123303 -0.193851 0.924724 0.174752 0.176455 -0.004826 0.968660
-0.123326 -0.193795 0.924493 0.175430 0.176414 -0.004815 0.968545
-0.123374 -0.193838 0.924775 0.175035 0.175701 -0.004781 0.968746
-0.123353 -0.193709 0.924043 0.175952 0.175878 -0.004780 0.968548
-0.123396 -0.193714 0.924025 0.175779 0.175666 -0.004611 0.968619
-0.123613 -0.193915 0.925231 0.174440 0.174642 -0.004666 0.969045
-0.123637 -0.193786 0.924510 0.174580 0.175516 -0.004796 0.968862
-0.123783 -0.193828 0.924731 0.175222 0.174940 -0.004739 0.968850
-0.123891 -0.193881 0.924952 0.174986 0.175504 -0.004721 0.968791
-0.123912 -0.193849 0.924851 0.174835 0.175091 -0.005085 0.968891
-0.123989 -0.194027 0.924950 0.174196 0.175007 -0.005172 0.969021
-0.123991 -0.194066 0.924740 0.175066 0.174783 -0.004944 0.968906
-0.123960 -0.194048 0.924447 0.174167 0.175407 -0.005038 0.968955
-0.123989 -0.194130 0.924462 0.173932 0.175415 -0.005250 0.968994
-0.123980 -0.194186 0.924282 0.173617 0.175824 -0.005297 0.968976
-0.123968 -0.194144 0.924146 0.173671 0.175623 -0.005247 0.969003
-0.123948 -0.194466 0.923549 0.177077 0.176857 -0.004329 0.968167
-0.124089 -0.194562 0.924286 0.176064 0.174547 -0.004967 0.968767
-0.124073 -0.194524 0.924138 0.175763 0.175095 -0.004944 0.968723
-0.124113 -0.194590 0.924417 0.175981 0.174673 -0.004669 0.968761
-0.124115 -0.194531 0.924222 0.176411 0.174810 -0.004747 0.968658
-0.124081 -0.194513 0.923786 0.176146 0.175659 -0.004448 0.968554
-0.124078 -0.194490 0.923819 0.175780 0.175802 -0.004581 0.968594
-0.124079 -0.194490 0.923342 0.176788 0.175362 -0.004459 0.968491
-0.124112 -0.194718 0.923845 0.174907 0.175761 -0.004594 0.968759
-0.124154 -0.194900 0.923686 0.174909 0.175503 -0.004756 0.968805
-0.124304 -0.195108 0.924753 0.174322 0.174961 -0.005303 0.969006
-0.124328 -0.194905 0.923180 0.174545 0.174456 -0.004817 0.969059
-0.124667 -0.194420 0.921571 0.175303 0.172511 -0.005540 0.969267
-0.125386 -0.193752 0.919751 0.174982 0.169148 -0.005849 0.969916
-0.125802 -0.191835 0.914050 0.178250 0.164725 -0.005647 0.970083
-0.126676 -0.190823 0.912149 0.177789 0.161691 -0.007139 0.970668
-0.126772 -0.190063 0.909878 0.174753 0.162621 -0.007448 0.971061
-0.127118 -0.189219 0.907354 0.175901 0.160881 -0.008093 0.971139
-0.127826 -0.188457 0.906385 0.178916 0.154779 -0.007554 0.971584
-0.127974 -0.186791 0.900717 0.176281 0.157496 -0.008620 0.971620
-0.128774 -0.186074 0.900409 0.177830 0.150761 -0.009055 0.972402
-0.129346 -0.185104 0.898053 0.178274 0.145791 -0.009532 0.973074
-0.129614 -0.183575 0.893813 0.174780 0.146640 -0.010739 0.973567
-0.130316 -0.182550 0.891381 0.179952 0.140350 -0.010341 0.973557
-0.130407 -0.180650 0.885469 0.177572 0.141180 -0.011110 0.973865
-0.131551 -0.177897 0.879369 0.179410 0.131881 -0.012023 0.974820
-0.132362 -0.176988 0.878029 0.177617 0.128829 -0.013059 0.975543
-0.132607 -0.175424 0.873319 0.178398 0.127729 -0.013192 0.975544
-0.133188 -0.174281 0.870575 0.178982 0.122628 -0.014019 0.976080
-0.133403 -0.172605 0.865714 0.178584 0.120607 -0.014940 0.976390
-0.134129 -0.171634 0.864220 0.177172 0.112639 -0.016296 0.977577
-0.134147 -0.169919 0.858605 0.179347 0.113792 -0.015749 0.977056
-0.134848 -0.168894 0.857069 0.175619 0.109877 -0.017443 0.978152
-0.135104 -0.167287 0.852455 0.179081 0.108101 -0.016954 0.977730
-0.135448 -0.165599 0.847905 0.175632 0.104128 -0.018621 0.978756
-0.135809 -0.163822 0.843369 0.176457 0.098374 -0.019104 0.979194
-0.136165 -0.162030 0.838643 0.177426 0.095749 -0.019981 0.979261
-0.136283 -0.160114 0.833017 0.179729 0.087791 -0.020094 0.979585
-0.136644 -0.158530 0.829306 0.176919 0.085451 -0.021616 0.980271
-0.136968 -0.157030 0.826131 0.175655 0.081493 -0.022343 0.980819
-0.136857 -0.155025 0.819718 0.178275 0.079050 -0.022292 0.980547
-0.137061 -0.153331 0.815730 0.175631 0.073685 -0.023953 0.981402
-0.137151 -0.151558 0.810988 0.176963 0.067891 -0.024727 0.981562
-0.137219 -0.149995 0.807135 0.174919 0.063781 -0.025723 0.982178
-0.137082 -0.148264 0.801797 0.176437 0.061372 -0.026236 0.982046
-0.137101 -0.146716 0.798084 0.177126 0.056884 -0.026825 0.982177
-0.137015 -0.145154 0.793854 0.176553 0.053453 -0.027684 0.982449
-0.136741 -0.143526 0.788937 0.177303 0.049679 -0.028102 0.982500
-0.136712 -0.141969 0.785174 0.178836 0.042582 -0.029353 0.982519
-0.136532 -0.140287 0.780698 0.177531 0.035927 -0.030721 0.982979
-0.136054 -0.138325 0.774878 0.181685 0.037281 -0.029471 0.982208
-0.135670 -0.136459 0.769678 0.182085 0.035940 -0.030020 0.982167
-0.135644 -0.135071 0.766967 0.177351 0.027001 -0.032874 0.983228
-0.135256 -0.133522 0.762573 0.179320 0.023625 -0.032812 0.982960
-0.134680 -0.131901 0.757323 0.184053 0.022542 -0.032459 0.982122
-0.134475 -0.130675 0.754551 0.178426 0.013803 -0.034690 0.983245
-0.133965 -0.129161 0.749995 0.180968 0.012147 -0.034885 0.982795
-0.133372 -0.127614 0.745250 0.181685 0.011469 -0.034694 0.982678
-0.132844 -0.126002 0.740893 0.181607 0.006987 -0.035524 0.982704
-0.132237 -0.124255 0.736143 0.182146 -0.000097 -0.036868 0.982580
-0.131417 -0.122375 0.730483 0.183283 -0.002751 -0.037273 0.982349
-0.130789 -0.120683 0.726360 0.181181 -0.008148 -0.038705 0.982654
-0.129733 -0.118658 0.720080 0.183466 -0.012356 -0.039089 0.982171
-0.128781 -0.116725 0.714665 0.183791 -0.019654 -0.040455 0.981936
-0.127634 -0.114739 0.708541 0.185389 -0.025128 -0.040896 0.981492
-0.126483 -0.112950 0.702533 0.188084 -0.027738 -0.041401 0.980888
-0.125513 -0.111520 0.698191 0.186333 -0.030341 -0.041908 0.981123
-0.124582 -0.110154 0.694278 0.184212 -0.034810 -0.042758 0.981339
-0.123339 -0.108462 0.688537 0.188767 -0.040883 -0.043604 0.980201
-0.122392 -0.107200 0.685109 0.183920 -0.042229 -0.044464 0.981026
-0.120960 -0.105445 0.679038 0.186783 -0.045097 -0.044594 0.980352
-0.119585 -0.103603 0.674027 0.184474 -0.054124 -0.046592 0.980239
-0.116240 -0.099459 0.662273 0.190329 -0.045941 -0.044751 0.979623
-0.114433 -0.097489 0.656504 0.183731 -0.054854 -0.046741 0.980331
-0.112808 -0.095799 0.651848 0.179552 -0.060513 -0.048434 0.980690
-0.110932 -0.093964 0.646030 0.180762 -0.072222 -0.049606 0.979616
-0.109077 -0.092265 0.639730 0.189199 -0.075771 -0.050376 0.977714
-0.107340 -0.090710 0.634750 0.192458 -0.080342 -0.051211 0.976669
-0.105562 -0.089084 0.629867 0.192313 -0.085052 -0.052139 0.976250
-0.103780 -0.087622 0.625037 0.192308 -0.089027 -0.052726 0.975865
-0.102113 -0.086289 0.621170 0.190599 -0.090846 -0.052978 0.976018
-0.100515 -0.084951 0.617591 0.191116 -0.093109 -0.053804 0.975659
-0.098671 -0.083524 0.612818 0.188980 -0.098283 -0.054990 0.975502
-0.097009 -0.082365 0.609506 0.186500 -0.100491 -0.055261 0.975739
-0.095280 -0.081223 0.606010 0.186976 -0.101373 -0.056050 0.975511
-0.093273 -0.079982 0.601332 0.183656 -0.107745 -0.057038 0.975402
-0.091388 -0.078579 0.598084 0.180708 -0.109071 -0.057598 0.975772
-0.089383 -0.077074 0.594672 0.178613 -0.111125 -0.058131 0.975894
-0.087225 -0.075704 0.591128 0.176338 -0.115402 -0.059134 0.975751
-0.084591 -0.073998 0.584883 0.179156 -0.121660 -0.060277 0.974407
-0.081929 -0.072343 0.579335 0.179092 -0.129691 -0.062153 0.973264
-0.079366 -0.070897 0.575252 0.176788 -0.135376 -0.063292 0.972838
-0.076730 -0.069397 0.571253 0.174790 -0.141685 -0.064406 0.972227
-0.071403 -0.066548 0.562358 0.172808 -0.149518 -0.065909 0.971307
-0.068803 -0.065203 0.558371 0.170643 -0.153422 -0.066944 0.971010
-0.066180 -0.063921 0.554446 0.169357 -0.159210 -0.067732 0.970249
-0.063486 -0.062580 0.549600 0.168719 -0.162487 -0.068612 0.969755
-0.060828 -0.061271 0.545466 0.170202 -0.167477 -0.069546 0.968579
-0.058306 -0.060292 0.542324 0.167735 -0.168778 -0.069946 0.968755
-0.055698 -0.059128 0.538313 0.167415 -0.174365 -0.070756 0.967762
-0.053210 -0.058041 0.534581 0.165846 -0.179531 -0.071560 0.967028
-0.050766 -0.056888 0.530723 0.168118 -0.184250 -0.072938 0.965644
-0.048291 -0.055844 0.526762 0.168097 -0.187661 -0.073329 0.964961
-0.045907 -0.054972 0.525092 0.163493 -0.192414 -0.073965 0.964767
-0.043268 -0.053896 0.520927 0.163429 -0.196723 -0.074567 0.963862
-0.040640 -0.052710 0.517522 0.162755 -0.200031 -0.075283 0.963240
-0.038001 -0.051665 0.514157 0.162755 -0.203676 -0.076486 0.962381
-0.035287 -0.050697 0.511180 0.160440 -0.209590 -0.077180 0.961444
-0.032556 -0.049676 0.507671 0.160373 -0.212986 -0.077344 0.960695
-0.029895 -0.048611 0.504246 0.161588 -0.217321 -0.078588 0.959419
-0.021888 -0.046148 0.494327 0.159960 -0.227974 -0.080214 0.957082
-0.019246 -0.045233 0.491009 0.160162 -0.233926 -0.081004 0.955544
-0.016843 -0.044362 0.487973 0.160056 -0.234485 -0.082052 0.955336
-0.014431 -0.043704 0.486525 0.158001 -0.238176 -0.081891 0.954778
-0.012132 -0.042916 0.483348 0.158745 -0.241395 -0.082653 0.953780
-0.007681 -0.041551 0.478688 0.157654 -0.248446 -0.083658 0.952062
-0.005570 -0.040836 0.476047 0.159796 -0.250119 -0.084097 0.951227
-0.003428 -0.040277 0.474020 0.156622 -0.254347 -0.084383 0.950609
-0.001300 -0.039542 0.471493 0.157885 -0.257044 -0.085283 0.949593
0.000854 -0.038780 0.469604 0.156792 -0.259779 -0.085806 0.948983
0.003030 -0.038287 0.468590 0.155906 -0.259798 -0.085524 0.949149
0.005251 -0.037546 0.465353 0.155088 -0.264863 -0.086984 0.947749
0.007496 -0.036895 0.462498 0.154487 -0.268485 -0.087528 0.946778
0.009651 -0.036280 0.460546 0.155644 -0.269072 -0.087646 0.946411
0.011855 -0.035739 0.458802 0.155962 -0.272793 -0.087985 0.945261
0.013915 -0.035123 0.456183 0.153791 -0.276014 -0.088797 0.944605
0.016037 -0.034614 0.454554 0.154440 -0.278179 -0.088671 0.943876
0.018087 -0.034046 0.452762 0.155245 -0.278432 -0.089326 0.943608
0.068191 -0.023184 0.409849 0.149746 -0.335629 -0.097552 0.924886
0.067982 -0.023347 0.410619 0.149630 -0.334867 -0.097842 0.925150
0.067744 -0.023433 0.410210 0.149579 -0.335131 -0.097947 0.925051
0.067538 -0.023349 0.410096 0.149847 -0.334988 -0.097538 0.925103
0.067228 -0.023311 0.410626 0.149993 -0.334297 -0.097296 0.925355
0.066698 -0.023426 0.411216 0.150683 -0.333587 -0.097168 0.925512
0.065851 -0.023713 0.411681 0.151429 -0.332354 -0.096815 0.925871
0.064862 -0.023962 0.412124 0.151873 -0.332090 -0.096828 0.925891
0.063657 -0.024139 0.412713 0.152247 -0.331232 -0.096499 0.926172
0.062446 -0.024298 0.413768 0.152204 -0.330611 -0.095822 0.926471
0.022091 -0.033256 0.447436 0.163463 -0.284007 -0.087502 0.940725
0.014589 -0.035263 0.455204 0.160976 -0.276510 -0.086342 0.943490
0.013065 -0.035671 0.456876 0.160843 -0.273339 -0.085784 0.944487
0.011588 -0.036066 0.458111 0.161849 -0.271975 -0.085346 0.944749
0.010190 -0.036409 0.459325 0.160354 -0.271130 -0.085882 0.945198
0.008931 -0.036777 0.460467 0.162077 -0.268795 -0.084620 0.945685
0.007785 -0.037052 0.461544 0.161277 -0.268560 -0.085181 0.945838
0.006686 -0.037390 0.462735 0.161310 -0.266046 -0.084562 0.946598
0.005706 -0.037674 0.464154 0.161817 -0.264861 -0.084125 0.946883
0.004735 -0.037939 0.464867 0.161108 -0.264861 -0.084227 0.946994
0.003722 -0.038182 0.465811 0.162252 -0.262678 -0.084090 0.947419
0.002694 -0.038526 0.467042 0.162505 -0.260475 -0.083322 0.948052
0.001609 -0.038768 0.467740 0.162637 -0.261061 -0.083962 0.947812
0.000515 -0.039130 0.469154 0.162307 -0.259660 -0.083128 0.948326
-0.000667 -0.039451 0.470364 0.163006 -0.257438 -0.082885 0.948833
-0.001846 -0.039748 0.471339 0.163158 -0.256853 -0.082964 0.948959
-0.003059 -0.040111 0.472654 0.163777 -0.253952 -0.082406 0.949681
-0.004207 -0.040508 0.474374 0.163179 -0.253386 -0.082171 0.949956
-0.005472 -0.040861 0.475534 0.162780 -0.251460 -0.081731 0.950574
-0.006764 -0.041201 0.476548 0.163958 -0.249677 -0.081517 0.950860
-0.008128 -0.041628 0.478292 0.164340 -0.247256 -0.081010 0.951470
-0.009535 -0.042072 0.480154 0.163458 -0.245651 -0.080860 0.952050
-0.011047 -0.042417 0.480892 0.167114 -0.243082 -0.080693 0.952088
-0.012617 -0.043025 0.483055 0.164914 -0.241370 -0.079363 0.953019
-0.014422 -0.043473 0.485649 0.165976 -0.238012 -0.079377 0.953678
-0.016278 -0.044105 0.487095 0.166374 -0.235491 -0.078646 0.954295
-0.018199 -0.044644 0.488500 0.168378 -0.234461 -0.078731 0.954190
-0.020252 -0.045412 0.491896 0.166999 -0.230098 -0.078071 0.955548
-0.022343 -0.046083 0.493866 0.168260 -0.227230 -0.077423 0.956065
-0.024360 -0.046730 0.495752 0.169587 -0.226045 -0.077160 0.956133
-0.026464 -0.047421 0.498781 0.168489 -0.221949 -0.076644 0.957327
-0.028422 -0.048008 0.500919 0.170421 -0.219943 -0.076205 0.957484
-0.030396 -0.048787 0.503492 0.168905 -0.217338 -0.075269 0.958421
-0.032394 -0.049478 0.505912 0.169755 -0.212827 -0.074910 0.959311
-0.034390 -0.050196 0.508221 0.170804 -0.212568 -0.074542 0.959210
-0.036435 -0.050956 0.510951 0.171657 -0.208604 -0.074452 0.959935
-0.038528 -0.051706 0.512948 0.172775 -0.204888 -0.073264 0.960626
-0.040726 -0.052548 0.516257 0.173054 -0.200762 -0.072582 0.961498
-0.042878 -0.053386 0.518690 0.174475 -0.197833 -0.072218 0.961876
-0.045172 -0.054414 0.522711 0.171099 -0.195419 -0.071236 0.963048
-0.047456 -0.055250 0.524963 0.174846 -0.190167 -0.071053 0.963440
-0.049781 -0.056139 0.527638 0.177582 -0.185607 -0.070598 0.963862
-0.052176 -0.057270 0.531661 0.174711 -0.182320 -0.069669 0.965081
-0.054393 -0.058321 0.534360 0.175820 -0.179236 -0.068712 0.965526
-0.056712 -0.059407 0.537773 0.176790 -0.175899 -0.068554 0.965974
-0.059008 -0.060546 0.541840 0.176628 -0.171217 -0.067574 0.966913
-0.061154 -0.061494 0.544153 0.177919 -0.169294 -0.067059 0.967051
-0.063377 -0.062520 0.548168 0.178640 -0.165600 -0.066598 0.967589
-0.065620 -0.063604 0.551830 0.177296 -0.162162 -0.066004 0.968459
-0.067722 -0.064653 0.554742 0.177688 -0.157817 -0.065208 0.969159
-0.069957 -0.065783 0.558548 0.178084 -0.156132 -0.064580 0.969401
-0.072016 -0.066592 0.561011 0.181505 -0.153217 -0.063739 0.969287
-0.074544 -0.067974 0.566371 0.176940 -0.148700 -0.062914 0.970887
-0.076839 -0.069131 0.570249 0.181809 -0.142025 -0.061617 0.971070
-0.079141 -0.070324 0.573473 0.183103 -0.139990 -0.061651 0.971121
-0.081401 -0.071623 0.576762 0.184952 -0.135110 -0.060596 0.971528
-0.083910 -0.073115 0.582094 0.185299 -0.128695 -0.059609 0.972393
-0.086304 -0.074586 0.586761 0.185631 -0.120631 -0.057945 0.973464
-0.088541 -0.076001 0.590910 0.185944 -0.118331 -0.057163 0.973732
-0.090647 -0.077258 0.594010 0.188835 -0.116286 -0.057050 0.973429
-0.092821 -0.078664 0.598459 0.190613 -0.112791 -0.056372 0.973533
-0.095093 -0.080247 0.604058 0.190938 -0.107764 -0.055191 0.974106
-0.097022 -0.081628 0.607619 0.192031 -0.102954 -0.054141 0.974471
-0.098890 -0.082951 0.611593 0.193108 -0.099134 -0.053546 0.974687
-0.100656 -0.084208 0.615197 0.196825 -0.096505 -0.052899 0.974242
-0.102491 -0.085694 0.620247 0.196497 -0.092926 -0.051820 0.974715
-0.104273 -0.087079 0.624489 0.195727 -0.088672 -0.051613 0.975277
-0.105989 -0.088401 0.629033 0.197143 -0.085971 -0.051524 0.975238
-0.107788 -0.089963 0.634110 0.193926 -0.083615 -0.050910 0.976120
-0.109490 -0.091528 0.639125 0.193931 -0.079784 -0.049977 0.976487
-0.111303 -0.093231 0.644578 0.191128 -0.076569 -0.049680 0.977312
-0.113019 -0.094935 0.650006 0.188626 -0.067594 -0.048240 0.978532
-0.114553 -0.096625 0.654375 0.190483 -0.062879 -0.047029 0.978545
-0.116135 -0.098400 0.659848 0.191848 -0.049956 -0.044842 0.979126
-0.117499 -0.099803 0.664221 0.189147 -0.056067 -0.046121 0.979261
-0.118656 -0.101060 0.667927 0.188181 -0.065103 -0.048197 0.978788
-0.119922 -0.102579 0.672448 0.188787 -0.052083 -0.045349 0.979587
-0.121094 -0.103921 0.677090 0.190673 -0.049784 -0.044844 0.979364
-0.122156 -0.105275 0.680741 0.189708 -0.049588 -0.044862 0.979561
-0.123079 -0.106575 0.683992 0.193051 -0.041469 -0.043158 0.979361
-0.124323 -0.108057 0.689475 0.189213 -0.043338 -0.043666 0.980007
-0.125152 -0.109130 0.692593 0.190635 -0.036898 -0.042579 0.980043
-0.126173 -0.110548 0.697180 0.189878 -0.033258 -0.041775 0.980355
-0.127068 -0.111903 0.701578 0.187629 -0.028673 -0.041530 0.980943
-0.128002 -0.113223 0.706138 0.184934 -0.026797 -0.041623 0.981503
-0.128533 -0.114238 0.708815 0.187000 -0.025133 -0.040661 0.981196
-0.129179 -0.115302 0.711735 0.187294 -0.021566 -0.040365 0.981237
-0.129822 -0.116452 0.715272 0.184504 -0.019333 -0.040440 0.981809
-0.130489 -0.117689 0.718773 0.186394 -0.014705 -0.039207 0.981582
-0.131155 -0.119031 0.722847 0.186000 -0.010802 -0.038311 0.981743
-0.131880 -0.120521 0.726913 0.186631 -0.006138 -0.037809 0.981683
-0.132546 -0.122056 0.731355 0.186684 -0.004818 -0.037545 0.981691
-0.133480 -0.123942 0.737291 0.184342 -0.000786 -0.037340 0.982152
-0.134060 -0.125492 0.741637 0.186639 0.001957 -0.036381 0.981753
-0.134707 -0.127286 0.746700 0.184647 0.009239 -0.034950 0.982140
-0.135151 -0.128806 0.750817 0.189343 0.014807 -0.033650 0.981222
-0.135753 -0.130513 0.755775 0.184834 0.018464 -0.033939 0.982010
-0.136326 -0.132136 0.761167 0.180050 0.021071 -0.033946 0.982846
-0.136327 -0.133069 0.762532 0.187129 0.029704 -0.031461 0.981382
-0.136971 -0.134484 0.768087 0.178363 0.026794 -0.033131 0.983042
-0.137184 -0.136036 0.771867 0.183621 0.033907 -0.031089 0.981920
-0.137609 -0.137116 0.775680 0.180094 0.033771 -0.031931 0.982551
-0.137499 -0.137831 0.776792 0.184518 0.039101 -0.030193 0.981587
-0.137971 -0.139323 0.781856 0.181129 0.042214 -0.030439 0.982081
-0.137988 -0.140795 0.785273 0.179707 0.046899 -0.029371 0.982163
-0.138272 -0.142762 0.790521 0.178865 0.049916 -0.028896 0.982182
-0.138296 -0.144654 0.794915 0.181620 0.056257 -0.027423 0.981375
-0.138673 -0.146958 0.801707 0.179768 0.061193 -0.026932 0.981434
-0.138641 -0.148941 0.806591 0.180647 0.062828 -0.026414 0.981184
-0.138678 -0.151071 0.812327 0.178951 0.071681 -0.025017 0.980924
-0.138654 -0.153105 0.817953 0.178904 0.074821 -0.024319 0.980716
-0.138348 -0.154635 0.821154 0.182008 0.080441 -0.023096 0.979729
-0.138369 -0.156349 0.826485 0.178642 0.083757 -0.023048 0.980072
-0.138348 -0.157886 0.830883 0.177555 0.086267 -0.022814 0.980057
-0.138026 -0.158944 0.832911 0.180655 0.090998 -0.021119 0.979100
-0.137808 -0.159981 0.835150 0.180866 0.092630 -0.020962 0.978912
-0.137618 -0.160973 0.837750 0.180953 0.095138 -0.020514 0.978664
-0.137436 -0.161997 0.840446 0.181683 0.098467 -0.019797 0.978215
-0.137368 -0.163247 0.844193 0.180086 0.099817 -0.019785 0.978373
-0.136936 -0.164033 0.845448 0.182240 0.102828 -0.018960 0.977679
-0.136863 -0.165321 0.849428 0.181279 0.104673 -0.019052 0.977660
-0.136356 -0.166380 0.851201 0.183159 0.109091 -0.017328 0.976858
-0.136209 -0.167739 0.855356 0.180643 0.110935 -0.018048 0.977106
-0.135915 -0.169164 0.859169 0.179925 0.114651 -0.017269 0.976823
-0.135562 -0.170416 0.862529 0.180348 0.117619 -0.016613 0.976404
-0.135157 -0.171307 0.865932 0.182438 0.119154 -0.015502 0.975848
-0.134723 -0.172521 0.868802 0.180459 0.121179 -0.015778 0.975962
-0.134421 -0.173946 0.872799 0.181795 0.123597 -0.014671 0.975428
-0.133669 -0.174793 0.873724 0.181290 0.130350 -0.013768 0.974655
-0.133467 -0.176207 0.877885 0.182185 0.131105 -0.013308 0.974394
-0.132910 -0.177181 0.879755 0.180791 0.134132 -0.013007 0.974245
-0.132508 -0.178804 0.882558 0.182306 0.134704 -0.012169 0.973895
-0.132128 -0.179927 0.886239 0.182049 0.137558 -0.011916 0.973547
-0.131564 -0.180711 0.888836 0.180028 0.141110 -0.011604 0.973418
-0.131104 -0.181953 0.892136 0.184321 0.142213 -0.010635 0.972465
-0.130168 -0.184298 0.898539 0.182471 0.148943 -0.009360 0.971819
-0.129716 -0.185070 0.900335 0.180879 0.151861 -0.009366 0.971665
-0.129258 -0.185763 0.901893 0.178767 0.154680 -0.009256 0.971612
-0.129088 -0.186644 0.904603 0.178107 0.156033 -0.009431 0.971516
-0.128764 -0.187380 0.906319 0.180857 0.156652 -0.007914 0.970921
-0.128423 -0.187855 0.907359 0.179507 0.158180 -0.007879 0.970924
-0.128287 -0.188580 0.909806 0.179105 0.160710 -0.007712 0.970584
-0.127826 -0.188900 0.909584 0.177788 0.163768 -0.007582 0.970316
-0.127750 -0.189674 0.912008 0.177522 0.163458 -0.007612 0.970417
-0.127370 -0.189948 0.911875 0.179726 0.165679 -0.006860 0.969640
-0.127119 -0.190366 0.912892 0.179537 0.166412 -0.006495 0.969552
-0.126913 -0.190720 0.913768 0.178638 0.166644 -0.006736 0.969677
-0.126707 -0.191242 0.915156 0.179276 0.168407 -0.006172 0.969258
-0.126450 -0.191758 0.916548 0.177112 0.169376 -0.006346 0.969486
-0.126438 -0.192441 0.919231 0.176422 0.167391 -0.006911 0.969952
-0.126178 -0.192791 0.919677 0.177506 0.170533 -0.005953 0.969214
-0.126106 -0.193189 0.921359 0.177751 0.168989 -0.005535 0.969441
-0.125826 -0.193156 0.920249 0.176960 0.172382 -0.005402 0.968989
-0.125725 -0.193138 0.920152 0.177915 0.172918 -0.005675 0.968717
-0.125728 -0.193341 0.920529 0.177540 0.171840 -0.006022 0.968976
-0.125592 -0.193311 0.920347 0.178521 0.173336 -0.005414 0.968533
-0.125718 -0.193710 0.922030 0.175747 0.172516 -0.006238 0.969181
-0.125531 -0.193675 0.921640 0.176410 0.173974 -0.005822 0.968803
-0.125506 -0.194174 0.923259 0.176531 0.173489 -0.005618 0.968869
-0.125409 -0.194312 0.923945 0.175654 0.173410 -0.005299 0.969044
-0.125419 -0.194396 0.923960 0.176754 0.173620 -0.004901 0.968809
-0.125224 -0.194357 0.922942 0.178051 0.173889 -0.004197 0.968526
-0.125165 -0.194456 0.922533 0.176687 0.174009 -0.004801 0.968752
-0.125258 -0.194599 0.923466 0.176362 0.172712 -0.004822 0.969043
-0.125236 -0.194596 0.923375 0.175728 0.173109 -0.004809 0.969087
-0.125271 -0.194686 0.923933 0.174750 0.173411 -0.004771 0.969210
-0.125233 -0.194647 0.923609 0.174922 0.174458 -0.004778 0.968991
-0.125275 -0.194748 0.924272 0.174891 0.174017 -0.004833 0.969076
-0.125233 -0.194674 0.923790 0.175330 0.173976 -0.004869 0.969004
-0.125242 -0.194695 0.923930 0.175086 0.173948 -0.004924 0.969052
-0.125166 -0.194663 0.923540 0.175144 0.175668 -0.004721 0.968733
-0.125204 -0.194723 0.923899 0.175239 0.174327 -0.004635 0.968958
-0.125136 -0.194630 0.923317 0.175387 0.175046 -0.004658 0.968802
-0.125201 -0.194754 0.924054 0.175185 0.174551 -0.004716 0.968927
-0.125154 -0.194714 0.923689 0.174557 0.173950 -0.004791 0.969148
-0.125135 -0.194761 0.923834 0.176134 0.174426 -0.004665 0.968778
-0.125071 -0.194687 0.923371 0.176499 0.174675 -0.004505 0.968667
-0.125078 -0.194689 0.923490 0.175774 0.174573 -0.004660 0.968817
-0.125031 -0.194677 0.923186 0.175696 0.175052 -0.004594 0.968745
-0.125115 -0.194775 0.923895 0.176421 0.173570 -0.004912 0.968878
-0.125017 -0.194705 0.923399 0.174992 0.175057 -0.004882 0.968870
-0.124972 -0.194741 0.923159 0.175744 0.174649 -0.004917 0.968807
-0.124900 -0.194734 0.922709 0.176294 0.174807 -0.004736 0.968680
-0.125012 -0.194800 0.923603 0.175737 0.173972 -0.005166 0.968929
-0.124960 -0.194767 0.923295 0.175617 0.174600 -0.004958 0.968839
-0.124933 -0.194792 0.923451 0.176035 0.175187 -0.004537 0.968659
-0.124941 -0.194736 0.923333 0.175483 0.174482 -0.004832 0.968885
-0.125037 -0.194755 0.923732 0.175977 0.173850 -0.004855 0.968909
-0.124944 -0.194722 0.922862 0.175089 0.175272 -0.004735 0.968814
-0.125065 -0.194717 0.923816 0.175638 0.174267 -0.004407 0.968898
-0.125087 -0.194670 0.923728 0.174823 0.174468 -0.004571 0.969008
-0.125109 -0.194664 0.923767 0.175247 0.174494 -0.004415 0.968928
-0.125030 -0.194561 0.923042 0.174967 0.175156 -0.004363 0.968859
-0.125170 -0.194688 0.924125 0.175094 0.173589 -0.004356 0.969118
-0.125116 -0.194658 0.924029 0.175694 0.173747 -0.004086 0.968982
-0.125067 -0.194959 0.924749 0.175525 0.173848 -0.004450 0.968993
-0.125113 -0.195267 0.925003 0.175186 0.172749 -0.005331 0.969247
-0.124993 -0.195187 0.924280 0.176147 0.173905 -0.005031 0.968867
-0.124876 -0.195046 0.923355 0.176451 0.174357 -0.004549 0.968733
-0.124809 -0.194872 0.923698 0.175624 0.174856 -0.004699 0.968793
-0.124727 -0.194641 0.923468 0.174898 0.175564 -0.004895 0.968795
-0.124854 -0.194742 0.924484 0.175737 0.174843 -0.004672 0.968775
-0.124868 -0.194788 0.924720 0.175791 0.173839 -0.004782 0.968945
-0.124756 -0.194659 0.924040 0.176358 0.175076 -0.004626 0.968620
-0.124698 -0.194758 0.924692 0.176154 0.174322 -0.004550 0.968794
-0.124384 -0.194651 0.923509 0.177226 0.174968 -0.004314 0.968482
-0.124293 -0.194729 0.923618 0.174546 0.176475 -0.004443 0.968695
-0.124513 -0.194869 0.924212 0.175019 0.175342 -0.004362 0.968816
-0.124444 -0.195120 0.923927 0.174111 0.175635 -0.004491 0.968926
-0.124281 -0.194902 0.923115 0.174435 0.176417 -0.004446 0.968726
-0.124157 -0.194734 0.923676 0.175755 0.177495 -0.004893 0.968288
-0.123921 -0.194686 0.923242 0.175573 0.176705 -0.004938 0.968465
-0.123994 -0.194733 0.923705 0.175597 0.177054 -0.004833 0.968398
-0.124326 -0.194772 0.924189 0.176618 0.174797 -0.004242 0.968625
-0.124582 -0.194764 0.924223 0.175069 0.175298 -0.004454 0.968815
-0.124831 -0.194575 0.923612 0.176031 0.176176 -0.004419 0.968481
-0.125047 -0.194659 0.923585 0.176170 0.174481 -0.003903 0.968765
