-0.038534 -0.155392 0.906765 0.112271 0.346605 0.021878 0.931011
-0.038540 -0.155344 0.906497 0.112783 0.346792 0.021863 0.930880
-0.038543 -0.155364 0.906678 0.112558 0.346707 0.021876 0.930938
-0.038555 -0.155354 0.906646 0.112718 0.346841 0.021843 0.930870
-0.038556 -0.155363 0.906727 0.112697 0.346954 0.021826 0.930831
-0.038564 -0.155347 0.907000 0.112502 0.346622 0.021801 0.930979
-0.038560 -0.155236 0.906498 0.113099 0.347546 0.021837 0.930561
-0.038551 -0.155300 0.906340 0.112678 0.347226 0.021757 0.930733
-0.038532 -0.155056 0.904329 0.114407 0.347731 0.022201 0.930323
-0.038538 -0.155168 0.905759 0.113098 0.347018 0.022052 0.930753
-0.038507 -0.155513 0.905504 0.113029 0.347106 0.021944 0.930731
-0.038551 -0.155655 0.906793 0.113658 0.346934 0.022086 0.930715
-0.038509 -0.155478 0.905612 0.113095 0.347425 0.021875 0.930606
-0.038523 -0.155799 0.906685 0.112646 0.347057 0.021909 0.930797
-0.038501 -0.155752 0.906261 0.113369 0.346754 0.022233 0.930814
-0.038454 -0.155682 0.905411 0.113323 0.347783 0.022330 0.930434
-0.038450 -0.155714 0.905652 0.113047 0.347515 0.022349 0.930567
-0.038474 -0.155709 0.906247 0.112996 0.347486 0.022135 0.930589
-0.038416 -0.155529 0.905115 0.112698 0.348173 0.022350 0.930363
-0.038488 -0.155675 0.906554 0.112841 0.347457 0.021997 0.930621
-0.038483 -0.155577 0.905982 0.113363 0.347415 0.022244 0.930568
-0.038452 -0.155488 0.905496 0.113685 0.348121 0.022402 0.930261
-0.038456 -0.155521 0.905638 0.113565 0.347888 0.022595 0.930358
-0.038473 -0.155557 0.905981 0.113556 0.347686 0.022495 0.930437
-0.038480 -0.155539 0.905845 0.113439 0.347652 0.022376 0.930467
-0.038483 -0.155559 0.906121 0.112863 0.347613 0.022107 0.930558
-0.038512 -0.155537 0.905974 0.112779 0.347221 0.021869 0.930720
-0.038515 -0.155479 0.906315 0.113032 0.347444 0.022045 0.930602
-0.038499 -0.155443 0.905976 0.113162 0.347228 0.022226 0.930663
-0.038521 -0.155646 0.906660 0.113752 0.347110 0.022291 0.930633
-0.038458 -0.155520 0.905542 0.112919 0.347919 0.022218 0.930434
-0.038508 -0.155510 0.907131 0.112547 0.346881 0.021985 0.930872
-0.038514 -0.155500 0.907022 0.112619 0.346540 0.021975 0.930991
-0.038408 -0.155463 0.906510 0.113513 0.347613 0.021953 0.930483
-0.038331 -0.155418 0.906208 0.112777 0.347781 0.021946 0.930510
-0.038310 -0.155444 0.906420 0.112718 0.348363 0.021973 0.930298
-0.038313 -0.155452 0.906458 0.112821 0.347789 0.022071 0.930498
-0.038332 -0.155460 0.906600 0.113105 0.347774 0.021925 0.930473
-0.038355 -0.155627 0.906916 0.113315 0.347185 0.021981 0.930666
-0.038327 -0.155573 0.906171 0.113370 0.347245 0.022244 0.930631
-0.038329 -0.155523 0.905809 0.113350 0.347534 0.022022 0.930530
-0.038370 -0.155597 0.906941 0.113137 0.347097 0.021884 0.930723
-0.038422 -0.155528 0.906314 0.113012 0.346995 0.021805 0.930778
-0.038535 -0.155462 0.905873 0.113139 0.347399 0.021954 0.930608
-0.038903 -0.155311 0.905241 0.112054 0.346836 0.022155 0.930944
-0.039459 -0.155089 0.904746 0.111231 0.344358 0.021829 0.931970
-0.040231 -0.154730 0.903153 0.111756 0.343649 0.021543 0.932176
-0.040939 -0.154297 0.901319 0.112095 0.343898 0.021368 0.932048
-0.041239 -0.154005 0.900398 0.113390 0.339941 0.021581 0.933336
-0.041939 -0.153444 0.898405 0.112768 0.339971 0.021017 0.933414
-0.042709 -0.153037 0.897192 0.112270 0.337761 0.021046 0.934275
-0.043520 -0.152134 0.894235 0.111837 0.336419 0.020140 0.934831
-0.044453 -0.151251 0.894259 0.112068 0.333846 0.020522 0.935717
-0.045324 -0.150801 0.892696 0.111814 0.333396 0.019972 0.935920
-0.046325 -0.150444 0.890738 0.111714 0.331732 0.019640 0.936530
-0.047423 -0.150057 0.888735 0.111166 0.329687 0.019595 0.937318
-0.048618 -0.149446 0.886153 0.112222 0.328284 0.020007 0.937676
-0.049759 -0.148685 0.882907 0.114407 0.327205 0.019727 0.937795
-0.050867 -0.148268 0.881812 0.114786 0.323459 0.019476 0.939052
-0.051737 -0.147762 0.880197 0.112843 0.322256 0.018381 0.939723
-0.052668 -0.147126 0.877050 0.112858 0.320180 0.018349 0.940431
-0.053735 -0.146620 0.875877 0.114094 0.318850 0.018583 0.940730
-0.055174 -0.145678 0.872102 0.111761 0.314622 0.017503 0.942452
-0.057005 -0.144814 0.869013 0.113474 0.312218 0.017175 0.943053
-0.058862 -0.143805 0.865068 0.114353 0.307328 0.016942 0.944556
-0.060410 -0.142836 0.861089 0.114277 0.303898 0.016877 0.945675
-0.061742 -0.142246 0.859246 0.116154 0.299605 0.016910 0.946815
-0.062714 -0.141529 0.856279 0.115181 0.297362 0.016409 0.947650
-0.063528 -0.141019 0.854177 0.116637 0.296452 0.016535 0.947755
-0.064649 -0.140441 0.852096 0.116467 0.293817 0.015566 0.948612
-0.065868 -0.139744 0.849149 0.114944 0.291431 0.015490 0.949535
-0.067325 -0.138749 0.845198 0.116110 0.288913 0.015327 0.950165
-0.069139 -0.137443 0.842859 0.114065 0.284186 0.013937 0.951858
-0.070783 -0.135925 0.838737 0.116695 0.278367 0.014283 0.953252
-0.072278 -0.135017 0.835791 0.114780 0.277190 0.013588 0.953838
-0.073767 -0.134329 0.833691 0.115659 0.272822 0.012924 0.955000
-0.074986 -0.133373 0.829468 0.115391 0.270670 0.012679 0.955648
-0.076228 -0.132394 0.824836 0.115060 0.270553 0.012285 0.955725
-0.077975 -0.131622 0.822668 0.115922 0.264164 0.012423 0.957405
-0.079814 -0.130479 0.818802 0.113856 0.259613 0.011947 0.958903
-0.081560 -0.128715 0.810444 0.114953 0.259099 0.010686 0.958926
-0.083997 -0.127869 0.809706 0.118002 0.246815 0.011908 0.961778
-0.085750 -0.125936 0.802140 0.110059 0.251877 0.007363 0.961452
-0.087656 -0.124668 0.798960 0.117322 0.242664 0.010234 0.962936
-0.089283 -0.123780 0.795876 0.110030 0.244545 0.006619 0.963352
-0.090370 -0.122650 0.789481 0.120023 0.237085 0.009199 0.964002
-0.091357 -0.121545 0.785136 0.117425 0.236352 0.007846 0.964514
-0.092893 -0.121211 0.786088 0.110933 0.230802 0.006495 0.966635
-0.093712 -0.119809 0.778135 0.118451 0.226855 0.007762 0.966667
-0.095189 -0.118970 0.777487 0.111359 0.223356 0.004890 0.968343
-0.096478 -0.117892 0.772803 0.118579 0.217068 0.006621 0.968905
-0.097909 -0.116592 0.768184 0.114760 0.213055 0.004321 0.970268
-0.099121 -0.114899 0.760454 0.115203 0.209642 0.004245 0.970959
-0.100681 -0.113650 0.755636 0.117571 0.202207 0.004881 0.972248
-0.108572 -0.112115 0.772980 0.162665 -0.015565 -0.044071 0.985574
-0.103548 -0.110803 0.744671 0.115082 0.189269 0.002373 0.975155
-0.104743 -0.109209 0.738305 0.115959 0.186011 0.001872 0.975679
-0.106127 -0.108027 0.734684 0.118314 0.177625 0.001412 0.976959
-0.107057 -0.106686 0.728762 0.116073 0.175801 0.000596 0.977559
-0.107882 -0.105247 0.722093 0.119654 0.169464 0.000344 0.978246
-0.109212 -0.104346 0.719712 0.119119 0.163135 -0.000297 0.979386
-0.109981 -0.103060 0.714647 0.119073 0.158595 -0.001109 0.980137
-0.110490 -0.101873 0.708693 0.119967 0.158161 -0.001455 0.980097
-0.111609 -0.101294 0.708651 0.115436 0.150091 -0.002649 0.981906
-0.111684 -0.100001 0.701384 0.122012 0.149185 -0.001411 0.981252
-0.112585 -0.099319 0.699662 0.114629 0.146409 -0.003805 0.982553
-0.112710 -0.097648 0.692953 0.117785 0.145597 -0.002846 0.982304
-0.113754 -0.096950 0.691345 0.117557 0.137252 -0.003565 0.983529
-0.114321 -0.095814 0.687502 0.116509 0.132063 -0.004440 0.984360
-0.114189 -0.094304 0.678842 0.115567 0.136846 -0.004613 0.983817
-0.115215 -0.093744 0.677582 0.117817 0.126309 -0.004981 0.984957
-0.115479 -0.092727 0.672294 0.113371 0.125743 -0.005743 0.985547
-0.116250 -0.091868 0.669643 0.117802 0.117217 -0.005915 0.986077
-0.116270 -0.090441 0.662740 0.115216 0.116546 -0.006810 0.986456
-0.116635 -0.089290 0.657940 0.113359 0.112155 -0.007155 0.987178
-0.117056 -0.088050 0.652924 0.118804 0.103499 -0.007477 0.987481
-0.117448 -0.086875 0.648674 0.117718 0.097324 -0.008104 0.988233
-0.117502 -0.085235 0.642269 0.118694 0.090697 -0.008724 0.988742
-0.117685 -0.084021 0.637354 0.118403 0.085252 -0.009226 0.989256
-0.117498 -0.082592 0.630062 0.120637 0.082451 -0.009451 0.989222
-0.117565 -0.081483 0.625263 0.115449 0.076514 -0.010738 0.990304
-0.117233 -0.080091 0.618113 0.124040 0.071730 -0.009756 0.989633
-0.117975 -0.079277 0.617717 0.110406 0.059265 -0.014049 0.992018
-0.117313 -0.077768 0.609161 0.122107 0.057009 -0.011812 0.990808
-0.116774 -0.076319 0.602102 0.129280 0.055422 -0.009862 0.990009
-0.116472 -0.074895 0.596288 0.126572 0.049756 -0.011700 0.990640
-0.116063 -0.073524 0.590547 0.126409 0.045266 -0.012306 0.990868
-0.115680 -0.072325 0.585328 0.124773 0.039019 -0.013305 0.991329
-0.115236 -0.071082 0.580144 0.122620 0.032169 -0.014487 0.991826
-0.114635 -0.069777 0.574370 0.124752 0.024836 -0.014872 0.991766
-0.113965 -0.068563 0.568572 0.124958 0.019854 -0.015294 0.991845
-0.113291 -0.067235 0.563009 0.125881 0.013059 -0.016024 0.991830
-0.112458 -0.065856 0.556914 0.125601 0.006836 -0.016794 0.991915
-0.111538 -0.064506 0.550872 0.122762 0.003830 -0.017690 0.992271
-0.110674 -0.063154 0.545251 0.124518 -0.001891 -0.018431 0.992044
-0.109536 -0.061752 0.538803 0.129355 -0.008331 -0.018222 0.991396
-0.108365 -0.060375 0.532438 0.131351 -0.010025 -0.018290 0.991117
-0.107171 -0.059043 0.526365 0.133562 -0.018288 -0.019095 0.990688
-0.106045 -0.057791 0.521110 0.130092 -0.026067 -0.020360 0.990950
-0.104646 -0.056436 0.514742 0.133101 -0.028474 -0.020414 0.990483
-0.103164 -0.055098 0.508379 0.134547 -0.029227 -0.020249 0.990269
-0.101767 -0.053763 0.502984 0.130698 -0.039637 -0.021944 0.990387
-0.099938 -0.052241 0.495781 0.132113 -0.046829 -0.022868 0.989864
-0.098088 -0.050735 0.489363 0.130525 -0.050172 -0.023774 0.989889
-0.095762 -0.049016 0.481154 0.131237 -0.048356 -0.023822 0.989884
-0.093365 -0.047214 0.473464 0.133933 -0.061098 -0.025180 0.988785
-0.090617 -0.045397 0.464749 0.134751 -0.059284 -0.025210 0.988783
-0.087856 -0.043572 0.456933 0.135627 -0.067607 -0.026622 0.988092
-0.084957 -0.041765 0.449327 0.131609 -0.076019 -0.028376 0.987975
-0.081801 -0.039921 0.440946 0.136624 -0.077275 -0.027883 0.987211
-0.078970 -0.038363 0.434877 0.128941 -0.083630 -0.029661 0.987674
-0.075985 -0.036759 0.428273 0.127657 -0.090647 -0.031071 0.987179
-0.072920 -0.035255 0.421280 0.127384 -0.095931 -0.031784 0.986692
-0.069839 -0.033882 0.414610 0.125655 -0.096968 -0.031777 0.986812
-0.066886 -0.032379 0.408245 0.131515 -0.106580 -0.032659 0.985027
-0.064325 -0.031285 0.404308 0.126552 -0.103125 -0.032758 0.986041
-0.061477 -0.030005 0.397971 0.129891 -0.112745 -0.033716 0.984520
-0.058938 -0.028960 0.393528 0.126552 -0.113279 -0.034364 0.984871
-0.053751 -0.026794 0.383985 0.128618 -0.118828 -0.035567 0.983907
-0.051261 -0.025811 0.379548 0.128957 -0.122360 -0.035734 0.983423
-0.048904 -0.024949 0.376296 0.124967 -0.124538 -0.036126 0.983651
-0.046536 -0.024091 0.372508 0.123802 -0.125500 -0.036409 0.983665
-0.044155 -0.023242 0.369086 0.122069 -0.127831 -0.036648 0.983573
-0.041737 -0.022379 0.365163 0.122854 -0.127653 -0.036696 0.983496
-0.039336 -0.021516 0.361337 0.123098 -0.131755 -0.037345 0.982900
-0.036925 -0.020663 0.356996 0.126230 -0.134211 -0.037357 0.982170
-0.034724 -0.019931 0.354344 0.122014 -0.137816 -0.038344 0.982166
-0.032484 -0.019173 0.350978 0.123669 -0.142771 -0.038685 0.981237
-0.030341 -0.018504 0.347568 0.125515 -0.143421 -0.038930 0.980898
-0.028312 -0.017888 0.344851 0.124520 -0.145053 -0.039256 0.980772
-0.026273 -0.017256 0.342031 0.122538 -0.147684 -0.039571 0.980616
-0.024192 -0.016585 0.339486 0.121596 -0.148867 -0.039544 0.980556
-0.021917 -0.015894 0.336728 0.118767 -0.154595 -0.040118 0.979993
-0.019622 -0.015160 0.333263 0.120667 -0.156206 -0.040734 0.979479
-0.017313 -0.014473 0.330667 0.118258 -0.163117 -0.041824 0.978600
-0.014967 -0.013786 0.327800 0.117821 -0.171914 -0.042727 0.977107
-0.012557 -0.013103 0.323262 0.122912 -0.181324 -0.044213 0.974710
-0.010190 -0.012515 0.320928 0.118465 -0.192518 -0.045623 0.973047
-0.007703 -0.011837 0.318214 0.116613 -0.198978 -0.047092 0.971901
-0.005187 -0.011187 0.315305 0.113665 -0.200694 -0.047476 0.971879
-0.002277 -0.010387 0.311830 0.115319 -0.211466 -0.048000 0.969371
0.000368 -0.009716 0.308512 0.113193 -0.208551 -0.048210 0.970242
0.003433 -0.008916 0.304739 0.113439 -0.214480 -0.049220 0.968869
0.006564 -0.008126 0.300772 0.114366 -0.219465 -0.049809 0.967613
0.009628 -0.007431 0.297657 0.111497 -0.225642 -0.049796 0.966527
0.012694 -0.006676 0.294180 0.111970 -0.231066 -0.050018 0.965178
0.015439 -0.005914 0.291267 0.111016 -0.231642 -0.051776 0.965058
0.018420 -0.005080 0.287120 0.113635 -0.236874 -0.051707 0.963486
0.021146 -0.004469 0.285069 0.110421 -0.240522 -0.052296 0.962923
0.023881 -0.003819 0.282136 0.110779 -0.244867 -0.053410 0.961725
0.044465 0.000413 0.264450 0.104656 -0.265555 -0.056267 0.956745
0.011580 -0.006818 0.295705 0.118615 -0.224229 -0.048408 0.966079
0.007711 -0.007761 0.299668 0.120991 -0.217776 -0.047837 0.967288
0.004313 -0.008644 0.299682 0.134227 -0.226499 -0.042226 0.963794
0.000698 -0.009528 0.309320 0.116900 -0.212011 -0.047091 0.969107
-0.002634 -0.010375 0.310652 0.126641 -0.207249 -0.044875 0.969018
-0.005749 -0.011260 0.314931 0.123562 -0.208770 -0.044215 0.969119
-0.008826 -0.012086 0.318883 0.125063 -0.202487 -0.043675 0.970284
-0.011778 -0.012983 0.322641 0.122966 -0.198316 -0.043673 0.971413
-0.014567 -0.013829 0.326470 0.124248 -0.193961 -0.043122 0.972153
-0.017324 -0.014679 0.329981 0.125115 -0.189171 -0.042044 0.973033
-0.020085 -0.015543 0.333592 0.125688 -0.187265 -0.040870 0.973378
-0.022962 -0.016412 0.337170 0.126741 -0.185151 -0.040506 0.973661
-0.025837 -0.017243 0.340542 0.131408 -0.174671 -0.039761 0.975008
-0.028618 -0.018123 0.344539 0.130828 -0.174418 -0.039306 0.975150
-0.031238 -0.018974 0.348185 0.132857 -0.168707 -0.038565 0.975910
-0.033785 -0.019828 0.351669 0.132839 -0.165229 -0.038112 0.976525
-0.036075 -0.020555 0.354428 0.136279 -0.162808 -0.038007 0.976462
-0.038420 -0.021398 0.358364 0.134114 -0.157780 -0.036943 0.977627
-0.040546 -0.022037 0.362072 0.132055 -0.155790 -0.036461 0.978244
-0.042729 -0.022857 0.365841 0.130784 -0.151535 -0.035713 0.979110
-0.044772 -0.023594 0.369272 0.131579 -0.146619 -0.035093 0.979775
-0.046667 -0.024237 0.371484 0.135065 -0.145746 -0.035124 0.979429
-0.048425 -0.024876 0.373785 0.138130 -0.143901 -0.034858 0.979284
-0.050360 -0.025657 0.377541 0.136711 -0.139178 -0.033727 0.980205
-0.052196 -0.026374 0.380572 0.137144 -0.136209 -0.033240 0.980578
-0.054081 -0.027057 0.383348 0.139209 -0.134611 -0.033308 0.980506
-0.056113 -0.027854 0.387410 0.140066 -0.127190 -0.032516 0.981400
-0.058041 -0.028705 0.390914 0.138368 -0.127404 -0.032011 0.981630
-0.059862 -0.029473 0.393836 0.140772 -0.124342 -0.031276 0.981705
-0.061872 -0.030297 0.397823 0.141730 -0.119316 -0.030658 0.982210
-0.063809 -0.031158 0.401413 0.141342 -0.117617 -0.030375 0.982480
-0.065821 -0.032135 0.405322 0.140589 -0.116295 -0.029633 0.982768
-0.067914 -0.033158 0.409558 0.137670 -0.111382 -0.029121 0.983765
-0.070097 -0.034072 0.414332 0.140131 -0.107813 -0.028512 0.983833
-0.072294 -0.035033 0.419281 0.143979 -0.103629 -0.027821 0.983746
-0.074382 -0.036038 0.423508 0.144331 -0.097466 -0.027160 0.984343
-0.076382 -0.037054 0.427683 0.145024 -0.099897 -0.027363 0.983992
-0.078368 -0.038074 0.431838 0.152226 -0.094200 -0.025848 0.983507
-0.080450 -0.039251 0.436966 0.144351 -0.089274 -0.025704 0.985156
-0.082329 -0.040255 0.440976 0.154268 -0.081930 -0.024120 0.984331
-0.084375 -0.041578 0.446745 0.147735 -0.078218 -0.024097 0.985635
-0.086285 -0.042802 0.451800 0.147377 -0.075945 -0.023976 0.985869
-0.087931 -0.043793 0.455969 0.149438 -0.075952 -0.023608 0.985567
-0.089684 -0.044895 0.461361 0.144374 -0.072639 -0.023416 0.986576
-0.091140 -0.045838 0.465508 0.145064 -0.068165 -0.022832 0.986807
-0.092625 -0.046786 0.470335 0.143063 -0.067633 -0.022989 0.987132
-0.093894 -0.047609 0.474155 0.141632 -0.066525 -0.023371 0.987405
-0.095044 -0.048412 0.477671 0.141376 -0.058257 -0.022529 0.987983
-0.096109 -0.049164 0.481133 0.142252 -0.052938 -0.021643 0.988177
-0.097126 -0.049900 0.484459 0.143284 -0.054294 -0.021890 0.987949
-0.098082 -0.050625 0.487802 0.144410 -0.048355 -0.020918 0.988114
-0.099091 -0.051401 0.491542 0.138631 -0.050907 -0.021867 0.988793
-0.100048 -0.052149 0.495053 0.138919 -0.043796 -0.020752 0.989117
-0.100972 -0.052835 0.498556 0.138449 -0.044032 -0.020689 0.989174
-0.101941 -0.053605 0.502488 0.137464 -0.040731 -0.020509 0.989456
-0.102732 -0.054482 0.505250 0.139788 -0.037279 -0.019984 0.989278
-0.103613 -0.055258 0.509165 0.136325 -0.035268 -0.020123 0.989832
-0.104466 -0.055909 0.512524 0.136579 -0.032034 -0.019886 0.989911
-0.105236 -0.056604 0.516049 0.136628 -0.029113 -0.019347 0.990005
-0.106031 -0.057375 0.519510 0.136450 -0.025410 -0.019085 0.990137
-0.106793 -0.058111 0.523176 0.135409 -0.026993 -0.019343 0.990233
-0.107473 -0.058897 0.526262 0.135433 -0.018363 -0.018325 0.990447
-0.108133 -0.059594 0.529568 0.136238 -0.017462 -0.018267 0.990354
-0.108916 -0.060402 0.533479 0.132084 -0.016324 -0.018690 0.990928
-0.109462 -0.061096 0.536387 0.134835 -0.010539 -0.017671 0.990654
-0.110237 -0.061954 0.540158 0.132641 -0.007834 -0.017679 0.990975
-0.110908 -0.062729 0.543884 0.132673 -0.008077 -0.017428 0.990974
-0.111368 -0.063504 0.546599 0.132585 -0.002138 -0.016999 0.991024
-0.111885 -0.064236 0.550637 0.130450 0.001098 -0.017067 0.991307
-0.112244 -0.064884 0.553301 0.130371 0.005019 -0.016402 0.991317
-0.112626 -0.065457 0.555986 0.130582 0.006850 -0.016361 0.991279
-0.113172 -0.066103 0.559075 0.128622 0.009895 -0.016302 0.991510
-0.113473 -0.066742 0.561931 0.130291 0.013488 -0.015808 0.991258
-0.113766 -0.067334 0.564173 0.128292 0.015947 -0.015773 0.991483
-0.114150 -0.067827 0.566726 0.131373 0.018224 -0.015058 0.991051
-0.114519 -0.068517 0.569848 0.128162 0.019479 -0.015570 0.991440
-0.114839 -0.069188 0.572601 0.129802 0.023564 -0.014633 0.991152
-0.115350 -0.070019 0.576493 0.128583 0.026743 -0.014670 0.991230
-0.116012 -0.071092 0.582252 0.126493 0.028457 -0.014951 0.991446
-0.116549 -0.072427 0.587426 0.124760 0.035716 -0.014334 0.991440
-0.117142 -0.073804 0.593485 0.123136 0.039878 -0.014295 0.991485
-0.117587 -0.075082 0.598905 0.121970 0.044443 -0.014518 0.991432
-0.118120 -0.076551 0.606321 0.113956 0.049427 -0.016151 0.992124
-0.117930 -0.077831 0.610632 0.121590 0.059475 -0.013121 0.990710
-0.117517 -0.078966 0.613649 0.130715 0.071504 -0.009624 0.988791
-0.118011 -0.080486 0.621932 0.121854 0.076144 -0.011382 0.989558
-0.117968 -0.081682 0.627046 0.127529 0.081612 -0.009974 0.988421
-0.118245 -0.083204 0.634392 0.123939 0.084562 -0.010265 0.988627
-0.118061 -0.084624 0.639846 0.126395 0.091632 -0.008798 0.987700
-0.117998 -0.086278 0.646681 0.121437 0.100260 -0.008594 0.987485
-0.117826 -0.087798 0.653188 0.124823 0.105400 -0.007602 0.986536
-0.117652 -0.089282 0.659624 0.125601 0.110484 -0.006989 0.985885
-0.117330 -0.090645 0.665659 0.123474 0.114649 -0.006771 0.985679
-0.116374 -0.091505 0.667883 0.120293 0.126545 -0.007191 0.984614
-0.116226 -0.092885 0.675255 0.120611 0.126446 -0.006291 0.984594
-0.115443 -0.093878 0.678416 0.123365 0.132419 -0.005021 0.983474
-0.114790 -0.094914 0.683706 0.119328 0.139856 -0.005539 0.982940
-0.114328 -0.096569 0.689885 0.125022 0.140095 -0.004330 0.982204
-0.113808 -0.098358 0.697634 0.121183 0.144997 -0.004864 0.981971
-0.112759 -0.099658 0.703148 0.125539 0.147373 -0.002870 0.981077
-0.111323 -0.100924 0.706339 0.124993 0.159584 -0.003163 0.979234
-0.110435 -0.102847 0.715355 0.124280 0.160729 -0.001886 0.979141
-0.107781 -0.106116 0.728197 0.122814 0.177136 -0.000878 0.976493
-0.106463 -0.107640 0.733672 0.125044 0.181766 -0.000073 0.975359
-0.105457 -0.109443 0.741833 0.123096 0.187043 0.000225 0.974609
-0.103947 -0.110639 0.745536 0.124304 0.193976 0.001738 0.973098
-0.102653 -0.112057 0.751336 0.122343 0.199714 0.001926 0.972185
-0.101206 -0.113487 0.757754 0.122503 0.204870 0.002776 0.971089
-0.099405 -0.114561 0.760805 0.123804 0.211930 0.003368 0.969405
-0.097885 -0.116084 0.767978 0.120309 0.219502 0.002833 0.968161
-0.096439 -0.117886 0.775779 0.120589 0.224385 0.003605 0.967004
-0.094406 -0.118956 0.778471 0.125125 0.229022 0.005308 0.965331
-0.092743 -0.120638 0.786820 0.116628 0.236898 0.004132 0.964500
-0.090691 -0.121928 0.789830 0.124664 0.240538 0.007474 0.962572
-0.088686 -0.123473 0.796540 0.121429 0.246954 0.007323 0.961361
-0.086674 -0.125170 0.803250 0.117958 0.253734 0.006500 0.960032
-0.084485 -0.126954 0.810455 0.122089 0.253836 0.008430 0.959474
-0.081964 -0.128131 0.814096 0.121315 0.263636 0.008496 0.956925
-0.077435 -0.131393 0.827012 0.122232 0.270082 0.010934 0.954985
-0.072709 -0.134334 0.837277 0.119586 0.280839 0.011138 0.952210
-0.068680 -0.137029 0.845960 0.117746 0.289055 0.012400 0.949963
-0.066829 -0.138091 0.848483 0.118765 0.292446 0.013638 0.948780
-0.063702 -0.139500 0.854827 0.117895 0.300738 0.014121 0.946286
-0.062224 -0.140388 0.858396 0.117764 0.302813 0.014334 0.945638
-0.060731 -0.141135 0.861009 0.117361 0.307183 0.015443 0.944260
-0.059399 -0.141835 0.863655 0.117616 0.309640 0.015292 0.943428
-0.055558 -0.143806 0.871308 0.114636 0.318300 0.016055 0.940896
-0.054387 -0.144263 0.873244 0.114718 0.320044 0.016277 0.940291
-0.053216 -0.144752 0.875682 0.115080 0.323574 0.016308 0.939037
-0.051966 -0.145346 0.877653 0.115586 0.325573 0.017090 0.938270
-0.050649 -0.146050 0.880154 0.114898 0.326620 0.017323 0.937986
-0.049355 -0.146703 0.882815 0.114791 0.329690 0.017436 0.936922
-0.047151 -0.147903 0.886858 0.113277 0.332767 0.018249 0.936003
-0.045548 -0.148897 0.889928 0.115383 0.336906 0.019058 0.934247
-0.044119 -0.149568 0.891646 0.114531 0.338300 0.018985 0.933850
-0.043296 -0.150072 0.893798 0.113824 0.338615 0.018931 0.933823
-0.042244 -0.150788 0.896987 0.114380 0.341043 0.019393 0.932862
-0.041005 -0.151100 0.897052 0.114924 0.343609 0.019667 0.931847
-0.039802 -0.151392 0.898269 0.113524 0.344851 0.020413 0.931543
-0.038927 -0.151848 0.900589 0.113804 0.345833 0.020362 0.931146
-0.038113 -0.152039 0.901183 0.113141 0.347358 0.020431 0.930658
-0.037608 -0.152318 0.902458 0.112707 0.349089 0.020682 0.930057
-0.037231 -0.152262 0.903189 0.111838 0.349936 0.020236 0.929853
-0.037082 -0.152337 0.903979 0.112077 0.349654 0.020663 0.929921
-0.036814 -0.152313 0.903915 0.112364 0.350216 0.020608 0.929677
-0.036446 -0.152431 0.904290 0.113318 0.350145 0.020639 0.929587
-0.036029 -0.152769 0.905938 0.112934 0.349309 0.020496 0.929951
-0.035326 -0.152995 0.905767 0.112738 0.352294 0.020644 0.928845
-0.035013 -0.153270 0.906643 0.112534 0.351540 0.021419 0.929138
-0.035014 -0.153267 0.906187 0.112715 0.351786 0.021610 0.929018
-0.034958 -0.153351 0.906676 0.112181 0.351451 0.021574 0.929211
-0.034893 -0.153381 0.906814 0.112474 0.352329 0.021590 0.928842
-0.034885 -0.153461 0.907150 0.112405 0.352204 0.021199 0.928907
-0.034871 -0.153329 0.906157 0.112009 0.352472 0.021294 0.928851
-0.034884 -0.153424 0.906247 0.112137 0.352007 0.021397 0.929009
-0.034887 -0.153783 0.907345 0.113144 0.351085 0.021921 0.929224
-0.034783 -0.153919 0.907119 0.113305 0.353134 0.021341 0.928441
-0.034706 -0.153905 0.906652 0.112733 0.352557 0.021353 0.928730
-0.034689 -0.153988 0.907502 0.113251 0.351618 0.021665 0.929015
-0.034606 -0.153900 0.906807 0.112426 0.352332 0.021483 0.928849
-0.034510 -0.154320 0.907794 0.112404 0.352648 0.021565 0.928730
-0.034322 -0.154338 0.906576 0.112379 0.353725 0.021278 0.928330
-0.034124 -0.154696 0.907626 0.112424 0.352920 0.021336 0.928630
-0.033956 -0.154915 0.906969 0.113138 0.353349 0.021439 0.928377
-0.033913 -0.154973 0.906159 0.112516 0.354132 0.021540 0.928152
-0.034257 -0.155245 0.905632 0.115518 0.352789 0.022107 0.928282
-0.034333 -0.155273 0.906687 0.111546 0.352675 0.021077 0.928834
-0.034335 -0.154982 0.905653 0.113526 0.353075 0.021889 0.928424
-0.034501 -0.154801 0.906691 0.112003 0.352013 0.021300 0.929026
-0.034702 -0.154242 0.905599 0.112361 0.353120 0.021278 0.928562
-0.034912 -0.153894 0.906009 0.112606 0.353201 0.021244 0.928503
