0.078835 -0.087092 1.060459 -0.005405 -0.270459 0.005081 0.962703
0.078839 -0.087239 1.059130 -0.005776 -0.268603 0.004842 0.963221
0.078820 -0.087293 1.060750 -0.006054 -0.269229 0.004960 0.963044
0.078580 -0.087350 1.061264 -0.006040 -0.267767 0.005433 0.963449
0.078617 -0.086990 1.059920 -0.005815 -0.268754 0.005243 0.963177
0.078101 -0.087185 1.060467 -0.005893 -0.268596 0.005459 0.963219
0.077954 -0.087072 1.061627 -0.009066 -0.268477 0.005667 0.963227
0.078373 -0.086982 1.059836 -0.007903 -0.267949 0.005027 0.963387
0.078533 -0.087326 1.060550 -0.005248 -0.267492 0.004437 0.963536
0.077720 -0.087176 1.061331 -0.004983 -0.268948 0.005032 0.963129
0.077932 -0.087091 1.059931 -0.006625 -0.267952 0.005273 0.963395
0.078160 -0.087064 1.059566 -0.007461 -0.267565 0.004972 0.963498
0.077759 -0.087188 1.059511 -0.005836 -0.269462 0.004995 0.962980
0.077815 -0.087446 1.061242 -0.004742 -0.268844 0.004623 0.963161
0.078373 -0.087473 1.059690 -0.006262 -0.268107 0.004690 0.963357
0.078229 -0.087630 1.061402 -0.004269 -0.267300 0.004662 0.963593
0.077498 -0.087569 1.060372 -0.006247 -0.266484 0.004805 0.963807
0.078294 -0.087407 1.059213 -0.006878 -0.268349 0.005174 0.963283
0.078565 -0.087591 1.059728 -0.005140 -0.267979 0.004983 0.963398
0.077251 -0.087551 1.060271 -0.006878 -0.264764 0.004454 0.964278
0.077901 -0.087714 1.060323 -0.006204 -0.268633 0.004989 0.963210
0.078555 -0.087517 1.059041 -0.005867 -0.268316 0.004919 0.963301
0.078124 -0.087651 1.060046 -0.007288 -0.265827 0.004664 0.963982
0.077998 -0.087664 1.060697 -0.007329 -0.266713 0.004908 0.963736
0.078005 -0.087626 1.059802 -0.007519 -0.266827 0.005252 0.963701
0.078025 -0.087625 1.060200 -0.006422 -0.266801 0.004809 0.963718
0.078063 -0.087450 1.059782 -0.006113 -0.267106 0.004792 0.963636
0.078102 -0.087635 1.060120 -0.007293 -0.266630 0.005251 0.963757
0.078142 -0.087792 1.060085 -0.007332 -0.265468 0.005086 0.964078
0.078132 -0.087635 1.058853 -0.006901 -0.266605 0.004813 0.963769
0.078149 -0.087736 1.059819 -0.007172 -0.266230 0.005155 0.963869
0.078180 -0.088005 1.061162 -0.006983 -0.265069 0.004576 0.964193
0.078141 -0.087769 1.059004 -0.007771 -0.266229 0.005136 0.963865
0.078140 -0.087805 1.059746 -0.006782 -0.266379 0.004905 0.963832
0.078079 -0.087862 1.059529 -0.008091 -0.265527 0.005380 0.964054
0.078133 -0.087845 1.058881 -0.007656 -0.266562 0.004744 0.963776
0.078183 -0.087735 1.059204 -0.007507 -0.266149 0.005071 0.963889
0.078537 -0.087814 1.058805 -0.005900 -0.267065 0.004914 0.963648
0.078767 -0.087714 1.058964 -0.006022 -0.270430 0.004764 0.962709
0.078758 -0.087540 1.058886 -0.005563 -0.269492 0.004642 0.962975
0.078873 -0.087999 1.060419 -0.005874 -0.268671 0.004771 0.963202
0.078795 -0.087941 1.059157 -0.006148 -0.268966 0.004961 0.963117
0.078736 -0.087601 1.059087 -0.005233 -0.268225 0.004809 0.963330
0.078787 -0.087926 1.058734 -0.006197 -0.269280 0.005186 0.963028
0.078732 -0.087555 1.058389 -0.005091 -0.269272 0.004543 0.963040
0.078977 -0.088040 1.060523 -0.005687 -0.266683 0.004700 0.963756
0.079168 -0.087664 1.057132 -0.007815 -0.264899 0.005399 0.964229
0.079940 -0.087537 1.055601 -0.008175 -0.262134 0.004748 0.964985
0.080819 -0.088207 1.055133 -0.007614 -0.258801 0.004542 0.965890
0.081338 -0.087770 1.048073 -0.007809 -0.258155 0.004689 0.966061
0.082632 -0.087676 1.049923 -0.007908 -0.250573 0.005398 0.968050
0.083599 -0.087658 1.047051 -0.007332 -0.245997 0.004893 0.969231
0.084628 -0.087910 1.044331 -0.007682 -0.245584 0.003379 0.969339
0.085742 -0.087948 1.040808 -0.010153 -0.240692 0.005026 0.970536
0.086926 -0.087662 1.039168 -0.007776 -0.235913 0.004336 0.971733
0.087997 -0.087909 1.035183 -0.008257 -0.230662 0.003885 0.972991
0.089066 -0.088112 1.032542 -0.007881 -0.225518 0.004326 0.974198
0.090005 -0.087723 1.029717 -0.007373 -0.220928 0.004359 0.975252
0.090935 -0.087924 1.026159 -0.011013 -0.217361 0.004355 0.976020
0.092201 -0.088268 1.023144 -0.009595 -0.211788 0.003866 0.977261
0.093365 -0.087905 1.019236 -0.010339 -0.207300 0.004109 0.978214
0.094860 -0.088093 1.016138 -0.009849 -0.200424 0.003909 0.979652
0.096218 -0.088443 1.010542 -0.008502 -0.195171 0.003802 0.980725
0.097596 -0.087951 1.005146 -0.010722 -0.183979 0.004413 0.982862
0.099002 -0.088233 0.999719 -0.011300 -0.176473 0.003720 0.984234
0.100537 -0.088355 0.994027 -0.011207 -0.166741 0.003411 0.985931
0.101755 -0.088288 0.987588 -0.011044 -0.158068 0.002890 0.987362
0.103167 -0.088778 0.981683 -0.011841 -0.146077 0.004009 0.989194
0.104432 -0.088503 0.975501 -0.013062 -0.136686 0.003662 0.990522
0.105621 -0.088536 0.968691 -0.011566 -0.123185 0.003393 0.992311
0.106778 -0.088958 0.961915 -0.008786 -0.117392 0.002739 0.993043
0.107559 -0.088945 0.952550 -0.017418 -0.101128 0.004042 0.994713
0.108184 -0.088765 0.943976 -0.015092 -0.089494 0.002974 0.995869
0.109351 -0.089252 0.940418 -0.021798 -0.063392 0.005259 0.997737
0.109630 -0.089495 0.930823 -0.008653 -0.055304 0.001963 0.998430
0.109658 -0.089432 0.921250 -0.022691 -0.035740 0.005639 0.999088
0.109741 -0.089479 0.914980 -0.019919 -0.024906 0.004122 0.999483
0.109139 -0.089510 0.902288 -0.030165 -0.028118 0.006047 0.999131
0.109216 -0.089869 0.898900 -0.025978 0.006416 0.005166 0.999629
0.108376 -0.089860 0.889078 -0.029573 0.007562 0.005494 0.999519
0.107298 -0.090035 0.879106 -0.045922 0.026080 0.006868 0.998581
0.106075 -0.090074 0.870250 -0.049082 0.042811 0.006301 0.997857
0.104252 -0.090212 0.859091 -0.048002 0.048916 0.006279 0.997629
0.101525 -0.089729 0.842826 0.119272 0.077952 -0.004642 0.989786
0.100020 -0.090265 0.838592 -0.061564 0.067310 0.006473 0.995810
0.097327 -0.090501 0.828143 -0.067527 0.073490 0.006966 0.994983
0.094690 -0.091226 0.819893 -0.052669 0.085097 0.005469 0.994965
0.091795 -0.091165 0.811180 -0.061685 0.091544 0.005616 0.993873
0.089046 -0.091482 0.805908 -0.056263 0.088076 0.004093 0.994515
0.084545 -0.090922 0.787074 0.129298 0.021601 -0.009953 0.991320
0.083110 -0.092881 0.794180 -0.022623 0.119356 0.004268 0.992585
0.078654 -0.091604 0.779461 -0.061536 0.143381 0.003214 0.987747
0.076067 -0.093330 0.782453 -0.026767 0.135352 0.003370 0.990430
0.065034 -0.093509 0.760763 -0.027783 0.182201 0.002380 0.982866
0.058447 -0.094126 0.752737 -0.023527 0.197947 0.002185 0.979928
0.055119 -0.094192 0.746309 -0.026073 0.208653 0.002121 0.977640
0.052004 -0.094186 0.741528 -0.024947 0.214594 0.002010 0.976383
0.049150 -0.094295 0.738377 -0.021538 0.224494 0.002085 0.974235
0.046240 -0.094387 0.734456 -0.020729 0.231957 0.001961 0.972503
0.043265 -0.094559 0.730390 -0.021825 0.235910 0.001771 0.971528
0.040246 -0.094624 0.727066 -0.023465 0.242259 0.001636 0.969926
0.037194 -0.094778 0.723936 -0.022189 0.251262 0.002051 0.967663
0.033716 -0.094900 0.718685 -0.021651 0.261314 0.002322 0.965008
0.029959 -0.094929 0.714470 -0.023639 0.269113 0.002650 0.962815
-0.014591 -0.096452 0.675570 -0.017662 0.354583 0.001622 0.934856
-0.019779 -0.096430 0.672007 -0.016425 0.365214 0.001560 0.930777
-0.021712 -0.096354 0.669923 -0.016232 0.368541 0.001404 0.929469
-0.023355 -0.096667 0.669179 -0.015555 0.370679 0.000959 0.928630
-0.024637 -0.096564 0.667963 -0.015013 0.374242 0.000698 0.927209
-0.025902 -0.096516 0.668027 -0.015026 0.374613 0.000747 0.927059
-0.027008 -0.096650 0.666405 -0.014641 0.377724 0.001102 0.925802
-0.028318 -0.096522 0.665219 -0.015357 0.380114 0.001271 0.924811
-0.029964 -0.096394 0.663872 -0.016135 0.383832 0.001151 0.923261
-0.031968 -0.096572 0.663063 -0.017134 0.387543 0.001574 0.921691
-0.034491 -0.096733 0.661627 -0.017583 0.390542 0.001554 0.920416
0.000819 -0.095345 0.687538 -0.015495 0.328922 -0.001264 0.944229
0.002674 -0.095289 0.690703 -0.012899 0.323850 -0.000324 0.946020
0.003995 -0.095152 0.692000 -0.014250 0.321630 -0.000084 0.946758
0.004710 -0.095217 0.692591 -0.014654 0.320000 -0.000314 0.947304
0.004874 -0.095271 0.692875 -0.014447 0.319110 -0.000176 0.947608
0.004696 -0.095115 0.692247 -0.014928 0.320569 -0.000092 0.947108
0.004478 -0.095192 0.692326 -0.014198 0.320252 -0.000185 0.947226
0.004623 -0.095230 0.692374 -0.014594 0.320093 -0.000079 0.947274
0.005275 -0.095127 0.692766 -0.014825 0.319232 -0.000556 0.947560
0.006554 -0.095422 0.693762 -0.013640 0.317785 -0.000163 0.948065
0.008293 -0.095334 0.695379 -0.011327 0.314631 0.000031 0.949146
0.010462 -0.095160 0.697771 -0.011408 0.306892 -0.001298 0.951675
0.013109 -0.094871 0.698194 -0.014719 0.302017 -0.000839 0.953188
0.015944 -0.094931 0.701552 -0.011811 0.299760 -0.000274 0.953941
0.018616 -0.094869 0.704964 -0.012133 0.292968 -0.000700 0.956045
0.021251 -0.094805 0.707868 -0.013668 0.284928 -0.001305 0.958451
0.023910 -0.094874 0.711295 -0.009990 0.279960 -0.000226 0.959960
0.026486 -0.094492 0.712277 -0.015484 0.273203 -0.000813 0.961831
0.029204 -0.094538 0.716504 -0.016005 0.266761 -0.000968 0.963629
0.031805 -0.094336 0.719346 -0.013458 0.260996 -0.000934 0.965246
0.034291 -0.094048 0.721825 -0.014429 0.257858 -0.000523 0.966075
0.036613 -0.093916 0.724813 -0.015620 0.251874 -0.001057 0.967633
0.039070 -0.094032 0.727266 -0.016963 0.244468 -0.000831 0.969509
0.041679 -0.094136 0.730929 -0.013916 0.238141 -0.001121 0.971130
0.044471 -0.093953 0.733817 -0.014345 0.233803 -0.000740 0.972178
0.047557 -0.093990 0.738280 -0.013184 0.227779 -0.000979 0.973623
0.050970 -0.093646 0.741722 -0.016968 0.216761 -0.001137 0.976077
0.054846 -0.093378 0.748264 -0.010688 0.209302 -0.001183 0.977792
0.062340 -0.093022 0.758069 -0.016014 0.184240 -0.001229 0.982750
0.066236 -0.092967 0.765054 -0.009847 0.175401 -0.000558 0.984448
0.069704 -0.092866 0.771355 -0.017354 0.158353 -0.001401 0.987229
0.072802 -0.092427 0.774534 -0.025225 0.147255 -0.000123 0.988777
0.076007 -0.092626 0.783462 -0.011458 0.129196 -0.000098 0.991553
0.077891 -0.091826 0.782347 -0.037343 0.129693 0.000355 0.990851
0.079956 -0.091764 0.787190 -0.032534 0.124057 0.000665 0.991741
0.082075 -0.091639 0.792104 -0.032343 0.114079 0.000823 0.992945
0.083716 -0.091055 0.794349 -0.048053 0.105108 0.000928 0.993299
0.085936 -0.091457 0.800582 -0.020416 0.097725 0.001906 0.995002
0.087642 -0.090773 0.803749 -0.051982 0.095796 0.001466 0.994042
0.089434 -0.090740 0.807673 -0.043191 0.083746 0.002621 0.995547
0.091000 -0.090412 0.810574 -0.051307 0.089543 0.002688 0.994657
0.092764 -0.090365 0.815872 -0.046233 0.078282 0.003351 0.995853
0.094363 -0.089982 0.819977 -0.058800 0.079523 0.003700 0.995090
0.096019 -0.090015 0.825166 -0.054301 0.069278 0.004160 0.996110
0.097377 -0.089613 0.829107 -0.060203 0.068185 0.004629 0.995844
0.099060 -0.089595 0.835454 -0.056524 0.062860 0.005172 0.996407
0.100733 -0.089602 0.842863 -0.054227 0.060991 0.004666 0.996653
0.101884 -0.089404 0.847296 -0.047316 0.058028 0.004906 0.997181
0.103129 -0.089218 0.853363 -0.053961 0.050433 0.005704 0.997252
0.104518 -0.089341 0.860767 -0.036532 0.043193 0.004574 0.998388
0.105658 -0.089134 0.867878 -0.049541 0.041261 0.005570 0.997904
0.106446 -0.089036 0.873206 -0.037457 0.029367 0.004926 0.998855
0.107447 -0.088956 0.880694 -0.041621 0.034174 0.005815 0.998532
0.108255 -0.088985 0.887357 -0.024595 0.014953 0.004693 0.999575
0.108879 -0.088859 0.894316 -0.033932 0.015629 0.005621 0.999286
0.108959 -0.088673 0.896644 -0.016114 -0.007760 0.003821 0.999833
0.109188 -0.088426 0.901098 -0.028307 -0.008863 0.005679 0.999544
0.109941 -0.088635 0.908968 -0.016785 -0.009761 0.004536 0.999801
0.110032 -0.088637 0.912129 -0.008566 -0.016754 0.003319 0.999817
0.109734 -0.088409 0.912294 -0.018706 -0.025530 0.005081 0.999486
0.109701 -0.088174 0.914742 -0.026388 -0.031071 0.006604 0.999147
0.109971 -0.088184 0.920546 -0.016069 -0.034973 0.005080 0.999246
0.109757 -0.087997 0.924423 -0.001595 -0.050969 0.002153 0.998697
0.109695 -0.087902 0.930091 -0.018585 -0.053499 0.005973 0.998377
0.109622 -0.087827 0.935824 -0.014170 -0.056939 0.005598 0.998261
0.109056 -0.087548 0.938096 -0.006367 -0.074452 0.003598 0.997198
0.108710 -0.087413 0.942736 -0.012601 -0.082716 0.004905 0.996481
0.108404 -0.087349 0.948035 -0.009133 -0.089713 0.004822 0.995914
0.107873 -0.087289 0.952652 -0.006670 -0.096384 0.003977 0.995314
0.107305 -0.087149 0.957157 -0.009876 -0.104975 0.005386 0.994411
0.106780 -0.087063 0.962593 -0.008529 -0.113898 0.004787 0.993444
0.105962 -0.086990 0.966807 -0.006365 -0.118759 0.004667 0.992892
0.105132 -0.086806 0.971017 -0.010301 -0.130123 0.004776 0.991433
0.104385 -0.086788 0.976953 -0.005816 -0.135336 0.005034 0.990770
0.103464 -0.086717 0.981483 -0.006491 -0.147771 0.004769 0.988989
0.102446 -0.086600 0.985376 -0.009070 -0.152797 0.005272 0.988202
0.101596 -0.086534 0.989644 -0.008216 -0.158359 0.005824 0.987330
0.100549 -0.086432 0.992871 -0.008052 -0.165340 0.005548 0.986188
0.099711 -0.086373 0.997179 -0.007192 -0.172306 0.005237 0.985003
0.098756 -0.086323 1.001117 -0.005444 -0.176458 0.004939 0.984281
0.097748 -0.086295 1.004307 -0.008521 -0.182410 0.005739 0.983169
0.096734 -0.086208 1.007638 -0.006783 -0.189772 0.005352 0.981790
0.095784 -0.086164 1.011623 -0.006358 -0.195798 0.005202 0.980610
0.094672 -0.086160 1.014862 -0.007500 -0.200421 0.005598 0.979665
0.093663 -0.086107 1.018762 -0.005592 -0.206359 0.005556 0.978445
0.092382 -0.086101 1.022705 -0.003863 -0.212463 0.005454 0.977146
0.090780 -0.086069 1.026763 -0.005965 -0.217788 0.005471 0.975963
0.089100 -0.086034 1.031388 -0.006402 -0.226193 0.005897 0.974043
0.087395 -0.085950 1.034959 -0.008004 -0.230949 0.006328 0.972912
0.085002 -0.085907 1.041588 -0.006122 -0.239904 0.005239 0.970763
0.084188 -0.085899 1.042764 -0.005587 -0.244025 0.005469 0.969738
0.083483 -0.086063 1.044881 -0.007012 -0.245109 0.005440 0.969455
0.082927 -0.086196 1.046382 -0.006196 -0.250771 0.005431 0.968011
0.082218 -0.085970 1.047172 -0.006101 -0.252676 0.005526 0.967516
0.079775 -0.085815 1.053449 -0.006286 -0.262029 0.005436 0.965024
0.078957 -0.085845 1.056653 -0.006151 -0.263953 0.005550 0.964500
0.078000 -0.085855 1.057715 -0.007094 -0.267052 0.005643 0.963639
0.077916 -0.085962 1.058642 -0.007860 -0.266586 0.005570 0.963763
0.077913 -0.085944 1.058490 -0.007553 -0.266091 0.005558 0.963902
0.077909 -0.085966 1.058718 -0.008359 -0.267086 0.005567 0.963620
0.077829 -0.085941 1.057566 -0.009099 -0.266684 0.005657 0.963725
0.077931 -0.085974 1.058586 -0.007564 -0.267024 0.005480 0.963645
0.077900 -0.085945 1.058004 -0.008310 -0.266786 0.005684 0.963703
0.077922 -0.085977 1.058448 -0.008332 -0.267016 0.005539 0.963640
0.077896 -0.085960 1.058019 -0.008265 -0.266750 0.005699 0.963714
0.077997 -0.086016 1.059146 -0.007870 -0.266554 0.005668 0.963771
0.077918 -0.085990 1.058380 -0.008352 -0.266737 0.005630 0.963717
0.077945 -0.086015 1.058730 -0.008311 -0.266934 0.005713 0.963662
0.077889 -0.085982 1.058150 -0.008315 -0.267173 0.005578 0.963597
0.077955 -0.085991 1.059003 -0.007789 -0.267556 0.005431 0.963496
0.077939 -0.085998 1.058662 -0.007985 -0.267861 0.005521 0.963409
0.077964 -0.085987 1.058986 -0.007371 -0.267898 0.005408 0.963404
0.077927 -0.085907 1.058316 -0.007677 -0.267060 0.005862 0.963632
0.077968 -0.085943 1.058833 -0.007115 -0.267384 0.005557 0.963548
0.077918 -0.085920 1.058443 -0.007807 -0.266892 0.005661 0.963678
0.077954 -0.085873 1.058849 -0.007977 -0.267572 0.005544 0.963489
0.077892 -0.086016 1.058531 -0.007939 -0.267073 0.006110 0.963624
0.077793 -0.085647 1.059342 -0.005176 -0.268545 0.005378 0.963238
0.077743 -0.085059 1.058963 -0.005801 -0.269526 0.005401 0.962960
0.077762 -0.085377 1.058434 -0.006986 -0.268954 0.005571 0.963112
0.077882 -0.085217 1.059626 -0.007051 -0.269641 0.005841 0.962917
0.077837 -0.084980 1.059453 -0.007905 -0.268112 0.005508 0.963339
0.077913 -0.085583 1.058900 -0.007113 -0.267275 0.005676 0.963577
0.077909 -0.085177 1.059749 -0.007088 -0.268409 0.005687 0.963262
0.077916 -0.084883 1.060655 -0.006360 -0.268613 0.005170 0.963213
0.077936 -0.085633 1.059718 -0.007654 -0.267727 0.005281 0.963450
0.077948 -0.085276 1.059946 -0.006452 -0.267590 0.005436 0.963496
0.077938 -0.084803 1.061046 -0.005173 -0.267887 0.005664 0.963420
0.077877 -0.085585 1.059394 -0.007625 -0.268144 0.005247 0.963335
0.077974 -0.085454 1.060032 -0.006210 -0.267910 0.004975 0.963411
0.077905 -0.084720 1.060557 -0.007100 -0.268520 0.005755 0.963231
0.077765 -0.085354 1.058441 -0.007796 -0.269502 0.005664 0.962952
0.077947 -0.085625 1.059702 -0.007318 -0.267553 0.005282 0.963501
0.077978 -0.084920 1.060709 -0.005982 -0.268681 0.005924 0.963192
0.077810 -0.085796 1.058965 -0.005638 -0.268994 0.005674 0.963109
0.077670 -0.084615 1.059690 -0.006743 -0.268380 0.006156 0.963270
0.077609 -0.084912 1.060847 -0.007566 -0.267781 0.005366 0.963435
0.077849 -0.085865 1.060002 -0.005360 -0.268040 0.005773 0.963375
0.077701 -0.084850 1.059066 -0.007621 -0.269996 0.006157 0.962811
0.077789 -0.084829 1.062190 -0.006766 -0.267897 0.005647 0.963407
0.077798 -0.085964 1.059815 -0.007528 -0.268676 0.005860 0.963183
0.077772 -0.085207 1.061253 -0.005681 -0.266445 0.005580 0.963817
0.077706 -0.084750 1.062032 -0.006422 -0.267313 0.005238 0.963574
0.077717 -0.085835 1.059866 -0.007142 -0.267432 0.005758 0.963533
0.077753 -0.085259 1.060724 -0.006308 -0.267321 0.005662 0.963570
0.077549 -0.084398 1.060734 -0.007381 -0.267196 0.005588 0.963598
0.077471 -0.085570 1.059676 -0.008452 -0.267629 0.005796 0.963467
0.077579 -0.085447 1.061250 -0.006419 -0.267294 0.005548 0.963578
0.077591 -0.084490 1.061252 -0.008114 -0.266548 0.005803 0.963770
0.077572 -0.085291 1.058601 -0.008328 -0.268786 0.005538 0.963148
0.078080 -0.085701 1.061196 -0.006359 -0.266792 0.005501 0.963718
0.078293 -0.085603 1.059478 -0.009023 -0.267603 0.006477 0.963465
0.078620 -0.086209 1.059392 -0.006913 -0.267888 0.006336 0.963405
0.078819 -0.085674 1.059656 -0.005956 -0.269303 0.006117 0.963018
0.078912 -0.085224 1.060373 -0.006563 -0.268320 0.007163 0.963281
0.078887 -0.085519 1.059494 -0.007444 -0.268712 0.006009 0.963173
0.079151 -0.085835 1.059892 -0.006754 -0.266754 0.006430 0.963720
0.079213 -0.085659 1.060237 -0.006554 -0.265358 0.006126 0.964108
0.079104 -0.086059 1.060157 -0.007385 -0.266796 0.005842 0.963707
0.078967 -0.086175 1.057680 -0.008174 -0.267895 0.006001 0.963395
0.078988 -0.085252 1.059308 -0.005695 -0.269388 0.005960 0.962997
0.078904 -0.085971 1.060112 -0.006767 -0.268375 0.005308 0.963276
0.078853 -0.086084 1.056361 -0.007636 -0.268472 0.005160 0.963243
0.078717 -0.085736 1.059283 -0.004581 -0.268727 0.005604 0.963189
0.078028 -0.085288 1.057611 -0.009969 -0.267613 0.005719 0.963458
0.078351 -0.085929 1.060451 -0.008402 -0.266477 0.004984 0.963792
0.078264 -0.085962 1.058939 -0.008000 -0.267060 0.005382 0.963632
