0.022409 -0.066796 0.931106 -0.011521 0.406591 -0.009220 0.913491
0.022453 -0.067019 0.931530 -0.011847 0.407115 -0.009018 0.913256
0.022452 -0.066848 0.931012 -0.011060 0.406345 -0.008796 0.913611
0.022243 -0.067527 0.930364 -0.010857 0.407256 -0.008551 0.913210
0.022247 -0.067422 0.931290 -0.010564 0.407261 -0.008501 0.913211
0.022250 -0.067441 0.931269 -0.010944 0.407197 -0.008594 0.913234
0.022186 -0.067605 0.930670 -0.012273 0.406491 -0.009231 0.913526
0.022138 -0.067303 0.931030 -0.010809 0.405541 -0.008902 0.913970
0.022229 -0.067605 0.930015 -0.011605 0.407310 -0.009049 0.913171
0.022166 -0.067313 0.930843 -0.010862 0.406799 -0.009073 0.913408
0.022177 -0.067521 0.931410 -0.010197 0.405861 -0.008610 0.913837
0.022244 -0.067786 0.931256 -0.010079 0.407288 -0.008743 0.913202
0.022313 -0.067530 0.930320 -0.011033 0.406669 -0.008926 0.913465
0.022381 -0.067444 0.931457 -0.010733 0.406508 -0.008859 0.913541
0.022354 -0.067485 0.929911 -0.010934 0.406793 -0.008887 0.913412
0.022372 -0.067432 0.929603 -0.011091 0.407206 -0.008624 0.913228
0.022349 -0.067195 0.931065 -0.012667 0.405190 -0.009144 0.914099
0.022225 -0.067698 0.930660 -0.010635 0.405998 -0.009004 0.913768
0.022213 -0.067616 0.930250 -0.011403 0.405880 -0.009122 0.913810
0.022290 -0.067356 0.930714 -0.008947 0.403977 -0.008173 0.914689
0.022154 -0.067798 0.929885 -0.011689 0.405024 -0.009350 0.914184
0.021650 -0.067697 0.929590 -0.011498 0.402205 -0.008332 0.915440
0.021112 -0.067677 0.929008 -0.011325 0.401943 -0.009047 0.915550
0.020935 -0.067581 0.928231 -0.011675 0.400904 -0.008351 0.916008
0.020826 -0.067728 0.928419 -0.012082 0.400393 -0.007875 0.916230
0.020439 -0.067648 0.927625 -0.010725 0.401368 -0.008852 0.915811
-0.063999 -0.070099 0.781338 -0.015522 0.256652 -0.004691 0.966368
-0.066685 -0.070259 0.776229 -0.015575 0.249399 -0.005312 0.968261
-0.069020 -0.070410 0.768295 -0.015592 0.245806 -0.004752 0.969182
-0.071647 -0.070414 0.761621 -0.018511 0.235936 -0.005832 0.971575
-0.074124 -0.070562 0.754789 -0.017893 0.231053 -0.005147 0.972763
-0.078980 -0.070737 0.740380 -0.015409 0.219676 -0.004533 0.975441
-0.081291 -0.070836 0.733405 -0.013910 0.214182 -0.004040 0.976686
-0.083267 -0.070864 0.725131 -0.017163 0.207453 -0.004651 0.978083
-0.085338 -0.070934 0.718712 -0.019110 0.197728 -0.005398 0.980056
-0.086974 -0.071001 0.710711 -0.017877 0.192481 -0.004789 0.981126
-0.088704 -0.071389 0.705525 -0.014247 0.187633 -0.003596 0.982129
-0.090192 -0.071369 0.698820 -0.020141 0.175980 -0.005357 0.984173
-0.091412 -0.071483 0.692116 -0.017821 0.173592 -0.004261 0.984647
-0.092871 -0.071738 0.687324 -0.017156 0.165495 -0.004706 0.986050
-0.093870 -0.071758 0.680078 -0.018955 0.161927 -0.004531 0.986610
-0.096131 -0.072097 0.668661 -0.018018 0.148243 -0.004176 0.988778
-0.097070 -0.072167 0.662247 -0.018386 0.143810 -0.004189 0.989426
-0.098025 -0.072290 0.656765 -0.019911 0.136565 -0.004203 0.990422
-0.098883 -0.072437 0.650750 -0.021122 0.128768 -0.004498 0.991440
-0.099550 -0.072527 0.644283 -0.019847 0.124444 -0.004247 0.992019
-0.100221 -0.072609 0.638628 -0.021642 0.120559 -0.004629 0.992459
-0.100891 -0.072795 0.632718 -0.021676 0.112579 -0.004353 0.993397
-0.101335 -0.072811 0.625979 -0.026141 0.107074 -0.005420 0.993893
-0.101973 -0.073185 0.620901 -0.013884 0.105280 -0.002239 0.994343
-0.102180 -0.073058 0.613440 -0.026712 0.095745 -0.005319 0.995033
-0.102501 -0.073329 0.607630 -0.023020 0.093769 -0.004254 0.995319
-0.102830 -0.073538 0.593252 -0.024583 0.077814 -0.004254 0.996656
-0.102963 -0.073756 0.587021 -0.023312 0.073796 -0.004098 0.996992
-0.102831 -0.073946 0.572436 -0.028699 0.057258 -0.005031 0.997934
-0.102548 -0.074143 0.565120 -0.024210 0.054576 -0.003577 0.998210
-0.102074 -0.073928 0.557157 -0.041112 0.047912 -0.006980 0.997981
-0.101885 -0.074301 0.551342 -0.031039 0.040843 -0.005170 0.998670
-0.101508 -0.074518 0.545358 -0.031682 0.030973 -0.004592 0.999007
-0.100930 -0.074635 0.538398 -0.029998 0.023050 -0.004297 0.999275
-0.100217 -0.074641 0.531707 -0.031869 0.021931 -0.004509 0.999241
-0.099580 -0.074692 0.525489 -0.034765 0.013941 -0.005239 0.999285
-0.097860 -0.074839 0.512332 -0.033966 0.005196 -0.004634 0.999399
-0.096978 -0.074856 0.506496 -0.038218 -0.001048 -0.005217 0.999255
-0.096033 -0.074730 0.500596 -0.037767 -0.008395 -0.004889 0.999239
-0.094982 -0.074928 0.494640 -0.043504 -0.017225 -0.005346 0.998890
-0.093716 -0.075014 0.487481 -0.037356 -0.020357 -0.004818 0.999083
-0.092497 -0.075181 0.481540 -0.044061 -0.027924 -0.005466 0.998624
-0.091082 -0.075464 0.474814 -0.042991 -0.030158 -0.005092 0.998607
-0.089805 -0.075702 0.469290 -0.040509 -0.036939 -0.004596 0.998486
-0.086870 -0.075745 0.457428 -0.045573 -0.040483 -0.005027 0.998128
-0.085508 -0.075921 0.452181 -0.047510 -0.046458 -0.005024 0.997777
-0.083981 -0.075932 0.446387 -0.048840 -0.050528 -0.005098 0.997515
-0.082553 -0.076111 0.441489 -0.044513 -0.053656 -0.004449 0.997557
-0.081137 -0.076167 0.436677 -0.048009 -0.055516 -0.004848 0.997291
-0.078275 -0.076411 0.427701 -0.048315 -0.061565 -0.004536 0.996923
-0.076678 -0.076416 0.422334 -0.046632 -0.070813 -0.004112 0.996391
-0.075318 -0.076611 0.418957 -0.042898 -0.065788 -0.004020 0.996903
-0.073774 -0.076703 0.414422 -0.042924 -0.068480 -0.003944 0.996721
-0.070802 -0.076934 0.406547 -0.038660 -0.074012 -0.003400 0.996502
-0.069397 -0.077140 0.403364 -0.038335 -0.076266 -0.002907 0.996346
-0.067943 -0.077165 0.399244 -0.034148 -0.080105 -0.003087 0.996197
-0.066616 -0.077049 0.396013 -0.035679 -0.082321 -0.002997 0.995963
-0.065403 -0.077062 0.393161 -0.037177 -0.080879 -0.002354 0.996028
-0.064335 -0.077216 0.390961 -0.030583 -0.085528 -0.002090 0.995864
-0.063275 -0.077183 0.388187 -0.030707 -0.088375 -0.002082 0.995612
-0.062402 -0.077204 0.386072 -0.034504 -0.088458 -0.002039 0.995480
-0.061650 -0.077376 0.384664 -0.029199 -0.089587 -0.001494 0.995550
-0.060093 -0.077400 0.380912 -0.028868 -0.093101 -0.001549 0.995237
-0.059307 -0.077437 0.379148 -0.031615 -0.094977 -0.001530 0.994976
-0.058502 -0.077517 0.377558 -0.029292 -0.094285 -0.001439 0.995113
-0.057577 -0.077597 0.375665 -0.027420 -0.099363 -0.001679 0.994672
-0.056526 -0.077617 0.373185 -0.028996 -0.100910 -0.001595 0.994472
-0.055403 -0.077644 0.370712 -0.031231 -0.104417 -0.001636 0.994042
-0.054227 -0.077773 0.368520 -0.026285 -0.105454 -0.001701 0.994075
-0.052924 -0.077818 0.365861 -0.027904 -0.107234 -0.001963 0.993840
-0.051524 -0.077913 0.363067 -0.025213 -0.110795 -0.001811 0.993522
-0.050030 -0.078002 0.360178 -0.024706 -0.112508 -0.001680 0.993342
-0.048490 -0.078103 0.356993 -0.023956 -0.116055 -0.001947 0.992952
-0.046870 -0.078250 0.353955 -0.024950 -0.121077 -0.001795 0.992328
-0.045289 -0.078334 0.350962 -0.024006 -0.123655 -0.001958 0.992033
-0.043691 -0.078461 0.348203 -0.025461 -0.126960 -0.001686 0.991580
-0.042120 -0.078467 0.345002 -0.023368 -0.129645 -0.001688 0.991284
-0.040702 -0.078640 0.343023 -0.021062 -0.131435 -0.001498 0.991100
-0.039297 -0.078609 0.340161 -0.020582 -0.135669 -0.001456 0.990539
-0.038032 -0.078624 0.337774 -0.020529 -0.138895 -0.001481 0.990093
-0.036889 -0.078740 0.335931 -0.015483 -0.141380 -0.001420 0.989833
-0.035839 -0.078792 0.334373 -0.017763 -0.141293 -0.000686 0.989808
-0.034869 -0.078788 0.332230 -0.014779 -0.145292 -0.001357 0.989277
-0.033977 -0.078865 0.331117 -0.017663 -0.145499 -0.000786 0.989200
-0.033120 -0.078920 0.329537 -0.014515 -0.147531 -0.000961 0.988950
-0.032310 -0.078943 0.328259 -0.014654 -0.148521 -0.000861 0.988800
-0.031486 -0.078974 0.326851 -0.015846 -0.148078 -0.000828 0.988848
-0.030587 -0.079010 0.325345 -0.015726 -0.152393 -0.000963 0.988194
-0.029664 -0.079035 0.323696 -0.014525 -0.153491 -0.001073 0.988043
-0.028709 -0.079060 0.322202 -0.016436 -0.155198 -0.001086 0.987746
-0.027669 -0.079088 0.320298 -0.015849 -0.158120 -0.001340 0.987292
-0.026635 -0.079148 0.318937 -0.015157 -0.158631 -0.001128 0.987221
-0.025553 -0.079197 0.317036 -0.013955 -0.161734 -0.001613 0.986734
-0.024403 -0.079231 0.315306 -0.017050 -0.163370 -0.001151 0.986417
-0.023261 -0.079310 0.313590 -0.012868 -0.164908 -0.001723 0.986224
-0.022052 -0.079338 0.311817 -0.016114 -0.166667 -0.001262 0.985881
-0.020782 -0.079395 0.309742 -0.015439 -0.169326 -0.001633 0.985438
-0.019473 -0.079469 0.308000 -0.013332 -0.171334 -0.001786 0.985121
-0.018119 -0.079471 0.305674 -0.012036 -0.175079 -0.002288 0.984478
-0.016775 -0.079593 0.304027 -0.015168 -0.176617 -0.001526 0.984162
-0.015439 -0.079576 0.301843 -0.014050 -0.179611 -0.001756 0.983636
-0.014205 -0.079656 0.300086 -0.013465 -0.180821 -0.001810 0.983422
-0.013003 -0.079647 0.298107 -0.013951 -0.184209 -0.001733 0.982787
-0.011934 -0.079757 0.296868 -0.011216 -0.185073 -0.001929 0.982659
-0.010909 -0.079723 0.295163 -0.012840 -0.186463 -0.001635 0.982377
-0.009945 -0.079818 0.294082 -0.012843 -0.187688 -0.001501 0.982144
-0.009037 -0.079863 0.292777 -0.011435 -0.189535 -0.001599 0.981806
-0.008156 -0.079849 0.291428 -0.011944 -0.191175 -0.001657 0.981482
-0.007298 -0.079910 0.290332 -0.010945 -0.192201 -0.001775 0.981293
-0.006461 -0.079945 0.289171 -0.012180 -0.193198 -0.001326 0.981083
-0.005626 -0.079939 0.287969 -0.010465 -0.195015 -0.001906 0.980743
-0.004862 -0.079987 0.287013 -0.010390 -0.194656 -0.001840 0.980815
-0.004087 -0.080056 0.286081 -0.010533 -0.196031 -0.001478 0.980540
-0.003310 -0.080033 0.284919 -0.010287 -0.197578 -0.001760 0.980232
-0.002557 -0.080031 0.283693 -0.011396 -0.198843 -0.001885 0.979963
-0.001740 -0.080135 0.283024 -0.009404 -0.200227 -0.001867 0.979703
-0.000948 -0.080128 0.281742 -0.009198 -0.202155 -0.002075 0.979308
-0.000140 -0.080137 0.280692 -0.010731 -0.202230 -0.001986 0.979277
-0.060892 -0.077685 0.383218 -0.014631 -0.084986 0.001934 0.996273
-0.064121 -0.077378 0.390705 -0.020332 -0.081744 0.000507 0.996446
-0.067197 -0.076924 0.397999 -0.019183 -0.068563 0.000435 0.997462
-0.069792 -0.076750 0.404574 -0.029993 -0.067140 -0.000826 0.997292
-0.072151 -0.076648 0.410405 -0.035097 -0.062457 -0.000908 0.997430
-0.074364 -0.076368 0.416018 -0.039178 -0.059385 -0.002458 0.997463
-0.076499 -0.076350 0.422518 -0.042526 -0.056122 -0.002361 0.997515
-0.078241 -0.076104 0.427540 -0.043431 -0.054514 -0.002686 0.997564
-0.079874 -0.075741 0.432084 -0.043924 -0.050169 -0.003389 0.997769
-0.081455 -0.075714 0.437416 -0.043237 -0.051671 -0.003508 0.997722
-0.082655 -0.075524 0.441298 -0.043478 -0.047122 -0.003720 0.997936
-0.083788 -0.075445 0.445191 -0.044528 -0.047497 -0.003967 0.997871
-0.084784 -0.075417 0.448752 -0.042674 -0.043164 -0.003865 0.998149
-0.086129 -0.075290 0.453516 -0.040711 -0.043922 -0.003942 0.998197
-0.086792 -0.075294 0.456130 -0.042781 -0.041146 -0.004193 0.998228
-0.087202 -0.075266 0.457730 -0.044261 -0.036854 -0.004628 0.998329
-0.087573 -0.075340 0.459258 -0.040476 -0.040238 -0.004074 0.998362
-0.087833 -0.075295 0.460299 -0.041383 -0.038340 -0.004060 0.998399
-0.088008 -0.075186 0.460711 -0.043734 -0.037330 -0.004497 0.998335
-0.088194 -0.075205 0.461542 -0.043658 -0.038188 -0.004538 0.998306
-0.088398 -0.075307 0.462387 -0.041233 -0.035578 -0.004290 0.998507
-0.088709 -0.075340 0.463648 -0.037457 -0.035768 -0.004182 0.998649
-0.088891 -0.075220 0.464105 -0.038344 -0.034324 -0.004288 0.998666
-0.089203 -0.075177 0.465587 -0.041032 -0.032702 -0.004309 0.998613
-0.090268 -0.075046 0.469834 -0.040094 -0.029896 -0.004635 0.998738
-0.090829 -0.074977 0.472199 -0.039143 -0.026113 -0.004479 0.998882
-0.091561 -0.074927 0.475555 -0.040485 -0.025503 -0.004654 0.998844
-0.092412 -0.074919 0.479376 -0.037544 -0.021394 -0.004310 0.999057
-0.093191 -0.074849 0.483145 -0.036754 -0.019574 -0.004420 0.999123
-0.093923 -0.074717 0.486606 -0.037709 -0.017100 -0.004599 0.999132
-0.094878 -0.074691 0.491553 -0.036088 -0.017080 -0.004395 0.999193
-0.095752 -0.074629 0.496371 -0.038834 -0.014743 -0.004592 0.999126
-0.096315 -0.074384 0.499842 -0.036829 0.001767 -0.005106 0.999307
-0.097303 -0.074558 0.505443 -0.029234 -0.004222 -0.003806 0.999556
-0.097996 -0.074340 0.509806 -0.030175 -0.000936 -0.004328 0.999535
-0.099487 -0.074166 0.520239 -0.032480 0.007871 -0.004855 0.999430
-0.100075 -0.074051 0.525106 -0.031371 0.016059 -0.004936 0.999367
-0.100654 -0.074013 0.530257 -0.028409 0.020310 -0.004383 0.999380
-0.101227 -0.073910 0.535557 -0.026904 0.025906 -0.004361 0.999293
-0.101609 -0.073758 0.540243 -0.028166 0.030480 -0.004597 0.999128
-0.102146 -0.073747 0.545727 -0.024292 0.034114 -0.004093 0.999114
-0.102768 -0.073794 0.552433 -0.020746 0.032892 -0.003261 0.999238
-0.102701 -0.073265 0.555551 -0.032971 0.048996 -0.006163 0.998236
-0.103254 -0.073528 0.562320 -0.019490 0.047502 -0.003320 0.998675
-0.103561 -0.073170 0.572948 -0.021683 0.062061 -0.004059 0.997829
-0.103717 -0.073077 0.578870 -0.020465 0.068203 -0.004410 0.997452
-0.103808 -0.072921 0.585163 -0.022121 0.073144 -0.004663 0.997065
-0.103741 -0.072788 0.591403 -0.020575 0.080095 -0.004462 0.996565
-0.103694 -0.072661 0.598496 -0.018891 0.085960 -0.004464 0.996109
-0.103465 -0.072425 0.605341 -0.021014 0.093279 -0.004711 0.995407
-0.103133 -0.072215 0.612202 -0.022251 0.099568 -0.005179 0.994768
-0.102885 -0.072245 0.620526 -0.016106 0.101555 -0.004034 0.994691
-0.102163 -0.071951 0.626845 -0.017218 0.112057 -0.004197 0.993544
-0.101508 -0.071765 0.634206 -0.017394 0.118215 -0.005163 0.992822
-0.100726 -0.071561 0.641660 -0.019835 0.121423 -0.005548 0.992387
-0.098825 -0.071282 0.657783 -0.016607 0.139985 -0.005216 0.990001
-0.097597 -0.071105 0.665267 -0.016426 0.146920 -0.005191 0.988998
-0.096268 -0.070877 0.673246 -0.016776 0.155224 -0.005566 0.987721
-0.094937 -0.070760 0.681888 -0.015476 0.161391 -0.005957 0.986751
-0.093273 -0.070518 0.689168 -0.018704 0.166566 -0.006104 0.985834
-0.091446 -0.070432 0.697195 -0.012257 0.181180 -0.004458 0.983363
-0.089813 -0.070237 0.706285 -0.013982 0.186594 -0.005758 0.982321
-0.087841 -0.070031 0.713549 -0.017116 0.191439 -0.006937 0.981331
-0.085676 -0.069882 0.721114 -0.013067 0.204241 -0.005413 0.978819
-0.083602 -0.069750 0.729387 -0.013284 0.210356 -0.005669 0.977518
0.012652 -0.066136 0.916355 -0.012108 0.391111 -0.008781 0.920222
0.023785 -0.065936 0.929956 -0.011652 0.407277 -0.008544 0.913190
0.023795 -0.065938 0.929912 -0.012226 0.407326 -0.008684 0.913160
0.023823 -0.065969 0.930050 -0.011997 0.407564 -0.008689 0.913057
0.023869 -0.065946 0.929814 -0.012415 0.407877 -0.008610 0.912912
0.023862 -0.065941 0.929700 -0.011954 0.407886 -0.008507 0.912915
0.023951 -0.065955 0.930032 -0.012366 0.408542 -0.008446 0.912617
0.023956 -0.065974 0.930167 -0.012172 0.408317 -0.008322 0.912721
0.023977 -0.065969 0.930104 -0.012508 0.408737 -0.008527 0.912527
0.023989 -0.066068 0.930943 -0.011737 0.407734 -0.008542 0.912985
0.023958 -0.066049 0.930153 -0.012244 0.407990 -0.008835 0.912862
0.023962 -0.066092 0.930593 -0.012327 0.407934 -0.008923 0.912885
0.023954 -0.066174 0.930982 -0.012640 0.407645 -0.008882 0.913010
0.023926 -0.066165 0.930149 -0.012367 0.408065 -0.008898 0.912826
0.023945 -0.066214 0.930893 -0.012500 0.407800 -0.008890 0.912943
0.023949 -0.066230 0.931001 -0.012248 0.407818 -0.008846 0.912938
0.024007 -0.066390 0.930985 -0.011831 0.407812 -0.008582 0.912949
0.024787 -0.068169 0.930323 -0.010926 0.408660 -0.008352 0.912583
0.025073 -0.068923 0.931053 -0.010988 0.408581 -0.009638 0.912605
0.025581 -0.068552 0.931222 -0.012893 0.407460 -0.009247 0.913085
0.025363 -0.069425 0.929714 -0.011272 0.407330 -0.009044 0.913167
0.024090 -0.066505 0.930232 -0.010425 0.408788 -0.007868 0.912536
0.024667 -0.067158 0.932513 -0.012825 0.406651 -0.008583 0.913453
0.024216 -0.067100 0.931666 -0.012966 0.409146 -0.009353 0.912329
0.024433 -0.066948 0.930217 -0.011120 0.407843 -0.008099 0.912949
0.023945 -0.067268 0.930608 -0.012790 0.407164 -0.009174 0.913219
0.024117 -0.067372 0.930550 -0.010755 0.409213 -0.008921 0.912332
0.024059 -0.066782 0.930764 -0.009127 0.408347 -0.008556 0.912741
0.024681 -0.066329 0.931678 -0.012769 0.407028 -0.008093 0.913290
0.024409 -0.065132 0.931523 -0.011817 0.408016 -0.009370 0.912850
0.024131 -0.065542 0.932101 -0.010638 0.408616 -0.008378 0.912606
0.024387 -0.065384 0.931974 -0.013106 0.409501 -0.009582 0.912165
0.024428 -0.065486 0.931897 -0.012079 0.408159 -0.009087 0.912786
0.024430 -0.065754 0.931525 -0.011495 0.407995 -0.008844 0.912869
0.024671 -0.065458 0.931741 -0.015094 0.407526 -0.009047 0.913024
0.024610 -0.065401 0.931319 -0.012575 0.407519 -0.008382 0.913072
0.024691 -0.065168 0.930731 -0.013753 0.407967 -0.008377 0.912855
0.025363 -0.065314 0.931402 -0.011534 0.407539 -0.008265 0.913077
0.025577 -0.065460 0.932563 -0.014173 0.406607 -0.008873 0.913450
0.024526 -0.065021 0.931739 -0.012845 0.407212 -0.008768 0.913201
0.024373 -0.065064 0.931207 -0.012690 0.408051 -0.009169 0.912825
0.024064 -0.065065 0.931030 -0.012626 0.408901 -0.008060 0.912456
0.023921 -0.064573 0.931719 -0.016463 0.407615 -0.009755 0.912953
