0.164541 -0.162933 0.878300 0.081617 -0.197597 -0.032027 0.976355
0.164172 -0.162874 0.877776 0.082271 -0.197359 -0.032272 0.976340
0.164122 -0.162863 0.877756 0.082209 -0.196877 -0.032205 0.976444
0.163942 -0.162535 0.877211 0.081634 -0.197167 -0.032686 0.976418
0.164047 -0.162936 0.878321 0.080415 -0.196605 -0.032048 0.976654
0.163764 -0.162830 0.877013 0.082686 -0.197022 -0.032293 0.976372
0.163781 -0.163199 0.877935 0.082034 -0.195773 -0.033024 0.976654
0.163658 -0.163125 0.877276 0.082119 -0.195865 -0.032841 0.976634
0.163470 -0.163114 0.876731 0.082574 -0.195959 -0.032706 0.976582
0.163445 -0.163135 0.876528 0.081585 -0.196854 -0.032437 0.976494
0.163468 -0.163183 0.876887 0.081190 -0.196353 -0.032342 0.976631
0.163337 -0.163125 0.876465 0.082510 -0.197444 -0.032428 0.976297
0.163208 -0.163296 0.877556 0.082206 -0.197410 -0.032322 0.976333
0.163076 -0.163270 0.877178 0.081284 -0.196606 -0.032803 0.976557
0.163336 -0.163426 0.879119 0.080235 -0.195632 -0.032355 0.976854
0.163342 -0.163382 0.879130 0.080513 -0.195813 -0.032592 0.976787
0.163226 -0.163137 0.878206 0.080458 -0.197001 -0.032453 0.976557
0.163092 -0.163016 0.877749 0.080431 -0.196850 -0.032553 0.976587
0.163551 -0.163006 0.877310 0.079820 -0.196614 -0.032866 0.976674
0.163957 -0.163147 0.878118 0.080641 -0.194988 -0.032387 0.976948
0.163943 -0.163120 0.877854 0.081878 -0.195203 -0.032880 0.976786
0.164045 -0.163043 0.878416 0.081862 -0.194918 -0.032816 0.976846
0.164017 -0.162946 0.878058 0.081292 -0.195950 -0.032488 0.976698
0.164205 -0.162960 0.877880 0.081144 -0.197728 -0.032802 0.976342
0.164151 -0.162872 0.877325 0.082316 -0.197240 -0.032934 0.976338
0.164212 -0.162886 0.877451 0.082941 -0.197985 -0.032989 0.976132
0.164169 -0.162821 0.877098 0.082632 -0.197728 -0.032912 0.976213
0.164439 -0.162885 0.877020 0.080990 -0.195672 -0.032467 0.976780
0.164817 -0.162728 0.876750 0.081416 -0.195506 -0.032824 0.976766
0.165931 -0.162073 0.872892 0.081895 -0.187927 -0.031972 0.978240
0.166198 -0.162140 0.872565 0.081698 -0.187431 -0.032149 0.978346
0.166445 -0.162157 0.872017 0.081905 -0.187302 -0.031784 0.978366
0.166478 -0.162011 0.871525 0.080572 -0.186784 -0.031953 0.978570
0.166567 -0.161720 0.871164 0.080358 -0.186644 -0.032004 0.978612
0.166776 -0.161631 0.870691 0.081301 -0.185388 -0.031816 0.978780
0.167005 -0.161489 0.869791 0.079714 -0.186520 -0.031883 0.978693
0.167265 -0.161282 0.868513 0.080783 -0.181281 -0.031638 0.979597
0.167802 -0.161011 0.866680 0.082225 -0.180255 -0.031534 0.979670
0.168485 -0.160629 0.864634 0.081130 -0.178202 -0.031633 0.980133
0.168991 -0.159900 0.860922 0.082216 -0.172935 -0.031316 0.980996
0.169989 -0.159567 0.858789 0.080457 -0.169931 -0.030748 0.981685
0.170807 -0.159143 0.856223 0.080235 -0.163484 -0.030341 0.982810
0.172003 -0.158937 0.854778 0.079625 -0.157775 -0.029792 0.983809
0.172623 -0.158394 0.851266 0.078614 -0.157492 -0.030154 0.983924
0.173452 -0.158005 0.848636 0.081792 -0.151752 -0.029908 0.984575
0.174075 -0.157569 0.845715 0.079665 -0.149719 -0.029363 0.985076
0.174816 -0.157171 0.842854 0.079531 -0.143815 -0.029008 0.985977
0.175475 -0.156716 0.840107 0.080338 -0.138831 -0.028939 0.986628
0.176251 -0.156265 0.836831 0.079612 -0.133963 -0.028722 0.987366
0.176737 -0.155677 0.833030 0.080604 -0.125271 -0.028022 0.988446
0.177888 -0.155417 0.830988 0.079269 -0.123988 -0.028030 0.988715
0.178593 -0.154891 0.827825 0.078981 -0.117526 -0.027620 0.989539
0.179107 -0.154251 0.823379 0.079286 -0.110772 -0.027231 0.990304
0.180099 -0.153913 0.821137 0.078503 -0.105470 -0.026695 0.990959
0.180614 -0.153248 0.816801 0.081182 -0.100364 -0.026838 0.991270
0.181082 -0.152609 0.813687 0.082740 -0.090973 -0.026289 0.992062
0.181618 -0.151811 0.810963 0.080901 -0.087215 -0.026216 0.992553
0.182126 -0.151414 0.809287 0.081047 -0.081765 -0.025857 0.993014
0.182307 -0.150936 0.806262 0.080128 -0.078538 -0.024907 0.993374
0.182805 -0.150804 0.805245 0.081418 -0.074064 -0.024996 0.993610
0.182954 -0.150426 0.802229 0.080686 -0.070047 -0.024495 0.993973
0.183367 -0.150107 0.800308 0.083087 -0.067664 -0.024727 0.993935
0.183783 -0.149771 0.797598 0.080257 -0.065733 -0.024189 0.994310
0.184297 -0.149379 0.795164 0.080822 -0.060320 -0.023767 0.994618
0.184415 -0.148601 0.789882 0.079315 -0.055516 -0.023065 0.995035
0.184958 -0.148028 0.786631 0.080374 -0.046755 -0.022568 0.995412
0.185528 -0.147472 0.782902 0.078598 -0.038700 -0.021997 0.995912
0.185815 -0.146751 0.778548 0.076556 -0.029765 -0.020879 0.996402
0.186092 -0.145968 0.773698 0.079332 -0.021908 -0.021023 0.996386
0.186369 -0.145242 0.769416 0.078352 -0.017565 -0.020443 0.996561
0.186491 -0.144289 0.763896 0.079063 -0.008895 -0.019547 0.996638
0.186630 -0.143311 0.758607 0.075991 -0.009957 -0.018820 0.996881
0.186923 -0.142414 0.753801 0.070519 0.003379 -0.016763 0.997364
0.186672 -0.141357 0.747840 0.074258 0.012959 -0.016929 0.997011
0.186558 -0.140433 0.742136 0.076564 0.023212 -0.016612 0.996656
0.186298 -0.139412 0.736404 0.075540 0.032487 -0.015623 0.996491
0.185886 -0.138424 0.730261 0.071472 0.040944 -0.014271 0.996500
0.185033 -0.137278 0.723556 0.071762 0.047425 -0.013958 0.996196
0.184437 -0.136297 0.717883 0.073770 0.062549 -0.012676 0.995231
0.183873 -0.135477 0.713677 0.068310 0.074324 -0.010810 0.994833
0.183135 -0.134643 0.709348 0.067892 0.088993 -0.009883 0.993667
0.182393 -0.133874 0.705459 0.059090 0.086663 -0.008921 0.994444
0.181884 -0.133359 0.702496 0.052536 0.100355 -0.006772 0.993541
0.181212 -0.132828 0.699597 0.043001 0.114714 -0.004567 0.992457
0.180486 -0.132312 0.696146 0.041435 0.119433 -0.004179 0.991968
0.179325 -0.131596 0.691627 0.024856 0.119911 -0.001867 0.992472
0.178429 -0.131025 0.687637 0.029879 0.124559 -0.002048 0.991760
0.177032 -0.130084 0.682602 0.022682 0.119863 -0.001634 0.992530
0.175361 -0.128917 0.676456 0.016064 0.128153 -0.000277 0.991624
0.173680 -0.127938 0.670948 0.014346 0.127026 -0.000151 0.991796
0.171872 -0.126976 0.665005 0.009457 0.126216 0.001009 0.991957
0.170096 -0.126130 0.660064 0.012085 0.123464 0.000201 0.992275
0.168192 -0.125247 0.654592 0.014704 0.125786 0.000053 0.991948
0.166053 -0.124251 0.649064 0.007814 0.125577 0.000643 0.992053
0.164172 -0.123489 0.644407 0.010276 0.121234 0.000061 0.992571
0.162188 -0.122712 0.639820 0.007700 0.118488 0.000390 0.992926
0.160509 -0.122147 0.636158 0.021278 0.123380 -0.001366 0.992130
0.158565 -0.121443 0.632111 0.020778 0.117533 -0.001841 0.992850
0.156613 -0.120702 0.627885 0.014824 0.119208 -0.000684 0.992758
0.154900 -0.120265 0.624864 0.033487 0.110702 -0.003483 0.993283
0.152812 -0.119562 0.620445 0.035659 0.103698 -0.004002 0.993961
0.151002 -0.119037 0.617571 0.042859 0.103817 -0.005256 0.993659
0.149092 -0.118446 0.614287 0.079818 0.159609 -0.006401 0.983927
0.146732 -0.117662 0.609836 0.090729 0.176143 -0.006768 0.980151
0.144812 -0.117153 0.606927 0.085403 0.176898 -0.005837 0.980500
0.142618 -0.116555 0.603533 0.079886 0.174935 -0.004839 0.981322
0.140448 -0.116003 0.600372 0.077309 0.186516 -0.003461 0.979399
0.137851 -0.115268 0.596270 0.082772 0.204411 -0.003360 0.975374
0.132281 -0.113864 0.588312 0.079087 0.224011 -0.000995 0.971372
0.129147 -0.113072 0.583762 0.079218 0.231924 0.000056 0.969503
0.122829 -0.111576 0.575511 0.078297 0.253716 0.002018 0.964103
0.119964 -0.111042 0.572587 0.076500 0.259903 0.003105 0.962595
0.116810 -0.110285 0.568351 0.080342 0.268878 0.003202 0.959812
0.113800 -0.109536 0.564020 0.082043 0.280746 0.003323 0.956263
0.111400 -0.109154 0.561945 0.078407 0.284478 0.004915 0.955458
0.109095 -0.108745 0.559858 0.073146 0.290991 0.006329 0.953905
0.106454 -0.108160 0.556629 0.076267 0.298402 0.006481 0.951366
0.103845 -0.107646 0.553801 0.079370 0.305210 0.005964 0.948953
0.101092 -0.107071 0.550816 0.081633 0.311524 0.005585 0.946709
0.098433 -0.106586 0.548228 0.078690 0.317582 0.007065 0.944934
0.095634 -0.106111 0.545746 0.076573 0.319722 0.008246 0.944376
0.092798 -0.105663 0.543287 0.078033 0.322018 0.008617 0.943473
0.089836 -0.105005 0.539792 0.078089 0.330572 0.008667 0.940505
0.087079 -0.104532 0.537402 0.077520 0.336612 0.008979 0.938404
0.084288 -0.104044 0.534679 0.076590 0.342736 0.010629 0.936244
0.081427 -0.103637 0.532560 0.078252 0.348248 0.011231 0.934063
0.078503 -0.103096 0.529768 0.076045 0.354046 0.011438 0.932061
0.075660 -0.102688 0.527784 0.077580 0.359132 0.011279 0.929988
0.072895 -0.102188 0.525065 0.077978 0.365276 0.012046 0.927549
0.070363 -0.101836 0.523304 0.078871 0.368039 0.011982 0.926382
0.068089 -0.101463 0.521339 0.078973 0.372668 0.012595 0.924513
0.066103 -0.101242 0.520374 0.078148 0.378448 0.012942 0.922227
0.064115 -0.100909 0.518728 0.076963 0.382296 0.013133 0.920736
0.062176 -0.100649 0.517448 0.076567 0.387407 0.013843 0.918619
0.060133 -0.100312 0.515648 0.075310 0.389079 0.014568 0.918005
0.058068 -0.100035 0.514115 0.077252 0.392366 0.014731 0.916441
0.056051 -0.099742 0.512738 0.076995 0.394916 0.015003 0.915362
0.053887 -0.099404 0.510956 0.077801 0.398180 0.014883 0.913881
0.051772 -0.099078 0.509324 0.076938 0.403634 0.015533 0.911548
0.049459 -0.098794 0.507919 0.076283 0.407627 0.015911 0.909817
0.047029 -0.098401 0.505872 0.075403 0.412525 0.016962 0.907662
0.044579 -0.098175 0.504810 0.075755 0.413908 0.017377 0.906995
0.042103 -0.097823 0.503018 0.074824 0.417486 0.017796 0.905423
0.039644 -0.097500 0.501517 0.075837 0.421526 0.017793 0.903465
0.037334 -0.097206 0.499965 0.076410 0.427120 0.018105 0.900779
0.035089 -0.096930 0.498657 0.076632 0.429763 0.018410 0.899496
0.032901 -0.096592 0.496799 0.076564 0.435248 0.018737 0.896853
0.030776 -0.096384 0.495884 0.075994 0.438158 0.019363 0.895470
0.028605 -0.096174 0.494999 0.076315 0.441696 0.019521 0.893700
0.026323 -0.095831 0.493239 0.074974 0.443968 0.019965 0.892677
0.024098 -0.095605 0.492158 0.076014 0.446359 0.020243 0.891390
0.021927 -0.095358 0.490892 0.076028 0.450941 0.020652 0.889070
0.019689 -0.095105 0.489654 0.075939 0.454215 0.021074 0.887400
0.017491 -0.094867 0.488565 0.075748 0.457697 0.021428 0.885617
0.015430 -0.094575 0.487249 0.074528 0.461177 0.021643 0.883908
0.013346 -0.094391 0.486493 0.074485 0.464348 0.021964 0.882241
0.011370 -0.094186 0.485490 0.074251 0.466931 0.022400 0.880886
0.009321 -0.093940 0.484088 0.074948 0.469019 0.022794 0.879707
0.007338 -0.093713 0.482997 0.076020 0.472176 0.022887 0.877922
0.005305 -0.093520 0.482329 0.074586 0.473855 0.022821 0.877142
0.001537 -0.093161 0.480614 0.073869 0.481504 0.023769 0.873002
-0.000216 -0.092942 0.479647 0.072914 0.484498 0.023767 0.871424
-0.001821 -0.092753 0.478744 0.072690 0.486874 0.024046 0.870110
-0.004615 -0.092518 0.477638 0.074022 0.490214 0.024248 0.868115
-0.005866 -0.092408 0.477162 0.074934 0.491845 0.024391 0.867109
-0.007051 -0.092283 0.476459 0.074801 0.492895 0.024944 0.866509
-0.008279 -0.092178 0.475967 0.074690 0.494463 0.025092 0.865620
-0.009497 -0.092005 0.475123 0.074742 0.496838 0.025249 0.864250
-0.010828 -0.091934 0.474940 0.074392 0.498344 0.025264 0.863412
-0.017129 -0.091360 0.472215 0.073601 0.506374 0.026349 0.858763
-0.018804 -0.091208 0.471606 0.072716 0.508833 0.026321 0.857385
-0.020447 -0.091018 0.470641 0.073444 0.511022 0.026599 0.856011
-0.022010 -0.090919 0.470186 0.072882 0.513694 0.026970 0.854447
-0.023581 -0.090724 0.469423 0.072841 0.516924 0.026820 0.852505
-0.025180 -0.090615 0.469023 0.072309 0.518076 0.027179 0.851839
0.015156 -0.094604 0.487285 0.079277 0.459655 0.019050 0.884347
0.017244 -0.094744 0.487926 0.081024 0.457568 0.019064 0.885270
0.019239 -0.094997 0.489318 0.080016 0.453439 0.018193 0.887502
0.021161 -0.095227 0.490425 0.079517 0.452277 0.018527 0.888132
0.022912 -0.095408 0.491288 0.079736 0.449355 0.018272 0.889600
0.024628 -0.095604 0.492350 0.079073 0.446823 0.017588 0.890948
0.026336 -0.095812 0.493357 0.079739 0.443600 0.017294 0.892503
0.028100 -0.096043 0.494261 0.080360 0.439825 0.017354 0.894313
0.029967 -0.096285 0.495427 0.080562 0.437725 0.016938 0.895332
0.031961 -0.096538 0.496711 0.080087 0.436534 0.016819 0.895958
0.033951 -0.096767 0.497802 0.080120 0.432689 0.016591 0.897823
0.035999 -0.097018 0.498849 0.080961 0.430323 0.016510 0.898885
0.038073 -0.097235 0.500093 0.080335 0.427666 0.015875 0.900220
0.040082 -0.097514 0.501471 0.080858 0.423823 0.014826 0.902007
0.042126 -0.097812 0.502956 0.081552 0.420055 0.014733 0.903707
0.044134 -0.098082 0.504233 0.081485 0.416318 0.014549 0.905444
0.046023 -0.098293 0.505247 0.081766 0.412002 0.014481 0.907391
0.047814 -0.098552 0.506448 0.081263 0.408659 0.014283 0.908950
0.049522 -0.098826 0.507902 0.080801 0.405926 0.014667 0.910209
0.051118 -0.099081 0.509096 0.079576 0.403278 0.014212 0.911500
0.052520 -0.099235 0.509865 0.080221 0.400577 0.013698 0.912642
0.054070 -0.099443 0.510980 0.080366 0.398648 0.013472 0.913477
0.055590 -0.099632 0.511991 0.081338 0.396845 0.013175 0.914180
0.057140 -0.099839 0.512616 0.082597 0.392971 0.012925 0.915743
0.058859 -0.100100 0.514259 0.082074 0.389477 0.012587 0.917286
0.060502 -0.100292 0.515030 0.081394 0.385910 0.011889 0.918862
0.062327 -0.100619 0.516934 0.082547 0.383117 0.011755 0.919929
0.064280 -0.100918 0.518405 0.082045 0.381504 0.011565 0.920646
0.066372 -0.101266 0.520319 0.082370 0.378325 0.011301 0.921931
0.068578 -0.101553 0.521725 0.083430 0.376364 0.010370 0.922650
0.070881 -0.101864 0.523259 0.083592 0.370975 0.009581 0.924823
0.073406 -0.102274 0.525229 0.083477 0.365570 0.009730 0.926982
0.075957 -0.102732 0.527550 0.085424 0.359825 0.009114 0.929056
0.078545 -0.103289 0.529630 0.084377 0.354843 0.008123 0.931075
0.081229 -0.103853 0.532112 0.083182 0.348419 0.008125 0.933605
0.083858 -0.104318 0.534560 0.083687 0.342337 0.007482 0.935813
0.086427 -0.104669 0.536380 0.083426 0.337436 0.006848 0.937620
0.089168 -0.105152 0.538850 0.085145 0.334285 0.006034 0.938599
0.091985 -0.105650 0.541540 0.084956 0.327413 0.005430 0.941039
0.094985 -0.106268 0.544729 0.083821 0.319351 0.005402 0.943907
0.098029 -0.106819 0.547688 0.084140 0.316424 0.005401 0.944864
0.100942 -0.107352 0.550483 0.087432 0.313859 0.003751 0.945428
0.103540 -0.107739 0.552375 0.087838 0.307931 0.003202 0.947340
0.106297 -0.108399 0.555835 0.086131 0.300636 0.003568 0.949835
0.108645 -0.108853 0.558297 0.084053 0.294671 0.003807 0.951887
0.110827 -0.109322 0.560960 0.084572 0.287826 0.002801 0.953937
0.112830 -0.109703 0.562957 0.086409 0.282233 0.002368 0.955444
0.114664 -0.110000 0.564638 0.086645 0.278361 0.001428 0.956559
0.116729 -0.110489 0.567325 0.089129 0.272512 0.000833 0.958015
0.118784 -0.110945 0.569775 0.087409 0.266769 0.000789 0.959788
0.121017 -0.111519 0.573095 0.085504 0.259629 0.000074 0.961916
0.123012 -0.111946 0.575179 0.088935 0.252464 -0.001024 0.963510
0.125023 -0.112351 0.577609 0.089422 0.248467 -0.001531 0.964503
0.127340 -0.112798 0.580548 0.089984 0.239917 -0.002489 0.966611
0.129544 -0.113224 0.583537 0.090636 0.235308 -0.003023 0.967681
0.131800 -0.113805 0.586532 0.091269 0.223662 -0.003388 0.970378
0.133883 -0.114346 0.589812 0.088563 0.218793 -0.003516 0.971738
0.135589 -0.114738 0.591798 0.092669 0.214459 -0.004541 0.972317
0.137262 -0.115119 0.594084 0.089432 0.210508 -0.004670 0.973482
0.138922 -0.115545 0.596340 0.090988 0.201048 -0.005710 0.975330
0.140693 -0.116045 0.599404 0.091609 0.193630 -0.006142 0.976769
0.142461 -0.116518 0.601868 0.090940 0.176372 -0.007262 0.980087
0.144400 -0.117082 0.605272 0.097254 0.175675 -0.007632 0.979603
0.146132 -0.117457 0.607336 0.100505 0.166729 -0.009390 0.980822
0.148479 -0.118205 0.611835 0.035398 0.098328 -0.006136 0.994505
0.150931 -0.118974 0.616176 0.039736 0.102460 -0.006311 0.993923
0.152858 -0.119423 0.619202 0.109793 0.157789 -0.011470 0.981283
0.154866 -0.119940 0.622099 0.122379 0.153250 -0.013318 0.980490
0.158218 -0.121375 0.630546 0.023455 0.108484 -0.003298 0.993816
0.160502 -0.122168 0.635106 0.021681 0.114403 -0.002439 0.993195
0.162637 -0.122941 0.640014 0.015848 0.117420 -0.001501 0.992955
0.164698 -0.123728 0.644571 0.013882 0.120936 -0.000676 0.992563
0.165351 -0.123722 0.645021 0.132732 0.152051 -0.014691 0.979309
0.168530 -0.125320 0.654297 0.015089 0.122389 -0.000711 0.992367
0.170319 -0.126134 0.659381 0.015003 0.123770 -0.000471 0.992197
0.171961 -0.126899 0.663978 0.009792 0.125897 0.000417 0.991995
0.173643 -0.127805 0.669316 0.018553 0.122248 -0.000933 0.992326
0.175115 -0.128617 0.673932 0.022947 0.122606 -0.001460 0.992189
0.175931 -0.129069 0.676794 0.020124 0.121339 -0.000922 0.992407
0.176875 -0.129610 0.679972 0.020959 0.123424 -0.001059 0.992132
0.177710 -0.130118 0.683102 0.023696 0.121162 -0.001460 0.992349
0.179360 -0.131191 0.689310 0.055667 0.109171 -0.006923 0.992439
0.180060 -0.131641 0.692031 0.048306 0.115593 -0.005210 0.992108
0.180861 -0.132178 0.695602 0.058235 0.113672 -0.006873 0.991786
0.181415 -0.132581 0.697941 0.065847 0.096572 -0.009001 0.993105
0.182421 -0.133267 0.702680 0.076599 0.105201 -0.010025 0.991446
0.183262 -0.133985 0.706385 0.067430 0.089696 -0.009889 0.993635
0.183865 -0.134572 0.709920 0.071859 0.079896 -0.011325 0.994145
0.184822 -0.135349 0.714514 0.071759 0.076367 -0.011427 0.994429
0.185484 -0.135944 0.718906 0.074597 0.067777 -0.012775 0.994826
0.185911 -0.136538 0.722415 0.079958 0.057684 -0.013881 0.995031
0.186362 -0.137273 0.727112 0.076361 0.044510 -0.014092 0.995987
0.186545 -0.137845 0.730679 0.081250 0.036774 -0.015276 0.995898
0.187008 -0.138730 0.736116 0.081684 0.033092 -0.015491 0.995988
0.187416 -0.139518 0.740673 0.079303 0.025078 -0.015744 0.996411
0.187815 -0.140217 0.745162 0.076882 0.012849 -0.016692 0.996818
0.187849 -0.140795 0.748990 0.081729 0.008022 -0.017637 0.996466
0.187942 -0.141528 0.753670 0.081086 0.000337 -0.018054 0.996543
0.188083 -0.142995 0.763714 0.081928 -0.010877 -0.018747 0.996403
0.188188 -0.143832 0.768739 0.080055 -0.021481 -0.018654 0.996384
0.187861 -0.144653 0.774139 0.085590 -0.025633 -0.020209 0.995796
0.187187 -0.145536 0.779741 0.087324 -0.031580 -0.020420 0.995470
0.186792 -0.146712 0.787710 0.090534 -0.038128 -0.022369 0.994912
0.186024 -0.147746 0.794045 0.088517 -0.051501 -0.023151 0.994473
0.185111 -0.148752 0.800181 0.088015 -0.068980 -0.024153 0.993434
0.184661 -0.150256 0.808932 0.084361 -0.076815 -0.023668 0.993188
0.183384 -0.151019 0.813926 0.083677 -0.088960 -0.024709 0.992206
0.182129 -0.151864 0.819005 0.086219 -0.101537 -0.025721 0.990755
0.180687 -0.152561 0.823775 0.084968 -0.110876 -0.026015 0.989854
0.178023 -0.154363 0.834444 0.082845 -0.135629 -0.027723 0.986901
0.177039 -0.155490 0.841446 0.082434 -0.144172 -0.028351 0.985705
0.175522 -0.156078 0.845262 0.082508 -0.151955 -0.028308 0.984531
0.174051 -0.156561 0.848350 0.080176 -0.159714 -0.028436 0.983491
0.173051 -0.157170 0.852522 0.080522 -0.164811 -0.029226 0.982598
0.171185 -0.158534 0.860132 0.080313 -0.170019 -0.030353 0.981693
0.169974 -0.158922 0.862309 0.080702 -0.173265 -0.030276 0.981096
0.168923 -0.159403 0.865643 0.081247 -0.183028 -0.031051 0.979253
0.168021 -0.159923 0.869857 0.082021 -0.187559 -0.031874 0.978304
0.166834 -0.160303 0.872656 0.080838 -0.191366 -0.031608 0.977673
0.165052 -0.161053 0.877235 0.080515 -0.199774 -0.032319 0.975994
0.165182 -0.161089 0.876932 0.080772 -0.195905 -0.032611 0.976746
0.165286 -0.161158 0.877904 0.080137 -0.197406 -0.032867 0.976488
0.165200 -0.160974 0.877401 0.080790 -0.196888 -0.033121 0.976530
0.165394 -0.161042 0.878132 0.078754 -0.197002 -0.032704 0.976687
0.165362 -0.161004 0.877876 0.079027 -0.196441 -0.032531 0.976784
0.165364 -0.161060 0.878034 0.078642 -0.195811 -0.032439 0.976945
0.165260 -0.160980 0.877482 0.079169 -0.196004 -0.032651 0.976857
0.165289 -0.161038 0.877644 0.079125 -0.197578 -0.032609 0.976544
0.165222 -0.161071 0.877499 0.079212 -0.197842 -0.032475 0.976488
0.165262 -0.161142 0.877934 0.077776 -0.198391 -0.032348 0.976497
0.165278 -0.161145 0.878019 0.078311 -0.198368 -0.032191 0.976464
0.165188 -0.161147 0.877329 0.079274 -0.198107 -0.032777 0.976420
0.165430 -0.161248 0.878088 0.078191 -0.195423 -0.032514 0.977056
0.165417 -0.161274 0.877597 0.080448 -0.195674 -0.032745 0.976815
0.165619 -0.161361 0.878205 0.079308 -0.195470 -0.032741 0.976949
0.165831 -0.161261 0.877017 0.079861 -0.198135 -0.033311 0.976348
0.166289 -0.161851 0.877997 0.079466 -0.194588 -0.032548 0.977119
0.166353 -0.161970 0.877960 0.080957 -0.193404 -0.033602 0.977196
0.166359 -0.161994 0.876931 0.080879 -0.195811 -0.033175 0.976737
0.166754 -0.162274 0.878118 0.079654 -0.196855 -0.033329 0.976623
0.166892 -0.162319 0.877576 0.080689 -0.196816 -0.032974 0.976558
