0.176770 -0.082112 0.906188 -0.024765 0.034394 -0.000146 0.999101
0.177206 -0.082060 0.908469 -0.031571 0.042665 0.001089 0.998590
0.176269 -0.081950 0.903825 -0.019752 0.027333 -0.000777 0.999431
0.176942 -0.082062 0.907078 -0.028171 0.034258 0.000563 0.999016
0.176640 -0.082003 0.906040 -0.023047 0.034024 -0.000016 0.999155
0.176289 -0.081939 0.904388 -0.024083 0.030611 -0.000047 0.999241
0.176604 -0.082051 0.906008 -0.023094 0.036348 -0.000272 0.999072
0.176491 -0.081920 0.906017 -0.021852 0.031653 -0.001166 0.999259
0.176550 -0.082067 0.907490 -0.030197 0.036624 0.000185 0.998873
0.176186 -0.081923 0.905353 -0.029478 0.031407 0.000256 0.999072
0.176197 -0.081989 0.905864 -0.026780 0.032617 -0.000359 0.999109
0.176041 -0.081939 0.905098 -0.025179 0.031060 -0.000570 0.999200
0.176372 -0.082296 0.906517 -0.024202 0.031742 -0.000375 0.999203
0.176188 -0.081991 0.905748 -0.025312 0.033851 -0.000467 0.999106
0.176276 -0.082064 0.906418 -0.019589 0.028421 -0.001205 0.999403
0.176311 -0.082108 0.906628 -0.023397 0.035895 -0.000720 0.999081
0.176478 -0.082112 0.907599 -0.027674 0.040018 0.000179 0.998816
0.176308 -0.082112 0.907088 -0.026063 0.037637 -0.000337 0.998951
0.175933 -0.082178 0.906090 -0.021857 0.034262 -0.000422 0.999174
0.176196 -0.082140 0.907237 -0.028473 0.035774 0.000830 0.998954
0.176054 -0.081836 0.906661 -0.016222 0.032225 -0.001459 0.999348
0.175664 -0.082043 0.904604 -0.019552 0.026342 -0.001121 0.999461
0.176184 -0.082011 0.907461 -0.021538 0.037158 -0.000459 0.999077
0.175609 -0.082140 0.905080 -0.018577 0.028822 -0.001041 0.999411
0.175816 -0.082198 0.906457 -0.021442 0.033049 -0.000857 0.999223
0.175981 -0.081973 0.907787 -0.023561 0.037512 -0.000479 0.999018
0.176213 -0.082114 0.908800 -0.027847 0.042696 -0.000009 0.998700
0.175735 -0.081921 0.906434 -0.020323 0.035136 -0.001142 0.999175
0.175338 -0.082025 0.904459 -0.024471 0.029113 -0.000391 0.999276
0.175678 -0.082239 0.905142 -0.020385 0.032590 -0.000623 0.999261
0.175375 -0.082097 0.903493 -0.023763 0.033593 -0.000218 0.999153
0.175351 -0.082170 0.902970 -0.033280 0.041612 0.000381 0.998579
0.175264 -0.082420 0.901809 -0.029542 0.041607 -0.000145 0.998697
0.174429 -0.082016 0.897257 -0.019234 0.030004 -0.001884 0.999363
0.175161 -0.082140 0.900412 -0.026878 0.037703 -0.000558 0.998927
0.175022 -0.082353 0.898794 -0.029825 0.043130 -0.000078 0.998624
0.174472 -0.082245 0.895882 -0.024597 0.036944 -0.001143 0.999014
0.174593 -0.082224 0.895589 -0.033129 0.049259 0.000071 0.998236
0.174013 -0.082163 0.891780 -0.030364 0.047619 -0.000077 0.998404
0.173678 -0.082186 0.888940 -0.019280 0.044830 -0.001328 0.998808
0.173486 -0.082537 0.887479 -0.032147 0.042578 -0.000690 0.998576
0.173687 -0.082675 0.886608 -0.020896 0.054968 -0.001342 0.998269
0.172853 -0.082150 0.881669 -0.036582 0.056329 0.000504 0.997742
0.172862 -0.082734 0.879577 -0.022916 0.063481 -0.001441 0.997719
0.172305 -0.082547 0.874891 -0.034764 0.067995 -0.000089 0.997080
0.171803 -0.082389 0.871193 -0.033769 0.066984 -0.000197 0.997182
0.170597 -0.082402 0.864683 0.095388 0.134171 -0.011617 0.986288
0.170787 -0.082764 0.864766 -0.032661 0.071713 -0.000393 0.996890
0.170402 -0.082722 0.862382 -0.034747 0.079962 -0.000342 0.996192
0.170172 -0.082662 0.860751 -0.031217 0.083339 -0.000493 0.996032
0.169357 -0.082665 0.856311 -0.039297 0.083617 0.000718 0.995723
0.168668 -0.082755 0.852705 -0.039486 0.085522 0.000087 0.995553
0.167946 -0.082720 0.849155 -0.033237 0.085186 -0.000466 0.995810
0.167222 -0.082782 0.845476 -0.039443 0.090803 0.000136 0.995088
0.166492 -0.082962 0.841872 -0.037982 0.091589 -0.000110 0.995072
0.165683 -0.082981 0.838187 -0.028375 0.092396 -0.001387 0.995317
0.164730 -0.083054 0.834162 -0.034918 0.090218 -0.000868 0.995309
0.163705 -0.083127 0.829742 -0.037044 0.097905 -0.000729 0.994506
0.162546 -0.083019 0.824758 -0.038694 0.103987 -0.000256 0.993826
0.161455 -0.083041 0.820346 -0.042155 0.104524 0.000670 0.993628
0.160504 -0.083200 0.816921 -0.042100 0.110298 -0.000306 0.993006
0.159182 -0.083095 0.812093 -0.048553 0.112466 0.000441 0.992469
0.156874 -0.082669 0.802334 0.107443 0.094950 -0.016188 0.989534
0.157371 -0.083364 0.805998 -0.045896 0.107544 -0.000022 0.993140
0.156615 -0.083437 0.803641 -0.041262 0.119806 -0.000119 0.991939
0.155650 -0.083500 0.800724 -0.037783 0.122713 -0.000594 0.991722
0.154340 -0.083512 0.796281 -0.043847 0.121246 -0.000099 0.991654
0.153003 -0.083425 0.791961 -0.050230 0.129278 -0.000245 0.990335
0.151929 -0.083479 0.788841 -0.049250 0.134126 -0.000301 0.989740
0.151256 -0.083929 0.787829 -0.036434 0.117126 -0.000889 0.992448
0.150135 -0.083905 0.784615 -0.032055 0.128146 -0.001518 0.991236
0.148817 -0.083772 0.780639 -0.037019 0.139314 -0.001377 0.989555
0.147678 -0.083564 0.777726 -0.037304 0.137023 -0.001096 0.989865
0.146470 -0.083360 0.774512 -0.037304 0.150745 -0.000997 0.987868
0.145244 -0.083487 0.771861 -0.034443 0.143329 -0.001467 0.989074
0.144016 -0.083587 0.768795 -0.034105 0.147366 -0.001127 0.988493
0.142502 -0.083530 0.765036 -0.036227 0.149251 -0.001378 0.988135
0.141236 -0.084047 0.762908 -0.027327 0.158063 -0.002093 0.987049
0.139213 -0.083838 0.757668 -0.031148 0.157697 -0.002074 0.986994
0.137593 -0.083752 0.754150 -0.027908 0.168698 -0.002008 0.985271
0.135680 -0.083811 0.750325 -0.029991 0.170141 -0.002345 0.984960
0.133752 -0.083946 0.746093 -0.031010 0.177491 -0.001950 0.983632
0.131638 -0.084045 0.741859 -0.031916 0.180629 -0.001956 0.983031
0.129728 -0.084535 0.738574 -0.022981 0.189789 -0.002460 0.981553
0.127538 -0.084565 0.734444 -0.026856 0.191655 -0.002461 0.981092
0.125469 -0.084502 0.730579 -0.026361 0.197004 -0.002435 0.980045
0.123372 -0.084618 0.727305 -0.022723 0.199565 -0.003231 0.979616
0.121397 -0.084726 0.723450 -0.020969 0.210218 -0.002925 0.977425
0.119656 -0.085019 0.721269 -0.018449 0.216141 -0.002629 0.976184
0.117388 -0.084865 0.716035 -0.021466 0.222876 -0.002491 0.974607
0.115510 -0.085123 0.714214 -0.019688 0.224261 -0.002988 0.974326
0.113029 -0.085156 0.709418 -0.021440 0.229761 -0.002920 0.973006
0.110782 -0.085365 0.706411 -0.013961 0.239629 -0.002701 0.970760
0.108414 -0.085378 0.702643 -0.019107 0.244829 -0.002919 0.969374
0.106063 -0.085558 0.699539 -0.019108 0.249759 -0.002759 0.968115
0.103615 -0.085591 0.695477 -0.016813 0.257820 -0.002561 0.966043
0.101072 -0.085655 0.691631 -0.018804 0.259460 -0.002675 0.965567
0.098776 -0.085890 0.688697 -0.014045 0.267810 -0.002238 0.963367
0.096083 -0.085889 0.685205 -0.019184 0.271178 -0.003193 0.962333
0.093404 -0.085986 0.681356 -0.015582 0.278413 -0.002857 0.960331
0.090613 -0.086155 0.677803 -0.017179 0.284859 -0.002608 0.958412
0.087582 -0.086176 0.673765 -0.019022 0.286854 -0.002824 0.957781
0.084430 -0.086260 0.669756 -0.018581 0.293154 -0.002693 0.955881
0.078136 -0.086668 0.663421 -0.018171 0.302157 -0.002441 0.953082
0.074728 -0.086647 0.658980 -0.018338 0.307506 -0.002949 0.951365
-0.001841 -0.088413 0.588996 -0.010633 0.428213 -0.004255 0.903605
0.000072 -0.088420 0.590758 -0.011134 0.425847 -0.004848 0.904714
0.003400 -0.087995 0.592430 -0.011723 0.421488 -0.004722 0.906746
0.005137 -0.088006 0.593799 -0.011738 0.419713 -0.004297 0.907571
0.008950 -0.087852 0.596426 -0.011283 0.414024 -0.004734 0.910184
0.010994 -0.087959 0.598746 -0.010792 0.411197 -0.004400 0.911472
0.013038 -0.087907 0.600057 -0.010692 0.408856 -0.004266 0.912526
0.015131 -0.087756 0.601403 -0.011937 0.405026 -0.004926 0.914214
0.022043 -0.087793 0.606302 -0.011830 0.395411 -0.004414 0.918418
0.048284 -0.087341 0.631336 -0.011952 0.356330 -0.006196 0.934263
0.055657 -0.087100 0.637628 -0.008777 0.348500 -0.005977 0.937249
0.059229 -0.087060 0.641668 -0.007481 0.339240 -0.006779 0.940646
0.062841 -0.086834 0.644232 -0.010390 0.333848 -0.005316 0.942555
0.066655 -0.086761 0.648791 -0.009667 0.328449 -0.006583 0.944449
0.079243 -0.086308 0.662655 -0.010840 0.305732 -0.007347 0.952028
0.087728 -0.086124 0.673445 -0.007299 0.290140 -0.006112 0.956937
0.102903 -0.085369 0.693612 -0.009864 0.262408 -0.005311 0.964892
0.106093 -0.085064 0.697430 -0.008396 0.252443 -0.004932 0.967563
0.109488 -0.084701 0.703126 -0.011120 0.244963 -0.004727 0.969457
0.112785 -0.084297 0.707943 -0.016855 0.232335 -0.004968 0.972477
0.116408 -0.084144 0.713778 -0.009707 0.228191 -0.005203 0.973554
0.120066 -0.083775 0.719566 -0.019819 0.214615 -0.004229 0.976488
0.123824 -0.083576 0.726733 -0.013323 0.204445 -0.004471 0.978777
0.127558 -0.083452 0.733834 -0.013681 0.193693 -0.004302 0.980957
0.130644 -0.083025 0.738452 -0.022747 0.182087 -0.003549 0.983013
0.134012 -0.082918 0.745404 -0.019011 0.174404 -0.003798 0.984483
0.137217 -0.082801 0.752598 -0.020906 0.164365 -0.003511 0.986172
0.139567 -0.082605 0.756544 -0.033822 0.155630 -0.002261 0.987234
0.141968 -0.082492 0.761968 -0.029326 0.156813 -0.001882 0.987191
0.143996 -0.082231 0.766545 -0.028812 0.153105 -0.002162 0.987787
0.146154 -0.082298 0.772920 -0.024929 0.138337 -0.002450 0.990068
0.147379 -0.081901 0.774807 -0.039119 0.138179 -0.000784 0.989634
0.148521 -0.081585 0.777047 -0.042708 0.148649 -0.000584 0.987967
0.150298 -0.081745 0.782745 -0.035972 0.134210 -0.000831 0.990299
0.151951 -0.081976 0.788144 -0.021683 0.112354 -0.001807 0.993430
0.152838 -0.081456 0.789644 -0.043743 0.131162 -0.000766 0.990395
0.154113 -0.081230 0.793211 -0.049684 0.126311 -0.000044 0.990746
0.155851 -0.081412 0.798457 -0.029852 0.117072 -0.000692 0.992674
0.157524 -0.081226 0.804016 -0.044501 0.116690 0.000396 0.992171
0.157934 -0.080660 0.803641 0.101488 0.092965 -0.015899 0.990356
0.160979 -0.081000 0.816229 -0.045993 0.114107 0.000510 0.992403
0.162540 -0.080927 0.821795 -0.040129 0.106509 0.000536 0.993501
0.164043 -0.080791 0.828002 -0.047304 0.104568 0.001611 0.993391
0.165387 -0.080778 0.833681 -0.044262 0.096802 0.001209 0.994318
0.166469 -0.080715 0.838723 -0.039291 0.093836 0.000346 0.994812
0.167527 -0.080646 0.843591 -0.041410 0.093168 0.000668 0.994789
0.168343 -0.080581 0.847610 -0.039065 0.086999 0.000854 0.995442
0.169445 -0.080593 0.853170 -0.032703 0.088778 -0.000124 0.995514
0.170306 -0.080563 0.857755 -0.033719 0.082888 0.000641 0.995988
0.171038 -0.080520 0.861977 -0.033876 0.079029 0.000292 0.996296
0.171845 -0.080548 0.866844 -0.025507 0.069238 -0.000759 0.997274
0.172413 -0.080463 0.870379 -0.032067 0.068624 0.000219 0.997127
0.173027 -0.080444 0.874557 -0.031288 0.069618 0.000314 0.997083
0.173677 -0.080481 0.878547 -0.025172 0.068139 -0.000191 0.997358
0.173907 -0.080427 0.881123 -0.023730 0.056284 -0.001131 0.998132
0.174236 -0.080329 0.883853 -0.029606 0.062177 0.000173 0.997626
0.174829 -0.080380 0.887673 -0.030147 0.065544 0.000801 0.997394
0.174969 -0.080324 0.889293 -0.028929 0.056782 0.000550 0.997967
0.175017 -0.080268 0.890973 -0.024463 0.045141 -0.000638 0.998681
0.175274 -0.080266 0.893014 -0.028338 0.044869 -0.000291 0.998591
0.175326 -0.080198 0.894086 -0.026249 0.049940 -0.000112 0.998407
0.175458 -0.080185 0.895495 -0.028502 0.043014 -0.000206 0.998668
0.175698 -0.080253 0.896933 -0.026076 0.038395 -0.000076 0.998922
0.175837 -0.080208 0.898467 -0.025452 0.039641 -0.000590 0.998890
0.176027 -0.080198 0.900210 -0.024275 0.045908 -0.000351 0.998651
0.176232 -0.080199 0.902015 -0.023190 0.040663 -0.000418 0.998904
0.176271 -0.080162 0.903441 -0.025911 0.038892 0.000495 0.998907
0.176310 -0.080230 0.904941 -0.020213 0.030738 -0.000951 0.999323
0.176572 -0.080583 0.906523 -0.024783 0.035603 0.000046 0.999059
0.176543 -0.080571 0.906426 -0.026018 0.034505 0.000035 0.999066
0.176527 -0.080569 0.906397 -0.026502 0.035577 0.000103 0.999015
0.176544 -0.080574 0.906521 -0.025995 0.035100 -0.000052 0.999046
0.176542 -0.080579 0.906549 -0.026887 0.035798 0.000024 0.998997
0.176519 -0.080552 0.906423 -0.027801 0.033706 0.000221 0.999045
0.176419 -0.080518 0.905955 -0.027147 0.033229 0.000182 0.999079
0.176486 -0.080547 0.906268 -0.027084 0.033261 0.000161 0.999080
0.176475 -0.080544 0.906261 -0.027165 0.032754 0.000027 0.999094
0.176536 -0.080589 0.906506 -0.025987 0.034107 -0.000065 0.999080
0.176550 -0.080597 0.906606 -0.026087 0.035327 -0.000044 0.999035
0.176530 -0.080586 0.906496 -0.026645 0.034394 0.000042 0.999053
0.176593 -0.080603 0.906695 -0.024521 0.034281 -0.000181 0.999111
0.176564 -0.080592 0.906546 -0.025528 0.034948 -0.000149 0.999063
0.176594 -0.080565 0.906596 -0.027035 0.035839 0.000042 0.998992
0.176560 -0.080544 0.906337 -0.026578 0.035723 0.000050 0.999008
0.176663 -0.080586 0.906810 -0.024492 0.036379 -0.000179 0.999038
0.176536 -0.080522 0.906139 -0.028625 0.036243 0.000288 0.998933
0.176568 -0.080510 0.906159 -0.026958 0.035879 0.000033 0.998993
0.176538 -0.080501 0.906042 -0.027786 0.035870 0.000069 0.998970
0.176589 -0.080496 0.906163 -0.026436 0.036153 -0.000012 0.998997
0.176724 -0.080484 0.906556 -0.025808 0.035027 -0.000148 0.999053
0.176726 -0.080486 0.906553 -0.023956 0.035233 -0.000438 0.999092
0.176712 -0.080479 0.906543 -0.025083 0.034490 -0.000386 0.999090
0.176739 -0.080482 0.906586 -0.024355 0.035427 -0.000294 0.999075
0.176771 -0.080496 0.906698 -0.023396 0.034667 -0.000454 0.999125
0.176770 -0.080490 0.906690 -0.023634 0.034934 -0.000323 0.999110
0.176785 -0.080491 0.906763 -0.024714 0.035375 -0.000156 0.999068
0.176773 -0.080489 0.906702 -0.023637 0.035693 -0.000355 0.999083
0.176799 -0.080491 0.906827 -0.024460 0.036041 -0.000184 0.999051
0.176772 -0.080485 0.906693 -0.024485 0.035518 -0.000201 0.999069
0.176771 -0.080490 0.906706 -0.023993 0.036480 -0.000301 0.999046
0.176777 -0.080481 0.906733 -0.025007 0.035973 -0.000139 0.999040
0.176689 -0.080456 0.906445 -0.024849 0.035355 -0.000265 0.999066
0.176723 -0.080474 0.906619 -0.024714 0.037708 -0.000270 0.998983
0.176719 -0.080461 0.906589 -0.025124 0.035973 -0.000183 0.999037
0.176671 -0.080444 0.906338 -0.024939 0.035719 -0.000122 0.999051
0.176744 -0.080485 0.906365 -0.025198 0.036560 -0.000137 0.999014
0.176745 -0.080483 0.906439 -0.028505 0.037380 0.000056 0.998894
0.176868 -0.080607 0.906140 -0.029374 0.036634 0.000397 0.998897
0.177154 -0.081108 0.906988 -0.027089 0.034888 -0.000251 0.999024
0.177576 -0.080462 0.909523 -0.034523 0.047888 0.000912 0.998255
0.176127 -0.079945 0.902532 -0.015826 0.023043 -0.001866 0.999607
0.177247 -0.081125 0.908046 -0.025955 0.041406 -0.000208 0.998805
0.176993 -0.080543 0.906245 -0.021967 0.035478 -0.000449 0.999129
0.176791 -0.080261 0.905803 -0.007294 0.028171 -0.001961 0.999575
0.176688 -0.080483 0.906265 -0.025224 0.030620 -0.000223 0.999213
0.177121 -0.080196 0.907603 -0.026206 0.039944 0.000571 0.998858
0.176724 -0.080098 0.905126 -0.014373 0.035063 -0.001382 0.999281
0.177096 -0.080341 0.907433 -0.026128 0.037498 -0.000286 0.998955
0.176159 -0.079452 0.902619 -0.022837 0.023908 -0.000276 0.999453
0.177122 -0.079624 0.907824 -0.031408 0.039268 0.001083 0.998734
0.176908 -0.079795 0.906816 -0.024706 0.037567 -0.000241 0.998989
0.176898 -0.079664 0.906496 -0.024278 0.036169 -0.000256 0.999051
0.177048 -0.079694 0.906652 -0.026147 0.037422 0.000380 0.998957
0.176787 -0.080032 0.906057 -0.017843 0.031341 -0.000956 0.999349
0.176974 -0.079992 0.905167 -0.024115 0.032021 -0.000526 0.999196
0.177288 -0.080477 0.905375 -0.023718 0.033688 -0.000325 0.999151
0.177932 -0.080482 0.908070 -0.025732 0.041099 -0.000027 0.998824
0.177436 -0.080136 0.905593 -0.022976 0.031531 -0.000702 0.999238
0.177026 -0.080076 0.902856 -0.024417 0.023729 -0.000511 0.999420
0.178299 -0.080688 0.906245 -0.026364 0.034954 -0.000017 0.999041
0.178465 -0.080637 0.905851 -0.019488 0.031636 -0.001038 0.999309
0.178537 -0.080373 0.907833 -0.023420 0.036266 -0.001039 0.999067
0.177694 -0.080400 0.905783 -0.011237 0.032228 -0.001400 0.999416
0.177705 -0.080266 0.908292 -0.025408 0.046180 0.000067 0.998610
0.176649 -0.079874 0.905631 -0.028343 0.030507 0.000710 0.999132
0.177469 -0.079453 0.907227 -0.020963 0.039232 -0.000717 0.999010
