0.141549 -0.097542 0.905721 0.044260 -0.194330 -0.025593 0.979603
0.141633 -0.097482 0.905825 0.043964 -0.193190 -0.024977 0.979858
0.141655 -0.097333 0.905463 0.044762 -0.193644 -0.025502 0.979718
0.141766 -0.097477 0.905963 0.051670 -0.192154 -0.028024 0.979603
0.141745 -0.097655 0.905672 0.045896 -0.193169 -0.025818 0.979751
0.141806 -0.097672 0.906017 0.044331 -0.193681 -0.025394 0.979734
0.141734 -0.097603 0.905613 0.045021 -0.193883 -0.025699 0.979654
0.141800 -0.097613 0.905903 0.044856 -0.194462 -0.025684 0.979547
0.141806 -0.097617 0.905936 0.044851 -0.194317 -0.025652 0.979577
0.141811 -0.097619 0.905962 0.044897 -0.194307 -0.025668 0.979577
0.141803 -0.097589 0.905929 0.045004 -0.194142 -0.025762 0.979602
0.141816 -0.097592 0.906024 0.045455 -0.193853 -0.025922 0.979634
0.141820 -0.097572 0.906032 0.045080 -0.193969 -0.025829 0.979631
0.141814 -0.097916 0.906220 0.044103 -0.193934 -0.025821 0.979683
0.141661 -0.097982 0.905794 0.045333 -0.194120 -0.026330 0.979576
0.141506 -0.098085 0.905832 0.045524 -0.194094 -0.025717 0.979589
0.141076 -0.098227 0.905034 0.044354 -0.194846 -0.025385 0.979502
0.140777 -0.098393 0.905216 0.044987 -0.195619 -0.026256 0.979296
0.140734 -0.098377 0.905483 0.045439 -0.193823 -0.026536 0.979624
0.140660 -0.098414 0.905502 0.044010 -0.194637 -0.026135 0.979539
0.140606 -0.098313 0.905255 0.046548 -0.194862 -0.027238 0.979347
0.140611 -0.098399 0.905372 0.044377 -0.194388 -0.026447 0.979563
0.140640 -0.098410 0.905585 0.043350 -0.195112 -0.026171 0.979473
0.140669 -0.098421 0.905836 0.043924 -0.194614 -0.026501 0.979538
0.140641 -0.098435 0.905587 0.043945 -0.194922 -0.026374 0.979479
0.140584 -0.098416 0.905283 0.044121 -0.195288 -0.026468 0.979395
0.140606 -0.098429 0.905447 0.044157 -0.195107 -0.026487 0.979429
0.140591 -0.098434 0.905410 0.044022 -0.195074 -0.026541 0.979440
0.140607 -0.098448 0.905513 0.044293 -0.195220 -0.026577 0.979398
0.140581 -0.098439 0.905382 0.044023 -0.195308 -0.026606 0.979392
0.140605 -0.098462 0.905562 0.044094 -0.195286 -0.026654 0.979392
0.140591 -0.098490 0.905630 0.043463 -0.195052 -0.026397 0.979474
0.140580 -0.098481 0.905549 0.043888 -0.194975 -0.026407 0.979470
0.140596 -0.098485 0.905599 0.043777 -0.195367 -0.026479 0.979395
0.140606 -0.098553 0.905664 0.044207 -0.194927 -0.026429 0.979464
0.140573 -0.098594 0.905549 0.044575 -0.194358 -0.026624 0.979555
0.140582 -0.098598 0.905581 0.044507 -0.194378 -0.026565 0.979556
0.140561 -0.098578 0.905455 0.044568 -0.194612 -0.026579 0.979507
0.140579 -0.098580 0.905541 0.044512 -0.194733 -0.026563 0.979486
0.140573 -0.098563 0.905476 0.044713 -0.194752 -0.026524 0.979474
0.140559 -0.098540 0.905382 0.044666 -0.194586 -0.026515 0.979509
0.140575 -0.098548 0.905506 0.044582 -0.194384 -0.026522 0.979553
0.140563 -0.098529 0.905428 0.044277 -0.194425 -0.026452 0.979561
0.140673 -0.098510 0.905760 0.044934 -0.194242 -0.026492 0.979566
0.140661 -0.098506 0.905696 0.044572 -0.194624 -0.026407 0.979509
0.140629 -0.098493 0.905497 0.044336 -0.194592 -0.026317 0.979528
0.140649 -0.098487 0.905476 0.044615 -0.194724 -0.026405 0.979487
0.140633 -0.098479 0.905382 0.044565 -0.194614 -0.026442 0.979510
0.140645 -0.098479 0.905369 0.044385 -0.194438 -0.026437 0.979553
0.140675 -0.098435 0.905034 0.043816 -0.193417 -0.026573 0.979778
0.140912 -0.098363 0.904201 0.044580 -0.190820 -0.026018 0.980267
0.141275 -0.098349 0.903911 0.044643 -0.190879 -0.025806 0.980258
0.141361 -0.098163 0.902125 0.044139 -0.188557 -0.026122 0.980722
0.141919 -0.098203 0.902562 0.045765 -0.187804 -0.026081 0.980793
0.142054 -0.098084 0.901061 0.043757 -0.186121 -0.025915 0.981210
0.142248 -0.098016 0.900373 0.045053 -0.184793 -0.025734 0.981407
0.142256 -0.097919 0.899215 0.045131 -0.183801 -0.025948 0.981584
0.142316 -0.097918 0.899392 0.045224 -0.183858 -0.026437 0.981556
0.142252 -0.097789 0.897826 0.044903 -0.182349 -0.026379 0.981854
0.142725 -0.097832 0.898292 0.045762 -0.180080 -0.025918 0.982245
0.142968 -0.097698 0.896587 0.045515 -0.178004 -0.026232 0.982627
0.143343 -0.097592 0.895526 0.046311 -0.174940 -0.026270 0.983138
0.143759 -0.097458 0.893466 0.046931 -0.175374 -0.025513 0.983052
0.144127 -0.097402 0.892774 0.046206 -0.169833 -0.025746 0.984052
0.144691 -0.097309 0.891105 0.046434 -0.169677 -0.025580 0.984073
0.145262 -0.097219 0.889808 0.045935 -0.164294 -0.025659 0.985007
0.145994 -0.097072 0.887283 0.045134 -0.159515 -0.025579 0.985831
0.146646 -0.096810 0.883918 0.043883 -0.154942 -0.025697 0.986614
0.147363 -0.096462 0.879259 0.043991 -0.149773 -0.025835 0.987403
0.148518 -0.096265 0.876527 0.043842 -0.146403 -0.025794 0.987916
0.149401 -0.095881 0.872234 0.043862 -0.134901 -0.025511 0.989559
0.150288 -0.095386 0.867311 0.044411 -0.131443 -0.025442 0.990002
0.151367 -0.095112 0.863505 0.045141 -0.118721 -0.024943 0.991587
0.152388 -0.094820 0.859951 0.043971 -0.110369 -0.024963 0.992604
0.152913 -0.094211 0.852191 0.045849 -0.109023 -0.024700 0.992674
0.154043 -0.093940 0.849094 0.043512 -0.097917 -0.024648 0.993937
0.154837 -0.093472 0.843028 0.044489 -0.093404 -0.024295 0.994337
0.155750 -0.093122 0.838404 0.041916 -0.085108 -0.023604 0.995210
0.156636 -0.092654 0.832775 0.042971 -0.079437 -0.023820 0.995628
0.157236 -0.092227 0.826346 0.043823 -0.070236 -0.022737 0.996308
0.157621 -0.091578 0.818509 0.046478 -0.061460 -0.023156 0.996758
0.158462 -0.091162 0.813797 0.044633 -0.048542 -0.022459 0.997571
0.158945 -0.090517 0.806931 0.046319 -0.039382 -0.021926 0.997909
0.159497 -0.089710 0.800607 0.043684 -0.032902 -0.020997 0.998283
0.159810 -0.088964 0.794396 0.045187 -0.016045 -0.020575 0.998638
0.159661 -0.088173 0.787670 0.048634 -0.008287 -0.021013 0.998561
0.159809 -0.087607 0.782337 0.037716 0.000221 -0.018223 0.999122
0.159648 -0.086852 0.776542 0.041383 0.009893 -0.018822 0.998917
0.159524 -0.086251 0.771009 0.043941 0.022879 -0.018775 0.998596
0.158931 -0.085597 0.764603 0.047477 0.034179 -0.018613 0.998114
0.158607 -0.085195 0.760091 0.048542 0.047985 -0.018100 0.997504
0.158213 -0.084804 0.756087 0.050382 0.056837 -0.017723 0.996954
0.157966 -0.084545 0.753123 0.047193 0.072529 -0.016313 0.996116
0.157547 -0.084257 0.749813 0.046993 0.069957 -0.016329 0.996309
0.156959 -0.083910 0.746005 0.051788 0.080753 -0.016737 0.995247
0.156673 -0.083757 0.744083 0.023552 0.100957 -0.012627 0.994532
0.155589 -0.083149 0.737863 0.058009 0.091213 -0.016772 0.993999
0.155348 -0.082973 0.736349 -0.005106 0.113430 -0.008580 0.993496
0.154546 -0.082723 0.732008 -0.015849 0.118134 -0.007216 0.992845
0.153804 -0.082463 0.728525 -0.014316 0.118772 -0.007522 0.992790
0.152895 -0.082080 0.724330 -0.022627 0.115612 -0.006564 0.993015
0.152102 -0.081792 0.720920 -0.014524 0.114230 -0.007656 0.993319
0.150925 -0.081270 0.715824 -0.024652 0.116139 -0.006340 0.992907
0.149424 -0.080696 0.709916 -0.034240 0.112073 -0.005018 0.993097
0.146788 -0.079656 0.699225 0.104968 0.110913 -0.021505 0.988037
0.146980 -0.079844 0.701272 -0.035270 0.110972 -0.005149 0.993184
0.145706 -0.079453 0.696939 -0.035364 0.108402 -0.004842 0.993466
0.144484 -0.079117 0.693403 -0.034014 0.110440 -0.005080 0.993288
0.141708 -0.078152 0.683306 0.103902 0.114365 -0.020932 0.987769
0.140386 -0.077878 0.680201 0.095873 0.114389 -0.020134 0.988594
0.138942 -0.077567 0.676793 0.086833 0.116500 -0.018711 0.989211
0.137928 -0.077474 0.676153 -0.019402 0.110511 -0.006961 0.993661
0.135799 -0.076983 0.671116 -0.017384 0.111591 -0.007122 0.993577
0.132714 -0.076175 0.662538 0.082656 0.119260 -0.017707 0.989258
0.131041 -0.075973 0.660529 0.058357 0.130129 -0.014605 0.989670
0.128775 -0.075538 0.656287 0.051696 0.141163 -0.013628 0.988542
0.126783 -0.075179 0.652975 0.045861 0.151911 -0.012307 0.987253
0.124713 -0.074785 0.649154 0.048699 0.161998 -0.012124 0.985514
0.122648 -0.074328 0.645185 0.049505 0.173685 -0.011986 0.983483
0.120640 -0.074015 0.642035 0.048589 0.173313 -0.011666 0.983598
0.118552 -0.073650 0.638650 0.046708 0.177925 -0.010972 0.982874
0.116297 -0.073279 0.635293 0.043062 0.186693 -0.010126 0.981422
0.113383 -0.072723 0.629866 0.049130 0.196642 -0.010420 0.979188
0.110379 -0.072231 0.625167 0.047736 0.200750 -0.009789 0.978430
0.107597 -0.071852 0.622040 0.039376 0.213914 -0.007745 0.976028
0.104441 -0.071314 0.617486 0.040603 0.236489 -0.007461 0.970757
0.100806 -0.070695 0.611827 0.045797 0.245217 -0.007960 0.968353
0.097351 -0.070286 0.607972 0.039525 0.246550 -0.006103 0.968305
0.093773 -0.069764 0.603562 0.039267 0.255830 -0.006443 0.965902
0.090148 -0.069207 0.598429 0.044933 0.270532 -0.006623 0.961639
0.086893 -0.068937 0.595477 0.042327 0.274317 -0.005786 0.960690
0.083577 -0.068572 0.591915 0.044783 0.284658 -0.004855 0.957570
0.080043 -0.068026 0.587109 0.046190 0.291686 -0.005321 0.955383
0.076757 -0.067565 0.583343 0.044705 0.301004 -0.004624 0.952563
0.073632 -0.067207 0.580617 0.044468 0.304967 -0.004408 0.951314
0.070395 -0.066659 0.576749 0.045408 0.315180 -0.004031 0.947936
0.067385 -0.066196 0.574190 0.043398 0.320178 -0.002874 0.946358
0.064290 -0.065810 0.571256 0.042692 0.323978 -0.002488 0.945098
0.061056 -0.065414 0.567484 0.047310 0.329703 -0.002844 0.942894
0.058046 -0.065032 0.564812 0.044021 0.338151 -0.002903 0.940057
0.055144 -0.064791 0.562745 0.042303 0.345950 -0.001071 0.937298
0.052118 -0.064528 0.560462 0.044123 0.351466 -0.000623 0.935160
0.048976 -0.064098 0.557086 0.045910 0.359536 -0.001444 0.932000
0.046077 -0.063771 0.554646 0.045141 0.367778 -0.001293 0.928816
0.043113 -0.063476 0.552157 0.044508 0.371013 -0.000678 0.927560
0.037564 -0.062944 0.547495 0.046013 0.378348 0.000509 0.924519
0.035191 -0.062743 0.546109 0.046144 0.383205 0.000361 0.922510
0.033031 -0.062505 0.544257 0.045614 0.386932 -0.000004 0.920979
0.031043 -0.062312 0.543018 0.044853 0.390586 0.000195 0.919473
0.029031 -0.062099 0.541273 0.045362 0.394090 0.000413 0.917951
0.027159 -0.061945 0.540315 0.044998 0.396154 0.000568 0.917080
0.025342 -0.061751 0.538616 0.046636 0.400569 0.000857 0.915079
0.023802 -0.061618 0.537836 0.046057 0.401931 0.000887 0.914511
0.022465 -0.061534 0.537063 0.046501 0.402657 0.001127 0.914168
0.021301 -0.061413 0.536216 0.046324 0.406763 0.000947 0.912358
0.020066 -0.061321 0.535406 0.047449 0.408400 0.001145 0.911568
0.018748 -0.061169 0.534358 0.047334 0.409925 0.000932 0.910890
0.017277 -0.061041 0.533251 0.047313 0.412094 0.001514 0.909911
0.015670 -0.060908 0.532535 0.046287 0.415562 0.001954 0.908384
0.013928 -0.060753 0.531709 0.044301 0.418942 0.001915 0.906930
0.011985 -0.060605 0.530492 0.043579 0.422189 0.002463 0.905456
0.009796 -0.060434 0.529395 0.044147 0.424818 0.002952 0.904197
0.007358 -0.060187 0.527928 0.044529 0.426861 0.002599 0.903216
0.004755 -0.059963 0.526123 0.045998 0.431785 0.002616 0.900799
0.002052 -0.059762 0.524651 0.045413 0.437146 0.003036 0.898238
-0.000716 -0.059593 0.523459 0.044026 0.442854 0.003866 0.895504
-0.003566 -0.059334 0.521217 0.044813 0.448412 0.004896 0.892689
-0.009267 -0.058946 0.518947 0.045541 0.452965 0.004751 0.890352
-0.011931 -0.058716 0.517377 0.044906 0.457133 0.005579 0.888247
-0.014539 -0.058484 0.516085 0.044237 0.462534 0.005167 0.885482
-0.017227 -0.058258 0.514411 0.044001 0.464621 0.004369 0.884405
-0.019639 -0.058035 0.512379 0.044447 0.468862 0.005739 0.882134
-0.030010 -0.057521 0.508736 0.045900 0.482388 0.006437 0.874730
-0.031649 -0.057401 0.507497 0.045575 0.486569 0.006750 0.872426
0.015926 -0.060967 0.533339 0.051808 0.414102 -0.000889 0.908754
0.019296 -0.061281 0.535260 0.050702 0.409648 -0.000481 0.910833
0.022184 -0.061449 0.536521 0.050022 0.404625 -0.001269 0.913112
0.024827 -0.061717 0.538544 0.050598 0.399991 -0.001556 0.915120
0.027303 -0.061971 0.540446 0.049984 0.396590 -0.001498 0.916633
0.029499 -0.062179 0.542113 0.050287 0.391829 -0.001678 0.918661
0.031829 -0.062401 0.543712 0.049913 0.387264 -0.001916 0.920615
0.034332 -0.062667 0.546074 0.049595 0.385898 -0.002219 0.921205
0.036785 -0.062887 0.547573 0.051718 0.382043 -0.002897 0.922692
0.039285 -0.063112 0.549435 0.050464 0.377433 -0.003423 0.924655
0.041800 -0.063384 0.551344 0.052297 0.369581 -0.003935 0.927717
0.044488 -0.063737 0.554099 0.052156 0.362531 -0.003143 0.930506
0.047320 -0.064004 0.556364 0.050361 0.358908 -0.003532 0.932006
0.050074 -0.064237 0.558317 0.052124 0.356069 -0.004954 0.932992
0.052979 -0.064559 0.560483 0.055652 0.348801 -0.005328 0.935528
0.056191 -0.064934 0.563433 0.051886 0.344556 -0.004486 0.937320
0.059613 -0.065380 0.567428 0.049118 0.337067 -0.004480 0.940188
0.062847 -0.065670 0.569684 0.053204 0.329575 -0.006355 0.942608
0.066226 -0.066055 0.572572 0.054821 0.318426 -0.006536 0.946339
0.069655 -0.066561 0.577061 0.051925 0.312476 -0.006402 0.948484
0.072476 -0.066812 0.579045 0.051060 0.308814 -0.007063 0.949725
0.075091 -0.067143 0.581845 0.051975 0.304100 -0.007630 0.951191
0.077659 -0.067508 0.584498 0.051459 0.298005 -0.006799 0.953152
0.080065 -0.067818 0.587470 0.050533 0.293861 -0.007381 0.954483
0.082325 -0.068065 0.589202 0.051482 0.290606 -0.007443 0.955428
0.084651 -0.068365 0.591894 0.053849 0.285078 -0.008215 0.956955
0.087051 -0.068660 0.594267 0.053752 0.277787 -0.008710 0.959098
0.089801 -0.069124 0.598359 0.052844 0.269423 -0.008253 0.961536
0.092279 -0.069414 0.600794 0.052388 0.263062 -0.009037 0.963313
0.094663 -0.069702 0.603374 0.056889 0.257725 -0.010043 0.964490
0.097479 -0.070131 0.607280 0.054351 0.247328 -0.010588 0.967348
0.100675 -0.070697 0.612343 0.052509 0.234183 -0.010012 0.970722
0.103383 -0.071050 0.614390 0.059905 0.223594 -0.011121 0.972776
0.106770 -0.071628 0.619674 0.059640 0.221547 -0.012464 0.973244
0.110314 -0.072266 0.625525 0.052482 0.214039 -0.011407 0.975348
0.113179 -0.072711 0.629587 0.058847 0.199932 -0.012679 0.977959
0.116072 -0.073137 0.633589 0.060748 0.190122 -0.013651 0.979784
0.118940 -0.073691 0.638399 0.061631 0.178486 -0.013781 0.981914
0.121604 -0.074204 0.642957 0.060918 0.173067 -0.014027 0.982924
0.124001 -0.074712 0.646966 0.058480 0.159202 -0.014420 0.985407
0.126503 -0.075322 0.652250 0.055241 0.153053 -0.014472 0.986567
0.128281 -0.075606 0.654781 0.058908 0.143239 -0.015156 0.987817
0.130049 -0.075933 0.658081 0.060650 0.141473 -0.015471 0.987961
0.131413 -0.076078 0.660042 0.071732 0.136488 -0.016858 0.987898
0.132924 -0.076149 0.662974 0.076545 0.131691 -0.017554 0.988175
0.134069 -0.076261 0.664731 0.085498 0.129712 -0.018759 0.987681
0.135480 -0.076545 0.667879 0.087058 0.125128 -0.019515 0.988121
0.136789 -0.076808 0.670472 0.092221 0.122878 -0.019870 0.987928
0.138049 -0.077036 0.673035 0.100737 0.118427 -0.021125 0.987614
0.140750 -0.077868 0.681910 -0.036183 0.105957 -0.006002 0.993694
0.140904 -0.077682 0.679794 0.110532 0.122721 -0.021798 0.986026
0.142637 -0.078176 0.684972 0.105507 0.117877 -0.021612 0.987171
0.145767 -0.079287 0.696339 -0.030480 0.113267 -0.006387 0.993076
0.145867 -0.079166 0.695279 0.105124 0.117254 -0.021555 0.987287
0.147427 -0.079702 0.700515 0.101204 0.115504 -0.021179 0.987911
0.150215 -0.080787 0.711699 -0.021866 0.111818 -0.006906 0.993464
0.150275 -0.080741 0.711423 0.094064 0.112863 -0.020415 0.988937
0.152594 -0.081700 0.721445 -0.019053 0.110426 -0.007523 0.993673
0.153557 -0.082104 0.725685 -0.019842 0.109508 -0.007590 0.993759
0.153851 -0.082250 0.727281 0.078377 0.104533 -0.019040 0.991245
0.154820 -0.082689 0.731778 0.068700 0.092272 -0.018234 0.993194
0.155843 -0.083188 0.737116 0.055052 0.091325 -0.016834 0.994156
0.156603 -0.083577 0.741204 0.046669 0.085076 -0.015950 0.995153
0.156968 -0.083783 0.743818 0.054840 0.074117 -0.017363 0.995589
0.157643 -0.084147 0.747831 0.051835 0.069205 -0.017207 0.996106
0.158077 -0.084482 0.751188 0.055658 0.065958 -0.017743 0.996111
0.158835 -0.085038 0.756135 0.048484 0.066133 -0.016802 0.996491
0.159248 -0.085389 0.759806 0.047631 0.053525 -0.016926 0.997286
0.159554 -0.085662 0.763239 0.047955 0.038823 -0.017916 0.997934
0.159806 -0.085994 0.767012 0.048209 0.032270 -0.018060 0.998152
0.160346 -0.086433 0.772077 0.047444 0.024806 -0.018210 0.998400
0.160536 -0.087064 0.779793 0.051519 0.013468 -0.019109 0.998398
0.160649 -0.087434 0.784493 0.055781 0.007440 -0.020277 0.998209
0.160776 -0.087863 0.789126 0.052774 -0.005896 -0.020065 0.998388
0.160855 -0.088384 0.794532 0.049858 -0.014044 -0.019840 0.998460
0.160846 -0.088860 0.799732 0.046724 -0.024235 -0.019858 0.998416
0.160520 -0.089222 0.803894 0.047679 -0.038525 -0.020747 0.997904
0.160329 -0.089677 0.808768 0.047619 -0.046250 -0.020860 0.997576
0.159966 -0.090069 0.813320 0.047786 -0.053521 -0.021576 0.997189
0.159539 -0.090421 0.817066 0.047405 -0.059109 -0.021654 0.996890
0.159579 -0.090975 0.823367 0.047042 -0.061854 -0.021416 0.996746
0.158737 -0.091123 0.825184 0.047945 -0.067439 -0.021840 0.996331
0.158430 -0.091546 0.829621 0.046146 -0.075519 -0.021542 0.995843
0.158056 -0.091926 0.833895 0.046510 -0.078763 -0.021483 0.995576
0.157513 -0.092218 0.837170 0.046494 -0.083438 -0.021909 0.995187
0.156883 -0.092433 0.839627 0.045991 -0.089971 -0.022322 0.994631
0.156371 -0.092674 0.842635 0.050299 -0.093366 -0.022791 0.994099
0.155646 -0.092878 0.844813 0.046404 -0.100359 -0.022978 0.993603
0.155195 -0.093233 0.848896 0.048762 -0.101633 -0.023299 0.993353
0.154519 -0.093533 0.852180 0.050056 -0.108910 -0.023740 0.992507
0.153636 -0.093818 0.855329 0.051058 -0.114976 -0.024217 0.991760
0.152825 -0.094218 0.859433 0.049539 -0.118485 -0.024302 0.991422
0.152075 -0.094639 0.864149 0.047750 -0.121717 -0.023861 0.991128
0.151381 -0.095086 0.868940 0.047477 -0.125194 -0.024117 0.990702
0.150505 -0.095376 0.871961 0.046588 -0.133721 -0.024196 0.989628
0.149784 -0.095608 0.875023 0.047022 -0.137382 -0.024426 0.989100
0.148860 -0.095718 0.876503 0.046422 -0.141959 -0.024655 0.988476
0.148271 -0.095895 0.879161 0.047048 -0.147979 -0.025191 0.987550
0.147808 -0.096115 0.881821 0.046176 -0.152748 -0.025228 0.986863
0.147185 -0.096221 0.882995 0.046214 -0.155316 -0.025282 0.986459
0.146796 -0.096353 0.884915 0.047787 -0.158085 -0.025408 0.985941
0.146384 -0.096476 0.886210 0.046401 -0.162275 -0.025089 0.985335
0.145969 -0.096578 0.887747 0.047103 -0.162553 -0.025429 0.985247
0.145583 -0.096691 0.888996 0.046827 -0.166906 -0.025628 0.984527
0.145449 -0.096981 0.892621 0.045658 -0.169009 -0.025714 0.984221
0.144854 -0.097080 0.893860 0.045532 -0.171534 -0.025745 0.983789
0.144194 -0.097148 0.895022 0.046094 -0.172971 -0.025986 0.983505
0.143665 -0.097275 0.896781 0.046441 -0.174268 -0.026011 0.983259
0.143046 -0.097334 0.897726 0.046533 -0.178336 -0.026446 0.982513
0.142487 -0.097439 0.898878 0.046108 -0.182330 -0.026266 0.981804
0.141169 -0.097822 0.903795 0.047114 -0.190986 -0.026269 0.980110
0.140704 -0.097946 0.904965 0.045584 -0.192930 -0.026294 0.979800
0.140778 -0.097975 0.905323 0.045018 -0.193089 -0.026280 0.979796
0.140764 -0.097980 0.905397 0.045050 -0.193473 -0.026327 0.979717
0.140758 -0.097968 0.905524 0.045396 -0.192567 -0.026425 0.979877
0.140767 -0.097975 0.905529 0.044982 -0.192841 -0.026247 0.979847
0.140767 -0.097975 0.905550 0.044937 -0.192934 -0.026290 0.979830
0.140759 -0.097975 0.905508 0.044787 -0.193069 -0.026275 0.979810
0.140756 -0.097971 0.905485 0.044827 -0.193065 -0.026303 0.979809
0.140734 -0.097963 0.905350 0.044971 -0.193033 -0.026378 0.979806
0.140762 -0.098019 0.905705 0.044764 -0.192519 -0.026310 0.979919
0.140683 -0.097990 0.905225 0.045198 -0.193019 -0.026486 0.979796
0.140642 -0.098012 0.905125 0.045539 -0.193576 -0.026754 0.979663
0.140611 -0.098000 0.904935 0.045473 -0.193984 -0.026873 0.979582
0.140756 -0.098394 0.905857 0.041095 -0.194209 -0.025275 0.979773
0.140641 -0.098397 0.905100 0.044297 -0.194814 -0.026529 0.979480
0.140690 -0.098404 0.905501 0.045428 -0.194052 -0.026523 0.979580
0.140701 -0.098411 0.905554 0.044829 -0.193842 -0.026361 0.979653
0.140694 -0.098417 0.905596 0.044796 -0.193627 -0.026318 0.979699
0.140696 -0.098403 0.905581 0.044540 -0.193736 -0.026348 0.979688
0.140688 -0.098399 0.905511 0.044383 -0.193913 -0.026263 0.979662
0.140688 -0.098390 0.905490 0.044022 -0.193854 -0.026218 0.979692
0.140817 -0.098458 0.905942 0.045222 -0.193322 -0.026603 0.979732
0.140742 -0.098432 0.905131 0.043574 -0.194432 -0.026411 0.979592
0.140782 -0.098446 0.905474 0.044135 -0.193585 -0.026625 0.979729
0.140802 -0.098460 0.905515 0.043784 -0.193587 -0.026423 0.979749
0.140768 -0.098422 0.905510 0.044916 -0.193588 -0.026836 0.979687
0.140760 -0.098400 0.905579 0.044540 -0.193200 -0.026394 0.979793
0.140740 -0.098356 0.905606 0.044381 -0.193416 -0.026382 0.979757
0.140750 -0.098370 0.905657 0.043726 -0.193663 -0.026212 0.979743
0.140753 -0.098364 0.905714 0.043910 -0.193353 -0.026301 0.979793
0.140767 -0.098367 0.905780 0.043927 -0.193296 -0.026354 0.979802
0.140719 -0.098348 0.905458 0.043655 -0.193550 -0.026240 0.979767
0.140872 -0.098393 0.905599 0.043740 -0.191557 -0.026081 0.980159
0.140941 -0.098420 0.905177 0.046325 -0.192524 -0.026880 0.979829
0.140779 -0.098077 0.904490 0.047846 -0.193073 -0.027442 0.979633
0.140765 -0.097990 0.904873 0.045423 -0.194348 -0.026762 0.979515
0.140753 -0.097987 0.904857 0.045822 -0.194274 -0.026856 0.979508
0.140768 -0.098011 0.905045 0.045245 -0.193598 -0.026558 0.979677
0.140808 -0.098027 0.905203 0.045281 -0.193679 -0.026516 0.979661
0.140904 -0.098150 0.905350 0.044742 -0.193133 -0.026315 0.979799
0.140865 -0.098132 0.905039 0.045624 -0.193411 -0.026651 0.979694
0.140945 -0.098188 0.905483 0.044805 -0.192645 -0.026184 0.979895
0.140866 -0.098121 0.904523 0.046228 -0.192503 -0.026320 0.979854
0.141016 -0.098130 0.905394 0.045093 -0.192610 -0.026637 0.979877
0.141159 -0.098186 0.904972 0.044872 -0.192244 -0.026302 0.979968
0.141243 -0.098211 0.905331 0.045394 -0.192522 -0.026588 0.979881
0.141226 -0.098649 0.905393 0.044075 -0.191709 -0.025854 0.980121
0.141148 -0.098619 0.905212 0.044951 -0.192673 -0.026234 0.979882
0.141111 -0.098531 0.905082 0.045595 -0.192798 -0.026541 0.979819
0.141243 -0.098634 0.905766 0.043587 -0.192223 -0.025662 0.980047
0.141095 -0.098429 0.904798 0.045518 -0.194210 -0.026540 0.979544
0.141129 -0.098423 0.905244 0.045528 -0.192229 -0.026520 0.979935
0.141231 -0.098460 0.904922 0.043069 -0.194064 -0.026079 0.979696
0.140989 -0.098476 0.903938 0.046294 -0.194104 -0.026654 0.979525
0.141132 -0.098322 0.904596 0.045182 -0.193924 -0.026277 0.979623
0.140947 -0.098596 0.905440 0.046443 -0.194234 -0.026685 0.979492
0.140917 -0.098281 0.905717 0.043604 -0.192382 -0.026070 0.980004
0.141054 -0.098159 0.905140 0.046312 -0.192387 -0.027199 0.979848
0.141022 -0.098318 0.905202 0.045653 -0.192979 -0.026689 0.979777
0.140695 -0.098228 0.905257 0.046135 -0.193589 -0.026825 0.979630
