-0.119672 -0.084165 1.026063 -0.015321 0.122202 0.007442 0.992359
-0.119944 -0.083997 1.028104 -0.016601 0.118883 0.007334 0.992742
-0.119875 -0.083926 1.027545 -0.014547 0.119963 0.007877 0.992641
-0.119875 -0.083946 1.027444 -0.014684 0.120153 0.007860 0.992616
-0.119848 -0.083973 1.027200 -0.014908 0.121240 0.007579 0.992482
-0.119856 -0.084080 1.027347 -0.015941 0.120883 0.007593 0.992510
-0.119948 -0.083989 1.027764 -0.014216 0.119463 0.007750 0.992707
-0.119967 -0.083974 1.027985 -0.014456 0.119134 0.007683 0.992743
-0.119955 -0.083967 1.027929 -0.014508 0.119599 0.007648 0.992687
-0.119939 -0.084037 1.027995 -0.012654 0.119129 0.007900 0.992767
-0.119878 -0.084037 1.028144 -0.015528 0.120689 0.007707 0.992539
-0.119831 -0.083876 1.027834 -0.013949 0.119851 0.007853 0.992663
-0.119814 -0.083863 1.027775 -0.014067 0.119720 0.007900 0.992677
-0.119813 -0.083864 1.027752 -0.013886 0.119539 0.007919 0.992701
-0.119794 -0.083840 1.027590 -0.013929 0.119487 0.007847 0.992707
-0.119753 -0.083854 1.027428 -0.013338 0.120320 0.008116 0.992612
-0.119780 -0.083860 1.027642 -0.013200 0.120195 0.008011 0.992630
-0.119740 -0.083828 1.027314 -0.013349 0.120603 0.008093 0.992578
-0.119787 -0.083854 1.027620 -0.012638 0.119218 0.008137 0.992754
-0.119778 -0.083853 1.027563 -0.012289 0.119365 0.008163 0.992741
-0.119776 -0.083836 1.027579 -0.012558 0.119677 0.008115 0.992700
-0.119710 -0.083723 1.027051 -0.013434 0.120820 0.008003 0.992551
-0.119661 -0.083457 1.026540 -0.015158 0.121821 0.007506 0.992408
-0.119733 -0.083813 1.027124 -0.013815 0.120666 0.007949 0.992565
-0.119845 -0.083933 1.028107 -0.013330 0.119558 0.008098 0.992705
-0.119631 -0.083597 1.026287 -0.013068 0.122083 0.008169 0.992400
-0.119708 -0.083238 1.026435 -0.015155 0.121247 0.007565 0.992478
-0.119816 -0.083188 1.026131 -0.016297 0.118802 0.007461 0.992756
-0.119939 -0.083186 1.025548 -0.015050 0.118395 0.007359 0.992825
-0.120034 -0.083155 1.025161 -0.015538 0.117389 0.007253 0.992938
-0.119950 -0.083129 1.024259 -0.016729 0.117237 0.007486 0.992935
-0.119854 -0.083161 1.023456 -0.015873 0.116342 0.007604 0.993053
-0.120101 -0.083153 1.022331 -0.015544 0.116228 0.007613 0.993072
-0.120508 -0.083351 1.021039 -0.015850 0.114637 0.007468 0.993253
-0.120786 -0.083701 1.019458 -0.013750 0.114962 0.008312 0.993240
-0.121271 -0.083837 1.018808 -0.015156 0.111379 0.007749 0.993632
-0.121781 -0.083789 1.016036 -0.018004 0.104789 0.007664 0.994302
-0.122655 -0.083852 1.014715 -0.017302 0.098031 0.007750 0.995003
-0.123251 -0.083866 1.011757 -0.016644 0.095734 0.007774 0.995237
-0.123931 -0.083959 1.007971 -0.015336 0.091363 0.007716 0.995670
-0.124784 -0.084112 1.003823 -0.020090 0.085228 0.007781 0.996128
-0.124868 -0.084084 0.998319 -0.018954 0.079402 0.008155 0.996629
-0.125436 -0.083963 0.993686 -0.022590 0.069219 0.007472 0.997318
-0.126132 -0.084036 0.986432 -0.027249 0.064829 0.008035 0.997492
-0.126868 -0.084268 0.980689 -0.030465 0.058265 0.007708 0.997806
-0.127984 -0.084294 0.976952 -0.026476 0.047217 0.007974 0.998502
-0.129135 -0.084519 0.973370 -0.029345 0.027467 0.007536 0.999163
-0.129276 -0.084503 0.963235 -0.030578 0.026350 0.007454 0.999157
-0.130162 -0.084467 0.959086 -0.035323 0.017594 0.006972 0.999197
-0.129943 -0.084305 0.949896 -0.045438 0.008408 0.007087 0.998907
-0.130109 -0.084413 0.941278 -0.039400 0.010511 0.007650 0.999139
-0.130775 -0.084371 0.937036 -0.043955 -0.007969 0.006446 0.998981
-0.130690 -0.083920 0.928359 -0.050300 -0.012622 0.006797 0.998631
-0.130662 -0.084133 0.922251 -0.040275 -0.033718 0.008811 0.998581
-0.130172 -0.083565 0.910701 -0.060043 -0.018154 0.005745 0.998014
-0.130073 -0.083537 0.903336 -0.067607 -0.038462 0.005170 0.996957
-0.129471 -0.083894 0.896707 -0.056115 -0.039093 0.007631 0.997630
-0.128878 -0.083811 0.890884 -0.062633 -0.038156 0.006728 0.997284
-0.127381 -0.083401 0.876689 0.123080 -0.073451 0.017951 0.989512
-0.127931 -0.084299 0.881012 -0.056664 -0.048113 0.006974 0.997209
-0.127134 -0.084370 0.875714 -0.055212 -0.053979 0.007565 0.996986
-0.126645 -0.084641 0.871934 -0.049071 -0.057733 0.008222 0.997091
-0.126216 -0.084749 0.867651 -0.048685 -0.062806 0.007945 0.996806
-0.125419 -0.084696 0.863336 -0.051438 -0.069438 0.008404 0.996224
-0.124681 -0.084819 0.859447 -0.053077 -0.069625 0.008795 0.996121
-0.124018 -0.084854 0.855351 -0.055551 -0.068381 0.008341 0.996077
-0.123395 -0.085140 0.852204 -0.048662 -0.073783 0.008807 0.996047
-0.122711 -0.085467 0.850191 -0.040201 -0.081371 0.009501 0.995827
-0.121882 -0.085399 0.846364 -0.039395 -0.081758 0.009305 0.995830
-0.121121 -0.085485 0.843786 -0.035052 -0.085223 0.009954 0.995695
-0.120169 -0.085663 0.840589 -0.033538 -0.092365 0.010556 0.995104
-0.119183 -0.085900 0.837790 -0.028359 -0.097082 0.010696 0.994815
-0.117879 -0.085890 0.832699 -0.023845 -0.110193 0.010829 0.993565
-0.116582 -0.086077 0.828979 -0.018495 -0.118411 0.011010 0.992731
-0.115014 -0.086242 0.824463 -0.015850 -0.123530 0.011253 0.992150
-0.113145 -0.086275 0.818865 -0.013854 -0.134797 0.011315 0.990712
-0.111379 -0.086465 0.814834 -0.014884 -0.140354 0.011272 0.989925
-0.108862 -0.086511 0.807176 -0.014048 -0.160755 0.011644 0.986826
-0.106755 -0.086606 0.803090 0.001818 -0.172868 0.011317 0.984878
-0.104562 -0.086760 0.798252 -0.002411 -0.182023 0.011841 0.983220
-0.102202 -0.086788 0.791863 -0.007231 -0.189523 0.011337 0.981784
-0.099921 -0.086891 0.787982 -0.003699 -0.198272 0.011969 0.980067
-0.097645 -0.086942 0.782689 -0.008471 -0.205929 0.011727 0.978460
-0.095460 -0.087166 0.779684 -0.001771 -0.218093 0.010719 0.975868
-0.092878 -0.087168 0.774076 -0.005342 -0.222804 0.011885 0.974776
-0.090387 -0.087232 0.769449 -0.009533 -0.228599 0.012326 0.973396
-0.087751 -0.087334 0.764907 -0.004051 -0.241741 0.011021 0.970270
-0.085025 -0.087485 0.761492 -0.006012 -0.245757 0.011660 0.969243
-0.081900 -0.087498 0.756391 -0.004840 -0.253249 0.011720 0.967318
-0.078884 -0.087609 0.751791 -0.003144 -0.261569 0.011563 0.965110
-0.075804 -0.087672 0.747370 -0.004696 -0.266085 0.011535 0.963869
-0.072298 -0.087629 0.741603 -0.006282 -0.277763 0.011287 0.960563
-0.068873 -0.087833 0.737463 -0.005987 -0.283244 0.011907 0.958955
-0.065154 -0.087853 0.732256 -0.006295 -0.292415 0.011615 0.956200
-0.061186 -0.087854 0.726774 -0.005134 -0.302107 0.011772 0.953187
0.003610 -0.088956 0.663899 -0.001116 -0.426832 0.011112 0.904262
0.002137 -0.088969 0.665233 -0.002063 -0.423630 0.011484 0.905760
0.000464 -0.089009 0.666925 -0.003113 -0.420026 0.012200 0.907425
-0.001524 -0.089066 0.669248 -0.003068 -0.415813 0.012497 0.909359
-0.003984 -0.088846 0.669878 -0.003774 -0.412958 0.012860 0.910652
-0.051490 -0.088113 0.715882 -0.001350 -0.324908 0.012471 0.945663
-0.053453 -0.088077 0.718007 -0.002577 -0.319783 0.012670 0.947402
-0.055052 -0.088106 0.719674 -0.002708 -0.316284 0.012452 0.948579
-0.056269 -0.088173 0.720528 -0.002154 -0.313875 0.012719 0.949377
-0.057354 -0.088232 0.721335 -0.003762 -0.312328 0.012662 0.949882
-0.058297 -0.088319 0.722843 -0.004002 -0.309700 0.012679 0.950741
-0.059256 -0.088377 0.724624 -0.003926 -0.307278 0.012803 0.951525
-0.060259 -0.088307 0.725609 -0.002121 -0.304260 0.012807 0.952501
-0.061403 -0.088222 0.726478 -0.003405 -0.302684 0.012563 0.953002
-0.062852 -0.088233 0.728848 -0.002635 -0.297385 0.012907 0.954667
-0.064406 -0.088133 0.730029 -0.003113 -0.295340 0.012492 0.955305
-0.066224 -0.088101 0.732247 -0.003771 -0.290157 0.012835 0.956886
-0.068145 -0.088098 0.735418 -0.002532 -0.285803 0.012813 0.958199
-0.070120 -0.088097 0.738428 -0.001580 -0.283008 0.012742 0.959032
-0.072161 -0.088052 0.740960 -0.002024 -0.278397 0.012957 0.960376
-0.074242 -0.087991 0.743869 -0.002178 -0.274089 0.012794 0.961617
-0.076497 -0.087999 0.747739 -0.001058 -0.267849 0.012496 0.963379
-0.078602 -0.087888 0.750313 -0.000059 -0.264872 0.012372 0.964204
-0.080787 -0.087870 0.753837 -0.001273 -0.258589 0.012705 0.965903
-0.083001 -0.087822 0.757041 -0.001733 -0.253665 0.012175 0.967214
-0.085010 -0.087699 0.759525 -0.002360 -0.248907 0.012225 0.968447
-0.087144 -0.087678 0.763537 -0.000604 -0.242441 0.012377 0.970087
-0.089270 -0.087703 0.767565 -0.003221 -0.233640 0.013231 0.972228
-0.091299 -0.087627 0.771014 -0.001457 -0.229869 0.012858 0.973135
-0.093299 -0.087541 0.774660 0.002250 -0.224627 0.012070 0.974367
-0.095285 -0.087505 0.778237 -0.001502 -0.216452 0.012209 0.976216
-0.097171 -0.087347 0.781155 -0.005761 -0.207361 0.012528 0.978167
-0.099238 -0.087313 0.785595 -0.000166 -0.201417 0.012177 0.979430
-0.101207 -0.087305 0.790006 -0.000608 -0.194567 0.012494 0.980810
-0.103067 -0.087175 0.793516 -0.001297 -0.187000 0.012736 0.982276
-0.104970 -0.087121 0.798653 0.002425 -0.179568 0.012350 0.983665
-0.106580 -0.086965 0.800936 -0.003009 -0.170594 0.011921 0.985265
-0.108104 -0.086843 0.803886 -0.012337 -0.163392 0.012154 0.986409
-0.109951 -0.086817 0.810198 -0.005544 -0.152801 0.012304 0.988165
-0.111208 -0.086555 0.812671 -0.000599 -0.150055 0.011775 0.988607
-0.112676 -0.086418 0.817034 -0.010745 -0.136103 0.012232 0.990561
-0.113949 -0.086305 0.820744 -0.013236 -0.130987 0.012299 0.991219
-0.115123 -0.086156 0.823361 -0.018157 -0.122464 0.011627 0.992239
-0.116386 -0.086134 0.827601 -0.017732 -0.110978 0.011726 0.993595
-0.117490 -0.085929 0.830290 -0.020409 -0.109770 0.011441 0.993682
-0.118728 -0.085875 0.834466 -0.020852 -0.101970 0.011055 0.994507
-0.119962 -0.085766 0.838588 -0.026986 -0.087715 0.011088 0.995718
-0.120986 -0.085517 0.841725 -0.034180 -0.083918 0.010652 0.995829
-0.122033 -0.085286 0.845005 -0.039323 -0.076968 0.010190 0.996206
-0.123220 -0.085185 0.850048 -0.039110 -0.076803 0.009588 0.996233
-0.124319 -0.085010 0.854843 -0.041408 -0.072949 0.008911 0.996436
-0.125199 -0.084780 0.859338 -0.046527 -0.064087 0.008762 0.996821
-0.126009 -0.084555 0.863479 -0.053383 -0.064168 0.008126 0.996477
-0.126788 -0.084384 0.868275 -0.052482 -0.062137 0.007862 0.996656
-0.127528 -0.084154 0.872872 -0.052174 -0.057623 0.007439 0.996946
-0.128112 -0.083908 0.877138 -0.057915 -0.054309 0.006798 0.996820
-0.128669 -0.083749 0.881414 -0.058528 -0.046627 0.006460 0.997175
-0.129220 -0.083676 0.886322 -0.056831 -0.048694 0.006536 0.997174
-0.129783 -0.083581 0.891997 -0.058503 -0.046599 0.006268 0.997179
-0.129960 -0.083337 0.895883 -0.061326 -0.036917 0.005213 0.997421
-0.130366 -0.083558 0.902633 -0.045187 -0.043179 0.007378 0.998018
-0.130601 -0.083377 0.909288 -0.055106 -0.039361 0.005800 0.997688
-0.130373 -0.083128 0.913760 -0.063570 -0.017344 0.003832 0.997819
-0.130715 -0.083561 0.922307 -0.045071 -0.026774 0.005770 0.998608
-0.131211 -0.083612 0.931716 -0.037408 -0.037439 0.006414 0.998578
-0.130596 -0.083244 0.934599 -0.042622 -0.006242 0.005832 0.999055
-0.129878 -0.083078 0.937556 -0.039138 0.008895 0.006592 0.999173
-0.130349 -0.083337 0.949016 -0.040207 -0.007030 0.005597 0.999151
-0.130160 -0.083394 0.955620 -0.035285 -0.000576 0.004810 0.999366
-0.129431 -0.083293 0.959362 -0.029532 0.022470 0.005866 0.999294
-0.128918 -0.083217 0.963730 -0.022413 0.028916 0.007081 0.999305
-0.128601 -0.083186 0.968940 -0.025574 0.032121 0.006421 0.999136
-0.128128 -0.083169 0.972928 -0.026724 0.038785 0.006445 0.998869
-0.127527 -0.083083 0.975979 -0.023430 0.044806 0.007053 0.998696
-0.127015 -0.083058 0.980093 -0.021528 0.053320 0.007720 0.998316
-0.126495 -0.083037 0.983050 -0.019459 0.057158 0.007056 0.998151
-0.126388 -0.083116 0.988645 -0.018279 0.056590 0.006752 0.998207
-0.125877 -0.083185 0.991220 -0.017968 0.062688 0.006889 0.997848
-0.125336 -0.083331 0.993490 -0.019677 0.066930 0.006672 0.997541
-0.124782 -0.083318 0.995606 -0.020714 0.072937 0.007042 0.997097
-0.124224 -0.083231 0.996751 -0.020572 0.077702 0.006964 0.996740
-0.123912 -0.083330 0.999452 -0.016232 0.081657 0.007551 0.996500
-0.123541 -0.083256 1.001359 -0.016498 0.085530 0.007398 0.996172
-0.123337 -0.083271 1.004021 -0.018399 0.085657 0.007274 0.996128
-0.122885 -0.083250 1.004828 -0.018364 0.089508 0.007177 0.995791
-0.122611 -0.083222 1.006581 -0.015907 0.090780 0.007063 0.995719
-0.122346 -0.083259 1.008921 -0.016682 0.092220 0.006992 0.995574
-0.121955 -0.083256 1.009715 -0.014495 0.095189 0.007177 0.995328
-0.121627 -0.083179 1.010661 -0.014581 0.098221 0.007087 0.995033
-0.121417 -0.083069 1.012477 -0.012928 0.100748 0.007440 0.994800
-0.121082 -0.082838 1.013644 -0.012935 0.103311 0.007204 0.994539
-0.120727 -0.082719 1.014741 -0.015615 0.104189 0.007134 0.994409
-0.120451 -0.082905 1.015892 -0.013886 0.108860 0.007218 0.993934
-0.120257 -0.082909 1.016396 -0.015475 0.107156 0.007204 0.994096
-0.120016 -0.082699 1.016034 -0.016644 0.106697 0.007417 0.994125
-0.119942 -0.082557 1.016728 -0.016622 0.106220 0.007165 0.994178
-0.119888 -0.082597 1.017252 -0.015040 0.109073 0.007164 0.993894
-0.119779 -0.082573 1.017660 -0.016995 0.108054 0.007175 0.993974
-0.119793 -0.082581 1.018299 -0.016636 0.109902 0.006999 0.993779
-0.119801 -0.082600 1.018196 -0.015869 0.109839 0.007066 0.993798
-0.119796 -0.082595 1.017938 -0.015785 0.108690 0.007196 0.993924
-0.119799 -0.082581 1.018071 -0.016582 0.109231 0.006997 0.993853
-0.119830 -0.082595 1.018208 -0.016126 0.108871 0.006946 0.993901
-0.119823 -0.082607 1.018255 -0.015105 0.109313 0.007069 0.993868
-0.119756 -0.082587 1.018677 -0.014799 0.109225 0.006982 0.993882
-0.119585 -0.082580 1.019440 -0.017245 0.109991 0.006970 0.993758
-0.119188 -0.082508 1.019250 -0.014896 0.113279 0.007296 0.993425
-0.118784 -0.082420 1.020615 -0.015045 0.117458 0.007301 0.992937
-0.118364 -0.082461 1.022697 -0.014239 0.120943 0.007473 0.992529
-0.117977 -0.082430 1.024000 -0.014098 0.122788 0.006859 0.992309
-0.117803 -0.082449 1.025518 -0.012648 0.121582 0.007079 0.992476
-0.117433 -0.082470 1.026753 -0.012793 0.124482 0.007205 0.992113
-0.117235 -0.082442 1.026313 -0.014927 0.126169 0.007477 0.991868
-0.117230 -0.082460 1.026405 -0.013147 0.126847 0.007561 0.991806
-0.117229 -0.082454 1.026459 -0.013358 0.127168 0.007412 0.991764
-0.117207 -0.082466 1.026603 -0.013800 0.126782 0.007399 0.991807
-0.117187 -0.082464 1.026556 -0.013758 0.126471 0.007470 0.991847
-0.117170 -0.082464 1.026500 -0.013542 0.126194 0.007468 0.991885
-0.117108 -0.082448 1.026225 -0.013983 0.125025 0.007266 0.992028
-0.117068 -0.082471 1.026474 -0.013709 0.126130 0.007482 0.991891
-0.117036 -0.082483 1.026563 -0.012962 0.126948 0.007603 0.991795
-0.116980 -0.082478 1.026477 -0.013889 0.126943 0.007608 0.991784
-0.116943 -0.082489 1.026460 -0.011728 0.128024 0.007443 0.991674
-0.116897 -0.082484 1.026468 -0.013065 0.128101 0.007621 0.991646
-0.116865 -0.082488 1.026567 -0.013844 0.127290 0.007456 0.991741
-0.116868 -0.082512 1.026768 -0.011724 0.127476 0.007309 0.991745
-0.116770 -0.082498 1.026623 -0.013777 0.128361 0.007611 0.991603
-0.116717 -0.082504 1.026634 -0.013846 0.128730 0.007615 0.991554
-0.116663 -0.082504 1.026546 -0.013695 0.128542 0.007636 0.991580
-0.116655 -0.082503 1.026529 -0.013710 0.128947 0.007634 0.991527
-0.116617 -0.082489 1.026403 -0.014220 0.128613 0.007422 0.991565
-0.116599 -0.082480 1.026323 -0.014070 0.128278 0.007270 0.991612
-0.116594 -0.082478 1.026194 -0.013768 0.127540 0.007338 0.991711
-0.116619 -0.082485 1.026357 -0.014366 0.127915 0.007364 0.991654
-0.116613 -0.082484 1.026255 -0.014210 0.128712 0.007481 0.991552
-0.116635 -0.082501 1.026502 -0.013464 0.128049 0.007219 0.991650
-0.116656 -0.082517 1.026681 -0.013946 0.127756 0.007387 0.991680
-0.116650 -0.082495 1.026425 -0.013618 0.128312 0.007347 0.991613
-0.116652 -0.082485 1.026315 -0.014034 0.127507 0.007274 0.991712
-0.116640 -0.082502 1.026463 -0.013653 0.127746 0.007333 0.991686
-0.116609 -0.082505 1.026440 -0.013717 0.128020 0.007447 0.991649
-0.116597 -0.082506 1.026350 -0.013269 0.128334 0.007491 0.991614
-0.116608 -0.082559 1.026493 -0.013159 0.127191 0.007347 0.991764
-0.116605 -0.082566 1.026314 -0.014238 0.128323 0.007542 0.991602
-0.116597 -0.082565 1.026284 -0.014326 0.128422 0.007555 0.991587
-0.116618 -0.082585 1.026453 -0.013590 0.128218 0.007777 0.991622
-0.116579 -0.082531 1.026070 -0.014419 0.127753 0.007576 0.991672
-0.116575 -0.082637 1.026505 -0.012259 0.126941 0.007815 0.991804
-0.116545 -0.082639 1.026476 -0.011796 0.127163 0.007643 0.991782
-0.116488 -0.082500 1.025940 -0.013401 0.128037 0.007555 0.991650
-0.116514 -0.082501 1.026134 -0.013618 0.128249 0.007637 0.991619
-0.116436 -0.082778 1.027084 -0.012283 0.126167 0.007971 0.991901
-0.116251 -0.082595 1.025828 -0.013096 0.128488 0.007674 0.991595
-0.116282 -0.082551 1.025982 -0.012410 0.128273 0.007912 0.991630
-0.116488 -0.082432 1.027580 -0.014483 0.124338 0.007624 0.992105
-0.116702 -0.082173 1.028360 -0.016473 0.121590 0.007763 0.992413
-0.116695 -0.082256 1.028288 -0.013506 0.122666 0.007795 0.992325
-0.116638 -0.082330 1.027642 -0.015084 0.124595 0.007525 0.992064
-0.116499 -0.082432 1.026645 -0.014312 0.126897 0.007583 0.991784
-0.116593 -0.082391 1.027988 -0.015224 0.124386 0.007293 0.992090
-0.116203 -0.082535 1.026907 -0.012470 0.126507 0.007777 0.991857
-0.116255 -0.083151 1.028462 -0.014766 0.124178 0.007215 0.992124
-0.116087 -0.083002 1.027384 -0.013444 0.125232 0.007625 0.992007
-0.115945 -0.083341 1.029239 -0.014520 0.120594 0.007329 0.992569
-0.115474 -0.083690 1.027327 -0.013376 0.124550 0.007605 0.992094
-0.115410 -0.083239 1.026468 -0.014374 0.126162 0.007343 0.991878
-0.114992 -0.083678 1.025905 -0.015393 0.128130 0.007881 0.991607
-0.114918 -0.084311 1.026148 -0.013833 0.128312 0.007492 0.991609
-0.115340 -0.084067 1.027611 -0.014768 0.124158 0.006771 0.992129
-0.115391 -0.083590 1.026086 -0.014895 0.124901 0.008133 0.992024
-0.116554 -0.082598 1.026382 -0.013363 0.126440 0.007609 0.991855
-0.117427 -0.082065 1.028453 -0.015258 0.120713 0.007612 0.992541
-0.116998 -0.081820 1.027357 -0.017978 0.124942 0.007252 0.991975
-0.117312 -0.083328 1.029984 -0.014078 0.121662 0.007370 0.992444
-0.117236 -0.082608 1.025312 -0.015559 0.128087 0.006644 0.991619
-0.117592 -0.082025 1.028224 -0.015139 0.123979 0.007402 0.992142
