0.067715 -0.151410 1.047877 0.079132 -0.316463 -0.045235 0.944216
0.067722 -0.151520 1.048067 0.078944 -0.315802 -0.045044 0.944462
0.067740 -0.151279 1.048669 0.078692 -0.315532 -0.045054 0.944572
0.067704 -0.151546 1.048376 0.079152 -0.315986 -0.045272 0.944372
0.067701 -0.151538 1.048289 0.079157 -0.316079 -0.045258 0.944341
0.067596 -0.151239 1.046869 0.078674 -0.317437 -0.045378 0.943920
0.067603 -0.151528 1.047397 0.078084 -0.316523 -0.044665 0.944310
0.067678 -0.151508 1.048609 0.079195 -0.315678 -0.045074 0.944481
0.067622 -0.151597 1.047803 0.078580 -0.316691 -0.045223 0.944186
0.067618 -0.151597 1.047793 0.078530 -0.316625 -0.045242 0.944211
0.067119 -0.151653 1.048154 0.078975 -0.316021 -0.045061 0.944385
0.066216 -0.151563 1.047645 0.078786 -0.317662 -0.045232 0.943842
0.066075 -0.150774 1.046275 0.079810 -0.317767 -0.045555 0.943705
0.066166 -0.150631 1.047018 0.077883 -0.316568 -0.045192 0.944286
0.066561 -0.150759 1.047600 0.079039 -0.315093 -0.045079 0.944689
0.067338 -0.150202 1.044669 0.078602 -0.313061 -0.044631 0.945422
0.067996 -0.150155 1.044621 0.078052 -0.310865 -0.044315 0.946207
0.069286 -0.149733 1.041884 0.077921 -0.308575 -0.044840 0.946942
0.070110 -0.149668 1.041619 0.077899 -0.306235 -0.045002 0.947695
0.085611 -0.145489 1.012084 0.079081 -0.260358 -0.042332 0.961336
0.109126 -0.135560 0.947510 0.080872 -0.157085 -0.034761 0.983654
0.110984 -0.134316 0.939723 0.081351 -0.146233 -0.033642 0.985325
0.112977 -0.133146 0.933259 0.078953 -0.132087 -0.032833 0.987543
0.117092 -0.129637 0.912199 0.079351 -0.098673 -0.028772 0.991534
0.117831 -0.128383 0.903845 0.080903 -0.094653 -0.028748 0.991801
0.118583 -0.127364 0.897977 0.080924 -0.079975 -0.028191 0.993107
0.119187 -0.126263 0.891126 0.084204 -0.070134 -0.028542 0.993567
0.119496 -0.124874 0.883787 0.081931 -0.054648 -0.026375 0.994789
0.119656 -0.123630 0.876128 0.085303 -0.041759 -0.026240 0.995134
0.119665 -0.122520 0.868848 0.086992 -0.035183 -0.025545 0.995260
0.119689 -0.121563 0.862699 0.083196 -0.021956 -0.023986 0.996003
0.119388 -0.120478 0.856054 0.087194 -0.010635 -0.023678 0.995853
0.118935 -0.119217 0.848972 0.088625 0.001393 -0.022710 0.995805
0.118327 -0.117978 0.842568 0.093109 0.013506 -0.022952 0.995300
0.117613 -0.116930 0.835735 0.090440 0.023535 -0.021215 0.995398
0.116621 -0.115801 0.828750 0.099537 0.035558 -0.020966 0.994177
0.115453 -0.114656 0.821276 0.100813 0.041641 -0.021163 0.993808
0.114425 -0.113722 0.815522 0.101534 0.049723 -0.020334 0.993381
0.112825 -0.112384 0.806811 0.113827 0.055008 -0.021046 0.991753
0.111213 -0.111193 0.799112 0.121253 0.061619 -0.021324 0.990478
0.110436 -0.110772 0.796631 0.105325 0.065922 -0.018801 0.992072
0.108888 -0.109732 0.790329 0.111739 0.061424 -0.020165 0.991632
0.107105 -0.108517 0.782675 0.122527 0.059306 -0.021298 0.990463
0.105345 -0.107626 0.776449 0.124821 0.079018 -0.019178 0.988842
0.103694 -0.106720 0.770872 0.129907 0.077610 -0.018957 0.988302
0.102349 -0.106225 0.768513 0.118309 0.073151 -0.019329 0.990090
0.100690 -0.105487 0.764214 0.113191 0.078016 -0.018277 0.990337
0.098592 -0.104538 0.757921 0.119684 0.086499 -0.017515 0.988882
0.097298 -0.104228 0.757071 0.102984 0.083327 -0.016780 0.991045
0.095442 -0.103559 0.753038 0.096166 0.089854 -0.015727 0.991177
0.093225 -0.102642 0.747060 0.105089 0.100437 -0.015485 0.989257
0.091593 -0.102310 0.745971 0.088569 0.107137 -0.013795 0.990195
0.089365 -0.101554 0.741389 0.083797 0.117515 -0.012734 0.989447
0.087159 -0.100931 0.738383 0.082176 0.122910 -0.012186 0.988935
0.084676 -0.100111 0.733272 0.083816 0.131625 -0.011168 0.987687
0.082107 -0.099298 0.728551 0.083559 0.142986 -0.010133 0.986139
0.079617 -0.098620 0.725013 0.079500 0.148498 -0.009399 0.985667
0.076870 -0.097766 0.719908 0.079439 0.166819 -0.008617 0.982744
0.074381 -0.097182 0.717118 0.078911 0.171073 -0.007792 0.982062
0.071609 -0.096395 0.712308 0.080922 0.183825 -0.007025 0.979597
0.068789 -0.095558 0.707328 0.079367 0.199674 -0.006042 0.976624
0.066371 -0.095161 0.706113 0.068362 0.211881 -0.004383 0.974892
0.063358 -0.094286 0.700896 0.072231 0.214023 -0.004451 0.974144
0.057204 -0.092932 0.693316 0.075500 0.224752 -0.003070 0.971482
0.054051 -0.091990 0.687447 0.077928 0.244576 -0.002434 0.966491
0.051114 -0.091351 0.684340 0.075974 0.249359 -0.001850 0.965425
0.048148 -0.090862 0.681643 0.073525 0.255834 0.000330 0.963921
0.044969 -0.090019 0.676485 0.076942 0.263365 -0.000039 0.961623
0.042113 -0.089415 0.673261 0.073902 0.270897 0.000346 0.959767
0.039309 -0.088887 0.670036 0.075702 0.273426 0.001236 0.958909
0.036745 -0.088369 0.667626 0.074922 0.280227 0.000683 0.957005
0.034365 -0.087861 0.664578 0.074975 0.285728 0.001845 0.955372
0.032136 -0.087515 0.662736 0.075387 0.289677 0.002166 0.954148
0.030080 -0.087145 0.660814 0.075103 0.292797 0.002914 0.953216
0.028105 -0.086716 0.658122 0.076694 0.297815 0.003054 0.951533
0.026296 -0.086398 0.656373 0.076428 0.302002 0.002992 0.950234
0.024629 -0.086132 0.655117 0.075193 0.305969 0.003480 0.949061
0.022858 -0.085843 0.653817 0.075352 0.308683 0.003573 0.948169
0.021069 -0.085490 0.651756 0.076425 0.313616 0.004305 0.946460
0.019085 -0.085143 0.649647 0.076317 0.316772 0.004747 0.945415
0.017020 -0.084765 0.647696 0.074767 0.322681 0.005045 0.943536
0.014683 -0.084370 0.645536 0.073315 0.326442 0.005701 0.942352
0.012075 -0.083903 0.642470 0.074654 0.331352 0.006689 0.940525
0.009223 -0.083530 0.640941 0.074128 0.335109 0.007191 0.939231
0.006130 -0.082987 0.637858 0.073140 0.341549 0.007318 0.936985
0.002752 -0.082383 0.634327 0.077930 0.348501 0.006786 0.934039
-0.000383 -0.082056 0.633829 0.072992 0.356479 0.007682 0.931416
-0.003586 -0.081569 0.630931 0.073294 0.360067 0.008453 0.930005
-0.006526 -0.081155 0.628857 0.074099 0.361337 0.010472 0.929427
-0.009212 -0.080688 0.625921 0.073742 0.367821 0.010649 0.926907
-0.011594 -0.080441 0.625166 0.072319 0.374786 0.010426 0.924228
-0.013582 -0.080123 0.623439 0.071305 0.378449 0.010161 0.922816
-0.015472 -0.079766 0.621019 0.074405 0.379232 0.010059 0.922250
-0.017029 -0.079619 0.620262 0.074073 0.381627 0.010395 0.921285
-0.018481 -0.079474 0.619441 0.075038 0.383381 0.010994 0.920471
-0.019913 -0.079258 0.617960 0.074731 0.384473 0.011039 0.920040
-0.021318 -0.079122 0.617520 0.075208 0.387247 0.011893 0.918827
-0.022781 -0.079030 0.617639 0.074853 0.388995 0.011684 0.918119
-0.024227 -0.078703 0.615370 0.075064 0.392757 0.012064 0.916494
-0.025724 -0.078473 0.614696 0.073315 0.397698 0.011698 0.914508
-0.027185 -0.078350 0.614051 0.073852 0.400904 0.012387 0.913055
-0.028568 -0.078095 0.612112 0.073973 0.404350 0.012942 0.911516
-0.030023 -0.078003 0.612212 0.072177 0.405335 0.012868 0.911224
-0.031534 -0.077874 0.612111 0.072925 0.406646 0.013663 0.910568
-0.032999 -0.077680 0.611108 0.072329 0.409350 0.013868 0.909400
-0.034624 -0.077547 0.610131 0.073437 0.411497 0.013831 0.908343
-0.039731 -0.076800 0.605947 0.072113 0.420149 0.014789 0.904464
-0.041684 -0.076639 0.605642 0.070701 0.422781 0.014449 0.903354
-0.043813 -0.076252 0.603319 0.071934 0.423514 0.014436 0.902913
-0.046023 -0.076127 0.602687 0.072957 0.427267 0.015753 0.901039
-0.074374 -0.073106 0.587396 0.071529 0.470389 0.019081 0.879349
-0.074181 -0.073191 0.587986 0.070476 0.470290 0.019752 0.879472
-0.075802 -0.072967 0.587133 0.070540 0.472205 0.019354 0.878449
-0.076088 -0.072923 0.586755 0.070788 0.473478 0.019295 0.877745
-0.076277 -0.072923 0.586638 0.070480 0.472678 0.019881 0.878187
-0.076392 -0.072948 0.586947 0.070178 0.471929 0.019911 0.878613
-0.076252 -0.072923 0.586740 0.070375 0.472778 0.019720 0.878146
-0.076237 -0.072931 0.586886 0.070515 0.472851 0.019443 0.878101
-0.076252 -0.072938 0.586931 0.070763 0.472637 0.019296 0.878200
-0.076060 -0.072925 0.586786 0.070339 0.472768 0.019343 0.878162
-0.075797 -0.073015 0.587586 0.070033 0.472365 0.019210 0.878406
-0.075630 -0.073005 0.587061 0.070797 0.471963 0.019392 0.878557
-0.075619 -0.073029 0.587367 0.070507 0.471698 0.019626 0.878718
-0.075415 -0.073064 0.587454 0.070907 0.471131 0.019570 0.878991
-0.075123 -0.073095 0.587578 0.071199 0.471610 0.019798 0.878705
-0.074605 -0.073160 0.588025 0.070349 0.471274 0.018996 0.878971
0.020482 -0.085290 0.650788 0.077462 0.310961 0.002847 0.947257
0.024456 -0.085991 0.654244 0.081229 0.306453 0.002511 0.948410
0.028056 -0.086686 0.658254 0.078142 0.300743 0.001766 0.950497
0.031216 -0.087252 0.661164 0.079770 0.293829 0.001217 0.952523
0.034107 -0.087903 0.665123 0.078365 0.283526 0.000942 0.955757
0.036697 -0.088397 0.668036 0.077487 0.279454 0.000154 0.957027
0.039051 -0.088738 0.669459 0.077893 0.277765 -0.000788 0.957485
0.041448 -0.089288 0.672705 0.079917 0.268739 -0.000924 0.959892
0.043920 -0.089877 0.676212 0.078378 0.263564 -0.001050 0.961452
0.046233 -0.090308 0.678577 0.079540 0.259999 -0.002040 0.962325
0.048382 -0.090688 0.680367 0.082292 0.255115 -0.003041 0.963398
0.050583 -0.091251 0.683633 0.081733 0.248320 -0.002767 0.965220
0.052736 -0.091834 0.687286 0.078854 0.238955 -0.002794 0.967820
0.054641 -0.092178 0.689204 0.078787 0.238254 -0.003287 0.967996
0.056488 -0.092520 0.690888 0.080301 0.234973 -0.003910 0.968671
0.058492 -0.093011 0.693971 0.079917 0.232087 -0.004363 0.969397
0.060654 -0.093652 0.697832 0.075707 0.226578 -0.004075 0.971038
0.062526 -0.094055 0.699692 0.079927 0.217501 -0.005288 0.972768
0.064549 -0.094438 0.701330 0.086267 0.207226 -0.006444 0.974461
0.066820 -0.095007 0.704898 0.084294 0.197102 -0.007023 0.976727
0.069159 -0.095688 0.708885 0.082593 0.190188 -0.006984 0.978242
0.071303 -0.096331 0.712340 0.082181 0.186651 -0.007580 0.978954
0.073341 -0.097261 0.715330 0.084684 0.176980 -0.008474 0.980528
0.075281 -0.097771 0.717999 0.082200 0.171521 -0.008667 0.981707
0.077106 -0.098213 0.720415 0.083877 0.165465 -0.009471 0.982597
0.078870 -0.098674 0.723351 0.087461 0.159891 -0.010421 0.983197
0.080622 -0.098995 0.725975 0.089127 0.153710 -0.010908 0.984028
0.082369 -0.099374 0.729021 0.089131 0.141183 -0.011513 0.985896
0.083989 -0.099831 0.731195 0.091759 0.136820 -0.011767 0.986267
0.085516 -0.100288 0.733826 0.093173 0.135344 -0.012297 0.986331
0.087035 -0.100763 0.736932 0.093448 0.123110 -0.013646 0.987889
0.088337 -0.101126 0.738501 0.099542 0.118399 -0.013965 0.987865
0.089768 -0.101623 0.741463 0.099104 0.113268 -0.014193 0.988508
0.091053 -0.102081 0.744147 0.097743 0.112157 -0.014280 0.988769
0.092151 -0.102441 0.746190 0.101185 0.107102 -0.015106 0.988970
0.093218 -0.102831 0.748531 0.099627 0.103015 -0.015326 0.989559
0.094117 -0.103100 0.750023 0.103853 0.097188 -0.015892 0.989705
0.094951 -0.103351 0.751403 0.107448 0.093343 -0.016513 0.989681
0.095807 -0.103685 0.753228 0.109492 0.097066 -0.016415 0.989101
0.096723 -0.104043 0.755453 0.107692 0.095926 -0.016555 0.989407
0.097712 -0.104502 0.758266 0.103781 0.098025 -0.016532 0.989620
0.098539 -0.104756 0.759428 0.110366 0.089788 -0.017472 0.989673
0.099481 -0.105086 0.761355 0.114459 0.085749 -0.018054 0.989556
0.100401 -0.105395 0.763001 0.121716 0.084743 -0.018710 0.988764
0.102645 -0.106828 0.773229 -0.012113 0.066401 -0.009351 0.997676
0.102939 -0.106698 0.771247 0.111539 0.080121 -0.018357 0.990355
0.103933 -0.107164 0.774170 0.113411 0.079078 -0.019207 0.990210
0.104965 -0.107635 0.777216 0.113600 0.072640 -0.019603 0.990674
0.105737 -0.107979 0.778912 0.117974 0.071904 -0.019494 0.990218
0.106419 -0.108294 0.780428 0.122713 0.076589 -0.019481 0.989291
0.107396 -0.108824 0.783879 0.123195 0.074834 -0.019692 0.989361
0.108497 -0.109512 0.788259 0.120056 0.074819 -0.019775 0.989746
0.109455 -0.110120 0.792056 0.115660 0.066245 -0.020557 0.990864
0.110357 -0.110707 0.795792 0.113067 0.062448 -0.020596 0.991409
0.111192 -0.111232 0.799295 0.113089 0.060319 -0.020670 0.991537
0.111784 -0.111642 0.801792 0.114775 0.059977 -0.021009 0.991357
0.112488 -0.112177 0.805079 0.111739 0.059046 -0.020684 0.991766
0.113073 -0.112630 0.808015 0.112803 0.056819 -0.021024 0.991769
0.113848 -0.113243 0.812095 0.106911 0.051865 -0.020932 0.992694
0.114544 -0.113832 0.815774 0.101767 0.046344 -0.020940 0.993508
0.115024 -0.114256 0.818526 0.104856 0.050928 -0.021141 0.992958
0.115462 -0.114628 0.820868 0.108140 0.047608 -0.021546 0.992761
0.116203 -0.115330 0.825418 0.105849 0.047164 -0.021381 0.993033
0.116572 -0.115696 0.827592 0.106243 0.033791 -0.022421 0.993513
0.117226 -0.116409 0.832161 0.104491 0.030830 -0.022341 0.993797
0.117734 -0.117007 0.835819 0.100271 0.018305 -0.022927 0.994528
0.118319 -0.117715 0.840494 0.095315 0.013986 -0.022804 0.995088
0.118718 -0.118306 0.844315 0.094919 0.013462 -0.022863 0.995131
0.118926 -0.118752 0.846673 0.091016 0.003647 -0.023006 0.995577
0.119141 -0.119112 0.849239 0.094464 -0.000293 -0.023895 0.995241
0.119411 -0.119506 0.852033 0.095092 -0.004219 -0.024305 0.995163
0.119585 -0.119930 0.854424 0.086002 -0.006258 -0.023441 0.996000
0.119629 -0.120129 0.855657 0.089017 -0.011174 -0.024191 0.995674
0.119692 -0.120417 0.857262 0.089527 -0.014603 -0.024108 0.995586
0.120101 -0.121056 0.861742 0.085137 -0.016185 -0.023676 0.995956
0.119979 -0.121271 0.863073 0.088989 -0.019726 -0.024739 0.995530
0.119942 -0.121627 0.865018 0.086667 -0.024134 -0.024928 0.995633
0.120157 -0.122079 0.868116 0.089581 -0.029233 -0.025225 0.995231
0.120027 -0.122276 0.869303 0.091365 -0.031750 -0.025728 0.994979
0.120115 -0.122590 0.871212 0.091476 -0.037066 -0.025943 0.994779
0.120233 -0.123019 0.874118 0.085313 -0.036980 -0.025666 0.995337
0.120188 -0.123210 0.875330 0.087611 -0.040332 -0.026041 0.994997
0.120148 -0.123470 0.876870 0.085554 -0.046989 -0.026013 0.994885
0.120063 -0.123714 0.878298 0.085570 -0.046608 -0.026184 0.994897
0.120020 -0.123972 0.880169 0.087684 -0.050636 -0.026643 0.994504
0.120028 -0.124395 0.882911 0.086314 -0.053463 -0.026849 0.994470
0.119943 -0.124768 0.885233 0.088249 -0.055222 -0.026728 0.994207
0.119841 -0.125185 0.887901 0.085755 -0.061798 -0.027221 0.994025
0.119675 -0.125518 0.890143 0.087945 -0.060898 -0.027673 0.993877
0.119510 -0.125793 0.891768 0.086510 -0.066346 -0.027629 0.993655
0.119455 -0.126139 0.894008 0.085250 -0.070335 -0.027509 0.993493
0.119201 -0.126343 0.895039 0.085274 -0.073978 -0.027923 0.993215
0.119121 -0.126627 0.897500 0.090670 -0.073849 -0.028596 0.992727
0.118977 -0.127055 0.899926 0.082817 -0.081475 -0.028241 0.992827
0.118499 -0.127172 0.900478 0.085453 -0.084660 -0.028869 0.992319
0.118426 -0.127669 0.904031 0.088493 -0.088269 -0.029206 0.991728
0.118130 -0.128184 0.907317 0.084915 -0.091738 -0.028930 0.991734
0.117716 -0.128636 0.910450 0.085098 -0.097271 -0.029455 0.991176
0.117382 -0.129371 0.915869 0.089319 -0.101792 -0.030158 0.990329
0.116158 -0.129828 0.916454 0.090362 -0.108269 -0.031320 0.989511
0.115662 -0.131001 0.923377 0.082610 -0.116817 -0.030104 0.989254
0.114770 -0.131789 0.928950 0.085092 -0.124552 -0.031125 0.988068
0.113820 -0.132516 0.934517 0.087535 -0.129210 -0.032042 0.987226
0.112753 -0.133132 0.938462 0.083983 -0.138913 -0.031756 0.986226
0.111817 -0.133888 0.943563 0.083866 -0.144255 -0.032170 0.985455
0.110668 -0.134178 0.945240 0.086347 -0.153610 -0.032868 0.983803
0.110014 -0.134897 0.950508 0.086088 -0.154153 -0.032202 0.983763
0.109057 -0.135345 0.953537 0.081052 -0.159017 -0.032829 0.983395
0.104390 -0.137586 0.969014 0.082560 -0.187623 -0.034918 0.978142
0.103292 -0.138158 0.973022 0.082817 -0.193308 -0.035321 0.976998
0.102077 -0.138583 0.975656 0.082843 -0.201244 -0.035536 0.975385
0.088076 -0.143933 1.008022 0.079297 -0.256046 -0.039779 0.962585
0.088212 -0.143881 1.007755 0.079739 -0.255222 -0.039794 0.962767
0.088115 -0.143469 1.006038 0.080438 -0.257006 -0.039870 0.962231
0.086463 -0.143872 1.011025 0.079702 -0.262109 -0.040136 0.960904
0.081987 -0.145294 1.019989 0.077955 -0.273437 -0.040952 0.957851
0.081797 -0.145355 1.020486 0.078217 -0.274438 -0.041169 0.957534
0.081180 -0.145488 1.021325 0.077973 -0.275747 -0.041393 0.957168
0.080230 -0.145755 1.023077 0.078937 -0.278976 -0.041831 0.956134
0.079393 -0.145917 1.024316 0.079673 -0.280880 -0.042157 0.955501
0.074354 -0.147479 1.033613 0.077904 -0.295611 -0.042798 0.951164
0.074289 -0.147604 1.034043 0.077225 -0.296091 -0.042873 0.951067
0.073978 -0.147913 1.035733 0.078323 -0.296866 -0.043125 0.950724
0.073271 -0.148030 1.036232 0.078946 -0.297510 -0.043445 0.950457
0.072517 -0.148250 1.037310 0.078283 -0.301666 -0.042951 0.949223
0.071789 -0.148503 1.038680 0.078764 -0.303532 -0.042746 0.948598
0.069939 -0.148814 1.041525 0.077794 -0.307895 -0.043428 0.947240
0.065880 -0.150143 1.047605 0.078803 -0.317558 -0.044371 0.943916
0.065741 -0.150425 1.047117 0.078815 -0.317739 -0.044672 0.943840
0.065700 -0.150399 1.047535 0.078992 -0.318331 -0.044712 0.943624
0.065818 -0.150554 1.047757 0.078902 -0.317600 -0.044684 0.943879
0.066918 -0.151183 1.047246 0.079160 -0.317072 -0.045151 0.944013
0.066927 -0.151217 1.047210 0.079846 -0.316299 -0.045262 0.944209
0.067050 -0.151762 1.049073 0.078418 -0.316124 -0.044692 0.944414
0.067226 -0.151807 1.046885 0.078270 -0.316994 -0.044673 0.944136
0.067202 -0.151707 1.046779 0.079519 -0.317218 -0.044582 0.943961
0.067224 -0.151826 1.047498 0.078924 -0.317550 -0.044748 0.943891
0.065828 -0.150530 1.047204 0.078025 -0.318556 -0.044756 0.943627
