-0.113404 -0.082162 0.966324 -0.020543 0.068226 0.005963 0.997441
-0.113428 -0.082025 0.966482 -0.022782 0.068075 0.005728 0.997404
-0.113293 -0.082245 0.965243 -0.016715 0.069149 0.006378 0.997446
-0.113430 -0.082265 0.966392 -0.020149 0.067376 0.005830 0.997507
-0.113454 -0.082106 0.966220 -0.019895 0.069149 0.005843 0.997391
-0.113616 -0.082287 0.966424 -0.018993 0.068238 0.005918 0.997471
-0.113626 -0.082019 0.965333 -0.017828 0.070584 0.005893 0.997329
-0.113782 -0.081907 0.966744 -0.020628 0.068232 0.006088 0.997438
-0.113734 -0.082064 0.965861 -0.022457 0.068742 0.005685 0.997365
-0.113799 -0.082412 0.966056 -0.018972 0.068911 0.006240 0.997423
-0.113834 -0.082243 0.965976 -0.020682 0.069134 0.005941 0.997375
-0.113920 -0.081996 0.966391 -0.021537 0.070060 0.005591 0.997295
-0.113907 -0.082102 0.965869 -0.020671 0.068586 0.005713 0.997415
-0.113943 -0.082120 0.965871 -0.019638 0.067580 0.005623 0.997505
-0.113937 -0.082109 0.965753 -0.020019 0.068265 0.005664 0.997450
-0.114071 -0.082056 0.966890 -0.019524 0.067118 0.005789 0.997537
-0.114057 -0.081753 0.966426 -0.018851 0.067648 0.006051 0.997513
-0.114031 -0.081729 0.966048 -0.018585 0.068645 0.005809 0.997451
-0.114123 -0.081850 0.966943 -0.019222 0.067493 0.005989 0.997517
-0.114056 -0.081773 0.966291 -0.020619 0.067993 0.005857 0.997456
-0.114027 -0.081727 0.965895 -0.020540 0.068149 0.005760 0.997447
-0.114119 -0.081836 0.966701 -0.019837 0.066705 0.005955 0.997558
-0.114140 -0.081819 0.966788 -0.020037 0.066403 0.005710 0.997575
-0.114051 -0.081744 0.966084 -0.020318 0.067622 0.005767 0.997487
-0.114064 -0.081919 0.966462 -0.021669 0.068577 0.005720 0.997394
-0.113922 -0.082135 0.966338 -0.019955 0.068899 0.005847 0.997407
-0.113501 -0.082062 0.966187 -0.020577 0.070463 0.005508 0.997287
-0.113383 -0.082127 0.965427 -0.018094 0.072279 0.005815 0.997203
-0.113469 -0.082044 0.965745 -0.019432 0.068724 0.005586 0.997431
-0.113639 -0.082051 0.967051 -0.017532 0.065730 0.005541 0.997668
-0.113532 -0.081762 0.966384 -0.018445 0.067724 0.005905 0.997516
-0.113623 -0.081872 0.967284 -0.019963 0.067464 0.005823 0.997505
-0.113571 -0.081925 0.966500 -0.019764 0.068416 0.005904 0.997444
-0.113565 -0.081974 0.964956 -0.018936 0.067229 0.005974 0.997540
-0.113717 -0.081864 0.962354 -0.020900 0.066004 0.005985 0.997582
-0.113698 -0.081955 0.956674 -0.017608 0.068328 0.006524 0.997486
-0.114654 -0.082544 0.957808 -0.020977 0.049471 0.005800 0.998538
-0.114585 -0.082420 0.952956 -0.023009 0.053029 0.005948 0.998310
-0.114770 -0.082481 0.951984 -0.023370 0.046079 0.005855 0.998647
-0.114561 -0.082422 0.948296 -0.027065 0.047164 0.005714 0.998504
-0.114741 -0.082409 0.947463 -0.026467 0.047047 0.005853 0.998525
-0.114721 -0.082376 0.944540 -0.028145 0.043759 0.005834 0.998629
-0.114760 -0.082480 0.942223 -0.024414 0.045727 0.006467 0.998635
-0.114928 -0.082478 0.941415 -0.027099 0.040472 0.006151 0.998794
-0.114898 -0.082392 0.938589 -0.025882 0.044044 0.006407 0.998674
-0.115271 -0.082626 0.938997 -0.025760 0.035081 0.006277 0.999033
-0.115428 -0.082702 0.937335 -0.025216 0.033293 0.006289 0.999108
-0.115652 -0.082572 0.935785 -0.029508 0.027596 0.005666 0.999167
-0.115630 -0.082438 0.932403 -0.028776 0.026177 0.006188 0.999224
-0.115689 -0.082487 0.929616 -0.028050 0.025245 0.005984 0.999270
-0.115655 -0.082442 0.925975 -0.029248 0.023123 0.006239 0.999285
-0.115550 -0.082586 0.922166 -0.025353 0.022803 0.007068 0.999393
-0.115658 -0.082535 0.918832 -0.032531 0.013665 0.005643 0.999361
-0.115805 -0.082497 0.916544 -0.042639 0.010356 0.004573 0.999026
-0.115810 -0.082594 0.913098 -0.040557 0.003449 0.005274 0.999157
-0.115452 -0.082674 0.908619 -0.032205 0.002899 0.006318 0.999457
-0.114953 -0.082627 0.902628 -0.031259 0.005603 0.006762 0.999473
-0.114932 -0.082681 0.899473 -0.044881 -0.000641 0.005352 0.998978
-0.114905 -0.082805 0.895819 -0.045624 -0.009425 0.005219 0.998901
-0.113568 -0.082250 0.881883 0.100823 -0.100541 0.010940 0.989751
-0.114069 -0.082988 0.886719 -0.038430 -0.008667 0.005865 0.999206
-0.113431 -0.082820 0.882430 -0.043978 -0.017889 0.005786 0.998856
-0.113096 -0.082886 0.879338 -0.046595 -0.017964 0.005584 0.998737
-0.112656 -0.083095 0.874847 -0.044350 -0.022385 0.005758 0.998749
-0.112354 -0.083154 0.871274 -0.043749 -0.024580 0.005808 0.998723
-0.112043 -0.083118 0.867880 -0.043668 -0.028914 0.005949 0.998610
-0.111586 -0.083164 0.863408 -0.045820 -0.034347 0.005814 0.998342
-0.111113 -0.083188 0.858973 -0.047279 -0.030589 0.005357 0.998399
-0.110652 -0.083337 0.855213 -0.046223 -0.034530 0.006109 0.998315
-0.109650 -0.083346 0.849822 -0.050234 -0.038383 0.005840 0.997983
-0.108965 -0.083476 0.845186 -0.042988 -0.039926 0.006161 0.998258
-0.108183 -0.083408 0.839693 -0.048567 -0.040786 0.006251 0.997967
-0.107458 -0.083478 0.834871 -0.048230 -0.048129 0.006682 0.997654
-0.106828 -0.083737 0.831743 -0.046747 -0.045105 0.006914 0.997864
-0.106149 -0.083860 0.827793 -0.041008 -0.049782 0.007149 0.997892
-0.105359 -0.083889 0.823232 -0.043778 -0.056454 0.007013 0.997420
-0.104510 -0.084010 0.819087 -0.040606 -0.052033 0.007120 0.997794
-0.103445 -0.084075 0.814121 -0.041081 -0.061786 0.007062 0.997219
-0.102346 -0.084191 0.809050 -0.039466 -0.066968 0.007447 0.996946
-0.101093 -0.084395 0.804257 -0.043319 -0.071078 0.008031 0.996497
-0.099867 -0.084683 0.800149 -0.026405 -0.078270 0.008421 0.996547
-0.098470 -0.084857 0.795562 -0.015451 -0.067585 0.008282 0.997559
-0.096333 -0.084639 0.784808 -0.044891 -0.096375 0.008606 0.994295
-0.095431 -0.085353 0.785915 -0.001917 -0.086574 0.009412 0.996199
-0.093548 -0.085308 0.778771 -0.009220 -0.108694 0.008918 0.993992
-0.091825 -0.085376 0.773316 -0.020827 -0.109782 0.009129 0.993696
-0.090140 -0.085163 0.768030 -0.019150 -0.120230 0.008884 0.992522
-0.088378 -0.085117 0.763424 -0.017275 -0.123363 0.009066 0.992170
-0.086521 -0.085602 0.759346 -0.009317 -0.133467 0.009051 0.990968
-0.084388 -0.085908 0.753361 -0.012609 -0.141433 0.009225 0.989825
-0.082246 -0.085975 0.747509 -0.011587 -0.148555 0.008997 0.988795
-0.080021 -0.086171 0.742469 -0.014277 -0.152598 0.009258 0.988142
-0.077810 -0.086392 0.738127 -0.011930 -0.159001 0.009012 0.987165
-0.075554 -0.086475 0.732869 -0.012106 -0.161629 0.009458 0.986732
-0.071302 -0.086645 0.722861 -0.012877 -0.178834 0.009677 0.983747
-0.069476 -0.086763 0.719620 -0.011226 -0.179971 0.009269 0.983564
-0.067530 -0.086868 0.715732 -0.012032 -0.184886 0.009408 0.982641
-0.063030 -0.087074 0.706990 -0.013945 -0.196563 0.009357 0.980347
-0.060710 -0.087304 0.704466 -0.010360 -0.201570 0.009486 0.979373
-0.058119 -0.087446 0.698990 -0.015349 -0.207617 0.009710 0.978042
-0.055268 -0.087545 0.694628 -0.009782 -0.217462 0.008792 0.975980
-0.052262 -0.087587 0.688191 -0.018213 -0.223317 0.009419 0.974530
-0.049151 -0.087974 0.685818 -0.006803 -0.232009 0.008840 0.972650
-0.045656 -0.087946 0.678713 -0.012630 -0.239799 0.008951 0.970699
-0.042011 -0.088038 0.672598 -0.013744 -0.247092 0.008670 0.968856
-0.038110 -0.088319 0.667896 -0.012416 -0.254811 0.009182 0.966868
0.036025 -0.090218 0.586197 -0.013002 -0.370887 0.009289 0.928540
0.038924 -0.090321 0.583925 -0.011326 -0.377101 0.008273 0.926066
0.022571 -0.090052 0.597580 -0.004816 -0.355788 0.011015 0.934490
0.020556 -0.090095 0.600799 -0.003525 -0.349864 0.012192 0.936715
0.018582 -0.090050 0.602466 -0.005017 -0.347201 0.012310 0.937697
0.016687 -0.089880 0.602757 -0.006165 -0.345701 0.011364 0.938256
0.015086 -0.089774 0.603746 -0.006397 -0.344446 0.011070 0.938719
0.013739 -0.089800 0.605805 -0.005618 -0.342027 0.010954 0.939610
0.012592 -0.089875 0.608102 -0.004323 -0.339301 0.011038 0.940603
0.011485 -0.089916 0.609361 -0.004584 -0.338064 0.011144 0.941046
0.010427 -0.089870 0.610197 -0.004655 -0.335768 0.011052 0.941868
0.009394 -0.089756 0.610185 -0.005765 -0.335735 0.011239 0.941872
0.008295 -0.089773 0.611421 -0.006493 -0.333641 0.011160 0.942612
0.007219 -0.089756 0.612447 -0.006074 -0.331814 0.011218 0.943259
0.006116 -0.089755 0.614050 -0.006497 -0.329962 0.011424 0.943903
0.004951 -0.089731 0.615726 -0.004522 -0.328711 0.011048 0.944355
0.003597 -0.089695 0.617228 -0.003573 -0.326610 0.011137 0.945087
0.002080 -0.089531 0.617601 -0.003942 -0.325885 0.010441 0.945344
0.000484 -0.089471 0.619041 -0.004989 -0.323239 0.010765 0.946243
-0.001202 -0.089493 0.620983 -0.005532 -0.319174 0.011651 0.947608
-0.002936 -0.089527 0.623905 -0.004269 -0.315888 0.011884 0.948712
-0.004769 -0.089301 0.625150 -0.003457 -0.314358 0.011105 0.949233
-0.006682 -0.089189 0.627341 -0.004360 -0.311935 0.011002 0.950030
-0.008707 -0.089146 0.629716 -0.005042 -0.306178 0.011765 0.951888
-0.010735 -0.089100 0.632221 -0.005307 -0.302913 0.011597 0.952933
-0.012738 -0.089026 0.633969 -0.004862 -0.299750 0.011758 0.953933
-0.014781 -0.089195 0.637184 -0.004235 -0.295661 0.011623 0.955213
-0.016868 -0.089273 0.639597 -0.005249 -0.291594 0.011942 0.956453
-0.018876 -0.089165 0.641725 -0.005185 -0.289321 0.011007 0.957155
-0.020820 -0.089113 0.644128 -0.005180 -0.286654 0.011058 0.957956
-0.022745 -0.089096 0.647038 -0.005734 -0.281902 0.011714 0.959355
-0.024585 -0.088984 0.648762 -0.005330 -0.279205 0.011522 0.960148
-0.026293 -0.088960 0.651202 -0.005850 -0.275553 0.011395 0.961201
-0.027827 -0.088893 0.653261 -0.004468 -0.272559 0.011242 0.962063
-0.029222 -0.088750 0.655202 -0.006064 -0.271425 0.011299 0.962374
-0.030554 -0.088560 0.656674 -0.005061 -0.269598 0.010988 0.962897
-0.031793 -0.088515 0.658749 -0.004476 -0.266160 0.011137 0.963854
-0.033002 -0.088477 0.660419 -0.004745 -0.264210 0.011204 0.964388
-0.034208 -0.088425 0.662010 -0.006216 -0.261538 0.011275 0.965107
-0.035414 -0.088382 0.663516 -0.005954 -0.260233 0.011052 0.965464
-0.036570 -0.088329 0.665159 -0.005478 -0.258000 0.010670 0.966070
-0.037764 -0.088272 0.666706 -0.005929 -0.255606 0.010902 0.966701
-0.038975 -0.088238 0.668594 -0.005827 -0.252446 0.010976 0.967531
-0.040243 -0.088138 0.669961 -0.006464 -0.251451 0.010923 0.967787
-0.041548 -0.088225 0.673140 -0.005222 -0.247065 0.011485 0.968917
-0.042822 -0.088124 0.674521 -0.004417 -0.244747 0.011075 0.969514
-0.044108 -0.088123 0.677059 -0.003305 -0.242286 0.011008 0.970137
-0.045409 -0.087981 0.678046 -0.005706 -0.240323 0.011160 0.970612
-0.046818 -0.088000 0.681015 -0.005071 -0.235011 0.011646 0.971910
-0.048208 -0.087867 0.682460 -0.007306 -0.232184 0.011632 0.972575
-0.049616 -0.087766 0.684288 -0.006354 -0.230901 0.011159 0.972893
-0.051073 -0.087751 0.687077 -0.003220 -0.227727 0.010876 0.973659
-0.052550 -0.087751 0.690271 -0.002345 -0.223667 0.011247 0.974598
-0.054030 -0.087683 0.692356 -0.006946 -0.217160 0.011867 0.976039
-0.055485 -0.087543 0.694010 -0.008277 -0.211879 0.011935 0.977188
-0.057051 -0.087476 0.697191 -0.005280 -0.210471 0.011210 0.977521
-0.058662 -0.087405 0.700296 -0.004031 -0.207129 0.010962 0.978244
-0.060309 -0.087294 0.702425 -0.007276 -0.201894 0.011642 0.979311
-0.062178 -0.087298 0.706791 -0.006642 -0.196009 0.011676 0.980510
-0.063971 -0.087142 0.709596 -0.003516 -0.191774 0.011798 0.981362
-0.065844 -0.086996 0.712565 -0.004225 -0.187793 0.011328 0.982134
-0.067719 -0.086883 0.715972 -0.006684 -0.182756 0.011757 0.983065
-0.069716 -0.086852 0.720350 -0.008735 -0.176833 0.011989 0.984129
-0.071773 -0.086734 0.724751 -0.004246 -0.171929 0.011533 0.985033
-0.073820 -0.086574 0.728769 -0.006092 -0.169127 0.011483 0.985509
-0.076050 -0.086435 0.733548 -0.006145 -0.161172 0.010889 0.986847
-0.078201 -0.086313 0.738839 -0.005643 -0.153084 0.010995 0.988136
-0.080254 -0.086176 0.743426 0.000516 -0.150476 0.010911 0.988553
-0.082254 -0.086045 0.748228 -0.003995 -0.143826 0.011116 0.989532
-0.084097 -0.085877 0.752492 -0.003416 -0.138774 0.011060 0.990256
-0.085835 -0.085728 0.757080 -0.008736 -0.134117 0.010630 0.990870
-0.087392 -0.085573 0.760698 -0.003268 -0.133997 0.010244 0.990923
-0.088930 -0.085453 0.765142 -0.003180 -0.124325 0.010265 0.992183
-0.090485 -0.085408 0.770012 -0.006720 -0.117621 0.010497 0.992980
-0.091922 -0.085280 0.774227 -0.005867 -0.105975 0.010363 0.994297
-0.093220 -0.085056 0.777534 -0.009741 -0.099399 0.010532 0.994944
-0.094456 -0.084913 0.781208 -0.013242 -0.098090 0.010178 0.995037
-0.095901 -0.084929 0.786834 0.011288 -0.089893 0.010060 0.995837
-0.096939 -0.084638 0.789740 -0.023662 -0.077318 0.009587 0.996680
-0.097653 -0.084285 0.790165 -0.037348 -0.088232 0.009508 0.995354
-0.099013 -0.084411 0.797407 -0.019067 -0.070533 0.009116 0.997286
-0.100082 -0.084355 0.801681 -0.016486 -0.060241 0.008782 0.998009
-0.100712 -0.084084 0.802980 -0.032126 -0.071904 0.008567 0.996857
-0.101563 -0.083886 0.806085 -0.040902 -0.065077 0.008130 0.997008
-0.102377 -0.083671 0.809171 -0.041379 -0.060371 0.007417 0.997290
-0.103275 -0.083627 0.813171 -0.034178 -0.062428 0.007611 0.997435
-0.104039 -0.083418 0.816553 -0.040663 -0.054879 0.007286 0.997638
-0.104931 -0.083316 0.820995 -0.039551 -0.048757 0.007129 0.998002
-0.105702 -0.083204 0.825188 -0.042629 -0.048539 0.007355 0.997884
-0.106456 -0.083038 0.828845 -0.044547 -0.045163 0.006705 0.997963
-0.107079 -0.082911 0.832637 -0.044579 -0.047436 0.006487 0.997858
-0.107725 -0.082801 0.836359 -0.044011 -0.046056 0.006498 0.997948
-0.108314 -0.082658 0.840358 -0.047567 -0.038859 0.006074 0.998093
-0.108877 -0.082557 0.844063 -0.046460 -0.040293 0.005691 0.998091
-0.109595 -0.082577 0.850125 -0.043033 -0.039620 0.005963 0.998270
-0.110077 -0.082387 0.853989 -0.046834 -0.035117 0.005633 0.998269
-0.110566 -0.082241 0.858747 -0.045280 -0.029014 0.005593 0.998537
-0.111150 -0.082119 0.864784 -0.047721 -0.027509 0.005228 0.998468
-0.111661 -0.082032 0.871319 -0.042855 -0.017877 0.005309 0.998907
-0.112230 -0.081930 0.878113 -0.047422 -0.020106 0.004475 0.998663
-0.111713 -0.081380 0.877227 0.096462 -0.098251 0.009882 0.990426
-0.113127 -0.081930 0.893758 -0.040739 -0.013960 0.005047 0.999060
-0.113141 -0.081784 0.898802 -0.036984 0.004701 0.004749 0.999294
-0.112164 -0.081175 0.895118 0.082687 -0.117171 0.008375 0.989628
-0.112575 -0.081137 0.903966 0.093590 -0.116924 0.007621 0.988692
-0.113669 -0.081788 0.919006 -0.033558 0.014307 0.004420 0.999325
-0.113338 -0.081638 0.922310 -0.014817 0.027251 0.007338 0.999492
-0.113390 -0.081531 0.928079 -0.024245 0.029427 0.005649 0.999257
-0.113320 -0.081612 0.932262 -0.023185 0.027673 0.005986 0.999330
-0.112931 -0.081374 0.933692 -0.021647 0.038850 0.005739 0.998994
-0.112595 -0.081302 0.935854 -0.026676 0.044015 0.005679 0.998658
-0.112267 -0.081308 0.937207 -0.023616 0.050569 0.006189 0.998422
-0.112447 -0.081376 0.942851 -0.025150 0.047044 0.005750 0.998560
-0.112379 -0.081337 0.946518 -0.018952 0.051213 0.005957 0.998490
-0.112265 -0.081405 0.949871 -0.020960 0.048646 0.005632 0.998580
-0.112254 -0.081411 0.953350 -0.018705 0.050717 0.005389 0.998523
-0.111796 -0.081184 0.953275 -0.018476 0.059651 0.006084 0.998030
-0.111507 -0.081205 0.954840 -0.017120 0.064524 0.006197 0.997750
-0.111075 -0.081087 0.956241 -0.018493 0.070749 0.006453 0.997302
-0.110855 -0.080935 0.959131 -0.021283 0.072256 0.006118 0.997140
-0.110796 -0.081043 0.963810 -0.018655 0.073248 0.005658 0.997123
-0.110542 -0.080982 0.966613 -0.021214 0.071489 0.005547 0.997200
-0.110529 -0.081000 0.966696 -0.020036 0.073024 0.005749 0.997112
-0.110508 -0.081015 0.966495 -0.019505 0.073372 0.005774 0.997097
-0.110550 -0.081034 0.966946 -0.019767 0.072356 0.005770 0.997166
-0.110544 -0.081046 0.966945 -0.019714 0.071900 0.005892 0.997200
-0.110570 -0.081069 0.967205 -0.019359 0.072156 0.005924 0.997188
-0.110546 -0.081049 0.966989 -0.019446 0.072211 0.005929 0.997182
-0.110520 -0.081035 0.966647 -0.018691 0.072471 0.005956 0.997178
-0.110501 -0.081047 0.966697 -0.020046 0.072995 0.005959 0.997113
-0.110690 -0.081272 0.966071 -0.019805 0.074804 0.005499 0.996986
-0.110836 -0.081288 0.966597 -0.020149 0.073417 0.005274 0.997084
-0.110565 -0.081435 0.965449 -0.021413 0.073879 0.005680 0.997021
-0.110603 -0.081465 0.965630 -0.020172 0.072218 0.005657 0.997169
-0.110623 -0.081443 0.965836 -0.021382 0.071834 0.005479 0.997172
-0.110631 -0.081457 0.965762 -0.021101 0.070746 0.005624 0.997255
-0.110631 -0.081475 0.965684 -0.019365 0.071730 0.005646 0.997220
-0.110605 -0.081437 0.965523 -0.020848 0.070836 0.005574 0.997255
-0.110610 -0.081443 0.965700 -0.020999 0.072163 0.005507 0.997157
-0.110630 -0.081472 0.965748 -0.018620 0.072207 0.005698 0.997200
-0.110609 -0.081450 0.965772 -0.019858 0.072743 0.005625 0.997137
-0.110543 -0.081423 0.965673 -0.020393 0.073660 0.005582 0.997059
-0.110524 -0.081414 0.965626 -0.021003 0.073570 0.005535 0.997054
-0.110520 -0.081406 0.965542 -0.020405 0.073335 0.005518 0.997083
-0.110507 -0.081421 0.965767 -0.020019 0.074026 0.005533 0.997040
-0.110486 -0.081405 0.965635 -0.021023 0.074209 0.005473 0.997006
-0.110495 -0.081428 0.965980 -0.019828 0.074064 0.005538 0.997041
-0.110485 -0.081434 0.966065 -0.019841 0.073671 0.005717 0.997069
-0.110477 -0.081439 0.965958 -0.019441 0.073627 0.005643 0.997080
-0.110466 -0.081423 0.965931 -0.019881 0.073011 0.005818 0.997116
-0.110420 -0.081436 0.965776 -0.019979 0.074124 0.005825 0.997032
-0.110149 -0.080934 0.964124 -0.018446 0.078520 0.005970 0.996724
-0.110413 -0.080660 0.965903 -0.019908 0.074325 0.005657 0.997019
-0.110520 -0.081002 0.967863 -0.020944 0.071007 0.006113 0.997237
-0.110274 -0.081324 0.966695 -0.018729 0.071901 0.005908 0.997218
-0.110265 -0.081242 0.965996 -0.020030 0.074060 0.005691 0.997036
-0.110615 -0.081265 0.966634 -0.019296 0.072144 0.005993 0.997190
-0.110488 -0.081289 0.966363 -0.020453 0.071233 0.005882 0.997233
-0.110535 -0.081287 0.965902 -0.018865 0.073301 0.005509 0.997116
-0.110628 -0.080822 0.966499 -0.019751 0.071408 0.006061 0.997233
-0.110502 -0.081065 0.967579 -0.019643 0.074484 0.006484 0.997008
-0.110695 -0.081570 0.966781 -0.022230 0.068305 0.005628 0.997401
-0.110498 -0.081230 0.965853 -0.017180 0.074155 0.006088 0.997080
-0.110454 -0.081053 0.967810 -0.018554 0.067776 0.006527 0.997507
-0.110338 -0.081427 0.967053 -0.021518 0.071149 0.005888 0.997216
-0.109952 -0.081711 0.966477 -0.016750 0.072417 0.006071 0.997215
-0.109947 -0.081949 0.966357 -0.019572 0.072506 0.005663 0.997160
-0.109712 -0.081933 0.966516 -0.017170 0.069982 0.005834 0.997383
-0.109402 -0.081383 0.965216 -0.017296 0.077103 0.005377 0.996859
-0.109648 -0.081621 0.966116 -0.021027 0.073464 0.005485 0.997061
-0.109367 -0.082056 0.965836 -0.017845 0.072077 0.005603 0.997224
-0.109062 -0.082413 0.965991 -0.017531 0.074384 0.005702 0.997059
-0.109371 -0.082725 0.967419 -0.018538 0.072360 0.005069 0.997193
-0.109201 -0.083012 0.966107 -0.016257 0.072934 0.005757 0.997188
-0.109804 -0.082020 0.965906 -0.019959 0.074609 0.005376 0.996999
