-0.118486 -0.070778 1.025985 -0.020409 0.134782 0.000893 0.990665
-0.118587 -0.070619 1.025730 -0.020118 0.135226 0.000746 0.990610
-0.118906 -0.070556 1.023806 -0.019313 0.135644 0.000288 0.990569
-0.119180 -0.071011 1.026014 -0.019466 0.130343 0.000628 0.991278
-0.119232 -0.070793 1.026638 -0.019775 0.131950 0.000860 0.991059
-0.119011 -0.070539 1.024249 -0.019912 0.134661 0.000613 0.990691
-0.119172 -0.070949 1.025527 -0.019916 0.133623 0.000586 0.990832
-0.119023 -0.070591 1.024325 -0.020307 0.135101 0.000314 0.990624
-0.119027 -0.070594 1.024358 -0.020216 0.135024 0.000328 0.990636
-0.118991 -0.071149 1.024498 -0.019734 0.133932 0.000964 0.990794
-0.119135 -0.070869 1.025766 -0.019045 0.134206 0.000829 0.990770
-0.119164 -0.070805 1.025839 -0.020390 0.132789 0.000416 0.990934
-0.119012 -0.071065 1.025096 -0.020217 0.134616 0.000386 0.990691
-0.119031 -0.071102 1.025644 -0.017852 0.134933 0.000993 0.990693
-0.118945 -0.070918 1.024975 -0.019224 0.134555 0.000776 0.990719
-0.119056 -0.071064 1.025921 -0.018034 0.133066 0.000686 0.990943
-0.118803 -0.071101 1.023787 -0.018007 0.136132 0.001054 0.990526
-0.118975 -0.070962 1.025273 -0.018778 0.133935 0.000879 0.990812
-0.119012 -0.070968 1.024203 -0.017039 0.134027 0.000712 0.990831
-0.119180 -0.071051 1.024249 -0.019075 0.138185 0.001067 0.990222
-0.119588 -0.070769 1.025539 -0.020247 0.134442 0.000353 0.990714
-0.119568 -0.070637 1.024538 -0.020850 0.134989 0.000021 0.990628
-0.119591 -0.071145 1.024827 -0.019411 0.135223 0.000969 0.990625
-0.119803 -0.071023 1.025982 -0.017603 0.132727 0.000559 0.990996
-0.119761 -0.070645 1.025449 -0.018413 0.133557 0.000242 0.990870
-0.119602 -0.070766 1.024236 -0.018813 0.135442 0.000279 0.990607
-0.119709 -0.071050 1.025150 -0.017556 0.133878 0.000781 0.990842
-0.119840 -0.070728 1.025939 -0.019097 0.132045 0.000156 0.991060
-0.119563 -0.070683 1.024104 -0.020108 0.135619 0.000212 0.990557
-0.119892 -0.070954 1.026897 -0.018210 0.131576 0.000782 0.991138
-0.119766 -0.070765 1.026018 -0.021527 0.133229 0.000025 0.990852
-0.119654 -0.070701 1.024982 -0.021774 0.134167 -0.000204 0.990719
-0.119731 -0.070917 1.025872 -0.019426 0.134071 0.000370 0.990781
-0.119686 -0.070642 1.025356 -0.020213 0.133855 0.000362 0.990795
-0.119656 -0.070591 1.024740 -0.018262 0.135718 0.000342 0.990579
-0.119951 -0.070829 1.025207 -0.020234 0.132469 0.000498 0.990980
-0.120238 -0.070714 1.026066 -0.019267 0.129998 0.000759 0.991327
-0.120172 -0.070987 1.025781 -0.019212 0.131994 0.000258 0.991064
-0.120256 -0.070748 1.026556 -0.020253 0.128994 0.000238 0.991439
-0.119889 -0.070453 1.024070 -0.018719 0.132803 0.000679 0.990965
-0.119926 -0.070539 1.024778 -0.019438 0.132470 0.000337 0.990996
-0.119995 -0.070663 1.025522 -0.021093 0.132403 -0.000447 0.990971
-0.119934 -0.070563 1.025460 -0.019857 0.131786 -0.000093 0.991079
-0.119952 -0.070912 1.027101 -0.017103 0.131230 0.000815 0.991204
-0.119484 -0.070560 1.025285 -0.018799 0.136401 0.000468 0.990475
-0.119326 -0.070469 1.024695 -0.017692 0.136868 0.000656 0.990431
-0.119613 -0.071027 1.026416 -0.020076 0.131791 0.001053 0.991074
-0.119872 -0.070961 1.024526 -0.017904 0.129020 0.000807 0.991480
-0.120335 -0.070603 1.023658 -0.022177 0.126575 0.000238 0.991709
-0.120532 -0.070732 1.019262 -0.021355 0.128875 0.001050 0.991430
-0.121347 -0.071150 1.017104 -0.018216 0.124467 0.001118 0.992056
-0.122572 -0.071199 1.017378 -0.019280 0.116416 0.000798 0.993013
-0.123537 -0.071286 1.015105 -0.021832 0.109625 0.000520 0.993733
-0.124139 -0.071578 1.008517 -0.024122 0.108619 0.000878 0.993790
-0.133245 -0.072440 0.954057 -0.036969 0.042102 0.001017 0.998429
-0.134561 -0.072949 0.948015 -0.035406 0.025803 0.000717 0.999040
-0.135875 -0.073101 0.893753 0.106760 -0.111558 0.007820 0.987976
-0.137082 -0.073701 0.888877 -0.051600 -0.011573 0.001034 0.998600
-0.136946 -0.074153 0.877167 -0.052614 -0.022742 0.001211 0.998355
-0.136261 -0.074468 0.862579 -0.056576 -0.031764 0.001283 0.997892
-0.135485 -0.074666 0.849314 -0.052280 -0.038496 0.001642 0.997889
-0.134215 -0.075034 0.836179 -0.059430 -0.043699 0.001090 0.997275
-0.132502 -0.075552 0.823544 -0.055390 -0.051193 0.002025 0.997149
-0.130726 -0.076110 0.812156 -0.057051 -0.062680 0.002270 0.996399
-0.128328 -0.076717 0.799440 -0.061434 -0.089732 0.003635 0.994063
-0.125246 -0.077311 0.786691 -0.046810 -0.101285 0.004963 0.993743
-0.123396 -0.078095 0.782236 -0.024119 -0.081022 0.005203 0.996407
-0.120206 -0.078288 0.769295 -0.036728 -0.104645 0.004791 0.993820
-0.117666 -0.078823 0.762206 -0.021289 -0.112982 0.006421 0.993348
-0.114902 -0.079033 0.753568 -0.029644 -0.127581 0.006322 0.991365
-0.112924 -0.079104 0.748055 -0.028148 -0.133849 0.006302 0.990582
-0.110965 -0.079384 0.743096 -0.025263 -0.142501 0.007218 0.989446
-0.109343 -0.079614 0.739382 -0.016768 -0.150141 0.007254 0.988496
-0.107776 -0.079758 0.735006 -0.018889 -0.157503 0.006882 0.987314
-0.106519 -0.080061 0.732244 -0.017062 -0.162782 0.007594 0.986485
-0.105247 -0.080319 0.729266 -0.017643 -0.166380 0.007574 0.985875
-0.104085 -0.080367 0.726250 -0.015144 -0.170914 0.007670 0.985140
-0.103026 -0.080518 0.724241 -0.014505 -0.172930 0.007336 0.984800
-0.101790 -0.080614 0.721539 -0.012448 -0.179359 0.007344 0.983678
-0.100330 -0.080722 0.717897 -0.016857 -0.183435 0.007486 0.982859
-0.098722 -0.080842 0.714329 -0.016734 -0.187140 0.007422 0.982163
-0.096531 -0.081000 0.709607 -0.015226 -0.198234 0.007539 0.980007
-0.094260 -0.081236 0.705912 -0.010513 -0.203568 0.007573 0.978975
-0.091456 -0.081424 0.699659 -0.019819 -0.211154 0.007445 0.977223
-0.088321 -0.081611 0.693938 -0.013344 -0.222906 0.007212 0.974722
-0.085058 -0.081998 0.689732 -0.009634 -0.229355 0.007379 0.973267
-0.081485 -0.081850 0.681592 -0.018781 -0.237590 0.007220 0.971157
-0.077918 -0.082190 0.676104 -0.011210 -0.249881 0.006525 0.968190
-0.074270 -0.082498 0.671239 -0.014516 -0.251054 0.008375 0.967828
-0.070535 -0.082742 0.665294 -0.013893 -0.260326 0.007444 0.965392
-0.067136 -0.082976 0.660846 -0.013317 -0.264657 0.007854 0.964219
-0.063267 -0.083106 0.654546 -0.016496 -0.271566 0.007594 0.962249
-0.059097 -0.083165 0.647761 -0.015341 -0.281251 0.007996 0.959478
-0.051070 -0.083538 0.638153 -0.014590 -0.296191 0.007402 0.954989
-0.009556 -0.085973 0.592940 -0.013880 -0.362785 0.008738 0.931728
-0.006569 -0.085906 0.588879 -0.015430 -0.367188 0.008277 0.929982
-0.003740 -0.085970 0.585989 -0.013144 -0.373606 0.006171 0.927474
-0.000701 -0.086226 0.584543 -0.013659 -0.374949 0.007975 0.926911
0.005521 -0.089570 0.627170 0.085896 0.338122 0.008235 0.937138
0.010381 -0.086510 0.574308 -0.013190 -0.391066 0.007409 0.920238
0.025492 -0.087207 0.562474 -0.007389 -0.410025 0.010056 0.911989
0.023253 -0.087206 0.564519 -0.006491 -0.408001 0.009698 0.912907
0.020804 -0.087105 0.566208 -0.007550 -0.403351 0.010183 0.914958
0.016061 -0.087014 0.570230 -0.006303 -0.397463 0.010311 0.917539
0.013566 -0.086906 0.572163 -0.007342 -0.395245 0.010175 0.918490
0.008558 -0.086785 0.576653 -0.006863 -0.387541 0.010445 0.921768
0.005997 -0.086686 0.578373 -0.007226 -0.385335 0.010118 0.922693
0.003498 -0.086562 0.581016 -0.007207 -0.381743 0.010590 0.924180
-0.001375 -0.086389 0.584350 -0.007201 -0.375550 0.009878 0.926722
-0.003805 -0.086224 0.586985 -0.008854 -0.370996 0.010614 0.928531
-0.008669 -0.086271 0.592393 -0.005764 -0.365407 0.010066 0.930775
-0.011150 -0.085950 0.593520 -0.006958 -0.361062 0.010165 0.932461
-0.015848 -0.085935 0.598321 -0.008554 -0.352152 0.010600 0.935844
-0.018228 -0.085748 0.600651 -0.006119 -0.351095 0.009549 0.936271
-0.020629 -0.085827 0.605093 -0.006047 -0.345445 0.010754 0.938358
-0.023065 -0.085765 0.606434 -0.007977 -0.341971 0.010725 0.939615
-0.025526 -0.085446 0.607735 -0.007283 -0.340965 0.009654 0.939998
-0.028140 -0.085507 0.612861 -0.004234 -0.334696 0.010309 0.942260
-0.030764 -0.085452 0.614055 -0.009905 -0.329904 0.011149 0.943897
-0.033336 -0.085295 0.617975 -0.005092 -0.329819 0.009703 0.943981
-0.036068 -0.085084 0.620131 -0.005532 -0.323456 0.010186 0.946172
-0.038918 -0.085162 0.623954 -0.008224 -0.316045 0.010877 0.948646
-0.041706 -0.084988 0.627619 -0.005199 -0.313612 0.010246 0.949482
-0.044633 -0.084795 0.630747 -0.005658 -0.309035 0.009796 0.950983
-0.047572 -0.084831 0.634892 -0.005718 -0.300718 0.011314 0.953629
-0.050538 -0.084621 0.638050 -0.007329 -0.294579 0.010311 0.955543
-0.053414 -0.084498 0.642287 -0.007418 -0.289697 0.010453 0.957032
-0.056186 -0.084419 0.645739 -0.006284 -0.284968 0.010236 0.958462
-0.058819 -0.084258 0.648811 -0.007400 -0.279936 0.010775 0.959930
-0.063840 -0.084139 0.656299 -0.006235 -0.270444 0.010506 0.962658
-0.066300 -0.083992 0.659026 -0.006830 -0.266228 0.010332 0.963830
-0.068768 -0.083860 0.663524 -0.005094 -0.261542 0.010195 0.965125
-0.071090 -0.083801 0.667156 -0.006023 -0.257324 0.010324 0.966251
-0.073372 -0.083678 0.670407 -0.005631 -0.255674 0.009682 0.966698
-0.075613 -0.083467 0.673636 -0.007911 -0.247413 0.010314 0.968823
-0.077665 -0.083383 0.676937 -0.005578 -0.246050 0.009954 0.969190
-0.079841 -0.083171 0.680864 -0.002207 -0.242440 0.009605 0.970116
-0.081951 -0.082780 0.683164 -0.010183 -0.236981 0.009920 0.971410
-0.084094 -0.082938 0.687197 -0.008441 -0.230898 0.009095 0.972899
-0.086212 -0.082935 0.691806 -0.003441 -0.225455 0.009093 0.974205
-0.088331 -0.082836 0.696335 -0.008466 -0.217386 0.010159 0.975996
-0.090665 -0.082515 0.700311 -0.001807 -0.213716 0.009070 0.976852
-0.092967 -0.082357 0.703843 -0.011490 -0.204922 0.010004 0.978660
-0.095476 -0.082146 0.709570 -0.002742 -0.197008 0.009606 0.980351
-0.098146 -0.081817 0.715396 -0.008865 -0.186805 0.009541 0.982311
-0.100557 -0.081684 0.719793 -0.009606 -0.178691 0.009579 0.983812
-0.103064 -0.081324 0.726479 -0.006666 -0.169060 0.009434 0.985538
-0.105282 -0.081408 0.731044 -0.005989 -0.161839 0.009499 0.986753
-0.107442 -0.081118 0.735726 -0.012450 -0.155701 0.008802 0.987687
-0.109611 -0.080909 0.741374 -0.011735 -0.143401 0.009191 0.989552
-0.111421 -0.080596 0.746247 -0.009368 -0.139579 0.008819 0.990127
-0.113250 -0.080391 0.751363 -0.013065 -0.127830 0.008661 0.991672
-0.114873 -0.080188 0.755634 -0.021585 -0.122831 0.008148 0.992159
-0.116391 -0.079884 0.759446 -0.021893 -0.121411 0.007934 0.992329
-0.118082 -0.079766 0.765751 -0.017228 -0.110570 0.008154 0.993686
-0.119492 -0.079562 0.769271 -0.027134 -0.105446 0.007495 0.994027
-0.121020 -0.079288 0.774195 -0.024282 -0.090086 0.007274 0.995611
-0.122378 -0.078959 0.778268 -0.026539 -0.105037 0.006902 0.994090
-0.124220 -0.078896 0.786589 -0.029550 -0.061081 0.006139 0.997676
-0.124756 -0.078220 0.785914 -0.052532 -0.108929 0.006256 0.992641
-0.126924 -0.077850 0.796733 -0.044415 -0.078864 0.005403 0.995881
-0.128242 -0.077267 0.802455 -0.038498 -0.060670 0.004621 0.997405
-0.129507 -0.076942 0.808627 -0.051314 -0.070091 0.003601 0.996213
-0.129621 -0.076047 0.807773 0.107559 -0.073594 0.014712 0.991362
-0.131407 -0.076176 0.821276 -0.053857 -0.053111 0.002274 0.997133
-0.132355 -0.075981 0.828587 -0.054681 -0.060439 0.002283 0.996670
-0.133338 -0.075751 0.836495 -0.047511 -0.051851 0.002604 0.997521
-0.134049 -0.075411 0.843424 -0.054917 -0.048604 0.001542 0.997306
-0.134639 -0.075342 0.850647 -0.045438 -0.042917 0.002201 0.998042
-0.135237 -0.074978 0.857769 -0.053221 -0.039604 0.000936 0.997797
-0.135572 -0.074728 0.864218 -0.053078 -0.039168 0.000540 0.997822
-0.135852 -0.074866 0.871373 -0.051520 -0.032682 0.000773 0.998137
-0.136099 -0.074941 0.878730 -0.040977 -0.023755 0.001258 0.998877
-0.136154 -0.074547 0.885293 -0.054569 -0.023026 0.000513 0.998244
-0.136544 -0.074432 0.902706 -0.043424 -0.018594 -0.000281 0.998884
-0.135847 -0.074174 0.906547 -0.039959 -0.003629 0.000555 0.999195
-0.135111 -0.073813 0.909944 -0.038012 0.011918 0.001126 0.999206
-0.135644 -0.073885 0.922049 -0.035006 -0.003117 -0.000267 0.999382
-0.134864 -0.073875 0.927334 -0.026629 0.015459 0.000457 0.999526
-0.134448 -0.073617 0.933618 -0.034067 0.012962 -0.000472 0.999335
-0.133944 -0.073402 0.940436 -0.036739 0.018573 -0.000343 0.999152
-0.132410 -0.073139 0.942081 -0.031597 0.045947 0.001989 0.998442
-0.132243 -0.073186 0.950821 -0.028820 0.042487 0.000262 0.998681
-0.132062 -0.073234 0.959863 -0.024251 0.042182 -0.000476 0.998815
-0.130930 -0.072987 0.962661 -0.022954 0.055166 0.000125 0.998213
-0.130012 -0.072839 0.966398 -0.023325 0.064993 0.000765 0.997613
-0.129536 -0.072719 0.971390 -0.026165 0.065809 -0.000006 0.997489
-0.128906 -0.072577 0.975430 -0.026381 0.073015 0.000099 0.996982
-0.128333 -0.072585 0.978949 -0.023061 0.076185 0.001037 0.996826
-0.127708 -0.072519 0.981149 -0.023214 0.079550 0.001029 0.996560
-0.127218 -0.072410 0.983820 -0.023248 0.084057 0.000707 0.996189
-0.126760 -0.072403 0.986700 -0.024233 0.083603 0.001141 0.996204
-0.126428 -0.072384 0.989532 -0.021483 0.091645 0.000528 0.995560
-0.126016 -0.072276 0.991857 -0.021757 0.092389 0.000259 0.995485
-0.125520 -0.072265 0.993363 -0.021409 0.094884 0.000823 0.995258
-0.125164 -0.072244 0.995034 -0.017794 0.098762 0.000529 0.994952
-0.124682 -0.072070 0.997247 -0.018256 0.102230 0.000906 0.994593
-0.124255 -0.071859 0.998766 -0.021270 0.103763 0.000757 0.994374
-0.123868 -0.071585 0.999876 -0.019929 0.103908 0.000616 0.994387
-0.123593 -0.071447 1.001870 -0.023185 0.105992 0.000458 0.994097
-0.123316 -0.071790 1.003515 -0.016160 0.105338 0.001003 0.994305
-0.123015 -0.072152 1.005784 -0.020015 0.108534 0.000995 0.993891
-0.122608 -0.072077 1.006404 -0.018242 0.109262 0.000213 0.993846
-0.122249 -0.072023 1.008488 -0.019589 0.114819 0.000260 0.993193
-0.121896 -0.072013 1.009346 -0.018905 0.113056 0.000082 0.993409
-0.121501 -0.071965 1.010569 -0.018664 0.119914 0.000625 0.992609
-0.121126 -0.071867 1.010985 -0.018991 0.121071 0.000766 0.992462
-0.120844 -0.071857 1.012042 -0.018888 0.124270 0.000735 0.992068
-0.120756 -0.071847 1.013757 -0.015439 0.124238 0.000961 0.992132
-0.120439 -0.071504 1.014352 -0.018463 0.125189 0.000878 0.991961
-0.119952 -0.071205 1.014021 -0.020294 0.129632 0.000737 0.991354
-0.119999 -0.071096 1.017028 -0.016581 0.125293 0.000663 0.991981
-0.119741 -0.071073 1.017711 -0.014703 0.126057 0.001369 0.991913
-0.119465 -0.071065 1.018266 -0.015662 0.126553 0.001479 0.991835
-0.119535 -0.071320 1.020032 -0.020850 0.124665 0.000078 0.991980
-0.119176 -0.071520 1.020560 -0.022001 0.129808 0.000157 0.991295
-0.118729 -0.071423 1.020039 -0.019452 0.134418 0.000376 0.990734
-0.118545 -0.070948 1.021587 -0.016499 0.132698 0.000831 0.991019
-0.118406 -0.070963 1.024456 -0.017803 0.133969 0.000480 0.990826
-0.118161 -0.070951 1.025813 -0.016671 0.132711 0.000377 0.991015
-0.117686 -0.070828 1.025894 -0.018794 0.138429 0.000456 0.990194
-0.117680 -0.070800 1.025693 -0.019519 0.137294 0.000239 0.990338
-0.117690 -0.070815 1.025929 -0.019262 0.136824 0.000320 0.990408
-0.117727 -0.070830 1.026204 -0.019574 0.136382 0.000300 0.990463
-0.117704 -0.070824 1.026000 -0.019187 0.136851 0.000326 0.990406
-0.117710 -0.071323 1.026138 -0.017193 0.136163 0.000902 0.990537
-0.117540 -0.071357 1.024618 -0.016292 0.138131 0.000918 0.990279
-0.117530 -0.071370 1.024728 -0.016609 0.137685 0.000997 0.990336
-0.117549 -0.071357 1.024749 -0.016449 0.137561 0.000900 0.990356
-0.117568 -0.071399 1.025091 -0.015513 0.137106 0.001098 0.990434
-0.117579 -0.071391 1.025256 -0.016268 0.137294 0.000786 0.990396
-0.117500 -0.071277 1.025277 -0.015720 0.138386 0.000975 0.990253
-0.117528 -0.071078 1.025862 -0.017458 0.136982 0.000557 0.990420
-0.117570 -0.070951 1.026690 -0.018390 0.136905 0.000143 0.990413
-0.117541 -0.070953 1.026617 -0.017086 0.137095 0.000304 0.990411
-0.117445 -0.070970 1.026555 -0.017473 0.137570 0.000438 0.990338
-0.117399 -0.070951 1.026419 -0.018533 0.137422 0.000492 0.990339
-0.117338 -0.070945 1.026420 -0.019009 0.136460 0.000409 0.990463
-0.117233 -0.070980 1.026289 -0.018558 0.136973 0.000600 0.990401
-0.117207 -0.070965 1.026237 -0.018158 0.134838 0.000582 0.990701
-0.117122 -0.070973 1.026242 -0.019050 0.134772 0.000538 0.990693
-0.117106 -0.070981 1.026144 -0.019422 0.135394 0.000477 0.990601
-0.117059 -0.070980 1.026284 -0.019053 0.135890 0.000615 0.990541
-0.116984 -0.070982 1.025977 -0.018773 0.134847 0.000701 0.990688
-0.117003 -0.071009 1.026203 -0.018273 0.136124 0.000561 0.990523
-0.117008 -0.070984 1.026157 -0.018925 0.136841 0.000736 0.990412
-0.117002 -0.070980 1.026230 -0.018960 0.135974 0.000683 0.990531
-0.116960 -0.070983 1.026151 -0.018555 0.137051 0.000735 0.990390
-0.117007 -0.070986 1.026309 -0.018775 0.136744 0.000666 0.990428
-0.117073 -0.070982 1.026454 -0.018927 0.135110 0.000659 0.990650
-0.117027 -0.070978 1.026426 -0.019154 0.135425 0.000747 0.990602
-0.117008 -0.070974 1.026161 -0.019144 0.135389 0.000523 0.990607
-0.117074 -0.070998 1.026042 -0.019395 0.137045 0.000849 0.990375
-0.117099 -0.070928 1.025623 -0.020840 0.137409 0.000588 0.990295
-0.117092 -0.070978 1.025959 -0.019227 0.135130 0.000647 0.990641
-0.117104 -0.071307 1.026222 -0.017446 0.135438 0.000735 0.990632
-0.117337 -0.071686 1.027240 -0.017981 0.133113 0.000655 0.990937
-0.116968 -0.071683 1.026493 -0.019484 0.138568 0.000550 0.990161
-0.116686 -0.071199 1.025377 -0.018728 0.138035 0.000954 0.990250
-0.116684 -0.071297 1.025449 -0.018477 0.138475 0.000878 0.990193
-0.116713 -0.071457 1.025833 -0.017565 0.138102 0.000892 0.990262
-0.116750 -0.071807 1.027998 -0.017809 0.135296 0.000889 0.990645
-0.116543 -0.071960 1.026248 -0.017310 0.139203 0.000544 0.990112
-0.116449 -0.071747 1.025476 -0.020268 0.138731 0.000378 0.990123
-0.116528 -0.071944 1.026809 -0.017640 0.138768 0.000699 0.990168
-0.116329 -0.072046 1.025382 -0.014904 0.138990 0.000637 0.990181
-0.116318 -0.071752 1.026244 -0.019012 0.136250 0.000542 0.990492
-0.116458 -0.071867 1.027260 -0.018232 0.136609 0.000577 0.990457
-0.116309 -0.072130 1.025813 -0.016843 0.138246 0.001162 0.990254
-0.116260 -0.072191 1.025846 -0.015541 0.139195 0.000845 0.990143
-0.116364 -0.072037 1.025608 -0.016709 0.138394 0.000714 0.990236
-0.116063 -0.072215 1.026184 -0.016772 0.132454 0.000796 0.991047
-0.115831 -0.072558 1.026463 -0.018018 0.136705 0.000261 0.990448
-0.115784 -0.072563 1.026341 -0.017198 0.136751 0.000406 0.990456
-0.115519 -0.072597 1.025762 -0.018779 0.137349 0.000036 0.990345
