0.216751 -0.122236 0.757090 0.069188 -0.030514 -0.013584 0.997044
0.216767 -0.122246 0.757247 0.069359 -0.030179 -0.013732 0.997041
0.216729 -0.122229 0.757126 0.069564 -0.030574 -0.013836 0.997013
0.216802 -0.122324 0.757362 0.068774 -0.030181 -0.013576 0.997083
0.216802 -0.122448 0.757362 0.070304 -0.029258 -0.013860 0.997000
0.216765 -0.122446 0.757277 0.070319 -0.029875 -0.014100 0.996977
0.216634 -0.122421 0.756630 0.070544 -0.030194 -0.013906 0.996955
0.216819 -0.122575 0.757276 0.068855 -0.029756 -0.013459 0.997092
0.216646 -0.122528 0.756653 0.070257 -0.030588 -0.013894 0.996963
0.216760 -0.122676 0.757026 0.070339 -0.029964 -0.014005 0.996975
0.216758 -0.122801 0.756885 0.070731 -0.030531 -0.013944 0.996931
0.216810 -0.122825 0.757097 0.070498 -0.029390 -0.013924 0.996982
0.216819 -0.122830 0.757039 0.070844 -0.029996 -0.014135 0.996936
0.216843 -0.122855 0.757138 0.070435 -0.029166 -0.013898 0.996993
0.216738 -0.122787 0.756693 0.070973 -0.030412 -0.014253 0.996913
0.216719 -0.122779 0.756641 0.070826 -0.030452 -0.014034 0.996925
0.216747 -0.122791 0.756694 0.071021 -0.029504 -0.014068 0.996939
0.216749 -0.122816 0.756870 0.069699 -0.029622 -0.013845 0.997032
0.216917 -0.123160 0.756914 0.067890 -0.031923 -0.013031 0.997097
0.216829 -0.123417 0.756870 0.071044 -0.029969 -0.014043 0.996924
0.216748 -0.123394 0.756395 0.071628 -0.030345 -0.014226 0.996868
0.216765 -0.123381 0.756517 0.072201 -0.030136 -0.014376 0.996831
0.216709 -0.123379 0.756290 0.071597 -0.030948 -0.014201 0.996852
0.216635 -0.123382 0.756055 0.071902 -0.030121 -0.014110 0.996857
0.216682 -0.123460 0.756144 0.071883 -0.030334 -0.014059 0.996853
0.216706 -0.123481 0.756283 0.071311 -0.030296 -0.014081 0.996894
0.216567 -0.123314 0.755808 0.072555 -0.031958 -0.014528 0.996746
0.216580 -0.123181 0.755777 0.071902 -0.031817 -0.014454 0.996799
0.216836 -0.123366 0.756587 0.070768 -0.029931 -0.014050 0.996945
0.216811 -0.123626 0.756602 0.070591 -0.029985 -0.013871 0.996958
0.216789 -0.123536 0.756025 0.070535 -0.029497 -0.013990 0.996975
0.216858 -0.123357 0.755115 0.071225 -0.028510 -0.014212 0.996951
0.217054 -0.123025 0.752885 0.071706 -0.022257 -0.014073 0.997078
0.217071 -0.122460 0.749346 0.070052 -0.021052 -0.013664 0.997228
0.217257 -0.121969 0.745772 0.067374 -0.015509 -0.012705 0.997526
0.217306 -0.121372 0.741899 0.067495 -0.013302 -0.012939 0.997547
0.217495 -0.120874 0.738067 0.068208 -0.009505 -0.012701 0.997545
0.217728 -0.120444 0.734924 0.067852 -0.001508 -0.012479 0.997616
0.217539 -0.119841 0.729963 0.066420 0.000708 -0.012004 0.997719
0.217629 -0.119413 0.726654 0.065840 0.007821 -0.011517 0.997733
0.217234 -0.118844 0.721503 0.067095 0.005895 -0.011966 0.997657
0.217400 -0.118560 0.719125 0.065327 0.009888 -0.011122 0.997753
0.217060 -0.118031 0.714589 0.065122 0.006185 -0.011140 0.997796
0.217084 -0.117648 0.712432 0.062734 0.010703 -0.010695 0.997916
0.216887 -0.117141 0.708999 0.065658 0.012788 -0.010980 0.997700
0.216931 -0.116773 0.706946 0.064730 0.016629 -0.010761 0.997706
0.216775 -0.116305 0.703805 0.065253 0.016775 -0.010995 0.997667
0.216580 -0.115841 0.700704 0.062253 0.017317 -0.010158 0.997858
0.216237 -0.115318 0.697030 0.063806 0.018564 -0.010323 0.997736
0.216113 -0.114910 0.694176 0.059755 0.021916 -0.009392 0.997928
0.216243 -0.114574 0.692109 0.061874 0.023552 -0.009510 0.997761
0.215944 -0.114077 0.688778 0.060169 0.024517 -0.008902 0.997847
0.215630 -0.113576 0.685511 0.058526 0.027594 -0.008591 0.997867
0.215589 -0.113158 0.682911 0.057421 0.031792 -0.008027 0.997811
0.215072 -0.112542 0.678991 0.060743 0.035093 -0.008755 0.997498
0.214814 -0.112085 0.676014 0.059614 0.040154 -0.008422 0.997378
0.214402 -0.111572 0.672542 0.060570 0.042353 -0.008098 0.997232
0.214048 -0.111072 0.669369 0.058841 0.045543 -0.007621 0.997199
0.213913 -0.110673 0.666907 0.061925 0.052096 -0.007904 0.996689
0.213532 -0.110203 0.663814 0.058183 0.052464 -0.007106 0.996901
0.213194 -0.109771 0.660894 0.057234 0.055327 -0.006486 0.996805
0.212869 -0.109327 0.658181 0.058248 0.057762 -0.006418 0.996609
0.212561 -0.108917 0.655674 0.057543 0.062122 -0.006119 0.996390
0.212092 -0.108443 0.652689 0.057047 0.063230 -0.006052 0.996349
0.211931 -0.108129 0.650645 0.059637 0.066710 -0.006257 0.995969
0.211458 -0.107714 0.647892 0.056386 0.069508 -0.005347 0.995972
0.211226 -0.107356 0.645683 0.058500 0.073828 -0.005529 0.995538
0.211006 -0.107058 0.643694 0.056738 0.080291 -0.004626 0.995145
0.210570 -0.106600 0.640639 0.057195 0.082503 -0.004524 0.994938
0.132529 -0.075800 0.439825 0.076951 0.245625 0.004894 0.966294
0.129847 -0.075204 0.435853 0.078498 0.245625 0.005074 0.966168
0.127593 -0.074696 0.432673 0.077248 0.255506 0.005822 0.963699
0.125448 -0.074137 0.429726 0.077055 0.257508 0.005876 0.963181
0.123644 -0.073738 0.427148 0.078560 0.263115 0.006041 0.961542
0.121102 -0.073294 0.423707 0.075386 0.272002 0.006933 0.959314
0.119949 -0.073092 0.422141 0.076028 0.273311 0.006916 0.958892
0.118942 -0.072922 0.420876 0.075606 0.272687 0.007110 0.959101
0.117646 -0.072659 0.419068 0.076020 0.273510 0.007206 0.958833
0.114697 -0.072108 0.415200 0.076522 0.277045 0.007477 0.957776
0.112911 -0.071726 0.412801 0.074502 0.282337 0.008160 0.956383
0.110855 -0.071365 0.410282 0.073238 0.284215 0.008608 0.955921
0.106227 -0.070540 0.404803 0.069858 0.293379 0.010037 0.953388
0.103291 -0.069969 0.400809 0.071818 0.295430 0.010142 0.952607
0.100512 -0.069477 0.397678 0.068583 0.299278 0.010900 0.951636
0.097640 -0.068986 0.394408 0.068466 0.301902 0.011134 0.950812
0.091508 -0.067971 0.387604 0.069255 0.311079 0.011807 0.947784
0.088019 -0.067384 0.383581 0.071701 0.314444 0.011935 0.946489
0.081467 -0.066321 0.376506 0.067172 0.329263 0.014187 0.941739
0.078013 -0.065748 0.372737 0.069339 0.331281 0.013907 0.940878
0.074635 -0.065256 0.369742 0.068281 0.334385 0.013991 0.939856
0.071327 -0.064718 0.366011 0.069275 0.338418 0.014741 0.938326
0.068143 -0.064241 0.362955 0.066099 0.341976 0.015198 0.937258
0.062300 -0.063429 0.357677 0.065341 0.350672 0.015940 0.934080
0.059567 -0.063028 0.354782 0.068078 0.354850 0.016199 0.932301
0.057244 -0.062733 0.352850 0.066888 0.358315 0.016401 0.931057
0.052852 -0.062098 0.348844 0.066844 0.363545 0.016707 0.929025
0.048958 -0.061573 0.345106 0.067754 0.368737 0.017019 0.926905
0.047230 -0.061360 0.343554 0.067186 0.370355 0.017387 0.926294
0.045603 -0.061158 0.342228 0.067291 0.372239 0.017450 0.925530
0.043989 -0.060926 0.340661 0.068161 0.374997 0.017540 0.924350
0.042481 -0.060729 0.339422 0.066916 0.377770 0.018066 0.923302
0.040916 -0.060515 0.338198 0.065225 0.378285 0.017988 0.923213
0.039375 -0.060346 0.336959 0.065575 0.380516 0.018499 0.922261
0.036117 -0.059916 0.334218 0.064732 0.384405 0.018828 0.920700
0.034353 -0.059712 0.332826 0.064748 0.386878 0.018989 0.919659
0.032471 -0.059493 0.331362 0.064636 0.388665 0.019634 0.918899
0.030472 -0.059212 0.329582 0.065638 0.390998 0.019163 0.917848
0.028333 -0.058983 0.327872 0.064241 0.393915 0.020207 0.916677
0.026186 -0.058700 0.326084 0.064788 0.397228 0.020431 0.915202
0.023836 -0.058397 0.324182 0.063489 0.399389 0.020694 0.914346
0.021585 -0.058127 0.322394 0.064944 0.400529 0.021549 0.913726
0.019280 -0.057870 0.320880 0.062957 0.404053 0.021620 0.912310
0.016961 -0.057528 0.318774 0.064849 0.406650 0.021013 0.911037
0.014685 -0.057329 0.317175 0.063823 0.408905 0.022361 0.910068
0.012495 -0.057070 0.315539 0.064517 0.411537 0.022251 0.908834
0.010221 -0.056795 0.313824 0.063762 0.414499 0.022219 0.907541
0.006135 -0.056355 0.310829 0.062858 0.419796 0.022854 0.905151
0.004246 -0.056133 0.309393 0.064046 0.420947 0.023045 0.904528
0.002368 -0.055911 0.307905 0.063363 0.423052 0.023321 0.903586
0.000664 -0.055766 0.306915 0.063464 0.425476 0.023133 0.902445
-0.000995 -0.055658 0.305744 0.063381 0.428287 0.023797 0.901103
-0.002597 -0.055594 0.304889 0.064147 0.427938 0.023526 0.901222
-0.004100 -0.055368 0.303649 0.063384 0.428974 0.024385 0.900760
-0.005510 -0.055131 0.302461 0.064336 0.430917 0.024110 0.899772
-0.006932 -0.055006 0.301765 0.063325 0.432329 0.024240 0.899163
-0.008282 -0.054868 0.300873 0.063777 0.433043 0.024193 0.898789
-0.009699 -0.054733 0.299876 0.063357 0.434425 0.024656 0.898139
-0.011087 -0.054587 0.298760 0.063828 0.435986 0.024887 0.897342
-0.012547 -0.054427 0.297795 0.062672 0.437277 0.025153 0.896788
-0.014000 -0.054287 0.297069 0.062081 0.439171 0.024670 0.895916
-0.015544 -0.054122 0.295901 0.062005 0.440987 0.025299 0.895011
-0.017109 -0.053979 0.294740 0.063765 0.442054 0.025669 0.894351
-0.018737 -0.053838 0.293894 0.062647 0.444655 0.026202 0.893124
-0.020453 -0.053661 0.292753 0.062457 0.445758 0.026043 0.892592
-0.022244 -0.053496 0.291620 0.061529 0.449234 0.026688 0.890893
-0.024161 -0.053333 0.290410 0.062055 0.449848 0.026666 0.890547
-0.026071 -0.053092 0.288827 0.061026 0.449731 0.027063 0.890666
-0.027949 -0.052974 0.287812 0.061917 0.451193 0.027776 0.889842
-0.029918 -0.052832 0.286857 0.060516 0.452421 0.027718 0.889317
-0.031773 -0.052749 0.285597 0.062675 0.454568 0.027997 0.888063
-0.033575 -0.052559 0.284427 0.061577 0.457604 0.028067 0.886577
-0.035368 -0.052438 0.283571 0.060891 0.459753 0.028061 0.885512
-0.045295 -0.051569 0.277684 0.058953 0.466894 0.029364 0.881857
-0.060474 -0.050145 0.268589 0.060815 0.481844 0.029986 0.873629
-0.030032 -0.052678 0.286534 0.066804 0.454492 0.025038 0.887889
-0.028310 -0.052807 0.287633 0.065184 0.452820 0.025177 0.888860
-0.026795 -0.052962 0.288660 0.065195 0.451195 0.024710 0.889698
-0.025524 -0.053052 0.289290 0.064462 0.449668 0.025172 0.890511
-0.024309 -0.053174 0.289986 0.065389 0.448571 0.024788 0.891007
-0.023229 -0.053263 0.290522 0.065311 0.447570 0.025249 0.891503
-0.022146 -0.053359 0.291239 0.065528 0.445971 0.024789 0.892301
-0.021073 -0.053450 0.291957 0.065219 0.445611 0.024924 0.892500
-0.020003 -0.053571 0.292714 0.065791 0.444678 0.024811 0.892927
-0.019046 -0.053640 0.293324 0.065315 0.443719 0.024703 0.893441
-0.018103 -0.053726 0.293979 0.065767 0.443332 0.024314 0.893611
-0.017167 -0.053826 0.294774 0.065209 0.442573 0.024366 0.894026
-0.016196 -0.053903 0.295265 0.065883 0.441775 0.023875 0.894385
-0.015280 -0.053996 0.295980 0.065175 0.440936 0.023934 0.894849
-0.014361 -0.054080 0.296558 0.065584 0.439859 0.023741 0.895354
-0.013536 -0.054171 0.297057 0.066118 0.437983 0.023768 0.896233
-0.012657 -0.054259 0.297574 0.066633 0.437397 0.023792 0.896481
-0.011740 -0.054338 0.298186 0.066017 0.436858 0.024122 0.896780
-0.010816 -0.054444 0.298986 0.066053 0.435480 0.023488 0.897464
-0.009833 -0.054527 0.299604 0.065775 0.435013 0.023446 0.897712
-0.008702 -0.054614 0.300170 0.066384 0.433901 0.022922 0.898219
-0.007442 -0.054731 0.300900 0.066740 0.432800 0.022988 0.898722
-0.006021 -0.054882 0.302095 0.067131 0.431183 0.022354 0.899486
-0.004523 -0.055051 0.303223 0.067189 0.429549 0.022734 0.900254
-0.002890 -0.055199 0.304227 0.068055 0.428874 0.022041 0.900528
-0.001124 -0.055335 0.305422 0.066290 0.429195 0.021853 0.900511
0.000606 -0.055526 0.306614 0.067558 0.426463 0.021713 0.901717
0.002310 -0.055689 0.307605 0.067571 0.423670 0.021740 0.903031
0.004043 -0.055931 0.309239 0.067493 0.421260 0.021357 0.904173
0.005753 -0.056082 0.310403 0.066158 0.420383 0.021246 0.904682
0.007348 -0.056234 0.311319 0.068250 0.418466 0.020669 0.905428
0.008886 -0.056382 0.312351 0.067451 0.416892 0.020756 0.906212
0.010412 -0.056576 0.313712 0.068283 0.415886 0.020381 0.906621
0.011842 -0.056760 0.314787 0.068410 0.412905 0.020747 0.907964
0.013235 -0.056883 0.315728 0.068347 0.412237 0.020102 0.908287
0.014617 -0.057057 0.316791 0.068228 0.409973 0.020291 0.909316
0.015925 -0.057179 0.317583 0.068535 0.407964 0.020058 0.910201
0.017238 -0.057338 0.318771 0.068362 0.406975 0.019607 0.910667
0.018522 -0.057507 0.319946 0.067918 0.405518 0.019533 0.911351
0.019759 -0.057645 0.320727 0.068008 0.404107 0.019746 0.911967
0.020954 -0.057782 0.321575 0.068751 0.401685 0.019734 0.912980
0.022164 -0.057906 0.322405 0.069053 0.401361 0.019453 0.913106
0.023364 -0.058038 0.323331 0.069088 0.400296 0.019246 0.913575
0.024578 -0.058186 0.324437 0.068430 0.399411 0.018975 0.914018
0.025791 -0.058336 0.325405 0.068516 0.398031 0.018957 0.914613
0.026983 -0.058471 0.326328 0.068713 0.396120 0.018677 0.915434
0.028240 -0.058638 0.327354 0.069685 0.394637 0.018634 0.916001
0.029568 -0.058780 0.328425 0.068985 0.393390 0.018300 0.916597
0.030921 -0.058921 0.329370 0.069134 0.392736 0.018049 0.916871
0.032242 -0.059089 0.330501 0.068862 0.389962 0.017902 0.918078
0.033629 -0.059290 0.331810 0.068628 0.388402 0.017831 0.918758
0.035041 -0.059437 0.332880 0.068183 0.387944 0.017464 0.918992
0.037841 -0.059784 0.335098 0.070738 0.383399 0.017310 0.920707
0.039334 -0.059970 0.336374 0.069751 0.381709 0.017291 0.921485
0.040833 -0.060156 0.337793 0.069677 0.380104 0.016849 0.922162
0.042293 -0.060307 0.338800 0.070150 0.377921 0.016459 0.923030
0.045436 -0.060744 0.341710 0.070385 0.372230 0.016318 0.925324
0.047047 -0.060942 0.343009 0.070687 0.370678 0.016047 0.925929
0.048705 -0.061156 0.344552 0.070441 0.368814 0.015594 0.926699
0.050375 -0.061361 0.345957 0.070818 0.367335 0.015306 0.927262
0.052101 -0.061596 0.347497 0.070957 0.365001 0.015379 0.928172
0.053856 -0.061834 0.348990 0.071383 0.363873 0.015288 0.928583
0.057597 -0.062362 0.352743 0.071598 0.360303 0.014655 0.929968
0.059474 -0.062584 0.354231 0.072524 0.356857 0.014018 0.931234
0.061361 -0.062812 0.355642 0.074757 0.353404 0.013425 0.932382
0.063598 -0.063217 0.358407 0.072249 0.348796 0.013780 0.934308
0.065587 -0.063474 0.359919 0.074983 0.347095 0.013235 0.934734
0.069623 -0.064236 0.363737 0.075377 0.341205 0.013015 0.936872
0.071667 -0.064528 0.365780 0.073554 0.339575 0.012780 0.937612
0.073614 -0.064816 0.367634 0.073329 0.337724 0.012661 0.938299
0.075480 -0.065112 0.369485 0.076065 0.335228 0.012331 0.938981
0.079182 -0.065518 0.373325 0.075117 0.332909 0.011784 0.939888
0.080894 -0.065797 0.375193 0.075961 0.328923 0.011481 0.941227
0.082616 -0.066055 0.376934 0.074810 0.328542 0.011700 0.941449
0.085831 -0.066558 0.380429 0.074675 0.323521 0.011077 0.943205
0.087409 -0.066911 0.382192 0.074762 0.318869 0.011048 0.944781
0.088930 -0.067186 0.383772 0.076373 0.315902 0.010512 0.945655
0.092169 -0.067691 0.387256 0.076393 0.313041 0.010002 0.946610
0.093873 -0.068000 0.389239 0.076573 0.310037 0.009676 0.947586
0.097231 -0.068569 0.393062 0.076737 0.304896 0.009142 0.949245
0.098872 -0.068883 0.395046 0.077583 0.302870 0.008812 0.949828
0.100429 -0.069246 0.396936 0.076438 0.299143 0.008749 0.951102
0.101852 -0.069458 0.398577 0.076006 0.297665 0.008690 0.951600
0.104170 -0.069650 0.401223 0.076815 0.296219 0.008588 0.951987
0.105053 -0.069800 0.402251 0.076272 0.292596 0.008362 0.953153
0.105926 -0.069955 0.403363 0.077280 0.292523 0.008389 0.953094
0.107314 -0.070196 0.405067 0.077839 0.290255 0.007977 0.953745
0.108453 -0.070417 0.406618 0.075311 0.289123 0.007988 0.954292
0.108927 -0.070496 0.407101 0.077035 0.288039 0.007994 0.954482
0.109392 -0.070583 0.407713 0.077494 0.287198 0.007888 0.954699
0.109770 -0.070623 0.407993 0.077915 0.286470 0.007602 0.954886
0.110906 -0.070823 0.409388 0.077355 0.286016 0.007743 0.955066
0.111529 -0.070952 0.410184 0.079668 0.283750 0.007369 0.955555
0.112338 -0.071092 0.411207 0.077955 0.283912 0.007366 0.955648
0.113288 -0.071279 0.412543 0.077593 0.283226 0.007371 0.955881
0.115239 -0.071626 0.414919 0.080190 0.279540 0.006614 0.956757
0.116407 -0.071860 0.416398 0.079517 0.278217 0.006706 0.957198
0.118929 -0.072370 0.419785 0.079115 0.276952 0.006612 0.957598
0.120114 -0.072598 0.421299 0.078889 0.275247 0.006606 0.958109
0.121321 -0.072838 0.422874 0.077327 0.271714 0.006461 0.959245
0.123447 -0.073286 0.425809 0.080318 0.265603 0.005488 0.960715
0.124478 -0.073509 0.427294 0.082012 0.264626 0.005361 0.960843
0.126150 -0.073866 0.429578 0.084660 0.259342 0.004547 0.962057
0.127584 -0.074145 0.431654 0.084002 0.257970 0.004416 0.962484
0.128192 -0.074265 0.432453 0.083226 0.255310 0.004565 0.963260
0.128772 -0.074400 0.433241 0.082328 0.253890 0.004529 0.963712
0.129262 -0.074479 0.433925 0.082613 0.253872 0.004243 0.963694
0.130263 -0.074703 0.435316 0.083489 0.252565 0.004055 0.963963
0.130746 -0.074788 0.435990 0.083575 0.250927 0.003946 0.964383
0.131863 -0.075049 0.437672 0.082202 0.250745 0.004016 0.964549
0.132358 -0.075120 0.438263 0.084217 0.247244 0.003517 0.965280
0.133059 -0.075286 0.439288 0.084637 0.247712 0.003569 0.965123
0.134803 -0.075664 0.442017 0.084901 0.244209 0.003086 0.965994
0.214376 -0.107007 0.651539 0.064841 0.069560 -0.005065 0.995455
0.215033 -0.107865 0.655352 0.064151 0.066591 -0.005416 0.995701
0.215343 -0.108377 0.658483 0.066492 0.060010 -0.006024 0.995963
0.215760 -0.108813 0.661836 0.064383 0.056285 -0.005753 0.996320
0.216261 -0.109446 0.666085 0.061719 0.055256 -0.006055 0.996544
0.217162 -0.110600 0.673754 0.068274 0.047475 -0.007593 0.996507
0.216828 -0.111049 0.674971 0.071017 0.038552 -0.008256 0.996696
0.217580 -0.111922 0.682446 0.068959 0.036185 -0.008517 0.996927
0.217734 -0.112341 0.685126 0.067370 0.029553 -0.008647 0.997253
0.218177 -0.112887 0.688408 0.068824 0.030091 -0.009017 0.997134
0.218378 -0.113664 0.692588 0.066385 0.022530 -0.008837 0.997501
0.218416 -0.113972 0.694641 0.064907 0.021408 -0.008781 0.997623
0.218467 -0.114227 0.696055 0.065712 0.017284 -0.008771 0.997650
0.218379 -0.114438 0.697578 0.066155 0.014008 -0.009401 0.997667
0.218637 -0.115071 0.701769 0.069469 0.016752 -0.010071 0.997393
0.218814 -0.115400 0.703797 0.070504 0.014072 -0.010518 0.997357
0.218836 -0.115743 0.705841 0.069777 0.015936 -0.010464 0.997380
0.219130 -0.116563 0.709964 0.069977 0.013701 -0.010253 0.997402
0.218928 -0.116871 0.712633 0.069124 0.008347 -0.010377 0.997519
0.219017 -0.117289 0.714882 0.068991 0.008622 -0.010574 0.997524
0.218945 -0.117569 0.716392 0.068769 0.006307 -0.010701 0.997555
0.218956 -0.118056 0.719962 0.069909 0.004075 -0.011193 0.997482
0.219159 -0.118685 0.724534 0.068806 0.004592 -0.011215 0.997556
0.219099 -0.118965 0.726219 0.068349 0.000890 -0.011066 0.997600
0.218922 -0.119211 0.727645 0.067113 -0.001021 -0.011049 0.997684
0.218935 -0.119508 0.729703 0.069474 -0.001536 -0.011586 0.997515
0.218956 -0.119833 0.731956 0.070907 -0.001951 -0.012021 0.997409
0.218798 -0.120112 0.733727 0.070534 -0.003622 -0.011787 0.997433
0.218802 -0.120458 0.736004 0.071197 -0.005357 -0.012282 0.997372
0.218657 -0.120713 0.737708 0.070623 -0.006566 -0.012187 0.997407
0.218562 -0.120986 0.739542 0.070637 -0.008766 -0.012171 0.997389
0.218619 -0.121320 0.741770 0.070136 -0.010699 -0.012368 0.997403
0.218531 -0.121544 0.743305 0.070731 -0.014075 -0.012719 0.997315
0.218596 -0.121845 0.745336 0.070292 -0.016724 -0.012792 0.997304
0.218538 -0.122091 0.747047 0.069201 -0.017371 -0.012840 0.997369
0.218453 -0.122285 0.748357 0.071290 -0.021121 -0.013197 0.997145
0.218264 -0.122424 0.749529 0.073063 -0.022859 -0.013715 0.996971
0.218419 -0.122768 0.751891 0.072856 -0.023436 -0.013201 0.996980
0.218216 -0.122949 0.753245 0.073552 -0.026487 -0.013826 0.996844
0.218071 -0.123189 0.754739 0.072794 -0.029251 -0.013635 0.996825
0.218185 -0.123353 0.756136 0.072941 -0.029133 -0.014040 0.996812
0.218169 -0.123297 0.756099 0.072314 -0.029169 -0.013699 0.996861
0.218251 -0.123309 0.756440 0.071380 -0.027842 -0.013530 0.996969
0.218193 -0.123264 0.756125 0.072100 -0.028689 -0.013653 0.996891
0.218232 -0.123300 0.756474 0.071921 -0.027541 -0.013745 0.996935
0.218161 -0.123274 0.756172 0.072810 -0.028420 -0.014076 0.996841
0.218246 -0.123376 0.756669 0.071526 -0.028150 -0.013834 0.996946
0.218224 -0.123599 0.756698 0.072081 -0.027076 -0.013960 0.996933
0.218156 -0.123619 0.756495 0.071422 -0.028184 -0.013832 0.996952
0.218118 -0.123617 0.756293 0.071338 -0.028161 -0.013708 0.996960
0.218135 -0.123638 0.756493 0.070067 -0.028000 -0.013662 0.997056
0.218167 -0.123644 0.756504 0.070728 -0.028034 -0.013723 0.997007
0.218158 -0.123638 0.756523 0.071279 -0.028302 -0.014054 0.996956
0.218139 -0.123649 0.756438 0.070487 -0.028079 -0.013577 0.997025
0.218120 -0.123640 0.756462 0.071291 -0.027874 -0.014021 0.996967
0.218083 -0.123605 0.756241 0.072578 -0.028636 -0.014164 0.996851
0.218171 -0.123648 0.756753 0.071414 -0.027341 -0.014063 0.996973
0.218146 -0.123630 0.756599 0.071584 -0.027833 -0.014101 0.996946
0.218154 -0.123652 0.756706 0.070647 -0.028052 -0.013898 0.997010
0.217983 -0.123575 0.756062 0.070907 -0.028899 -0.013861 0.996968
0.218100 -0.123626 0.756579 0.071164 -0.027146 -0.013755 0.997000
0.218092 -0.123627 0.756538 0.071099 -0.026810 -0.013714 0.997015
0.218139 -0.123662 0.756764 0.070861 -0.027966 -0.013926 0.996997
0.218060 -0.123797 0.756309 0.072401 -0.028252 -0.013992 0.996877
0.218120 -0.123838 0.756707 0.070664 -0.027501 -0.013635 0.997028
0.218075 -0.123667 0.756538 0.071332 -0.025814 -0.013657 0.997025
0.218081 -0.123639 0.756527 0.071216 -0.026361 -0.013998 0.997014
0.218141 -0.123718 0.756105 0.072887 -0.028190 -0.014075 0.996842
0.218752 -0.124620 0.758049 0.068764 -0.025196 -0.013231 0.997227
0.218982 -0.125375 0.756238 0.070850 -0.026630 -0.013035 0.997046
0.219040 -0.125111 0.756667 0.072364 -0.026547 -0.013671 0.996931
0.219188 -0.125438 0.756423 0.071988 -0.024443 -0.013277 0.997018
0.219347 -0.125616 0.756361 0.070767 -0.026814 -0.013507 0.997041
0.219785 -0.125725 0.756340 0.071949 -0.025163 -0.013797 0.996995
0.219514 -0.125605 0.755916 0.073604 -0.026945 -0.013937 0.996826
0.219655 -0.125784 0.756075 0.071928 -0.026114 -0.013872 0.996971
0.220067 -0.126303 0.757102 0.067265 -0.025227 -0.012492 0.997338
0.220058 -0.126390 0.756179 0.072914 -0.025037 -0.013626 0.996931
0.220164 -0.126613 0.756295 0.071427 -0.025735 -0.013210 0.997026
0.220521 -0.126921 0.755878 0.071924 -0.025618 -0.013563 0.996989
0.220712 -0.126934 0.755705 0.074872 -0.023978 -0.014165 0.996804
0.220670 -0.127078 0.755291 0.073392 -0.025792 -0.013427 0.996879
0.220535 -0.127062 0.755030 0.073459 -0.025764 -0.013498 0.996874
0.220634 -0.126922 0.755454 0.072371 -0.024666 -0.013394 0.996983
0.220121 -0.126378 0.755593 0.073250 -0.025178 -0.013221 0.996908
0.219870 -0.125814 0.756009 0.070567 -0.026683 -0.013007 0.997065
0.219719 -0.125781 0.755548 0.072646 -0.025904 -0.013742 0.996927
0.219956 -0.125875 0.756175 0.071464 -0.025923 -0.013027 0.997021
0.219850 -0.125769 0.755995 0.071413 -0.025564 -0.012835 0.997037
0.219802 -0.125791 0.755767 0.072668 -0.025924 -0.013336 0.996930
