-0.102269 0.030193 1.013119 -0.086813 0.224254 -0.015111 0.970539
-0.102385 0.030646 1.013957 -0.087382 0.222416 -0.015586 0.970903
-0.102470 0.030632 1.014972 -0.087293 0.222359 -0.015524 0.970925
-0.102304 0.029997 1.013533 -0.085318 0.223438 -0.014791 0.970864
-0.102356 0.030415 1.013646 -0.086174 0.223020 -0.015175 0.970879
-0.102536 0.030517 1.015605 -0.085792 0.221979 -0.014973 0.971154
-0.102284 0.030110 1.013523 -0.086604 0.223487 -0.014949 0.970737
-0.102378 0.030615 1.013999 -0.087828 0.222117 -0.015380 0.970935
-0.102442 0.030508 1.014783 -0.086557 0.222652 -0.015088 0.970931
-0.102349 0.030235 1.014086 -0.086240 0.222411 -0.014727 0.971020
-0.102406 0.030640 1.014250 -0.087282 0.222590 -0.015474 0.970874
-0.102546 0.030475 1.015643 -0.086009 0.221928 -0.015339 0.971141
-0.102383 0.030271 1.014153 -0.086572 0.221859 -0.015061 0.971111
-0.102448 0.030661 1.014578 -0.087503 0.222652 -0.015594 0.970838
-0.102454 0.030358 1.014799 -0.084656 0.223087 -0.015014 0.971000
-0.102393 0.030344 1.014109 -0.086449 0.222768 -0.015153 0.970913
-0.102425 0.030638 1.014329 -0.087090 0.223289 -0.015575 0.970729
-0.102422 0.030315 1.014655 -0.085812 0.222699 -0.014676 0.970992
-0.102410 0.030393 1.014194 -0.084798 0.222973 -0.014946 0.971014
-0.102446 0.030609 1.014586 -0.086817 0.222775 -0.015296 0.970876
-0.102435 0.030312 1.014820 -0.086185 0.222713 -0.014925 0.970952
-0.102369 0.030410 1.013989 -0.085903 0.223715 -0.015084 0.970744
-0.102451 0.030558 1.014640 -0.086453 0.222828 -0.015275 0.970897
-0.102351 0.030065 1.014481 -0.086486 0.223232 -0.014812 0.970808
-0.102272 0.030080 1.013636 -0.086097 0.224160 -0.014756 0.970630
-0.102327 0.030173 1.014031 -0.086645 0.223105 -0.014860 0.970822
-0.102295 0.030133 1.013909 -0.086165 0.223407 -0.014795 0.970797
-0.102295 0.030225 1.013698 -0.086210 0.223962 -0.015166 0.970659
-0.102331 0.030285 1.013940 -0.086174 0.223028 -0.014979 0.970880
-0.102289 0.030161 1.013810 -0.086876 0.223239 -0.015250 0.970765
-0.102299 0.030303 1.013813 -0.085538 0.223513 -0.014934 0.970825
-0.102371 0.030467 1.014434 -0.086479 0.221961 -0.014906 0.971099
-0.102350 0.030441 1.014439 -0.085825 0.222849 -0.014867 0.970954
-0.102336 0.030543 1.014176 -0.086421 0.222281 -0.015038 0.971028
-0.102348 0.030532 1.014323 -0.086447 0.222216 -0.015133 0.971040
-0.102369 0.030503 1.014491 -0.086234 0.222402 -0.015101 0.971017
-0.102366 0.030522 1.014562 -0.086578 0.222289 -0.015047 0.971013
-0.102307 0.030341 1.013709 -0.086505 0.222764 -0.015000 0.970911
-0.102325 0.030343 1.013923 -0.085971 0.223191 -0.014952 0.970861
-0.102391 0.030349 1.014319 -0.085573 0.223260 -0.015120 0.970878
-0.102389 0.030383 1.013967 -0.085356 0.222699 -0.015185 0.971025
-0.102423 0.030361 1.014484 -0.085658 0.222749 -0.015059 0.970989
-0.102403 0.030345 1.014311 -0.085903 0.223110 -0.014932 0.970886
-0.102439 0.030288 1.013855 -0.084934 0.222580 -0.014795 0.971095
-0.102476 0.030206 1.013805 -0.085914 0.222215 -0.014545 0.971096
-0.102524 0.030213 1.013286 -0.085980 0.222375 -0.014895 0.971048
-0.102585 0.030216 1.013634 -0.086150 0.221947 -0.014740 0.971134
-0.102731 0.030167 1.013915 -0.085381 0.221210 -0.014621 0.971371
-0.102699 0.030171 1.013153 -0.086492 0.221104 -0.014793 0.971295
-0.102861 0.030137 1.013263 -0.085704 0.221172 -0.014802 0.971349
-0.103007 0.030064 1.013140 -0.086704 0.220015 -0.014679 0.971525
-0.103459 0.030071 1.012400 -0.084894 0.220169 -0.014876 0.971647
-0.103708 0.030047 1.013051 -0.085072 0.221770 -0.014486 0.971273
-0.104334 0.030033 1.012045 -0.086239 0.219192 -0.014948 0.971748
-0.104455 0.029982 1.011897 -0.085271 0.220457 -0.014702 0.971551
-0.104621 0.029944 1.011553 -0.086330 0.218505 -0.014731 0.971898
-0.104884 0.029919 1.011360 -0.086555 0.220092 -0.014400 0.971525
-0.105294 0.029827 1.010529 -0.086029 0.219111 -0.014662 0.971789
-0.106355 0.029526 1.008440 -0.088222 0.216204 -0.013924 0.972255
-0.108421 0.028591 1.002684 -0.089032 0.209653 -0.013475 0.973621
-0.115810 0.025290 0.984312 -0.087658 0.193244 -0.011434 0.977160
-0.118010 0.024271 0.978235 -0.090595 0.183263 -0.012564 0.978800
-0.119852 0.023130 0.972251 -0.088682 0.181910 -0.010564 0.979251
-0.121580 0.022332 0.966035 -0.091513 0.176691 -0.011030 0.979941
-0.124508 0.020539 0.957080 -0.091954 0.162418 -0.010433 0.982373
-0.125669 0.020206 0.954189 -0.092190 0.160588 -0.009927 0.982656
-0.126614 0.019423 0.950183 -0.087048 0.158823 -0.008468 0.983426
-0.127639 0.019136 0.946906 -0.090621 0.154124 -0.009209 0.983844
-0.128648 0.018866 0.943945 -0.095206 0.147309 -0.009827 0.984449
-0.129312 0.018057 0.939168 -0.097783 0.143950 -0.010244 0.984689
-0.130447 0.017515 0.938099 -0.089993 0.144648 -0.008319 0.985347
-0.131637 0.017055 0.935911 -0.084980 0.138655 -0.006682 0.986665
-0.132092 0.016187 0.927351 -0.105663 0.130240 -0.011325 0.985771
-0.133732 0.015245 0.928046 -0.087741 0.130136 -0.006828 0.987583
-0.134576 0.014722 0.922026 -0.095937 0.126656 -0.007825 0.987265
-0.135334 0.013638 0.915542 -0.097016 0.122491 -0.006842 0.987693
-0.136974 0.013099 0.914212 -0.089680 0.118955 -0.006095 0.988823
-0.137893 0.012815 0.909074 -0.096154 0.115016 -0.006814 0.988676
-0.138606 0.011754 0.902513 -0.094476 0.111891 -0.005742 0.989203
-0.139918 0.011101 0.900065 -0.091123 0.104619 -0.005220 0.990315
-0.140654 0.009911 0.894460 -0.094184 0.102166 -0.005353 0.990284
-0.141607 0.009444 0.890119 -0.092979 0.097669 -0.004528 0.990856
-0.142301 0.008870 0.884597 -0.096578 0.096411 -0.005380 0.990630
-0.143054 0.008014 0.880308 -0.094129 0.092299 -0.003881 0.991265
-0.143711 0.007249 0.875274 -0.098048 0.087305 -0.004927 0.991333
-0.144439 0.006614 0.871805 -0.093724 0.085295 -0.003471 0.991932
-0.145140 0.005901 0.867966 -0.095577 0.081126 -0.003762 0.992104
-0.145451 0.004924 0.862300 -0.096966 0.079808 -0.003848 0.992075
-0.146311 0.004255 0.859852 -0.093093 0.073968 -0.002693 0.992902
-0.146748 0.003447 0.855723 -0.090844 0.073764 -0.002123 0.993127
-0.147079 0.002902 0.850679 -0.096851 0.067983 -0.002665 0.992971
-0.147409 0.002402 0.846373 -0.098243 0.063363 -0.002532 0.993140
-0.147964 0.001663 0.843304 -0.095065 0.058536 -0.001989 0.993747
-0.148140 0.001097 0.838545 -0.100052 0.053347 -0.002100 0.993549
-0.148323 0.000478 0.834051 -0.096591 0.055032 -0.001435 0.993801
-0.148924 -0.000156 0.831763 -0.099022 0.045728 -0.001642 0.994033
-0.148933 -0.000716 0.826756 -0.100986 0.044872 -0.001803 0.993874
-0.149289 -0.001338 0.823994 -0.096665 0.040997 -0.000370 0.994472
-0.149402 -0.001919 0.819942 -0.099513 0.039298 -0.000879 0.994259
-0.149394 -0.002457 0.815566 -0.101277 0.035289 -0.000503 0.994232
-0.150099 -0.002943 0.815053 -0.101820 0.025695 -0.000329 0.994471
-0.149834 -0.003667 0.809724 -0.100726 0.029551 -0.000150 0.994475
-0.149801 -0.004193 0.805340 -0.096751 0.028561 0.000803 0.994898
-0.150163 -0.004576 0.803002 -0.107143 0.017823 -0.000781 0.994084
-0.149847 -0.005417 0.797874 -0.100883 0.021180 0.000685 0.994673
-0.150094 -0.005791 0.795486 -0.103068 0.014708 0.001286 0.994565
-0.149953 -0.006338 0.790805 -0.105075 0.012959 0.000514 0.994380
-0.149798 -0.007123 0.786759 -0.103404 0.009186 0.001424 0.994596
-0.150311 -0.007524 0.785250 -0.105861 -0.002128 0.001363 0.994378
-0.149124 -0.008434 0.775788 -0.103560 0.007501 0.001703 0.994593
-0.149738 -0.008917 0.774881 -0.111102 -0.009363 0.001427 0.993764
-0.149228 -0.009773 0.769151 -0.101908 -0.005561 0.002689 0.994775
-0.149312 -0.010329 0.765989 -0.110899 -0.012845 0.001670 0.993747
-0.148795 -0.011167 0.760378 -0.106470 -0.013620 0.002656 0.994219
-0.148664 -0.011761 0.756611 -0.110329 -0.020834 0.002661 0.993673
-0.147921 -0.012566 0.750154 -0.112180 -0.019082 0.002635 0.993501
-0.147886 -0.013319 0.747273 -0.107670 -0.027816 0.003958 0.993790
-0.147355 -0.013988 0.742193 -0.112689 -0.030915 0.003447 0.993143
-0.146735 -0.014819 0.736859 -0.109631 -0.030151 0.004194 0.993506
-0.146209 -0.015527 0.732208 -0.112341 -0.038079 0.004636 0.992929
-0.144870 -0.017046 0.722056 -0.114727 -0.040420 0.004655 0.992563
-0.144269 -0.017819 0.717323 -0.113053 -0.047657 0.005495 0.992430
-0.143501 -0.018584 0.712520 -0.114239 -0.048746 0.005296 0.992242
-0.142699 -0.019401 0.707618 -0.114236 -0.046029 0.005098 0.992374
-0.141837 -0.020246 0.702732 -0.108350 -0.056084 0.006654 0.992507
-0.140917 -0.021061 0.697646 -0.113159 -0.059235 0.006462 0.991789
-0.140025 -0.021955 0.693297 -0.108169 -0.070383 0.008380 0.991602
-0.138874 -0.022514 0.687586 -0.114939 -0.053410 0.005512 0.991920
-0.137692 -0.023507 0.682332 -0.112461 -0.079462 0.009084 0.990432
-0.135565 -0.024905 0.673458 -0.110803 -0.068543 0.008035 0.991443
-0.134467 -0.025692 0.669232 -0.112577 -0.079655 0.008995 0.990404
-0.133214 -0.026456 0.664449 -0.110167 -0.080504 0.009592 0.990601
-0.132066 -0.027205 0.660191 -0.106025 -0.086275 0.010180 0.990561
-0.130781 -0.027883 0.655664 -0.108466 -0.088137 0.010339 0.990131
-0.129581 -0.028571 0.651959 -0.108182 -0.088519 0.010962 0.990122
-0.128429 -0.029272 0.648336 -0.104163 -0.090700 0.011057 0.990354
-0.127095 -0.029997 0.644054 -0.102230 -0.096580 0.011823 0.989991
-0.125818 -0.030688 0.640344 -0.097518 -0.100755 0.012613 0.990040
-0.124441 -0.031302 0.636258 -0.099157 -0.104034 0.012822 0.989535
-0.122978 -0.031940 0.632041 -0.098360 -0.106109 0.013149 0.989390
-0.121689 -0.032560 0.628833 -0.097504 -0.111737 0.013937 0.988845
-0.118936 -0.033821 0.621926 -0.093979 -0.117863 0.014754 0.988463
-0.117500 -0.034382 0.618364 -0.091154 -0.117780 0.015012 0.988733
-0.115967 -0.035049 0.614246 -0.089829 -0.127905 0.015905 0.987582
-0.114658 -0.035636 0.611546 -0.084792 -0.127980 0.015835 0.988019
-0.113184 -0.036132 0.608091 -0.089481 -0.132114 0.016351 0.987052
-0.111794 -0.036762 0.604923 -0.082765 -0.138784 0.016806 0.986715
-0.110361 -0.037023 0.601759 -0.085236 -0.139603 0.017269 0.986381
-0.108851 -0.037332 0.597968 -0.084402 -0.149436 0.017690 0.985004
-0.107667 -0.037818 0.596138 -0.080877 -0.147610 0.017788 0.985573
-0.104689 -0.038776 0.589433 -0.082282 -0.157449 0.018618 0.983917
-0.103334 -0.039304 0.587089 -0.077739 -0.157824 0.018382 0.984231
-0.101799 -0.039737 0.583822 -0.083180 -0.161712 0.018894 0.983145
-0.100201 -0.040249 0.580339 -0.078370 -0.169006 0.019060 0.982309
-0.098860 -0.040750 0.578509 -0.076051 -0.167897 0.019278 0.982678
-0.095550 -0.041639 0.571066 -0.076116 -0.179660 0.019779 0.980580
-0.094261 -0.042118 0.569775 -0.076527 -0.176977 0.019739 0.981037
-0.092495 -0.042511 0.565391 -0.080260 -0.183924 0.020297 0.979448
-0.089526 -0.043453 0.561046 -0.079631 -0.186578 0.021012 0.978982
-0.087806 -0.043869 0.557537 -0.071390 -0.195426 0.020314 0.977906
-0.086026 -0.044330 0.553647 -0.079925 -0.197966 0.021174 0.976715
-0.084687 -0.044818 0.553600 -0.072558 -0.197349 0.020827 0.977423
-0.082540 -0.045197 0.547539 -0.078123 -0.205849 0.021403 0.975226
-0.080826 -0.045730 0.545118 -0.075586 -0.211274 0.021454 0.974264
-0.079201 -0.046127 0.544071 -0.077472 -0.207775 0.022319 0.974848
-0.077261 -0.046652 0.540117 -0.068760 -0.217403 0.021542 0.973419
-0.073471 -0.047559 0.535276 -0.071903 -0.221490 0.022657 0.972244
-0.071277 -0.047998 0.530427 -0.068826 -0.229229 0.022186 0.970683
-0.069207 -0.048466 0.527376 -0.075139 -0.231732 0.023511 0.969588
-0.067174 -0.048953 0.524867 -0.070986 -0.235274 0.023280 0.969054
-0.065113 -0.049381 0.521525 -0.072325 -0.237968 0.023222 0.968298
-0.062978 -0.049801 0.518288 -0.072608 -0.243222 0.023391 0.966966
-0.061022 -0.050280 0.516600 -0.071790 -0.243290 0.024388 0.966986
-0.058876 -0.050603 0.512679 -0.070242 -0.249585 0.023566 0.965514
-0.056944 -0.051123 0.511196 -0.072841 -0.250313 0.025012 0.965097
-0.054777 -0.051363 0.506555 -0.071914 -0.255421 0.024263 0.963846
-0.053004 -0.051852 0.506233 -0.069770 -0.254668 0.024851 0.964188
-0.050953 -0.052156 0.502349 -0.070868 -0.260225 0.024395 0.962635
-0.048979 -0.052527 0.499507 -0.074049 -0.262561 0.025549 0.961731
-0.047172 -0.053012 0.498909 -0.067321 -0.265041 0.025236 0.961553
-0.045100 -0.053187 0.493395 -0.076302 -0.269269 0.025566 0.959697
-0.043413 -0.053801 0.494594 -0.067249 -0.269121 0.025821 0.960409
-0.039503 -0.054441 0.488782 -0.070071 -0.276342 0.026154 0.958145
-0.037454 -0.054713 0.485523 -0.070104 -0.281512 0.025925 0.956642
-0.035433 -0.055051 0.482852 -0.071613 -0.283585 0.025979 0.955917
-0.033365 -0.055523 0.481385 -0.070805 -0.287049 0.026652 0.954924
-0.031160 -0.055790 0.477960 -0.070070 -0.290708 0.025842 0.953893
-0.028915 -0.056273 0.476331 -0.070862 -0.291862 0.027153 0.953445
-0.026575 -0.056582 0.472575 -0.070107 -0.297197 0.026110 0.951881
-0.024220 -0.057057 0.470930 -0.072140 -0.297879 0.026984 0.951491
-0.019215 -0.057839 0.465049 -0.070213 -0.305772 0.026780 0.949135
-0.016662 -0.058210 0.461868 -0.072602 -0.307698 0.027649 0.948307
-0.014087 -0.058649 0.459806 -0.071316 -0.312199 0.026818 0.946957
0.001599 -0.060932 0.443082 -0.070629 -0.332594 0.028505 0.939989
0.009066 -0.062003 0.436470 -0.068093 -0.340715 0.028838 0.937254
0.011386 -0.062304 0.434237 -0.069381 -0.342728 0.028711 0.936429
0.016058 -0.062936 0.429992 -0.069235 -0.348935 0.029573 0.934118
0.038863 -0.065743 0.410639 -0.067272 -0.373414 0.030213 0.924729
0.009416 -0.062420 0.435582 -0.061563 -0.342308 0.030819 0.937062
0.007750 -0.062180 0.437093 -0.061931 -0.340274 0.031076 0.937770
0.006056 -0.061950 0.438591 -0.062761 -0.337787 0.030825 0.938622
0.004462 -0.061758 0.440196 -0.062563 -0.336407 0.030636 0.939137
0.002994 -0.061576 0.442107 -0.062087 -0.333811 0.030730 0.940091
0.001502 -0.061327 0.443170 -0.062916 -0.332000 0.030378 0.940688
0.000168 -0.061174 0.444708 -0.062272 -0.330677 0.030260 0.941201
-0.001131 -0.060997 0.446197 -0.061638 -0.329604 0.030340 0.941617
-0.002614 -0.060782 0.447446 -0.063503 -0.326703 0.030272 0.942505
-0.004076 -0.060582 0.449030 -0.062327 -0.325174 0.030288 0.943112
-0.005792 -0.060289 0.450653 -0.062903 -0.322393 0.030239 0.944030
-0.007562 -0.060074 0.452807 -0.061942 -0.321581 0.029869 0.944382
-0.009493 -0.059778 0.454580 -0.062672 -0.317775 0.030398 0.945604
-0.011612 -0.059434 0.457110 -0.061278 -0.314971 0.030374 0.946634
-0.013812 -0.059059 0.458908 -0.062766 -0.312762 0.030207 0.947274
-0.016158 -0.058555 0.461879 -0.062257 -0.308673 0.029976 0.948655
-0.020869 -0.057795 0.467057 -0.061768 -0.303538 0.029315 0.950363
-0.023211 -0.057397 0.469506 -0.063771 -0.299718 0.030123 0.951417
-0.025468 -0.057011 0.472180 -0.062569 -0.297433 0.028967 0.952250
-0.027745 -0.056693 0.474893 -0.062473 -0.293117 0.029560 0.953575
-0.029763 -0.056246 0.476309 -0.062919 -0.293090 0.028408 0.953589
-0.031840 -0.055964 0.479474 -0.062837 -0.288002 0.029262 0.955118
-0.033794 -0.055558 0.481166 -0.063741 -0.285980 0.027952 0.955704
-0.035650 -0.055253 0.483597 -0.064146 -0.282471 0.028648 0.956700
-0.037366 -0.054983 0.486249 -0.061765 -0.281001 0.027803 0.957314
-0.039129 -0.054553 0.486964 -0.065829 -0.277823 0.028112 0.957962
-0.040997 -0.054368 0.491073 -0.062940 -0.274067 0.027515 0.959254
-0.042819 -0.053931 0.491948 -0.065311 -0.271732 0.028041 0.959745
-0.044981 -0.053539 0.495173 -0.063064 -0.269170 0.027428 0.960634
-0.049973 -0.052672 0.502636 -0.063015 -0.257904 0.027426 0.963723
-0.052380 -0.051932 0.503626 -0.060510 -0.260345 0.026224 0.963261
-0.055292 -0.051622 0.509645 -0.061631 -0.249856 0.027233 0.965936
-0.057792 -0.050991 0.511275 -0.063999 -0.250681 0.027005 0.965574
-0.063397 -0.049817 0.520028 -0.061049 -0.238888 0.026255 0.968770
-0.068857 -0.048560 0.527817 -0.061005 -0.230606 0.025308 0.970803
-0.074665 -0.047250 0.537576 -0.063244 -0.217631 0.024994 0.973659
-0.080266 -0.045780 0.545556 -0.068414 -0.204373 0.024447 0.976193
-0.086048 -0.044351 0.555555 -0.061450 -0.191530 0.022710 0.979298
-0.088684 -0.043605 0.558986 -0.067142 -0.187936 0.022614 0.979623
-0.091256 -0.042878 0.563736 -0.068948 -0.184262 0.022275 0.980203
-0.093640 -0.042150 0.567138 -0.070286 -0.182661 0.022103 0.980411
-0.096105 -0.041449 0.572326 -0.068006 -0.177380 0.021472 0.981555
-0.098458 -0.040760 0.576860 -0.071283 -0.169013 0.020997 0.982808
-0.100564 -0.040158 0.581375 -0.070288 -0.161105 0.020924 0.984209
-0.102454 -0.039500 0.584432 -0.073743 -0.161082 0.020237 0.983974
-0.104256 -0.038934 0.588368 -0.072705 -0.153978 0.019372 0.985205
-0.105791 -0.038392 0.591139 -0.078113 -0.153495 0.019526 0.984864
-0.108701 -0.037399 0.597393 -0.077478 -0.145110 0.018580 0.986202
-0.109844 -0.036977 0.599790 -0.076720 -0.142983 0.018308 0.986577
-0.111025 -0.036544 0.602606 -0.080733 -0.138772 0.018230 0.986860
-0.111990 -0.036220 0.604748 -0.077910 -0.137606 0.017914 0.987256
-0.112871 -0.035860 0.606521 -0.081022 -0.134514 0.017535 0.987438
-0.113598 -0.035513 0.607918 -0.084733 -0.132312 0.017115 0.987432
-0.114392 -0.035273 0.609751 -0.081807 -0.134280 0.017319 0.987409
-0.115285 -0.035010 0.612765 -0.080313 -0.126202 0.017229 0.988598
-0.115869 -0.034637 0.613371 -0.086136 -0.124662 0.016656 0.988313
-0.117482 -0.034004 0.617379 -0.086103 -0.119914 0.015947 0.988915
-0.118367 -0.033642 0.619726 -0.087061 -0.118575 0.016053 0.988991
-0.119381 -0.033211 0.622130 -0.089155 -0.117539 0.015930 0.988930
-0.120447 -0.032727 0.624817 -0.089049 -0.115137 0.015445 0.989230
-0.121739 -0.032169 0.628299 -0.091906 -0.106095 0.014829 0.989989
-0.122969 -0.031584 0.631285 -0.091136 -0.106494 0.014447 0.990023
-0.124416 -0.030915 0.635112 -0.093801 -0.105850 0.014202 0.989846
-0.125843 -0.030172 0.639244 -0.096207 -0.098924 0.013628 0.990340
-0.127249 -0.029386 0.642900 -0.102008 -0.095018 0.012599 0.990155
-0.128700 -0.028610 0.647471 -0.101205 -0.087049 0.011848 0.990979
-0.130123 -0.027797 0.651718 -0.105514 -0.086066 0.011200 0.990623
-0.133053 -0.026265 0.661913 -0.104490 -0.084470 0.010791 0.990873
-0.134281 -0.025395 0.666312 -0.106760 -0.074467 0.009657 0.991445
-0.135511 -0.024610 0.670699 -0.108481 -0.075307 0.009119 0.991200
-0.136673 -0.023802 0.675433 -0.111150 -0.076028 0.009151 0.990849
-0.137979 -0.022980 0.680989 -0.109872 -0.072760 0.008806 0.991240
-0.139181 -0.022026 0.686383 -0.111875 -0.051757 0.006181 0.992354
-0.140359 -0.021315 0.691720 -0.106763 -0.068777 0.008630 0.991865
-0.141633 -0.020370 0.698207 -0.112530 -0.061996 0.007447 0.991684
-0.144081 -0.018305 0.711623 -0.109576 -0.054568 0.006623 0.992457
-0.145187 -0.017176 0.718456 -0.110305 -0.051999 0.005870 0.992519
-0.146078 -0.016062 0.725031 -0.106406 -0.041769 0.005485 0.993430
-0.147186 -0.014924 0.733143 -0.106013 -0.037241 0.004892 0.993655
-0.147669 -0.013751 0.738640 -0.107826 -0.028839 0.003949 0.993744
-0.148747 -0.012590 0.747488 -0.104626 -0.030753 0.004013 0.994028
-0.149270 -0.011453 0.754556 -0.104305 -0.021825 0.003329 0.994300
-0.149729 -0.010300 0.761602 -0.096652 -0.011779 0.003080 0.995244
-0.150069 -0.009222 0.769054 -0.097613 -0.004021 0.002882 0.995212
-0.150283 -0.007964 0.775793 -0.098637 0.004108 0.001733 0.995113
-0.151195 -0.006533 0.786759 -0.102949 -0.000359 0.000816 0.994686
-0.151098 -0.003942 0.801142 -0.112194 0.016942 -0.001520 0.993541
-0.151119 -0.002851 0.809200 -0.099371 0.024048 -0.000458 0.994760
-0.150416 -0.001907 0.813984 -0.094230 0.037258 0.000018 0.994853
-0.150811 -0.000693 0.824654 -0.092300 0.036358 -0.000467 0.995067
-0.150140 0.000580 0.829838 -0.092606 0.045108 -0.000887 0.994680
-0.149908 0.001790 0.837719 -0.094999 0.049839 -0.002351 0.994226
-0.148669 0.002971 0.840639 -0.091719 0.062952 -0.002466 0.993790
-0.148404 0.004218 0.849522 -0.089930 0.065560 -0.002189 0.993786
-0.146812 0.006580 0.863785 -0.089995 0.079462 -0.003958 0.992759
-0.145508 0.007831 0.869489 -0.089156 0.086950 -0.004631 0.992204
-0.144539 0.009095 0.878131 -0.087761 0.092880 -0.005197 0.991788
-0.143116 0.010442 0.885377 -0.088104 0.097253 -0.005446 0.991337
-0.142007 0.011845 0.895199 -0.086357 0.102688 -0.005950 0.990940
-0.140212 0.013165 0.900871 -0.094509 0.106587 -0.008810 0.989762
-0.138304 0.014372 0.907531 -0.093025 0.116810 -0.007837 0.988757
-0.137367 0.015687 0.919934 -0.084869 0.118829 -0.007508 0.989253
-0.134666 0.016944 0.920677 -0.099880 0.130374 -0.011403 0.986355
-0.133774 0.017986 0.933660 -0.081288 0.134905 -0.007978 0.987486
-0.131304 0.019134 0.933773 -0.100474 0.136983 -0.013077 0.985378
-0.130028 0.020012 0.944417 -0.080657 0.151926 -0.008062 0.985062
-0.128291 0.020988 0.947728 -0.093962 0.149061 -0.011988 0.984281
-0.126869 0.021782 0.952949 -0.093832 0.154696 -0.011689 0.983427
-0.125634 0.022408 0.957154 -0.088000 0.160823 -0.010488 0.982996
-0.124509 0.022904 0.960629 -0.086654 0.166671 -0.011184 0.982134
-0.123539 0.023447 0.963643 -0.089230 0.168273 -0.011857 0.981622
-0.122575 0.023963 0.966904 -0.087757 0.170516 -0.012003 0.981366
-0.121341 0.024301 0.968777 -0.089691 0.175689 -0.012485 0.980272
-0.120418 0.024669 0.972263 -0.086698 0.180806 -0.012229 0.979614
-0.119337 0.025218 0.974468 -0.088218 0.184294 -0.012508 0.978824
-0.118432 0.025513 0.977476 -0.087077 0.187015 -0.012256 0.978413
-0.117544 0.025926 0.979197 -0.086261 0.189700 -0.012522 0.977965
-0.116880 0.026356 0.982966 -0.084190 0.194082 -0.012586 0.977285
-0.116146 0.026600 0.984836 -0.084867 0.194126 -0.012761 0.977215
-0.115274 0.026945 0.985493 -0.085371 0.196145 -0.013000 0.976765
-0.114649 0.027364 0.988947 -0.085863 0.196904 -0.012938 0.976570
-0.113690 0.027573 0.989757 -0.085447 0.199004 -0.013436 0.976174
-0.112907 0.028174 0.993129 -0.084851 0.203997 -0.013583 0.975193
-0.111897 0.028702 0.994701 -0.085148 0.206077 -0.014131 0.974722
-0.111069 0.029186 0.998511 -0.084305 0.207568 -0.014365 0.974475
-0.109941 0.029897 1.001063 -0.084591 0.211131 -0.014521 0.973682
-0.108854 0.030454 1.004339 -0.084366 0.212157 -0.014906 0.973473
-0.104497 0.031982 1.013984 -0.086432 0.222451 -0.014838 0.970992
-0.104496 0.032012 1.014287 -0.086663 0.222457 -0.015106 0.970966
-0.104447 0.032071 1.014436 -0.087017 0.222053 -0.015282 0.971024
-0.104387 0.032106 1.014666 -0.087202 0.222749 -0.015213 0.970849
-0.104411 0.032109 1.014935 -0.086840 0.221930 -0.015265 0.971068
-0.104397 0.032145 1.014701 -0.086438 0.222138 -0.015326 0.971055
-0.104339 0.032141 1.014195 -0.087636 0.222307 -0.015433 0.970908
-0.104435 0.032163 1.015110 -0.085835 0.221993 -0.015145 0.971145
-0.104400 0.032308 1.015005 -0.088038 0.222263 -0.014978 0.970888
-0.104414 0.032365 1.015401 -0.088191 0.221738 -0.015367 0.970988
-0.104320 0.032219 1.014988 -0.086976 0.221523 -0.015161 0.971150
-0.104213 0.032042 1.015057 -0.085209 0.220921 -0.014772 0.971450
-0.103909 0.031831 1.013343 -0.087985 0.223686 -0.015663 0.970555
-0.103920 0.031751 1.013650 -0.087082 0.222679 -0.015276 0.970875
-0.103931 0.031748 1.013735 -0.086776 0.222592 -0.015213 0.970923
-0.103917 0.031664 1.013944 -0.088371 0.222265 -0.015663 0.970847
-0.103909 0.031458 1.014521 -0.086655 0.222450 -0.014791 0.970973
-0.103920 0.031510 1.014819 -0.086854 0.222822 -0.015146 0.970864
-0.103821 0.031566 1.013646 -0.088686 0.222574 -0.015598 0.970748
-0.103936 0.031490 1.015105 -0.086301 0.222660 -0.014943 0.970954
-0.103824 0.031432 1.014270 -0.086889 0.222578 -0.015412 0.970913
-0.103760 0.031429 1.014115 -0.087617 0.223716 -0.015413 0.970586
-0.103778 0.031309 1.014367 -0.085758 0.222873 -0.015003 0.970952
-0.103724 0.031345 1.013919 -0.086935 0.223137 -0.015357 0.970781
-0.103787 0.031398 1.014206 -0.086815 0.222785 -0.015415 0.970872
-0.103765 0.031452 1.013183 -0.087884 0.222883 -0.015231 0.970756
-0.103991 0.032047 1.013973 -0.086986 0.222389 -0.015532 0.970946
-0.104080 0.031631 1.015287 -0.086211 0.222842 -0.015132 0.970917
-0.103950 0.031409 1.014130 -0.085653 0.223047 -0.014695 0.970926
-0.104064 0.032006 1.015030 -0.087052 0.221560 -0.015351 0.971132
-0.103951 0.031324 1.015285 -0.086575 0.222258 -0.015168 0.971018
-0.103777 0.031167 1.014822 -0.085762 0.221965 -0.014279 0.971171
-0.103733 0.030962 1.014716 -0.084560 0.222747 -0.014188 0.971098
-0.103908 0.031697 1.014140 -0.088069 0.222427 -0.015578 0.970838
-0.103703 0.030925 1.014522 -0.088188 0.221655 -0.015400 0.971007
-0.103469 0.031131 1.013147 -0.085953 0.223959 -0.014386 0.970694
-0.103274 0.031306 1.014435 -0.085977 0.222634 -0.014714 0.970992
-0.103765 0.031782 1.016447 -0.086899 0.222846 -0.015988 0.970841
-0.103597 0.031431 1.013585 -0.085173 0.224467 -0.015049 0.970636
-0.103479 0.031852 1.014690 -0.088267 0.223433 -0.015586 0.970589
-0.103898 0.031550 1.015242 -0.084404 0.223380 -0.014766 0.970958
-0.103625 0.031335 1.015230 -0.086347 0.221270 -0.014782 0.971270
-0.103220 0.031472 1.014361 -0.086059 0.222739 -0.015729 0.970945
-0.103076 0.031578 1.014139 -0.088064 0.222084 -0.016052 0.970910
-0.102799 0.031156 1.014711 -0.086301 0.221616 -0.014443 0.971200
-0.102728 0.031521 1.014008 -0.088553 0.223501 -0.015120 0.970555
-0.103078 0.031297 1.014749 -0.085972 0.220858 -0.014919 0.971395
-0.102563 0.030855 1.013915 -0.085834 0.224623 -0.015029 0.970542
-0.102504 0.030831 1.013425 -0.085925 0.224089 -0.015021 0.970657
-0.102833 0.030662 1.014756 -0.087966 0.222472 -0.015401 0.970840
-0.102226 0.030219 1.012225 -0.088383 0.224996 -0.015807 0.970214
-0.102137 0.030779 1.014163 -0.088292 0.222913 -0.015513 0.970708
-0.102900 0.030371 1.015566 -0.084808 0.222123 -0.015208 0.971204
-0.102250 0.030116 1.012776 -0.086244 0.223807 -0.015028 0.970694
-0.102370 0.030543 1.013486 -0.086581 0.222632 -0.015131 0.970932
-0.102861 0.030922 1.014017 -0.085042 0.223195 -0.014610 0.970947
-0.103599 0.031234 1.014944 -0.087529 0.222396 -0.015773 0.970891
-0.103041 0.030980 1.014435 -0.086316 0.222613 -0.015123 0.970960
-0.103519 0.030955 1.013994 -0.086993 0.222754 -0.014898 0.970871
-0.103704 0.031087 1.015229 -0.086620 0.222877 -0.015290 0.970870
