0.118840 -0.076605 0.981196 -0.063341 0.118397 -0.016667 0.990804
0.119001 -0.077077 0.982544 -0.062938 0.115322 -0.016768 0.991190
0.118666 -0.077509 0.980338 -0.068603 0.113793 -0.016100 0.991002
0.118402 -0.078396 0.981747 -0.065648 0.113963 -0.016456 0.991177
0.118344 -0.078511 0.981428 -0.061036 0.119049 -0.017042 0.990864
0.118382 -0.078692 0.981707 -0.063065 0.118077 -0.016274 0.990866
0.101099 -0.066554 0.868159 0.303607 0.012160 -0.080574 0.949307
0.118382 -0.078974 0.981685 -0.065935 0.117740 -0.016044 0.990723
0.118303 -0.078895 0.981082 -0.065895 0.118062 -0.016218 0.990685
0.118456 -0.079032 0.982306 -0.061282 0.116782 -0.016453 0.991129
0.118354 -0.079079 0.981464 -0.063411 0.116238 -0.016281 0.991061
0.118246 -0.079157 0.980608 -0.067391 0.118374 -0.016095 0.990549
0.118525 -0.079426 0.982758 -0.061799 0.114766 -0.016611 0.991329
0.118251 -0.079499 0.980834 -0.059246 0.119503 -0.016740 0.990923
0.118155 -0.079480 0.979723 -0.065004 0.120837 -0.016303 0.990408
0.118360 -0.079647 0.981049 -0.063257 0.118405 -0.016307 0.990814
0.118381 -0.079667 0.980986 -0.063876 0.116801 -0.016125 0.990968
0.118369 -0.079669 0.980741 -0.066172 0.116634 -0.016159 0.990836
0.118434 -0.079665 0.980851 -0.065475 0.118003 -0.016097 0.990722
0.118401 -0.079635 0.980583 -0.066444 0.118178 -0.015963 0.990638
0.118430 -0.079666 0.980855 -0.065284 0.116952 -0.016016 0.990860
0.118380 -0.079645 0.980991 -0.065419 0.116136 -0.016074 0.990946
0.118315 -0.079788 0.980620 -0.065575 0.118396 -0.016079 0.990668
0.118235 -0.079856 0.980344 -0.066585 0.115572 -0.015741 0.990940
0.118283 -0.079746 0.980976 -0.067621 0.117304 -0.015537 0.990669
0.117974 -0.079678 0.979896 -0.070059 0.118389 -0.015529 0.990371
0.117926 -0.079688 0.980709 -0.068314 0.122067 -0.015618 0.990045
0.117795 -0.079679 0.980745 -0.067531 0.118020 -0.015729 0.990587
0.117798 -0.079696 0.980819 -0.067216 0.117587 -0.015810 0.990659
0.117849 -0.079736 0.981254 -0.065106 0.119496 -0.015955 0.990569
0.117850 -0.079739 0.981301 -0.064942 0.118870 -0.016008 0.990654
0.117836 -0.079722 0.981128 -0.065480 0.119786 -0.015977 0.990509
0.117810 -0.079728 0.981228 -0.065327 0.118149 -0.016064 0.990714
0.117785 -0.079713 0.980932 -0.065781 0.118719 -0.015934 0.990618
0.117733 -0.079696 0.980701 -0.065523 0.118832 -0.015929 0.990622
0.117756 -0.079673 0.980893 -0.064791 0.119528 -0.016034 0.990585
0.117829 -0.079716 0.981522 -0.063849 0.118642 -0.016155 0.990750
0.117748 -0.079625 0.981000 -0.065236 0.118537 -0.016113 0.990673
0.117767 -0.079668 0.981304 -0.063394 0.117664 -0.016237 0.990895
0.117683 -0.079657 0.981240 -0.064481 0.116041 -0.016441 0.991013
0.117628 -0.079720 0.981672 -0.063508 0.117637 -0.016368 0.990889
0.117555 -0.079643 0.981450 -0.061113 0.116902 -0.015999 0.991132
0.117364 -0.079438 0.980726 -0.063699 0.118412 -0.015930 0.990791
0.117007 -0.079723 0.978282 -0.067083 0.118540 -0.015957 0.990552
0.116973 -0.080027 0.978054 -0.061727 0.118631 -0.015895 0.990890
0.116444 -0.080039 0.975426 -0.064103 0.119450 -0.016436 0.990632
0.116207 -0.080131 0.973991 -0.063856 0.120574 -0.016117 0.990517
0.115899 -0.080300 0.973045 -0.061875 0.116736 -0.016423 0.991098
0.115942 -0.080597 0.973744 -0.063456 0.116931 -0.016076 0.990980
0.115489 -0.080644 0.971366 -0.064578 0.118301 -0.015777 0.990750
0.115174 -0.080661 0.969724 -0.066217 0.118092 -0.015785 0.990667
0.115104 -0.080860 0.969620 -0.062889 0.123788 -0.015666 0.990190
0.114748 -0.080832 0.967536 -0.068106 0.120321 -0.015326 0.990277
0.114569 -0.080947 0.967278 -0.065471 0.115112 -0.016203 0.991060
0.114544 -0.081190 0.967369 -0.064370 0.120246 -0.015655 0.990531
0.114124 -0.081219 0.965303 -0.064995 0.120577 -0.015803 0.990448
0.113772 -0.081384 0.964079 -0.068340 0.120660 -0.015197 0.990222
0.113438 -0.081291 0.962756 -0.061892 0.119457 -0.015902 0.990781
0.112889 -0.080733 0.960732 -0.065962 0.121828 -0.015684 0.990233
0.112460 -0.080936 0.958726 -0.065635 0.121480 -0.015544 0.990299
0.111802 -0.080848 0.956524 -0.071245 0.120278 -0.015777 0.990055
0.111274 -0.080677 0.954704 -0.070683 0.122182 -0.015370 0.989868
0.110761 -0.080811 0.952790 -0.066167 0.115513 -0.015519 0.990978
0.109923 -0.081078 0.949827 -0.068766 0.123310 -0.015020 0.989869
0.108890 -0.081595 0.946209 -0.064910 0.121764 -0.015637 0.990311
0.107758 -0.082368 0.942443 -0.062174 0.121950 -0.015700 0.990463
0.106555 -0.082826 0.937826 -0.064855 0.122942 -0.015172 0.990176
0.105095 -0.083185 0.931809 -0.066515 0.120143 -0.015276 0.990408
0.104227 -0.083868 0.929737 -0.058745 0.119945 -0.015582 0.990918
0.102950 -0.084305 0.924213 -0.063327 0.117288 -0.015313 0.990958
0.102144 -0.084793 0.921492 -0.060787 0.122787 -0.015563 0.990447
0.101173 -0.085374 0.918522 -0.059933 0.121715 -0.015928 0.990626
0.100047 -0.085598 0.912749 -0.065657 0.125892 -0.015378 0.989749
0.099050 -0.086203 0.909593 -0.060726 0.122382 -0.015356 0.990505
0.098295 -0.086753 0.907665 -0.057935 0.124420 -0.015386 0.990417
0.096935 -0.086972 0.900974 -0.060915 0.125457 -0.015332 0.990108
0.096130 -0.087657 0.899036 -0.060265 0.122967 -0.015225 0.990462
0.095000 -0.088062 0.894301 -0.058879 0.124304 -0.015844 0.990369
0.094043 -0.088520 0.890068 -0.063131 0.122560 -0.014885 0.990339
0.092981 -0.088985 0.886058 -0.061983 0.124152 -0.015448 0.990205
0.092343 -0.089610 0.882785 -0.058772 0.118561 -0.014983 0.991093
0.091767 -0.090170 0.879438 -0.057893 0.127582 -0.014838 0.990026
0.090406 -0.090422 0.873550 -0.064898 0.122322 -0.015428 0.990246
0.089480 -0.091143 0.870674 -0.061359 0.118735 -0.014945 0.990916
0.088375 -0.091571 0.866292 -0.062724 0.120901 -0.015295 0.990563
0.087472 -0.092171 0.862381 -0.059529 0.121842 -0.014865 0.990651
0.086378 -0.092717 0.858458 -0.057201 0.119700 -0.015447 0.991041
0.085235 -0.093069 0.853298 -0.058240 0.122816 -0.015190 0.990603
0.084399 -0.093710 0.850838 -0.051562 0.123161 -0.014532 0.990940
0.083246 -0.093526 0.846004 -0.058162 0.124772 -0.014917 0.990367
0.082266 -0.093971 0.842265 -0.057828 0.125015 -0.014410 0.990363
0.081419 -0.094378 0.839087 -0.061377 0.122039 -0.014853 0.990514
0.080599 -0.094931 0.836651 -0.055841 0.122254 -0.014928 0.990814
0.079635 -0.095188 0.832420 -0.059915 0.120497 -0.015131 0.990788
0.078869 -0.095689 0.829713 -0.055254 0.120962 -0.014730 0.991009
0.077946 -0.095938 0.825371 -0.060896 0.122768 -0.014741 0.990456
0.077489 -0.096613 0.824606 -0.053225 0.123193 -0.014788 0.990844
0.076903 -0.096937 0.822211 -0.054910 0.126482 -0.015066 0.990333
0.076274 -0.097276 0.819285 -0.055303 0.125523 -0.014663 0.990440
0.075769 -0.097524 0.817260 -0.057534 0.128246 -0.014942 0.989959
0.075203 -0.097751 0.814982 -0.060375 0.124996 -0.014678 0.990210
0.074753 -0.098181 0.813603 -0.056976 0.123348 -0.014179 0.990625
0.074059 -0.098481 0.811096 -0.057909 0.124284 -0.014840 0.990444
0.073417 -0.098898 0.808597 -0.057392 0.124366 -0.014333 0.990472
0.072725 -0.099425 0.806516 -0.051675 0.125460 -0.014466 0.990646
0.071946 -0.099785 0.803152 -0.058361 0.119914 -0.014456 0.990962
0.071029 -0.100183 0.799274 -0.056332 0.121882 -0.014494 0.990839
0.070014 -0.100489 0.794531 -0.061232 0.124952 -0.014619 0.990164
0.069341 -0.101347 0.792800 -0.050469 0.123472 -0.013297 0.990975
0.068153 -0.101604 0.787538 -0.059725 0.121874 -0.014216 0.990645
0.067206 -0.102041 0.783795 -0.059379 0.128451 -0.014276 0.989834
0.066300 -0.102862 0.781148 -0.051990 0.121163 -0.013668 0.991176
0.065106 -0.103227 0.775810 -0.057400 0.121512 -0.014065 0.990829
0.063922 -0.103568 0.770415 -0.060696 0.130539 -0.014514 0.989477
0.062930 -0.104286 0.767311 -0.059086 0.123525 -0.014153 0.990480
0.061811 -0.104871 0.762904 -0.056451 0.122267 -0.013934 0.990793
0.060599 -0.105267 0.757661 -0.056171 0.125672 -0.013852 0.990384
0.059544 -0.105858 0.754227 -0.054569 0.124955 -0.014189 0.990559
0.058557 -0.106240 0.749808 -0.055836 0.128265 -0.013810 0.990071
0.057689 -0.106880 0.747193 -0.054516 0.125380 -0.013719 0.990515
0.056743 -0.107111 0.742826 -0.057074 0.125626 -0.013709 0.990340
0.055932 -0.107662 0.739587 -0.055014 0.124915 -0.014177 0.990540
0.055167 -0.108007 0.736604 -0.055946 0.126146 -0.013720 0.990338
0.054411 -0.108364 0.733347 -0.056802 0.126149 -0.013539 0.990291
0.053599 -0.108641 0.730160 -0.058110 0.124765 -0.013439 0.990392
0.052816 -0.109129 0.727827 -0.055976 0.124983 -0.013957 0.990480
0.052020 -0.109632 0.724587 -0.052890 0.126470 -0.013665 0.990465
0.051226 -0.109939 0.721275 -0.057835 0.126731 -0.013589 0.990156
0.050403 -0.110220 0.717889 -0.057706 0.130730 -0.013537 0.989645
0.049618 -0.110628 0.714982 -0.055516 0.127597 -0.013479 0.990179
0.048860 -0.110940 0.712223 -0.057118 0.126699 -0.013752 0.990200
0.048081 -0.111181 0.708581 -0.056475 0.129345 -0.013568 0.989897
0.047431 -0.111617 0.706783 -0.057474 0.124448 -0.013390 0.990470
0.046722 -0.111862 0.703426 -0.057012 0.127398 -0.013719 0.990117
0.046037 -0.112325 0.701443 -0.051925 0.125501 -0.013356 0.990644
0.045237 -0.112387 0.697554 -0.058373 0.128421 -0.013715 0.989905
0.044663 -0.112939 0.696047 -0.051461 0.127763 -0.013496 0.990377
0.043883 -0.113171 0.692996 -0.055577 0.124978 -0.013685 0.990507
0.043170 -0.113453 0.690166 -0.055419 0.127515 -0.013566 0.990194
0.042406 -0.113619 0.686919 -0.056186 0.127025 -0.013566 0.990214
0.041583 -0.113496 0.683116 -0.060014 0.133111 -0.013754 0.989187
0.041016 -0.114273 0.682431 -0.052166 0.125932 -0.013450 0.990575
0.040282 -0.114250 0.678514 -0.058630 0.129290 -0.013798 0.989776
0.039735 -0.114789 0.676862 -0.053860 0.128289 -0.013208 0.990185
0.039040 -0.114875 0.673924 -0.058333 0.127669 -0.013660 0.990006
0.038403 -0.115293 0.671930 -0.055543 0.127902 -0.013476 0.990139
0.037722 -0.115515 0.669310 -0.056183 0.128172 -0.013584 0.990066
0.037116 -0.115772 0.666549 -0.056872 0.128446 -0.013416 0.989994
0.036513 -0.116113 0.664705 -0.055001 0.127559 -0.013654 0.990211
0.035915 -0.116406 0.662419 -0.054720 0.125968 -0.013521 0.990432
0.035321 -0.116577 0.659610 -0.056801 0.126981 -0.013374 0.990187
0.034703 -0.116866 0.657429 -0.056136 0.127894 -0.013273 0.990109
0.034103 -0.117324 0.655976 -0.053095 0.126081 -0.013362 0.990508
0.033471 -0.117397 0.652661 -0.056348 0.125277 -0.013374 0.990430
0.032929 -0.117734 0.650732 -0.056355 0.127190 -0.012922 0.990192
0.032242 -0.117952 0.647974 -0.054359 0.126112 -0.013219 0.990437
0.031670 -0.118283 0.645781 -0.056675 0.126680 -0.013305 0.990234
0.031074 -0.118842 0.643672 -0.056198 0.126733 -0.013181 0.990256
0.030410 -0.119144 0.641351 -0.054536 0.126626 -0.013151 0.990363
0.029746 -0.119284 0.638300 -0.056557 0.129134 -0.013426 0.989922
0.029130 -0.119663 0.636172 -0.053172 0.126628 -0.012944 0.990440
0.028439 -0.119811 0.633344 -0.055732 0.125725 -0.013331 0.990409
0.027825 -0.120078 0.631131 -0.054815 0.129078 -0.013252 0.990030
0.027242 -0.120361 0.629005 -0.054255 0.124214 -0.013057 0.990685
0.026638 -0.120479 0.626287 -0.055602 0.129181 -0.013520 0.989969
0.026159 -0.120885 0.625083 -0.052690 0.126163 -0.012927 0.990525
0.025634 -0.120943 0.622579 -0.054709 0.127278 -0.013281 0.990268
0.025231 -0.121299 0.621501 -0.052300 0.125738 -0.013214 0.990596
0.024856 -0.121435 0.619717 -0.052679 0.128064 -0.012990 0.990281
0.024422 -0.121690 0.618391 -0.053963 0.125889 -0.012985 0.990490
0.023981 -0.121791 0.616019 -0.052080 0.129411 -0.012810 0.990140
0.023519 -0.122114 0.615004 -0.053762 0.127377 -0.013264 0.990307
0.022967 -0.122204 0.612206 -0.052758 0.129125 -0.013312 0.990134
0.022452 -0.122449 0.610183 -0.053775 0.126436 -0.012778 0.990434
0.021844 -0.122816 0.608427 -0.052341 0.125571 -0.012601 0.990623
0.021228 -0.122876 0.605018 -0.055875 0.126735 -0.013165 0.990274
0.020613 -0.123262 0.603287 -0.053962 0.127893 -0.012671 0.990238
0.019943 -0.123712 0.601420 -0.051846 0.124703 -0.012486 0.990760
0.019289 -0.123618 0.597485 -0.055781 0.129174 -0.012756 0.989970
0.018660 -0.123923 0.595025 -0.055266 0.129486 -0.012883 0.989956
0.018090 -0.124425 0.593873 -0.051586 0.124276 -0.012778 0.990823
0.017512 -0.124629 0.591105 -0.051899 0.126783 -0.012480 0.990493
0.016894 -0.124886 0.589000 -0.052235 0.127088 -0.012637 0.990435
0.016301 -0.125081 0.586361 -0.052071 0.126114 -0.012344 0.990571
0.015733 -0.125388 0.584648 -0.052926 0.125738 -0.012629 0.990570
0.015187 -0.125430 0.581586 -0.053475 0.127823 -0.012516 0.990275
0.014628 -0.125750 0.580063 -0.051871 0.125355 -0.012556 0.990675
0.014119 -0.125933 0.578089 -0.052639 0.125908 -0.012836 0.990561
0.013656 -0.126020 0.575849 -0.052179 0.128906 -0.012499 0.990204
0.013204 -0.126336 0.574554 -0.051040 0.127809 -0.012583 0.990405
0.012787 -0.126373 0.572489 -0.053280 0.128198 -0.012552 0.990237
0.012338 -0.126587 0.570812 -0.050939 0.128431 -0.012418 0.990332
0.011903 -0.126706 0.569258 -0.053534 0.127978 -0.013016 0.990246
0.011515 -0.127016 0.567758 -0.049817 0.127616 -0.012303 0.990495
0.011051 -0.127045 0.565922 -0.053526 0.128061 -0.012797 0.990238
0.010690 -0.127136 0.564446 -0.050649 0.127268 -0.012493 0.990496
0.010293 -0.127313 0.563434 -0.050200 0.128134 -0.012404 0.990408
0.009937 -0.127375 0.561790 -0.051297 0.128240 -0.012429 0.990338
0.009661 -0.127536 0.560763 -0.050947 0.128163 -0.012461 0.990365
0.009302 -0.127601 0.559260 -0.050803 0.127892 -0.012516 0.990407
0.009037 -0.127832 0.558680 -0.049227 0.126609 -0.012487 0.990652
0.008772 -0.127823 0.557003 -0.049428 0.128086 -0.012577 0.990451
0.008483 -0.127904 0.556103 -0.051916 0.127849 -0.012452 0.990356
0.008173 -0.128114 0.554982 -0.049447 0.125788 -0.012440 0.990746
0.007910 -0.128214 0.553897 -0.050721 0.127277 -0.012552 0.990490
0.007547 -0.128279 0.552085 -0.051431 0.127722 -0.012388 0.990398
0.007215 -0.128570 0.551286 -0.049500 0.127638 -0.012136 0.990511
0.006784 -0.128548 0.549083 -0.051924 0.127631 -0.012514 0.990383
0.006445 -0.128938 0.548299 -0.048690 0.126655 -0.012528 0.990672
0.006526 -0.128906 0.546989 -0.047412 0.126908 -0.012853 0.990697
0.006724 -0.128926 0.547448 -0.047717 0.129297 -0.012463 0.990379
0.006697 -0.128825 0.547784 -0.049713 0.127470 -0.012434 0.990518
0.006662 -0.128973 0.548401 -0.048719 0.127190 -0.012535 0.990602
0.006759 -0.128907 0.547366 -0.048606 0.126508 -0.012553 0.990695
0.006817 -0.129105 0.547860 -0.048521 0.126326 -0.012388 0.990724
0.006779 -0.129166 0.547600 -0.049417 0.127098 -0.012390 0.990581
0.006731 -0.129292 0.547584 -0.047963 0.126641 -0.012500 0.990709
0.006774 -0.129322 0.547315 -0.047869 0.127161 -0.012443 0.990648
0.006778 -0.129327 0.547418 -0.048436 0.127307 -0.012377 0.990603
0.006757 -0.129293 0.547361 -0.047970 0.127534 -0.012233 0.990598
0.006727 -0.129057 0.547042 -0.048873 0.129039 -0.012500 0.990356
0.006662 -0.128889 0.546667 -0.048853 0.129910 -0.012405 0.990244
0.006552 -0.128884 0.547518 -0.048583 0.127271 -0.012423 0.990600
0.006515 -0.128701 0.547357 -0.047966 0.127948 -0.012544 0.990541
0.006508 -0.128678 0.548337 -0.046865 0.127583 -0.012206 0.990645
0.006413 -0.128539 0.548463 -0.047269 0.128205 -0.012275 0.990545
0.006427 -0.128379 0.548821 -0.047340 0.129688 -0.012429 0.990346
0.006492 -0.128381 0.549337 -0.045635 0.128570 -0.012533 0.990571
0.006621 -0.128304 0.550227 -0.047800 0.127646 -0.012630 0.990587
0.006841 -0.128245 0.551105 -0.045367 0.127479 -0.012468 0.990725
0.007026 -0.127998 0.551592 -0.045303 0.130698 -0.012487 0.990308
0.007248 -0.127757 0.553161 -0.047705 0.127751 -0.012770 0.990576
0.007623 -0.127718 0.555072 -0.044183 0.127976 -0.012883 0.990709
0.008114 -0.127342 0.556361 -0.047791 0.128694 -0.013122 0.990445
0.008672 -0.127322 0.559098 -0.046175 0.126923 -0.012856 0.990754
0.009240 -0.127016 0.560790 -0.046027 0.129059 -0.012968 0.990483
0.009822 -0.126822 0.563479 -0.045276 0.128205 -0.012988 0.990629
0.010495 -0.126576 0.565831 -0.047427 0.128160 -0.013197 0.990531
0.011125 -0.126364 0.568292 -0.046657 0.127410 -0.013058 0.990666
0.011671 -0.126148 0.570530 -0.044957 0.126798 -0.012966 0.990824
0.012252 -0.125849 0.572576 -0.047071 0.128454 -0.013241 0.990509
0.012864 -0.125767 0.575180 -0.046679 0.127350 -0.012800 0.990676
0.013359 -0.125493 0.577118 -0.047593 0.126682 -0.013255 0.990712
0.013938 -0.125330 0.579334 -0.045863 0.128012 -0.013205 0.990624
0.014502 -0.125065 0.581298 -0.047102 0.127023 -0.013459 0.990689
0.015069 -0.124916 0.583579 -0.046504 0.125846 -0.013319 0.990870
0.015633 -0.124574 0.585535 -0.048061 0.128042 -0.013347 0.990514
0.016227 -0.124382 0.587799 -0.048390 0.126790 -0.013218 0.990660
0.016864 -0.124166 0.590031 -0.047401 0.127119 -0.013044 0.990668
0.017520 -0.123951 0.592240 -0.047976 0.128589 -0.013439 0.990446
0.018067 -0.123574 0.594339 -0.048522 0.129947 -0.013534 0.990240
0.018685 -0.123570 0.597502 -0.045469 0.124917 -0.013274 0.991036
0.019343 -0.123183 0.599450 -0.047476 0.127833 -0.013566 0.990566
0.019970 -0.122886 0.601617 -0.048606 0.128663 -0.013205 0.990408
0.020564 -0.122786 0.604794 -0.047141 0.123793 -0.013292 0.991099
0.021160 -0.122332 0.606253 -0.048586 0.128405 -0.013609 0.990437
0.021792 -0.122010 0.608344 -0.050611 0.127855 -0.013274 0.990412
0.022374 -0.121816 0.611009 -0.048694 0.125898 -0.013280 0.990758
0.022962 -0.121553 0.613275 -0.048248 0.128833 -0.013668 0.990398
0.023625 -0.121233 0.615568 -0.047557 0.129880 -0.013414 0.990298
0.024255 -0.121109 0.618937 -0.048611 0.124923 -0.013640 0.990881
0.024942 -0.120768 0.621195 -0.047254 0.125352 -0.013501 0.990894
0.025624 -0.120351 0.623534 -0.049494 0.130298 -0.013922 0.990141
0.026326 -0.120009 0.626214 -0.050005 0.127641 -0.013839 0.990462
0.027099 -0.119896 0.629762 -0.046671 0.124884 -0.013510 0.990981
0.027812 -0.119457 0.632076 -0.049615 0.126227 -0.013874 0.990663
0.028569 -0.119074 0.634479 -0.050006 0.128603 -0.013863 0.990338
0.029332 -0.118815 0.637698 -0.051182 0.127286 -0.013878 0.990448
0.030077 -0.118413 0.640916 -0.050301 0.125504 -0.013665 0.990723
0.030779 -0.117956 0.643447 -0.050208 0.127130 -0.013799 0.990518
0.031531 -0.117562 0.646281 -0.052335 0.126599 -0.014200 0.990471
0.032405 -0.117374 0.649880 -0.048621 0.127078 -0.013910 0.990603
0.033187 -0.116922 0.652492 -0.051542 0.126346 -0.014054 0.990547
0.034054 -0.116699 0.656169 -0.050194 0.125748 -0.013809 0.990695
0.034890 -0.116343 0.659609 -0.050434 0.125258 -0.013893 0.990744
0.035796 -0.115929 0.662668 -0.051843 0.128302 -0.014135 0.990278
0.036688 -0.115681 0.666491 -0.050560 0.127227 -0.014146 0.990483
0.037523 -0.115238 0.669085 -0.051034 0.128164 -0.013776 0.990343
0.038424 -0.114944 0.673092 -0.051759 0.127479 -0.014148 0.990389
0.039262 -0.114415 0.676026 -0.055231 0.128479 -0.014623 0.990065
0.040246 -0.114229 0.680674 -0.051236 0.125973 -0.014398 0.990605
0.041240 -0.113908 0.684047 -0.046201 0.126167 -0.013783 0.990837
0.042022 -0.113208 0.686659 -0.051546 0.129765 -0.014543 0.990097
0.042998 -0.112793 0.690158 -0.052973 0.126155 -0.014541 0.990488
0.043996 -0.112641 0.695073 -0.050196 0.124438 -0.014320 0.990853
0.044851 -0.112011 0.697001 -0.054065 0.129250 -0.014345 0.990033
0.045710 -0.111770 0.700986 -0.049791 0.126972 -0.014174 0.990554
0.046546 -0.111205 0.703626 -0.054101 0.127816 -0.014385 0.990217
0.047459 -0.110925 0.708074 -0.052493 0.124939 -0.014469 0.990669
0.048433 -0.110470 0.711496 -0.050593 0.125714 -0.014298 0.990672
0.049497 -0.110102 0.716166 -0.049685 0.125395 -0.014315 0.990759
0.050562 -0.109497 0.719210 -0.051079 0.128004 -0.014129 0.990357
0.051706 -0.108996 0.723825 -0.052881 0.126583 -0.014335 0.990442
0.052942 -0.108572 0.728741 -0.051721 0.127093 -0.014303 0.990438
0.054142 -0.108054 0.733521 -0.050384 0.127324 -0.014260 0.990478
0.055469 -0.107480 0.738481 -0.051730 0.126900 -0.013928 0.990468
0.056761 -0.107011 0.744012 -0.051075 0.123983 -0.014333 0.990865
0.058047 -0.106378 0.748428 -0.052776 0.128199 -0.014501 0.990237
0.059188 -0.105745 0.752820 -0.053798 0.129125 -0.014635 0.990060
0.060430 -0.105203 0.757761 -0.055047 0.125407 -0.014689 0.990468
0.061557 -0.104621 0.762434 -0.057360 0.123139 -0.014400 0.990626
0.062743 -0.104009 0.766240 -0.054455 0.126139 -0.014470 0.990411
0.063982 -0.103562 0.771605 -0.052578 0.124250 -0.014234 0.990755
0.065287 -0.103178 0.777519 -0.049693 0.118517 -0.014489 0.991602
0.066334 -0.102290 0.780226 -0.054795 0.124535 -0.014697 0.990592
0.067442 -0.101616 0.783958 -0.060697 0.125783 -0.014826 0.990088
0.068792 -0.101402 0.790350 -0.051079 0.122418 -0.014376 0.991059
0.070026 -0.100867 0.794936 -0.047288 0.124723 -0.014277 0.990961
0.071009 -0.100064 0.798614 -0.059047 0.126193 -0.015144 0.990131
0.071947 -0.099422 0.801247 -0.055002 0.128369 -0.014599 0.990092
0.073154 -0.099147 0.806995 -0.051739 0.121074 -0.014589 0.991187
0.074182 -0.098508 0.809993 -0.054089 0.126082 -0.014650 0.990436
0.075027 -0.097853 0.813097 -0.058570 0.123153 -0.014915 0.990546
0.075989 -0.097233 0.816725 -0.059302 0.126237 -0.014627 0.990118
0.077140 -0.096860 0.822174 -0.050416 0.123189 -0.014846 0.990991
0.078342 -0.096207 0.826388 -0.052004 0.121113 -0.015001 0.991162
0.079490 -0.095520 0.830153 -0.055708 0.125072 -0.014660 0.990474
0.080723 -0.095003 0.835136 -0.057093 0.124908 -0.014627 0.990416
0.081861 -0.094429 0.839457 -0.056473 0.123466 -0.014924 0.990628
0.083084 -0.093878 0.843950 -0.056655 0.121416 -0.014876 0.990872
0.084160 -0.093197 0.847538 -0.056671 0.126977 -0.015202 0.990169
0.085431 -0.092788 0.852483 -0.053136 0.123894 -0.015309 0.990753
0.086424 -0.092072 0.855815 -0.061150 0.120891 -0.014927 0.990668
0.087756 -0.091610 0.861057 -0.060631 0.124997 -0.015084 0.990188
0.088783 -0.091121 0.865017 -0.056148 0.125781 -0.015214 0.990351
0.089922 -0.090617 0.869402 -0.058143 0.125974 -0.015000 0.990215
0.090920 -0.090126 0.873174 -0.058692 0.123608 -0.014608 0.990486
0.091815 -0.089589 0.876246 -0.059864 0.124398 -0.015475 0.990304
0.092826 -0.089247 0.880492 -0.059800 0.121783 -0.015067 0.990639
0.093781 -0.089022 0.884661 -0.054431 0.123486 -0.015292 0.990734
0.094453 -0.088705 0.887436 -0.055941 0.119737 -0.015220 0.991111
0.095052 -0.088346 0.889887 -0.059833 0.115979 -0.015550 0.991326
0.095589 -0.088100 0.892064 -0.060356 0.116780 -0.015653 0.991199
0.096051 -0.087807 0.892771 -0.060119 0.118106 -0.015158 0.991064
0.096615 -0.087714 0.895735 -0.056770 0.122057 -0.015249 0.990781
0.096892 -0.087459 0.896644 -0.058585 0.125236 -0.015283 0.990278
0.097251 -0.087384 0.898409 -0.058464 0.116674 -0.015419 0.991328
0.097477 -0.087233 0.899025 -0.060005 0.119540 -0.015178 0.990898
0.097653 -0.087068 0.899406 -0.063382 0.123665 -0.015220 0.990181
0.097830 -0.086983 0.900158 -0.061212 0.120715 -0.015130 0.990683
0.098040 -0.086952 0.901061 -0.058379 0.121108 -0.015141 0.990805
0.098069 -0.086739 0.900212 -0.061822 0.121402 -0.014950 0.990564
0.098352 -0.086690 0.901839 -0.058891 0.121761 -0.015350 0.990692
0.098587 -0.086603 0.902887 -0.058739 0.120080 -0.015645 0.990901
0.098831 -0.086379 0.903718 -0.063667 0.120381 -0.015347 0.990565
0.099176 -0.086275 0.905045 -0.061513 0.121923 -0.015287 0.990514
0.099519 -0.086097 0.906191 -0.062840 0.121731 -0.015073 0.990457
0.100060 -0.086020 0.908622 -0.060805 0.121398 -0.015050 0.990625
0.100325 -0.085860 0.909707 -0.059356 0.119657 -0.015402 0.990920
0.100789 -0.085720 0.911502 -0.058727 0.120306 -0.015284 0.990880
0.101230 -0.085561 0.913823 -0.058305 0.120741 -0.015558 0.990848
0.101471 -0.085336 0.914029 -0.057929 0.118983 -0.015419 0.991085
0.101808 -0.085043 0.915097 -0.060423 0.124094 -0.015734 0.990304
0.102180 -0.084766 0.915961 -0.066211 0.120331 -0.014887 0.990412
0.102786 -0.084731 0.919303 -0.059660 0.116136 -0.015433 0.991320
0.103343 -0.084469 0.921497 -0.058507 0.117545 -0.015294 0.991225
0.103886 -0.084159 0.923407 -0.058533 0.120094 -0.015323 0.990917
0.104328 -0.083677 0.924368 -0.063114 0.123614 -0.015996 0.990192
0.105138 -0.083513 0.928339 -0.063120 0.111327 -0.015321 0.991659
0.105809 -0.083126 0.930541 -0.063767 0.118521 -0.015076 0.990787
0.106337 -0.082727 0.932229 -0.066261 0.119858 -0.015724 0.990453
0.107075 -0.082511 0.935410 -0.067614 0.116412 -0.015402 0.990777
0.107810 -0.082369 0.938754 -0.063587 0.113973 -0.015418 0.991327
0.108299 -0.082038 0.939948 -0.062878 0.118949 -0.015451 0.990787
0.108836 -0.081771 0.941586 -0.062054 0.122883 -0.014852 0.990368
0.109385 -0.081533 0.944346 -0.064309 0.116692 -0.015517 0.990962
0.109862 -0.081252 0.945644 -0.062166 0.120955 -0.015271 0.990592
0.110421 -0.080976 0.947958 -0.063728 0.121921 -0.015695 0.990367
0.110845 -0.080670 0.949215 -0.064428 0.119464 -0.015446 0.990625
0.111389 -0.080378 0.951252 -0.068229 0.120546 -0.015466 0.990239
0.112123 -0.080315 0.955314 -0.063015 0.116972 -0.015621 0.991011
0.112502 -0.080016 0.956412 -0.063328 0.118154 -0.015148 0.990858
0.113076 -0.079894 0.959025 -0.060249 0.119318 -0.015336 0.990908
0.113510 -0.079375 0.959887 -0.067882 0.120720 -0.015609 0.990240
0.114487 -0.079008 0.963546 -0.064504 0.120552 -0.015451 0.990489
0.115382 -0.078512 0.967305 -0.066381 0.119582 -0.016233 0.990470
0.116723 -0.078171 0.972176 -0.065355 0.121312 -0.015733 0.990336
0.117296 -0.077765 0.973945 -0.066686 0.119524 -0.015425 0.990469
0.117801 -0.077541 0.976415 -0.065767 0.114939 -0.015771 0.991068
0.118088 -0.077334 0.977305 -0.066144 0.119475 -0.015720 0.990507
0.118200 -0.077202 0.977433 -0.065053 0.120095 -0.015805 0.990503
0.118535 -0.077122 0.978909 -0.063780 0.121456 -0.015556 0.990423
0.118734 -0.076956 0.979645 -0.065107 0.118732 -0.015730 0.990665
0.119016 -0.076730 0.980158 -0.067484 0.119055 -0.015102 0.990477
0.119064 -0.076732 0.980488 -0.066569 0.118390 -0.015249 0.990616
0.119071 -0.076722 0.980502 -0.067012 0.117948 -0.015260 0.990639
0.119064 -0.076742 0.980384 -0.066196 0.119398 -0.015376 0.990518
0.119055 -0.076762 0.980351 -0.065829 0.118675 -0.015402 0.990629
0.119046 -0.076798 0.980211 -0.065741 0.118957 -0.015304 0.990602
0.119149 -0.076952 0.980900 -0.064451 0.119929 -0.015419 0.990568
0.119105 -0.076940 0.980582 -0.065420 0.118732 -0.015290 0.990651
0.119164 -0.076977 0.980996 -0.064590 0.119070 -0.015337 0.990664
0.119203 -0.077011 0.981387 -0.062688 0.119722 -0.015535 0.990705
0.119191 -0.077000 0.981265 -0.063673 0.119383 -0.015461 0.990684
0.119200 -0.077017 0.981409 -0.063005 0.119600 -0.015519 0.990699
0.119163 -0.076982 0.981131 -0.064495 0.119452 -0.015484 0.990622
0.119180 -0.076996 0.981263 -0.064023 0.119443 -0.015478 0.990654
0.119141 -0.076952 0.980906 -0.065775 0.120103 -0.015430 0.990460
0.119118 -0.076939 0.980792 -0.066404 0.119453 -0.015436 0.990496
0.119110 -0.076935 0.980708 -0.066458 0.119481 -0.015345 0.990491
0.119111 -0.076934 0.980742 -0.067100 0.118794 -0.015294 0.990531
0.119132 -0.076958 0.980870 -0.064563 0.119486 -0.015294 0.990616
0.119167 -0.076970 0.981069 -0.064243 0.120801 -0.015282 0.990478
0.119125 -0.076939 0.980731 -0.065192 0.120537 -0.015244 0.990449
0.119135 -0.076944 0.980895 -0.065891 0.119084 -0.015244 0.990578
0.119127 -0.076934 0.980779 -0.065006 0.119159 -0.015301 0.990627
0.119194 -0.076972 0.981295 -0.063895 0.120457 -0.015453 0.990540
0.119175 -0.076956 0.981159 -0.064412 0.119520 -0.015535 0.990618
0.119193 -0.076966 0.981248 -0.064030 0.120183 -0.015522 0.990563
0.119177 -0.076945 0.981077 -0.064964 0.119831 -0.015542 0.990545
0.119118 -0.076907 0.980650 -0.066192 0.119983 -0.015531 0.990445
0.119159 -0.076935 0.980937 -0.065139 0.120138 -0.015648 0.990494
0.119134 -0.076931 0.980824 -0.065209 0.119253 -0.015680 0.990596
0.119085 -0.076910 0.980184 -0.067338 0.119104 -0.015345 0.990477
0.119116 -0.076923 0.980470 -0.066952 0.119037 -0.015492 0.990509
0.119085 -0.076912 0.980165 -0.067535 0.119300 -0.015361 0.990440
0.119055 -0.076914 0.980465 -0.068048 0.116601 -0.015469 0.990724
0.119123 -0.076954 0.981145 -0.064050 0.117776 -0.015565 0.990850
0.119020 -0.076901 0.980921 -0.063907 0.116625 -0.015691 0.990994
0.118748 -0.076880 0.980722 -0.067823 0.121346 -0.015416 0.990170
0.118889 -0.076552 0.980898 -0.066131 0.118272 -0.015655 0.990653
0.118873 -0.076760 0.981218 -0.062595 0.117208 -0.015927 0.991005
0.118889 -0.076707 0.981427 -0.066469 0.116803 -0.016067 0.990798
0.118884 -0.076610 0.981672 -0.062796 0.120001 -0.016087 0.990655
0.118886 -0.076616 0.981709 -0.065906 0.120150 -0.015751 0.990440
0.118880 -0.076653 0.981744 -0.063229 0.117429 -0.016375 0.990931
0.118793 -0.076542 0.981427 -0.064246 0.117073 -0.016087 0.990912
0.118789 -0.076557 0.981331 -0.063836 0.117885 -0.016097 0.990843
0.118804 -0.076629 0.981259 -0.065649 0.117441 -0.016091 0.990777
0.118952 -0.076671 0.981140 -0.064531 0.118728 -0.016135 0.990696
0.119045 -0.076917 0.980146 -0.066396 0.119232 -0.015673 0.990520
0.119224 -0.077293 0.980881 -0.065253 0.117876 -0.015876 0.990755
0.119342 -0.077387 0.981117 -0.066550 0.118601 -0.016009 0.990580
0.119287 -0.077385 0.980914 -0.066089 0.116912 -0.015987 0.990812
0.119422 -0.077572 0.980346 -0.068608 0.121301 -0.015801 0.990116
0.119717 -0.077954 0.980801 -0.069130 0.118699 -0.015451 0.990400
0.119675 -0.078193 0.980946 -0.066264 0.121308 -0.015712 0.990276
0.119577 -0.078130 0.980158 -0.068566 0.123878 -0.015400 0.989806
0.119513 -0.078244 0.981292 -0.064652 0.122261 -0.015589 0.990267
0.119370 -0.078241 0.981053 -0.065277 0.117987 -0.015624 0.990744
0.119485 -0.078337 0.981048 -0.062276 0.118588 -0.015232 0.990872
0.119502 -0.078230 0.980617 -0.065951 0.120062 -0.015418 0.990453
0.119391 -0.078133 0.980134 -0.068297 0.121796 -0.015341 0.990084
0.119404 -0.078154 0.980266 -0.067242 0.121631 -0.015480 0.990174
0.119559 -0.078304 0.981445 -0.065778 0.117778 -0.015512 0.990738
0.119551 -0.078711 0.981846 -0.063940 0.119043 -0.015996 0.990699
0.119488 -0.078696 0.980473 -0.065516 0.122288 -0.015239 0.990213
0.119887 -0.078993 0.982375 -0.062403 0.118058 -0.015925 0.990916
0.119750 -0.079158 0.981261 -0.064842 0.116525 -0.015341 0.990950
0.119870 -0.079422 0.981232 -0.066615 0.119485 -0.015134 0.990483
0.119769 -0.079547 0.979862 -0.069661 0.120288 -0.015269 0.990174
0.120040 -0.079843 0.980709 -0.064868 0.117881 -0.015526 0.990785
0.120005 -0.079759 0.980395 -0.067200 0.118224 -0.015501 0.990589
0.120282 -0.079805 0.980717 -0.067478 0.119091 -0.015606 0.990465
0.120301 -0.079810 0.980654 -0.066517 0.116805 -0.015771 0.990799
0.120012 -0.079430 0.980663 -0.067769 0.118503 -0.015623 0.990515
0.119686 -0.079114 0.980996 -0.064575 0.117816 -0.015819 0.990807
0.119434 -0.078677 0.980296 -0.065615 0.118911 -0.015837 0.990608
0.119466 -0.078693 0.980855 -0.064563 0.118717 -0.015712 0.990702
0.119518 -0.078739 0.981147 -0.063368 0.120080 -0.015803 0.990614
