0.105472 -0.075776 0.969891 -0.073077 0.065361 -0.009123 0.995140
0.105470 -0.075770 0.969876 -0.073060 0.065740 -0.009109 0.995117
0.105506 -0.075783 0.970141 -0.072975 0.065899 -0.009148 0.995112
0.105506 -0.075770 0.970115 -0.073470 0.066480 -0.009128 0.995037
0.105495 -0.075773 0.970030 -0.073028 0.065609 -0.009113 0.995128
0.105500 -0.075765 0.970018 -0.073205 0.066593 -0.009050 0.995050
0.105511 -0.075795 0.970241 -0.071505 0.064165 -0.009190 0.995332
0.105591 -0.075830 0.970621 -0.069897 0.064499 -0.008734 0.995429
0.105422 -0.075340 0.969530 -0.070487 0.065891 -0.009131 0.995292
0.105591 -0.075338 0.970702 -0.070986 0.068601 -0.008842 0.995076
0.105224 -0.075243 0.968880 -0.076924 0.063413 -0.008257 0.994984
0.105113 -0.075414 0.969606 -0.074403 0.064711 -0.009055 0.995085
0.105260 -0.075674 0.970384 -0.071398 0.064461 -0.008880 0.995323
0.105198 -0.075638 0.969941 -0.072566 0.064789 -0.009076 0.995216
0.105230 -0.075713 0.970182 -0.071100 0.065548 -0.009207 0.995270
0.105201 -0.075854 0.969747 -0.071091 0.063583 -0.009145 0.995399
0.105172 -0.075860 0.969606 -0.070669 0.063727 -0.009335 0.995418
0.105148 -0.075840 0.969361 -0.071456 0.063850 -0.009184 0.995356
0.105156 -0.075854 0.969268 -0.073792 0.066563 -0.009162 0.995008
0.105130 -0.075867 0.969037 -0.074699 0.067575 -0.009208 0.994871
0.105159 -0.075860 0.969265 -0.073702 0.065792 -0.009149 0.995066
0.105191 -0.075894 0.969427 -0.072687 0.064137 -0.008928 0.995250
0.105281 -0.075962 0.970120 -0.071305 0.065657 -0.009299 0.995248
0.105261 -0.075969 0.969786 -0.071607 0.066425 -0.009158 0.995177
0.105278 -0.076029 0.969897 -0.071195 0.065767 -0.008993 0.995251
0.105270 -0.076040 0.969759 -0.072822 0.066541 -0.009039 0.995082
0.105198 -0.075993 0.969203 -0.073698 0.066277 -0.009011 0.995035
0.105061 -0.076040 0.969849 -0.073618 0.067205 -0.008462 0.994984
0.104843 -0.076056 0.969864 -0.071775 0.063083 -0.009109 0.995382
0.104808 -0.076124 0.970709 -0.068726 0.062961 -0.009473 0.995602
0.104747 -0.076063 0.971427 -0.065227 0.062588 -0.009437 0.995861
0.104662 -0.075935 0.970892 -0.069485 0.061885 -0.009201 0.995619
0.104636 -0.075885 0.970698 -0.071121 0.064201 -0.009197 0.995357
0.104649 -0.075888 0.970810 -0.070474 0.063871 -0.009211 0.995424
0.104646 -0.075864 0.970769 -0.069812 0.065075 -0.009323 0.995392
0.104416 -0.074823 0.969362 -0.070738 0.070799 -0.009897 0.994930
0.104485 -0.074661 0.970425 -0.072626 0.068915 -0.009269 0.994932
0.104316 -0.074612 0.969479 -0.073739 0.068504 -0.009063 0.994881
0.104225 -0.074586 0.969287 -0.074374 0.068516 -0.009343 0.994830
0.104211 -0.074608 0.969910 -0.070682 0.065703 -0.009619 0.995286
0.103971 -0.074454 0.968682 -0.075748 0.063908 -0.009644 0.995030
0.103772 -0.074668 0.967556 -0.076791 0.064378 -0.009625 0.994920
0.093796 -0.069892 0.886463 -0.162162 -0.051213 -0.002029 0.985432
0.103657 -0.075136 0.966007 -0.075822 0.064259 -0.008801 0.995010
0.103538 -0.075295 0.965048 -0.071982 0.066604 -0.009397 0.995135
0.103389 -0.075246 0.963677 -0.076580 0.066503 -0.008990 0.994802
0.103347 -0.075187 0.963290 -0.070721 0.067750 -0.009323 0.995149
0.103162 -0.075036 0.961780 -0.074611 0.069493 -0.009318 0.994745
0.103056 -0.075181 0.960670 -0.070753 0.068276 -0.009284 0.995111
0.103001 -0.075375 0.960176 -0.073695 0.067027 -0.009025 0.994985
0.102843 -0.075598 0.958848 -0.065877 0.064737 -0.009764 0.995678
0.102798 -0.075772 0.958265 -0.069797 0.066928 -0.009141 0.995272
0.102020 -0.075866 0.955126 -0.073356 0.060721 -0.009375 0.995411
0.101441 -0.075986 0.953121 -0.076611 0.062457 -0.009318 0.995059
0.101099 -0.076052 0.949946 -0.083637 0.067900 -0.008978 0.994140
0.100950 -0.076418 0.948856 -0.074073 0.062066 -0.009296 0.995276
0.100815 -0.076653 0.947342 -0.075909 0.065877 -0.009021 0.994895
0.100741 -0.076925 0.946958 -0.073486 0.067062 -0.009596 0.994993
0.100447 -0.077135 0.945574 -0.070940 0.065643 -0.009692 0.995271
0.099958 -0.077314 0.943756 -0.076344 0.070706 -0.009293 0.994528
0.099805 -0.077674 0.940744 -0.076392 0.067153 -0.008835 0.994775
0.099479 -0.078114 0.936731 -0.074659 0.068033 -0.009773 0.994838
0.099017 -0.078661 0.933112 -0.072105 0.064610 -0.009423 0.995257
0.098646 -0.079207 0.929236 -0.069426 0.068169 -0.009599 0.995209
0.097974 -0.079632 0.923799 -0.071988 0.061835 -0.009057 0.995446
0.097643 -0.079987 0.920621 -0.075898 0.074459 -0.009739 0.994284
0.097123 -0.080544 0.916246 -0.070060 0.052998 -0.008486 0.996098
0.096773 -0.080767 0.913537 -0.076499 0.074499 -0.010202 0.994230
0.096516 -0.081383 0.910988 -0.071922 0.066919 -0.009421 0.995118
0.096217 -0.081888 0.908374 -0.070884 0.056956 -0.008560 0.995820
0.095650 -0.082125 0.903313 -0.072759 0.078703 -0.010720 0.994182
0.095267 -0.082791 0.899984 -0.075076 0.046006 -0.007979 0.996084
0.094729 -0.083078 0.895020 -0.070815 0.077365 -0.010442 0.994430
0.094378 -0.083751 0.891629 -0.074561 0.056369 -0.008563 0.995585
0.093941 -0.084261 0.887453 -0.068414 0.069841 -0.009837 0.995161
0.093540 -0.084812 0.883957 -0.070452 0.069056 -0.009859 0.995073
0.092888 -0.085275 0.878155 -0.073561 0.059032 -0.009204 0.995499
0.092554 -0.085869 0.875155 -0.070528 0.068370 -0.010380 0.995110
0.092065 -0.086390 0.870505 -0.071109 0.063500 -0.009110 0.995404
0.091439 -0.086672 0.865676 -0.076377 0.066968 -0.009817 0.994779
0.091027 -0.087140 0.861818 -0.076173 0.062915 -0.009184 0.995065
0.090483 -0.087605 0.857010 -0.074993 0.063081 -0.009400 0.995142
0.090386 -0.088493 0.855546 -0.070353 0.070427 -0.009521 0.994987
0.089838 -0.088918 0.850929 -0.070728 0.063063 -0.009326 0.995456
0.089421 -0.089264 0.846868 -0.075410 0.066484 -0.008724 0.994895
0.089039 -0.089689 0.843776 -0.077066 0.064122 -0.008994 0.994921
0.088657 -0.089988 0.839900 -0.079120 0.069645 -0.009091 0.994388
0.088250 -0.090426 0.836289 -0.078015 0.065118 -0.009036 0.994782
0.087899 -0.090807 0.833103 -0.073574 0.064301 -0.009486 0.995169
0.087590 -0.091269 0.829989 -0.073885 0.063764 -0.009224 0.995183
0.087123 -0.091545 0.825471 -0.076344 0.064521 -0.009060 0.994951
0.086818 -0.092044 0.822884 -0.076125 0.063987 -0.009288 0.995000
0.086475 -0.092427 0.819461 -0.077799 0.063109 -0.008701 0.994932
0.086282 -0.092999 0.817593 -0.072941 0.064388 -0.008884 0.995216
0.085939 -0.093437 0.814422 -0.070052 0.063013 -0.009105 0.995510
0.085473 -0.093657 0.810124 -0.077356 0.067209 -0.009190 0.994693
0.085135 -0.094124 0.806952 -0.074441 0.060054 -0.008898 0.995376
0.084773 -0.094455 0.804567 -0.074932 0.065337 -0.009469 0.995001
0.084461 -0.094756 0.801869 -0.076069 0.063245 -0.008958 0.995054
0.084178 -0.095050 0.799559 -0.076187 0.061484 -0.008797 0.995157
0.083965 -0.095359 0.797945 -0.076096 0.066378 -0.009376 0.994844
0.083743 -0.095751 0.795991 -0.075262 0.063954 -0.009170 0.995069
0.083417 -0.096023 0.792581 -0.076446 0.064448 -0.008690 0.994951
0.083236 -0.096560 0.791197 -0.073520 0.069973 -0.009563 0.994790
0.082869 -0.096943 0.787779 -0.075783 0.064854 -0.009219 0.994970
0.082420 -0.097343 0.784130 -0.076505 0.069158 -0.009334 0.994624
0.082126 -0.097956 0.781422 -0.076694 0.058591 -0.008470 0.995296
0.081648 -0.098192 0.777377 -0.077552 0.079839 -0.010141 0.993735
0.081264 -0.098880 0.773546 -0.074732 0.053376 -0.008060 0.995741
0.080878 -0.099020 0.769664 -0.079891 0.079579 -0.009737 0.993574
0.080553 -0.099698 0.766670 -0.076110 0.064176 -0.008795 0.994993
0.080157 -0.100098 0.763249 -0.077329 0.064982 -0.009111 0.994844
0.079839 -0.100520 0.760350 -0.077366 0.068852 -0.009477 0.994577
0.079479 -0.101038 0.757148 -0.075339 0.064137 -0.009003 0.995053
0.079170 -0.101500 0.754231 -0.073621 0.069477 -0.009453 0.994818
0.078862 -0.101957 0.751114 -0.072615 0.071026 -0.009162 0.994786
0.078364 -0.102274 0.746711 -0.073587 0.065228 -0.009047 0.995112
0.078140 -0.102714 0.744373 -0.076643 0.069255 -0.009131 0.994609
0.077748 -0.103143 0.740749 -0.074513 0.064590 -0.008979 0.995086
0.077389 -0.103575 0.737522 -0.073910 0.066966 -0.009355 0.994970
0.077014 -0.103959 0.733834 -0.075009 0.066496 -0.009340 0.994919
0.076623 -0.104350 0.730046 -0.073393 0.070816 -0.009413 0.994741
0.076304 -0.104862 0.726859 -0.072867 0.067012 -0.008978 0.995047
0.075920 -0.105199 0.723205 -0.075262 0.068477 -0.009225 0.994767
0.075555 -0.105594 0.719638 -0.075239 0.068946 -0.009079 0.994738
0.075281 -0.106138 0.716878 -0.070639 0.067580 -0.009434 0.995165
0.074952 -0.106596 0.713531 -0.068577 0.067595 -0.009447 0.995308
0.074439 -0.106808 0.709025 -0.073708 0.069196 -0.009326 0.994833
0.074235 -0.107360 0.706507 -0.071807 0.066943 -0.009222 0.995127
0.073816 -0.107783 0.702977 -0.070507 0.070452 -0.009352 0.994976
0.073539 -0.108384 0.700330 -0.068032 0.066388 -0.009453 0.995427
0.073031 -0.108577 0.695447 -0.072221 0.065637 -0.009036 0.995186
0.072691 -0.109059 0.692498 -0.070836 0.067874 -0.009353 0.995132
0.072376 -0.109539 0.689356 -0.068498 0.066521 -0.009358 0.995387
0.072044 -0.109908 0.686083 -0.068551 0.069108 -0.009307 0.995208
0.071773 -0.110438 0.683539 -0.069409 0.061952 -0.008888 0.995623
0.071250 -0.110558 0.679225 -0.069140 0.069635 -0.009507 0.995128
0.071058 -0.111081 0.677077 -0.069073 0.067750 -0.009127 0.995267
0.070666 -0.111348 0.673841 -0.069949 0.063990 -0.008935 0.995456
0.070368 -0.111657 0.671402 -0.070393 0.068134 -0.009468 0.995145
0.070177 -0.112076 0.669456 -0.067503 0.064081 -0.009348 0.995615
0.069894 -0.112272 0.666885 -0.069631 0.067137 -0.009253 0.995268
0.069704 -0.112582 0.665070 -0.068684 0.067174 -0.009304 0.995331
0.069468 -0.112850 0.662794 -0.069700 0.066604 -0.009058 0.995301
0.069276 -0.113214 0.660975 -0.068129 0.068881 -0.009584 0.995250
0.069002 -0.113424 0.658495 -0.070190 0.067627 -0.009218 0.995196
0.068789 -0.113805 0.656658 -0.069626 0.065523 -0.009089 0.995377
0.068488 -0.113990 0.654117 -0.069897 0.067364 -0.009302 0.995234
0.068248 -0.114338 0.652146 -0.067532 0.063564 -0.009497 0.995645
0.068055 -0.114630 0.650233 -0.066474 0.067682 -0.009692 0.995443
0.067809 -0.114872 0.647891 -0.066913 0.067339 -0.009494 0.995439
0.067536 -0.115094 0.645668 -0.069397 0.066699 -0.009360 0.995313
0.067311 -0.115365 0.643663 -0.067459 0.068667 -0.009555 0.995310
0.067187 -0.115745 0.642255 -0.067106 0.065424 -0.009347 0.995555
0.066923 -0.115938 0.639857 -0.067258 0.067999 -0.009323 0.995372
0.066739 -0.116200 0.638111 -0.067315 0.064848 -0.009346 0.995578
0.066522 -0.116381 0.636000 -0.068762 0.068590 -0.009233 0.995230
0.066288 -0.116609 0.633962 -0.067940 0.066589 -0.009255 0.995422
0.066137 -0.116916 0.632631 -0.067080 0.068089 -0.009454 0.995377
0.065895 -0.117083 0.630494 -0.067585 0.066900 -0.009520 0.995423
0.065661 -0.117295 0.628669 -0.066856 0.068424 -0.009660 0.995367
0.065502 -0.117538 0.627218 -0.067036 0.067052 -0.009584 0.995449
0.065331 -0.117705 0.625703 -0.066856 0.067806 -0.009575 0.995410
0.065201 -0.117907 0.624556 -0.065448 0.068789 -0.009570 0.995436
0.065108 -0.118140 0.623812 -0.064167 0.068195 -0.009738 0.995559
0.065007 -0.118243 0.622723 -0.066522 0.067409 -0.009563 0.995459
0.064854 -0.118325 0.621561 -0.066898 0.067251 -0.009500 0.995445
0.064740 -0.118426 0.620563 -0.065484 0.067321 -0.009681 0.995533
0.064614 -0.118540 0.619666 -0.065778 0.068411 -0.009838 0.995438
0.064575 -0.118738 0.619154 -0.064240 0.068185 -0.009932 0.995553
0.064473 -0.118823 0.618108 -0.067118 0.068047 -0.009504 0.995377
0.064339 -0.119008 0.617082 -0.065522 0.068118 -0.009702 0.995476
0.064168 -0.119103 0.615616 -0.065591 0.068321 -0.009762 0.995457
0.064035 -0.119231 0.614315 -0.066742 0.067357 -0.009812 0.995446
0.063938 -0.119384 0.613426 -0.066809 0.069595 -0.009780 0.995288
0.063843 -0.119548 0.612457 -0.063925 0.066703 -0.009804 0.995675
0.063703 -0.119499 0.611206 -0.066567 0.067610 -0.009724 0.995441
0.063595 -0.119669 0.610479 -0.064876 0.067668 -0.010057 0.995546
0.063458 -0.119709 0.609076 -0.066970 0.066730 -0.009900 0.995472
0.063394 -0.119874 0.608469 -0.065905 0.067462 -0.009974 0.995493
0.063284 -0.120005 0.607581 -0.067394 0.068239 -0.009535 0.995344
0.063173 -0.120152 0.606439 -0.065708 0.067938 -0.009909 0.995474
0.063061 -0.120383 0.605448 -0.063521 0.067122 -0.009816 0.995672
0.062951 -0.120543 0.604740 -0.064635 0.068348 -0.009901 0.995516
0.062798 -0.120613 0.603077 -0.064890 0.069437 -0.009766 0.995426
0.062627 -0.120756 0.601683 -0.063527 0.066475 -0.009967 0.995714
0.062448 -0.120863 0.600654 -0.065895 0.066819 -0.009932 0.995537
0.062353 -0.121089 0.599553 -0.065993 0.066719 -0.010007 0.995537
0.062249 -0.121244 0.598171 -0.065184 0.066837 -0.009734 0.995585
0.062133 -0.121368 0.597282 -0.064775 0.069170 -0.009827 0.995451
0.062010 -0.121567 0.596273 -0.063733 0.067932 -0.009960 0.995602
0.061882 -0.121684 0.595022 -0.063444 0.067971 -0.009852 0.995619
0.061710 -0.121780 0.593826 -0.064343 0.067779 -0.009775 0.995575
0.061569 -0.121843 0.592766 -0.064832 0.069733 -0.009873 0.995408
0.061512 -0.121917 0.591760 -0.065241 0.067763 -0.009767 0.995518
0.061472 -0.122133 0.591518 -0.064586 0.067141 -0.009690 0.995604
0.061347 -0.122227 0.590514 -0.064875 0.067397 -0.009795 0.995567
0.061199 -0.122389 0.588915 -0.064762 0.067055 -0.009839 0.995597
0.061079 -0.122575 0.588154 -0.066858 0.066989 -0.009813 0.995463
0.060875 -0.122718 0.586382 -0.065147 0.068742 -0.010112 0.995454
0.060687 -0.122898 0.584439 -0.065095 0.066965 -0.009711 0.995582
0.060570 -0.123182 0.583314 -0.064489 0.067722 -0.009909 0.995569
0.060313 -0.123270 0.581001 -0.065867 0.065935 -0.009806 0.995599
0.060224 -0.123556 0.579823 -0.063783 0.066711 -0.009798 0.995683
0.060053 -0.123654 0.578157 -0.064211 0.066454 -0.009993 0.995671
0.059956 -0.123813 0.577016 -0.065194 0.066433 -0.009836 0.995610
0.059840 -0.124023 0.575757 -0.064476 0.065561 -0.009955 0.995714
0.059794 -0.124238 0.574855 -0.064763 0.065002 -0.009889 0.995732
0.059512 -0.124316 0.572472 -0.065262 0.066277 -0.009904 0.995615
0.059355 -0.124521 0.570700 -0.066425 0.066803 -0.009552 0.995507
0.059198 -0.124884 0.569104 -0.063087 0.066407 -0.009930 0.995747
0.058957 -0.125044 0.566663 -0.064592 0.067152 -0.009556 0.995604
0.058746 -0.125274 0.564633 -0.063756 0.068227 -0.009828 0.995582
0.058568 -0.125569 0.562735 -0.062816 0.067249 -0.009814 0.995709
0.058316 -0.125718 0.560407 -0.063062 0.066280 -0.009691 0.995759
0.058168 -0.125886 0.558438 -0.064457 0.067575 -0.009582 0.995584
0.057954 -0.126039 0.556441 -0.062428 0.066375 -0.009497 0.995795
0.057671 -0.126245 0.554565 -0.061456 0.066435 -0.009739 0.995849
0.057524 -0.126342 0.552835 -0.062936 0.068115 -0.009634 0.995644
0.057385 -0.126478 0.551480 -0.062169 0.066801 -0.009918 0.995778
0.057303 -0.126641 0.550571 -0.062040 0.066085 -0.009817 0.995835
0.057228 -0.126760 0.549742 -0.061838 0.067006 -0.009992 0.995784
0.057157 -0.126911 0.548832 -0.063273 0.067829 -0.009912 0.995639
0.057069 -0.127164 0.547840 -0.062495 0.065547 -0.009751 0.995843
0.056907 -0.127212 0.545985 -0.063235 0.067881 -0.009833 0.995639
0.056669 -0.127398 0.543789 -0.062982 0.064809 -0.009624 0.995862
0.056512 -0.127746 0.542214 -0.060908 0.065735 -0.009520 0.995931
0.056226 -0.127817 0.539273 -0.061138 0.063279 -0.009459 0.996077
0.056162 -0.128045 0.536046 -0.062574 0.062649 -0.008812 0.996033
0.055653 -0.128513 0.531947 -0.062501 0.069182 -0.009187 0.995602
0.055096 -0.128850 0.526725 -0.061088 0.063487 -0.009140 0.996069
0.056002 -0.129182 0.524109 -0.052666 0.061394 -0.010263 0.996670
0.057398 -0.129129 0.525309 -0.052008 0.063098 -0.009073 0.996610
0.056687 -0.129019 0.526962 -0.067006 0.067039 -0.008229 0.995464
0.055971 -0.128905 0.526222 -0.065349 0.065087 -0.008826 0.995698
0.056199 -0.129071 0.525314 -0.054321 0.063871 -0.009279 0.996435
0.056530 -0.129300 0.525636 -0.056373 0.064705 -0.009011 0.996270
0.056329 -0.129121 0.525725 -0.064425 0.063816 -0.008759 0.995841
0.056238 -0.129003 0.525321 -0.060782 0.065668 -0.008851 0.995949
0.056297 -0.129124 0.525367 -0.056321 0.064750 -0.008953 0.996271
0.056319 -0.129096 0.525543 -0.059617 0.065474 -0.008867 0.996032
0.056297 -0.128991 0.525513 -0.062298 0.066304 -0.008896 0.995813
0.056291 -0.129084 0.525619 -0.057639 0.065426 -0.009108 0.996150
0.056271 -0.129063 0.525604 -0.057803 0.064895 -0.009007 0.996176
0.056255 -0.128989 0.525602 -0.060296 0.064539 -0.009012 0.996051
0.056259 -0.129028 0.525751 -0.059057 0.064418 -0.009020 0.996133
0.056224 -0.128978 0.525606 -0.057947 0.065160 -0.009144 0.996149
0.056199 -0.128926 0.525575 -0.059302 0.064321 -0.009088 0.996124
0.056185 -0.128851 0.525619 -0.059851 0.065609 -0.008837 0.996010
0.056144 -0.128799 0.525529 -0.059092 0.066195 -0.008676 0.996018
0.056153 -0.128721 0.525654 -0.059180 0.065766 -0.008801 0.996040
0.056151 -0.128685 0.526064 -0.059280 0.064772 -0.008983 0.996097
0.056102 -0.128585 0.526251 -0.058892 0.064939 -0.008822 0.996111
0.056135 -0.128498 0.526639 -0.058888 0.064894 -0.008696 0.996115
0.056124 -0.128336 0.526774 -0.059292 0.064343 -0.008709 0.996127
0.056205 -0.128244 0.527734 -0.060154 0.066266 -0.008619 0.995950
0.056087 -0.128162 0.528672 -0.059382 0.065254 -0.008569 0.996063
0.056168 -0.128016 0.529958 -0.057504 0.064045 -0.008903 0.996249
0.056168 -0.127853 0.531756 -0.059451 0.067692 -0.008657 0.995896
0.055773 -0.127601 0.532427 -0.059578 0.066040 -0.008764 0.995998
0.055698 -0.127519 0.534103 -0.058327 0.065942 -0.009046 0.996076
0.055855 -0.127431 0.535172 -0.058330 0.064457 -0.008962 0.996174
0.056118 -0.127331 0.536358 -0.058058 0.067480 -0.009069 0.995989
0.056086 -0.126993 0.536603 -0.060580 0.067301 -0.008761 0.995853
0.056130 -0.127041 0.538276 -0.057594 0.064884 -0.008805 0.996190
0.056237 -0.126746 0.538869 -0.060748 0.067866 -0.008915 0.995803
0.056472 -0.126727 0.540537 -0.059173 0.066678 -0.008863 0.995979
0.056515 -0.126571 0.542132 -0.059253 0.068635 -0.008913 0.995841
0.056761 -0.126395 0.544004 -0.058096 0.066491 -0.009055 0.996053
0.057012 -0.126085 0.545910 -0.061234 0.067784 -0.008787 0.995780
0.057231 -0.125838 0.548340 -0.059410 0.066232 -0.009310 0.995991
0.057593 -0.125515 0.550183 -0.062297 0.066459 -0.009148 0.995800
0.057707 -0.125436 0.551948 -0.061601 0.067824 -0.008941 0.995754
0.057803 -0.125227 0.553165 -0.060960 0.067423 -0.008931 0.995820
0.057891 -0.125105 0.554140 -0.061864 0.065754 -0.008874 0.995877
0.058005 -0.124970 0.554993 -0.061521 0.067156 -0.008613 0.995807
0.058079 -0.124812 0.555993 -0.059531 0.068431 -0.009036 0.995837
0.058230 -0.124746 0.557659 -0.059955 0.067302 -0.008827 0.995891
0.058367 -0.124458 0.558678 -0.060048 0.067376 -0.008913 0.995879
0.058542 -0.124251 0.560646 -0.060344 0.066759 -0.009036 0.995902
0.058783 -0.123961 0.562461 -0.060011 0.066535 -0.008807 0.995939
0.059046 -0.123725 0.565144 -0.061072 0.068093 -0.008922 0.995768
0.059214 -0.123365 0.567215 -0.061050 0.065904 -0.008731 0.995918
0.059597 -0.123187 0.570437 -0.061430 0.066166 -0.008884 0.995876
0.059878 -0.122841 0.572825 -0.060629 0.067656 -0.008967 0.995825
0.060155 -0.122577 0.575440 -0.061917 0.068245 -0.008722 0.995707
0.060352 -0.122223 0.577170 -0.064332 0.069836 -0.008796 0.995443
0.060543 -0.122036 0.578793 -0.064365 0.068006 -0.008530 0.995570
0.060715 -0.121824 0.580124 -0.063153 0.069474 -0.009010 0.995542
0.060828 -0.121653 0.581058 -0.064536 0.065962 -0.008568 0.995696
0.060909 -0.121533 0.581824 -0.063265 0.067085 -0.008884 0.995700
0.060994 -0.121439 0.582602 -0.063949 0.068187 -0.008761 0.995582
0.061026 -0.121319 0.583232 -0.062849 0.068162 -0.008755 0.995654
0.061114 -0.121201 0.584052 -0.064717 0.067676 -0.008771 0.995568
0.061220 -0.121097 0.584763 -0.064037 0.066971 -0.008645 0.995660
0.061424 -0.121014 0.586362 -0.062099 0.067372 -0.008796 0.995755
0.061547 -0.120748 0.586963 -0.061072 0.066960 -0.008904 0.995845
0.061710 -0.120591 0.588489 -0.060970 0.066981 -0.008696 0.995852
0.061975 -0.120327 0.589680 -0.061573 0.068161 -0.008941 0.995732
0.062175 -0.120155 0.590718 -0.062978 0.066197 -0.008433 0.995781
0.062239 -0.120093 0.591235 -0.062423 0.067425 -0.008684 0.995732
0.062349 -0.119942 0.591974 -0.063025 0.068767 -0.008573 0.995603
0.062448 -0.119745 0.592419 -0.063133 0.067246 -0.008426 0.995701
0.062625 -0.119630 0.593292 -0.062341 0.069448 -0.008329 0.995601
0.062525 -0.119541 0.592763 -0.062818 0.068079 -0.008434 0.995665
0.062522 -0.119504 0.592913 -0.061722 0.067741 -0.008569 0.995755
0.062541 -0.119571 0.593093 -0.061925 0.068038 -0.008433 0.995723
0.062491 -0.119737 0.592996 -0.062642 0.066968 -0.008559 0.995750
0.062340 -0.120028 0.592370 -0.064236 0.065553 -0.008540 0.995743
0.062069 -0.120312 0.592156 -0.065208 0.067530 -0.008794 0.995545
0.061896 -0.120436 0.591320 -0.065423 0.067698 -0.008620 0.995521
0.061919 -0.120497 0.591385 -0.064036 0.067220 -0.008742 0.995643
0.061927 -0.120473 0.591203 -0.064203 0.067851 -0.008674 0.995590
0.061955 -0.120530 0.591636 -0.064535 0.067306 -0.008823 0.995604
0.061993 -0.120512 0.591527 -0.063840 0.068690 -0.008717 0.995555
0.062009 -0.120528 0.591564 -0.063650 0.067795 -0.008696 0.995629
0.062029 -0.120541 0.591502 -0.064034 0.068290 -0.008779 0.995570
0.062021 -0.120616 0.591426 -0.064016 0.067812 -0.008604 0.995605
0.062034 -0.120669 0.591374 -0.062599 0.069338 -0.008835 0.995588
0.062080 -0.120786 0.591475 -0.063516 0.067925 -0.008637 0.995629
0.062062 -0.120907 0.590867 -0.064638 0.066499 -0.008765 0.995652
0.062097 -0.121016 0.590899 -0.063929 0.069086 -0.008691 0.995522
0.062015 -0.121138 0.590558 -0.062369 0.068160 -0.008701 0.995685
0.062046 -0.121253 0.590264 -0.062481 0.065605 -0.008904 0.995848
0.062074 -0.121267 0.589939 -0.063513 0.067780 -0.008604 0.995640
0.062087 -0.121401 0.590215 -0.062271 0.067400 -0.008809 0.995742
0.062090 -0.121345 0.589569 -0.063319 0.066963 -0.008767 0.995706
0.062208 -0.121496 0.589891 -0.062322 0.067040 -0.008993 0.995761
0.062262 -0.121528 0.589937 -0.063473 0.067672 -0.008896 0.995647
0.062228 -0.121526 0.589573 -0.064707 0.066270 -0.008627 0.995664
0.062352 -0.121688 0.589397 -0.062884 0.067748 -0.008730 0.995681
0.062518 -0.121811 0.589001 -0.065020 0.067560 -0.008960 0.995554
0.062696 -0.122054 0.587797 -0.062649 0.066866 -0.009042 0.995752
0.062703 -0.122192 0.586074 -0.062938 0.067578 -0.009066 0.995686
0.062421 -0.122341 0.583600 -0.063425 0.069566 -0.008772 0.995520
0.062280 -0.122542 0.581939 -0.063376 0.067146 -0.008837 0.995689
0.062186 -0.122568 0.579483 -0.063326 0.065826 -0.008873 0.995780
0.061986 -0.122789 0.578284 -0.062933 0.062545 -0.008937 0.996016
0.061768 -0.122778 0.577576 -0.060274 0.065803 -0.009138 0.995969
0.061634 -0.122518 0.578330 -0.061609 0.068628 -0.009093 0.995697
0.061716 -0.122259 0.580596 -0.058534 0.067994 -0.009398 0.995923
0.061719 -0.121574 0.584506 -0.062468 0.069381 -0.009282 0.995589
0.062121 -0.121023 0.590360 -0.056847 0.070537 -0.009822 0.995840
0.062872 -0.120269 0.597351 -0.062775 0.067604 -0.009371 0.995691
0.063888 -0.119387 0.604915 -0.059850 0.069700 -0.009634 0.995724
0.064916 -0.118335 0.613110 -0.058934 0.068419 -0.009551 0.995869
0.066076 -0.117138 0.621529 -0.064888 0.067641 -0.009182 0.995555
0.067173 -0.116194 0.629775 -0.063023 0.068985 -0.009358 0.995581
0.068019 -0.115053 0.638113 -0.065013 0.069649 -0.009041 0.995410
0.068898 -0.114289 0.646609 -0.061055 0.068787 -0.009164 0.995719
0.069421 -0.113302 0.653032 -0.066556 0.069126 -0.008977 0.995345
0.069742 -0.112481 0.659804 -0.065164 0.068999 -0.008573 0.995449
0.070403 -0.111745 0.667070 -0.061454 0.063513 -0.008885 0.996047
0.070948 -0.110845 0.674191 -0.062578 0.066591 -0.008827 0.995777
0.071513 -0.109837 0.680901 -0.067788 0.068290 -0.009074 0.995319
0.072262 -0.108991 0.687994 -0.066422 0.062049 -0.008331 0.995826
0.072937 -0.107951 0.694584 -0.068514 0.064290 -0.008777 0.995538
0.073871 -0.107132 0.702694 -0.068488 0.069604 -0.008725 0.995183
0.074548 -0.106327 0.709544 -0.066477 0.069087 -0.009180 0.995351
0.075211 -0.105498 0.716370 -0.069096 0.070972 -0.009119 0.995040
0.075799 -0.104708 0.722282 -0.070710 0.068003 -0.008834 0.995137
0.076450 -0.103985 0.728282 -0.070028 0.067613 -0.008744 0.995213
0.077121 -0.103304 0.734428 -0.068912 0.066974 -0.008905 0.995332
0.077639 -0.102546 0.740021 -0.071391 0.068864 -0.008837 0.995029
0.078214 -0.101784 0.744869 -0.069153 0.067998 -0.009010 0.995245
0.078895 -0.101100 0.751268 -0.070227 0.065896 -0.008646 0.995315
0.079659 -0.100377 0.757783 -0.070872 0.062427 -0.008739 0.995492
0.080343 -0.099591 0.763343 -0.072028 0.062398 -0.008441 0.995413
0.080940 -0.098840 0.769036 -0.070095 0.060418 -0.008590 0.995672
0.081540 -0.097995 0.774314 -0.073106 0.056582 -0.007959 0.995686
0.082243 -0.097325 0.780557 -0.073466 0.049019 -0.007480 0.996064
0.083314 -0.096563 0.786592 -0.074675 0.050135 -0.008551 0.995910
0.084753 -0.096378 0.787276 -0.084450 0.066977 -0.007887 0.994143
0.083487 -0.096597 0.786825 -0.073910 0.068515 -0.008911 0.994869
0.083177 -0.096662 0.786140 -0.068933 0.066572 -0.008839 0.995358
0.083150 -0.096584 0.785995 -0.072914 0.066588 -0.008817 0.995074
0.083231 -0.096573 0.786458 -0.075150 0.067601 -0.008877 0.994839
0.083255 -0.096597 0.786503 -0.073028 0.068445 -0.009046 0.994937
0.083343 -0.096621 0.786638 -0.072508 0.065676 -0.008864 0.995164
0.083330 -0.096566 0.786627 -0.074731 0.067919 -0.008892 0.994848
0.083372 -0.096595 0.786830 -0.073719 0.067203 -0.008911 0.994972
0.083421 -0.096660 0.786882 -0.071451 0.065388 -0.009127 0.995257
0.083452 -0.096690 0.787220 -0.072036 0.065546 -0.009216 0.995203
0.083403 -0.096622 0.786870 -0.073428 0.067930 -0.008961 0.994944
0.083365 -0.096577 0.786494 -0.073511 0.066665 -0.008920 0.995024
0.083472 -0.096609 0.787218 -0.072000 0.066179 -0.009044 0.995166
0.083478 -0.096536 0.786982 -0.074195 0.067626 -0.008910 0.994908
0.083437 -0.096470 0.786703 -0.075001 0.065065 -0.008811 0.995019
0.083781 -0.096471 0.787470 -0.073615 0.064705 -0.008959 0.995145
0.084104 -0.096490 0.787769 -0.073158 0.063219 -0.009080 0.995273
0.084378 -0.096342 0.787341 -0.074768 0.058772 -0.008591 0.995430
0.084761 -0.096331 0.788604 -0.071738 0.063124 -0.008856 0.995385
0.084611 -0.096202 0.787618 -0.075680 0.063519 -0.008759 0.995068
0.084526 -0.096215 0.787555 -0.076037 0.062430 -0.008808 0.995110
0.084247 -0.096398 0.787190 -0.077533 0.069827 -0.008847 0.994502
0.083790 -0.096749 0.787102 -0.076103 0.065321 -0.008875 0.994918
0.083516 -0.097102 0.785983 -0.076446 0.061282 -0.008448 0.995153
0.082851 -0.097378 0.783119 -0.079695 0.073206 -0.009993 0.994077
0.082458 -0.097973 0.777736 -0.078394 0.050084 -0.008370 0.995628
0.082571 -0.098476 0.775064 -0.075356 0.067710 -0.009415 0.994811
0.081723 -0.098718 0.769623 -0.077849 0.069422 -0.009002 0.994504
0.081517 -0.099289 0.767883 -0.075421 0.061966 -0.008926 0.995185
0.081414 -0.099678 0.765764 -0.074672 0.061205 -0.008861 0.995289
0.081138 -0.099872 0.763500 -0.074130 0.070462 -0.009451 0.994711
0.080975 -0.100274 0.761606 -0.074204 0.061968 -0.008467 0.995280
0.080751 -0.100387 0.759334 -0.077602 0.066778 -0.008750 0.994707
0.080620 -0.100628 0.757626 -0.073595 0.068541 -0.008808 0.994891
0.080466 -0.100716 0.756550 -0.071958 0.065158 -0.008634 0.995240
0.080572 -0.100826 0.757172 -0.069112 0.066825 -0.008931 0.995328
0.080547 -0.100644 0.756980 -0.073952 0.065209 -0.008523 0.995091
0.080605 -0.100378 0.757416 -0.075701 0.062621 -0.008343 0.995127
0.080900 -0.100126 0.760105 -0.074746 0.070326 -0.008685 0.994682
0.081092 -0.099896 0.762635 -0.069745 0.060077 -0.008337 0.995719
0.081352 -0.099309 0.766156 -0.073260 0.074149 -0.009748 0.994505
0.081646 -0.098968 0.768788 -0.074048 0.054296 -0.008408 0.995740
0.082034 -0.098429 0.771912 -0.074731 0.076371 -0.009726 0.994227
0.082168 -0.098322 0.774848 -0.071519 0.051978 -0.007814 0.996053
0.082198 -0.097783 0.778299 -0.073023 0.077992 -0.009870 0.994227
0.082495 -0.097621 0.781315 -0.069755 0.057441 -0.008390 0.995874
0.082685 -0.096878 0.783078 -0.075678 0.076676 -0.009227 0.994137
0.082954 -0.096481 0.786404 -0.071091 0.055599 -0.008229 0.995885
0.083341 -0.095773 0.790426 -0.071893 0.062712 -0.008677 0.995401
0.083908 -0.095040 0.796389 -0.070026 0.069827 -0.009000 0.995058
0.084509 -0.094276 0.802883 -0.067233 0.060697 -0.008799 0.995851
0.085392 -0.093222 0.810245 -0.068061 0.071124 -0.009129 0.995101
0.086379 -0.092380 0.819446 -0.066389 0.068677 -0.009152 0.995385
0.087294 -0.091530 0.827703 -0.059628 0.055715 -0.009153 0.996623
0.088095 -0.090394 0.835694 -0.064326 0.064280 -0.009277 0.995813
0.088880 -0.089242 0.842579 -0.068943 0.066327 -0.009268 0.995370
0.089760 -0.088395 0.850872 -0.062748 0.067478 -0.009588 0.995699
0.090340 -0.087271 0.856415 -0.073658 0.064055 -0.009130 0.995182
0.091375 -0.086592 0.865708 -0.073026 0.063989 -0.008507 0.995239
0.092020 -0.085818 0.871738 -0.069917 0.059274 -0.008912 0.995750
0.092624 -0.085068 0.877550 -0.070721 0.065883 -0.009235 0.995275
0.093359 -0.084472 0.883414 -0.065984 0.075399 -0.009827 0.994919
0.093812 -0.083927 0.887738 -0.066885 0.055956 -0.009264 0.996147
0.094407 -0.083290 0.892724 -0.070329 0.066537 -0.009311 0.995259
0.094800 -0.082735 0.895972 -0.070152 0.069818 -0.009630 0.995043
0.095196 -0.082246 0.900026 -0.070693 0.066829 -0.009221 0.995214
0.095629 -0.081975 0.904007 -0.069280 0.056117 -0.008861 0.995978
0.095868 -0.081297 0.905679 -0.072696 0.082989 -0.010109 0.993844
0.096354 -0.081248 0.910031 -0.066493 0.063080 -0.009012 0.995750
0.096520 -0.080945 0.911465 -0.070133 0.055146 -0.008911 0.995972
0.096739 -0.080585 0.913364 -0.071036 0.073919 -0.009745 0.994683
0.096929 -0.080319 0.914894 -0.072108 0.073777 -0.009433 0.994620
0.097144 -0.080148 0.916933 -0.069776 0.067452 -0.009364 0.995236
0.097232 -0.079895 0.917581 -0.070937 0.057173 -0.008387 0.995806
0.097521 -0.079657 0.920124 -0.071420 0.063590 -0.008837 0.995378
0.097788 -0.079312 0.922509 -0.073537 0.070746 -0.009260 0.994737
0.097882 -0.078916 0.923631 -0.077776 0.067552 -0.009033 0.994639
0.098268 -0.078860 0.927109 -0.070071 0.064316 -0.009603 0.995420
0.098596 -0.078691 0.929522 -0.070734 0.069865 -0.009232 0.995003
0.098654 -0.078388 0.930518 -0.075265 0.065302 -0.009364 0.994979
0.098870 -0.078241 0.932046 -0.075460 0.065244 -0.008888 0.994972
0.099045 -0.078143 0.933832 -0.071794 0.064280 -0.009195 0.995304
0.099215 -0.077938 0.935205 -0.072436 0.066156 -0.009010 0.995136
0.099361 -0.077779 0.936651 -0.070721 0.065063 -0.009250 0.995329
0.099559 -0.077592 0.938370 -0.069896 0.070667 -0.009521 0.995003
0.099684 -0.077371 0.939623 -0.071165 0.069614 -0.009499 0.994987
0.099923 -0.077204 0.941877 -0.070020 0.066593 -0.009219 0.995278
0.099931 -0.076844 0.941839 -0.077079 0.068610 -0.008790 0.994623
0.100068 -0.076698 0.943916 -0.073609 0.068553 -0.009361 0.994884
0.100272 -0.076524 0.946821 -0.068376 0.067693 -0.009852 0.995312
0.101038 -0.076262 0.950270 -0.061849 0.059533 -0.009490 0.996263
0.101302 -0.075597 0.953061 -0.070957 0.065335 -0.009113 0.995296
0.102047 -0.075133 0.959446 -0.071741 0.066198 -0.008876 0.995185
0.102535 -0.074562 0.964055 -0.069291 0.067981 -0.009551 0.995232
0.103022 -0.073995 0.968545 -0.077229 0.062067 -0.008997 0.995039
0.103912 -0.073850 0.971567 -0.072872 0.061853 -0.009321 0.995378
0.103680 -0.073781 0.970396 -0.072083 0.062883 -0.009339 0.995371
0.103607 -0.073778 0.969877 -0.070932 0.063674 -0.009303 0.995403
0.103698 -0.073797 0.970497 -0.070288 0.064467 -0.009259 0.995398
0.103709 -0.073792 0.970529 -0.070656 0.064546 -0.009184 0.995368
0.103734 -0.073757 0.970542 -0.072458 0.065515 -0.008991 0.995177
0.103834 -0.073892 0.970942 -0.070807 0.062529 -0.009047 0.995487
0.103714 -0.073902 0.970124 -0.076690 0.063857 -0.009262 0.994965
0.103721 -0.073915 0.970136 -0.075974 0.064662 -0.009278 0.994968
0.103727 -0.073936 0.970156 -0.075074 0.062718 -0.009235 0.995161
0.103698 -0.073911 0.969927 -0.076074 0.063942 -0.009218 0.995007
0.103731 -0.073933 0.970129 -0.075477 0.062884 -0.009097 0.995121
0.103741 -0.073947 0.970282 -0.074519 0.063033 -0.009198 0.995183
0.103737 -0.073946 0.970264 -0.074334 0.062579 -0.009169 0.995226
0.103712 -0.073934 0.970133 -0.074413 0.063331 -0.009267 0.995171
0.103717 -0.073943 0.970264 -0.073023 0.063853 -0.009246 0.995241
0.103703 -0.073934 0.970132 -0.073528 0.063634 -0.009164 0.995219
0.103636 -0.073844 0.970161 -0.075503 0.064510 -0.009188 0.995014
0.103557 -0.073802 0.969585 -0.076309 0.065053 -0.009180 0.994917
0.103591 -0.073833 0.969956 -0.075186 0.064411 -0.009311 0.995044
0.103558 -0.073815 0.969775 -0.074620 0.064559 -0.009218 0.995077
0.103624 -0.073851 0.970303 -0.073486 0.063973 -0.009205 0.995200
0.103528 -0.073804 0.969714 -0.074043 0.063221 -0.009217 0.995206
0.103555 -0.073796 0.970083 -0.074021 0.064697 -0.009299 0.995112
0.103560 -0.073807 0.970148 -0.073283 0.063418 -0.009255 0.995250
0.103568 -0.073795 0.970307 -0.073216 0.064162 -0.009276 0.995207
0.103560 -0.073769 0.970245 -0.074034 0.065349 -0.009233 0.995069
0.103599 -0.073800 0.970560 -0.072781 0.065123 -0.009279 0.995176
0.103554 -0.073771 0.970327 -0.073772 0.063691 -0.009270 0.995196
0.103517 -0.073719 0.970117 -0.075218 0.065808 -0.009258 0.994950
0.103478 -0.073704 0.969856 -0.075463 0.066040 -0.009328 0.994916
0.103538 -0.073744 0.970377 -0.074220 0.065266 -0.009427 0.995059
0.103559 -0.073746 0.970462 -0.074479 0.065726 -0.009320 0.995011
0.103502 -0.073734 0.970086 -0.074694 0.063636 -0.009332 0.995130
0.103495 -0.073726 0.969997 -0.074869 0.064941 -0.009372 0.995032
0.103525 -0.073757 0.970244 -0.073436 0.064537 -0.009427 0.995165
0.103500 -0.073741 0.970033 -0.074299 0.063932 -0.009319 0.995141
0.103505 -0.073735 0.970018 -0.074286 0.065630 -0.009318 0.995031
0.103522 -0.073753 0.970153 -0.073803 0.065863 -0.009372 0.995051
0.103506 -0.073737 0.970012 -0.074379 0.065542 -0.009326 0.995030
0.103505 -0.073742 0.969984 -0.074117 0.066185 -0.009341 0.995007
0.103499 -0.073758 0.969884 -0.072725 0.064802 -0.009462 0.995200
0.103503 -0.073758 0.970010 -0.074076 0.064958 -0.009350 0.995091
0.103756 -0.073946 0.969971 -0.074191 0.062098 -0.010059 0.995258
0.103811 -0.073937 0.970016 -0.073761 0.065748 -0.010002 0.995056
0.103898 -0.074066 0.970369 -0.073203 0.063976 -0.009553 0.995217
0.103878 -0.074067 0.970071 -0.073290 0.064928 -0.009598 0.995149
0.103901 -0.074185 0.970843 -0.071592 0.065951 -0.009439 0.995206
0.103937 -0.074306 0.970899 -0.072900 0.061789 -0.009345 0.995380
0.103876 -0.074190 0.970312 -0.074695 0.061647 -0.009247 0.995256
0.103907 -0.074190 0.970407 -0.074243 0.062876 -0.009521 0.995210
0.103911 -0.074356 0.967595 -0.081114 0.061918 -0.008844 0.994740
0.103939 -0.074351 0.968099 -0.077531 0.062844 -0.009100 0.994966
0.104054 -0.074428 0.969339 -0.075714 0.065070 -0.009451 0.994959
0.104052 -0.074622 0.968111 -0.076963 0.065609 -0.008885 0.994833
0.104131 -0.074705 0.968536 -0.075863 0.066299 -0.008886 0.994872
0.104378 -0.074890 0.969477 -0.075554 0.063318 -0.009011 0.995089
0.104586 -0.075055 0.969943 -0.069650 0.062045 -0.009654 0.995593
0.104484 -0.074927 0.969364 -0.074840 0.064377 -0.009476 0.995070
0.104449 -0.074972 0.969404 -0.073647 0.064166 -0.009319 0.995174
0.104352 -0.074948 0.968807 -0.075252 0.063049 -0.009028 0.995128
0.104391 -0.074974 0.969114 -0.074486 0.063231 -0.009128 0.995174
0.104458 -0.075075 0.969573 -0.075002 0.061152 -0.008929 0.995266
0.104481 -0.075093 0.969651 -0.071412 0.061377 -0.009270 0.995514
