0.157061 -0.031606 1.017826 -0.035542 -0.050498 0.003584 0.998085
0.157069 -0.031605 1.017880 -0.035429 -0.050280 0.003579 0.998100
0.157085 -0.031599 1.017972 -0.035286 -0.049915 0.003612 0.998123
0.156734 -0.031598 1.017891 -0.037550 -0.052426 0.002701 0.997915
0.156526 -0.031691 1.018026 -0.036760 -0.052464 0.002973 0.997942
0.156549 -0.031656 1.018392 -0.035800 -0.051108 0.003271 0.998046
0.156343 -0.031780 1.017367 -0.036174 -0.051252 0.002900 0.998026
0.156264 -0.031890 1.016970 -0.032446 -0.054188 0.003096 0.997999
0.156340 -0.031843 1.018094 -0.030805 -0.052436 0.003095 0.998144
0.156245 -0.031840 1.017711 -0.031374 -0.052540 0.002962 0.998121
0.155662 -0.031697 1.014560 -0.034107 -0.056429 0.003274 0.997819
0.155968 -0.031279 1.016755 -0.029691 -0.053244 0.002300 0.998137
0.156207 -0.031876 1.017868 -0.031763 -0.051003 0.002768 0.998189
0.155816 -0.031850 1.015221 -0.033099 -0.055990 0.002762 0.997879
0.156059 -0.031420 1.016814 -0.032060 -0.054753 0.002986 0.997981
0.156297 -0.031767 1.018321 -0.030977 -0.049741 0.002727 0.998278
0.156291 -0.032057 1.018033 -0.026897 -0.051530 0.001823 0.998307
0.156112 -0.031661 1.016980 -0.033651 -0.052179 0.003310 0.998065
0.156200 -0.031657 1.017581 -0.034331 -0.051026 0.003541 0.998101
0.156276 -0.031721 1.017714 -0.032372 -0.053623 0.003332 0.998031
0.155892 -0.031633 1.015361 -0.031740 -0.056009 0.002758 0.997922
0.155946 -0.031406 1.015688 -0.032578 -0.055483 0.003207 0.997923
0.156121 -0.031263 1.016891 -0.029723 -0.052275 0.002405 0.998187
0.156334 -0.031826 1.017950 -0.032956 -0.051483 0.002944 0.998126
0.156040 -0.031683 1.016166 -0.031846 -0.054626 0.002925 0.997995
0.156109 -0.031305 1.016688 -0.031071 -0.053560 0.002612 0.998078
0.156228 -0.031708 1.017423 -0.036851 -0.050564 0.003361 0.998035
0.156157 -0.031241 1.016967 -0.031637 -0.052915 0.002205 0.998095
0.156212 -0.031247 1.017416 -0.033902 -0.050291 0.002928 0.998155
0.156244 -0.031686 1.017334 -0.035492 -0.052736 0.003381 0.997972
0.156254 -0.031580 1.017382 -0.034498 -0.052333 0.003243 0.998028
0.156154 -0.031382 1.016937 -0.035570 -0.051909 0.003215 0.998013
0.156431 -0.031572 1.018669 -0.037217 -0.050213 0.003639 0.998038
0.156128 -0.031225 1.016718 -0.032011 -0.052251 0.002367 0.998118
0.156126 -0.031255 1.016754 -0.031620 -0.051488 0.002277 0.998170
0.156160 -0.031409 1.016855 -0.032443 -0.051339 0.002779 0.998150
0.156117 -0.031433 1.016552 -0.034673 -0.052616 0.003258 0.998007
0.156143 -0.031440 1.016677 -0.034037 -0.052605 0.003159 0.998030
0.156193 -0.031759 1.016924 -0.029395 -0.054820 0.002065 0.998061
0.156185 -0.031332 1.016871 -0.030358 -0.053388 0.002515 0.998109
0.156368 -0.031739 1.018227 -0.033633 -0.051306 0.003030 0.998112
0.156146 -0.031931 1.016689 -0.029915 -0.052431 0.002062 0.998174
0.156170 -0.031888 1.016766 -0.031816 -0.053911 0.002712 0.998035
0.156244 -0.031929 1.017181 -0.029138 -0.052067 0.002074 0.998216
0.155995 -0.031571 1.015583 -0.034086 -0.054932 0.003157 0.997903
0.156196 -0.031352 1.017034 -0.033303 -0.052217 0.002940 0.998076
0.156173 -0.031760 1.016625 -0.032311 -0.053462 0.002830 0.998043
0.156057 -0.031545 1.015849 -0.033741 -0.053789 0.003078 0.997977
0.156138 -0.031707 1.015660 -0.040899 -0.050832 0.003362 0.997864
0.156223 -0.031984 1.013607 -0.031164 -0.047717 0.001998 0.998373
0.156353 -0.031921 1.012494 -0.029945 -0.044075 0.002223 0.998577
0.156344 -0.031979 1.010352 -0.033874 -0.040543 0.001572 0.998602
0.156295 -0.032419 1.006613 -0.038795 -0.040866 0.003287 0.998406
0.156238 -0.032390 1.003644 -0.035155 -0.038220 0.002264 0.998648
0.156581 -0.032440 1.002861 -0.034127 -0.033053 0.001818 0.998869
0.156431 -0.032822 0.998684 -0.037303 -0.028500 0.002437 0.998895
0.156378 -0.033052 0.995259 -0.035790 -0.030342 0.002412 0.998896
0.156394 -0.033179 0.992489 -0.039347 -0.021817 0.002272 0.998985
0.156369 -0.033492 0.989140 -0.035268 -0.018145 0.002022 0.999211
0.156158 -0.033673 0.984900 -0.036171 -0.012118 0.001899 0.999270
0.155970 -0.033797 0.981025 -0.041242 -0.005989 0.002208 0.999129
0.156048 -0.034092 0.978231 -0.039913 0.003078 0.002128 0.999196
0.155648 -0.034430 0.972554 -0.034234 0.003520 0.001407 0.999407
0.155129 -0.034573 0.966967 -0.046481 0.013285 0.002460 0.998828
0.154837 -0.034880 0.962581 -0.037556 0.009608 0.000905 0.999248
0.154541 -0.035143 0.958476 -0.043236 0.021805 0.001772 0.998825
0.153824 -0.035417 0.952405 -0.051314 0.023958 0.002242 0.998393
0.153336 -0.035786 0.947059 -0.039501 0.029954 0.001441 0.998769
0.152767 -0.036032 0.942449 -0.046817 0.040765 0.001617 0.998070
0.152171 -0.036316 0.937176 -0.062782 0.050785 0.003316 0.996729
0.150818 -0.036689 0.928666 -0.055052 0.051565 0.002156 0.997149
0.149572 -0.036791 0.920888 -0.070024 0.059148 0.003473 0.995784
0.149043 -0.037072 0.917540 -0.067556 0.070349 0.003339 0.995227
0.147704 -0.037753 0.910150 -0.058387 0.068309 0.001863 0.995952
0.146451 -0.037982 0.904214 -0.071879 0.069358 0.003049 0.994994
0.142863 -0.038044 0.885710 0.083285 0.090288 -0.011710 0.992358
0.142107 -0.038771 0.884317 -0.082117 0.081039 0.003101 0.993318
0.140180 -0.039340 0.876996 -0.067285 0.089741 0.001794 0.993688
0.137896 -0.039426 0.869063 -0.075157 0.096362 0.002461 0.992502
0.134261 -0.039722 0.854562 0.082549 0.071527 -0.012227 0.993942
0.132881 -0.040428 0.855322 -0.067469 0.097216 0.001169 0.992973
0.130478 -0.040619 0.848477 -0.064453 0.117646 0.001560 0.990961
0.127892 -0.041217 0.842238 -0.062309 0.117660 0.000900 0.991097
0.123616 -0.041651 0.827092 0.066848 0.045062 -0.011271 0.996681
0.121979 -0.042261 0.829111 -0.055736 0.134636 -0.001326 0.989325
0.118528 -0.042715 0.820526 -0.049573 0.147323 -0.000790 0.987845
0.115036 -0.043185 0.812818 -0.052961 0.147776 -0.001617 0.987601
0.112411 -0.043879 0.810071 -0.042560 0.163271 -0.002714 0.985659
0.108691 -0.044496 0.800938 -0.035145 0.177993 -0.001461 0.983403
0.105069 -0.044622 0.792966 -0.062424 0.174741 -0.002962 0.982629
0.102510 -0.045573 0.792350 -0.023013 0.191340 -0.002068 0.981252
0.098460 -0.045463 0.781937 -0.049358 0.197898 -0.003012 0.978975
0.095448 -0.046071 0.778895 -0.038511 0.200530 -0.003096 0.978925
0.092298 -0.046466 0.775074 -0.034096 0.207143 -0.004791 0.977705
0.089064 -0.046713 0.768689 -0.036845 0.220076 -0.004098 0.974778
0.086095 -0.047028 0.764448 -0.035677 0.230549 -0.003599 0.972400
0.082810 -0.047034 0.759237 -0.038638 0.234903 -0.004101 0.971242
0.079489 -0.047254 0.754764 -0.038256 0.242346 -0.003704 0.969428
0.076231 -0.047626 0.751682 -0.037920 0.248445 -0.004776 0.967892
0.072701 -0.047975 0.746423 -0.034944 0.254827 -0.004162 0.966346
0.069195 -0.048318 0.742772 -0.034158 0.263642 -0.004443 0.964005
0.065605 -0.048624 0.737359 -0.040556 0.269433 -0.004098 0.962156
0.061762 -0.048975 0.733956 -0.037323 0.276253 -0.005143 0.960346
0.057886 -0.049238 0.728533 -0.036937 0.284249 -0.005037 0.958026
0.053841 -0.049660 0.724734 -0.033580 0.291194 -0.005133 0.956061
0.009903 -0.052702 0.684072 -0.027139 0.358462 -0.010334 0.933093
0.013369 -0.052523 0.685879 -0.025073 0.357427 -0.009502 0.933556
0.096273 -0.045531 0.780171 -0.027102 0.196652 -0.005976 0.980081
0.100170 -0.044849 0.785118 -0.025976 0.198328 -0.006241 0.979771
0.103783 -0.043960 0.791323 -0.048645 0.180294 -0.005775 0.982392
0.108120 -0.043700 0.801026 -0.019648 0.181656 -0.004073 0.983157
0.111732 -0.043120 0.808858 -0.035621 0.156771 -0.005614 0.986977
0.114947 -0.042562 0.813550 -0.041811 0.150486 -0.003576 0.987721
0.118189 -0.042136 0.820303 -0.043176 0.136798 -0.002070 0.989655
0.121245 -0.041566 0.826891 -0.046233 0.130030 -0.002967 0.990427
0.124165 -0.041253 0.834049 -0.033827 0.110150 -0.002874 0.993335
0.126849 -0.040611 0.839893 -0.051383 0.111996 -0.001633 0.992378
0.129505 -0.040201 0.846363 -0.045640 0.103198 -0.000709 0.993613
0.132265 -0.039582 0.854094 -0.061937 0.094152 0.000673 0.993629
0.134704 -0.039082 0.861368 -0.061443 0.094580 0.000571 0.993619
0.137163 -0.038655 0.869257 -0.057156 0.086834 0.001094 0.994581
0.139190 -0.038069 0.876203 -0.066535 0.082409 0.002099 0.994373
0.140121 -0.037497 0.877362 0.073398 0.099514 -0.009793 0.992277
0.142981 -0.037013 0.890432 -0.080415 0.077954 0.004287 0.993699
0.144794 -0.036765 0.898577 -0.055882 0.070572 0.002285 0.995938
0.146521 -0.036291 0.907336 -0.057810 0.065733 0.002612 0.996158
0.147868 -0.035902 0.914522 -0.068620 0.062756 0.004150 0.995658
0.149320 -0.035696 0.923107 -0.057889 0.057526 0.003254 0.996659
0.150399 -0.035388 0.930029 -0.057091 0.053224 0.003504 0.996943
0.151476 -0.035341 0.937570 -0.062495 0.052888 0.004296 0.996634
0.152015 -0.035084 0.942259 -0.046230 0.040489 0.002263 0.998107
0.152757 -0.034873 0.947997 -0.034099 0.030299 0.001668 0.998958
0.153009 -0.034481 0.952174 -0.052236 0.028695 0.003090 0.998218
0.153783 -0.034214 0.958661 -0.038712 0.022755 0.002562 0.998988
0.154298 -0.033938 0.964363 -0.039572 0.008839 0.002492 0.999175
0.154547 -0.033734 0.968607 -0.041036 0.005778 0.003667 0.999134
0.154946 -0.033484 0.974165 -0.040170 0.005724 0.003385 0.999171
0.155198 -0.033253 0.979127 -0.039678 0.003611 0.003227 0.999201
0.155447 -0.033061 0.983503 -0.028837 -0.011590 0.002115 0.999515
0.155452 -0.032473 0.987585 -0.034908 -0.012964 0.002520 0.999303
0.155428 -0.032249 0.991558 -0.031469 -0.021560 0.002550 0.999269
0.155551 -0.031984 0.997475 -0.035675 -0.026751 0.002480 0.999002
0.155529 -0.031754 1.001791 -0.030325 -0.032293 0.002173 0.999016
0.155337 -0.031378 1.008733 -0.036190 -0.039873 0.003600 0.998543
0.155360 -0.031214 1.011962 -0.028252 -0.042988 0.002728 0.998672
0.155161 -0.031127 1.013191 -0.030839 -0.052306 0.002425 0.998152
0.155211 -0.031046 1.016291 -0.027971 -0.049866 0.003016 0.998360
0.155117 -0.031070 1.016303 -0.030142 -0.050473 0.002989 0.998266
0.155112 -0.031184 1.016433 -0.028058 -0.051153 0.002677 0.998293
0.155066 -0.031255 1.016248 -0.027583 -0.051014 0.002388 0.998314
0.155084 -0.031300 1.016345 -0.029570 -0.052214 0.002917 0.998194
0.155008 -0.031358 1.015814 -0.030710 -0.053422 0.003377 0.998094
0.155084 -0.031336 1.016373 -0.030472 -0.052247 0.003223 0.998164
0.155117 -0.031320 1.016569 -0.029066 -0.052408 0.002986 0.998198
0.155091 -0.031261 1.016500 -0.027605 -0.052489 0.002724 0.998236
0.155120 -0.031250 1.016705 -0.026808 -0.051421 0.002525 0.998314
0.155127 -0.031211 1.016800 -0.026405 -0.051460 0.002537 0.998323
0.155022 -0.031206 1.016225 -0.028835 -0.052258 0.002874 0.998213
0.155033 -0.031200 1.016364 -0.029096 -0.052879 0.002806 0.998173
0.154995 -0.031198 1.016078 -0.029296 -0.053584 0.002845 0.998129
0.155046 -0.031207 1.016428 -0.028915 -0.053401 0.002806 0.998150
0.154990 -0.031202 1.016058 -0.028770 -0.053772 0.002791 0.998135
0.155119 -0.031197 1.016906 -0.029026 -0.053216 0.002784 0.998157
0.155093 -0.031188 1.016695 -0.028313 -0.053234 0.002730 0.998177
0.155076 -0.031175 1.016593 -0.029411 -0.053583 0.002905 0.998126
0.155055 -0.031134 1.016458 -0.027966 -0.053065 0.002669 0.998196
0.155075 -0.031150 1.016503 -0.030253 -0.053255 0.003122 0.998118
0.155066 -0.031133 1.016495 -0.029139 -0.052523 0.002849 0.998190
0.155100 -0.031083 1.016636 -0.028844 -0.052464 0.002866 0.998202
0.155197 -0.031058 1.016870 -0.032659 -0.052009 0.003741 0.998105
0.155176 -0.031027 1.016652 -0.031598 -0.052633 0.003537 0.998108
0.155330 -0.030986 1.017635 -0.032221 -0.049893 0.003674 0.998228
0.155310 -0.030998 1.017367 -0.031138 -0.050649 0.003581 0.998225
0.155413 -0.030932 1.017883 -0.033879 -0.051028 0.003958 0.998115
0.155488 -0.030809 1.018236 -0.032756 -0.050499 0.003444 0.998181
0.155506 -0.030728 1.018121 -0.036122 -0.049701 0.003850 0.998103
0.155535 -0.030668 1.017970 -0.035585 -0.050222 0.003971 0.998096
0.155579 -0.030616 1.017966 -0.033498 -0.052049 0.003299 0.998077
0.155626 -0.030598 1.018159 -0.034124 -0.052360 0.003494 0.998039
0.155618 -0.030594 1.018080 -0.033553 -0.052422 0.003344 0.998056
0.155589 -0.030567 1.017851 -0.033853 -0.053045 0.003372 0.998012
0.155756 -0.030615 1.018885 -0.034558 -0.050187 0.003490 0.998136
0.155637 -0.030630 1.018209 -0.035869 -0.050755 0.003665 0.998060
0.155638 -0.030662 1.018089 -0.035831 -0.050990 0.003869 0.998049
0.155665 -0.030656 1.018432 -0.036830 -0.050126 0.003798 0.998056
0.155621 -0.030665 1.018124 -0.036575 -0.051319 0.003874 0.998005
0.155589 -0.030664 1.018064 -0.037070 -0.050701 0.003847 0.998018
0.155583 -0.030662 1.017984 -0.035908 -0.051401 0.003643 0.998026
0.155533 -0.030678 1.017699 -0.037183 -0.051534 0.003895 0.997971
0.155486 -0.030687 1.017353 -0.037235 -0.053106 0.003994 0.997886
0.155594 -0.030688 1.018110 -0.036945 -0.051368 0.003901 0.997989
0.155575 -0.030689 1.017908 -0.035881 -0.052182 0.003660 0.997986
0.155564 -0.030701 1.017850 -0.036010 -0.052210 0.003809 0.997979
0.155708 -0.030698 1.018684 -0.035298 -0.050579 0.003691 0.998089
0.155736 -0.030700 1.018770 -0.035019 -0.050897 0.003691 0.998083
0.155693 -0.030711 1.018464 -0.035123 -0.052232 0.003665 0.998010
0.155741 -0.030685 1.018975 -0.036276 -0.051357 0.003588 0.998015
0.155829 -0.030689 1.018177 -0.037901 -0.054710 0.003751 0.997776
0.155426 -0.031018 1.016705 -0.033456 -0.057200 0.002389 0.997799
0.155464 -0.031007 1.017183 -0.032970 -0.053107 0.002947 0.998040
0.155624 -0.030932 1.018157 -0.031096 -0.051566 0.003221 0.998180
0.155524 -0.031132 1.017054 -0.033712 -0.054546 0.002593 0.997939
0.155487 -0.031103 1.016971 -0.033524 -0.051929 0.002799 0.998084
0.155443 -0.030465 1.016207 -0.035197 -0.055477 0.003554 0.997833
0.155672 -0.030688 1.017527 -0.038789 -0.053918 0.003629 0.997785
0.155236 -0.031189 1.015790 -0.030703 -0.053089 0.002851 0.998114
0.155759 -0.030837 1.018670 -0.035989 -0.050670 0.003619 0.998060
0.155312 -0.030944 1.017847 -0.032257 -0.051607 0.003494 0.998140
0.155347 -0.031068 1.017378 -0.032686 -0.051285 0.003262 0.998144
0.155432 -0.030460 1.017967 -0.029471 -0.050779 0.003389 0.998269
0.155337 -0.030722 1.016353 -0.040522 -0.056761 0.003499 0.997559
0.156127 -0.031593 1.019199 -0.036345 -0.049963 0.003132 0.998085
0.155696 -0.031465 1.016436 -0.032313 -0.053289 0.002172 0.998054
0.156008 -0.031101 1.017169 -0.029863 -0.053522 0.002366 0.998117
0.156037 -0.031477 1.017367 -0.032958 -0.051136 0.003401 0.998142
0.156027 -0.031336 1.016583 -0.029336 -0.052820 0.002674 0.998169
0.156551 -0.031416 1.018536 -0.036780 -0.048822 0.003206 0.998125
0.157051 -0.032070 1.017065 -0.026559 -0.050278 0.002604 0.998379
0.156929 -0.032501 1.017445 -0.033762 -0.052969 0.002807 0.998021
0.156798 -0.032111 1.016587 -0.030213 -0.051586 0.002260 0.998209
0.156730 -0.031962 1.017420 -0.033804 -0.049869 0.002453 0.998181
0.156192 -0.031724 1.016436 -0.035964 -0.052543 0.003700 0.997964
0.155420 -0.030704 1.018728 -0.025095 -0.050897 0.002666 0.998385
0.155192 -0.029858 1.018535 -0.036996 -0.055752 0.004430 0.997749
0.155967 -0.030216 1.020776 -0.034380 -0.050110 0.003319 0.998146
0.155410 -0.031296 1.017894 -0.027381 -0.051287 0.002404 0.998306
0.155345 -0.030447 1.017560 -0.032990 -0.053052 0.004114 0.998038
0.155958 -0.029920 1.020557 -0.035952 -0.049051 0.003520 0.998143
