-0.051878 -0.147175 1.060709 0.071962 0.310057 0.012705 0.947905
-0.051881 -0.146590 1.060155 0.071777 0.310578 0.011988 0.947758
-0.051904 -0.146676 1.061092 0.072048 0.309461 0.012443 0.948097
-0.051876 -0.146650 1.060073 0.072273 0.310034 0.012305 0.947895
-0.051835 -0.146975 1.061373 0.073774 0.308921 0.012331 0.948142
-0.051429 -0.146975 1.060541 0.073356 0.310133 0.012602 0.947775
-0.051413 -0.146968 1.060211 0.072836 0.310307 0.012514 0.947759
-0.051374 -0.147168 1.061229 0.073016 0.309696 0.012506 0.947946
-0.051304 -0.147392 1.062272 0.071964 0.309918 0.012348 0.947956
-0.051253 -0.146674 1.060768 0.071323 0.310351 0.011907 0.947868
-0.051248 -0.146716 1.060094 0.072069 0.310281 0.012179 0.947831
-0.051276 -0.146841 1.060156 0.072506 0.309770 0.012355 0.947963
-0.051242 -0.146918 1.059902 0.073758 0.310167 0.012670 0.947732
-0.051304 -0.147444 1.061519 0.073872 0.309456 0.012400 0.947959
-0.051327 -0.147448 1.062085 0.073874 0.309460 0.012531 0.947956
-0.051168 -0.147082 1.059090 0.074339 0.310980 0.012746 0.947419
-0.051204 -0.147150 1.059663 0.073951 0.310310 0.012585 0.947671
-0.051252 -0.147363 1.060539 0.073394 0.310035 0.012286 0.947808
-0.051207 -0.147269 1.059815 0.074250 0.310640 0.012561 0.947540
-0.051294 -0.147232 1.061644 0.073753 0.308962 0.012426 0.948129
-0.051285 -0.147297 1.061457 0.073877 0.309402 0.012382 0.947976
-0.051304 -0.147464 1.061471 0.072220 0.310174 0.011827 0.947859
-0.051357 -0.147440 1.061543 0.072896 0.309490 0.012000 0.948029
-0.051255 -0.147117 1.059680 0.074167 0.310724 0.012866 0.947515
-0.051422 -0.147058 1.060315 0.073511 0.309986 0.012617 0.947811
-0.051525 -0.146918 1.059773 0.072755 0.309760 0.012447 0.947946
-0.051550 -0.146963 1.060027 0.072778 0.309475 0.012466 0.948036
-0.052012 -0.146981 1.059781 0.074490 0.309737 0.012672 0.947815
-0.052079 -0.146961 1.059942 0.073215 0.309349 0.012414 0.948045
-0.052090 -0.147029 1.060278 0.072775 0.309797 0.012407 0.947932
-0.052096 -0.147014 1.060297 0.073005 0.310233 0.012585 0.947770
-0.052126 -0.147021 1.060145 0.072811 0.309694 0.012331 0.947964
-0.052189 -0.147232 1.060920 0.073276 0.309095 0.012339 0.948124
-0.052200 -0.147124 1.060410 0.072357 0.310542 0.012301 0.947722
-0.054257 -0.146403 1.055818 0.074434 0.303175 0.012047 0.949947
-0.055445 -0.145847 1.052031 0.072702 0.299924 0.011416 0.951120
-0.056715 -0.145512 1.050288 0.073680 0.295046 0.011146 0.952573
-0.057894 -0.145095 1.047642 0.072544 0.290465 0.010860 0.954070
-0.059067 -0.144681 1.045241 0.073042 0.285893 0.010943 0.955411
-0.060373 -0.144331 1.042979 0.073436 0.285031 0.010980 0.955638
-0.063193 -0.142986 1.035737 0.074318 0.273907 0.009913 0.958829
-0.064886 -0.142260 1.031438 0.074241 0.266564 0.009120 0.960910
-0.066903 -0.141584 1.027321 0.072660 0.258992 0.008501 0.963105
-0.077115 -0.136996 0.999297 0.074069 0.211864 0.005970 0.974470
-0.078860 -0.135610 0.989845 0.076929 0.203760 0.005085 0.975980
-0.080652 -0.134434 0.982634 0.077551 0.195618 0.003352 0.977603
-0.082503 -0.133557 0.977367 0.074835 0.184808 0.003550 0.979915
-0.089093 -0.128429 0.946493 0.068868 0.135582 -0.000213 0.988370
-0.090088 -0.126290 0.932144 0.080169 0.120834 -0.001440 0.989429
-0.091586 -0.125443 0.927335 0.077907 0.098834 -0.002314 0.992047
-0.091697 -0.123068 0.911884 0.074563 0.101720 -0.004571 0.992004
-0.092545 -0.122128 0.907166 0.075814 0.074036 -0.004892 0.994358
-0.092486 -0.120551 0.896768 0.067944 0.062636 -0.006456 0.995700
-0.092059 -0.118905 0.885061 0.075882 0.052281 -0.006273 0.995726
-0.091797 -0.117605 0.877294 0.080892 0.024708 -0.008742 0.996378
-0.090879 -0.116114 0.866863 0.078465 0.016993 -0.008979 0.996732
-0.090055 -0.114990 0.859646 0.088089 -0.001720 -0.009603 0.996065
-0.089026 -0.113784 0.851543 0.088162 -0.023257 -0.011651 0.995767
-0.087660 -0.112449 0.842049 0.098213 -0.025792 -0.011095 0.994769
-0.086113 -0.110997 0.831835 0.117348 -0.026915 -0.010336 0.992672
-0.084622 -0.109847 0.824096 0.120021 -0.036000 -0.011340 0.992054
-0.083002 -0.108856 0.817082 0.118425 -0.035022 -0.011251 0.992281
-0.080987 -0.107494 0.807748 0.128956 -0.038930 -0.011400 0.990820
-0.078830 -0.106223 0.799650 0.125084 -0.042486 -0.011808 0.991166
-0.076281 -0.104348 0.788799 0.141397 -0.045645 -0.012784 0.988817
-0.073882 -0.103377 0.782698 0.135934 -0.049916 -0.013665 0.989365
-0.071946 -0.103840 0.786480 0.096069 -0.031353 -0.012700 0.994800
-0.069439 -0.103329 0.783905 0.007664 -0.033754 -0.016667 0.999262
-0.066342 -0.102120 0.776496 -0.009043 -0.008117 -0.017101 0.999780
-0.062697 -0.100572 0.764387 0.096529 -0.072158 -0.016471 0.992574
-0.059248 -0.099608 0.757610 0.089103 -0.094809 -0.018631 0.991325
-0.055709 -0.098722 0.751787 0.084702 -0.106365 -0.019664 0.990518
-0.051907 -0.097667 0.744636 0.081901 -0.121998 -0.020816 0.988926
-0.047971 -0.096776 0.738391 0.076204 -0.137974 -0.021925 0.987257
-0.039652 -0.094713 0.724426 0.083073 -0.159860 -0.023773 0.983351
-0.035587 -0.093957 0.719234 0.078052 -0.164998 -0.025124 0.982880
-0.030623 -0.092593 0.709014 0.092822 -0.205585 -0.022919 0.973958
-0.026835 -0.092107 0.707031 0.076897 -0.190751 -0.027091 0.978247
-0.013846 -0.089347 0.689494 0.076380 -0.220106 -0.028509 0.972063
-0.009788 -0.089073 0.686269 0.074768 -0.233201 -0.029932 0.969088
-0.005934 -0.088610 0.682506 0.076357 -0.238862 -0.030064 0.967580
-0.002269 -0.088111 0.678837 0.071476 -0.252086 -0.030843 0.964569
0.001056 -0.087593 0.675029 0.072750 -0.258455 -0.031279 0.962772
0.004187 -0.087067 0.671328 0.074767 -0.262846 -0.031860 0.961409
0.007236 -0.086623 0.668125 0.075208 -0.266342 -0.032309 0.960397
0.010365 -0.086223 0.665298 0.075310 -0.272077 -0.033069 0.958754
0.013540 -0.085874 0.662623 0.074719 -0.277601 -0.033336 0.957206
0.016727 -0.085381 0.659116 0.075075 -0.284429 -0.033567 0.955163
0.019957 -0.084953 0.655761 0.075375 -0.290275 -0.033916 0.953367
0.023245 -0.084563 0.652722 0.074047 -0.296936 -0.033943 0.951417
0.026611 -0.084052 0.651733 0.073661 -0.300890 -0.035329 0.950153
0.029919 -0.083546 0.647933 0.074603 -0.306458 -0.036142 0.948268
0.033371 -0.083168 0.645136 0.075333 -0.312508 -0.036398 0.946223
0.036914 -0.082924 0.642999 0.071231 -0.318509 -0.036267 0.944544
0.051274 -0.081379 0.632652 0.071679 -0.343169 -0.038755 0.935732
0.033386 -0.083469 0.645059 0.078512 -0.315060 -0.033761 0.945216
0.029997 -0.083711 0.647371 0.079117 -0.308688 -0.033540 0.947274
0.026866 -0.083892 0.650007 0.078429 -0.303042 -0.032443 0.949190
0.023944 -0.084286 0.653186 0.078449 -0.297958 -0.031999 0.950812
0.020980 -0.084581 0.655211 0.078269 -0.293435 -0.032789 0.952205
0.018026 -0.085033 0.658461 0.078577 -0.287597 -0.031884 0.953990
0.014875 -0.085363 0.661116 0.080881 -0.281167 -0.031761 0.955717
0.011618 -0.085748 0.663374 0.078995 -0.276647 -0.030731 0.957226
0.008300 -0.086260 0.667172 0.079073 -0.272168 -0.030355 0.958515
0.004826 -0.086773 0.670946 0.079464 -0.265429 -0.029516 0.960397
0.001111 -0.087238 0.674723 0.081860 -0.256259 -0.029838 0.962673
-0.002785 -0.087615 0.677072 0.086682 -0.245535 -0.028875 0.965073
-0.006715 -0.088375 0.682254 0.082817 -0.239783 -0.028013 0.966882
-0.010776 -0.089060 0.687178 0.082428 -0.230870 -0.026704 0.969119
-0.014892 -0.089528 0.689730 0.092928 -0.216884 -0.027014 0.971389
-0.019032 -0.090542 0.696594 0.086929 -0.207126 -0.026080 0.974096
-0.022955 -0.091324 0.701524 0.083826 -0.203724 -0.024670 0.975121
-0.026868 -0.091893 0.705227 0.087300 -0.194265 -0.023607 0.976771
-0.030836 -0.092748 0.711750 0.087277 -0.184206 -0.023771 0.978716
-0.034558 -0.093473 0.716703 0.088449 -0.174801 -0.022909 0.980355
-0.037984 -0.094106 0.720990 0.090270 -0.168164 -0.021954 0.981372
-0.041398 -0.094995 0.727380 0.086627 -0.158517 -0.022078 0.983301
-0.044490 -0.095698 0.732413 0.086937 -0.147469 -0.021276 0.985009
-0.047252 -0.096209 0.735416 0.090937 -0.140983 -0.020356 0.985617
-0.050094 -0.097055 0.741447 0.086551 -0.132873 -0.020153 0.987141
-0.052605 -0.097548 0.745250 0.093869 -0.120985 -0.019367 0.988016
-0.055039 -0.097886 0.748965 0.097390 -0.113353 -0.018496 0.988597
-0.057419 -0.098448 0.752776 0.099533 -0.106199 -0.017520 0.989196
-0.059869 -0.099111 0.757302 0.100970 -0.095323 -0.016560 0.990174
-0.062218 -0.099671 0.761153 0.107060 -0.084181 -0.016486 0.990545
-0.064233 -0.100052 0.763749 0.117831 -0.084357 -0.015881 0.989317
-0.066470 -0.100922 0.769147 0.108900 -0.075648 -0.015420 0.991050
-0.068505 -0.101789 0.775311 0.108245 -0.062796 -0.013722 0.992044
-0.070280 -0.102223 0.778189 0.117238 -0.052904 -0.012767 0.991611
-0.071673 -0.102180 0.777581 0.133194 -0.056828 -0.013005 0.989374
-0.073057 -0.102345 0.778516 0.144300 -0.059055 -0.013170 0.987682
-0.074506 -0.102979 0.782228 0.143960 -0.054757 -0.011682 0.987998
-0.076371 -0.104268 0.791207 0.130545 -0.046845 -0.011292 0.990271
-0.077873 -0.105109 0.797082 0.123672 -0.047006 -0.010998 0.991148
-0.079731 -0.106412 0.807633 -0.029681 -0.029269 -0.016269 0.998998
-0.080499 -0.106247 0.805177 0.126573 -0.052534 -0.011542 0.990498
-0.081910 -0.107057 0.810396 0.128081 -0.039355 -0.010434 0.990928
-0.083479 -0.108184 0.818470 0.116745 -0.040241 -0.010599 0.992290
-0.084933 -0.109111 0.824986 0.112657 -0.044546 -0.011505 0.992568
-0.086312 -0.110102 0.831675 0.116052 -0.030363 -0.010061 0.992728
-0.087952 -0.111584 0.841952 0.097630 -0.026986 -0.010678 0.994800
-0.089384 -0.112922 0.851700 0.091031 -0.025721 -0.011209 0.995453
-0.090592 -0.114266 0.860917 0.083518 -0.011432 -0.010554 0.996385
-0.091482 -0.115496 0.869524 0.068870 0.013756 -0.009520 0.997485
-0.092170 -0.116561 0.876748 0.071352 0.019727 -0.009140 0.997214
-0.092634 -0.117660 0.884128 0.078579 0.034291 -0.007507 0.996290
-0.092785 -0.118488 0.889429 0.076430 0.053645 -0.006609 0.995609
-0.092939 -0.119413 0.895900 0.072419 0.063403 -0.006368 0.995337
-0.093018 -0.120365 0.902045 0.075188 0.074965 -0.005041 0.994335
-0.093116 -0.121198 0.908100 0.072289 0.074117 -0.005140 0.994613
-0.092809 -0.121660 0.910445 0.076816 0.089517 -0.004109 0.993010
-0.092586 -0.122059 0.912980 0.079131 0.095021 -0.003728 0.992318
-0.092396 -0.122552 0.916477 0.077649 0.098553 -0.003733 0.992091
-0.092271 -0.123183 0.920760 0.078727 0.098748 -0.003632 0.991987
-0.091985 -0.123808 0.925019 0.074973 0.108499 -0.003231 0.991260
-0.091835 -0.124695 0.931458 0.070953 0.111540 -0.003221 0.991218
-0.091429 -0.125434 0.936049 0.076929 0.115467 -0.002538 0.990325
-0.090532 -0.125922 0.938429 0.081562 0.128615 -0.001129 0.988334
-0.089638 -0.126733 0.943695 0.084058 0.137574 -0.001166 0.986917
-0.088773 -0.128154 0.954132 0.077252 0.145182 -0.000365 0.986384
-0.087595 -0.129432 0.962218 0.075824 0.156117 0.000981 0.984823
-0.085960 -0.130242 0.966934 0.078120 0.167207 0.001117 0.982821
-0.084252 -0.131446 0.974349 0.076885 0.180054 0.002357 0.980645
-0.082803 -0.132859 0.984307 0.075623 0.186374 0.002513 0.979561
-0.080933 -0.133777 0.989448 0.075677 0.198589 0.003257 0.977151
-0.079088 -0.134327 0.992214 0.078196 0.207391 0.003951 0.975120
-0.077642 -0.135370 0.998773 0.076624 0.215761 0.004248 0.973426
-0.073876 -0.137434 1.012376 0.075754 0.233473 0.005410 0.969393
-0.072498 -0.137820 1.014030 0.076160 0.239350 0.005658 0.967925
-0.071057 -0.138416 1.017065 0.077896 0.246096 0.007472 0.966081
-0.067391 -0.140270 1.029388 0.073951 0.258487 0.008029 0.963146
-0.066254 -0.140833 1.031769 0.074400 0.266457 0.007898 0.960938
-0.064083 -0.141587 1.034261 0.075558 0.273547 0.009040 0.958844
-0.063314 -0.142237 1.038747 0.075617 0.275606 0.009532 0.958244
-0.061734 -0.142700 1.041435 0.074271 0.282401 0.009105 0.956374
-0.061163 -0.143105 1.044501 0.074820 0.282196 0.009272 0.956390
-0.060339 -0.143391 1.045974 0.072462 0.287444 0.010236 0.954998
-0.059683 -0.143603 1.047408 0.072098 0.287940 0.010187 0.954876
-0.059079 -0.143700 1.047627 0.073612 0.291731 0.010017 0.953611
-0.058517 -0.144053 1.050014 0.073047 0.291084 0.010846 0.953843
-0.057268 -0.144406 1.051932 0.072510 0.296427 0.010739 0.952239
-0.057006 -0.144560 1.052707 0.074665 0.296721 0.010900 0.951979
-0.056232 -0.144951 1.055521 0.073607 0.299024 0.010931 0.951340
-0.055677 -0.145027 1.055640 0.070751 0.303002 0.010649 0.950300
-0.055251 -0.145186 1.056934 0.072646 0.301151 0.010765 0.950744
-0.054714 -0.145304 1.057356 0.071454 0.303967 0.010659 0.949939
-0.054212 -0.145531 1.058864 0.069518 0.306301 0.010569 0.949334
-0.053063 -0.145694 1.059108 0.072493 0.309262 0.011427 0.948141
-0.052652 -0.145912 1.060111 0.073053 0.309577 0.011591 0.947993
-0.052623 -0.145886 1.059832 0.073312 0.309787 0.011688 0.947903
-0.052631 -0.145874 1.059599 0.073338 0.309312 0.011574 0.948058
-0.052635 -0.145457 1.060547 0.073599 0.308922 0.012025 0.948159
-0.052669 -0.145450 1.061045 0.073003 0.308539 0.011755 0.948333
-0.052665 -0.145456 1.061068 0.073113 0.308060 0.011792 0.948480
-0.052680 -0.145531 1.061453 0.073355 0.308237 0.011926 0.948402
-0.052618 -0.146068 1.060937 0.072207 0.307932 0.011905 0.948590
-0.052559 -0.146055 1.060105 0.073128 0.308748 0.012260 0.948249
-0.052555 -0.146103 1.060486 0.072400 0.309292 0.011783 0.948134
-0.052493 -0.146120 1.060139 0.072481 0.308670 0.012325 0.948323
-0.052443 -0.146148 1.059990 0.072624 0.308755 0.012551 0.948282
-0.052351 -0.146321 1.061086 0.071868 0.308532 0.012260 0.948416
-0.052326 -0.146335 1.060629 0.071891 0.308712 0.012148 0.948357
-0.052117 -0.146284 1.059865 0.073206 0.308782 0.012071 0.948235
-0.052293 -0.146263 1.061288 0.072698 0.308490 0.011928 0.948370
-0.052374 -0.146076 1.060004 0.072168 0.309753 0.012411 0.947993
-0.052507 -0.146092 1.060498 0.072941 0.308703 0.012200 0.948279
-0.051948 -0.146529 1.060663 0.072572 0.309034 0.011934 0.948203
-0.051900 -0.146614 1.061209 0.072760 0.309511 0.011572 0.948038
-0.051970 -0.146534 1.060136 0.073152 0.308573 0.011798 0.948310
-0.051704 -0.146600 1.060485 0.071987 0.309436 0.011836 0.948118
-0.051616 -0.146613 1.061146 0.072397 0.309033 0.012017 0.948216
-0.051570 -0.146562 1.060851 0.071886 0.309072 0.011741 0.948245
-0.051467 -0.146597 1.061000 0.071648 0.309069 0.011611 0.948266
-0.051365 -0.146950 1.061093 0.073062 0.309148 0.012214 0.948124
-0.051325 -0.146963 1.060391 0.073491 0.309841 0.012251 0.947865
-0.051328 -0.147166 1.061000 0.074354 0.308412 0.012004 0.948266
-0.051175 -0.147145 1.060707 0.072945 0.310030 0.012138 0.947847
-0.051137 -0.147174 1.060879 0.073211 0.310567 0.012499 0.947646
-0.051117 -0.147147 1.060808 0.072534 0.309826 0.012281 0.947943
-0.051217 -0.146733 1.059531 0.072570 0.311118 0.011761 0.947524
-0.051643 -0.146319 1.061356 0.072236 0.309329 0.012023 0.948131
-0.052498 -0.145734 1.061285 0.071623 0.307619 0.011916 0.948735
-0.052500 -0.145634 1.060434 0.071537 0.308054 0.011955 0.948600
