0.055117 -0.056193 1.018526 0.056368 -0.040068 -0.013113 0.997520
0.054850 -0.055613 1.016046 0.063015 -0.039986 -0.013334 0.997122
0.055442 -0.055539 1.016103 0.067293 -0.034166 -0.013511 0.997057
0.055251 -0.055659 1.014411 0.068495 -0.037380 -0.014018 0.996852
0.055259 -0.055738 1.017805 0.050971 -0.038110 -0.012994 0.997888
0.055068 -0.055567 1.015177 0.071240 -0.038449 -0.015534 0.996597
0.055113 -0.055921 1.016149 0.062399 -0.032996 -0.013816 0.997410
0.055211 -0.055575 1.018132 0.057087 -0.032061 -0.012969 0.997770
0.055238 -0.055626 1.018106 0.058300 -0.034903 -0.013459 0.997598
0.055202 -0.055945 1.017921 0.057791 -0.032404 -0.013571 0.997710
0.055119 -0.055471 1.016709 0.059649 -0.036901 -0.013825 0.997441
0.055097 -0.055606 1.016521 0.061004 -0.037660 -0.014026 0.997328
0.055116 -0.055482 1.017251 0.058101 -0.033611 -0.013758 0.997650
0.055250 -0.055910 1.019825 0.055021 -0.032952 -0.013410 0.997851
0.055061 -0.055396 1.016177 0.056845 -0.039804 -0.013261 0.997501
0.054969 -0.055511 1.016035 0.063704 -0.038051 -0.013866 0.997147
0.054893 -0.055716 1.015517 0.067238 -0.035687 -0.014020 0.997000
0.054969 -0.055806 1.016566 0.060972 -0.037912 -0.013324 0.997330
0.054899 -0.055676 1.015229 0.064118 -0.038133 -0.013877 0.997117
0.055085 -0.055854 1.017793 0.054339 -0.033203 -0.013024 0.997885
0.055071 -0.055968 1.017581 0.060349 -0.031427 -0.012975 0.997598
0.055095 -0.056120 1.017636 0.059526 -0.032477 -0.012867 0.997615
0.054905 -0.055661 1.014393 0.071835 -0.036124 -0.014594 0.996655
0.055105 -0.056006 1.017579 0.062503 -0.031200 -0.013146 0.997470
0.055088 -0.056103 1.017103 0.059197 -0.033343 -0.013144 0.997603
0.055038 -0.055693 1.015909 0.059806 -0.039387 -0.013926 0.997335
0.055250 -0.056146 1.018768 0.057212 -0.030736 -0.012967 0.997805
0.055115 -0.056026 1.016495 0.056511 -0.037997 -0.013630 0.997586
0.055197 -0.056032 1.017774 0.056065 -0.033605 -0.013361 0.997772
0.055208 -0.056038 1.018050 0.055165 -0.033469 -0.013415 0.997826
0.055237 -0.055797 1.016954 0.057633 -0.040880 -0.013930 0.997403
0.055179 -0.055543 1.015329 0.063746 -0.043817 -0.014326 0.996901
0.055192 -0.055563 1.015364 0.063970 -0.043487 -0.014396 0.996900
0.055194 -0.055595 1.015629 0.064611 -0.039167 -0.014188 0.997041
0.055212 -0.055597 1.015807 0.061546 -0.040306 -0.014100 0.997190
0.055290 -0.055594 1.015372 0.063189 -0.039772 -0.013904 0.997112
0.055442 -0.055639 1.015595 0.063169 -0.041733 -0.013435 0.997039
0.055423 -0.055605 1.015142 0.063640 -0.043032 -0.013504 0.996953
0.055455 -0.055584 1.015051 0.065761 -0.042320 -0.013567 0.996845
0.055465 -0.055604 1.015249 0.064800 -0.042446 -0.013540 0.996903
0.055472 -0.055597 1.015286 0.065676 -0.042513 -0.013585 0.996842
0.055442 -0.055592 1.014995 0.064794 -0.042708 -0.013636 0.996891
0.055438 -0.055630 1.015092 0.065998 -0.042038 -0.013840 0.996838
0.055434 -0.055684 1.015423 0.065542 -0.039856 -0.013855 0.996957
0.055465 -0.055727 1.016082 0.065621 -0.037383 -0.013779 0.997049
0.055473 -0.056216 1.016217 0.057520 -0.040988 -0.013138 0.997416
0.055447 -0.056199 1.015754 0.059500 -0.042401 -0.013423 0.997237
0.055501 -0.056078 1.017402 0.056137 -0.037741 -0.012930 0.997626
0.055529 -0.056201 1.018007 0.054775 -0.036364 -0.012597 0.997757
0.055449 -0.056187 1.016956 0.056471 -0.039093 -0.013024 0.997554
0.055380 -0.056138 1.016505 0.058775 -0.034796 -0.013048 0.997579
0.055407 -0.056185 1.016664 0.056401 -0.036634 -0.012757 0.997654
0.055361 -0.056135 1.015676 0.059770 -0.038305 -0.013273 0.997389
0.055376 -0.056096 1.015689 0.060314 -0.034568 -0.013213 0.997493
0.055621 -0.056051 1.015405 0.062702 -0.035680 -0.012426 0.997317
0.055702 -0.055965 1.014315 0.061031 -0.032225 -0.012898 0.997532
0.055850 -0.055871 1.012962 0.061222 -0.036201 -0.013526 0.997376
0.055918 -0.055641 1.010743 0.065707 -0.038491 -0.014041 0.996997
0.056018 -0.055339 1.008847 0.067812 -0.045041 -0.013912 0.996584
0.056306 -0.055650 1.012181 0.055153 -0.036263 -0.012771 0.997737
0.056322 -0.055385 1.009326 0.063033 -0.037722 -0.013580 0.997206
0.056407 -0.055376 1.008989 0.062363 -0.034855 -0.013881 0.997348
0.056537 -0.055373 1.007190 0.065763 -0.034854 -0.013933 0.997129
0.056768 -0.055564 1.006896 0.061734 -0.038037 -0.013801 0.997272
0.057062 -0.055275 1.006798 0.063476 -0.036481 -0.013665 0.997223
0.057168 -0.055039 1.004952 0.067956 -0.031132 -0.013705 0.997108
0.057446 -0.054985 1.005391 0.053798 -0.036893 -0.013924 0.997773
0.057458 -0.055085 1.001527 0.063761 -0.038468 -0.013675 0.997130
0.057696 -0.055263 1.002739 0.060282 -0.040045 -0.013934 0.997280
0.057750 -0.054865 1.001364 0.061033 -0.035965 -0.013413 0.997397
0.057889 -0.055144 1.001747 0.059586 -0.036027 -0.013896 0.997476
0.057944 -0.055253 1.001056 0.057332 -0.036368 -0.013398 0.997603
0.058108 -0.055373 1.000235 0.057793 -0.037442 -0.013454 0.997535
0.058143 -0.055370 0.998432 0.060594 -0.040985 -0.014045 0.997222
0.058255 -0.055374 0.998819 0.057549 -0.034359 -0.013410 0.997661
0.058223 -0.054719 0.997581 0.059219 -0.038785 -0.014083 0.997392
0.058227 -0.054426 0.998044 0.058014 -0.037026 -0.013251 0.997541
0.057914 -0.054411 0.998208 0.055287 -0.037269 -0.013706 0.997681
0.057917 -0.054415 0.996563 0.059307 -0.039108 -0.014042 0.997375
0.057969 -0.054505 0.995694 0.057415 -0.038599 -0.013961 0.997506
0.058110 -0.054452 0.995347 0.052957 -0.040861 -0.013898 0.997664
0.058145 -0.054360 0.994565 0.056103 -0.041270 -0.014088 0.997472
0.058239 -0.054321 0.994400 0.056511 -0.037996 -0.013843 0.997583
0.058375 -0.054409 0.993799 0.056718 -0.042289 -0.013405 0.997404
0.058482 -0.054470 0.992132 0.060688 -0.045638 -0.014075 0.997014
0.058495 -0.054607 0.992164 0.055893 -0.038942 -0.014005 0.997579
0.058622 -0.054613 0.991791 0.054849 -0.035061 -0.014338 0.997776
0.058601 -0.054300 0.990701 0.049577 -0.038149 -0.013642 0.997948
0.058262 -0.053300 0.986288 0.051976 -0.044355 -0.014361 0.997559
0.058970 -0.052018 0.985666 0.043897 -0.038091 -0.013721 0.998215
0.059728 -0.050961 0.975667 0.057249 -0.038575 -0.014614 0.997507
0.061074 -0.049965 0.969949 0.058534 -0.035118 -0.014930 0.997556
0.062122 -0.048877 0.960712 0.048628 -0.040530 -0.013287 0.997906
0.063149 -0.047641 0.951516 0.064068 -0.040406 -0.015406 0.997008
0.065184 -0.047273 0.957147 -0.026115 0.115213 -0.008652 0.992960
0.065277 -0.046044 0.938258 0.061034 -0.048866 -0.014764 0.996829
0.066397 -0.045673 0.935118 0.038345 -0.051504 -0.012280 0.997861
0.067112 -0.044893 0.929397 0.059730 -0.038097 -0.014742 0.997378
0.067432 -0.044007 0.920078 0.077584 -0.034646 -0.016684 0.996244
0.068690 -0.043919 0.922007 0.045797 -0.042180 -0.013646 0.997967
0.069529 -0.043558 0.918645 0.038039 -0.043667 -0.012553 0.998243
0.069705 -0.042560 0.907911 0.065299 -0.051231 -0.017019 0.996404
0.071577 -0.042302 0.915999 -0.038144 0.132405 -0.008561 0.990424
0.071574 -0.041115 0.901911 0.054663 -0.046788 -0.015331 0.997290
0.072247 -0.040406 0.895652 0.059968 -0.039194 -0.015085 0.997316
0.073404 -0.039934 0.894847 0.052048 -0.037544 -0.014835 0.997828
0.074011 -0.039276 0.887695 0.051183 -0.042822 -0.014839 0.997661
0.074868 -0.038701 0.883154 0.055781 -0.039348 -0.014681 0.997559
0.075359 -0.037957 0.874463 0.062570 -0.045343 -0.016168 0.996879
0.076332 -0.037521 0.872066 0.055026 -0.041060 -0.015406 0.997521
0.077049 -0.036932 0.866522 0.052511 -0.043977 -0.015326 0.997534
0.077809 -0.036348 0.861987 0.050237 -0.040858 -0.015031 0.997788
0.078503 -0.035717 0.855635 0.056004 -0.044756 -0.015587 0.997305
0.079380 -0.035236 0.852087 0.053235 -0.041333 -0.015005 0.997613
0.079937 -0.034662 0.846568 0.060299 -0.045194 -0.015404 0.997038
0.080512 -0.034307 0.844140 0.059236 -0.044175 -0.015110 0.997152
0.080835 -0.033921 0.839882 0.060913 -0.043212 -0.015814 0.997082
0.081478 -0.033688 0.838749 0.057959 -0.038241 -0.015331 0.997468
0.082004 -0.033539 0.836027 0.054798 -0.042771 -0.015378 0.997462
0.082389 -0.033256 0.832911 0.055854 -0.042037 -0.015197 0.997438
0.082735 -0.032930 0.829042 0.058547 -0.042476 -0.016071 0.997251
0.083249 -0.032702 0.826321 0.054228 -0.043433 -0.016133 0.997453
0.083860 -0.032342 0.823414 0.052168 -0.042166 -0.015405 0.997629
0.084324 -0.031880 0.819092 0.052838 -0.039770 -0.016173 0.997680
0.085054 -0.031762 0.815307 0.054351 -0.041932 -0.016330 0.997507
0.085832 -0.031439 0.812068 0.048734 -0.044547 -0.015787 0.997693
0.086547 -0.030859 0.807076 0.051090 -0.040446 -0.015305 0.997757
0.087238 -0.030373 0.802778 0.047044 -0.044673 -0.014990 0.997781
0.087955 -0.029893 0.799485 0.047796 -0.037380 -0.015464 0.998038
0.088286 -0.029281 0.792647 0.059568 -0.039576 -0.017481 0.997286
0.089526 -0.029078 0.792356 0.041448 -0.044810 -0.014558 0.998029
0.089872 -0.028564 0.786583 0.048386 -0.041457 -0.015680 0.997845
0.089979 -0.027822 0.777895 0.064052 -0.047508 -0.019010 0.996634
0.091265 -0.027585 0.778835 0.045714 -0.040483 -0.015321 0.998016
0.091883 -0.027060 0.773818 0.046273 -0.044186 -0.015773 0.997826
0.092413 -0.026466 0.768965 0.049883 -0.040349 -0.016539 0.997803
0.093079 -0.025782 0.763875 0.053067 -0.041154 -0.016688 0.997603
0.094092 -0.025379 0.762386 0.043882 -0.041206 -0.015463 0.998067
0.094636 -0.024909 0.756230 0.049117 -0.044272 -0.015634 0.997689
0.095293 -0.024364 0.752511 0.050330 -0.038240 -0.016304 0.997867
0.095906 -0.023693 0.747314 0.050599 -0.045264 -0.016775 0.997552
0.096658 -0.023262 0.743725 0.049534 -0.043895 -0.016405 0.997673
0.097056 -0.022639 0.737867 0.052978 -0.045639 -0.017171 0.997404
0.097622 -0.022139 0.734188 0.052162 -0.044901 -0.016926 0.997485
0.098261 -0.021834 0.730805 0.048539 -0.047580 -0.016619 0.997549
0.099002 -0.021514 0.728459 0.048599 -0.045746 -0.016800 0.997629
0.099553 -0.021052 0.724139 0.051236 -0.045464 -0.016810 0.997510
0.100045 -0.020684 0.720386 0.050284 -0.047103 -0.017123 0.997477
0.100547 -0.020187 0.716973 0.053537 -0.041253 -0.017460 0.997561
0.101178 -0.019802 0.713747 0.048848 -0.046230 -0.017086 0.997589
0.101772 -0.019474 0.711043 0.049429 -0.041622 -0.017319 0.997760
0.102160 -0.019040 0.706954 0.048989 -0.044744 -0.017637 0.997641
0.102668 -0.018709 0.703719 0.049947 -0.044554 -0.017347 0.997607
0.103118 -0.018303 0.700903 0.054660 -0.041348 -0.018335 0.997480
0.103510 -0.018013 0.697284 0.049549 -0.045611 -0.017036 0.997584
0.104201 -0.017679 0.696431 0.048578 -0.041702 -0.017326 0.997798
0.104353 -0.017207 0.691936 0.053699 -0.042088 -0.017991 0.997508
0.104739 -0.016771 0.689281 0.054491 -0.043393 -0.017964 0.997409
0.105373 -0.016616 0.688355 0.049842 -0.042619 -0.017360 0.997696
0.105663 -0.016319 0.685583 0.048726 -0.043991 -0.017057 0.997697
0.105818 -0.016038 0.681726 0.051744 -0.045439 -0.018062 0.997463
0.106309 -0.015880 0.679967 0.051338 -0.044494 -0.018074 0.997526
0.106669 -0.015601 0.677713 0.054216 -0.039038 -0.018809 0.997589
0.107040 -0.015371 0.674925 0.050169 -0.044226 -0.017991 0.997599
0.107478 -0.015085 0.672676 0.051156 -0.046025 -0.017463 0.997477
0.107925 -0.014699 0.671099 0.053118 -0.043390 -0.018561 0.997472
0.108229 -0.014524 0.668827 0.050661 -0.042802 -0.018053 0.997635
0.108486 -0.014269 0.666699 0.050958 -0.043324 -0.018170 0.997595
0.108834 -0.013982 0.665032 0.051134 -0.043269 -0.018038 0.997591
0.109140 -0.013833 0.663528 0.049253 -0.043124 -0.017866 0.997695
0.109406 -0.013606 0.661533 0.051252 -0.043022 -0.018157 0.997593
0.109731 -0.013491 0.659999 0.050635 -0.041390 -0.018312 0.997691
0.110088 -0.013136 0.658170 0.050755 -0.039588 -0.018303 0.997758
0.110444 -0.012917 0.656136 0.050217 -0.040621 -0.018142 0.997747
0.110699 -0.012649 0.653159 0.051554 -0.041599 -0.018355 0.997635
0.111272 -0.012402 0.652404 0.048857 -0.039840 -0.018032 0.997848
0.111509 -0.012170 0.650014 0.050781 -0.039971 -0.018440 0.997739
0.111771 -0.011962 0.647607 0.049225 -0.041794 -0.017865 0.997753
0.112120 -0.011630 0.645685 0.048220 -0.042792 -0.017721 0.997762
0.112512 -0.011343 0.644162 0.050560 -0.040402 -0.018231 0.997737
0.112788 -0.011111 0.641995 0.050696 -0.041807 -0.018430 0.997669
0.113114 -0.010936 0.639999 0.049281 -0.043202 -0.018173 0.997685
0.113414 -0.010740 0.637948 0.049908 -0.042062 -0.018536 0.997696
0.113701 -0.010497 0.635633 0.050031 -0.043226 -0.018520 0.997640
0.114103 -0.010237 0.633297 0.051211 -0.044403 -0.018525 0.997528
0.114429 -0.009943 0.630978 0.050559 -0.044949 -0.018809 0.997532
0.114760 -0.009659 0.628439 0.049173 -0.044943 -0.018647 0.997604
0.115298 -0.009257 0.626426 0.047809 -0.046365 -0.018613 0.997606
0.116001 -0.008767 0.623673 0.046280 -0.047531 -0.018146 0.997632
0.116607 -0.008208 0.619580 0.049653 -0.048854 -0.018554 0.997398
0.117505 -0.007722 0.617738 0.048374 -0.043307 -0.018287 0.997722
0.117855 -0.007222 0.612458 0.046679 -0.046919 -0.017738 0.997650
0.118380 -0.006535 0.608262 0.051303 -0.047826 -0.018836 0.997359
0.119086 -0.006078 0.605659 0.051097 -0.046837 -0.018229 0.997428
0.119324 -0.005774 0.601523 0.052418 -0.048196 -0.018636 0.997287
0.120111 -0.005490 0.600247 0.049794 -0.045031 -0.018569 0.997571
0.120335 -0.005221 0.596630 0.051874 -0.045403 -0.019446 0.997431
0.120764 -0.004968 0.594003 0.050575 -0.046261 -0.018719 0.997473
0.121189 -0.004643 0.591366 0.050539 -0.046284 -0.019143 0.997465
0.121801 -0.004317 0.589526 0.047494 -0.044980 -0.018694 0.997683
0.122124 -0.003968 0.586282 0.049740 -0.044889 -0.019149 0.997569
0.122629 -0.003350 0.583541 0.048536 -0.045793 -0.019240 0.997586
0.123175 -0.002829 0.580665 0.047942 -0.045768 -0.018742 0.997625
0.123588 -0.002410 0.577259 0.047821 -0.045943 -0.018532 0.997627
0.124085 -0.001865 0.574093 0.049746 -0.045266 -0.019152 0.997552
0.124704 -0.001413 0.571195 0.047564 -0.044874 -0.018684 0.997685
0.125364 -0.000991 0.568007 0.049607 -0.044323 -0.018830 0.997607
0.126625 -0.000894 0.567792 0.052596 -0.044833 -0.018935 0.997429
0.127110 -0.001242 0.568327 0.053050 -0.044838 -0.018992 0.997404
0.126637 -0.001327 0.569638 0.047027 -0.045001 -0.019060 0.997697
0.126312 -0.001380 0.569032 0.048656 -0.045366 -0.019176 0.997601
0.126757 -0.001388 0.568287 0.053359 -0.046577 -0.019250 0.997303
0.126760 -0.001380 0.568361 0.051453 -0.045424 -0.019261 0.997456
0.126684 -0.001403 0.568648 0.049682 -0.045578 -0.019305 0.997538
0.126806 -0.001407 0.568096 0.050370 -0.046785 -0.019108 0.997451
0.126827 -0.001366 0.568381 0.051339 -0.045354 -0.019145 0.997467
0.126794 -0.001307 0.568369 0.050936 -0.046327 -0.019086 0.997444
0.126728 -0.001255 0.568157 0.049644 -0.047029 -0.018888 0.997480
0.126637 -0.001164 0.567902 0.051110 -0.047666 -0.019089 0.997372
0.126723 -0.001084 0.568410 0.050180 -0.046764 -0.018712 0.997469
0.126658 -0.001016 0.568300 0.050147 -0.046529 -0.018898 0.997478
0.126664 -0.000954 0.568492 0.050530 -0.045902 -0.018834 0.997489
0.126690 -0.000923 0.568672 0.050747 -0.045186 -0.018665 0.997514
0.126684 -0.000910 0.568829 0.050535 -0.044539 -0.018767 0.997552
0.126646 -0.000881 0.568786 0.050608 -0.045451 -0.018880 0.997505
0.126669 -0.000876 0.569067 0.049410 -0.047182 -0.018617 0.997490
0.126602 -0.000856 0.568941 0.050393 -0.046395 -0.018778 0.997475
0.126518 -0.000836 0.568902 0.050575 -0.046804 -0.018855 0.997445
0.126525 -0.000803 0.569207 0.050206 -0.045671 -0.018621 0.997520
0.126491 -0.000786 0.569200 0.050076 -0.046552 -0.018495 0.997488
0.126277 -0.000717 0.569205 0.050738 -0.045942 -0.018747 0.997479
0.126303 -0.000717 0.569540 0.049791 -0.045311 -0.018313 0.997563
0.126133 -0.000724 0.569601 0.050848 -0.046633 -0.018427 0.997447
0.126085 -0.000718 0.570232 0.050338 -0.046116 -0.018318 0.997499
0.125921 -0.000736 0.570448 0.051350 -0.046577 -0.018509 0.997422
0.125729 -0.000820 0.570708 0.050549 -0.046928 -0.018276 0.997451
0.125681 -0.000853 0.571774 0.051278 -0.047035 -0.018456 0.997405
0.125508 -0.000989 0.572771 0.051162 -0.046820 -0.018278 0.997425
0.125213 -0.001097 0.574157 0.051342 -0.044716 -0.018420 0.997509
0.124792 -0.001244 0.575234 0.051745 -0.046164 -0.017814 0.997434
0.124290 -0.001444 0.577045 0.052659 -0.045875 -0.018199 0.997392
0.123786 -0.001684 0.579236 0.050029 -0.048715 -0.017637 0.997403
0.123042 -0.002046 0.581117 0.051738 -0.046783 -0.017768 0.997406
0.122532 -0.002339 0.583697 0.053195 -0.046193 -0.017891 0.997355
0.122049 -0.002811 0.587067 0.052563 -0.044340 -0.017781 0.997474
0.121506 -0.003299 0.590210 0.053311 -0.046321 -0.017991 0.997341
0.120883 -0.003847 0.593962 0.055634 -0.045302 -0.018374 0.997254
0.120026 -0.004412 0.596794 0.055929 -0.047565 -0.018325 0.997133
0.119469 -0.004996 0.601987 0.054270 -0.045652 -0.017687 0.997325
0.118980 -0.005625 0.606653 0.051496 -0.047839 -0.017618 0.997371
0.118164 -0.006123 0.610144 0.053124 -0.048092 -0.018002 0.997267
0.117588 -0.006600 0.613264 0.050733 -0.048703 -0.017398 0.997372
0.117055 -0.006856 0.615588 0.055099 -0.048916 -0.018720 0.997106
0.116903 -0.007081 0.619456 0.052442 -0.044537 -0.017904 0.997470
0.116409 -0.007374 0.620583 0.051964 -0.047927 -0.017545 0.997344
0.116192 -0.007561 0.622708 0.052621 -0.047073 -0.017660 0.997348
0.115919 -0.007727 0.624489 0.053115 -0.046842 -0.017705 0.997332
0.115900 -0.007851 0.625894 0.051668 -0.048526 -0.017544 0.997330
0.115762 -0.007907 0.626509 0.050751 -0.047634 -0.017276 0.997425
0.115698 -0.007821 0.626217 0.052540 -0.047724 -0.017632 0.997322
0.115699 -0.007797 0.626283 0.052297 -0.047486 -0.017449 0.997349
0.115677 -0.007712 0.626382 0.053512 -0.046669 -0.017822 0.997317
0.115654 -0.007732 0.627135 0.052579 -0.049060 -0.017358 0.997260
0.115491 -0.007864 0.628471 0.053546 -0.045588 -0.017119 0.997377
0.115124 -0.008028 0.630344 0.055331 -0.044654 -0.017576 0.997314
0.114842 -0.008347 0.632773 0.054628 -0.044399 -0.017426 0.997367
0.114785 -0.008697 0.634679 0.050314 -0.045415 -0.017559 0.997546
0.115015 -0.008748 0.635198 0.049738 -0.045824 -0.017603 0.997555
0.114896 -0.008742 0.634747 0.051751 -0.044985 -0.017494 0.997493
0.114887 -0.008777 0.634559 0.051744 -0.045852 -0.017206 0.997459
0.114861 -0.008961 0.633848 0.051341 -0.045903 -0.017718 0.997468
0.114698 -0.009053 0.633031 0.050890 -0.045478 -0.017778 0.997510
0.114766 -0.009067 0.632580 0.053174 -0.045585 -0.017876 0.997384
0.114928 -0.009112 0.632625 0.051074 -0.046477 -0.017796 0.997454
0.114914 -0.009115 0.632580 0.050898 -0.046385 -0.017737 0.997468
0.114949 -0.009105 0.632863 0.050851 -0.045182 -0.017921 0.997523
0.114869 -0.009084 0.632531 0.051051 -0.046246 -0.017850 0.997465
0.114878 -0.009116 0.632571 0.050440 -0.046755 -0.017809 0.997473
0.114891 -0.009099 0.632628 0.050228 -0.045770 -0.017794 0.997530
0.114881 -0.009102 0.632544 0.050527 -0.045880 -0.017956 0.997507
0.114893 -0.009090 0.632556 0.050352 -0.046056 -0.017838 0.997510
0.114928 -0.009084 0.632533 0.050608 -0.046155 -0.017696 0.997495
0.114934 -0.009078 0.632464 0.050965 -0.045684 -0.017833 0.997496
0.114995 -0.009068 0.632549 0.050033 -0.045924 -0.017638 0.997535
0.115096 -0.009095 0.632917 0.050940 -0.044866 -0.017794 0.997535
0.115170 -0.009355 0.633009 0.051319 -0.043709 -0.017715 0.997568
0.115124 -0.009301 0.632655 0.051865 -0.045059 -0.017788 0.997478
0.115156 -0.009214 0.632410 0.053332 -0.046373 -0.017795 0.997341
0.115174 -0.009203 0.632502 0.052454 -0.046245 -0.017635 0.997396
0.115167 -0.009186 0.632429 0.052776 -0.046079 -0.017707 0.997386
0.115179 -0.009187 0.632470 0.052522 -0.046591 -0.017658 0.997376
0.115192 -0.009132 0.632576 0.053191 -0.045052 -0.017857 0.997408
0.115281 -0.008952 0.632869 0.050910 -0.045469 -0.017434 0.997515
0.115320 -0.008767 0.632197 0.051698 -0.045873 -0.017917 0.997448
0.115306 -0.008684 0.631692 0.052208 -0.047032 -0.018056 0.997365
0.115388 -0.008599 0.631766 0.052136 -0.046187 -0.017824 0.997412
0.115393 -0.008599 0.631944 0.050643 -0.046110 -0.017768 0.997494
0.115368 -0.008522 0.631991 0.049880 -0.046256 -0.017622 0.997528
0.115158 -0.008546 0.631762 0.052467 -0.046567 -0.017716 0.997379
0.114810 -0.008589 0.632908 0.053953 -0.045547 -0.017664 0.997348
0.114469 -0.008847 0.634396 0.054478 -0.047144 -0.017725 0.997244
0.114166 -0.009183 0.638675 0.053673 -0.042822 -0.017821 0.997481
0.113356 -0.009766 0.642604 0.056174 -0.042994 -0.018080 0.997331
0.112675 -0.010408 0.647302 0.057440 -0.041654 -0.018272 0.997312
0.111955 -0.011171 0.652754 0.056448 -0.043533 -0.017775 0.997298
0.111023 -0.011853 0.658500 0.053709 -0.043747 -0.017277 0.997448
0.110455 -0.012746 0.664490 0.054001 -0.041128 -0.017543 0.997539
0.109907 -0.013439 0.667251 0.051928 -0.045947 -0.017705 0.997436
0.109398 -0.013462 0.668687 0.052738 -0.043689 -0.017449 0.997500
0.109568 -0.013579 0.669721 0.055118 -0.042510 -0.017522 0.997421
0.109440 -0.013680 0.670178 0.053498 -0.042813 -0.017533 0.997496
0.109368 -0.013733 0.670615 0.051338 -0.043188 -0.017567 0.997592
0.109086 -0.013779 0.669813 0.056587 -0.045857 -0.017711 0.997187
0.108993 -0.013810 0.672047 0.055524 -0.043556 -0.017742 0.997349
0.108736 -0.014246 0.674414 0.056688 -0.046021 -0.017031 0.997185
0.107776 -0.014661 0.677438 0.056016 -0.045643 -0.016718 0.997246
0.107059 -0.015082 0.680639 0.060896 -0.042295 -0.018027 0.997085
0.106932 -0.015740 0.688158 0.050671 -0.044574 -0.015473 0.997600
0.105372 -0.016219 0.689687 0.063342 -0.046738 -0.017796 0.996738
0.104906 -0.017072 0.697350 0.053024 -0.045510 -0.016015 0.997427
0.104051 -0.017674 0.702480 0.058813 -0.044464 -0.017147 0.997131
0.103207 -0.018344 0.708003 0.058169 -0.042900 -0.016354 0.997250
0.102211 -0.018873 0.713202 0.058622 -0.048458 -0.016729 0.996963
0.101388 -0.019391 0.720254 0.055196 -0.044886 -0.016049 0.997337
0.100245 -0.020002 0.724325 0.058773 -0.041347 -0.016194 0.997283
0.099391 -0.020697 0.729556 0.057661 -0.047105 -0.016152 0.997093
0.098537 -0.021307 0.735131 0.060610 -0.047793 -0.017247 0.996867
0.097588 -0.022019 0.739774 0.057141 -0.047998 -0.016328 0.997078
0.096802 -0.022664 0.745557 0.059352 -0.041693 -0.016204 0.997234
0.096027 -0.023304 0.751092 0.053872 -0.042694 -0.015697 0.997511
0.095137 -0.023847 0.754033 0.055810 -0.046050 -0.015971 0.997251
0.094837 -0.024443 0.760465 0.049668 -0.042659 -0.014838 0.997744
0.094190 -0.024885 0.764254 0.052054 -0.040231 -0.015045 0.997720
0.093598 -0.025341 0.767545 0.053289 -0.040631 -0.014794 0.997642
0.092809 -0.025728 0.769802 0.060869 -0.042610 -0.016630 0.997097
0.092400 -0.026334 0.774213 0.053155 -0.048117 -0.014811 0.997316
0.091810 -0.026911 0.778620 0.051124 -0.039851 -0.015011 0.997784
0.090811 -0.027231 0.778238 0.067896 -0.050926 -0.017683 0.996235
0.090924 -0.028090 0.788068 0.046523 -0.048191 -0.014311 0.997651
0.089941 -0.028348 0.789279 0.059693 -0.045611 -0.016508 0.997038
0.089218 -0.028715 0.792405 0.062899 -0.045338 -0.017309 0.996839
0.088916 -0.029342 0.798326 0.051505 -0.045781 -0.014907 0.997511
0.088083 -0.029726 0.801392 0.052248 -0.049278 -0.015237 0.997301
0.087464 -0.030298 0.806373 0.054980 -0.045257 -0.015054 0.997348
0.086676 -0.031005 0.809029 0.061257 -0.046374 -0.015984 0.996916
0.086021 -0.031577 0.813213 0.053685 -0.043641 -0.014324 0.997501
0.085400 -0.031942 0.817317 0.059373 -0.043459 -0.015420 0.997170
0.084651 -0.032277 0.820428 0.061085 -0.047258 -0.016231 0.996881
0.084118 -0.032716 0.825880 0.056034 -0.045378 -0.015291 0.997280
0.083565 -0.033101 0.829989 0.058506 -0.043882 -0.015280 0.997205
0.082915 -0.033455 0.833843 0.060579 -0.042213 -0.015635 0.997148
0.082188 -0.033744 0.836399 0.063619 -0.039491 -0.015465 0.997073
0.081697 -0.034222 0.841435 0.057825 -0.045378 -0.014478 0.997190
0.081093 -0.034656 0.845610 0.055731 -0.047166 -0.015272 0.997214
0.080441 -0.035094 0.849357 0.058558 -0.047552 -0.015002 0.997038
0.079754 -0.035563 0.853346 0.061894 -0.043004 -0.015115 0.997041
0.078924 -0.036064 0.856610 0.058218 -0.050757 -0.014981 0.996900
0.078184 -0.036643 0.862503 0.057656 -0.045177 -0.014322 0.997211
0.077366 -0.037132 0.865567 0.064077 -0.049504 -0.015047 0.996603
0.076709 -0.037805 0.872143 0.061344 -0.044058 -0.014198 0.997043
0.075993 -0.038423 0.878085 0.060656 -0.042397 -0.014590 0.997151
0.075002 -0.038980 0.881584 0.065972 -0.042019 -0.014945 0.996824
0.074184 -0.039657 0.886663 0.062205 -0.048152 -0.014328 0.996798
0.073464 -0.040330 0.893243 0.062354 -0.043334 -0.014364 0.997009
0.072674 -0.041039 0.899396 0.058522 -0.040908 -0.013718 0.997353
0.071342 -0.041354 0.899891 0.072662 -0.043167 -0.015629 0.996299
0.070650 -0.041858 0.906130 0.070643 -0.052085 -0.015026 0.996028
0.070296 -0.042845 0.917885 0.042400 -0.046120 -0.011614 0.997968
0.068824 -0.042967 0.916739 0.073198 -0.043671 -0.015189 0.996245
0.067941 -0.043601 0.921192 0.076766 -0.040902 -0.015737 0.996086
0.067720 -0.044681 0.931980 0.047333 -0.046382 -0.011531 0.997735
0.066507 -0.044950 0.932456 0.064883 -0.046744 -0.014464 0.996692
0.065924 -0.045633 0.940075 0.065503 -0.040205 -0.014553 0.996936
0.064912 -0.046548 0.941671 0.062323 -0.047428 -0.013928 0.996831
0.064358 -0.047483 0.949917 0.066676 -0.035654 -0.013465 0.997047
0.063580 -0.048147 0.955452 0.057984 -0.036739 -0.013561 0.997549
0.062672 -0.048607 0.958000 0.067151 -0.039164 -0.014052 0.996875
0.062046 -0.049431 0.965312 0.057061 -0.039535 -0.013444 0.997497
0.061256 -0.050041 0.969327 0.055892 -0.043595 -0.013174 0.997398
0.060459 -0.050595 0.973821 0.061229 -0.040389 -0.013544 0.997214
0.059711 -0.051229 0.979393 0.061791 -0.030379 -0.012808 0.997544
0.058874 -0.051697 0.982730 0.063036 -0.043885 -0.013616 0.996953
0.058089 -0.052221 0.986309 0.066299 -0.041462 -0.014074 0.996839
0.057329 -0.052531 0.991756 0.068709 -0.036315 -0.013216 0.996888
0.057213 -0.053364 1.007707 -0.038915 0.107270 -0.006957 0.993444
0.055301 -0.053768 1.004465 0.072565 -0.042575 -0.013900 0.996358
0.054086 -0.054946 1.015097 0.058807 -0.046140 -0.013155 0.997116
0.053326 -0.055248 1.018570 0.037062 -0.040547 -0.013989 0.998392
0.053483 -0.054949 1.016062 0.061603 -0.041520 -0.014101 0.997137
0.054057 -0.054943 1.015324 0.069702 -0.035701 -0.013102 0.996843
0.054132 -0.055114 1.018333 0.054150 -0.033381 -0.013482 0.997884
0.054157 -0.055164 1.019049 0.049039 -0.032875 -0.013301 0.998167
0.054113 -0.055057 1.017825 0.057547 -0.032485 -0.013470 0.997723
0.054150 -0.055097 1.018543 0.054812 -0.031807 -0.013297 0.997901
0.054113 -0.055031 1.017899 0.058378 -0.030794 -0.013704 0.997725
0.054047 -0.054901 1.015783 0.063873 -0.037346 -0.013681 0.997165
0.054057 -0.054914 1.016007 0.062672 -0.036657 -0.013572 0.997268
0.054066 -0.054923 1.016181 0.062317 -0.035794 -0.013461 0.997324
0.054092 -0.054948 1.016708 0.061568 -0.034623 -0.013445 0.997412
0.054069 -0.054921 1.016281 0.062975 -0.035219 -0.013514 0.997302
0.054097 -0.054941 1.016726 0.062142 -0.034901 -0.013429 0.997367
0.054093 -0.054932 1.016614 0.062273 -0.035353 -0.013463 0.997342
0.054098 -0.054936 1.016640 0.062168 -0.035241 -0.013375 0.997354
0.054112 -0.054941 1.016888 0.061720 -0.035671 -0.013396 0.997366
0.054085 -0.054921 1.016513 0.061963 -0.036341 -0.013527 0.997325
0.054075 -0.054914 1.016332 0.061231 -0.036893 -0.013552 0.997350
0.054092 -0.054927 1.016522 0.061727 -0.037327 -0.013449 0.997304
0.054093 -0.054933 1.016573 0.061439 -0.036853 -0.013410 0.997340
0.054091 -0.054929 1.016516 0.061369 -0.037066 -0.013406 0.997337
0.054071 -0.054911 1.016220 0.062162 -0.039239 -0.013454 0.997204
0.053895 -0.055027 1.015871 0.066632 -0.037044 -0.012860 0.997007
0.053632 -0.055176 1.014080 0.065224 -0.042829 -0.013791 0.996856
0.053398 -0.055185 1.011587 0.074347 -0.045200 -0.014344 0.996104
0.053365 -0.055254 1.014130 0.068167 -0.036611 -0.014162 0.996901
0.053313 -0.055501 1.013790 0.066938 -0.041057 -0.014632 0.996805
0.053393 -0.055355 1.015318 0.064687 -0.036078 -0.013914 0.997156
0.053468 -0.055307 1.016949 0.065228 -0.029248 -0.013793 0.997346
0.053270 -0.055356 1.013599 0.068946 -0.039292 -0.014909 0.996735
0.053309 -0.055377 1.014537 0.072429 -0.035865 -0.014733 0.996620
0.053346 -0.055702 1.015295 0.065587 -0.036665 -0.014015 0.997075
0.053348 -0.055758 1.015181 0.069515 -0.036612 -0.014361 0.996805
0.053335 -0.055752 1.015016 0.068867 -0.036839 -0.014357 0.996842
0.053348 -0.055712 1.014317 0.072501 -0.033901 -0.014125 0.996692
0.053542 -0.056170 1.014040 0.070220 -0.038111 -0.013636 0.996710
0.053473 -0.056027 1.012923 0.068929 -0.040953 -0.014257 0.996679
0.053628 -0.056067 1.015497 0.069080 -0.036280 -0.013710 0.996857
0.053476 -0.056155 1.013117 0.071392 -0.043687 -0.014061 0.996392
0.053502 -0.056051 1.015103 0.066378 -0.040779 -0.013740 0.996866
0.053535 -0.056078 1.015795 0.066758 -0.037322 -0.013527 0.996979
0.053484 -0.056037 1.015097 0.067627 -0.038352 -0.013796 0.996878
0.053524 -0.056073 1.015960 0.064790 -0.035188 -0.013894 0.997182
0.053583 -0.056431 1.014168 0.066578 -0.038136 -0.013442 0.996962
0.053690 -0.056457 1.013978 0.068177 -0.042259 -0.013834 0.996682
0.053715 -0.056444 1.014187 0.066027 -0.043238 -0.013786 0.996785
0.053865 -0.056433 1.015352 0.064545 -0.036702 -0.013959 0.997142
0.054000 -0.056831 1.015228 0.062023 -0.036447 -0.014317 0.997306
0.054081 -0.056796 1.015856 0.058189 -0.039353 -0.014168 0.997429
0.053977 -0.056439 1.013815 0.070626 -0.034330 -0.014778 0.996802
0.054268 -0.057122 1.016358 0.060762 -0.037988 -0.014423 0.997325
0.054221 -0.057141 1.014026 0.061903 -0.044008 -0.014395 0.997008
0.054262 -0.057021 1.013213 0.066700 -0.041248 -0.014663 0.996812
0.054500 -0.057695 1.014179 0.068061 -0.039031 -0.013889 0.996821
0.054392 -0.057270 1.013830 0.066559 -0.042094 -0.013610 0.996801
0.054453 -0.057115 1.015003 0.068409 -0.036261 -0.013794 0.996903
0.054417 -0.057823 1.014282 0.064120 -0.041542 -0.014041 0.996978
0.054207 -0.057091 1.014335 0.063466 -0.040140 -0.014221 0.997075
0.054247 -0.057136 1.015686 0.064897 -0.039801 -0.014441 0.996993
0.054203 -0.057475 1.015388 0.063214 -0.037427 -0.014235 0.997196
0.054123 -0.057150 1.014205 0.062980 -0.041341 -0.014354 0.997055
0.053959 -0.057018 1.014803 0.064710 -0.037203 -0.014207 0.997109
0.053318 -0.056270 1.013639 0.067120 -0.045451 -0.014862 0.996598
0.053368 -0.056147 1.017002 0.062071 -0.036731 -0.013999 0.997297
0.053159 -0.056710 1.011912 0.074467 -0.035251 -0.014385 0.996496
