-0.051978 -0.194232 1.024106 0.044607 0.262718 0.006269 0.963821
-0.052571 -0.193786 1.022692 0.043565 0.263136 0.005824 0.963757
-0.052380 -0.194272 1.022886 0.043214 0.262923 0.006402 0.963827
-0.052555 -0.193901 1.023230 0.043437 0.261528 0.005772 0.964201
-0.052409 -0.194297 1.022988 0.043089 0.263277 0.006126 0.963738
-0.052335 -0.193936 1.022483 0.043199 0.263777 0.006596 0.963593
-0.052442 -0.193865 1.023023 0.042212 0.262419 0.006158 0.964011
-0.052406 -0.194284 1.022389 0.044431 0.263758 0.006695 0.963542
-0.052398 -0.194064 1.021893 0.045279 0.264014 0.006631 0.963433
-0.052520 -0.194681 1.023604 0.044571 0.262417 0.006556 0.963902
-0.052446 -0.194100 1.021838 0.044524 0.264326 0.006434 0.963384
-0.052410 -0.194143 1.021997 0.044464 0.264817 0.006626 0.963250
-0.052455 -0.194146 1.022924 0.043533 0.263423 0.006100 0.963678
-0.052529 -0.194551 1.022546 0.044237 0.265327 0.006473 0.963121
-0.052833 -0.194312 1.023001 0.045001 0.263144 0.006031 0.963688
-0.052773 -0.194386 1.022190 0.044345 0.263990 0.006243 0.963485
-0.052794 -0.194589 1.022672 0.044818 0.263683 0.006143 0.963548
-0.052761 -0.194140 1.021782 0.045647 0.264014 0.006298 0.963418
-0.052774 -0.194223 1.022224 0.044653 0.263814 0.006264 0.963519
-0.052802 -0.194410 1.022264 0.044707 0.262677 0.005982 0.963829
-0.052732 -0.194372 1.021654 0.044045 0.264559 0.006085 0.963344
-0.052766 -0.194422 1.021942 0.045216 0.264102 0.006228 0.963414
-0.052755 -0.194464 1.022008 0.045250 0.263562 0.006234 0.963560
-0.052733 -0.194740 1.021843 0.044375 0.264709 0.006126 0.963287
-0.052757 -0.194914 1.021883 0.045754 0.263866 0.006528 0.963452
-0.052727 -0.194820 1.021501 0.045564 0.263760 0.006590 0.963489
-0.052755 -0.194878 1.022336 0.044240 0.263092 0.006201 0.963736
-0.052747 -0.194946 1.021972 0.045798 0.263730 0.006518 0.963486
-0.052765 -0.194979 1.022278 0.045062 0.263468 0.006306 0.963594
-0.052704 -0.194990 1.021603 0.046004 0.263741 0.006566 0.963474
-0.052735 -0.195160 1.022362 0.045262 0.262730 0.006525 0.963785
-0.052695 -0.195140 1.021847 0.045818 0.262949 0.006683 0.963698
-0.052675 -0.194812 1.022502 0.045147 0.263760 0.006121 0.963512
-0.052683 -0.195052 1.022238 0.046504 0.262931 0.006697 0.963670
-0.052676 -0.195155 1.022428 0.046106 0.262869 0.006565 0.963707
-0.052628 -0.195004 1.021469 0.045285 0.263035 0.006438 0.963701
-0.052647 -0.195084 1.022152 0.046015 0.263563 0.006733 0.963521
-0.052640 -0.195074 1.021650 0.045956 0.263557 0.006654 0.963526
-0.052631 -0.195103 1.021654 0.045826 0.263468 0.006693 0.963556
-0.052646 -0.195057 1.021417 0.045245 0.264091 0.006554 0.963414
-0.052736 -0.195491 1.022139 0.045240 0.263945 0.006533 0.963454
-0.052730 -0.195275 1.020846 0.045239 0.264187 0.006403 0.963389
-0.052777 -0.195327 1.021774 0.045224 0.264065 0.006111 0.963425
-0.052738 -0.195455 1.020670 0.045831 0.263832 0.006056 0.963460
-0.052782 -0.195155 1.021513 0.045918 0.263748 0.006212 0.963478
-0.052822 -0.195222 1.021199 0.045260 0.263723 0.006385 0.963515
-0.052880 -0.195642 1.022100 0.044299 0.261487 0.006028 0.964171
-0.052876 -0.195033 1.020319 0.044391 0.263265 0.006241 0.963681
-0.052972 -0.195274 1.020693 0.044357 0.261765 0.006289 0.964091
-0.052965 -0.195492 1.019868 0.046276 0.261975 0.006842 0.963940
-0.053022 -0.195532 1.020500 0.044965 0.262044 0.006859 0.963984
-0.056021 -0.202960 1.055561 -0.017771 0.032967 0.026079 0.998958
-0.053155 -0.195464 1.019497 0.044477 0.260377 0.006870 0.964458
-0.053228 -0.195194 1.018714 0.044794 0.259548 0.006714 0.964668
-0.053482 -0.195170 1.019660 0.045257 0.258792 0.006704 0.964849
-0.053588 -0.195449 1.018980 0.045736 0.258571 0.006652 0.964886
-0.053768 -0.195310 1.016814 0.045250 0.258289 0.007177 0.964981
-0.054958 -0.194367 1.013602 0.044881 0.256766 0.007126 0.965405
-0.062055 -0.192625 0.995337 0.044742 0.237234 0.006386 0.970401
-0.064403 -0.192141 0.988770 0.042643 0.230148 0.005775 0.972204
-0.066446 -0.191443 0.982215 0.043836 0.223774 0.005149 0.973641
-0.068316 -0.190977 0.975016 0.045317 0.217717 0.005933 0.974941
-0.077772 -0.187220 0.939559 0.043292 0.185544 0.004081 0.981673
-0.080928 -0.185851 0.925845 0.039688 0.166901 0.002120 0.985172
-0.082322 -0.185108 0.918517 0.046846 0.164699 0.003237 0.985225
-0.083750 -0.184116 0.911403 0.045539 0.157839 0.002667 0.986411
-0.085141 -0.183305 0.904150 0.044384 0.150539 0.002176 0.987605
-0.086256 -0.182447 0.895964 0.039791 0.144326 0.001602 0.988728
-0.087469 -0.181651 0.888147 0.043856 0.136915 0.001368 0.989610
-0.088527 -0.180987 0.882189 0.042936 0.130615 0.000885 0.990503
-0.089382 -0.180366 0.875026 0.042892 0.125684 0.000385 0.991143
-0.090212 -0.179715 0.869034 0.040909 0.119078 -0.000212 0.992042
-0.090841 -0.178777 0.861680 0.039590 0.114980 -0.000808 0.992578
-0.091374 -0.178379 0.855181 0.037352 0.109720 -0.001077 0.993260
-0.091917 -0.177680 0.848104 0.041274 0.102693 -0.001538 0.993855
-0.092384 -0.177093 0.842674 0.043374 0.098222 -0.000943 0.994218
-0.092695 -0.176449 0.836165 0.040614 0.092384 -0.001699 0.994893
-0.092955 -0.175916 0.830189 0.041956 0.087858 -0.001400 0.995248
-0.092981 -0.175025 0.822719 0.039353 0.083629 -0.002454 0.995717
-0.093221 -0.174805 0.818247 0.044362 0.074727 -0.002021 0.996215
-0.093165 -0.173896 0.810998 0.032277 0.070677 -0.004072 0.996969
-0.093042 -0.172845 0.803608 0.037686 0.066462 -0.003255 0.997072
-0.093172 -0.172544 0.798841 0.045800 0.053788 -0.002663 0.997498
-0.092589 -0.171074 0.788917 0.025852 0.056035 -0.005350 0.998080
-0.092703 -0.171113 0.785230 0.035497 0.035445 -0.004625 0.998730
-0.092201 -0.170172 0.777515 0.034515 0.038680 -0.004899 0.998643
-0.091701 -0.169447 0.770532 0.030855 0.030343 -0.005445 0.999048
-0.091147 -0.168707 0.763549 0.033921 0.024485 -0.005686 0.999108
-0.090610 -0.168020 0.757175 0.025676 0.015238 -0.007129 0.999529
-0.089926 -0.167466 0.750988 0.031006 0.011707 -0.006788 0.999428
-0.088993 -0.166497 0.743434 0.026043 0.009593 -0.007147 0.999589
-0.088286 -0.166078 0.738187 0.023232 0.002073 -0.007567 0.999699
-0.087386 -0.165387 0.731283 0.022473 -0.004840 -0.008277 0.999701
-0.086571 -0.164987 0.726991 0.021099 -0.005857 -0.007912 0.999729
-0.084526 -0.163489 0.714609 0.012250 -0.012102 -0.008841 0.999813
-0.083576 -0.163133 0.709335 0.027784 -0.019586 -0.008433 0.999386
-0.082523 -0.162516 0.704827 0.011477 -0.017791 -0.008775 0.999737
-0.081316 -0.161810 0.697815 0.018957 -0.020876 -0.008475 0.999566
-0.080280 -0.161371 0.693907 0.012847 -0.028982 -0.009302 0.999454
-0.079175 -0.160998 0.689146 0.024806 -0.024145 -0.008776 0.999362
-0.078018 -0.160494 0.684718 0.008479 -0.030591 -0.008919 0.999456
-0.076819 -0.160049 0.679473 0.021308 -0.035276 -0.008698 0.999113
-0.075644 -0.159737 0.675063 0.010402 -0.035234 -0.009569 0.999279
-0.073128 -0.158994 0.665753 0.011249 -0.041626 -0.009337 0.999026
-0.071949 -0.158629 0.661853 0.015233 -0.045870 -0.009979 0.998781
-0.070532 -0.157914 0.656874 0.012269 -0.046428 -0.009532 0.998801
-0.069202 -0.157457 0.652630 0.015421 -0.046008 -0.009199 0.998780
-0.067953 -0.157135 0.649320 0.014110 -0.049710 -0.009262 0.998621
-0.066581 -0.156731 0.644953 0.015005 -0.051133 -0.009116 0.998538
-0.065253 -0.156460 0.641457 0.014583 -0.055798 -0.009393 0.998291
-0.062494 -0.155585 0.633378 0.016118 -0.062019 -0.009737 0.997897
-0.061084 -0.155472 0.630234 0.022043 -0.063762 -0.009069 0.997680
-0.059758 -0.155312 0.627638 0.025898 -0.063308 -0.008946 0.997618
-0.058217 -0.154668 0.622538 0.019912 -0.076275 -0.009775 0.996840
-0.056826 -0.154670 0.620458 0.040183 -0.074378 -0.010095 0.996369
-0.055423 -0.154801 0.617227 0.030866 -0.071118 -0.009031 0.996949
-0.052273 -0.153674 0.608050 0.025996 -0.089518 -0.010370 0.995592
-0.050941 -0.153821 0.607041 0.033223 -0.084621 -0.009954 0.995809
-0.049368 -0.153305 0.603371 0.036423 -0.090155 -0.009906 0.995212
-0.047768 -0.153180 0.600968 0.043473 -0.096348 -0.010192 0.994346
-0.046046 -0.152588 0.596263 0.038616 -0.100999 -0.011104 0.994075
-0.044315 -0.152221 0.592686 0.041135 -0.105292 -0.011596 0.993522
-0.042570 -0.152069 0.589501 0.044261 -0.108093 -0.011674 0.993086
-0.038859 -0.151341 0.582281 0.046102 -0.119140 -0.012296 0.991730
-0.037020 -0.150855 0.578222 0.041776 -0.122798 -0.012772 0.991470
-0.035070 -0.150481 0.574334 0.043213 -0.128621 -0.013204 0.990664
-0.033112 -0.150219 0.571443 0.044441 -0.131649 -0.013216 0.990211
-0.031105 -0.150074 0.568475 0.048747 -0.132982 -0.013147 0.989832
-0.028922 -0.149293 0.562956 0.045117 -0.144752 -0.014693 0.988330
-0.026702 -0.148889 0.558917 0.041286 -0.146888 -0.014631 0.988183
-0.021940 -0.148252 0.551464 0.045847 -0.159401 -0.016058 0.986018
-0.019402 -0.147738 0.547032 0.038900 -0.158475 -0.015413 0.986476
-0.016661 -0.147534 0.543366 0.048527 -0.163813 -0.015656 0.985173
-0.013822 -0.147034 0.538892 0.045095 -0.171411 -0.016701 0.984025
-0.010880 -0.146373 0.533309 0.043054 -0.174560 -0.016992 0.983558
-0.007726 -0.146238 0.530032 0.046429 -0.180069 -0.016764 0.982415
-0.000571 -0.145679 0.521940 0.060425 -0.204616 -0.016560 0.976835
0.002292 -0.144766 0.515501 0.044502 -0.195771 -0.018614 0.979463
0.011775 -0.143771 0.502507 0.056845 -0.211078 -0.017119 0.975665
0.008925 -0.144174 0.506391 0.057178 -0.206360 -0.016546 0.976664
-0.002059 -0.145386 0.520505 0.058244 -0.192327 -0.016351 0.979464
-0.004829 -0.145998 0.525361 0.058015 -0.183446 -0.014891 0.981203
-0.007594 -0.146203 0.528649 0.056086 -0.179671 -0.014907 0.982014
-0.010378 -0.146598 0.532785 0.055046 -0.176529 -0.015006 0.982641
-0.013070 -0.147065 0.537032 0.062917 -0.171755 -0.013971 0.983029
-0.015983 -0.147431 0.541368 0.051225 -0.162764 -0.013492 0.985242
-0.018658 -0.147856 0.545699 0.059056 -0.164925 -0.014279 0.984433
-0.021450 -0.148523 0.551105 0.055028 -0.149932 -0.011967 0.987091
-0.024099 -0.148598 0.553937 0.051284 -0.149161 -0.012991 0.987397
-0.026590 -0.149186 0.559181 0.058935 -0.148627 -0.013614 0.987042
-0.029093 -0.149744 0.563778 0.054219 -0.137950 -0.011579 0.988886
-0.031432 -0.150044 0.567661 0.054460 -0.133718 -0.012031 0.989449
-0.033689 -0.150416 0.571585 0.054165 -0.131979 -0.012387 0.989694
-0.035832 -0.150887 0.575817 0.054230 -0.123941 -0.011021 0.990745
-0.037930 -0.151312 0.579810 0.053995 -0.119267 -0.010763 0.991334
-0.039962 -0.151665 0.583693 0.050484 -0.113172 -0.010512 0.992236
-0.041849 -0.151922 0.586741 0.052301 -0.111122 -0.010612 0.992373
-0.043735 -0.152306 0.590761 0.048794 -0.102303 -0.009847 0.993507
-0.045583 -0.152821 0.594906 0.053306 -0.098383 -0.009271 0.993677
-0.047352 -0.152987 0.598310 0.046340 -0.093767 -0.009204 0.994473
-0.049070 -0.152978 0.600734 0.045330 -0.095925 -0.010009 0.994305
-0.050899 -0.153681 0.606678 0.047098 -0.083412 -0.007914 0.995370
-0.052697 -0.153872 0.609575 0.041743 -0.078240 -0.008335 0.996025
-0.054249 -0.153604 0.611038 0.028463 -0.083475 -0.009131 0.996061
-0.056338 -0.154706 0.618266 0.043903 -0.068965 -0.008610 0.996615
-0.057974 -0.154713 0.620766 0.025213 -0.067265 -0.007206 0.997391
-0.061522 -0.155477 0.629382 0.022035 -0.065449 -0.008402 0.997577
-0.063312 -0.156081 0.634394 0.028552 -0.056570 -0.007704 0.997961
-0.065027 -0.156517 0.639347 0.022576 -0.051044 -0.007824 0.998411
-0.066659 -0.156819 0.642969 0.023492 -0.048373 -0.007866 0.998522
-0.068315 -0.157290 0.647963 0.023533 -0.046309 -0.008094 0.998617
-0.069913 -0.157833 0.652309 0.020224 -0.043585 -0.008257 0.998811
-0.071513 -0.158492 0.657611 0.018960 -0.036482 -0.008244 0.999120
-0.073035 -0.159070 0.662431 0.023991 -0.037689 -0.007749 0.998971
-0.075903 -0.160029 0.672193 0.023674 -0.032847 -0.007971 0.999148
-0.077106 -0.160324 0.676286 0.022856 -0.029694 -0.007813 0.999267
-0.078369 -0.160908 0.681246 0.021251 -0.027617 -0.007703 0.999363
-0.079526 -0.161423 0.686171 0.018454 -0.023787 -0.007819 0.999516
-0.080507 -0.161670 0.689310 0.021303 -0.022408 -0.008296 0.999487
-0.081468 -0.162092 0.693950 0.016288 -0.024041 -0.008606 0.999541
-0.082391 -0.162570 0.697539 0.022820 -0.024273 -0.008628 0.999408
-0.083943 -0.163204 0.704951 0.012779 -0.016924 -0.008602 0.999738
-0.084711 -0.163745 0.708845 0.026741 -0.017539 -0.007844 0.999458
-0.085419 -0.164061 0.712347 0.021963 -0.011239 -0.008007 0.999664
-0.086057 -0.164343 0.715815 0.018243 -0.011743 -0.008292 0.999730
-0.086735 -0.164853 0.719417 0.027528 -0.010524 -0.007623 0.999537
-0.087285 -0.165049 0.722720 0.019381 -0.005277 -0.007926 0.999767
-0.087971 -0.165599 0.726699 0.023814 -0.007863 -0.007930 0.999654
-0.088569 -0.166127 0.730840 0.030984 -0.004740 -0.007154 0.999483
-0.089029 -0.166295 0.733457 0.027316 0.002528 -0.007296 0.999597
-0.089542 -0.166661 0.737268 0.025543 0.005353 -0.007404 0.999632
-0.090410 -0.167234 0.743866 0.025390 0.011479 -0.007152 0.999586
-0.090898 -0.167559 0.747681 0.030257 0.014726 -0.006470 0.999413
-0.091253 -0.167826 0.750712 0.030064 0.013584 -0.006676 0.999433
-0.091665 -0.168241 0.754278 0.029714 0.016870 -0.006487 0.999395
-0.092013 -0.168536 0.757585 0.030724 0.016443 -0.006541 0.999371
-0.092619 -0.169372 0.764157 0.031965 0.025537 -0.006015 0.999145
-0.092940 -0.169794 0.767655 0.034031 0.028920 -0.006079 0.998984
-0.093205 -0.170164 0.771194 0.033494 0.028163 -0.005869 0.999025
-0.093362 -0.170426 0.773790 0.035255 0.035645 -0.005332 0.998728
-0.093654 -0.170927 0.777899 0.034048 0.039353 -0.005278 0.998631
-0.094050 -0.171711 0.784382 0.038181 0.041733 -0.004649 0.998388
-0.094142 -0.172010 0.786698 0.037678 0.044521 -0.004255 0.998289
-0.094163 -0.172059 0.788480 0.038111 0.050948 -0.004388 0.997964
-0.094253 -0.172270 0.790799 0.034171 0.053266 -0.004682 0.997985
-0.094474 -0.172863 0.795289 0.039509 0.057216 -0.004100 0.997571
-0.094572 -0.173209 0.798200 0.042030 0.057928 -0.003429 0.997430
-0.094629 -0.173583 0.801614 0.042747 0.058930 -0.003147 0.997341
-0.094616 -0.173922 0.804428 0.043860 0.065201 -0.002740 0.996904
-0.094627 -0.174056 0.807794 0.034896 0.065845 -0.004365 0.997210
-0.094697 -0.174620 0.811854 0.040711 0.069731 -0.003654 0.996728
-0.094656 -0.175004 0.815414 0.043963 0.072735 -0.002787 0.996378
-0.094511 -0.175217 0.818495 0.042908 0.082127 -0.002434 0.995695
-0.094423 -0.175631 0.822707 0.040743 0.085564 -0.002347 0.995497
-0.094345 -0.176104 0.826484 0.041603 0.088226 -0.002404 0.995228
-0.093973 -0.176743 0.833694 0.042726 0.093998 -0.002012 0.994653
-0.093857 -0.177385 0.838780 0.042636 0.095713 -0.001886 0.994494
-0.093544 -0.177633 0.842085 0.047846 0.102721 -0.000786 0.993559
-0.093227 -0.178031 0.846545 0.042707 0.105197 -0.001277 0.993533
-0.092919 -0.178500 0.850368 0.044513 0.108428 -0.001229 0.993106
-0.092529 -0.178890 0.854855 0.047678 0.114889 -0.000333 0.992233
-0.092085 -0.179262 0.858720 0.045720 0.117062 -0.000496 0.992072
-0.091684 -0.179806 0.863755 0.043736 0.119001 -0.000729 0.991930
-0.091151 -0.180252 0.868189 0.046093 0.125317 0.000198 0.991045
-0.090598 -0.180590 0.872178 0.046842 0.124810 0.000234 0.991074
-0.089970 -0.181086 0.876659 0.045732 0.131983 0.000230 0.990196
-0.089426 -0.181676 0.882173 0.047736 0.134974 0.000798 0.989698
-0.088756 -0.181994 0.886157 0.046054 0.139682 0.000423 0.989125
-0.088080 -0.182492 0.890421 0.047131 0.143556 0.000747 0.988519
-0.087358 -0.182805 0.893613 0.048680 0.147321 0.001341 0.987889
-0.086782 -0.183257 0.898329 0.046937 0.148950 0.001441 0.987729
-0.086183 -0.183668 0.901542 0.047091 0.150685 0.001265 0.987459
-0.085691 -0.184088 0.905510 0.047560 0.151805 0.001126 0.987265
-0.085056 -0.184105 0.907076 0.044895 0.157706 0.001310 0.986464
-0.084665 -0.184609 0.910657 0.045863 0.159526 0.001552 0.986126
-0.084232 -0.184683 0.911597 0.049908 0.160165 0.002018 0.985826
-0.083834 -0.184894 0.914283 0.046326 0.163723 0.002109 0.985416
-0.083470 -0.185112 0.915623 0.047597 0.163121 0.002020 0.985455
-0.083150 -0.185336 0.917750 0.047294 0.163600 0.001809 0.985391
-0.082739 -0.185409 0.919105 0.045896 0.167716 0.002097 0.984764
-0.082508 -0.185845 0.922046 0.048759 0.165837 0.001962 0.984945
-0.081960 -0.185900 0.923009 0.046674 0.170042 0.002052 0.984329
-0.081444 -0.185859 0.924605 0.045416 0.171407 0.001796 0.984151
-0.080894 -0.186205 0.927577 0.047358 0.173572 0.002815 0.983678
-0.080398 -0.186740 0.932372 0.049917 0.175365 0.003960 0.983229
-0.079701 -0.186595 0.933293 0.049513 0.179304 0.003443 0.982541
-0.079140 -0.187018 0.936964 0.047523 0.180718 0.002278 0.982384
-0.078396 -0.187075 0.938018 0.046341 0.182860 0.002532 0.982043
-0.077860 -0.187408 0.941656 0.045512 0.183907 0.002368 0.981887
-0.077162 -0.187629 0.943281 0.046484 0.188295 0.002919 0.981007
-0.076589 -0.187993 0.946333 0.048259 0.191317 0.003341 0.980336
-0.076066 -0.188236 0.948618 0.047227 0.192407 0.003846 0.980171
-0.075005 -0.188771 0.953083 0.047770 0.194597 0.003443 0.979713
-0.074376 -0.188819 0.954471 0.047688 0.199428 0.003702 0.978744
-0.073854 -0.189045 0.956125 0.046200 0.201322 0.003958 0.978427
-0.073379 -0.189214 0.958045 0.046947 0.202267 0.003991 0.978196
-0.072876 -0.189432 0.959873 0.046948 0.205787 0.004214 0.977461
-0.072478 -0.189803 0.962735 0.046037 0.205607 0.003711 0.977544
-0.071851 -0.189690 0.962475 0.045888 0.208758 0.004026 0.976882
-0.071437 -0.190104 0.965879 0.045947 0.208967 0.004142 0.976834
-0.070903 -0.190277 0.967110 0.047978 0.211077 0.004224 0.976282
-0.070318 -0.190490 0.969261 0.045707 0.213227 0.004306 0.975923
-0.069799 -0.191198 0.971865 0.047629 0.213937 0.004420 0.975676
-0.069020 -0.191420 0.973029 0.044969 0.219142 0.004735 0.974645
-0.068361 -0.191662 0.974599 0.045997 0.221328 0.004931 0.974102
-0.067742 -0.191673 0.976491 0.045847 0.221593 0.004914 0.974048
-0.067117 -0.191856 0.977965 0.046733 0.223135 0.005032 0.973654
-0.065482 -0.192599 0.984583 0.045839 0.228790 0.004998 0.972383
-0.064841 -0.192649 0.985085 0.045651 0.231004 0.005571 0.971865
-0.064334 -0.193031 0.988018 0.046631 0.233758 0.005123 0.971163
-0.063707 -0.193057 0.988837 0.046338 0.233432 0.005279 0.971254
-0.063059 -0.193309 0.991076 0.047513 0.237222 0.005410 0.970278
-0.061623 -0.193632 0.994523 0.044933 0.241495 0.005990 0.969343
-0.060220 -0.194206 0.998807 0.046464 0.244162 0.005992 0.968602
-0.057892 -0.194874 1.005150 0.044004 0.251097 0.006010 0.966943
-0.057197 -0.195023 1.008046 0.045365 0.253065 0.005911 0.966367
-0.055564 -0.194919 1.011287 0.046060 0.258585 0.006516 0.964868
-0.054149 -0.195542 1.016891 0.044363 0.258180 0.005912 0.965060
-0.052428 -0.195838 1.019660 0.044984 0.265696 0.007160 0.962980
-0.051860 -0.195946 1.021365 0.044462 0.267149 0.006788 0.962605
-0.051849 -0.196001 1.021744 0.045964 0.265472 0.006736 0.962999
-0.051758 -0.195929 1.021863 0.046802 0.266627 0.007272 0.962635
-0.051671 -0.195774 1.021189 0.046610 0.266202 0.007378 0.962761
-0.051631 -0.195719 1.022045 0.044538 0.265807 0.007258 0.962969
-0.051604 -0.195696 1.021802 0.046244 0.266248 0.007524 0.962765
-0.051577 -0.195692 1.021651 0.045749 0.266748 0.007439 0.962651
-0.051590 -0.195695 1.021693 0.046219 0.266014 0.007359 0.962832
-0.051583 -0.195689 1.021762 0.045995 0.266512 0.007368 0.962705
-0.051586 -0.195705 1.021867 0.045649 0.265818 0.007260 0.962914
-0.051568 -0.195675 1.021755 0.045385 0.266078 0.007186 0.962856
-0.051581 -0.195682 1.021791 0.045845 0.265678 0.007309 0.962943
-0.051555 -0.195648 1.021636 0.045349 0.265886 0.007260 0.962910
-0.051593 -0.195806 1.021976 0.047837 0.265979 0.007772 0.962760
-0.051598 -0.195849 1.022041 0.046641 0.265841 0.007367 0.962860
-0.051593 -0.195882 1.022137 0.045948 0.265772 0.007470 0.962911
-0.051625 -0.195910 1.022339 0.046262 0.266181 0.007496 0.962783
-0.051792 -0.195583 1.022147 0.043219 0.265469 0.006059 0.963131
-0.051823 -0.195536 1.022129 0.044527 0.265836 0.006699 0.962966
-0.051919 -0.195540 1.022656 0.045021 0.266277 0.006655 0.962822
-0.052010 -0.195431 1.022743 0.045534 0.265729 0.006721 0.962948
-0.052001 -0.195439 1.022773 0.045405 0.265889 0.006750 0.962910
-0.051953 -0.195380 1.022345 0.044802 0.266339 0.006701 0.962814
-0.051980 -0.195422 1.022635 0.044972 0.266089 0.006631 0.962876
-0.051965 -0.195424 1.022545 0.044681 0.266033 0.006610 0.962905
-0.051855 -0.195370 1.022397 0.044539 0.267373 0.006947 0.962538
-0.051759 -0.196057 1.023561 0.044457 0.263767 0.006265 0.963541
-0.051510 -0.196089 1.023224 0.043811 0.264203 0.006230 0.963451
-0.051352 -0.196223 1.021546 0.044937 0.267476 0.006556 0.962494
-0.051499 -0.195631 1.021935 0.046160 0.267050 0.006789 0.962553
-0.051367 -0.196104 1.023040 0.044092 0.265849 0.006432 0.962984
-0.051231 -0.196316 1.021873 0.043431 0.267486 0.006345 0.962562
-0.050953 -0.197150 1.023512 0.047641 0.265624 0.007026 0.962873
-0.050725 -0.197551 1.021679 0.046524 0.266197 0.007112 0.962769
-0.050724 -0.197340 1.021995 0.046045 0.266648 0.006753 0.962670
-0.050672 -0.197540 1.022386 0.045396 0.265200 0.006127 0.963105
-0.050570 -0.197561 1.021465 0.047216 0.266392 0.007301 0.962680
-0.050560 -0.196926 1.021681 0.045271 0.267745 0.006524 0.962403
-0.050543 -0.197630 1.022121 0.044871 0.265252 0.006062 0.963115
-0.050174 -0.198681 1.021785 0.047306 0.265381 0.006892 0.962958
-0.050321 -0.197918 1.021682 0.047166 0.265192 0.007425 0.963013
-0.050643 -0.197527 1.022459 0.045693 0.266449 0.006654 0.962742
-0.050299 -0.198457 1.021766 0.046285 0.265019 0.007482 0.963103
-0.049870 -0.199553 1.021701 0.045353 0.264685 0.007378 0.963240
-0.049762 -0.199595 1.020768 0.046997 0.266722 0.008016 0.962593
-0.050195 -0.198165 1.020407 0.044494 0.265398 0.006940 0.963087
-0.051494 -0.196990 1.023901 0.045951 0.264795 0.007363 0.963181
-0.051204 -0.196899 1.020975 0.045315 0.266397 0.006759 0.962774
-0.050945 -0.196143 1.021130 0.046878 0.269479 0.007697 0.961834
-0.050959 -0.196853 1.023515 0.046905 0.266688 0.007556 0.962611
-0.050768 -0.197345 1.022880 0.045597 0.268340 0.007273 0.962217
-0.050748 -0.196362 1.021340 0.045689 0.266959 0.006884 0.962600
