0.092052 -0.092569 0.782868 0.067664 -0.058092 -0.020588 0.995803
0.092055 -0.092543 0.782763 0.069384 -0.057513 -0.020807 0.995713
0.092084 -0.092580 0.782988 0.068203 -0.056695 -0.020471 0.995849
0.092032 -0.092482 0.782530 0.068841 -0.057001 -0.020774 0.995781
0.092085 -0.092480 0.782971 0.068722 -0.056600 -0.020906 0.995809
0.092081 -0.092457 0.782867 0.067856 -0.056803 -0.020818 0.995859
0.092095 -0.092448 0.782952 0.067077 -0.057119 -0.020843 0.995893
0.092049 -0.092368 0.782438 0.065370 -0.057047 -0.020233 0.996024
0.092077 -0.092181 0.782750 0.068589 -0.056398 -0.021082 0.995826
0.092054 -0.092171 0.782564 0.070266 -0.055469 -0.021293 0.995757
0.092205 -0.092743 0.783996 0.057442 -0.055563 -0.018791 0.996624
0.091933 -0.092214 0.782030 0.070665 -0.056955 -0.021478 0.995641
0.091934 -0.092282 0.782066 0.070443 -0.057547 -0.021270 0.995627
0.091907 -0.092324 0.782044 0.067649 -0.058289 -0.021103 0.995781
0.091839 -0.092342 0.781801 0.069268 -0.059362 -0.021575 0.995597
0.091859 -0.092486 0.782358 0.067231 -0.058383 -0.021165 0.995803
0.091793 -0.092532 0.782252 0.065781 -0.057964 -0.020884 0.995930
0.091795 -0.092583 0.782405 0.066374 -0.058347 -0.021060 0.995865
0.091746 -0.092641 0.782908 0.068391 -0.053830 -0.021268 0.995978
0.091430 -0.092667 0.782731 0.067579 -0.055257 -0.020961 0.995962
0.091472 -0.092714 0.783075 0.066159 -0.056505 -0.020906 0.995989
0.091421 -0.092664 0.782544 0.068484 -0.056069 -0.021228 0.995849
0.091426 -0.092666 0.782513 0.068776 -0.056524 -0.021155 0.995805
0.091446 -0.092682 0.782655 0.069603 -0.055817 -0.021309 0.995784
0.091462 -0.092709 0.782820 0.069503 -0.055265 -0.021295 0.995822
0.091441 -0.092693 0.782524 0.069831 -0.055922 -0.021374 0.995761
0.091489 -0.092768 0.782952 0.067724 -0.054955 -0.020819 0.995972
0.091479 -0.092766 0.782943 0.067611 -0.054711 -0.020893 0.995991
0.091496 -0.092774 0.783027 0.067913 -0.055742 -0.020943 0.995913
0.091430 -0.093423 0.782989 0.070434 -0.054895 -0.020688 0.995790
0.091342 -0.093469 0.782621 0.070124 -0.055110 -0.020666 0.995800
0.091331 -0.093444 0.782738 0.069073 -0.057559 -0.020817 0.995732
0.090958 -0.093140 0.782011 0.074574 -0.057104 -0.022255 0.995330
0.090973 -0.093232 0.783384 0.065502 -0.055760 -0.020936 0.996073
0.090962 -0.093224 0.783284 0.065945 -0.054934 -0.020820 0.996092
0.091047 -0.093492 0.784474 0.063803 -0.054261 -0.020243 0.996281
0.090822 -0.093522 0.783386 0.067207 -0.054485 -0.020736 0.996034
0.090807 -0.093511 0.783212 0.067923 -0.055523 -0.020959 0.995924
0.090561 -0.093354 0.781959 0.070337 -0.057750 -0.020931 0.995630
0.090484 -0.093282 0.781690 0.071276 -0.050867 -0.020728 0.995943
0.090623 -0.093099 0.780372 0.069505 -0.049776 -0.020913 0.996119
0.090820 -0.092870 0.778734 0.072083 -0.051833 -0.020861 0.995832
0.090914 -0.092634 0.776618 0.068681 -0.043944 -0.020532 0.996459
0.091104 -0.092314 0.774185 0.069906 -0.040828 -0.020651 0.996504
0.091335 -0.092000 0.771539 0.069326 -0.038790 -0.020214 0.996635
0.091490 -0.091675 0.768742 0.071271 -0.037795 -0.020044 0.996539
0.091692 -0.091429 0.766440 0.069385 -0.037238 -0.020015 0.996694
0.091884 -0.091305 0.764906 0.067872 -0.031211 -0.019537 0.997014
0.092057 -0.091036 0.762372 0.066492 -0.031304 -0.019562 0.997104
0.092115 -0.090612 0.758872 0.070006 -0.029675 -0.020054 0.996903
0.092291 -0.090280 0.755670 0.072001 -0.025736 -0.020120 0.996870
0.092479 -0.090015 0.753152 0.069313 -0.021099 -0.019660 0.997178
0.092592 -0.089679 0.749720 0.070904 -0.018760 -0.019627 0.997114
0.092709 -0.089455 0.747462 0.068827 -0.011085 -0.019364 0.997379
0.092754 -0.089136 0.744145 0.069060 -0.010992 -0.019380 0.997364
0.092770 -0.088518 0.740736 0.069194 -0.016699 -0.019737 0.997268
0.092767 -0.088053 0.736949 0.071874 -0.011835 -0.019669 0.997150
0.092894 -0.087734 0.734352 0.070917 -0.006918 -0.019106 0.997275
0.093084 -0.087436 0.731774 0.067580 -0.004177 -0.018772 0.997529
0.093126 -0.087047 0.728643 0.069319 0.002033 -0.018837 0.997415
0.093314 -0.086783 0.725930 0.067446 0.003578 -0.018356 0.997548
0.093255 -0.086512 0.722301 0.070631 0.007867 -0.018620 0.997298
0.093316 -0.086161 0.719026 0.070760 0.012700 -0.018022 0.997250
0.093285 -0.085701 0.715773 0.072034 0.014230 -0.018221 0.997134
0.093310 -0.085359 0.712697 0.070119 0.020291 -0.017745 0.997174
0.093345 -0.085077 0.710036 0.067371 0.018323 -0.017701 0.997403
0.093224 -0.084653 0.706427 0.074637 0.026630 -0.017722 0.996698
0.093153 -0.084301 0.703504 0.071386 0.021530 -0.017693 0.997059
0.093124 -0.083956 0.700822 0.070266 0.023520 -0.017344 0.997100
0.093168 -0.083533 0.698831 0.063454 0.028532 -0.015826 0.997451
0.092966 -0.082836 0.695160 0.072753 0.034768 -0.016680 0.996604
0.092598 -0.082229 0.690529 0.078391 0.027896 -0.018051 0.996369
0.092228 -0.081659 0.685822 0.087644 0.035525 -0.018374 0.995349
0.092149 -0.081309 0.683207 0.086615 0.035043 -0.018424 0.995455
0.092025 -0.080926 0.680209 0.083663 0.044334 -0.017456 0.995354
0.091947 -0.080635 0.677788 0.079697 0.051692 -0.016324 0.995344
0.091656 -0.080169 0.673815 0.080181 0.049218 -0.016633 0.995425
0.091314 -0.079688 0.669935 0.080763 0.050531 -0.016942 0.995307
0.090749 -0.078980 0.664241 0.088575 0.055984 -0.016995 0.994350
0.090249 -0.078382 0.659275 0.091869 0.058589 -0.017184 0.993897
0.089733 -0.077745 0.654297 0.094383 0.057119 -0.017403 0.993744
0.089106 -0.077036 0.648869 0.099136 0.060370 -0.017726 0.993083
0.088701 -0.076532 0.645028 0.097820 0.063826 -0.017093 0.993008
0.088088 -0.075892 0.640258 0.100515 0.063000 -0.017405 0.992786
0.087545 -0.075340 0.636121 0.103110 0.068521 -0.017246 0.992157
0.087155 -0.075005 0.633348 0.100764 0.070823 -0.017004 0.992241
0.086640 -0.074562 0.629681 0.103461 0.069063 -0.017080 0.992086
0.086073 -0.074076 0.625893 0.102537 0.069734 -0.016794 0.992140
0.085573 -0.073761 0.622557 0.102107 0.070752 -0.016656 0.992114
0.085990 -0.074114 0.625231 -0.023244 0.085117 -0.005756 0.996083
0.084118 -0.072836 0.613804 0.103983 0.069971 -0.016971 0.991970
0.083295 -0.072236 0.609165 0.102649 0.068292 -0.017105 0.992223
0.082437 -0.071663 0.604650 0.104675 0.086921 -0.015107 0.990586
0.081569 -0.070803 0.599440 0.101500 0.063521 -0.016773 0.992664
0.080673 -0.069805 0.594240 0.110109 0.082504 -0.015218 0.990372
0.080810 -0.069622 0.596885 -0.026866 0.083650 -0.004551 0.996123
0.078777 -0.068412 0.586235 0.103650 0.083462 -0.014930 0.990993
0.078961 -0.068636 0.589239 -0.022011 0.077666 -0.005283 0.996722
0.077187 -0.067863 0.580297 0.095778 0.087803 -0.013854 0.991426
0.076213 -0.067571 0.576494 0.094419 0.088055 -0.013635 0.991537
0.075017 -0.066982 0.571798 0.098808 0.084641 -0.014302 0.991397
0.074133 -0.066572 0.569246 0.084810 0.090486 -0.012595 0.992200
0.072895 -0.065818 0.564795 0.085895 0.086296 -0.013007 0.992475
0.072304 -0.065725 0.565098 -0.008372 0.071048 -0.006368 0.997417
0.070140 -0.064642 0.555529 0.091755 0.088576 -0.012804 0.991752
0.068913 -0.064189 0.552509 0.077597 0.101693 -0.011013 0.991724
0.067593 -0.063747 0.549203 0.077270 0.101554 -0.010808 0.991766
0.066194 -0.063261 0.545761 0.058297 0.109735 -0.009732 0.992202
0.064435 -0.062613 0.540251 0.072500 0.106545 -0.009987 0.991611
0.062985 -0.062209 0.537049 0.059447 0.118725 -0.009055 0.991105
0.061355 -0.061696 0.532568 0.062863 0.128069 -0.008349 0.989736
0.059781 -0.061221 0.528723 0.059594 0.129993 -0.008127 0.989689
0.058104 -0.060700 0.524385 0.060947 0.135300 -0.008087 0.988895
0.056513 -0.060239 0.520783 0.061169 0.138723 -0.007848 0.988409
0.054834 -0.059721 0.516461 0.060356 0.147946 -0.007298 0.987125
0.053022 -0.059208 0.511864 0.069805 0.151399 -0.007139 0.985979
0.051432 -0.058779 0.508728 0.057718 0.160110 -0.006759 0.985387
0.049771 -0.058431 0.505957 0.056965 0.161712 -0.005894 0.985175
0.047888 -0.057833 0.500710 0.058172 0.176581 -0.005716 0.982549
0.046168 -0.057451 0.497889 0.054700 0.176931 -0.005137 0.982689
0.044228 -0.056920 0.493072 0.057446 0.179809 -0.004687 0.982012
0.042451 -0.056517 0.489940 0.055742 0.186001 -0.004722 0.980956
0.040596 -0.056094 0.486317 0.057716 0.187152 -0.004371 0.980624
0.038696 -0.055631 0.482685 0.054578 0.192732 -0.004140 0.979724
0.036796 -0.055172 0.478632 0.057297 0.198079 -0.003504 0.978504
0.034930 -0.054782 0.475960 0.054883 0.200753 -0.003622 0.978097
0.032977 -0.054307 0.471880 0.057495 0.206033 -0.003353 0.976849
0.031132 -0.053927 0.468870 0.053627 0.214700 -0.002878 0.975203
0.029226 -0.053569 0.465624 0.056130 0.214334 -0.002347 0.975144
0.027323 -0.053094 0.461669 0.056112 0.223269 -0.002389 0.973137
0.025380 -0.052743 0.458797 0.055228 0.224651 -0.001833 0.972871
0.023335 -0.052332 0.455104 0.055502 0.227024 -0.001404 0.972305
0.021345 -0.051901 0.451695 0.055348 0.232228 -0.001478 0.971084
0.019348 -0.051553 0.449025 0.054269 0.233067 -0.000812 0.970945
0.017244 -0.051107 0.445147 0.055554 0.239092 -0.001212 0.969406
0.015211 -0.050756 0.442373 0.053220 0.243368 -0.000163 0.968473
0.012988 -0.050291 0.438438 0.055593 0.248290 -0.000255 0.967089
0.010844 -0.049952 0.435911 0.051987 0.253522 -0.000018 0.965932
0.008610 -0.049503 0.431892 0.055060 0.253183 0.000590 0.965850
0.006588 -0.049159 0.429381 0.054055 0.261167 0.000785 0.963778
0.004454 -0.048805 0.426494 0.053749 0.263606 0.000773 0.963132
0.002307 -0.048449 0.423332 0.054613 0.263198 0.001293 0.963194
0.000282 -0.048083 0.420360 0.055192 0.268414 0.000781 0.961721
-0.001758 -0.047772 0.417902 0.055555 0.270118 0.001191 0.961222
-0.003746 -0.047449 0.415284 0.054224 0.273221 0.001556 0.960421
-0.005865 -0.047056 0.411876 0.055436 0.278967 0.002031 0.958697
-0.008088 -0.046738 0.409490 0.052933 0.286198 0.001893 0.956706
-0.010569 -0.046356 0.405904 0.053695 0.286633 0.003205 0.956529
-0.013190 -0.045956 0.402830 0.052654 0.286736 0.003454 0.956555
-0.016059 -0.045501 0.399575 0.051114 0.295958 0.003290 0.953827
-0.019209 -0.045059 0.395238 0.055738 0.292454 0.004232 0.954645
-0.022036 -0.044577 0.391872 0.050722 0.302765 0.004319 0.951705
-0.024899 -0.044193 0.388227 0.054671 0.309042 0.005099 0.949462
-0.027818 -0.043772 0.384732 0.049779 0.314739 0.005962 0.947853
-0.030917 -0.043329 0.381277 0.050581 0.311897 0.006110 0.948749
-0.034080 -0.042876 0.377682 0.050863 0.318803 0.006072 0.946436
-0.076116 -0.037780 0.334805 0.049634 0.369769 0.010021 0.927743
-0.078096 -0.037577 0.332874 0.048857 0.374013 0.011112 0.926069
-0.079954 -0.037377 0.331273 0.049186 0.374621 0.010536 0.925813
-0.081670 -0.037249 0.329988 0.048361 0.376536 0.011320 0.925070
-0.083115 -0.037047 0.328370 0.049669 0.377017 0.011176 0.924806
-0.084575 -0.036922 0.327189 0.049196 0.379945 0.011780 0.923625
-0.065241 -0.038954 0.344530 0.054444 0.358801 0.007461 0.931795
-0.063210 -0.039182 0.346550 0.056869 0.354386 0.007029 0.933342
-0.061190 -0.039390 0.348433 0.054443 0.353501 0.007128 0.933821
-0.059407 -0.039643 0.350611 0.054489 0.351094 0.007345 0.934725
-0.057684 -0.039794 0.351928 0.054309 0.349151 0.006724 0.935467
-0.056142 -0.040015 0.354009 0.053385 0.346215 0.006989 0.936609
-0.054620 -0.040180 0.355320 0.054098 0.343921 0.007041 0.937412
-0.053008 -0.040336 0.356454 0.055145 0.342682 0.006441 0.937810
-0.051516 -0.040562 0.358832 0.054025 0.341668 0.006259 0.938246
-0.049870 -0.040729 0.359833 0.057142 0.339583 0.005568 0.938822
-0.048235 -0.040922 0.361816 0.054867 0.338987 0.005562 0.939173
-0.046612 -0.041141 0.363703 0.055820 0.334509 0.004924 0.940725
-0.044852 -0.041313 0.365103 0.056241 0.332069 0.004879 0.941564
-0.043199 -0.041618 0.367500 0.056741 0.328482 0.005360 0.942789
-0.041522 -0.041772 0.368709 0.055448 0.328867 0.005212 0.942733
-0.040133 -0.042142 0.371124 0.054813 0.326162 0.004810 0.943711
-0.038840 -0.042323 0.371680 0.056089 0.325071 0.004778 0.944013
-0.037648 -0.042319 0.373156 0.055511 0.323308 0.004877 0.944652
-0.036550 -0.042434 0.374600 0.054342 0.322692 0.004846 0.944930
-0.035445 -0.042593 0.375814 0.055111 0.321129 0.005000 0.945417
-0.034319 -0.042728 0.376855 0.055737 0.319040 0.005057 0.946087
-0.033080 -0.042891 0.378211 0.057256 0.317996 0.004245 0.946352
-0.031762 -0.043079 0.379839 0.056516 0.316988 0.004128 0.946735
-0.030330 -0.043266 0.381590 0.057169 0.315167 0.003397 0.947307
-0.028786 -0.043481 0.383573 0.055729 0.313387 0.003475 0.947982
-0.027154 -0.043768 0.385163 0.058609 0.308129 0.003897 0.949530
-0.025461 -0.044034 0.387247 0.057666 0.305927 0.003386 0.950301
-0.023611 -0.044269 0.389206 0.057720 0.305166 0.002620 0.950545
-0.021773 -0.044636 0.391951 0.057029 0.301768 0.003064 0.951669
-0.019849 -0.044923 0.393809 0.058077 0.301426 0.001977 0.951717
-0.018082 -0.045261 0.396230 0.059119 0.294681 0.001783 0.953763
-0.016227 -0.045524 0.398128 0.059865 0.292814 0.001712 0.954292
-0.014542 -0.045788 0.400496 0.058990 0.289760 0.001476 0.955279
-0.012829 -0.046033 0.402430 0.057592 0.288769 0.001749 0.955663
-0.011250 -0.046286 0.404819 0.056974 0.285638 0.001596 0.956641
-0.009611 -0.046548 0.406671 0.059714 0.280767 0.001710 0.957915
-0.007882 -0.046799 0.408956 0.059386 0.279391 0.001117 0.958339
-0.005988 -0.047114 0.411614 0.060265 0.278352 0.000650 0.958586
-0.004052 -0.047351 0.413869 0.059595 0.275197 0.000797 0.959539
-0.002209 -0.047636 0.416570 0.059528 0.272655 0.000069 0.960269
-0.000402 -0.047966 0.419003 0.059372 0.268718 0.000631 0.961387
0.001259 -0.048216 0.421437 0.057546 0.267539 -0.000013 0.961827
0.002695 -0.048426 0.423148 0.058540 0.266286 -0.000398 0.962115
0.004045 -0.048677 0.425290 0.059061 0.261261 -0.000505 0.963459
0.005347 -0.048889 0.426834 0.059640 0.258658 -0.000559 0.964126
0.006724 -0.049111 0.428742 0.060944 0.257599 -0.000838 0.964328
0.008187 -0.049356 0.431141 0.059251 0.254820 -0.001186 0.965171
0.009748 -0.049639 0.433344 0.059021 0.251456 -0.000957 0.966067
0.011283 -0.049901 0.435308 0.060805 0.246367 -0.001207 0.967267
0.012964 -0.050241 0.438394 0.059355 0.245615 -0.001489 0.967547
0.014634 -0.050522 0.440614 0.060226 0.243967 -0.001827 0.967910
0.016342 -0.050842 0.443293 0.061824 0.239844 -0.002296 0.968838
0.018148 -0.051187 0.446060 0.060339 0.235590 -0.002394 0.969975
0.019999 -0.051528 0.448983 0.061351 0.234214 -0.002370 0.970244
0.021917 -0.051902 0.452060 0.061089 0.229285 -0.002621 0.971437
0.023917 -0.052292 0.455679 0.060137 0.226471 -0.003569 0.972153
0.025863 -0.052654 0.458097 0.062940 0.221742 -0.003508 0.973066
0.027993 -0.053160 0.462411 0.061522 0.214259 -0.003400 0.974832
0.030128 -0.053525 0.465490 0.062738 0.213231 -0.004205 0.974976
0.032274 -0.054050 0.469983 0.060416 0.206023 -0.003794 0.976673
0.034279 -0.054284 0.473121 0.060417 0.206707 -0.004310 0.976526
0.036096 -0.054605 0.476110 0.064067 0.200730 -0.004537 0.977539
0.038081 -0.055084 0.480224 0.061105 0.194841 -0.005182 0.978916
0.039902 -0.055457 0.483414 0.063757 0.193323 -0.005380 0.979047
0.041864 -0.055920 0.487674 0.061342 0.185177 -0.005758 0.980772
0.043618 -0.056278 0.490588 0.065681 0.182205 -0.006040 0.981046
0.045811 -0.056944 0.495774 0.061157 0.176934 -0.006543 0.982299
0.047803 -0.057613 0.499628 0.069081 0.166856 -0.006557 0.983536
0.049876 -0.058107 0.503255 0.068441 0.165175 -0.007454 0.983859
0.052069 -0.058783 0.509182 0.067279 0.152748 -0.007969 0.985940
0.054021 -0.059061 0.513482 0.064702 0.151032 -0.007957 0.986377
0.055745 -0.059449 0.516992 0.067702 0.145979 -0.008429 0.986932
0.057507 -0.059930 0.521261 0.068376 0.140973 -0.008424 0.987613
0.059133 -0.060334 0.524679 0.071487 0.138813 -0.008941 0.987695
0.060934 -0.060893 0.529458 0.074244 0.126860 -0.009482 0.989093
0.062740 -0.061448 0.534084 0.067525 0.126779 -0.009430 0.989585
0.064422 -0.061968 0.538356 0.079789 0.115564 -0.010334 0.990036
0.066223 -0.062573 0.543453 0.071830 0.122753 -0.010150 0.989782
0.067714 -0.063014 0.546972 0.088865 0.104449 -0.011868 0.990481
0.069321 -0.063572 0.551432 0.084852 0.107930 -0.011676 0.990462
0.071151 -0.064257 0.557264 0.084494 0.094869 -0.012476 0.991819
0.073276 -0.065226 0.565811 -0.014855 0.066048 -0.005711 0.997689
0.073988 -0.065330 0.565542 0.096653 0.092217 -0.013333 0.990947
0.075523 -0.066012 0.571341 0.090181 0.094812 -0.012819 0.991319
0.076610 -0.066371 0.574396 0.102294 0.084246 -0.014745 0.991071
0.077993 -0.067068 0.580184 0.098895 0.087199 -0.014351 0.991166
0.079059 -0.067563 0.583962 0.102126 0.082623 -0.014896 0.991222
0.080073 -0.068031 0.588013 0.107553 0.086678 -0.014691 0.990305
0.082186 -0.069175 0.598906 -0.034278 0.082324 -0.003560 0.996010
0.082012 -0.069021 0.596534 0.108833 0.076108 -0.016096 0.991012
0.083109 -0.069695 0.601580 0.107991 0.081836 -0.014830 0.990667
0.084135 -0.070306 0.607030 0.104167 0.077513 -0.015294 0.991417
0.084912 -0.070755 0.610677 0.110442 0.066158 -0.016705 0.991538
0.085819 -0.071433 0.615999 0.107374 0.074771 -0.015738 0.991278
0.086665 -0.072038 0.620692 0.107562 0.073669 -0.015643 0.991342
0.087396 -0.072567 0.625406 0.108400 0.067100 -0.016448 0.991704
0.088182 -0.073219 0.630467 0.107319 0.069219 -0.016062 0.991682
0.088881 -0.073839 0.635453 0.104849 0.063733 -0.016342 0.992309
0.089603 -0.074471 0.640622 0.101526 0.062678 -0.016231 0.992724
0.090216 -0.075099 0.645495 0.097907 0.063197 -0.015727 0.993062
0.090657 -0.075534 0.649190 0.100618 0.055823 -0.016594 0.993219
0.091051 -0.076002 0.652966 0.102763 0.056370 -0.016525 0.992970
0.091581 -0.076598 0.657728 0.097396 0.055144 -0.016318 0.993583
0.091775 -0.076955 0.660582 0.099947 0.050247 -0.017022 0.993577
0.092255 -0.077541 0.665388 0.098769 0.049641 -0.016991 0.993726
0.092793 -0.078249 0.671209 0.091833 0.052642 -0.016131 0.994251
0.093146 -0.078841 0.675782 0.089557 0.048840 -0.016092 0.994653
0.093256 -0.079243 0.679138 0.095153 0.034103 -0.017794 0.994719
0.093763 -0.080051 0.685374 0.086825 0.030843 -0.016846 0.995604
0.094424 -0.081116 0.693599 0.069087 0.037801 -0.014260 0.996792
0.094273 -0.081560 0.696516 0.077901 0.024484 -0.016604 0.996522
0.094530 -0.082301 0.702636 0.078046 0.022009 -0.016630 0.996568
0.094472 -0.083096 0.706631 0.079842 0.013884 -0.017337 0.996560
0.094503 -0.083715 0.711636 0.081904 0.012214 -0.017526 0.996411
0.094538 -0.084356 0.716650 0.081325 0.008970 -0.017785 0.996489
0.094516 -0.085017 0.721369 0.075346 0.002372 -0.017572 0.997000
0.094320 -0.085569 0.725020 0.078143 0.001886 -0.018056 0.996777
0.094242 -0.086170 0.729088 0.070945 -0.006812 -0.017853 0.997297
0.094110 -0.086633 0.732687 0.070179 -0.012628 -0.018096 0.997290
0.093918 -0.087124 0.736713 0.069785 -0.012746 -0.018192 0.997315
0.093614 -0.087362 0.739518 0.071582 -0.017734 -0.018408 0.997107
0.093559 -0.087910 0.744092 0.071238 -0.016530 -0.018296 0.997155
0.093360 -0.088263 0.747202 0.069903 -0.024135 -0.018575 0.997089
0.093126 -0.088601 0.750136 0.070107 -0.026434 -0.018851 0.997011
0.092935 -0.088946 0.752607 0.072259 -0.029707 -0.019308 0.996756
0.092790 -0.089251 0.754885 0.071961 -0.029479 -0.019328 0.996784
0.092547 -0.089407 0.756075 0.072201 -0.031595 -0.019803 0.996693
0.092494 -0.089721 0.758556 0.073136 -0.031738 -0.019224 0.996631
0.092310 -0.089974 0.760472 0.073387 -0.036041 -0.019800 0.996455
0.092099 -0.090249 0.762537 0.069930 -0.038839 -0.020220 0.996590
0.091960 -0.090511 0.764615 0.070701 -0.033823 -0.019665 0.996730
0.091759 -0.090679 0.765994 0.074119 -0.041120 -0.020271 0.996195
0.091621 -0.090938 0.767913 0.070831 -0.041958 -0.020131 0.996402
0.091424 -0.091066 0.769199 0.074446 -0.040816 -0.020326 0.996182
0.091254 -0.091281 0.771001 0.072871 -0.042475 -0.020574 0.996224
0.091078 -0.091481 0.772541 0.072622 -0.046735 -0.020585 0.996051
0.091045 -0.091669 0.774489 0.070568 -0.048675 -0.020659 0.996104
0.090900 -0.091779 0.775308 0.071299 -0.051309 -0.020751 0.995918
0.090774 -0.091892 0.776269 0.070314 -0.052068 -0.020996 0.995944
0.090642 -0.092023 0.777360 0.069298 -0.055492 -0.020934 0.995831
0.090521 -0.092194 0.778873 0.072271 -0.053697 -0.021133 0.995714
0.090433 -0.092395 0.780172 0.069059 -0.055596 -0.020533 0.995851
0.090237 -0.092446 0.780695 0.074683 -0.057709 -0.021110 0.995312
0.090341 -0.092855 0.783966 0.066021 -0.053747 -0.020329 0.996162
0.090325 -0.092836 0.783668 0.066533 -0.055676 -0.020446 0.996020
0.090271 -0.092876 0.783545 0.064553 -0.054801 -0.020495 0.996198
0.090251 -0.092962 0.783290 0.065689 -0.055337 -0.020473 0.996094
0.090228 -0.093031 0.783322 0.067644 -0.055643 -0.020860 0.995938
0.090233 -0.093077 0.783427 0.068827 -0.056167 -0.020937 0.995826
0.090155 -0.093069 0.783060 0.069417 -0.056228 -0.021342 0.995773
0.090164 -0.093092 0.783200 0.068490 -0.056311 -0.021254 0.995835
0.090144 -0.093086 0.782983 0.068042 -0.056578 -0.021047 0.995854
0.090172 -0.093120 0.783403 0.068460 -0.054526 -0.020943 0.995943
0.090154 -0.093103 0.783339 0.068336 -0.054898 -0.021109 0.995927
0.090159 -0.093088 0.783291 0.068847 -0.055912 -0.021283 0.995832
0.090153 -0.093096 0.783363 0.067893 -0.055986 -0.021043 0.995898
0.090122 -0.093087 0.783353 0.067271 -0.055163 -0.021059 0.995986
0.090108 -0.093072 0.783215 0.067560 -0.055364 -0.021078 0.995955
0.090114 -0.093072 0.783270 0.067361 -0.055248 -0.020985 0.995977
0.090096 -0.093117 0.783027 0.063027 -0.057333 -0.020314 0.996157
0.090169 -0.093287 0.783683 0.065018 -0.055551 -0.020542 0.996125
0.090147 -0.093356 0.783559 0.066433 -0.055410 -0.020969 0.996030
0.090161 -0.093430 0.783604 0.067484 -0.054551 -0.020944 0.996008
0.090134 -0.093379 0.783423 0.068059 -0.053986 -0.021184 0.995994
0.090262 -0.093295 0.783364 0.065672 -0.056123 -0.020618 0.996048
0.090343 -0.093314 0.783564 0.066337 -0.055436 -0.021153 0.996032
0.090351 -0.093308 0.783486 0.067246 -0.054082 -0.021096 0.996046
0.090346 -0.093290 0.783300 0.068618 -0.052734 -0.021113 0.996025
0.090430 -0.093328 0.783538 0.068595 -0.052683 -0.021043 0.996030
0.090517 -0.093350 0.783607 0.068914 -0.053304 -0.020969 0.995977
0.090537 -0.093365 0.783486 0.068432 -0.054334 -0.020973 0.995954
0.090545 -0.093371 0.783533 0.067448 -0.055015 -0.020790 0.995988
0.090582 -0.093426 0.783596 0.068787 -0.054407 -0.021079 0.995924
0.090654 -0.093521 0.783309 0.068565 -0.056639 -0.021095 0.995814
0.090679 -0.093541 0.783492 0.069048 -0.054966 -0.021007 0.995876
0.090627 -0.093489 0.783060 0.069876 -0.055982 -0.021200 0.995758
0.090683 -0.093551 0.783622 0.068829 -0.055758 -0.020959 0.995849
0.090694 -0.093559 0.783689 0.068623 -0.055752 -0.020833 0.995866
0.090729 -0.093583 0.783991 0.068054 -0.055771 -0.020806 0.995904
0.090679 -0.093544 0.783612 0.069464 -0.055004 -0.021063 0.995844
0.090670 -0.093730 0.783382 0.069845 -0.055196 -0.021262 0.995803
0.090573 -0.093740 0.782194 0.074272 -0.056703 -0.021912 0.995384
0.090718 -0.093940 0.783183 0.070519 -0.055502 -0.021095 0.995742
0.090664 -0.093876 0.782720 0.071463 -0.054896 -0.021258 0.995705
0.090671 -0.093897 0.782568 0.071592 -0.055508 -0.021478 0.995657
0.090837 -0.094063 0.782487 0.069246 -0.056775 -0.021109 0.995759
0.090904 -0.094150 0.783101 0.066684 -0.055778 -0.020961 0.995993
