0.049012 -0.106760 0.839777 0.077345 0.354166 0.011234 0.931911
0.049031 -0.106830 0.840042 0.077613 0.353945 0.011411 0.931970
0.048948 -0.106852 0.839647 0.077497 0.354327 0.011242 0.931837
0.048878 -0.106898 0.839687 0.078085 0.353474 0.011309 0.932111
0.048874 -0.106956 0.839941 0.077587 0.353417 0.011318 0.932174
0.048867 -0.107032 0.840161 0.077936 0.353414 0.011483 0.932144
0.048834 -0.107041 0.840359 0.078489 0.353522 0.011353 0.932058
0.048827 -0.107036 0.840376 0.077922 0.353135 0.011306 0.932253
0.048820 -0.107025 0.840297 0.078019 0.353317 0.011267 0.932177
0.048798 -0.106993 0.840142 0.077785 0.353283 0.011302 0.932208
0.048794 -0.106961 0.840119 0.077559 0.353439 0.011183 0.932170
0.048787 -0.106967 0.840046 0.077639 0.353414 0.011270 0.932171
0.048764 -0.106945 0.839915 0.077725 0.353135 0.011344 0.932269
0.048768 -0.107010 0.840409 0.077820 0.352252 0.011276 0.932596
0.048712 -0.106852 0.839975 0.077487 0.353237 0.011434 0.932249
0.048702 -0.106803 0.840153 0.077220 0.353177 0.011201 0.932297
0.048717 -0.106873 0.840193 0.077766 0.353078 0.011450 0.932286
0.048706 -0.106742 0.840195 0.076981 0.353012 0.011099 0.932380
0.048639 -0.106634 0.839619 0.077871 0.353223 0.011054 0.932227
0.048654 -0.106637 0.839681 0.077918 0.353331 0.011150 0.932181
0.048662 -0.106623 0.839874 0.077307 0.353335 0.010906 0.932234
0.048654 -0.106608 0.839720 0.077327 0.353557 0.010934 0.932147
0.048695 -0.106610 0.839671 0.077066 0.353949 0.011134 0.932018
0.048764 -0.106651 0.839933 0.077535 0.353581 0.011202 0.932117
0.048874 -0.106769 0.839510 0.077591 0.353842 0.011429 0.932011
0.048949 -0.106825 0.839792 0.078364 0.353172 0.011534 0.932199
0.049128 -0.106743 0.839525 0.077927 0.352892 0.011250 0.932346
0.049129 -0.106659 0.839150 0.077743 0.353655 0.011176 0.932072
0.049164 -0.106384 0.839122 0.077149 0.353511 0.011323 0.932175
0.049207 -0.106409 0.839779 0.077721 0.353359 0.011363 0.932185
0.049277 -0.106769 0.839610 0.077640 0.353413 0.011625 0.932167
0.049296 -0.106772 0.839610 0.077690 0.353792 0.011759 0.932018
0.049357 -0.106654 0.839335 0.077282 0.354278 0.011753 0.931867
0.049415 -0.106644 0.840001 0.077312 0.353027 0.011615 0.932341
0.049443 -0.106577 0.839803 0.076708 0.353731 0.011416 0.932127
0.049466 -0.106588 0.840072 0.076297 0.353527 0.011337 0.932239
0.049469 -0.106548 0.839848 0.076527 0.353854 0.011320 0.932096
0.049458 -0.106518 0.839683 0.076142 0.353840 0.011232 0.932134
0.049450 -0.106527 0.839591 0.076588 0.353677 0.011355 0.932158
0.049484 -0.106707 0.840046 0.076084 0.353039 0.011403 0.932440
0.049485 -0.106976 0.840302 0.078124 0.352720 0.011763 0.932388
0.049510 -0.107005 0.840446 0.077716 0.353018 0.011812 0.932308
0.049481 -0.106914 0.840144 0.077442 0.352828 0.011590 0.932406
0.049461 -0.106853 0.839751 0.076887 0.353609 0.011662 0.932155
0.049454 -0.106895 0.839937 0.077511 0.352840 0.011694 0.932394
0.049436 -0.106902 0.839915 0.077741 0.352911 0.011635 0.932349
0.049437 -0.106932 0.840195 0.078031 0.353081 0.011638 0.932260
0.049340 -0.106834 0.839404 0.078083 0.353174 0.011691 0.932220
0.049263 -0.106770 0.839214 0.077306 0.353262 0.011478 0.932254
0.049092 -0.106876 0.838999 0.078568 0.352524 0.011653 0.932426
0.048799 -0.106876 0.838908 0.076939 0.351548 0.011484 0.932932
0.048160 -0.106678 0.837213 0.077499 0.348820 0.011432 0.933910
0.047304 -0.106540 0.836113 0.078604 0.347418 0.011824 0.934335
0.046229 -0.106113 0.833408 0.077487 0.344927 0.011624 0.935354
0.045014 -0.105737 0.831300 0.077541 0.341131 0.011149 0.936746
0.043421 -0.105219 0.828145 0.078114 0.334997 0.010972 0.938912
0.041487 -0.104422 0.823755 0.077674 0.333047 0.009830 0.939654
0.039744 -0.103672 0.821090 0.077406 0.328959 0.010167 0.941112
0.037881 -0.103045 0.817219 0.076551 0.324637 0.009769 0.942685
0.035915 -0.102553 0.815930 0.075388 0.315597 0.009516 0.945846
0.033605 -0.101715 0.810867 0.077916 0.307351 0.009323 0.948355
0.031074 -0.100685 0.804101 0.079446 0.304987 0.007907 0.949004
0.028602 -0.099988 0.801622 0.075045 0.297988 0.006365 0.951594
0.026070 -0.099014 0.794475 0.082148 0.285556 0.007882 0.954802
0.023927 -0.098119 0.789946 0.078095 0.280214 0.006361 0.956735
0.021720 -0.097518 0.784871 0.075487 0.276450 0.005380 0.958044
0.019474 -0.096851 0.781357 0.074043 0.263459 0.005637 0.961808
0.014617 -0.094424 0.766980 0.078729 0.246701 0.003840 0.965881
0.012253 -0.092997 0.760555 0.073229 0.239655 0.003032 0.968088
0.009831 -0.091873 0.753202 0.077255 0.228926 0.002614 0.970370
0.007640 -0.090822 0.747096 0.074344 0.215217 0.001197 0.973732
0.005503 -0.089410 0.737727 0.076371 0.210093 0.000182 0.974694
0.001650 -0.086922 0.725418 0.074046 0.182602 -0.001388 0.980394
-0.000084 -0.085501 0.716166 0.073369 0.172284 -0.002179 0.982309
-0.001766 -0.083823 0.704552 0.081099 0.166531 -0.002890 0.982691
-0.004255 -0.081401 0.691069 0.082819 0.133104 -0.004551 0.987625
-0.005163 -0.079883 0.681000 0.071180 0.132088 -0.006427 0.988658
-0.005899 -0.079004 0.676859 0.078448 0.103114 -0.007176 0.991545
-0.006421 -0.077551 0.666459 0.084634 0.096257 -0.007753 0.991722
-0.006698 -0.076318 0.658589 0.077342 0.087610 -0.008940 0.993108
-0.006816 -0.075117 0.650696 0.078357 0.072950 -0.009894 0.994204
-0.006768 -0.073886 0.642209 0.092059 0.060909 -0.010546 0.993833
-0.006046 -0.071592 0.626856 0.087534 0.043737 -0.012316 0.995125
-0.005419 -0.070199 0.617292 0.099038 0.021002 -0.014085 0.994762
-0.004532 -0.069031 0.608845 0.104263 0.025420 -0.013697 0.994130
-0.003470 -0.067725 0.599571 0.111619 0.033467 -0.013429 0.993097
-0.002145 -0.066581 0.592146 0.106775 0.011932 -0.015726 0.994087
-0.000607 -0.065527 0.584974 0.102738 0.004996 -0.016691 0.994556
0.001131 -0.064457 0.577358 0.099120 0.000900 -0.016765 0.994934
0.003035 -0.063383 0.570147 0.097812 -0.004427 -0.017776 0.995036
0.007305 -0.061212 0.555247 0.095705 -0.023822 -0.019705 0.994930
0.009665 -0.060546 0.551140 0.081473 -0.030221 -0.019956 0.996017
0.012014 -0.059726 0.545602 0.075059 -0.036505 -0.020222 0.996305
0.014360 -0.058540 0.536733 0.087854 -0.045556 -0.022143 0.994845
0.016953 -0.057685 0.530839 0.082133 -0.062951 -0.023307 0.994358
0.019592 -0.056840 0.524115 0.080239 -0.073296 -0.023157 0.993807
0.022329 -0.056035 0.519403 0.074156 -0.082125 -0.024226 0.993564
0.025134 -0.055275 0.514237 0.071174 -0.091488 -0.025142 0.992941
0.028045 -0.054369 0.507892 0.076154 -0.102625 -0.026244 0.991453
0.031141 -0.053733 0.502752 0.070419 -0.111602 -0.025601 0.990924
0.034078 -0.052666 0.495049 0.078034 -0.120715 -0.028724 0.989199
0.040928 -0.051410 0.485327 0.064791 -0.145036 -0.027860 0.986910
0.044412 -0.050689 0.480743 0.068354 -0.148681 -0.030103 0.986061
0.047961 -0.049919 0.474465 0.068791 -0.162376 -0.030995 0.983840
0.085756 -0.044135 0.427421 0.065816 -0.243584 -0.037615 0.966913
0.088386 -0.043795 0.424987 0.066267 -0.249311 -0.038549 0.965384
0.094724 -0.043134 0.418583 0.065089 -0.261863 -0.038139 0.962152
0.096442 -0.042936 0.417168 0.065218 -0.265136 -0.038499 0.961232
0.097678 -0.042682 0.415252 0.067249 -0.266795 -0.039165 0.960606
0.098809 -0.042518 0.414095 0.067172 -0.268095 -0.039395 0.960240
0.099828 -0.042400 0.413268 0.067498 -0.270492 -0.039587 0.959537
0.100701 -0.042306 0.412503 0.067326 -0.272606 -0.039625 0.958949
0.101643 -0.042237 0.411950 0.067239 -0.273888 -0.039614 0.958590
0.102632 -0.042128 0.410876 0.066424 -0.276301 -0.039874 0.957943
0.103886 -0.042021 0.409778 0.066147 -0.278444 -0.040012 0.957336
0.105439 -0.041881 0.408334 0.065284 -0.281594 -0.040891 0.956437
0.107326 -0.041738 0.406543 0.064904 -0.284212 -0.041031 0.955682
0.060629 -0.047854 0.456939 0.077124 -0.191241 -0.029068 0.978077
0.057235 -0.048264 0.460431 0.080770 -0.182279 -0.030560 0.979447
0.054300 -0.048761 0.463586 0.080543 -0.175024 -0.029610 0.980817
0.052006 -0.049262 0.468034 0.080201 -0.169863 -0.030081 0.981738
0.049758 -0.049629 0.469983 0.080342 -0.166446 -0.028759 0.982351
0.047949 -0.050111 0.474529 0.079493 -0.158249 -0.028733 0.983775
0.045858 -0.050397 0.476181 0.082591 -0.155725 -0.027884 0.983947
0.043908 -0.050901 0.480317 0.079998 -0.149104 -0.027422 0.985199
0.041650 -0.051225 0.482813 0.085571 -0.141762 -0.027956 0.985799
0.037316 -0.052228 0.489886 0.083152 -0.133925 -0.026759 0.987134
0.035309 -0.052721 0.494452 0.080048 -0.127470 -0.025559 0.988277
0.033205 -0.053103 0.497332 0.085322 -0.119318 -0.025215 0.988862
0.031216 -0.053489 0.500289 0.088732 -0.114067 -0.025574 0.989172
0.029418 -0.054108 0.504516 0.085464 -0.107845 -0.024369 0.990188
0.027590 -0.054656 0.507613 0.087166 -0.101791 -0.024164 0.990685
0.025831 -0.055150 0.511095 0.086441 -0.098132 -0.023932 0.991123
0.024039 -0.055665 0.514779 0.089792 -0.088857 -0.023314 0.991715
0.022137 -0.056179 0.518295 0.091888 -0.081038 -0.022522 0.992211
0.020117 -0.056791 0.522295 0.091582 -0.074978 -0.022379 0.992719
0.018090 -0.057429 0.526865 0.094731 -0.066818 -0.021248 0.993031
0.015929 -0.058012 0.531024 0.098848 -0.063964 -0.021292 0.992816
0.013849 -0.058711 0.536123 0.099105 -0.057608 -0.020082 0.993205
0.011785 -0.059399 0.541290 0.104002 -0.040430 -0.019472 0.993564
0.009933 -0.060090 0.546329 0.103062 -0.034951 -0.018621 0.993886
0.008238 -0.060740 0.551170 0.105981 -0.025965 -0.018703 0.993853
0.006762 -0.061402 0.555689 0.104585 -0.026886 -0.017945 0.993990
0.005339 -0.062006 0.560075 0.107862 -0.022394 -0.017659 0.993757
0.004028 -0.062635 0.564391 0.107577 -0.019197 -0.017378 0.993860
0.002796 -0.063205 0.568322 0.113264 -0.011921 -0.016769 0.993352
0.001706 -0.063896 0.573273 0.109186 -0.009201 -0.016444 0.993843
0.000630 -0.064346 0.575592 0.117203 -0.004742 -0.016268 0.992963
-0.000276 -0.065204 0.581391 0.108228 -0.000899 -0.015448 0.994006
-0.001212 -0.065860 0.585902 0.109581 -0.000537 -0.015407 0.993858
-0.002136 -0.066546 0.590367 0.111986 0.011176 -0.014453 0.993542
-0.003828 -0.068310 0.602335 0.106149 0.028809 -0.012424 0.993855
-0.004637 -0.068744 0.605102 0.110395 0.000512 -0.015071 0.993773
-0.005236 -0.069911 0.613237 0.103789 0.025718 -0.012535 0.994188
-0.005782 -0.070781 0.619411 0.093653 0.027988 -0.012403 0.995134
-0.006264 -0.071446 0.623526 0.103058 0.034578 -0.011973 0.994002
-0.006623 -0.072333 0.629966 0.092833 0.039636 -0.011773 0.994823
-0.006919 -0.073118 0.635267 0.096261 0.047976 -0.011072 0.994138
-0.007117 -0.073946 0.641058 0.087875 0.056289 -0.010837 0.994481
-0.007240 -0.074740 0.646543 0.090976 0.063051 -0.010123 0.993804
-0.007252 -0.076276 0.657679 0.086026 0.075999 -0.009269 0.993347
-0.007128 -0.076950 0.662245 0.080782 0.086010 -0.008849 0.992974
-0.006941 -0.077668 0.667170 0.080400 0.095214 -0.008280 0.992170
-0.006704 -0.078369 0.671620 0.086029 0.101879 -0.007316 0.991043
-0.006344 -0.079086 0.676051 0.077840 0.113679 -0.006886 0.990440
-0.005900 -0.080154 0.683624 0.087607 0.115138 -0.006209 0.989459
-0.004402 -0.082238 0.696671 0.082622 0.139046 -0.004965 0.986821
-0.003344 -0.083076 0.702020 0.082065 0.154819 -0.004195 0.984519
-0.002132 -0.084410 0.710802 0.079046 0.160217 -0.003710 0.983905
-0.000791 -0.085451 0.717063 0.081267 0.175793 -0.002595 0.981064
0.002264 -0.087713 0.731112 0.081612 0.194297 -0.001342 0.977541
0.005728 -0.089921 0.744443 0.078863 0.213251 -0.000233 0.973809
0.007521 -0.090752 0.748475 0.079007 0.224749 0.001022 0.971208
0.011107 -0.092560 0.758866 0.080463 0.240083 0.001257 0.967411
0.013067 -0.093670 0.766278 0.078980 0.243958 0.002624 0.966561
0.015023 -0.094379 0.769459 0.079995 0.254473 0.002653 0.963762
0.017118 -0.095517 0.776531 0.081573 0.258770 0.004919 0.962476
0.019258 -0.096388 0.782025 0.076885 0.271179 0.004292 0.959444
0.021102 -0.097024 0.784319 0.083164 0.277219 0.004538 0.957190
0.025052 -0.098775 0.795144 0.076802 0.289862 0.005293 0.953967
0.026917 -0.099507 0.798446 0.079430 0.293623 0.006625 0.952593
0.028722 -0.100332 0.804228 0.079566 0.295148 0.007373 0.952104
0.030368 -0.100703 0.806121 0.077271 0.301643 0.007951 0.950251
0.032079 -0.101169 0.810009 0.078663 0.308057 0.008113 0.948076
0.033653 -0.101624 0.812509 0.076789 0.315980 0.007641 0.945622
0.034984 -0.102014 0.814548 0.078850 0.319450 0.008121 0.944282
0.036301 -0.102510 0.817596 0.078592 0.320433 0.008097 0.943970
0.037426 -0.102828 0.819080 0.079216 0.324600 0.008229 0.942492
0.038613 -0.103283 0.821866 0.078914 0.326466 0.008667 0.941869
0.039627 -0.103565 0.823386 0.078575 0.329840 0.009036 0.940718
0.040420 -0.103756 0.823570 0.078740 0.333043 0.009549 0.939570
0.041324 -0.104099 0.825940 0.078591 0.334184 0.009153 0.939181
0.042465 -0.104485 0.828008 0.078197 0.336775 0.009964 0.938280
0.043361 -0.104742 0.829857 0.077926 0.338656 0.009934 0.937625
0.043591 -0.104807 0.829834 0.078433 0.339080 0.010157 0.937427
0.043611 -0.104822 0.830099 0.077998 0.339375 0.010082 0.937358
0.043617 -0.104827 0.830114 0.077828 0.339350 0.010094 0.937381
0.043660 -0.104856 0.830339 0.077604 0.339525 0.010172 0.937335
0.043900 -0.104943 0.830829 0.077933 0.340071 0.010588 0.937105
0.044155 -0.105019 0.830925 0.079211 0.341268 0.010509 0.936564
0.044499 -0.105090 0.831549 0.077819 0.342356 0.010131 0.936287
0.045093 -0.105381 0.833117 0.077785 0.342652 0.010270 0.936180
0.045505 -0.105531 0.833113 0.078576 0.344221 0.010666 0.935534
0.045894 -0.105793 0.834376 0.077135 0.346314 0.010949 0.934878
0.046254 -0.105833 0.835145 0.077422 0.346301 0.010642 0.934863
0.046721 -0.105945 0.835055 0.076911 0.348371 0.011233 0.934129
0.047344 -0.106236 0.837548 0.078243 0.348360 0.010504 0.934031
0.047966 -0.106291 0.837634 0.077406 0.351063 0.010980 0.933082
0.048608 -0.106465 0.838293 0.077931 0.352327 0.011019 0.932562
0.049258 -0.106638 0.839113 0.077376 0.354115 0.011145 0.931929
0.049395 -0.106703 0.839386 0.076524 0.354385 0.011620 0.931891
0.049412 -0.106720 0.839294 0.076679 0.354191 0.011668 0.931951
0.049435 -0.106761 0.839541 0.077880 0.354064 0.011531 0.931902
0.049456 -0.106763 0.839354 0.078225 0.354241 0.011481 0.931806
0.049583 -0.106851 0.840016 0.077233 0.353344 0.011582 0.932228
0.049616 -0.106844 0.839843 0.077307 0.354143 0.011611 0.931918
0.049636 -0.106860 0.839875 0.077805 0.354264 0.011651 0.931830
0.049623 -0.106841 0.839699 0.077343 0.354105 0.011582 0.931930
0.049618 -0.106846 0.839612 0.077585 0.354704 0.011587 0.931682
0.049596 -0.106851 0.839411 0.077707 0.354281 0.011588 0.931833
0.049590 -0.106855 0.839390 0.077013 0.354249 0.011656 0.931902
0.049555 -0.106854 0.839282 0.077738 0.353985 0.011555 0.931943
0.049569 -0.106878 0.839630 0.077806 0.354050 0.011605 0.931912
0.049590 -0.106888 0.839364 0.076872 0.354701 0.011935 0.931738
0.049645 -0.106981 0.839626 0.077026 0.354546 0.011722 0.931787
0.049665 -0.107043 0.839727 0.077700 0.354000 0.011733 0.931939
0.049794 -0.107149 0.839568 0.077413 0.354667 0.011461 0.931712
0.049870 -0.107248 0.839887 0.077395 0.354549 0.011377 0.931759
0.049865 -0.107290 0.838880 0.077655 0.354916 0.011728 0.931594
0.049948 -0.107609 0.840112 0.078885 0.353888 0.011428 0.931885
0.050034 -0.107799 0.839204 0.077451 0.354365 0.011519 0.931823
0.050143 -0.107945 0.839794 0.077655 0.354280 0.011295 0.931841
0.050054 -0.107876 0.838507 0.077637 0.355153 0.011171 0.931512
0.050131 -0.107928 0.839626 0.077504 0.354029 0.011174 0.931951
0.049985 -0.107664 0.838114 0.077871 0.355062 0.011721 0.931520
0.049821 -0.107426 0.838872 0.077076 0.355753 0.011929 0.931320
0.049597 -0.107073 0.839253 0.076832 0.353996 0.011733 0.932012
