0.043799 -0.066092 0.867720 0.048049 -0.132065 -0.015371 0.989956
0.043617 -0.066103 0.867567 0.049276 -0.131649 -0.015765 0.989945
0.043396 -0.065925 0.867802 0.049789 -0.130487 -0.015869 0.990072
0.043176 -0.065938 0.867860 0.050393 -0.128853 -0.016361 0.990247
0.043027 -0.066224 0.867770 0.048946 -0.130731 -0.016029 0.990079
0.042890 -0.066449 0.867251 0.048794 -0.130165 -0.016158 0.990159
0.042892 -0.066449 0.867325 0.049069 -0.129909 -0.016203 0.990178
0.042900 -0.066454 0.867318 0.049155 -0.130452 -0.016178 0.990103
0.042898 -0.066455 0.867385 0.049035 -0.129983 -0.016187 0.990171
0.042907 -0.066465 0.867480 0.049057 -0.130307 -0.016165 0.990127
0.042895 -0.066463 0.867361 0.049759 -0.130080 -0.016202 0.990122
0.042876 -0.066472 0.867355 0.049367 -0.129310 -0.016108 0.990244
0.042874 -0.066468 0.867229 0.050018 -0.129571 -0.016186 0.990176
0.042862 -0.066462 0.867118 0.050161 -0.129980 -0.016322 0.990112
0.042858 -0.066460 0.867078 0.050158 -0.130053 -0.016328 0.990103
0.042851 -0.066466 0.867064 0.049879 -0.130058 -0.016364 0.990116
0.042822 -0.066314 0.866850 0.047977 -0.130336 -0.016024 0.990179
0.042847 -0.066500 0.867380 0.049098 -0.129832 -0.016155 0.990188
0.042816 -0.066510 0.866982 0.050167 -0.129877 -0.016393 0.990125
0.042819 -0.066526 0.867151 0.049567 -0.129748 -0.016277 0.990174
0.042807 -0.066516 0.867055 0.049811 -0.129749 -0.016375 0.990160
0.042815 -0.066534 0.867244 0.049569 -0.129471 -0.016291 0.990209
0.042795 -0.066529 0.867003 0.049330 -0.129670 -0.016256 0.990196
0.042826 -0.066625 0.867466 0.050093 -0.129446 -0.016367 0.990185
0.042836 -0.066645 0.867568 0.049352 -0.129305 -0.016238 0.990243
0.042829 -0.066626 0.867303 0.049583 -0.129412 -0.016291 0.990216
0.042871 -0.066593 0.866658 0.049953 -0.129236 -0.016304 0.990221
0.042956 -0.066576 0.866701 0.048759 -0.128435 -0.016469 0.990382
0.043110 -0.066548 0.866774 0.048734 -0.128298 -0.016362 0.990402
0.043635 -0.066436 0.865430 0.047761 -0.125348 -0.016313 0.990828
0.043851 -0.066289 0.863608 0.052194 -0.121982 -0.016349 0.991024
0.044159 -0.066233 0.862643 0.047234 -0.121270 -0.016305 0.991361
0.044458 -0.065975 0.860393 0.050514 -0.121503 -0.016211 0.991172
0.044731 -0.065679 0.860048 0.050031 -0.117572 -0.015133 0.991688
0.044772 -0.065331 0.859096 0.049913 -0.117629 -0.015642 0.991679
0.044611 -0.065295 0.858645 0.050988 -0.118639 -0.015290 0.991509
0.044327 -0.065293 0.858649 0.048223 -0.115506 -0.015318 0.992017
0.044509 -0.065208 0.858007 0.047048 -0.112804 -0.015277 0.992385
0.044777 -0.064671 0.854736 0.047914 -0.113966 -0.016050 0.992199
0.045375 -0.064225 0.853759 0.048442 -0.111175 -0.015420 0.992500
0.045941 -0.063908 0.851267 0.047274 -0.106224 -0.015665 0.993094
0.046548 -0.063397 0.848096 0.048504 -0.102827 -0.015428 0.993396
0.047236 -0.062898 0.845981 0.046647 -0.098005 -0.014724 0.993983
0.047812 -0.062615 0.843132 0.047711 -0.093685 -0.014857 0.994347
0.048375 -0.062406 0.840554 0.046682 -0.090457 -0.014615 0.994698
0.048803 -0.062216 0.838171 0.046794 -0.086826 -0.014746 0.995015
0.049369 -0.062053 0.836707 0.047258 -0.085031 -0.013875 0.995160
0.049748 -0.061733 0.833689 0.050169 -0.077998 -0.014100 0.995591
0.050280 -0.061566 0.831813 0.049356 -0.073827 -0.013718 0.995955
0.050796 -0.061362 0.829516 0.048908 -0.070439 -0.013904 0.996219
0.051269 -0.061113 0.826196 0.052923 -0.064641 -0.014088 0.996405
0.051499 -0.060876 0.823001 0.053202 -0.062491 -0.013758 0.996532
0.051945 -0.060724 0.821268 0.049426 -0.052629 -0.013391 0.997300
0.052423 -0.060502 0.818769 0.050127 -0.050195 -0.013373 0.997391
0.052748 -0.060179 0.814635 0.055426 -0.047412 -0.013643 0.997243
0.053085 -0.059959 0.812471 0.057450 -0.041259 -0.013769 0.997400
0.053353 -0.059691 0.809084 0.060613 -0.036099 -0.013801 0.997413
0.053733 -0.059466 0.806202 0.060457 -0.031251 -0.013341 0.997592
0.054195 -0.059294 0.803936 0.053641 -0.026162 -0.012605 0.998138
0.054711 -0.059071 0.801544 0.048852 -0.020569 -0.012302 0.998518
0.054878 -0.058512 0.794911 0.060701 -0.013856 -0.013039 0.997975
0.055097 -0.057982 0.789161 0.071236 -0.009728 -0.013898 0.997315
0.055304 -0.057458 0.783125 0.076237 -0.008764 -0.014269 0.996949
0.055921 -0.057397 0.782151 0.055428 0.001779 -0.011481 0.998395
0.056366 -0.057063 0.779316 0.056647 0.021245 -0.010858 0.998109
0.056472 -0.056483 0.772351 0.058216 0.011085 -0.011933 0.998171
0.056377 -0.055772 0.763853 0.067094 0.013697 -0.011840 0.997582
0.056413 -0.055080 0.757236 0.082152 0.030729 -0.011578 0.996079
0.056383 -0.054421 0.750480 0.080508 0.024671 -0.011725 0.996380
0.056286 -0.053859 0.745070 0.084470 0.036819 -0.011189 0.995683
0.055952 -0.053166 0.737655 0.093934 0.033362 -0.011285 0.994955
0.056395 -0.053132 0.740487 -0.049455 0.059064 -0.003836 0.997021
0.055253 -0.052207 0.727430 0.091785 0.044409 -0.010693 0.994731
0.054872 -0.051807 0.723343 0.084596 0.042554 -0.010322 0.995453
0.054316 -0.051385 0.718378 0.080263 0.044609 -0.009798 0.995727
0.053508 -0.050786 0.711918 0.090113 0.049467 -0.009867 0.994653
0.053405 -0.050713 0.713406 -0.043428 0.043733 -0.003064 0.998094
0.052133 -0.050021 0.704378 0.080129 0.057742 -0.008363 0.995075
0.051177 -0.049531 0.699599 0.077142 0.058465 -0.008547 0.995268
0.050219 -0.049264 0.696077 0.054341 0.081433 -0.006265 0.995177
0.049044 -0.048822 0.691555 0.068538 0.070375 -0.006922 0.995139
0.047978 -0.048432 0.688238 0.041548 0.095409 -0.006113 0.994552
0.046741 -0.047968 0.683777 0.048426 0.100420 -0.005619 0.993750
0.045530 -0.047644 0.680953 0.042944 0.098354 -0.004586 0.994214
0.043955 -0.047132 0.674762 0.040631 0.118460 -0.004338 0.992118
0.042329 -0.046735 0.670609 0.044762 0.121725 -0.003674 0.991547
0.040394 -0.046176 0.663815 0.046383 0.137653 -0.002887 0.989390
0.038462 -0.045714 0.660292 0.040112 0.143875 -0.002956 0.988778
0.036036 -0.045084 0.652705 0.045070 0.161647 -0.002707 0.985815
0.033527 -0.044573 0.647694 0.047575 0.167334 -0.001932 0.984750
0.030856 -0.043938 0.640960 0.040867 0.184460 -0.001761 0.981988
0.027944 -0.043333 0.633976 0.046059 0.197363 -0.000944 0.979247
0.025353 -0.042909 0.631444 0.036267 0.206527 0.000529 0.977768
0.022303 -0.042271 0.623042 0.043752 0.214229 0.002107 0.975801
0.019400 -0.041776 0.620018 0.035349 0.227922 0.000543 0.973037
0.016159 -0.041271 0.612040 0.052281 0.230503 0.001390 0.971665
0.013596 -0.040759 0.608633 0.044003 0.246382 0.001018 0.968173
0.010866 -0.040312 0.605395 0.040022 0.251980 0.002367 0.966901
0.007896 -0.039659 0.600031 0.038728 0.259838 0.002841 0.964871
-0.002381 -0.037994 0.585437 0.043029 0.285637 0.002968 0.957367
-0.005839 -0.037538 0.579706 0.045012 0.298575 0.004158 0.953315
-0.009248 -0.037065 0.577994 0.035203 0.301649 0.005645 0.952752
-0.012821 -0.036617 0.572680 0.041654 0.307943 0.006624 0.950469
-0.023678 -0.035296 0.558964 0.044536 0.332410 0.006822 0.942058
-0.045964 -0.033058 0.536999 0.043722 0.377934 0.007745 0.924767
-0.050414 -0.032608 0.532393 0.042433 0.386539 0.008099 0.921261
-0.052542 -0.032427 0.531699 0.041315 0.390290 0.009202 0.919718
-0.054512 -0.032229 0.528859 0.045082 0.394546 0.010222 0.917713
-0.056593 -0.032022 0.527254 0.043178 0.398974 0.010070 0.915890
-0.062818 -0.031434 0.521572 0.045515 0.410829 0.009714 0.910524
-0.090645 -0.029154 0.502766 0.043258 0.452807 0.012816 0.890466
-0.094375 -0.028834 0.500170 0.043328 0.460163 0.012987 0.886681
-0.102258 -0.026734 0.527945 0.013716 0.429376 -0.025230 0.902669
-0.096126 -0.028709 0.498571 0.043971 0.462582 0.012993 0.885390
-0.096994 -0.028577 0.497343 0.043161 0.464044 0.012594 0.884670
-0.098054 -0.028528 0.497001 0.042838 0.466229 0.013260 0.883527
-0.096648 -0.028579 0.498366 0.045896 0.462882 0.010748 0.885166
-0.095533 -0.028689 0.499012 0.046692 0.462134 0.010495 0.885518
-0.094162 -0.028802 0.500117 0.046620 0.459688 0.010944 0.886788
-0.067579 -0.031006 0.518720 0.049281 0.418079 0.007956 0.907038
-0.065054 -0.031224 0.519954 0.048022 0.415548 0.007936 0.908268
-0.060922 -0.031640 0.523711 0.050240 0.405702 0.007799 0.912590
-0.057146 -0.031941 0.526527 0.047628 0.401855 0.006156 0.914443
-0.055538 -0.032132 0.528691 0.048746 0.398341 0.005845 0.915922
-0.053646 -0.032285 0.529560 0.048969 0.395099 0.006157 0.917312
-0.051734 -0.032430 0.530620 0.048195 0.390520 0.005996 0.919312
-0.049861 -0.032674 0.533356 0.047937 0.385842 0.006005 0.921299
-0.047822 -0.032937 0.535551 0.048270 0.380299 0.006455 0.923580
-0.043791 -0.033329 0.538925 0.047095 0.374829 0.005839 0.925879
-0.041964 -0.033515 0.540740 0.047816 0.372196 0.005170 0.926907
-0.040076 -0.033698 0.542059 0.048571 0.370040 0.004877 0.927733
-0.038130 -0.033926 0.543850 0.049824 0.364665 0.004635 0.929793
-0.036079 -0.034125 0.546154 0.050789 0.359920 0.003873 0.931592
-0.033898 -0.034357 0.548174 0.050317 0.356045 0.003293 0.933107
-0.031626 -0.034688 0.550784 0.053083 0.351350 0.004572 0.934727
-0.029271 -0.034884 0.553370 0.049732 0.346205 0.003788 0.936832
-0.026855 -0.035121 0.556508 0.047147 0.345465 0.003212 0.937241
-0.024569 -0.035445 0.559420 0.046669 0.336355 0.004319 0.940568
-0.022365 -0.035704 0.561027 0.049595 0.330409 0.004051 0.942525
-0.020217 -0.035946 0.563434 0.050811 0.323984 0.003089 0.944692
-0.018088 -0.036201 0.565433 0.051595 0.321249 0.002762 0.945584
-0.015928 -0.036479 0.568409 0.052332 0.320034 0.001601 0.945958
-0.013749 -0.036727 0.570668 0.049275 0.317881 0.001507 0.946848
-0.011614 -0.037003 0.572862 0.050787 0.308899 0.002013 0.949736
-0.009596 -0.037291 0.576259 0.049659 0.300981 0.002758 0.952332
-0.007551 -0.037553 0.579124 0.048307 0.298605 0.001973 0.953152
-0.005727 -0.037776 0.580488 0.049196 0.296325 0.001937 0.953817
-0.004092 -0.038021 0.582784 0.049758 0.290938 0.001682 0.955446
-0.002621 -0.038229 0.584489 0.049833 0.288353 0.001696 0.956225
-0.001257 -0.038415 0.586624 0.048707 0.285636 0.001131 0.957099
-0.000164 -0.038551 0.587886 0.050216 0.282579 0.001059 0.957928
0.000876 -0.038696 0.589917 0.048898 0.278659 0.000711 0.959144
0.001796 -0.038838 0.591185 0.049731 0.277007 0.001060 0.959580
0.002721 -0.038977 0.592771 0.049069 0.274458 0.000301 0.960346
0.003823 -0.039126 0.593604 0.048876 0.273165 0.000450 0.960725
0.005008 -0.039299 0.594933 0.049970 0.270083 0.000123 0.961539
0.006252 -0.039493 0.597197 0.050068 0.264110 -0.000018 0.963192
0.007521 -0.039696 0.599485 0.049955 0.260164 -0.000064 0.964271
0.008753 -0.039889 0.601026 0.051168 0.256472 0.000014 0.965196
0.009966 -0.040075 0.602768 0.051036 0.254418 -0.000631 0.965747
0.011199 -0.040250 0.605052 0.049119 0.250349 -0.000931 0.966908
0.012489 -0.040474 0.606905 0.049420 0.248013 -0.000611 0.967495
0.013722 -0.040686 0.608828 0.050032 0.242580 -0.000356 0.968840
0.015039 -0.040904 0.610709 0.050082 0.239118 -0.000335 0.969698
0.016406 -0.041124 0.613945 0.047202 0.235913 -0.000945 0.970627
0.017725 -0.041325 0.616372 0.046959 0.233465 -0.001087 0.971230
0.018842 -0.041525 0.617677 0.050685 0.226966 -0.001239 0.972582
0.019938 -0.041738 0.619024 0.051061 0.221332 -0.001515 0.973860
0.021048 -0.041980 0.621147 0.051821 0.217463 -0.001461 0.974691
0.022255 -0.042189 0.623664 0.049321 0.216802 -0.002117 0.974967
0.023389 -0.042393 0.625529 0.049453 0.214053 -0.002822 0.975565
0.024598 -0.042597 0.627427 0.052771 0.209564 -0.002548 0.976367
0.025852 -0.042825 0.629907 0.054722 0.201573 -0.002278 0.977941
0.027248 -0.043153 0.633902 0.050210 0.193767 -0.002054 0.979760
0.028558 -0.043374 0.636564 0.048485 0.190544 -0.002715 0.980477
0.029788 -0.043592 0.638354 0.049893 0.188804 -0.003133 0.980741
0.030951 -0.043869 0.640887 0.052000 0.183061 -0.003085 0.981721
0.032110 -0.044106 0.643922 0.049412 0.176844 -0.003421 0.982992
0.033201 -0.044339 0.646049 0.050776 0.173828 -0.003121 0.983461
0.034198 -0.044559 0.648303 0.050598 0.169577 -0.003392 0.984211
0.035140 -0.044767 0.650555 0.050112 0.162651 -0.003633 0.985404
0.036055 -0.044995 0.652657 0.054185 0.159220 -0.003719 0.985748
0.037005 -0.045198 0.655329 0.051294 0.153064 -0.004058 0.986876
0.037869 -0.045358 0.656759 0.051419 0.152580 -0.004536 0.986942
0.038815 -0.045595 0.658858 0.055535 0.145980 -0.004326 0.987718
0.039896 -0.045902 0.662499 0.054105 0.140775 -0.004479 0.988552
0.040941 -0.046144 0.665345 0.053470 0.134912 -0.004981 0.989401
0.041924 -0.046390 0.667618 0.055167 0.131599 -0.005358 0.989752
0.042866 -0.046647 0.670166 0.055548 0.126528 -0.005637 0.990390
0.043904 -0.046976 0.674002 0.054961 0.117048 -0.005592 0.991589
0.044740 -0.047190 0.676001 0.056689 0.114036 -0.006504 0.991837
0.045487 -0.047382 0.677331 0.057267 0.109084 -0.006704 0.992359
0.046347 -0.047667 0.680183 0.055234 0.109378 -0.006582 0.992443
0.047246 -0.047969 0.684217 0.055548 0.097105 -0.006578 0.993701
0.047911 -0.048157 0.685871 0.067479 0.079911 -0.006829 0.994492
0.048560 -0.048353 0.688020 0.065194 0.084374 -0.007391 0.994272
0.049172 -0.048545 0.689758 0.063738 0.083403 -0.007750 0.994445
0.049924 -0.048836 0.693261 0.067515 0.080288 -0.007789 0.994452
0.050632 -0.048991 0.696417 0.062103 0.079056 -0.007831 0.994903
0.051275 -0.049047 0.698923 0.067912 0.065789 -0.008216 0.995486
0.051821 -0.049282 0.700832 0.078596 0.063605 -0.008579 0.994838
0.052462 -0.049573 0.703885 0.075982 0.062151 -0.008687 0.995132
0.053117 -0.049876 0.707561 0.077259 0.063259 -0.009067 0.994961
0.053669 -0.050126 0.710546 0.082044 0.059852 -0.009632 0.994783
0.054233 -0.050428 0.714091 0.082982 0.052802 -0.009690 0.995104
0.054814 -0.050800 0.718564 0.076419 0.053059 -0.009643 0.995616
0.055146 -0.051041 0.720870 0.078805 0.050808 -0.009843 0.995546
0.055639 -0.051323 0.724888 0.094798 0.044904 -0.011079 0.994422
0.056823 -0.052340 0.736761 -0.046572 0.056483 -0.003987 0.997309
0.056329 -0.052205 0.731898 0.089953 0.038983 -0.011083 0.995121
0.056550 -0.052431 0.734619 0.094535 0.035593 -0.011172 0.994822
0.056799 -0.052738 0.737958 0.092495 0.033100 -0.010860 0.995104
0.057027 -0.053073 0.741805 0.087633 0.030251 -0.010982 0.995633
0.057300 -0.053451 0.746428 0.080845 0.030366 -0.010916 0.996204
0.057376 -0.053702 0.749515 0.082972 0.030465 -0.011059 0.996025
0.057403 -0.053945 0.752507 0.086165 0.030205 -0.011467 0.995757
0.057438 -0.054235 0.756007 0.088921 0.030168 -0.011608 0.995514
0.057494 -0.054600 0.760025 0.081602 0.032395 -0.010992 0.996078
0.057427 -0.054830 0.762456 0.083301 0.019237 -0.011411 0.996273
0.057290 -0.055041 0.765058 0.085495 0.015509 -0.012268 0.996142
0.057405 -0.055521 0.770828 0.078746 0.013289 -0.011673 0.996738
0.057387 -0.055948 0.775174 0.073956 0.012062 -0.011377 0.997124
0.057239 -0.056215 0.777769 0.074461 0.018276 -0.011243 0.996993
0.057059 -0.056334 0.779243 0.075660 0.009024 -0.011814 0.997023
0.057010 -0.056566 0.781910 0.069379 0.003905 -0.011848 0.997512
0.056918 -0.056699 0.783251 0.069042 0.001150 -0.011609 0.997546
0.056823 -0.056870 0.785226 0.065725 -0.002403 -0.011658 0.997767
0.056683 -0.056988 0.786516 0.065274 -0.008764 -0.011766 0.997760
0.056562 -0.057153 0.790883 0.057199 -0.003080 -0.011384 0.998293
0.056258 -0.057089 0.793061 0.062108 -0.016774 -0.012331 0.997852
0.055838 -0.057290 0.795524 0.072111 -0.017459 -0.013032 0.997159
0.055712 -0.057956 0.801658 0.060161 -0.019768 -0.012476 0.997915
0.055354 -0.058396 0.804339 0.055092 -0.034834 -0.012010 0.997801
0.054836 -0.058615 0.806934 0.060136 -0.032684 -0.012375 0.997578
0.054361 -0.058824 0.809434 0.061971 -0.034945 -0.012876 0.997383
0.054057 -0.059061 0.812255 0.062461 -0.044980 -0.012794 0.996951
0.053625 -0.059322 0.815701 0.057976 -0.047078 -0.013231 0.997119
0.053189 -0.059562 0.817781 0.057049 -0.051922 -0.013048 0.996935
0.052799 -0.059829 0.820327 0.056731 -0.056992 -0.013274 0.996673
0.052416 -0.059997 0.822305 0.059144 -0.060132 -0.013438 0.996346
0.052052 -0.060266 0.825326 0.052945 -0.062784 -0.013354 0.996532
0.051550 -0.060378 0.826072 0.056057 -0.065907 -0.013603 0.996157
0.051240 -0.060645 0.829919 0.053968 -0.068522 -0.013908 0.996092
0.050898 -0.060800 0.831173 0.054046 -0.071649 -0.013396 0.995874
0.050491 -0.060856 0.831430 0.057751 -0.074164 -0.014186 0.995471
0.050359 -0.060828 0.833143 0.051866 -0.075032 -0.013452 0.995741
0.050286 -0.060793 0.833568 0.052745 -0.074190 -0.013547 0.995756
0.050097 -0.061010 0.834612 0.047438 -0.075912 -0.014012 0.995887
0.049914 -0.061159 0.834709 0.051733 -0.079595 -0.013857 0.995388
0.049652 -0.061338 0.836196 0.048711 -0.079021 -0.013469 0.995591
0.049352 -0.061435 0.837575 0.050138 -0.085276 -0.013995 0.994997
0.048956 -0.061561 0.838644 0.049269 -0.086618 -0.014176 0.994922
0.048674 -0.061669 0.839450 0.051815 -0.090048 -0.013737 0.994494
0.048377 -0.061802 0.841675 0.047926 -0.090165 -0.014251 0.994671
0.048069 -0.061860 0.841984 0.050954 -0.093110 -0.013774 0.994256
0.047766 -0.061957 0.843025 0.049496 -0.095101 -0.014285 0.994134
0.047483 -0.062018 0.843785 0.050438 -0.097610 -0.014342 0.993842
0.047290 -0.062179 0.846089 0.048989 -0.095445 -0.014407 0.994124
0.047028 -0.062221 0.846573 0.050030 -0.100048 -0.014609 0.993617
0.046709 -0.062289 0.847722 0.050207 -0.101291 -0.014968 0.993476
0.046423 -0.062387 0.848791 0.051738 -0.102849 -0.014805 0.993240
0.046113 -0.062634 0.851658 0.048235 -0.103022 -0.014240 0.993407
0.045733 -0.062736 0.852977 0.046886 -0.110381 -0.014895 0.992671
0.045342 -0.062754 0.853207 0.049876 -0.112365 -0.014707 0.992305
0.045061 -0.062802 0.854087 0.048347 -0.113090 -0.015231 0.992291
0.045050 -0.062839 0.854512 0.047837 -0.113017 -0.015003 0.992327
0.045038 -0.062845 0.854531 0.047745 -0.112597 -0.014968 0.992380
0.045041 -0.062849 0.854542 0.047612 -0.113558 -0.014915 0.992278
0.044939 -0.062849 0.854597 0.048831 -0.114727 -0.014962 0.992083
0.044852 -0.062903 0.855196 0.048026 -0.116148 -0.014658 0.991962
0.044690 -0.062960 0.855832 0.049751 -0.113132 -0.014621 0.992226
0.044525 -0.062918 0.855688 0.051191 -0.117070 -0.014948 0.991691
0.044430 -0.063006 0.856638 0.050093 -0.122073 -0.014736 0.991147
0.044223 -0.063068 0.857222 0.049303 -0.118695 -0.015196 0.991590
0.044084 -0.063141 0.858255 0.046234 -0.119451 -0.015388 0.991644
0.044011 -0.063133 0.858293 0.047738 -0.119528 -0.015417 0.991563
0.043930 -0.063139 0.858469 0.048619 -0.120549 -0.015400 0.991397
0.043868 -0.063224 0.858731 0.050426 -0.123256 -0.015494 0.990972
0.043538 -0.063323 0.860495 0.051193 -0.120872 -0.015777 0.991222
0.043132 -0.063417 0.861651 0.049964 -0.124504 -0.015404 0.990841
0.042701 -0.063536 0.863207 0.049375 -0.127900 -0.015678 0.990433
0.042314 -0.063656 0.865056 0.049186 -0.129253 -0.015608 0.990268
0.042001 -0.063820 0.866836 0.050248 -0.130985 -0.015842 0.989983
0.041687 -0.063908 0.867071 0.048746 -0.132205 -0.016117 0.989892
0.041699 -0.063948 0.867395 0.047846 -0.131527 -0.015879 0.990030
0.041639 -0.063910 0.866523 0.047361 -0.133247 -0.015485 0.989829
0.041629 -0.063924 0.867155 0.047958 -0.130733 -0.015820 0.990131
0.041599 -0.063879 0.866645 0.048525 -0.131482 -0.015759 0.990005
0.041582 -0.063944 0.866955 0.047924 -0.131359 -0.015688 0.990052
0.041576 -0.064001 0.867220 0.046104 -0.130629 -0.015419 0.990239
0.041565 -0.064016 0.867319 0.047102 -0.131042 -0.015506 0.990136
0.041520 -0.064027 0.867074 0.047128 -0.130579 -0.015679 0.990193
0.041523 -0.064035 0.866919 0.046653 -0.131511 -0.015618 0.990093
0.041507 -0.064030 0.866583 0.048275 -0.131241 -0.015792 0.990049
0.041527 -0.064069 0.866652 0.047920 -0.131162 -0.015729 0.990077
0.041593 -0.064138 0.867148 0.045138 -0.132557 -0.015696 0.990023
0.041606 -0.064170 0.867581 0.044713 -0.131804 -0.015666 0.990143
0.041562 -0.064162 0.866694 0.047454 -0.131960 -0.016025 0.989989
0.041565 -0.064158 0.866430 0.047776 -0.132498 -0.015914 0.989903
0.041532 -0.064190 0.866630 0.046226 -0.131118 -0.015776 0.990163
0.041527 -0.064194 0.866771 0.046858 -0.130648 -0.015720 0.990196
0.041506 -0.064172 0.866645 0.046533 -0.130590 -0.015992 0.990215
0.041520 -0.064176 0.866736 0.046950 -0.131148 -0.015973 0.990122
0.041549 -0.064222 0.866696 0.046201 -0.131401 -0.015934 0.990124
0.041560 -0.064310 0.867396 0.044894 -0.130676 -0.015607 0.990285
0.041545 -0.064312 0.866797 0.046247 -0.131768 -0.015761 0.990076
0.041580 -0.064317 0.866809 0.047025 -0.131186 -0.015889 0.990114
0.041598 -0.064330 0.866875 0.046303 -0.132213 -0.015915 0.990011
0.041638 -0.064324 0.866762 0.048345 -0.131670 -0.016003 0.989985
0.041660 -0.064313 0.866447 0.049944 -0.131342 -0.016384 0.989943
0.041747 -0.064424 0.867025 0.049176 -0.130542 -0.016201 0.990090
0.041752 -0.064456 0.866954 0.049460 -0.129716 -0.015906 0.990189
0.041843 -0.064536 0.867616 0.048541 -0.129839 -0.016166 0.990214
0.041943 -0.064737 0.867182 0.049307 -0.131449 -0.015920 0.989968
0.041940 -0.064746 0.867157 0.049821 -0.131090 -0.015856 0.989991
0.041919 -0.064666 0.866898 0.050543 -0.131664 -0.016139 0.989874
0.041917 -0.064654 0.866712 0.049495 -0.132359 -0.016107 0.989834
0.042064 -0.064805 0.867654 0.048365 -0.129463 -0.015942 0.990276
0.042034 -0.064754 0.867172 0.049493 -0.129741 -0.016321 0.990177
0.042136 -0.064760 0.867515 0.048620 -0.130524 -0.016248 0.990119
0.042193 -0.064778 0.867550 0.048090 -0.130643 -0.016273 0.990129
0.042303 -0.064854 0.867232 0.047862 -0.128907 -0.016430 0.990365
0.042413 -0.064892 0.867468 0.048264 -0.129221 -0.016238 0.990307
0.042391 -0.064906 0.867447 0.048182 -0.129520 -0.016235 0.990272
0.042346 -0.065143 0.867772 0.048595 -0.128692 -0.016426 0.990357
0.042339 -0.065136 0.867107 0.049822 -0.129225 -0.016640 0.990223
0.042330 -0.065105 0.867680 0.049979 -0.128133 -0.016430 0.990361
0.042317 -0.065114 0.867806 0.048033 -0.127688 -0.016146 0.990519
0.042312 -0.065020 0.867770 0.048594 -0.128557 -0.016141 0.990379
0.042327 -0.065050 0.867592 0.049225 -0.127797 -0.016195 0.990446
0.042301 -0.065104 0.867310 0.051051 -0.127919 -0.016572 0.990331
0.042301 -0.065036 0.867484 0.049400 -0.128140 -0.016542 0.990387
