0.401948266529 -0.339129425844 -0.260237895769
0.401935044558 -0.338927600297 -0.260566774289
0.401459632796 -0.338361212247 -0.260150236963
0.401224199518 -0.337417880443 -0.257990547644
0.400511609092 -0.335856990546 -0.251933709126
0.39950881747 -0.334831858798 -0.251341101281
0.398957579133 -0.334276011569 -0.2511683697
0.398173566754 -0.333172767602 -0.25144891427
0.397602174783 -0.333670926627 -0.251045012262
0.396936907423 -0.331867713713 -0.251451197394
0.3959317609 -0.331399817103 -0.251014452421
0.394566743085 -0.330567578405 -0.251177543601
0.393285535607 -0.329717121229 -0.250079723711
0.39165997695 -0.328393959303 -0.250558132333
0.391555457314 -0.328801804011 -0.250565388476
0.391416151713 -0.328808569458 -0.250755023929
0.390947651617 -0.328261278944 -0.250572462168
0.390142085014 -0.328154674321 -0.250298605831
0.389671799118 -0.328567095858 -0.250324281232
0.389371389277 -0.328325699892 -0.250303965584
0.388857509212 -0.327641698506 -0.25049063499
0.388410830086 -0.327191149461 -0.250504546097
0.387931694723 -0.326185525176 -0.251377633907
0.387931694723 -0.326185525176 -0.251377633907
0.388007578474 -0.324127808891 -0.251577494446
0.387499607439 -0.323464082546 -0.250756997654
0.386614437639 -0.322137135279 -0.251613278916
0.386684293308 -0.321785387153 -0.251439216812
0.386345552748 -0.320925005116 -0.25186793718
0.385842125729 -0.319239412497 -0.251445063481
0.384957806526 -0.318598793871 -0.252436243827
0.383878835406 -0.318060460367 -0.252345926363
0.383124792553 -0.317985027613 -0.252791147439
0.382368751883 -0.316788520949 -0.253389725219
0.381073676825 -0.315263455873 -0.25276589206
0.380618644501 -0.312909148921 -0.25255677947
0.380267405316 -0.311696168809 -0.252503919112
0.379801665164 -0.310334997184 -0.252995403131
0.378306178237 -0.30859227051 -0.253299158796
0.377602098503 -0.306931860745 -0.253642396851
0.377251515275 -0.306267393248 -0.253996366935
0.37705284077 -0.304824722895 -0.254692858593
0.375227749836 -0.30330303821 -0.255505591765
0.367450346932 -0.299114488557 -0.257462556804
0.363770467342 -0.296787094566 -0.256980377228
0.359769688588 -0.295385306933 -0.256405708329
0.34743377589 -0.290286822175 -0.261143045635
0.342449955942 -0.289117412098 -0.263262850978
0.339262428851 -0.28721463962 -0.263774392554
0.329765312542 -0.28464326655 -0.268352401925
0.326763232559 -0.28413877651 -0.269381251317
0.323845923352 -0.283992110959 -0.270902809366
0.321390550052 -0.283634716145 -0.272200071962
0.318319312819 -0.283267208471 -0.273528089278
0.316379045056 -0.282319914706 -0.274650958352
0.315643975361 -0.282990297915 -0.274598914902
0.313854308589 -0.282477550678 -0.275536831801
0.312663147725 -0.282288188462 -0.275868169784
0.310278708304 -0.281500953117 -0.276207509436
0.309465136634 -0.281830896515 -0.275951493272
0.308684524968 -0.281427585696 -0.276468235397
0.305890866057 -0.280712834399 -0.277126610201
0.304710856114 -0.280387015917 -0.277724332117
0.303023767784 -0.280234989819 -0.279074229773
0.302174311824 -0.279794438207 -0.278588691896
0.299077274543 -0.27954164004 -0.280938260774
0.29761239491 -0.278959572455 -0.281705815218
0.295516515372 -0.278681882732 -0.282900827607
0.293756888284 -0.277924852852 -0.283361642012
0.290844434328 -0.278077239857 -0.284667567614
0.28840528692 -0.276593039688 -0.28595683
0.28643580805 -0.275970817016 -0.286307165274
0.283924398216 -0.275765013432 -0.287096762589
0.280725502527 -0.274631673701 -0.289535762828
0.278699056459 -0.273690463205 -0.290747473064
0.276174306771 -0.273243855215 -0.292037801843
0.274713521388 -0.272850850273 -0.292320283488
0.271745257231 -0.272178778855 -0.294492522782
0.270044188867 -0.271756641656 -0.295723233103
0.267662838906 -0.271674113922 -0.296838184291
0.266581040028 -0.272551016286 -0.29687683857
0.263677039661 -0.271616931712 -0.298591531104
0.262035838282 -0.27134641502 -0.29957459869
0.259482717032 -0.270839104501 -0.301105485097
0.257735775322 -0.270706566467 -0.302308605299
0.25476963361 -0.269498158942 -0.303947820723
0.252681856797 -0.269247160514 -0.305073892065
0.251777230941 -0.26916683818 -0.305679499674
0.249502441565 -0.268660363156 -0.307460025871
0.247076730076 -0.26870445152 -0.309675843132
0.244543764621 -0.267418737704 -0.312292539575
0.243032663717 -0.267740603205 -0.313935863949
0.241364060492 -0.267697127164 -0.315780076518
0.232701707234 -0.266889096429 -0.322379167918
0.231614864839 -0.267343186214 -0.323347788678
0.226571882782 -0.264546748594 -0.324710359462
0.2249316037 -0.264170149678 -0.327818075986
0.220302882355 -0.261624097355 -0.328523647483
0.220626626709 -0.262104606146 -0.33167140794
0.217996484329 -0.26074110624 -0.331544277265
0.220300358206 -0.260532848784 -0.332690697516
0.216138386398 -0.259323879658 -0.332567830544
0.21624011889 -0.259528290023 -0.333561254051
0.211000556842 -0.257684775787 -0.335360478943
0.210830927668 -0.257774765828 -0.335948553004
0.210719638063 -0.25884336919 -0.336838704633
0.205798763376 -0.256969278518 -0.338543153803
0.206106051463 -0.257282397184 -0.339533283079
0.203212486632 -0.252359143067 -0.340626075215
0.20343429802 -0.251735777211 -0.340318206558
0.204006390575 -0.250261503217 -0.339341214951
0.204575744367 -0.250396639938 -0.338603689559
0.204118125223 -0.249174029117 -0.337942289175
0.204813116628 -0.248617943792 -0.337321742942
0.205948425882 -0.248978644132 -0.33598577663
0.206207270917 -0.247207818344 -0.335668218952
0.206747830411 -0.247670379405 -0.335131465536
0.20675246461 -0.247293108203 -0.335048757457
0.206858770621 -0.247096606918 -0.33498776804
0.207452575393 -0.247123306941 -0.334617803565
0.207523513914 -0.246521974516 -0.334509097691
0.207543165633 -0.245901157726 -0.334495802474
0.20751006952 -0.245138111704 -0.334793166017
0.207636890448 -0.245121353581 -0.334418169816
0.207712141538 -0.244743610368 -0.334396405123
0.207684698499 -0.244337674666 -0.33430976166
0.20763694662 -0.242936931619 -0.334556363109
0.207658324059 -0.241146232836 -0.334776227208
0.20761181096 -0.241942198101 -0.334889035132
0.207627889755 -0.241353957428 -0.334961982535
0.207696643582 -0.240160207155 -0.334918720609
0.207671931589 -0.240314965703 -0.334850126747
0.207748553501 -0.240390938066 -0.334826255448
0.207668053601 -0.239979922985 -0.334920254617
0.207220966735 -0.239954262608 -0.335200741775
0.207768538841 -0.240941108656 -0.334753574161
0.207280193903 -0.240766787746 -0.335035504082
0.207197435076 -0.240133569016 -0.3352896829
0.207197435076 -0.240133569016 -0.3352896829
0.207230077556 -0.240758961279 -0.335126554161
0.20724865931 -0.240954419261 -0.335124631728
0.207221569441 -0.240774922883 -0.335126554161
0.207177629341 -0.240754910264 -0.335217751229
0.207245523065 -0.240966713928 -0.335124631728
0.207308228275 -0.241182013379 -0.335031239508
0.207322240522 -0.241156064997 -0.335031239508
0.207168823401 -0.240550084459 -0.33521942631
0.207231174824 -0.240765572587 -0.335126554161
0.207181778767 -0.241338800049 -0.3351453078
0.207249755028 -0.240961030717 -0.335124631728
0.207263449055 -0.240354139306 -0.335197314551
0.207196754276 -0.240731885448 -0.335217751229
0.207184916547 -0.240165295881 -0.3352896829
0.207315264275 -0.240948239335 -0.334937011289
0.207364478982 -0.240729019182 -0.334751223625
0.207320550364 -0.240709616707 -0.334842401282
0.20791972503 -0.24133831461 -0.334119102642
0.207362231946 -0.241316527449 -0.33458214142
0.207875183736 -0.241319322868 -0.334210918605
0.207944212514 -0.240940910884 -0.334190177005
0.207407962547 -0.241335477806 -0.334490394049
0.207415244846 -0.24190235596 -0.334416853662
0.207430654751 -0.241526437636 -0.334488299785
0.207518187132 -0.242147340497 -0.334134354364
0.207518187132 -0.242147340497 -0.334134354364
0.207486183975 -0.242101431204 -0.334226694746
0.207472609343 -0.241907229587 -0.334194229903
0.207548355587 -0.242909256645 -0.334022444309
0.207472010999 -0.243295799607 -0.334043308245
0.20751904933 -0.243313944615 -0.333949536499
0.206961524793 -0.243291765237 -0.334413930616
0.207538956134 -0.243508293288 -0.333946967306
0.206943727491 -0.243095147917 -0.334416223753
0.206950636125 -0.242502604057 -0.334490784924
0.206971195205 -0.243275424791 -0.334413930616
0.206978334039 -0.242682860423 -0.3344886635
0.206978334039 -0.242682860423 -0.3344886635
0.207037357295 -0.242911160391 -0.334393173212
0.207532073145 -0.242718374826 -0.33402484214
0.207480872826 -0.243284540748 -0.334043308245
0.20696817853 -0.243281760325 -0.334413930616
0.206938262057 -0.243117177483 -0.334416223753
0.207042699206 -0.244072735117 -0.334207287486
0.206985187561 -0.243266666828 -0.334379499825
0.207027246049 -0.244101604825 -0.334207287486
0.20696977471 -0.243295533661 -0.334379499825
0.20701383026 -0.243897513508 -0.33420971289
0.207031212647 -0.244093136834 -0.334207287486
0.206946165895 -0.243688601603 -0.334306441441
0.206963377577 -0.243884242932 -0.334304263348
0.207036161396 -0.243505457797 -0.334283273301
0.207009891559 -0.24333071077 -0.334285526988
0.207532370837 -0.243308396974 -0.333820837226
0.20756607716 -0.243485054378 -0.333878085562
0.207502422131 -0.243269058785 -0.333974400114
0.207047333732 -0.24407227869 -0.334172860509
0.206982925565 -0.243281179295 -0.334345052206
0.20703023671 -0.243299201179 -0.334250805767
0.207044165119 -0.243268857753 -0.334157095422
0.207157144262 -0.244067272723 -0.333796872242
0.207164562751 -0.243475087838 -0.333872855579
0.207101637204 -0.244079573041 -0.333984910308
0.207036259938 -0.243866314794 -0.334081863785
0.207018156953 -0.245050809719 -0.333929868945
0.207010083071 -0.245065091114 -0.333929868945
0.207107205686 -0.245667132505 -0.333568513811
0.20713347919 -0.245270897818 -0.333643374525
0.207090182587 -0.245018008176 -0.333741816713
0.207090182587 -0.245018008176 -0.333741816713
0.206994720487 -0.243265798318 -0.334345052206
0.206967770066 -0.24263465496 -0.334255899568
0.207522720031 -0.24243618098 -0.333956355144
0.207621627254 -0.24383801911 -0.333522996825
0.207495553083 -0.245342833109 -0.333864726971
0.20691616222 -0.24593964047 -0.33434577646
0.207477064203 -0.246526524947 -0.333709106439
0.210369042336 -0.245813214805 -0.330670787654
0.212583421089 -0.246343239249 -0.328392523948
0.219667871484 -0.247734244921 -0.322471565633
0.223119220985 -0.248361608466 -0.319735630043
0.22347540341 -0.249241239098 -0.319854854048
0.218984561291 -0.247242299882 -0.324008975683
0.213456297857 -0.244405217419 -0.328559669877
0.211398809438 -0.244241892081 -0.330169466443
0.208811361083 -0.244211937481 -0.332139983239
0.208388690784 -0.244017856736 -0.332489086663
0.207679643356 -0.245323680065 -0.333300065815
0.207586582346 -0.245507157058 -0.333324270329
0.207101938601 -0.245473329516 -0.333695044763
0.207111921457 -0.244881272912 -0.33377169677
0.20705871683 -0.245678923873 -0.333880915896
0.206933853193 -0.24572945405 -0.334334884349
0.206923378041 -0.246383610298 -0.334353370562
0.20566809818 -0.245949815391 -0.335956828266
0.205335757673 -0.246056406024 -0.335733718169
0.204651598465 -0.246140166842 -0.336691768486
0.2047221649 -0.245656025164 -0.336199735117
0.204805053292 -0.246066245891 -0.336101015342
0.204730527136 -0.246686252119 -0.336211382022
0.20589597384 -0.246928040061 -0.334780200063
0.208567039034 -0.248325870727 -0.332566052814
0.209225787001 -0.247944328945 -0.331982223068
0.20864055183 -0.248269515002 -0.3322034797
0.207556443457 -0.248271137577 -0.333136015327
0.207527831869 -0.248666913484 -0.333057460274
0.207553271107 -0.248284804531 -0.333136015327
0.207553271107 -0.248284804531 -0.333136015327
0.207615637786 -0.247487926239 -0.333114843925
0.207127310114 -0.247098662063 -0.333563966931
0.207071042844 -0.246293943345 -0.333742605831
0.207259281719 -0.244788878234 -0.333304342512
0.207340394878 -0.244388429769 -0.333192178333
0.20725550263 -0.243640400597 -0.333456027456
0.207285817645 -0.243814552921 -0.333456475698
0.206711350939 -0.243018328779 -0.333997795981
0.206759410003 -0.243035118632 -0.333901333721
0.206681232596 -0.243425721131 -0.333922565666
0.206713540566 -0.242437127908 -0.334071791835
0.206705941551 -0.24302936301 -0.333997795981
0.206711508356 -0.243018155603 -0.333997795981
0.206776707144 -0.243232718814 -0.33390198102
0.207288616578 -0.243235463721 -0.33353172447
0.207216720411 -0.243612254986 -0.333553140691
0.207207871845 -0.24362726835 -0.333553140691
0.207314008909 -0.242738488177 -0.333130353589
0.20728102485 -0.243247666281 -0.33353172447
0.207354460382 -0.242770074426 -0.33303399082
0.207418896315 -0.242981757448 -0.33293843115
0.207273685624 -0.243263183015 -0.33353172447
0.207209009857 -0.243050623245 -0.333627640518
0.207285143656 -0.243825270845 -0.333456475698
0.207390486208 -0.242935861824 -0.333034813811
0.207390486208 -0.242935861824 -0.333034813811
0.207455103935 -0.243147527585 -0.33293900665
0.207229629847 -0.243011619922 -0.333627640518
0.207439511695 -0.242942740075 -0.33293843115
0.207204819444 -0.243407978295 -0.333552444924
0.207381906846 -0.242951342895 -0.333034813811
0.207295109993 -0.243800802783 -0.333456475698
0.207218839821 -0.243612327114 -0.333553140691
0.207212144447 -0.242823378273 -0.333626773065
0.20729344168 -0.243231714638 -0.33353172447
0.207228752494 -0.243019158952 -0.333627640518
0.206763282359 -0.243838449341 -0.33382672502
0.206689690656 -0.242838036509 -0.333996901447
0.206712367073 -0.243605324483 -0.333923288136
0.206720698707 -0.24301316343 -0.333997795981
0.206730030099 -0.242412867046 -0.334071791835
0.20675864915 -0.243043085859 -0.333901333721
0.206702243101 -0.243618456435 -0.333923288136
0.206941223521 -0.243722830048 -0.333234305911
0.206721243162 -0.243004180205 -0.333997795981
0.206691271403 -0.242832332039 -0.333996901447
0.206699525913 -0.243620273874 -0.333923288136
0.206748859188 -0.243063397514 -0.333901333721
0.206748859188 -0.243063397514 -0.333901333721
0.206699188336 -0.243621456495 -0.333923288136
0.207179723314 -0.243460319563 -0.333552444924
0.206912416868 -0.243779855554 -0.333234305911
0.206866318826 -0.242958622195 -0.333405217915
0.207219958362 -0.243619901611 -0.333553140691
0.207382069495 -0.243534813827 -0.332960363749
0.207366681937 -0.243334788972 -0.332959712448
0.207366802727 -0.243560655186 -0.332960363749
0.207269878615 -0.243858207313 -0.333456475698
0.20727938371 -0.243261827736 -0.33353172447
0.206858636777 -0.242750109932 -0.333404367768
0.206769286216 -0.243835291037 -0.33382672502
0.20685872653 -0.24275142541 -0.333404367768
0.206696809088 -0.243633413741 -0.333923288136
0.206769995943 -0.243253812057 -0.33390198102
0.206754459139 -0.243062578465 -0.333901333721
0.206826997204 -0.2434827903 -0.333805897592
0.206248855446 -0.243269033624 -0.334271451862
0.206183887589 -0.243056471694 -0.33436716551
0.206186970568 -0.243052244331 -0.33436716551
0.206415783802 -0.243179152855 -0.33367923249
0.206171239969 -0.243659657315 -0.334292649823
0.206181742714 -0.242485712748 -0.334441168047
0.206165927129 -0.243670108609 -0.334292649823
0.206180277174 -0.24306665093 -0.33436716551
0.206245240944 -0.243279214109 -0.334271451862
0.206662671815 -0.243474000412 -0.333922565666
0.206727831372 -0.243686489591 -0.333826249813
0.206697107382 -0.243066194614 -0.333997795981
0.206747710703 -0.243877807673 -0.33382672502
0.206755587849 -0.243285735014 -0.33390198102
0.206755587849 -0.243285735014 -0.33390198102
0.20675256441 -0.243872933912 -0.33382672502
0.206852305979 -0.24299523985 -0.333405217915
0.207258023837 -0.243887425282 -0.333456475698
0.206902581552 -0.243810224391 -0.333234305911
0.206886024791 -0.243614437921 -0.33323387509
0.206764086131 -0.242696681763 -0.333976725118
0.206842186609 -0.243591491876 -0.333330759864
0.206817370307 -0.243509349441 -0.333805897592
0.206338850355 -0.242996849702 -0.333774837481
0.206244397561 -0.242706979873 -0.334346201852
0.206340624188 -0.242410855584 -0.33384879046
0.206234147256 -0.24330009919 -0.334271451862
0.206224263176 -0.243095860731 -0.334270777222
0.206339973784 -0.242994310469 -0.333774837481
0.206169930421 -0.243087534768 -0.33436716551
0.206177466307 -0.242495299695 -0.334441168047
0.206234888817 -0.24330009959 -0.334271451862
0.206157890215 -0.243111715053 -0.33436716551
0.206222838643 -0.24332428292 -0.334271451862
0.206232737474 -0.243305569591 -0.334271451862
0.206745213955 -0.2433083747 -0.33390198102
0.206680404559 -0.243095810041 -0.333997795981
0.206684660811 -0.243663247843 -0.333923288136
0.206856055417 -0.242986325563 -0.333405217915
0.206755455411 -0.24386984178 -0.33382672502
0.206861506689 -0.242980443616 -0.333405217915
0.206754504827 -0.24328874372 -0.33390198102
0.206844323088 -0.243583272098 -0.333330759864
0.206860814608 -0.242981884722 -0.333405217915
0.206709371988 -0.242468543074 -0.334071791835
0.206766575702 -0.243273338589 -0.33390198102
0.206693379001 -0.243652938375 -0.333923288136
0.206863030307 -0.242976324949 -0.333405217915
0.206703381466 -0.243056730921 -0.333997795981
0.206931139152 -0.243183633768 -0.333309511727
0.206775318177 -0.243254508169 -0.33390198102
0.206867307207 -0.242391899185 -0.333479164239
0.206239208626 -0.243651350853 -0.334195686641
0.206391339707 -0.243009653534 -0.333678602157
0.206176830189 -0.242281209487 -0.334440073976
0.206186151735 -0.243069204954 -0.33436716551
0.206200413247 -0.243039656824 -0.33436716551
0.206192176763 -0.243631818221 -0.334292649823
0.20637178512 -0.242362962191 -0.33384879046
0.206256711129 -0.242684793781 -0.334346201852
0.206192260513 -0.242472144176 -0.334441168047
0.206241968668 -0.243869015086 -0.334196188811
0.206249717255 -0.243276941628 -0.334271451862
0.206180094747 -0.242848807634 -0.334366243897
0.206180094747 -0.242848807634 -0.334366243897
0.206268639868 -0.242665000348 -0.334346201852
0.206196693077 -0.24304458889 -0.33436716551
0.206188935042 -0.24305736355 -0.33436716551
0.206180675877 -0.243649524631 -0.334292649823
0.206253904699 -0.24326992493 -0.334271451862
0.206188935042 -0.24305736355 -0.33436716551
0.20619717193 -0.242465510019 -0.334441168047
0.206246886995 -0.243862380683 -0.334196188811
0.206759248192 -0.243865155765 -0.33382672502
0.206767109294 -0.243273082893 -0.33390198102
0.206781907376 -0.242670098196 -0.333976725118
0.206693391206 -0.242853904736 -0.333996901447
0.206685274168 -0.24344604393 -0.333922565666
0.206774815387 -0.24326224562 -0.33390198102
0.206685274168 -0.24344604393 -0.333922565666
0.206680376327 -0.242874123886 -0.333996901447
0.206761785228 -0.243282467817 -0.33390198102
0.206761785228 -0.243282467817 -0.33390198102
0.206745024546 -0.243086699295 -0.333901333721
0.206930760814 -0.242610903527 -0.333384205906
0.206850546333 -0.243582921931 -0.333330759864
0.206834154391 -0.243387122293 -0.333330081786
0.206842277271 -0.24279529198 -0.333404367768
0.206765597433 -0.243856525673 -0.33382672502
0.206854973596 -0.242771346677 -0.333404367768
0.206871620427 -0.242967124137 -0.333405217915
0.207007875104 -0.242798535682 -0.333288980118
0.206855323838 -0.242191795015 -0.333478142007
0.206864609266 -0.242979477247 -0.333405217915
0.206929360421 -0.243191147912 -0.333309511727
0.20683143262 -0.243489187594 -0.333805897592
0.206696753519 -0.242268124811 -0.334070725219
0.206762957284 -0.243860752334 -0.33382672502
0.206877453062 -0.242958214287 -0.333405217915
0.206942213379 -0.24316988215 -0.333309511727
0.206201828168 -0.243040231056 -0.33436716551
0.206437592049 -0.242575292981 -0.333753932533
0.206365634864 -0.242956180194 -0.333774837481
0.206373100442 -0.242364253049 -0.33384879046
0.206496712382 -0.243377928635 -0.33358336044
0.206357277605 -0.242167085824 -0.333847740697
0.20643161922 -0.243166436668 -0.33367923249
0.206473554427 -0.243770388675 -0.333507189857
0.206203568372 -0.243036091437 -0.33436716551
0.206369830102 -0.242370572381 -0.33384879046
0.206443792152 -0.243369957499 -0.333679787532
0.206204619759 -0.242457721225 -0.334441168047
0.206361038031 -0.242965192547 -0.333774837481
0.206418596723 -0.243186436771 -0.33367923249
0.206207426764 -0.242452304541 -0.334441168047
0.206357905657 -0.242160650201 -0.333847740697
0.206359128834 -0.243540185501 -0.333700371616
0.206429965344 -0.243168339902 -0.33367923249
0.206438422666 -0.242569055719 -0.333753932533
0.206274602914 -0.242654405565 -0.334346201852
0.206186396364 -0.243067636582 -0.33436716551
0.206878565409 -0.242958184034 -0.333405217915
0.206366850568 -0.242955431443 -0.333774837481
0.206420713433 -0.243186362269 -0.33367923249
0.206867528922 -0.242977460362 -0.333405217915
0.206370095005 -0.242950049852 -0.333774837481
0.206787208903 -0.242665119013 -0.333976725118
0.20637737897 -0.242939790802 -0.333774837481
0.206434549139 -0.243164152269 -0.33367923249
0.206362806671 -0.242741560142 -0.33377396018
0.20637263748 -0.242947708684 -0.333774837481
0.206437548292 -0.243159376182 -0.33367923249
0.205711020287 -0.242420110533 -0.334809742976
0.205925248894 -0.242351247266 -0.334122028866
0.206430359765 -0.242364884707 -0.333753129708
0.206440499185 -0.243152465708 -0.33367923249
0.20626122174 -0.24384047515 -0.334196188811
0.206439722157 -0.242570903211 -0.333753932533
0.206372974581 -0.24294424733 -0.333774837481
0.206209066198 -0.243029017613 -0.33436716551
0.206359962689 -0.242967530627 -0.333774837481
0.206196050698 -0.243052293932 -0.33436716551
0.206711289296 -0.243053608162 -0.333997795981
0.20627843544 -0.243236773053 -0.334271451862
0.206220917939 -0.242431979941 -0.334441168047
0.206722474337 -0.242456011131 -0.334071791835
0.206373628172 -0.242368793739 -0.33384879046
0.206444309388 -0.242569750452 -0.333753932533
0.206427241793 -0.242374009024 -0.333753129708
0.206377843984 -0.242938312114 -0.333774837481
0.206368385308 -0.242150630011 -0.333847740697
0.206436731344 -0.242355785107 -0.333753129708
0.206511984852 -0.243354855356 -0.33358336044
0.206520914586 -0.242758064848 -0.333658807435
0.206444270603 -0.243149077301 -0.33367923249
0.206395055258 -0.242331309492 -0.33384879046
0.206387628876 -0.24292323713 -0.333774837481
0.2064541946 -0.243132182447 -0.33367923249
0.2064541946 -0.243132182447 -0.33367923249
0.20644825007 -0.242557966384 -0.333753932533
0.205935786302 -0.243139755968 -0.334048153749
0.205713248227 -0.242420623407 -0.334809742976
0.205930353326 -0.242567548872 -0.33412285948
0.205701017312 -0.242440248059 -0.334809742976
0.206276112111 -0.243244951294 -0.334271451862
0.206446889827 -0.242567451956 -0.333753932533
0.206291333441 -0.242632206972 -0.334346201852
0.206267616532 -0.243028588766 -0.334270777222
0.206436228861 -0.24316429556 -0.33367923249
0.206190810061 -0.24284161421 -0.334366243897
0.206360569449 -0.243550832691 -0.333700371616
0.206425992024 -0.243762414125 -0.333604019651
0.206358588159 -0.242751425487 -0.33377396018
0.20644249109 -0.243155598561 -0.33367923249
0.206292192594 -0.242636187001 -0.334346201852
0.206514192234 -0.24335415946 -0.33358336044
0.206423501238 -0.242965029367 -0.333678602157
0.206382867284 -0.242357197724 -0.33384879046
0.206366233292 -0.242742169258 -0.33377396018
0.205837022957 -0.243346319289 -0.334068452188
0.205881741769 -0.242910626275 -0.334143657321
0.205782070064 -0.24320795589 -0.334640121816
0.205927500986 -0.242353093786 -0.334122028866
0.205838348996 -0.243438715788 -0.334544241802
0.205858148751 -0.242727241277 -0.334142752869
0.205874807544 -0.242923017477 -0.334143657321
0.205710544853 -0.24301051571 -0.33473573393
0.205940424111 -0.243137409881 -0.334048153749
0.205710565803 -0.24220220367 -0.334808621452
0.205949995509 -0.243117084698 -0.334048153749
0.205714282434 -0.242771985943 -0.334734785242
0.205879041248 -0.242687207247 -0.334142752869
0.205935400339 -0.243725636939 -0.333972934064
0.206366018272 -0.24273781525 -0.33377396018
0.206382675349 -0.242933591719 -0.333774837481
0.206369500998 -0.24273241397 -0.33377396018
0.206393594332 -0.242336262803 -0.33384879046
0.206288720684 -0.243219445141 -0.334271451862
0.206286825082 -0.243227513975 -0.334271451862
0.206456141794 -0.242556021492 -0.333753932533
0.206449218517 -0.243147861415 -0.33367923249
0.206299769603 -0.243204522143 -0.334271451862
0.2064636017 -0.243118850017 -0.33367923249
0.206503117665 -0.242572228596 -0.333658251531
0.206530664249 -0.243555480268 -0.333583668498
0.206271086094 -0.243610894783 -0.334195686641
0.205881952911 -0.242914558808 -0.334143657321
0.205965006264 -0.242517406856 -0.33412285948
0.205793498292 -0.243194917984 -0.334640121816
0.20589316096 -0.24289758534 -0.334143657321
0.206026279999 -0.243319217075 -0.333952383401
0.205945894777 -0.243130806499 -0.334048153749
0.205716014118 -0.243003914866 -0.33473573393
0.205861880686 -0.242729342683 -0.334142752869
0.205778862704 -0.243222446702 -0.334640121816
0.205875191871 -0.242350679767 -0.334217616781
0.205864629345 -0.241562952223 -0.33428981117
0.206222916648 -0.242440567281 -0.334441168047
0.206158889949 -0.243036707093 -0.334555442204
0.206203660176 -0.243051098282 -0.33436716551
0.206275608571 -0.242671510045 -0.334346201852
0.206886014766 -0.241570715928 -0.33355140362
0.20691632231 -0.242553036004 -0.333572643312
0.206749257934 -0.241839100297 -0.334238313041
0.20660803597 -0.242830118672 -0.334281711041
0.206749011664 -0.24265437781 -0.334165078057
0.206749011664 -0.24265437781 -0.334165078057
0.20717804585 -0.242248736112 -0.333889034828
0.207259077432 -0.242657413261 -0.333794901524
0.206746549175 -0.242659433528 -0.334165078057
0.206752837214 -0.242067126194 -0.33423930452
0.206748274434 -0.241844392021 -0.334238313041
0.206765551091 -0.242040102567 -0.33423930452
0.206671336901 -0.24165496141 -0.334332389537
0.206745956039 -0.24265601217 -0.334165078057
0.206662841263 -0.242253140383 -0.334259083601
0.206698379727 -0.241830135046 -0.334333628176
0.206691602821 -0.242422530301 -0.334260150154
0.206762130301 -0.242048304036 -0.33423930452
0.206185177567 -0.241832560122 -0.334702923343
0.206242982618 -0.242637885608 -0.334534468264
0.206155153236 -0.242239566215 -0.334628345826
0.206245905057 -0.242053813741 -0.334608699423
0.206245905057 -0.242053813741 -0.334608699423
0.206173837122 -0.242436121014 -0.334629439833
0.206698987257 -0.242414952654 -0.334260150154
0.206692841209 -0.241844008203 -0.334333628176
0.206739380403 -0.241861315093 -0.334238313041
0.207183481111 -0.242238996563 -0.333889034828
0.207269083157 -0.241826477911 -0.333868159731
0.20727517076 -0.242051667999 -0.333869123114
0.207211502725 -0.241838651906 -0.333963546284
0.207219084265 -0.24239966892 -0.333890073924
0.207225950425 -0.24180727399 -0.333963546284
0.207217410732 -0.242405175902 -0.333890073924
0.207203844363 -0.242207702243 -0.333889034828
0.206691386737 -0.242205001552 -0.334259083601
0.206772592759 -0.242613673484 -0.334165078057
0.206748522053 -0.24265738073 -0.334165078057
0.206673903908 -0.241656329896 -0.334332389537
0.206719579827 -0.242379445524 -0.334260150154
0.206719579827 -0.242379445524 -0.334260150154
0.206772481262 -0.242614214265 -0.334165078057
0.20670358467 -0.242408895424 -0.334260150154
0.206774169622 -0.242029514581 -0.33423930452
0.20675605525 -0.242646169935 -0.334165078057
0.206404227124 -0.242334535959 -0.333941481073
0.206770094536 -0.242618302981 -0.334165078057
0.206204225004 -0.241802159516 -0.334702923343
0.206180719941 -0.242198809936 -0.334628345826
0.206248591521 -0.242049642866 -0.334608699423
0.206755837249 -0.242644513462 -0.334165078057
0.206698298062 -0.241839188822 -0.334333628176
0.206676413344 -0.242233366197 -0.334259083601
0.207205730239 -0.242431837264 -0.333890073924
0.20718900783 -0.242228938014 -0.333889034828
0.207087433128 -0.241639590519 -0.334246058457
0.207118403858 -0.242036249977 -0.334076279161
0.207735533517 -0.242055309202 -0.333686590054
0.207584410143 -0.240868460147 -0.333945975776
0.207192252361 -0.241885153118 -0.334056507649
0.207085737551 -0.240838758967 -0.334316635856
0.207211527272 -0.241265738964 -0.334130042132
0.207136747295 -0.240495061917 -0.334295747334
0.207193727853 -0.240484818288 -0.334201683438
0.207291022251 -0.240866043953 -0.33401603404
0.207216901626 -0.240674244913 -0.334203065167
0.207155304893 -0.240457647218 -0.334295747334
0.207088964009 -0.240252652988 -0.334388159794
0.207093838341 -0.239659893634 -0.334459171262
0.207141166897 -0.239308485802 -0.334438758456
0.207137532345 -0.239901231274 -0.33436750848
0.207074141629 -0.239466418126 -0.334457123171
0.207070299461 -0.240052937704 -0.334386283435
0.207670994334 -0.239279557914 -0.3340679946
0.207614350709 -0.239057800204 -0.334159003217
0.207642792179 -0.239105593929 -0.334066051811
0.207679696314 -0.239492581638 -0.334069862946
0.207613928217 -0.239871613423 -0.33409044912
0.207974170357 -0.240110454529 -0.334220024979
0.20823641075 -0.239214963429 -0.334697056043
0.207402582895 -0.239677169034 -0.337193489605
0.203828734538 -0.238729445624 -0.337879620703
0.200267433259 -0.238745753055 -0.340519504129
0.201289533597 -0.239319630457 -0.343154619124
0.199699894339 -0.237147298431 -0.345022413023
0.197086782733 -0.236459360624 -0.345447620122
0.197056151681 -0.237033527188 -0.348381868789
0.19123067283 -0.235516842507 -0.350634609107
0.191378147251 -0.237821194094 -0.354400927903
0.187177882683 -0.238467934835 -0.355545608764
0.183207646762 -0.235875388106 -0.355866154557
0.183987633002 -0.236171587965 -0.356687093286
0.181212881729 -0.231877662597 -0.358701517696
0.183341987341 -0.230127461449 -0.35910694342
0.181806727147 -0.226543426334 -0.359187667235
0.180640165941 -0.22176801563 -0.359723527311
0.183496104142 -0.221310418983 -0.360519601768
0.18063155632 -0.217452241779 -0.360742269347
0.182988390316 -0.217893768942 -0.360074800631
0.183495689475 -0.218839149977 -0.360824881493
0.180244125351 -0.214640259333 -0.361002417666
0.180811737336 -0.214346372083 -0.360745978425
0.181220446667 -0.212759137439 -0.360635318371
0.183285173319 -0.214448262587 -0.360878967218
0.180811322985 -0.2065208066 -0.360588235066
0.180340658895 -0.208212802412 -0.361833372805
0.179469575055 -0.209763632802 -0.36387327258
0.177351951681 -0.209435014422 -0.363270468928
0.178175410569 -0.209443457573 -0.362281592528
0.175926155515 -0.207998407653 -0.366183399645
0.170624859922 -0.206208604515 -0.373411250577
0.163652613344 -0.206974023911 -0.383449900027
0.159159282518 -0.201705128275 -0.388516264442
0.154748788551 -0.205693783479 -0.389906770511
0.154263415628 -0.215291137928 -0.386024132224
0.157036275853 -0.218261551742 -0.384337156759
0.155283749371 -0.210160735631 -0.38924957471
0.154250204519 -0.201932721664 -0.391143177339
0.152686073821 -0.196883126756 -0.39056701131
0.15275002388 -0.190728000418 -0.389398911269
0.153340152506 -0.18593167278 -0.389426226859
0.150770308409 -0.182871906523 -0.389879192585
0.148726005299 -0.181741351319 -0.389858365796
0.145325134717 -0.180640081721 -0.390955375328
0.143983880845 -0.179448233498 -0.39154882929
0.144928744325 -0.179330324307 -0.391510577808
0.143357389052 -0.179984821208 -0.390300620427
0.140521972014 -0.184965828869 -0.388382714449
0.135419224067 -0.191664762572 -0.387825266259
0.129784393457 -0.194765776331 -0.386938842164
0.128399929008 -0.199377980336 -0.388471799186
0.125857627502 -0.201133978672 -0.391171895117
0.123475391711 -0.199833883043 -0.394736604174
0.121338028732 -0.196217050412 -0.400893826339
0.11922278211 -0.193100640369 -0.402618860756
0.116475062378 -0.19919923353 -0.405755097643
0.115593417482 -0.195864065242 -0.404964841705
0.115480780731 -0.194987504542 -0.40580552722
0.115028052677 -0.196252205301 -0.406465242114
0.11454498064 -0.19657717589 -0.412372141036
0.11156391089 -0.197390728843 -0.412667045828
0.109351703985 -0.194235219491 -0.414037886357
0.113347109777 -0.19314970122 -0.411572691621
0.111984547406 -0.190759746159 -0.411368917764
0.116032369966 -0.189148038138 -0.410456682226
0.111359349178 -0.189202181487 -0.411265891722
0.11222202079 -0.18943379672 -0.411628163367
0.108936082798 -0.187829303965 -0.411779499302
0.10998763381 -0.186404460629 -0.413173914733
0.106890023647 -0.18568954982 -0.412973740853
0.103939658138 -0.184190643129 -0.413031894672
0.104116076008 -0.182734976433 -0.414100667388
0.101473053494 -0.1826188013 -0.414106034524
0.101123140242 -0.181665212795 -0.415147510035
0.0974255459506 -0.179816305307 -0.418552455773
0.0967632007696 -0.178533290632 -0.42101118077
0.0925531963601 -0.17633702592 -0.423300249765
0.0937195551926 -0.175988665694 -0.423622212488
0.092500575232 -0.174838901415 -0.423796108623
0.0934724039073 -0.175090546211 -0.426366710555
0.0924352688547 -0.17419714925 -0.428068427424
0.0928303732419 -0.174246769716 -0.428150847289
0.0932573415747 -0.174304327538 -0.428038807221
0.0889380698668 -0.176342219782 -0.430111265485
0.084354791037 -0.176381113021 -0.431856033228
0.0805646637128 -0.17969535143 -0.434675042194
0.0851411923693 -0.180073826569 -0.433110285575
0.0834287033234 -0.179742746358 -0.430991350227
0.0857218981495 -0.179481469891 -0.430810410475
0.0852425792007 -0.17446981546 -0.431159470133
0.0838577126567 -0.168535460503 -0.433843181282
0.0845867411601 -0.164845254154 -0.440726848807
0.0841047282405 -0.165351196611 -0.446674833445
0.0802993428886 -0.166399609169 -0.448033103735
0.0820740052452 -0.171057185333 -0.447168319785
0.0802220698763 -0.171330801757 -0.444966284326
0.0815820143 -0.175841060202 -0.440392806682
0.083770157072 -0.17958150365 -0.437651887561
0.0808338593318 -0.181986437844 -0.439777545198
0.0804970496308 -0.183086348107 -0.442517607029
0.0757857618402 -0.183168582434 -0.444701967261
0.0790265755176 -0.182498713574 -0.443677520749
0.0781322919356 -0.180833911314 -0.441100097912
0.0800375977173 -0.180553562866 -0.440087925909
0.0792072070852 -0.180325615983 -0.438890048425
0.081248001988 -0.17905108237 -0.43784123217
0.081485939428 -0.172806078559 -0.436761041254
0.0813557378257 -0.171614160884 -0.437641360417
0.077221766298 -0.170387042163 -0.437794171482
0.0772512307734 -0.168992127716 -0.437628490892
0.0771830154803 -0.168009274913 -0.437652565849
0.0757927460194 -0.166939745879 -0.438926595621
0.0750041047407 -0.167379488581 -0.44059572074
0.0753415771132 -0.165998664288 -0.44184529846
0.075255635693 -0.164430535591 -0.442270302783
0.0753797105506 -0.16340942832 -0.442329346968
0.0762076598606 -0.161686899813 -0.440700679406
0.0779385966423 -0.160228865396 -0.439847609051
0.0787041146872 -0.155622804436 -0.4384270534
0.0799374218099 -0.153182950559 -0.436967446096
0.0792368787225 -0.151064139288 -0.436731705534
0.0754424686836 -0.152685769595 -0.436785432625

