0.522339919847 -0.202474784653 -0.217682298278
0.522414015732 -0.203124034743 -0.216887695393
0.522242894299 -0.203697243598 -0.216172450689
0.521596122774 -0.203343648543 -0.215604588986
0.521052943056 -0.203086335 -0.211545984004
0.519592056217 -0.202037703444 -0.207512122785
0.51708759258 -0.19973964632 -0.20694775493
0.516070364332 -0.198000527552 -0.20647375207
0.516414147701 -0.19919860634 -0.205802617853
0.515828527356 -0.19897090623 -0.206306686029
0.515332409365 -0.19879449318 -0.206090928434
0.514259556434 -0.199510027025 -0.205807838201
0.513341157439 -0.199331705331 -0.205966259694
0.513326303098 -0.19875289125 -0.205870560727
0.512996556711 -0.199679938095 -0.20615344032
0.512315131099 -0.19901891121 -0.2065986925
0.511589902654 -0.198800616138 -0.206226839456
0.511268689326 -0.199590839154 -0.206180944605
0.510907166721 -0.1997633447 -0.206359792763
0.510355754631 -0.199546188211 -0.20639497112
0.509739952119 -0.198631232713 -0.205847901774
0.508949529935 -0.199429304696 -0.206349484365
0.508649629219 -0.199776410923 -0.206307059372
0.50840073948 -0.199334887937 -0.206912476306
0.507940324996 -0.198330006596 -0.207386515381
0.507388691149 -0.198902785282 -0.207374595818
0.5068240929 -0.198199890834 -0.20727223692
0.506580799351 -0.199125849922 -0.20711826456
0.506312333989 -0.198605572868 -0.207105613392
0.506157451797 -0.198209529137 -0.206771968593
0.505870191343 -0.198564559505 -0.207510230692
0.505338051757 -0.197841811424 -0.207215135594
0.504763603326 -0.197824377292 -0.207494189787
0.504327671324 -0.198004858466 -0.207030642691
0.504114073446 -0.197903378 -0.207296305599
0.503264384318 -0.196666997028 -0.2077836764
0.502680409823 -0.198066160023 -0.207160154213
0.502027332641 -0.197309864461 -0.207517510166
0.501284820663 -0.196741433648 -0.20768310691
0.500839435298 -0.197030641674 -0.208434554694
0.500812485381 -0.197735951144 -0.207734670177
0.500248794394 -0.198985107113 -0.207755791004
0.499425950416 -0.197759309483 -0.20873652449
0.497221006512 -0.196725255813 -0.210013572262
0.494194903009 -0.195745534289 -0.209310833463
0.490731317709 -0.195055578777 -0.210218329192
0.487118210664 -0.194320709878 -0.20933316325
0.483487537275 -0.193343267205 -0.209727107264
0.480173804888 -0.191969308604 -0.212171998686
0.476554041082 -0.192324055564 -0.210588109257
0.472743096456 -0.191874239927 -0.212801978959
0.469981876865 -0.191419223768 -0.211901223015
0.467473292293 -0.190861427198 -0.212743938135
0.465121944145 -0.190614350367 -0.213757346883
0.462778461166 -0.190463985173 -0.214431625543
0.46037660248 -0.190981040372 -0.215763830178
0.458591747545 -0.190052236706 -0.215599875259
0.456519307311 -0.189902458979 -0.217080087417
0.455150083983 -0.188698690192 -0.217690877473
0.45278384511 -0.188076841569 -0.218227116362
0.451555859501 -0.187564989802 -0.218192367925
0.450608877714 -0.186542317001 -0.218389987301
0.448932716451 -0.185686393496 -0.218073356525
0.447333281746 -0.184833911366 -0.219272586303
0.446054623119 -0.183512418716 -0.220055933394
0.444861266778 -0.182156717655 -0.220449765545
0.443564048214 -0.18205295677 -0.220125907169
0.442297465591 -0.181004547802 -0.220562733537
0.440765565791 -0.178903731682 -0.221316900008
0.439572019442 -0.178568241002 -0.221655931355
0.438230574788 -0.178165399872 -0.221907017057
0.437061560208 -0.177564985647 -0.221883286777
0.435864243538 -0.176322416687 -0.221932312667
0.434264861003 -0.175104393596 -0.223073521448
0.432963608598 -0.174288545865 -0.223078816546
0.430976780666 -0.173546042997 -0.223901796908
0.427632554606 -0.171498440756 -0.225171014216
0.424496992196 -0.168842247467 -0.226314205058
0.421774427082 -0.167708051184 -0.228065912301
0.419312449747 -0.16596085236 -0.228150445791
0.417367799864 -0.164679140893 -0.229065163946
0.415958631346 -0.163811116058 -0.229841818584
0.414829067557 -0.162799258912 -0.229862196624
0.41331172385 -0.162056146368 -0.231015256041
0.412242309516 -0.162173819304 -0.230699653468
0.410899249786 -0.160756781899 -0.231086656328
0.409858328512 -0.160136452354 -0.231955715734
0.408782820764 -0.158948154426 -0.232589189795
0.40758480204 -0.159584108388 -0.233202824321
0.406211661223 -0.157736300388 -0.23310658821
0.405162318447 -0.156592859865 -0.233574803076
0.403736711633 -0.155999489779 -0.234199524272
0.402382978581 -0.154511721632 -0.235333820899
0.401487993695 -0.153193012086 -0.234981615192
0.400348658401 -0.153164864705 -0.2353373141
0.399122311735 -0.151894867956 -0.235445761529
0.397437252791 -0.150392642945 -0.23697309526
0.396555692472 -0.1501500819 -0.237010250806
0.395045549431 -0.149264417657 -0.237811255527
0.393880662606 -0.148289911137 -0.238062456003
0.392720511505 -0.147869039328 -0.238343905503
0.391894975586 -0.147902156954 -0.238652322332
0.389741294775 -0.146621826444 -0.239673234466
0.388204682297 -0.146200490947 -0.240534613866
0.386701750378 -0.145746004498 -0.241171446595
0.385437792794 -0.145882609373 -0.241824140273
0.383860586784 -0.145555034319 -0.242379311499
0.382567708096 -0.145519531129 -0.243468860312
0.381658518049 -0.145034042079 -0.243858834829
0.380753417372 -0.145515278823 -0.243600392781
0.379522128485 -0.145704992952 -0.244385476415
0.37814972526 -0.144777615864 -0.245225681063
0.376528724203 -0.145166923482 -0.24665880792
0.37517834367 -0.14477404556 -0.247397541726
0.374243248957 -0.144493406769 -0.247788618713
0.373122264944 -0.144456883628 -0.247670302418
0.372323520082 -0.144257904959 -0.24848014643
0.371060554489 -0.143838413621 -0.249477363761
0.370195677652 -0.143497669537 -0.249648179035
0.36928243562 -0.143461997731 -0.249957773117
0.367996383633 -0.142551965094 -0.25058114141
0.367317458238 -0.143368274075 -0.251434185702
0.36569381043 -0.142562842547 -0.252703658995
0.364835378832 -0.142305035611 -0.252773213423
0.363704120666 -0.142068342581 -0.253357749218
0.362401164664 -0.14202202796 -0.254257411225
0.361574673487 -0.141963874471 -0.254875700567
0.359910023783 -0.141687176321 -0.25625420871
0.35900020397 -0.140942995374 -0.256449442796
0.357448049935 -0.14014207777 -0.256873696299
0.356159386931 -0.140291605991 -0.258302804686
0.35543093525 -0.140072073408 -0.25846282815
0.3541876278 -0.139881282133 -0.258899905783
0.351587782095 -0.138341834981 -0.260858781061
0.350636096758 -0.138179722795 -0.261836374839
0.349611834511 -0.137584973065 -0.261862604887
0.348133099973 -0.136816282641 -0.263226471547
0.346822167777 -0.136456281853 -0.264430886983
0.344976930684 -0.135693486163 -0.265533238774
0.343915631368 -0.134826700872 -0.266243197725
0.342496948586 -0.134162374353 -0.267204936559
0.341022280863 -0.133697404627 -0.268414236791
0.340051668839 -0.133203263827 -0.269270333905
0.338240750392 -0.132273966958 -0.270621567747
0.336702465856 -0.131487508581 -0.27132208845
0.335618152515 -0.13102262342 -0.271984609284
0.3343141961 -0.13064064564 -0.272921978
0.33302824114 -0.12976131913 -0.273726389767
0.331426045556 -0.130371945247 -0.275409698295
0.329942072397 -0.129307349154 -0.276413336308
0.328406878729 -0.128453476104 -0.277445362719
0.326585519601 -0.128261358465 -0.279144159531
0.325855263904 -0.128063369436 -0.27944651521
0.324126872355 -0.128185995537 -0.280744140273
0.320958287293 -0.127449435129 -0.282686729733
0.319687270626 -0.127739264878 -0.284060130453
0.318121380861 -0.126745361328 -0.285031941672
0.31742273993 -0.127428944288 -0.285273576985
0.31645787475 -0.127700766985 -0.285791152352
0.314168257663 -0.126870438045 -0.287844453682
0.313307573257 -0.127689512627 -0.28860774866
0.311893710245 -0.127606198629 -0.289654937612
0.310332731317 -0.126730415983 -0.29051588508
0.309706458269 -0.127901291268 -0.291085551678
0.30820096901 -0.127431581429 -0.292414568725
0.306873242323 -0.128251122786 -0.293628055301
0.305894072024 -0.127962254354 -0.294556608082
0.304530182549 -0.127938574131 -0.295259341622
0.303000830889 -0.128016819922 -0.296513342484
0.301896247641 -0.128408680173 -0.297576276086
0.30060041359 -0.129016130553 -0.298605821056
0.299319851356 -0.129473394266 -0.29991253968
0.297599144624 -0.130227250007 -0.301164399071
0.296226900462 -0.130855051351 -0.302755494748
0.294729473361 -0.13095749765 -0.303810394555
0.293051412252 -0.131379874673 -0.304902897342
0.292179843446 -0.131201587595 -0.305900785078
0.290619932763 -0.131084692916 -0.307429088065
0.28957293331 -0.131475590387 -0.308260383835
0.288055941454 -0.131122095273 -0.309887481673
0.286022237758 -0.130355750004 -0.311408251533
0.284117621218 -0.129364596066 -0.313627172467
0.283304062851 -0.130235099043 -0.31416993148
0.282993291458 -0.130309522893 -0.314181200192
0.280349693284 -0.129799204108 -0.316595912501
0.279193406958 -0.129301771845 -0.317675546662
0.278023922424 -0.129268545919 -0.318968794292
0.277371181219 -0.129248764306 -0.318874146494
0.276152000917 -0.129031163118 -0.32033737739
0.27490376663 -0.128968772946 -0.321585569302
0.273514613128 -0.128834402885 -0.322991617449
0.27245446026 -0.129258853188 -0.324445098445
0.271354091563 -0.128746272605 -0.325122412297
0.270263486126 -0.129208101344 -0.326803861389
0.268665378174 -0.128546774894 -0.327856905224
0.267044653148 -0.128721370956 -0.330018298822
0.26598873312 -0.129008064212 -0.33128680742
0.264711822251 -0.128263789095 -0.332624322662
0.263752720066 -0.128188087533 -0.333366659356
0.262394713387 -0.127815498375 -0.334930710308
0.260727418991 -0.1280526941 -0.336945967498
0.259588462278 -0.127980370034 -0.338378606667
0.258502693583 -0.128029509563 -0.339440183485
0.257580592382 -0.127431133904 -0.340771392307
0.256387468467 -0.127742311541 -0.342339822464
0.254811225734 -0.127640641429 -0.343774696109
0.253652894165 -0.127614197638 -0.34507387092
0.25235543599 -0.12775634185 -0.346808183392
0.251580402242 -0.128091348212 -0.348194252174
0.250429842698 -0.128287369997 -0.349336662004
0.249166054867 -0.127979575023 -0.350937483067
0.248017267276 -0.127973743664 -0.352002672857
0.246433240721 -0.12747539261 -0.353842559307
0.245691181606 -0.128376321308 -0.354775871632
0.244339541254 -0.127935198397 -0.356535381199
0.243148981081 -0.127964736633 -0.357574783297
0.242239158409 -0.128106667642 -0.359153671676
0.241495620528 -0.128502198986 -0.360080826962
0.240847342541 -0.128278644266 -0.360733174254
0.240048789775 -0.128414116827 -0.361797738851
0.239194040659 -0.128847032342 -0.362984988089
0.238320636512 -0.128649556088 -0.364324763264
0.237715724416 -0.128886827976 -0.36460986505
0.237075351624 -0.12878101361 -0.365055858741
0.23678604771 -0.12970887783 -0.365745208686
0.235935402898 -0.129252940311 -0.366927348334
0.23571234762 -0.129502760022 -0.367475870677
0.234545986833 -0.129589188287 -0.367963298815
0.234167752653 -0.130087556754 -0.368864458164
0.233233316659 -0.13027008439 -0.370123393249
0.232881014011 -0.130581648317 -0.370890316402
0.232012879056 -0.130363971704 -0.371883760961
0.231036694108 -0.131054945138 -0.373074128548
0.230683521392 -0.131268435276 -0.37347850187
0.229877541678 -0.131751947583 -0.374157122039
0.229473490089 -0.131602867845 -0.375414066206
0.228633015831 -0.132474438617 -0.37611189098
0.228738317007 -0.133015094957 -0.375897077205
0.227430923006 -0.132482082307 -0.377260688291
0.227145601016 -0.133075776401 -0.378115224062
0.226230330283 -0.133736182826 -0.379088364059
0.224939882792 -0.134664329167 -0.380456133404
0.223922366353 -0.134985513892 -0.382225640973
0.223110326055 -0.134664928382 -0.382835025753
0.22310919525 -0.135720356422 -0.383191569528
0.222102041791 -0.136039036258 -0.384020342736
0.221926950191 -0.136432861122 -0.384418942757
0.221510185506 -0.136196071752 -0.385026086503
0.221498445895 -0.136964329021 -0.384857511279
0.221219232744 -0.136784992659 -0.385202759451
0.221035802384 -0.138058386442 -0.385820293449
0.220134017723 -0.137947976716 -0.38660871484
0.219639142817 -0.137853269156 -0.387549595355
0.219206642523 -0.138266117822 -0.388487272622
0.218944769671 -0.138654065459 -0.389063617457
0.217548697784 -0.138725294784 -0.391285911661
0.216611133864 -0.138052381949 -0.392380491297
0.216039153652 -0.139030995843 -0.393499204834
0.215443244214 -0.138803755598 -0.394853900595
0.214270400621 -0.139284826137 -0.39672828521
0.213684493382 -0.13899015565 -0.3979717976
0.213358118598 -0.139203907928 -0.399026913151
0.212473094449 -0.140092222309 -0.400484064895
0.212157060333 -0.139911650012 -0.401367757504
0.211016948046 -0.140205172788 -0.402775310482
0.210541385906 -0.140546872714 -0.40430873533
0.210224817209 -0.140710005255 -0.405245514035
0.2094113449 -0.140900110702 -0.406415380722
0.209294863503 -0.140880139194 -0.406821164287
0.208464947754 -0.141012567601 -0.407939696226
0.208197949471 -0.141603185376 -0.409038328713
0.207088612378 -0.141404683292 -0.410443958875
0.207107111441 -0.14169329459 -0.410770664108
0.206700449141 -0.142154309734 -0.411753529177
0.206254102365 -0.14260791157 -0.412927669305
0.20557367032 -0.142652101001 -0.413902937962
0.204797494673 -0.143165767387 -0.415221195795
0.204805984526 -0.143474079651 -0.415543896043
0.203964555227 -0.144292304952 -0.416368171774
0.203545444126 -0.14448031593 -0.417793242458
0.201934219747 -0.145357456156 -0.420155060708
0.201758063817 -0.145680155996 -0.42168643855
0.200420717431 -0.146168536206 -0.423364682557
0.199870748658 -0.146900838053 -0.42475249663
0.199345872726 -0.14644799107 -0.425896311055
0.199234855595 -0.147592191358 -0.426736846894
0.198525904579 -0.14777747945 -0.427916587085
0.198416444568 -0.147511212368 -0.429124163379
0.197604584519 -0.147973843956 -0.430322394676
0.197244492035 -0.14769057286 -0.431349615692
0.196743895514 -0.148381699981 -0.432300629143
0.196184933105 -0.149336535476 -0.433481084774
0.195855590456 -0.149573610568 -0.434479038621
0.195586862967 -0.148862670007 -0.435113889579
0.195467392899 -0.149714055275 -0.435745156114
0.195202660916 -0.150148821014 -0.436364293509
0.194750384608 -0.150010578824 -0.436976784724
0.194677809979 -0.150335089985 -0.437471456115
0.194139315338 -0.150401279948 -0.438240230739
0.194511031701 -0.151662871819 -0.438277657946
0.194142091948 -0.150754108335 -0.438634599837
0.193787954274 -0.151807999832 -0.439492784093
0.193765834659 -0.151458307865 -0.43966749177
0.193441767346 -0.151486609607 -0.440382207517
0.19318240012 -0.15240422845 -0.440845474293
0.192665977283 -0.153195868457 -0.441538808338
0.192084803456 -0.152583885758 -0.442674631911
0.192033420729 -0.152694096499 -0.442892432543
0.19138152327 -0.152889858448 -0.444363258065
0.19175151546 -0.15381280898 -0.444714961758
0.191150066999 -0.153894869747 -0.445799492045
0.19076553078 -0.154337313595 -0.446780273652
0.190164726526 -0.154675327722 -0.447801481804
0.189607530406 -0.155029728166 -0.448630130518
0.189342262222 -0.154328813492 -0.449068889237
0.189188562503 -0.154730053139 -0.449641032486
0.189324203941 -0.15566954436 -0.45009768829
0.18930567419 -0.155479468853 -0.450442662122
0.1892204557 -0.156061362069 -0.450986703084
0.188515450935 -0.156230512662 -0.452366336558
0.187853732019 -0.155990645176 -0.453465603844
0.188557660483 -0.156952999807 -0.453183468678
0.188038669039 -0.157188042842 -0.453795477185
0.187994551896 -0.156839558561 -0.453962258833
0.18759663949 -0.156592311669 -0.454812011554
0.187579309593 -0.15673919985 -0.454826028165
0.187386018661 -0.157361766571 -0.454789226401
0.188132487515 -0.156874620227 -0.454273894458
0.188063221428 -0.157008169566 -0.454476276218
0.187639000689 -0.157080870216 -0.455348986814
0.187393479343 -0.158032209176 -0.455524463946
0.187182138678 -0.157682598322 -0.455599317427
0.186331987275 -0.157247466831 -0.456824009373
0.187029335359 -0.158124479501 -0.457472807219
0.186315585867 -0.157617586833 -0.458835381356
0.18565323366 -0.157788728138 -0.459861589165
0.185007185163 -0.158205402917 -0.460849723437
0.185354751175 -0.158115378916 -0.461197471386
0.184674915283 -0.159131143829 -0.462278238684
0.18438162119 -0.159704826682 -0.462658239347
0.18447107544 -0.158971279151 -0.46327005947
0.184381289918 -0.159951185387 -0.463620235186
0.184104544536 -0.159668403759 -0.463798807388
0.184338935116 -0.161108927903 -0.464551926739
0.183824304195 -0.160581094364 -0.4650810177
0.183886316502 -0.16119582918 -0.465785762639
0.183193631372 -0.162086884501 -0.466826093528
0.183157077949 -0.162070558472 -0.46785925354
0.182837812312 -0.162696270748 -0.468318946898
0.183019377373 -0.162688812914 -0.468591150208
0.182425706892 -0.163246924889 -0.469322978381
0.182413302674 -0.163216137 -0.470248526013
0.182046751561 -0.163740713284 -0.47083039358
0.181425264867 -0.164663124465 -0.471639710595
0.181298291479 -0.164884986236 -0.472349655768
0.181219113903 -0.165273254657 -0.473424946429
0.180406403079 -0.16540379892 -0.47470217124
0.180178565525 -0.1668698661 -0.475749245905
0.180033861944 -0.166350017621 -0.476440355385
0.179087158595 -0.167748949136 -0.478182076559
0.179063855671 -0.16939738331 -0.47909534488
0.179470098036 -0.170154575586 -0.479343751896
0.179154696829 -0.170478623703 -0.479634505814
0.178749859967 -0.170556683715 -0.480317307933
0.179115936956 -0.171467855329 -0.480508928083
0.17780818313 -0.171492149133 -0.482113440613
0.177924908199 -0.173039491031 -0.483133867237
0.177544250588 -0.173359794009 -0.483596796706
0.177222214715 -0.172893653518 -0.483789848455
0.177318351669 -0.174018930549 -0.484251074127
0.177269105825 -0.172977169776 -0.484966552146
0.176811561016 -0.173736634394 -0.48557914796
0.177521557024 -0.174567087374 -0.485314834096
0.176970374491 -0.174266757492 -0.485571772471
0.17740664757 -0.174755880012 -0.485980814639
0.176183467294 -0.17490301797 -0.486919313018
0.176488897724 -0.175801918142 -0.487256719927
0.176782092703 -0.174817816189 -0.487509872428
0.175764158157 -0.175004573591 -0.489085251857
0.17628231323 -0.175623140714 -0.48889600182
0.175645941068 -0.176499845793 -0.489372640351
0.176023741288 -0.17579982589 -0.489500130617
0.175462903709 -0.175856388936 -0.490237622286
0.175761070605 -0.176260146451 -0.490571557075
0.175439600929 -0.176706907688 -0.490806004122
0.175576534276 -0.17720309578 -0.49101797704
0.175174303423 -0.176341812642 -0.491384775184
0.175374111154 -0.177137264868 -0.491882539749
0.175214775592 -0.175902286818 -0.491944018565
0.175282702413 -0.177584991011 -0.492356266513
0.174953477797 -0.176804838666 -0.492535437651
0.174463434069 -0.177062646739 -0.493102414179
0.174837623816 -0.17720359361 -0.493004918331
0.174903438733 -0.177131570306 -0.49337908418
0.174638164323 -0.178291521124 -0.494485788038
0.174533385556 -0.178598105663 -0.495203284591
0.174462460153 -0.177913500271 -0.495928379427
0.174059800492 -0.178369434321 -0.496331708701
0.174568972111 -0.178570719588 -0.495859208877
0.173850449359 -0.178409797987 -0.496468171415
0.173825813023 -0.179211711067 -0.497265114185
0.173984995646 -0.178731886807 -0.49769267043
0.174078492557 -0.179125995817 -0.49784749993
0.17305374183 -0.179682588324 -0.498706623204
0.173376461202 -0.179998228219 -0.498803956343
0.173141221699 -0.180460069534 -0.499893316737
0.172836461682 -0.180529344155 -0.500127446252
0.17277655709 -0.181177860567 -0.50017397376
0.172784603117 -0.181213843434 -0.50071882023
0.172961023743 -0.181501448197 -0.501172545941
0.172790750843 -0.182003163711 -0.502068404208
0.173109071191 -0.182338426601 -0.502154328797
0.172873532907 -0.183032955973 -0.502205998207
0.172493523945 -0.183393411043 -0.502372865986
0.172121126137 -0.184167379713 -0.503338501734
0.17135656424 -0.184286177217 -0.504154445022
0.172202986139 -0.184374011869 -0.504239651663
0.17131516367 -0.18574526826 -0.505427171458
0.171358843851 -0.185733707908 -0.505759716209
0.171282560653 -0.186394331122 -0.506459996373
0.171762544291 -0.186660695513 -0.506985410103
0.17095229666 -0.18724718298 -0.507751998205
0.170567968923 -0.187447100264 -0.508690254823
0.170572649662 -0.188198337224 -0.509222222459
0.17110568575 -0.188941651496 -0.509194002362
0.170366142268 -0.189564810636 -0.509767460025
0.170898671803 -0.189126137666 -0.509775596236
0.170510748059 -0.189959030258 -0.510693743957
0.170294570839 -0.190243587568 -0.510959541434
0.170472020179 -0.19122334373 -0.51134671313
0.169946692791 -0.192278310162 -0.511844042364
0.170241448919 -0.193440108402 -0.512079007844
0.169858139494 -0.193835439017 -0.513211244121
0.170165972123 -0.193602898807 -0.513264217428
0.169983526179 -0.194044347123 -0.513554050728
0.169346904924 -0.194006490533 -0.513754310864
0.169376124332 -0.195114480034 -0.514571064256
0.169874232596 -0.19437504822 -0.514339216168
0.16975296125 -0.1956217374 -0.514960114338
0.169820979941 -0.196580987361 -0.515181093843
0.169088348142 -0.195891814911 -0.515571720416
0.169135435984 -0.19682211149 -0.516125354602
0.16947823434 -0.196729406078 -0.516255008039
0.169338339595 -0.196762830892 -0.51693983341
0.169231475813 -0.196618558891 -0.517359928831
0.169303898332 -0.197443816771 -0.517662753353
0.169015867674 -0.197631128114 -0.517904242407
0.169414795627 -0.197331463268 -0.517643592643
0.168822285955 -0.198034625754 -0.518717209079
0.168646915134 -0.198793717245 -0.519519635723
0.168468941836 -0.199553168848 -0.520317247726
0.168294832996 -0.200257600353 -0.521050295592
0.16812490639 -0.200749553043 -0.521523846103
0.16868831264 -0.201359811288 -0.522011427149
0.168083126916 -0.202205180463 -0.523161050497
0.167840371694 -0.202816475654 -0.523894539571
0.168084437988 -0.203305906301 -0.524035751683
0.167772614222 -0.20453642313 -0.524840899877
0.167653495446 -0.20531781639 -0.525429309041
0.167234858512 -0.207183799718 -0.526407454089
0.167593952402 -0.207669250652 -0.52694032122
0.167054991617 -0.208177681192 -0.527275262835
0.166848125836 -0.208623657302 -0.527667225891
0.166856244075 -0.21055239322 -0.528339885922
0.166633072652 -0.211309232616 -0.529076986365
0.16760594814 -0.212152307467 -0.529648712531
0.166672356608 -0.213002089345 -0.530739661858
0.167270956669 -0.214327356908 -0.530794576136
0.165945019863 -0.213755342207 -0.5317080564
0.166612272197 -0.214532950918 -0.531994211882
0.166316925578 -0.215505590763 -0.533208660355
0.165942538614 -0.216482595354 -0.533765447869
0.166104572119 -0.216852867608 -0.534672982866
0.166768306291 -0.216880364151 -0.534802441389
0.165575513049 -0.217406402227 -0.53597136199
0.165799213581 -0.219006948677 -0.53659172337
0.166091824114 -0.219192971395 -0.537056713149
0.166409077005 -0.218759852 -0.537600656784
0.165991851079 -0.219319823175 -0.538302279207
0.166320212411 -0.220363976854 -0.53872121037
0.165957833144 -0.221325159621 -0.539101752261
0.165794847588 -0.220331527787 -0.540315116706
0.165222976166 -0.221328478034 -0.541170720106
0.165992813319 -0.221675737546 -0.54145376234
0.164961677352 -0.222141627988 -0.542642997982
0.164870703436 -0.223966067113 -0.543319740465
0.165811269221 -0.224026789096 -0.543894003522
0.164839894289 -0.223423375818 -0.545584619285
0.165723665041 -0.223877360053 -0.545521094457
0.164692606353 -0.223177776212 -0.546297941245
0.165166558565 -0.22453006271 -0.546645551099
0.165550447363 -0.225898566879 -0.547352674903
0.1648317844 -0.225744344626 -0.548862096848
0.164540628303 -0.226062495702 -0.550163076249
0.164355780727 -0.227290958598 -0.550944992091
0.165018568077 -0.227495816891 -0.551309278117
0.164356022381 -0.228013067517 -0.552533587688
0.165069396459 -0.228363792879 -0.553827066546
0.16519776943 -0.2305234672 -0.555105098488
0.164989608717 -0.231041133582 -0.556890417843
0.165467668926 -0.230793868147 -0.557889559261
0.164862024107 -0.231377936165 -0.559809476051

