0.493714156025 -0.284114139537 -0.176436125321
0.49366840827 -0.28395890291 -0.176566755267
0.49362861756 -0.284437491277 -0.176483272216
0.49345973033 -0.284458426968 -0.176007020056
0.493146100631 -0.283906475627 -0.176363724091
0.49296701838 -0.283631300278 -0.175945832503
0.492972256854 -0.283599343035 -0.176192680005
0.492535397871 -0.284032597924 -0.176403355115
0.492253713995 -0.283746202348 -0.175443392615
0.491107733032 -0.283456345115 -0.17453908542
0.490153581981 -0.283492114396 -0.174475419385
0.48976358551 -0.283438708242 -0.174576651283
0.489387941356 -0.283330440779 -0.174738305314
0.488678970132 -0.283711606898 -0.174176729537
0.487379480839 -0.283336053552 -0.173864793431
0.486678225778 -0.282928161399 -0.174203910091
0.486469167021 -0.283924122943 -0.173377589866
0.485798739226 -0.283715877069 -0.172665035633
0.485130911425 -0.283163395445 -0.173283515413
0.484703564466 -0.283549103353 -0.17329724216
0.48455058133 -0.284002195962 -0.172859023793
0.484045120309 -0.284008583117 -0.172608954082
0.48383107875 -0.283533138854 -0.173603416632
0.483273261591 -0.283204119282 -0.1725705266
0.48336254378 -0.283393534347 -0.173284979829
0.483174819039 -0.284270707246 -0.172758897067
0.483062375548 -0.283754009414 -0.171951671639
0.482249215156 -0.283721935261 -0.172195690633
0.482298342679 -0.283831351486 -0.172078771796
0.48192089894 -0.283713264965 -0.172232044039
0.481406528202 -0.28286505911 -0.171551638026
0.480759930698 -0.283579948165 -0.172569540229
0.480103248458 -0.282960443241 -0.171080376598
0.478988903315 -0.283546664462 -0.171464422205
0.477547822061 -0.283073668948 -0.17082804641
0.476150441009 -0.282347935135 -0.170605793953
0.472473031268 -0.282791482288 -0.171101180079
0.470793813216 -0.281766232716 -0.172267154957
0.468741287883 -0.282725852854 -0.172487034463
0.466120142354 -0.282003760796 -0.172587903612
0.463768975805 -0.281521015529 -0.171638942308
0.459563704172 -0.280749168523 -0.173071462924
0.455878943063 -0.280972253602 -0.172004733958
0.452938087709 -0.280161080491 -0.172372396349
0.449333485205 -0.279912668976 -0.171487034297
0.441686351447 -0.278325470307 -0.173203174131
0.437503402932 -0.277859163363 -0.173488417216
0.434025100056 -0.277746934915 -0.173741956755
0.429574265712 -0.276494723214 -0.172822534356
0.425057140766 -0.2759785445 -0.173380277256
0.415889823479 -0.272973450407 -0.174099057755
0.412501561597 -0.272267220303 -0.173855240621
0.408915564752 -0.271502756079 -0.174371338581
0.404637608675 -0.270912055879 -0.173843827713
0.398235269354 -0.268095678452 -0.171285709369
0.394836331429 -0.267378865194 -0.17095318456
0.392453513381 -0.266069964216 -0.169966988228
0.389512051006 -0.265941380266 -0.169708951363
0.386649092643 -0.265650084673 -0.167795631175
0.381282320546 -0.263222058158 -0.16798352097
0.379745250981 -0.26284340687 -0.168252742121
0.378244332934 -0.262437048428 -0.167486955849
0.376435508041 -0.26148601805 -0.167029457741
0.373711591816 -0.260467813367 -0.16643308765
0.372100900131 -0.259967423034 -0.166495179866
0.370337875035 -0.259217559108 -0.166524027009
0.368638531085 -0.259120198255 -0.165050453201
0.365943492419 -0.257934403335 -0.164350799895
0.364697051648 -0.257472596523 -0.164349571499
0.363577582026 -0.255966008027 -0.163352602815
0.362004269952 -0.255225557237 -0.162592195693
0.360093804877 -0.255205850194 -0.161731959369
0.357254931302 -0.253346556748 -0.160703917094
0.354990242171 -0.253471347383 -0.161219931453
0.353822051449 -0.252262842583 -0.160616460809
0.351423904364 -0.250275909562 -0.160449580956
0.350198812938 -0.250186172392 -0.159990857648
0.349469291915 -0.249426394835 -0.160270497154
0.348682530487 -0.248105219869 -0.16062540977
0.347190631224 -0.247333834562 -0.161086168244
0.342596573915 -0.246175728321 -0.160956523626
0.341510658181 -0.245315589986 -0.161794943761
0.340249373856 -0.244008978915 -0.161821700704
0.3392470804 -0.243254309122 -0.161196313185
0.332328278289 -0.241196125961 -0.162826339162
0.331730517233 -0.240507339642 -0.162059956061
0.331761001802 -0.240391004141 -0.162215317578
0.326387758676 -0.237534821253 -0.162894338193
0.326692999754 -0.237495774032 -0.162320263447
0.326458151573 -0.236229292153 -0.161988473368
0.32643300294 -0.235474401346 -0.16226527964
0.326458151573 -0.236229292153 -0.161988473368
0.322475144873 -0.234904628909 -0.163001371167
0.322396297379 -0.234578781317 -0.162827883268
0.322338438997 -0.233729046115 -0.163104731452
0.31716772013 -0.233590696194 -0.162613189246
0.317140380085 -0.233046575927 -0.162728855923
0.317360184512 -0.232950213241 -0.162209399286
0.317291194395 -0.231950928639 -0.162542156939
0.31231370597 -0.229828694249 -0.162634424792
0.312256194198 -0.228424279769 -0.162708107274
0.312015344514 -0.227107330115 -0.162428803724
0.306629576897 -0.226190024443 -0.162693417499
0.307101002477 -0.225363586474 -0.163391447816
0.307314399481 -0.224601172119 -0.16312582421
0.307924291011 -0.223965969122 -0.162834221149
0.302440458046 -0.223043961032 -0.163117545449
0.303022295196 -0.220621222734 -0.162497012325
0.299320666256 -0.220486293623 -0.162602818856
0.299403314865 -0.219964271221 -0.163190275044
0.299065053516 -0.219226704563 -0.163054516178
0.298923380602 -0.218004492677 -0.163346371575
0.293573261333 -0.218676945557 -0.163178872435
0.293561448026 -0.217848364595 -0.163743260359
0.289231542654 -0.215155349094 -0.164103321708
0.289871497404 -0.214274386625 -0.163633004593
0.285528116991 -0.210254400786 -0.164394528983
0.285307618648 -0.209360615932 -0.16457718846
0.2850791189 -0.208497876176 -0.16474708953
0.279758734543 -0.207984966063 -0.164352958088
0.279524054396 -0.208004787043 -0.164110982014
0.27377557097 -0.20485482843 -0.163993978394
0.27361570501 -0.204279332605 -0.164717886083
0.26789021887 -0.200410662462 -0.163825870521
0.267680109816 -0.199792138879 -0.163736100248
0.264216831094 -0.197224562806 -0.1639361664
0.264896544476 -0.19734541377 -0.164091371512
0.265216988301 -0.197844901354 -0.16402354362
0.261401250689 -0.19581612802 -0.163398234867
0.261590705988 -0.196591263215 -0.163758028328
0.26256972831 -0.196993718784 -0.163699274567
0.260204500044 -0.195376955174 -0.163841012446
0.261377718047 -0.195390505934 -0.163961316894
0.262196126098 -0.196048512632 -0.163768877812
0.263190739956 -0.196992514008 -0.163039425486
0.259229599966 -0.194110540196 -0.162782101218
0.255097831699 -0.191336575559 -0.16256555323
0.254845762835 -0.190658291081 -0.163098389496
0.250016201868 -0.186724174107 -0.163068221942
0.249730350862 -0.186357947832 -0.163617779302
0.247653564707 -0.1836158263 -0.163353765174
0.248093116784 -0.18305087606 -0.163056665926
0.244421843223 -0.180181874702 -0.163527791905
0.244714338722 -0.180691663314 -0.162768051614
0.244762536967 -0.18058525241 -0.162973181458
0.239930956608 -0.177064520441 -0.162977216758
0.239749345033 -0.177791059897 -0.162307405151
0.234529247112 -0.1719876424 -0.162610957227
0.234441631985 -0.171688726448 -0.162263653682
0.229697769921 -0.167029154425 -0.162264030166
0.230725011854 -0.166453887314 -0.162643374281
0.228369263556 -0.164008764006 -0.162723267098
0.228589670548 -0.163688034778 -0.16215437011
0.223703817941 -0.162322379895 -0.162074452247
0.224022741627 -0.162397687056 -0.161902422166
0.219071002915 -0.156179233781 -0.161918051486
0.21887302335 -0.153013486701 -0.162538725162
0.214622726569 -0.147973941766 -0.16263741588
0.214544517272 -0.147468466711 -0.16207253302
0.215416492414 -0.146856398242 -0.162399403625
0.210764571966 -0.145316074002 -0.162687568716
0.211068566554 -0.145924739074 -0.162786774269
0.207225049462 -0.146217710083 -0.16274325977
0.207208556764 -0.146763186114 -0.163080051572
0.205360348596 -0.140804097054 -0.163684678437
0.202548033113 -0.133491556366 -0.163256801357
0.202680248971 -0.134743787221 -0.162613274682
0.198811682615 -0.130808838938 -0.162494995445
0.199551350088 -0.133009473074 -0.161995317982
0.196107105273 -0.129699563677 -0.161267805635
0.196444783346 -0.129806448881 -0.161434574577
0.194339691788 -0.127711728884 -0.161121460247
0.195240257785 -0.125835105813 -0.161089182591
0.192330909231 -0.118376925905 -0.161531057701
0.192145561727 -0.113483855298 -0.162455172566
0.18616962401 -0.110139661844 -0.161390646248
0.185713092515 -0.107184949141 -0.162136393357
0.180932446976 -0.101730009321 -0.161477904923
0.181096693722 -0.0995039812508 -0.161826426395
0.178310534502 -0.0979700276421 -0.162138678457
0.179101477025 -0.0986534963871 -0.162451330218
0.179109295998 -0.0994989399936 -0.161837988851
0.175232237189 -0.09636010933 -0.16184059743
0.175054623153 -0.0970490189756 -0.161567764949
0.172247263515 -0.0911104607346 -0.161330229299
0.172456186321 -0.0931141454633 -0.161069742634
0.172601947482 -0.0943481215925 -0.161466899731
0.17258518144 -0.0919769098366 -0.161505095238
0.173764026977 -0.0937312146691 -0.161011769505
0.17382201793 -0.0912045701784 -0.160888995938
0.173287452817 -0.0909878837395 -0.161303470575
0.174677787239 -0.0917490326774 -0.161340729352
0.172527861084 -0.0878871550952 -0.160972878593
0.171169600635 -0.0847514604383 -0.160965829835
0.172137241925 -0.08357822338 -0.161423616777
0.173536058822 -0.0842537397169 -0.160845626063
0.17146940169 -0.0830801182778 -0.161041823674
0.169682923558 -0.0821007276062 -0.161287742031
0.169720780653 -0.0830431954099 -0.161462262924
0.167450543321 -0.0832246193723 -0.161845908063
0.165776687358 -0.0808742107301 -0.162593810659
0.165203604213 -0.0818037536098 -0.161878285435
0.164046887279 -0.0843098457278 -0.162314319961
0.164234841639 -0.0795858856789 -0.161838573416
0.163689791082 -0.081647566974 -0.161607239633
0.162781678327 -0.0839738181212 -0.162461180891
0.163899351959 -0.07758577439 -0.162062157271
0.162916238676 -0.0810699259299 -0.16182301476
0.162840445352 -0.0789645035506 -0.161420277664
0.161486415342 -0.083328100576 -0.161650258076
0.162338268095 -0.0739289517296 -0.161775529624
0.161544811524 -0.074852177438 -0.161536156377
0.159695387715 -0.0750039508774 -0.161060349453
0.160289406357 -0.0625334117307 -0.161547153503
0.15718254485 -0.0445924997879 -0.160613343196
0.155377668195 -0.040616873086 -0.161044703227
0.155582803938 -0.0339872627152 -0.161003140102
0.155305077253 -0.031617623319 -0.160586734443
0.157582384974 -0.033115185754 -0.159885301857
0.156541198602 -0.0334228988674 -0.160815088272
0.159113921618 -0.0354299908367 -0.160158145796
0.160101212072 -0.034513334464 -0.161034579955
0.156848956121 -0.0318412393701 -0.160862507635
0.158195850188 -0.0295171080967 -0.161703818184
0.159056715491 -0.0289790224628 -0.161537998241
0.154664297373 -0.0230150091942 -0.161744399718
0.155048074783 -0.018873566153 -0.162410662606
0.154592489143 -0.0184350265525 -0.161869391309
0.151876746988 -0.0153862239176 -0.162502493476
0.151419151554 -0.0149296184331 -0.16265659341
0.151908732021 -0.0122703221021 -0.163117470131
0.151683659784 -0.0172950999317 -0.163278994543
0.150292311488 -0.0105943965763 -0.163142759548
0.150792770338 0.00338807182259 -0.16287912145
0.148764625769 0.00578954289032 -0.161736771297
0.151111773335 0.0233406701605 -0.161751657069
0.152520957878 0.0283783689894 -0.162545624525

