0.466140041642 -0.184014457923 -0.169597017258
0.466102134025 -0.184180582601 -0.169834957556
0.466019040015 -0.183908984017 -0.168300980343
0.465909364333 -0.1839597666 -0.16862637452
0.465611659801 -0.18429190959 -0.168809340065
0.465483279897 -0.184363033237 -0.168863371549
0.46570555502 -0.184499651414 -0.168226104357
0.465667347935 -0.185142139622 -0.168464174622
0.465399441987 -0.184311656364 -0.168573042746
0.465343464023 -0.184496670904 -0.168537015699
0.465171552536 -0.185557405214 -0.168587962642
0.464939090977 -0.187245840374 -0.168437164312
0.465240771752 -0.185682950575 -0.168641291387
0.465120563061 -0.18608164304 -0.168726240722
0.46505766039 -0.186771997929 -0.168843030254
0.464911803185 -0.188169600231 -0.168796810962
0.465568468245 -0.18473706923 -0.16857070894
0.465249526621 -0.185371343704 -0.168294047971
0.465035371981 -0.186511973832 -0.168941386318
0.464776686814 -0.187897824492 -0.1688896644
0.464784967181 -0.185592487835 -0.168099932163
0.464623481471 -0.187014642635 -0.168181472491
0.464633786489 -0.188274455512 -0.168457069316
0.464813252987 -0.189466072205 -0.168772209586
0.465224698334 -0.186084808104 -0.168673737094
0.46537926868 -0.186377362579 -0.167632060933
0.465686734221 -0.187691752308 -0.168169217831
0.465527385382 -0.188176519362 -0.168855442362
0.465766771155 -0.185635235225 -0.167581402464
0.465736851562 -0.186154357352 -0.167435128027
0.465735148013 -0.186445939191 -0.167315319252
0.465727011561 -0.186919144798 -0.167288519762
0.464438074942 -0.185187361664 -0.166149697366
0.464779093592 -0.185076118461 -0.167027418146
0.464789853611 -0.185503696172 -0.167118324326
0.465003394297 -0.185608446779 -0.166104274952
0.463954208572 -0.182499596948 -0.167094867588
0.464147769522 -0.1828637921 -0.167429091423
0.464225498493 -0.183537126972 -0.16764408309
0.464185817947 -0.182437230719 -0.167393950528
0.463246492445 -0.182542906061 -0.167110895278
0.463165572392 -0.18362840083 -0.167136068586
0.463230061112 -0.183737052067 -0.167050399363
0.463544386398 -0.182740241123 -0.166508202692
0.463479847716 -0.182631612621 -0.166593763796
0.462903856201 -0.183015054664 -0.166908918877
0.463379689772 -0.182000830686 -0.166482461986
0.463164823374 -0.181604030418 -0.167552300593
0.463531959404 -0.181297872532 -0.166944037822
0.462496370146 -0.182540074486 -0.167068543875
0.462517218429 -0.181662300923 -0.167159425738
0.462756816014 -0.181005934705 -0.166513224595
0.462705907606 -0.180876302795 -0.166879769221
0.462146430012 -0.18268007285 -0.166627090031
0.462280482073 -0.181227842127 -0.167103548476
0.462257253382 -0.181389596676 -0.167054876825
0.46217870314 -0.182715602089 -0.166928353036
0.461461743682 -0.185392764581 -0.166778016685
0.461312272172 -0.185408165612 -0.166809784899
0.461253943845 -0.18516127154 -0.166680506214
0.461390489644 -0.185963172862 -0.167320586902
0.461662658938 -0.184698676403 -0.167184252296
0.462028534713 -0.184690446038 -0.166296412535
0.462372818207 -0.184061810629 -0.167507510667
0.462494755054 -0.183721904339 -0.167302913178
0.462243272427 -0.184080645751 -0.167461972002
0.462582276271 -0.184267680947 -0.166829890297
0.46281350062 -0.18480504027 -0.166481478665
0.461513546777 -0.185855248598 -0.16675569764
0.461483317379 -0.185554177542 -0.166741942333
0.461527169405 -0.185237268373 -0.168198407874
0.461768577674 -0.186100875618 -0.167589252793
0.461811730968 -0.186637980891 -0.167591493318
0.460610370454 -0.186648589253 -0.167865733135
0.460093006326 -0.187617098439 -0.168143431069
0.460013686202 -0.189652643042 -0.167536328901
0.459787952954 -0.190798563386 -0.167317544098
0.459858134008 -0.190765406926 -0.167293018517
0.45961034646 -0.192864410009 -0.166728783909
0.459248458184 -0.193883374352 -0.167023536524
0.459269386561 -0.195975694304 -0.166853559309
0.461192047424 -0.190519397138 -0.167243568084
0.460660976168 -0.19259164625 -0.167388471292
0.46034768291 -0.19324974313 -0.16775913585
0.460281955914 -0.19451431026 -0.167305482
0.461907328471 -0.189727144911 -0.167493128701
0.461702776185 -0.191447947374 -0.166907119789
0.461367686997 -0.192885309128 -0.165969985659
0.461163783201 -0.193675189376 -0.166527283854
0.461663560108 -0.191058638879 -0.165602121605
0.461733867404 -0.19130309363 -0.166233254228
0.461488558596 -0.192700167327 -0.165727553266
0.46133170007 -0.193926767246 -0.165417484311
0.461733701531 -0.189467336931 -0.165686816278
0.461531141121 -0.190571904518 -0.165417422052
0.461061630115 -0.19096247811 -0.165607492957
0.460503941763 -0.191806430416 -0.165226475163
0.458996496319 -0.191165212867 -0.164797166105
0.459249978347 -0.190297886049 -0.165039970776
0.459228847442 -0.189935390631 -0.164630865773
0.457210174201 -0.189192138692 -0.164213708232
0.456683493915 -0.190653239854 -0.164580630516
0.456752836613 -0.190892662103 -0.163814558026
0.4548614572 -0.190602834822 -0.163963257669
0.454445840354 -0.190356349352 -0.163654268356
0.453622315836 -0.191781492886 -0.164171785926
0.453166395661 -0.191792382645 -0.164311139692
0.45227185231 -0.191648953409 -0.163980678641
0.451380177066 -0.192591230607 -0.164518850153
0.450187383681 -0.193721823636 -0.163852457488
0.450170067058 -0.192181173237 -0.163665375676
0.449250667348 -0.192725583673 -0.163384587704
0.4509870778 -0.18970974263 -0.163355578659
0.451059202572 -0.188970431593 -0.162681985926
0.450017940011 -0.189409388344 -0.163031633311
0.449835658562 -0.189333718013 -0.162730488881
0.446995198438 -0.188817403623 -0.163071683448
0.445617981522 -0.188985365795 -0.162599507022
0.437340950089 -0.186601235244 -0.163392631513
0.434138824049 -0.186600127974 -0.16277638337
0.422676327185 -0.184970345929 -0.162752599824
0.408265591049 -0.183177372344 -0.163888215097
0.399075110188 -0.181268214404 -0.164416811076
0.382143669543 -0.177184861884 -0.163789777289
0.372188591007 -0.174643760564 -0.160782877542
0.353292361874 -0.168008506227 -0.151677083032
0.345913017906 -0.165713788355 -0.149962031204
0.341013791463 -0.163137629424 -0.151086662836
0.338232861325 -0.162524012863 -0.150554148375
0.336797825866 -0.162202762582 -0.150536226983
0.337042985138 -0.162744915323 -0.149827300108
0.337140382062 -0.162377565119 -0.150200367165
0.335904059499 -0.161486748045 -0.149928133799
0.336296636851 -0.161648636342 -0.149946226618
0.336306105435 -0.161478272137 -0.150010825156
0.334497768329 -0.160440509109 -0.149229704746
0.334497768329 -0.160440509109 -0.149229704746
0.334394686132 -0.160517102639 -0.148493062009
0.332821243678 -0.160158350812 -0.148655562025
0.332581583872 -0.160272963368 -0.148956291285
0.332362306365 -0.159751403091 -0.148666874271
0.327492225116 -0.158506235963 -0.149126849673
0.327347836084 -0.158113863487 -0.148461425103
0.322162348027 -0.155819017378 -0.148498771854
0.321934960792 -0.154991544863 -0.148919135411
0.321768268684 -0.1548578955 -0.148373691569
0.317180819081 -0.152728796118 -0.148517163434
0.317177247004 -0.152696519015 -0.148355019216
0.31246250783 -0.149343647739 -0.147225213796
0.309772976073 -0.146642940036 -0.14718026773
0.309837238234 -0.146663697211 -0.147445812554
0.30465829486 -0.14538476595 -0.147888144351
0.304859958659 -0.145452280537 -0.147254836272
0.301184613322 -0.143122345792 -0.147363793729
0.301254046993 -0.14280359165 -0.147621259314
0.301030465897 -0.142171964244 -0.146980151468
0.300971726795 -0.141789645474 -0.147231196423
0.296572271761 -0.138220646836 -0.147917824687
0.296565460009 -0.138385854443 -0.147860618983
0.292170999453 -0.135472332698 -0.147740804718
0.292174782963 -0.13623680611 -0.147564777452
0.290176850292 -0.134968037868 -0.148354903451
0.290912102596 -0.134678683594 -0.148159794495
0.287107720272 -0.133174368431 -0.148941252993
0.287180354245 -0.132950253168 -0.148630728444
0.283805723634 -0.130883916831 -0.147772995114
0.284114536422 -0.129465630653 -0.147813506972
0.280301032196 -0.126355440608 -0.147608536947
0.274722358995 -0.123529984971 -0.146640126417
0.270562994544 -0.120185298783 -0.146565211358
0.270712355311 -0.118952885969 -0.147395077991
0.271141591395 -0.117996278922 -0.146890223561
0.265453960083 -0.117200626766 -0.147086833955
0.265194274674 -0.11697773461 -0.146686144426
0.260626263917 -0.115202962465 -0.146149573691
0.261211096093 -0.114877396454 -0.146172202728
0.257652621671 -0.111473912092 -0.145115492398
0.25820698172 -0.11046082436 -0.145498795991
0.255016536229 -0.107062755622 -0.145378278296
0.255297554677 -0.104190997743 -0.144838119504
0.24838214017 -0.101104958219 -0.146029567298
0.247463246351 -0.099361671955 -0.145489501573
0.241058924479 -0.0998810192474 -0.146124217114
0.240623917211 -0.100292753479 -0.14539332815
0.236639417309 -0.0980236149009 -0.146774231579
0.235107865694 -0.0963336475885 -0.146397398631
0.238122458612 -0.0991790445964 -0.145828695245
0.237978936423 -0.0996919376533 -0.145039483813
0.237019332433 -0.100223832711 -0.145001854235
0.239074498987 -0.103110526457 -0.145185815536
0.238535112418 -0.103410853832 -0.145154514649
0.239950966562 -0.104933463317 -0.145731402278
0.240507481129 -0.107531910829 -0.145830288586
0.238140189581 -0.103451004758 -0.146059053313
0.237790347612 -0.105288552563 -0.145491747177
0.237441758713 -0.108100419416 -0.145144235152
0.235504755844 -0.101686294913 -0.144672933638
0.235489767318 -0.101549551945 -0.14474438227
0.234803066841 -0.101339747193 -0.144895751124
0.233091143685 -0.0959870094528 -0.144379547904
0.232602649329 -0.0951814853881 -0.144256760223
0.231406679858 -0.0947452324539 -0.143933149011
0.22885021887 -0.0928711059107 -0.144424420456
0.22625562022 -0.0916788704401 -0.143207562672
0.219859180348 -0.0842951959625 -0.143907071804
0.214034928294 -0.0752097778639 -0.144696812982
0.206533443406 -0.0666209700204 -0.145904883189
0.204990337723 -0.0663058436115 -0.146078549921
0.200167708162 -0.0612811599741 -0.146091085412
0.200190962251 -0.0629894467561 -0.146752013501
0.198612211201 -0.0600216950574 -0.146670799777
0.198675371255 -0.0603244565176 -0.146701116196
0.196673300743 -0.0558844248497 -0.146138847902
0.193041160029 -0.0495316061454 -0.145654211852
0.192595829161 -0.0468065591713 -0.14597889566
0.188194781953 -0.041191063089 -0.146840766363
0.188483720203 -0.0390862270396 -0.146430262547
0.18603452001 -0.0375374622394 -0.146788176332
0.186847247645 -0.0372541690812 -0.145743712696
0.187113992912 -0.0365751233796 -0.145845687735
0.181921530706 -0.0332283928552 -0.145045563951
0.177919093586 -0.0280173779358 -0.145261150631
0.174696709002 -0.0233662972421 -0.145080298525
0.17478193538 -0.0223404649233 -0.14613397021
0.171352546036 -0.0184309639903 -0.145313599532
0.169631062532 -0.0152737045752 -0.144970868247
0.16989501786 -0.0154358390272 -0.145901280505
0.166680169748 -0.00991858654161 -0.145495697532
0.166267228771 -0.00938890602583 -0.145537850661
0.163922599618 -0.000757995403776 -0.146549799734
0.163763329468 0.000219158528845 -0.145899582442
0.159349561208 0.00684027483968 -0.146248345524
0.157038447131 0.0111788688855 -0.145691298497
0.156935533867 0.0108548046143 -0.144942090007
0.156807636789 0.0102511959154 -0.145555926744
0.156994625039 0.00832211188308 -0.145389645293
0.15669700127 0.0145891062838 -0.146098585528
0.157468317238 0.0141338129404 -0.145787259004
0.155720018644 0.0233219516135 -0.145478193163
0.156533699752 0.0239863240784 -0.145332295088
0.153273255831 0.0291537598084 -0.145124492481
0.149794035098 0.0331712849619 -0.144882031832
0.149545589766 0.0350679942722 -0.144987374656
0.153162232934 0.0364728928381 -0.145174079463
0.151152275163 0.0357385708449 -0.144349295977
0.156543699649 0.0345097415739 -0.144466230446
0.152565402668 0.0331415605453 -0.145617977571
0.14898421407 0.0312333058441 -0.145372285102
0.148008182554 0.0289002909111 -0.144782338957
0.146897264463 0.0328872068183 -0.14563234125
0.146473782014 0.0343375449226 -0.144789522541
0.146217297811 0.0319071316561 -0.144580581723
0.147022755933 0.0333791128521 -0.145027669126
0.147196860074 0.0306360221811 -0.144179697868
0.147743313855 0.0309551755374 -0.144320239646
0.1479301128 0.0324141708279 -0.143746702377
0.147775681372 0.0306748644317 -0.143860675778
0.14604881796 0.0348420924494 -0.143944284565
0.14595965504 0.0345783130157 -0.144302244673
0.145113097551 0.0353499471263 -0.144088142787
0.142866258555 0.0405306279516 -0.144047044241
0.140093018806 0.0530855721493 -0.144701287567
0.139537730856 0.0572294232047 -0.144626128826
0.137715169068 0.0736226118387 -0.145382197708
0.135426908886 0.0864297116245 -0.145443836828
0.134218977382 0.0917050105745 -0.14598342219
0.133284430503 0.101386737945 -0.144983142083
0.133615568687 0.104396570932 -0.144961683109
0.137922629414 0.103478258539 -0.14426681458
0.134702499769 0.10904640652 -0.144345219935
0.130631357609 0.108455290249 -0.143790812262
0.132320871032 0.106108902348 -0.143863134223
0.130489987346 0.102316865527 -0.144103733696
0.131389164865 0.099623969251 -0.143963999617
0.131368937906 0.0992875633576 -0.144618437667
0.131856373018 0.0985777972609 -0.145046551332
0.131622809384 0.100386733999 -0.14455439233
0.131642059917 0.10088219336 -0.14496898154
0.132477490786 0.106500236339 -0.145216298875
0.13126750458 0.109736616635 -0.145280834378
0.129085609097 0.109839449287 -0.144674609512
0.129680814897 0.108887295976 -0.144733601548
0.128800060994 0.111340394609 -0.144162653386
0.12910440558 0.110791647145 -0.143888622214
0.128193721905 0.112945049977 -0.143785825528
0.128489369127 0.113962741954 -0.143963157541
0.126595222285 0.115841836646 -0.14367383486
0.126667144443 0.115064237623 -0.144030158413
0.126701970469 0.114549219913 -0.144050735446
0.125932467755 0.1168668729 -0.144781910692
0.126143540461 0.121142713409 -0.145155685057
0.126461355337 0.12886092228 -0.145394368436
0.125613576698 0.132996274485 -0.14523739173
0.124010812765 0.131990549302 -0.144673586918
0.126067965479 0.143327709552 -0.144682694983
0.125001102108 0.147217362002 -0.14496657247
0.125751841107 0.157123533815 -0.144500664923
0.12531047096 0.157670842394 -0.144317758294
0.125978617785 0.165783185086 -0.144856166374
0.124835319639 0.163091458462 -0.144169188985
0.122955226082 0.159364349434 -0.144810558942
0.124683544826 0.169338762443 -0.144217398526
0.124346125814 0.16894399395 -0.1449363871
0.126996843131 0.178264793583 -0.144256360544
0.126850961304 0.176884875176 -0.143892768297
0.129248881559 0.178630096487 -0.14400926297
0.129309549347 0.18293646326 -0.144171534026
0.129542350868 0.183853139493 -0.143813489773

